<?xml version="1.0" encoding="UTF-8"?>
<testsuites name="08 Inden Kerja - CEK - Perak" time="956" tests="9" failures="0" errors="0">
   <testsuite name="08 Inden Kerja - CEK - Perak" tests="9" failures="0" errors="0" time="956" timestamp="2019-04-09 13:18:01" hostname="Consultant_MSPHitect - DESKTOP-V9TS2EM" id="Test Suites/Perolehan/08 Inden Kerja - CEK - Perak">
      <properties>
         <property name="deviceName" value=""/>
         <property name="devicePlatform" value=""/>
         <property name="logFolder" value="C:\\Users\\Consultant_MSPHitect\\Katalon Studio\\TrainingonKatalon\\Reports\\Perolehan\\08 Inden Kerja - CEK - Perak\\20190409_122752"/>
         <property name="logFiles" value="C:\\Users\\Consultant_MSPHitect\\Katalon Studio\\TrainingonKatalon\\Reports\\Perolehan\\08 Inden Kerja - CEK - Perak\\20190409_122752\\execution0.log"/>
         <property name="attachments" value="C:\\Users\\Consultant_MSPHitect\\Katalon Studio\\TrainingonKatalon\\Reports\\Perolehan\\08 Inden Kerja - CEK - Perak\\20190409_122752\\1554787242315.png, C:\\Users\\Consultant_MSPHitect\\Katalon Studio\\TrainingonKatalon\\Reports\\Perolehan\\08 Inden Kerja - CEK - Perak\\20190409_122752\\1554787504492.png, C:\\Users\\Consultant_MSPHitect\\Katalon Studio\\TrainingonKatalon\\Reports\\Perolehan\\08 Inden Kerja - CEK - Perak\\20190409_122752\\1554787624267.png, C:\\Users\\Consultant_MSPHitect\\Katalon Studio\\TrainingonKatalon\\Reports\\Perolehan\\08 Inden Kerja - CEK - Perak\\20190409_122752\\1554787708538.png, C:\\Users\\Consultant_MSPHitect\\Katalon Studio\\TrainingonKatalon\\Reports\\Perolehan\\08 Inden Kerja - CEK - Perak\\20190409_122752\\1554787830031.png, C:\\Users\\Consultant_MSPHitect\\Katalon Studio\\TrainingonKatalon\\Reports\\Perolehan\\08 Inden Kerja - CEK - Perak\\20190409_122752\\1554787946792.png, C:\\Users\\Consultant_MSPHitect\\Katalon Studio\\TrainingonKatalon\\Reports\\Perolehan\\08 Inden Kerja - CEK - Perak\\20190409_122752\\1554788034123.png"/>
         <property name="hostName" value="Consultant_MSPHitect - DESKTOP-V9TS2EM"/>
         <property name="os" value="Windows 10 64bit"/>
         <property name="katalonVersion" value="6.1.0.1"/>
         <property name="browser" value="Chrome 73.0.3683.103"/>
         <property name="hostAddress" value="192.168.182.160"/>
         <property name="sessionId" value="442e1c346634dd0d1c2fcc63d4999cea"/>
         <property name="seleniumVersion" value="3.7.1"/>
         <property name="proxyInformation" value="ProxyInformation{proxyOption=NO_PROXY, proxyServerType=HTTP, password=, proxyServerAddress=, proxyServerPort=0}"/>
         <property name="platform" value="Windows 10"/>
      </properties>
      <testcase name="Test Cases/Perolehan/002 Rekod Baru oleh Penyedia/010 Inden Kerja - CEK" classname="Test Cases/Perolehan/002 Rekod Baru oleh Penyedia/010 Inden Kerja - CEK" status="PASSED">
         <system-out><![CDATA[2019-04-09 13:18:01 - [TEST_CASE][PASSED] - Test Cases/Perolehan/002 Rekod Baru oleh Penyedia/010 Inden Kerja - CEK: Test Cases/Perolehan/002 Rekod Baru oleh Penyedia/010 Inden Kerja - CEK

2019-04-09 13:18:02 - [TEST_STEP][PASSED] - callTestCase(findTestCase("Perolehan/001 Left Menu Selection/Select Menu Pesanan Tempatan"), [:], STOP_ON_FAILURE): Call Test Case 'Test Cases/Perolehan/001 Left Menu Selection/Select Menu Pesanan Tempatan' successfully

2019-04-09 13:18:02 - [TEST_CASE][PASSED] - Test Cases/Perolehan/001 Left Menu Selection/Select Menu Pesanan Tempatan: Test Cases/Perolehan/001 Left Menu Selection/Select Menu Pesanan Tempatan

2019-04-09 13:18:02 - [TEST_STEP][PASSED] - openBrowser(""): Browser is opened with url: ''

2019-04-09 13:18:03 - [MESSAGE][INFO] - Starting 'Chrome' driver

2019-04-09 13:18:03 - [MESSAGE][INFO] - Action delay is set to 0 seconds

2019-04-09 13:18:06 - [MESSAGE][PASSED] - Browser is opened with url: ''

2019-04-09 13:18:06 - [TEST_STEP][PASSED] - navigateToUrl(URL_Homepage): Navigate to 'https://175.143.52.101:7011/1SPEKSv2/' successfully

2019-04-09 13:18:07 - [MESSAGE][PASSED] - Navigate to 'https://175.143.52.101:7011/1SPEKSv2/' successfully

2019-04-09 13:18:07 - [TEST_STEP][PASSED] - setText(findTestObject("Login/input_NoKadPengenalan"), PenyediaPTJ): Text '601101955194' is set on object 'Object Repository/Login/input_NoKadPengenalan'

2019-04-09 13:18:07 - [MESSAGE][PASSED] - Text '601101955194' is set on object 'Object Repository/Login/input_NoKadPengenalan'

2019-04-09 13:18:07 - [TEST_STEP][PASSED] - setEncryptedText(findTestObject("Login/input_Password"), findTestData("ispekstestdata").getValue(2, 4)): Text ****** has been set on object 'Object Repository/Login/input_Password'

2019-04-09 13:18:08 - [MESSAGE][PASSED] - Text ****** has been set on object 'Object Repository/Login/input_Password'

2019-04-09 13:18:08 - [TEST_STEP][PASSED] - click(findTestObject("Login/input_ButtonLogMasuk")): Object: 'Object Repository/Login/input_ButtonLogMasuk' is clicked on

2019-04-09 13:18:14 - [MESSAGE][PASSED] - Object: 'Object Repository/Login/input_ButtonLogMasuk' is clicked on

2019-04-09 13:18:14 - [TEST_STEP][PASSED] - delay(5): Delayed 5 second(s)

2019-04-09 13:18:19 - [MESSAGE][PASSED] - Delayed 5 second(s)

2019-04-09 13:18:19 - [TEST_STEP][PASSED] - click(findTestObject("Perolehan/TukarPeranan/IconTukarPeranan")): Object: 'Object Repository/Perolehan/TukarPeranan/IconTukarPeranan' is clicked on

2019-04-09 13:18:20 - [MESSAGE][PASSED] - Object: 'Object Repository/Perolehan/TukarPeranan/IconTukarPeranan' is clicked on

2019-04-09 13:18:20 - [TEST_STEP][PASSED] - click(findTestObject("Perolehan/TukarPeranan/input_TukarPeranan", ["value":RBPenyediaPTJ])): Object: 'Object Repository/Perolehan/TukarPeranan/input_TukarPeranan' is clicked on

2019-04-09 13:18:20 - [MESSAGE][PASSED] - Object: 'Object Repository/Perolehan/TukarPeranan/input_TukarPeranan' is clicked on

2019-04-09 13:18:20 - [TEST_STEP][PASSED] - click(findTestObject("Perolehan/TukarPeranan/button_Ya")): Object: 'Object Repository/Perolehan/TukarPeranan/button_Ya' is clicked on

2019-04-09 13:18:20 - [MESSAGE][PASSED] - Object: 'Object Repository/Perolehan/TukarPeranan/button_Ya' is clicked on

2019-04-09 13:18:20 - [TEST_STEP][PASSED] - delay(20): Delayed 20 second(s)

2019-04-09 13:18:40 - [MESSAGE][PASSED] - Delayed 20 second(s)

2019-04-09 13:18:40 - [TEST_STEP][PASSED] - verifyTextPresent("Peranan : [Penyedia] Peringkat : [PTJ]", false): Text 'Peranan : [Penyedia] Peringkat : [PTJ]' is present on page 

2019-04-09 13:18:43 - [MESSAGE][PASSED] - Text 'Peranan : [Penyedia] Peringkat : [PTJ]' is present on page 

2019-04-09 13:18:43 - [TEST_STEP][PASSED] - click(findTestObject("Perolehan/001 Left_Menu_Selection/a_ExpandMenuonLeft")): Object: 'Object Repository/Perolehan/001 Left_Menu_Selection/a_ExpandMenuonLeft' is clicked on

2019-04-09 13:18:43 - [MESSAGE][PASSED] - Object: 'Object Repository/Perolehan/001 Left_Menu_Selection/a_ExpandMenuonLeft' is clicked on

2019-04-09 13:18:43 - [TEST_STEP][PASSED] - delay(3, STOP_ON_FAILURE): Delayed 3 second(s)

2019-04-09 13:18:46 - [MESSAGE][PASSED] - Delayed 3 second(s)

2019-04-09 13:18:46 - [TEST_STEP][PASSED] - click(findTestObject("Perolehan/001 Left_Menu_Selection/div_PanelTitlePerolehan")): Object: 'Object Repository/Perolehan/001 Left_Menu_Selection/div_PanelTitlePerolehan' is clicked on

2019-04-09 13:18:46 - [MESSAGE][PASSED] - Object: 'Object Repository/Perolehan/001 Left_Menu_Selection/div_PanelTitlePerolehan' is clicked on

2019-04-09 13:18:46 - [TEST_STEP][PASSED] - delay(3, STOP_ON_FAILURE): Delayed 3 second(s)

2019-04-09 13:18:49 - [MESSAGE][PASSED] - Delayed 3 second(s)

2019-04-09 13:18:49 - [TEST_STEP][PASSED] - click(findTestObject("Perolehan/001 Left_Menu_Selection/div_PesananTempatan")): Object: 'Object Repository/Perolehan/001 Left_Menu_Selection/div_PesananTempatan' is clicked on

2019-04-09 13:18:49 - [MESSAGE][PASSED] - Object: 'Object Repository/Perolehan/001 Left_Menu_Selection/div_PesananTempatan' is clicked on

2019-04-09 13:18:49 - [TEST_STEP][PASSED] - delay(3): Delayed 3 second(s)

2019-04-09 13:18:52 - [MESSAGE][PASSED] - Delayed 3 second(s)

2019-04-09 13:18:52 - [MESSAGE][PASSED] - Call Test Case 'Test Cases/Perolehan/001 Left Menu Selection/Select Menu Pesanan Tempatan' successfully

2019-04-09 13:18:52 - [TEST_STEP][PASSED] - delay(8): Delayed 8 second(s)

2019-04-09 13:19:00 - [MESSAGE][PASSED] - Delayed 8 second(s)

2019-04-09 13:19:00 - [TEST_STEP][PASSED] - click(findTestObject("Perolehan/002 Penyedia_RekodBaru/005 Rekod Baru Inden Kerja/button_Rekod_Baru")): Object: 'Object Repository/Perolehan/002 Penyedia_RekodBaru/005 Rekod Baru Inden Kerja/button_Rekod_Baru' is clicked on

2019-04-09 13:19:00 - [MESSAGE][PASSED] - Object: 'Object Repository/Perolehan/002 Penyedia_RekodBaru/005 Rekod Baru Inden Kerja/button_Rekod_Baru' is clicked on

2019-04-09 13:19:00 - [TEST_STEP][PASSED] - delay(3): Delayed 3 second(s)

2019-04-09 13:19:03 - [MESSAGE][PASSED] - Delayed 3 second(s)

2019-04-09 13:19:03 - [TEST_STEP][PASSED] - click(findTestObject("Perolehan/002 Penyedia_RekodBaru/005 Rekod Baru Inden Kerja/Drop_down_Jenis_Urusniaga")): Object: 'Object Repository/Perolehan/002 Penyedia_RekodBaru/005 Rekod Baru Inden Kerja/Drop_down_Jenis_Urusniaga' is clicked on

2019-04-09 13:19:04 - [MESSAGE][PASSED] - Object: 'Object Repository/Perolehan/002 Penyedia_RekodBaru/005 Rekod Baru Inden Kerja/Drop_down_Jenis_Urusniaga' is clicked on

2019-04-09 13:19:04 - [TEST_STEP][PASSED] - delay(2): Delayed 2 second(s)

2019-04-09 13:19:06 - [MESSAGE][PASSED] - Delayed 2 second(s)

2019-04-09 13:19:06 - [TEST_STEP][PASSED] - mydate = new java.util.Date(): null

2019-04-09 13:19:06 - [TEST_STEP][PASSED] - click(findTestObject("Perolehan/002 Penyedia_RekodBaru/005 Rekod Baru Inden Kerja/select_INDEN KERJA AUTO")): Object: 'Object Repository/Perolehan/002 Penyedia_RekodBaru/005 Rekod Baru Inden Kerja/select_INDEN KERJA AUTO' is clicked on

2019-04-09 13:19:06 - [MESSAGE][PASSED] - Object: 'Object Repository/Perolehan/002 Penyedia_RekodBaru/005 Rekod Baru Inden Kerja/select_INDEN KERJA AUTO' is clicked on

2019-04-09 13:19:06 - [TEST_STEP][PASSED] - click(findTestObject("Perolehan/002 Penyedia_RekodBaru/005 Rekod Baru Inden Kerja/Drop_down_Pembekal")): Object: 'Object Repository/Perolehan/002 Penyedia_RekodBaru/005 Rekod Baru Inden Kerja/Drop_down_Pembekal' is clicked on

2019-04-09 13:19:06 - [MESSAGE][PASSED] - Object: 'Object Repository/Perolehan/002 Penyedia_RekodBaru/005 Rekod Baru Inden Kerja/Drop_down_Pembekal' is clicked on

2019-04-09 13:19:06 - [TEST_STEP][PASSED] - setText(findTestObject("Perolehan/002 Penyedia_RekodBaru/007 Rekod Baru Pesanan Tempatan/input_kod_pembekal"), kod_pembekal_cek): Text 'Z0807BK44959' is set on object 'Object Repository/Perolehan/002 Penyedia_RekodBaru/007 Rekod Baru Pesanan Tempatan/input_kod_pembekal'

2019-04-09 13:19:06 - [MESSAGE][PASSED] - Text 'Z0807BK44959' is set on object 'Object Repository/Perolehan/002 Penyedia_RekodBaru/007 Rekod Baru Pesanan Tempatan/input_kod_pembekal'

2019-04-09 13:19:06 - [TEST_STEP][PASSED] - delay(0): Delayed 0 second(s)

2019-04-09 13:19:06 - [MESSAGE][PASSED] - Delayed 0 second(s)

2019-04-09 13:19:06 - [TEST_STEP][PASSED] - click(findTestObject("Perolehan/002 Penyedia_RekodBaru/001 Rekod Baru Pesanan Tempatan/Select_Pembekal", ["text":kod_pembekal_cek])): Object: 'Object Repository/Perolehan/002 Penyedia_RekodBaru/001 Rekod Baru Pesanan Tempatan/Select_Pembekal' is clicked on

2019-04-09 13:19:07 - [MESSAGE][PASSED] - Object: 'Object Repository/Perolehan/002 Penyedia_RekodBaru/001 Rekod Baru Pesanan Tempatan/Select_Pembekal' is clicked on

2019-04-09 13:19:07 - [TEST_STEP][PASSED] - click(findTestObject("Perolehan/002 Penyedia_RekodBaru/005 Rekod Baru Inden Kerja/Date_Picker_Sila_Bekalkan")): Object: 'Object Repository/Perolehan/002 Penyedia_RekodBaru/005 Rekod Baru Inden Kerja/Date_Picker_Sila_Bekalkan' is clicked on

2019-04-09 13:19:08 - [MESSAGE][PASSED] - Object: 'Object Repository/Perolehan/002 Penyedia_RekodBaru/005 Rekod Baru Inden Kerja/Date_Picker_Sila_Bekalkan' is clicked on

2019-04-09 13:19:08 - [TEST_STEP][PASSED] - delay(3): Delayed 3 second(s)

2019-04-09 13:19:11 - [MESSAGE][PASSED] - Delayed 3 second(s)

2019-04-09 13:19:11 - [TEST_STEP][PASSED] - click(findTestObject("Perolehan/002 Penyedia_RekodBaru/005 Rekod Baru Inden Kerja/Date_Picker_Next_month")): Object: 'Object Repository/Perolehan/002 Penyedia_RekodBaru/005 Rekod Baru Inden Kerja/Date_Picker_Next_month' is clicked on

2019-04-09 13:19:11 - [MESSAGE][PASSED] - Object: 'Object Repository/Perolehan/002 Penyedia_RekodBaru/005 Rekod Baru Inden Kerja/Date_Picker_Next_month' is clicked on

2019-04-09 13:19:11 - [TEST_STEP][PASSED] - click(findTestObject("Perolehan/002 Penyedia_RekodBaru/005 Rekod Baru Inden Kerja/Date_Picker_Select_date_26th")): Object: 'Object Repository/Perolehan/002 Penyedia_RekodBaru/005 Rekod Baru Inden Kerja/Date_Picker_Select_date_26th' is clicked on

2019-04-09 13:19:11 - [MESSAGE][PASSED] - Object: 'Object Repository/Perolehan/002 Penyedia_RekodBaru/005 Rekod Baru Inden Kerja/Date_Picker_Select_date_26th' is clicked on

2019-04-09 13:19:11 - [TEST_STEP][PASSED] - setText(findTestObject("Perolehan/002 Penyedia_RekodBaru/005 Rekod Baru Inden Kerja/input_no_tanggungan"), "1"): Text '1' is set on object 'Object Repository/Perolehan/002 Penyedia_RekodBaru/005 Rekod Baru Inden Kerja/input_no_tanggungan'

2019-04-09 13:19:11 - [MESSAGE][PASSED] - Text '1' is set on object 'Object Repository/Perolehan/002 Penyedia_RekodBaru/005 Rekod Baru Inden Kerja/input_no_tanggungan'

2019-04-09 13:19:11 - [TEST_STEP][PASSED] - setText(findTestObject("Perolehan/002 Penyedia_RekodBaru/005 Rekod Baru Inden Kerja/input_amaun_tanggungan"), "100"): Text '100' is set on object 'Object Repository/Perolehan/002 Penyedia_RekodBaru/005 Rekod Baru Inden Kerja/input_amaun_tanggungan'

2019-04-09 13:19:11 - [MESSAGE][PASSED] - Text '100' is set on object 'Object Repository/Perolehan/002 Penyedia_RekodBaru/005 Rekod Baru Inden Kerja/input_amaun_tanggungan'

2019-04-09 13:19:11 - [TEST_STEP][PASSED] - setText(findTestObject("Perolehan/002 Penyedia_RekodBaru/005 Rekod Baru Inden Kerja/input_ringkasan_kerja"), "ringkasan kerja untuk inden kerja"): Text 'ringkasan kerja untuk inden kerja' is set on object 'Object Repository/Perolehan/002 Penyedia_RekodBaru/005 Rekod Baru Inden Kerja/input_ringkasan_kerja'

2019-04-09 13:19:11 - [MESSAGE][PASSED] - Text 'ringkasan kerja untuk inden kerja' is set on object 'Object Repository/Perolehan/002 Penyedia_RekodBaru/005 Rekod Baru Inden Kerja/input_ringkasan_kerja'

2019-04-09 13:19:11 - [TEST_STEP][PASSED] - RN = Math.random() * 100000: null

2019-04-09 13:19:11 - [TEST_STEP][PASSED] - setText(findTestObject("Perolehan/002 Penyedia_RekodBaru/005 Rekod Baru Inden Kerja/input_rujukan_fail"), "IK000" + RN): Text 'IK00019643' is set on object 'Object Repository/Perolehan/002 Penyedia_RekodBaru/005 Rekod Baru Inden Kerja/input_rujukan_fail'

2019-04-09 13:19:11 - [MESSAGE][PASSED] - Text 'IK00019643' is set on object 'Object Repository/Perolehan/002 Penyedia_RekodBaru/005 Rekod Baru Inden Kerja/input_rujukan_fail'

2019-04-09 13:19:11 - [TEST_STEP][PASSED] - IKno_rujukan = "IK00" + RN: null

2019-04-09 13:19:11 - [TEST_STEP][PASSED] - println(IKno_rujukan): null

2019-04-09 13:19:11 - [TEST_STEP][PASSED] - setText(findTestObject("Perolehan/002 Penyedia_RekodBaru/005 Rekod Baru Inden Kerja/input_kerja_terperinci"), "kerja terperinci " + mydate): Text 'kerja terperinci Tue Apr 09 13:19:06 SGT 2019' is set on object 'Object Repository/Perolehan/002 Penyedia_RekodBaru/005 Rekod Baru Inden Kerja/input_kerja_terperinci'

2019-04-09 13:19:11 - [MESSAGE][PASSED] - Text 'kerja terperinci Tue Apr 09 13:19:06 SGT 2019' is set on object 'Object Repository/Perolehan/002 Penyedia_RekodBaru/005 Rekod Baru Inden Kerja/input_kerja_terperinci'

2019-04-09 13:19:11 - [TEST_STEP][PASSED] - setText(findTestObject("Perolehan/002 Penyedia_RekodBaru/005 Rekod Baru Inden Kerja/input_Perihal"), "test here " + mydate): Text 'test here Tue Apr 09 13:19:06 SGT 2019' is set on object 'Object Repository/Perolehan/002 Penyedia_RekodBaru/005 Rekod Baru Inden Kerja/input_Perihal'

2019-04-09 13:19:12 - [MESSAGE][PASSED] - Text 'test here Tue Apr 09 13:19:06 SGT 2019' is set on object 'Object Repository/Perolehan/002 Penyedia_RekodBaru/005 Rekod Baru Inden Kerja/input_Perihal'

2019-04-09 13:19:12 - [TEST_STEP][PASSED] - click(findTestObject("Perolehan/002 Penyedia_RekodBaru/005 Rekod Baru Inden Kerja/tambah_maklumat_terperinci")): Object: 'Object Repository/Perolehan/002 Penyedia_RekodBaru/005 Rekod Baru Inden Kerja/tambah_maklumat_terperinci' is clicked on

2019-04-09 13:19:12 - [MESSAGE][PASSED] - Object: 'Object Repository/Perolehan/002 Penyedia_RekodBaru/005 Rekod Baru Inden Kerja/tambah_maklumat_terperinci' is clicked on

2019-04-09 13:19:12 - [TEST_STEP][PASSED] - delay(3): Delayed 3 second(s)

2019-04-09 13:19:15 - [MESSAGE][PASSED] - Delayed 3 second(s)

2019-04-09 13:19:15 - [TEST_STEP][PASSED] - click(findTestObject("Perolehan/002 Penyedia_RekodBaru/001 Rekod Baru Pesanan Tempatan/Drop_down_Vot_Dana")): Object: 'Object Repository/Perolehan/002 Penyedia_RekodBaru/001 Rekod Baru Pesanan Tempatan/Drop_down_Vot_Dana' is clicked on

2019-04-09 13:19:15 - [MESSAGE][PASSED] - Object: 'Object Repository/Perolehan/002 Penyedia_RekodBaru/001 Rekod Baru Pesanan Tempatan/Drop_down_Vot_Dana' is clicked on

2019-04-09 13:19:15 - [TEST_STEP][PASSED] - delay(3): Delayed 3 second(s)

2019-04-09 13:19:18 - [MESSAGE][PASSED] - Delayed 3 second(s)

2019-04-09 13:19:18 - [TEST_STEP][PASSED] - setText(findTestObject("Perolehan/002 Penyedia_RekodBaru/007 Rekod Baru Pesanan Tempatan/Input_Vot_Dana"), Vot_dana): Text 'B31' is set on object 'Object Repository/Perolehan/002 Penyedia_RekodBaru/007 Rekod Baru Pesanan Tempatan/Input_Vot_Dana'

2019-04-09 13:19:18 - [MESSAGE][PASSED] - Text 'B31' is set on object 'Object Repository/Perolehan/002 Penyedia_RekodBaru/007 Rekod Baru Pesanan Tempatan/Input_Vot_Dana'

2019-04-09 13:19:18 - [TEST_STEP][PASSED] - click(findTestObject("Perolehan/002 Penyedia_RekodBaru/001 Rekod Baru Pesanan Tempatan/Select_Vot_Dana", ["text":Vot_dana])): Object: 'Object Repository/Perolehan/002 Penyedia_RekodBaru/001 Rekod Baru Pesanan Tempatan/Select_Vot_Dana' is clicked on

2019-04-09 13:19:18 - [MESSAGE][PASSED] - Object: 'Object Repository/Perolehan/002 Penyedia_RekodBaru/001 Rekod Baru Pesanan Tempatan/Select_Vot_Dana' is clicked on

2019-04-09 13:19:18 - [TEST_STEP][PASSED] - delay(3): Delayed 3 second(s)

2019-04-09 13:19:21 - [MESSAGE][PASSED] - Delayed 3 second(s)

2019-04-09 13:19:21 - [TEST_STEP][PASSED] - click(findTestObject("Perolehan/002 Penyedia_RekodBaru/001 Rekod Baru Pesanan Tempatan/Drop_down_Program_Aktiviti")): Object: 'Object Repository/Perolehan/002 Penyedia_RekodBaru/001 Rekod Baru Pesanan Tempatan/Drop_down_Program_Aktiviti' is clicked on

2019-04-09 13:19:21 - [MESSAGE][PASSED] - Object: 'Object Repository/Perolehan/002 Penyedia_RekodBaru/001 Rekod Baru Pesanan Tempatan/Drop_down_Program_Aktiviti' is clicked on

2019-04-09 13:19:21 - [TEST_STEP][PASSED] - setText(findTestObject("Perolehan/002 Penyedia_RekodBaru/007 Rekod Baru Pesanan Tempatan/input_Kod_Program_Aktiviti"), kod_program_aktiviti): Text '160080' is set on object 'Object Repository/Perolehan/002 Penyedia_RekodBaru/007 Rekod Baru Pesanan Tempatan/input_Kod_Program_Aktiviti'

2019-04-09 13:19:22 - [MESSAGE][PASSED] - Text '160080' is set on object 'Object Repository/Perolehan/002 Penyedia_RekodBaru/007 Rekod Baru Pesanan Tempatan/input_Kod_Program_Aktiviti'

2019-04-09 13:19:22 - [TEST_STEP][PASSED] - click(findTestObject("Perolehan/002 Penyedia_RekodBaru/001 Rekod Baru Pesanan Tempatan/Select_Program", ["text":kod_program_aktiviti])): Object: 'Object Repository/Perolehan/002 Penyedia_RekodBaru/001 Rekod Baru Pesanan Tempatan/Select_Program' is clicked on

2019-04-09 13:19:22 - [MESSAGE][PASSED] - Object: 'Object Repository/Perolehan/002 Penyedia_RekodBaru/001 Rekod Baru Pesanan Tempatan/Select_Program' is clicked on

2019-04-09 13:19:22 - [TEST_STEP][PASSED] - delay(3): Delayed 3 second(s)

2019-04-09 13:19:25 - [MESSAGE][PASSED] - Delayed 3 second(s)

2019-04-09 13:19:25 - [TEST_STEP][PASSED] - click(findTestObject("Perolehan/002 Penyedia_RekodBaru/001 Rekod Baru Pesanan Tempatan/Drop_down_Kod_Akaun")): Object: 'Object Repository/Perolehan/002 Penyedia_RekodBaru/001 Rekod Baru Pesanan Tempatan/Drop_down_Kod_Akaun' is clicked on

2019-04-09 13:19:25 - [MESSAGE][PASSED] - Object: 'Object Repository/Perolehan/002 Penyedia_RekodBaru/001 Rekod Baru Pesanan Tempatan/Drop_down_Kod_Akaun' is clicked on

2019-04-09 13:19:25 - [TEST_STEP][PASSED] - delay(3): Delayed 3 second(s)

2019-04-09 13:19:28 - [MESSAGE][PASSED] - Delayed 3 second(s)

2019-04-09 13:19:28 - [TEST_STEP][PASSED] - setText(findTestObject("Perolehan/002 Penyedia_RekodBaru/007 Rekod Baru Pesanan Tempatan/input_kod_Akaun"), kod_akaun_cek): Text 'B0227102' is set on object 'Object Repository/Perolehan/002 Penyedia_RekodBaru/007 Rekod Baru Pesanan Tempatan/input_kod_Akaun'

2019-04-09 13:19:28 - [MESSAGE][PASSED] - Text 'B0227102' is set on object 'Object Repository/Perolehan/002 Penyedia_RekodBaru/007 Rekod Baru Pesanan Tempatan/input_kod_Akaun'

2019-04-09 13:19:28 - [TEST_STEP][PASSED] - delay(3): Delayed 3 second(s)

2019-04-09 13:19:31 - [MESSAGE][PASSED] - Delayed 3 second(s)

2019-04-09 13:19:31 - [TEST_STEP][PASSED] - click(findTestObject("Perolehan/002 Penyedia_RekodBaru/001 Rekod Baru Pesanan Tempatan/Select_Kod_Akaun", ["text":kod_akaun_cek])): Object: 'Object Repository/Perolehan/002 Penyedia_RekodBaru/001 Rekod Baru Pesanan Tempatan/Select_Kod_Akaun' is clicked on

2019-04-09 13:19:31 - [MESSAGE][PASSED] - Object: 'Object Repository/Perolehan/002 Penyedia_RekodBaru/001 Rekod Baru Pesanan Tempatan/Select_Kod_Akaun' is clicked on

2019-04-09 13:19:31 - [TEST_STEP][PASSED] - setText(findTestObject("Perolehan/002 Penyedia_RekodBaru/005 Rekod Baru Inden Kerja/input_kuantiti"), "4"): Text '4' is set on object 'Object Repository/Perolehan/002 Penyedia_RekodBaru/005 Rekod Baru Inden Kerja/input_kuantiti'

2019-04-09 13:19:31 - [MESSAGE][PASSED] - Text '4' is set on object 'Object Repository/Perolehan/002 Penyedia_RekodBaru/005 Rekod Baru Inden Kerja/input_kuantiti'

2019-04-09 13:19:31 - [TEST_STEP][PASSED] - setText(findTestObject("Perolehan/002 Penyedia_RekodBaru/005 Rekod Baru Inden Kerja/input_harga_seunit"), "1.58"): Text '1.58' is set on object 'Object Repository/Perolehan/002 Penyedia_RekodBaru/005 Rekod Baru Inden Kerja/input_harga_seunit'

2019-04-09 13:19:32 - [MESSAGE][PASSED] - Text '1.58' is set on object 'Object Repository/Perolehan/002 Penyedia_RekodBaru/005 Rekod Baru Inden Kerja/input_harga_seunit'

2019-04-09 13:19:32 - [TEST_STEP][PASSED] - click(findTestObject("Perolehan/002 Penyedia_RekodBaru/005 Rekod Baru Inden Kerja/button_simpan_maklumat_terperinci")): Object: 'Object Repository/Perolehan/002 Penyedia_RekodBaru/005 Rekod Baru Inden Kerja/button_simpan_maklumat_terperinci' is clicked on

2019-04-09 13:19:32 - [MESSAGE][PASSED] - Object: 'Object Repository/Perolehan/002 Penyedia_RekodBaru/005 Rekod Baru Inden Kerja/button_simpan_maklumat_terperinci' is clicked on

2019-04-09 13:19:32 - [TEST_STEP][PASSED] - delay(3): Delayed 3 second(s)

2019-04-09 13:19:35 - [MESSAGE][PASSED] - Delayed 3 second(s)

2019-04-09 13:19:35 - [TEST_STEP][PASSED] - click(findTestObject("Perolehan/002 Penyedia_RekodBaru/005 Rekod Baru Inden Kerja/button_OK_peruntukan_mencukupi")): Object: 'Object Repository/Perolehan/002 Penyedia_RekodBaru/005 Rekod Baru Inden Kerja/button_OK_peruntukan_mencukupi' is clicked on

2019-04-09 13:19:35 - [MESSAGE][PASSED] - Object: 'Object Repository/Perolehan/002 Penyedia_RekodBaru/005 Rekod Baru Inden Kerja/button_OK_peruntukan_mencukupi' is clicked on

2019-04-09 13:19:35 - [TEST_STEP][PASSED] - delay(3): Delayed 3 second(s)

2019-04-09 13:19:38 - [MESSAGE][PASSED] - Delayed 3 second(s)

2019-04-09 13:19:38 - [TEST_STEP][PASSED] - click(findTestObject("Perolehan/002 Penyedia_RekodBaru/005 Rekod Baru Inden Kerja/button_Simpan")): Object: 'Object Repository/Perolehan/002 Penyedia_RekodBaru/005 Rekod Baru Inden Kerja/button_Simpan' is clicked on

2019-04-09 13:19:38 - [MESSAGE][PASSED] - Object: 'Object Repository/Perolehan/002 Penyedia_RekodBaru/005 Rekod Baru Inden Kerja/button_Simpan' is clicked on

2019-04-09 13:19:38 - [TEST_STEP][PASSED] - delay(3): Delayed 3 second(s)

2019-04-09 13:19:41 - [MESSAGE][PASSED] - Delayed 3 second(s)

2019-04-09 13:19:41 - [TEST_STEP][PASSED] - click(findTestObject("Perolehan/002 Penyedia_RekodBaru/005 Rekod Baru Inden Kerja/button_OK_rekod_berjaya_disimpan")): Object: 'Object Repository/Perolehan/002 Penyedia_RekodBaru/005 Rekod Baru Inden Kerja/button_OK_rekod_berjaya_disimpan' is clicked on

2019-04-09 13:20:32 - [MESSAGE][PASSED] - Object: 'Object Repository/Perolehan/002 Penyedia_RekodBaru/005 Rekod Baru Inden Kerja/button_OK_rekod_berjaya_disimpan' is clicked on

2019-04-09 13:20:32 - [TEST_STEP][PASSED] - click(findTestObject("Perolehan/002 Penyedia_RekodBaru/005 Rekod Baru Inden Kerja/button_Senarai_Semak")): Object: 'Object Repository/Perolehan/002 Penyedia_RekodBaru/005 Rekod Baru Inden Kerja/button_Senarai_Semak' is clicked on

2019-04-09 13:20:32 - [MESSAGE][PASSED] - Object: 'Object Repository/Perolehan/002 Penyedia_RekodBaru/005 Rekod Baru Inden Kerja/button_Senarai_Semak' is clicked on

2019-04-09 13:20:32 - [TEST_STEP][PASSED] - delay(3): Delayed 3 second(s)

2019-04-09 13:20:35 - [MESSAGE][PASSED] - Delayed 3 second(s)

2019-04-09 13:20:35 - [TEST_STEP][PASSED] - check(findTestObject("Perolehan/002 Penyedia_RekodBaru/005 Rekod Baru Inden Kerja/senarai_semak1")): Object 'Object Repository/Perolehan/002 Penyedia_RekodBaru/005 Rekod Baru Inden Kerja/senarai_semak1' is checked

2019-04-09 13:20:35 - [MESSAGE][PASSED] - Object 'Object Repository/Perolehan/002 Penyedia_RekodBaru/005 Rekod Baru Inden Kerja/senarai_semak1' is checked

2019-04-09 13:20:35 - [TEST_STEP][PASSED] - check(findTestObject("Perolehan/002 Penyedia_RekodBaru/005 Rekod Baru Inden Kerja/senarai_semak2")): Object 'Object Repository/Perolehan/002 Penyedia_RekodBaru/005 Rekod Baru Inden Kerja/senarai_semak2' is checked

2019-04-09 13:20:36 - [MESSAGE][PASSED] - Object 'Object Repository/Perolehan/002 Penyedia_RekodBaru/005 Rekod Baru Inden Kerja/senarai_semak2' is checked

2019-04-09 13:20:36 - [TEST_STEP][PASSED] - check(findTestObject("Perolehan/002 Penyedia_RekodBaru/005 Rekod Baru Inden Kerja/senarai_semak3")): Object 'Object Repository/Perolehan/002 Penyedia_RekodBaru/005 Rekod Baru Inden Kerja/senarai_semak3' is checked

2019-04-09 13:20:36 - [MESSAGE][PASSED] - Object 'Object Repository/Perolehan/002 Penyedia_RekodBaru/005 Rekod Baru Inden Kerja/senarai_semak3' is checked

2019-04-09 13:20:36 - [TEST_STEP][PASSED] - click(findTestObject("Perolehan/002 Penyedia_RekodBaru/005 Rekod Baru Inden Kerja/button_simpan_senarai_semak")): Object: 'Object Repository/Perolehan/002 Penyedia_RekodBaru/005 Rekod Baru Inden Kerja/button_simpan_senarai_semak' is clicked on

2019-04-09 13:20:36 - [MESSAGE][PASSED] - Object: 'Object Repository/Perolehan/002 Penyedia_RekodBaru/005 Rekod Baru Inden Kerja/button_simpan_senarai_semak' is clicked on

2019-04-09 13:20:36 - [TEST_STEP][PASSED] - click(findTestObject("Perolehan/002 Penyedia_RekodBaru/005 Rekod Baru Inden Kerja/button_OK_maklumat_berjaya_disimpan")): Object: 'Object Repository/Perolehan/002 Penyedia_RekodBaru/005 Rekod Baru Inden Kerja/button_OK_maklumat_berjaya_disimpan' is clicked on

2019-04-09 13:20:37 - [MESSAGE][PASSED] - Object: 'Object Repository/Perolehan/002 Penyedia_RekodBaru/005 Rekod Baru Inden Kerja/button_OK_maklumat_berjaya_disimpan' is clicked on

2019-04-09 13:20:37 - [TEST_STEP][PASSED] - click(findTestObject("Perolehan/002 Penyedia_RekodBaru/005 Rekod Baru Inden Kerja/button_X_close_senarai_semak")): Object: 'Object Repository/Perolehan/002 Penyedia_RekodBaru/005 Rekod Baru Inden Kerja/button_X_close_senarai_semak' is clicked on

2019-04-09 13:20:37 - [MESSAGE][PASSED] - Object: 'Object Repository/Perolehan/002 Penyedia_RekodBaru/005 Rekod Baru Inden Kerja/button_X_close_senarai_semak' is clicked on

2019-04-09 13:20:37 - [TEST_STEP][PASSED] - Total = getText(findTestObject("Perolehan/002 Penyedia_RekodBaru/0022 Sah_Simpan/TotalAmaunPT")): Text of object 'Object Repository/Perolehan/002 Penyedia_RekodBaru/0022 Sah_Simpan/TotalAmaunPT' is: '6.32'

2019-04-09 13:20:37 - [MESSAGE][PASSED] - Text of object 'Object Repository/Perolehan/002 Penyedia_RekodBaru/0022 Sah_Simpan/TotalAmaunPT' is: '6.32'

2019-04-09 13:20:37 - [TEST_STEP][PASSED] - println(Total): null

2019-04-09 13:20:37 - [TEST_STEP][PASSED] - TotalAmaunPT = Total: null

2019-04-09 13:20:37 - [TEST_STEP][PASSED] - click(findTestObject("Perolehan/002 Penyedia_RekodBaru/005 Rekod Baru Inden Kerja/button_sah_simpan")): Object: 'Object Repository/Perolehan/002 Penyedia_RekodBaru/005 Rekod Baru Inden Kerja/button_sah_simpan' is clicked on

2019-04-09 13:20:37 - [MESSAGE][PASSED] - Object: 'Object Repository/Perolehan/002 Penyedia_RekodBaru/005 Rekod Baru Inden Kerja/button_sah_simpan' is clicked on

2019-04-09 13:20:37 - [TEST_STEP][PASSED] - click(findTestObject("Perolehan/002 Penyedia_RekodBaru/005 Rekod Baru Inden Kerja/button_Ya_Sah_Simpan")): Object: 'Object Repository/Perolehan/002 Penyedia_RekodBaru/005 Rekod Baru Inden Kerja/button_Ya_Sah_Simpan' is clicked on

2019-04-09 13:20:38 - [MESSAGE][PASSED] - Object: 'Object Repository/Perolehan/002 Penyedia_RekodBaru/005 Rekod Baru Inden Kerja/button_Ya_Sah_Simpan' is clicked on

2019-04-09 13:20:38 - [TEST_STEP][PASSED] - PTRekodberjayaID = getText(findTestObject("Perolehan/002 Penyedia_RekodBaru/005 Rekod Baru Inden Kerja/Rekod_berjaya_No_Rekod")): Text of object 'Object Repository/Perolehan/002 Penyedia_RekodBaru/005 Rekod Baru Inden Kerja/Rekod_berjaya_No_Rekod' is: 'Rekod Telah Berjaya Di Sah Simpan. [ NO REKOD :19DAIK030100082 ]
Ok'

2019-04-09 13:20:39 - [MESSAGE][PASSED] - Text of object 'Object Repository/Perolehan/002 Penyedia_RekodBaru/005 Rekod Baru Inden Kerja/Rekod_berjaya_No_Rekod' is: 'Rekod Telah Berjaya Di Sah Simpan. [ NO REKOD :19DAIK030100082 ]
Ok'

2019-04-09 13:20:39 - [TEST_STEP][PASSED] - println(PTRekodberjayaID): null

2019-04-09 13:20:39 - [TEST_STEP][PASSED] - PTRekodID = PTRekodberjayaID[(47..61)]: null

2019-04-09 13:20:39 - [TEST_STEP][PASSED] - println(PTRekodID): null

2019-04-09 13:20:39 - [TEST_STEP][PASSED] - PesananTempatanRekodID = PTRekodID: null

2019-04-09 13:20:39 - [TEST_STEP][PASSED] - delay(3): Delayed 3 second(s)

2019-04-09 13:20:42 - [MESSAGE][PASSED] - Delayed 3 second(s)

2019-04-09 13:20:42 - [TEST_STEP][PASSED] - takeScreenshot(): Taking screenshot successfully

2019-04-09 13:20:42 - [MESSAGE][PASSED] - Taking screenshot successfully
[[ATTACHMENT|C:\\Users\\Consultant_MSPHitect\\Katalon Studio\\TrainingonKatalon\\Reports\\Perolehan\\08 Inden Kerja - CEK - Perak\\20190409_122752\\1554787242315.png]]

2019-04-09 13:20:42 - [TEST_STEP][PASSED] - waitForElementClickable(findTestObject("Perolehan/002 Penyedia_RekodBaru/001 Rekod Baru Pesanan Tempatan/button_OK_Rekod_Berjaya_disimpan"), 300): Object 'Object Repository/Perolehan/002 Penyedia_RekodBaru/001 Rekod Baru Pesanan Tempatan/button_OK_Rekod_Berjaya_disimpan' is clickable

2019-04-09 13:20:42 - [MESSAGE][PASSED] - Object 'Object Repository/Perolehan/002 Penyedia_RekodBaru/001 Rekod Baru Pesanan Tempatan/button_OK_Rekod_Berjaya_disimpan' is clickable

2019-04-09 13:20:42 - [TEST_STEP][PASSED] - element = findWebElement(findTestObject("Perolehan/002 Penyedia_RekodBaru/005 Rekod Baru Inden Kerja/button_OK_berjaya_disah_simpan"), 300): null

2019-04-09 13:20:42 - [TEST_STEP][PASSED] - executeJavaScript("arguments[0].click", Arrays.asList(element)): Execute JavaScript 'arguments[0].click' successfully

2019-04-09 13:20:42 - [MESSAGE][PASSED] - Execute JavaScript 'arguments[0].click' successfully

2019-04-09 13:20:42 - [TEST_STEP][PASSED] - click(findTestObject("Perolehan/002 Penyedia_RekodBaru/005 Rekod Baru Inden Kerja/button_OK_berjaya_disah_simpan")): Object: 'Object Repository/Perolehan/002 Penyedia_RekodBaru/005 Rekod Baru Inden Kerja/button_OK_berjaya_disah_simpan' is clicked on

2019-04-09 13:20:42 - [MESSAGE][PASSED] - Object: 'Object Repository/Perolehan/002 Penyedia_RekodBaru/005 Rekod Baru Inden Kerja/button_OK_berjaya_disah_simpan' is clicked on

2019-04-09 13:20:42 - [TEST_STEP][PASSED] - closeBrowser(): Browser is closed

2019-04-09 13:20:43 - [MESSAGE][PASSED] - Browser is closed]]></system-out>
         <system-err><![CDATA[]]></system-err>
      </testcase>
      <testcase name="Test Cases/Perolehan/003 Pengesahan Pesanan Tempatan/Pengesahan" classname="Test Cases/Perolehan/003 Pengesahan Pesanan Tempatan/Pengesahan" status="PASSED">
         <system-out><![CDATA[2019-04-09 13:20:43 - [TEST_CASE][PASSED] - Test Cases/Perolehan/003 Pengesahan Pesanan Tempatan/Pengesahan: Test Cases/Perolehan/003 Pengesahan Pesanan Tempatan/Pengesahan

2019-04-09 13:20:43 - [TEST_STEP][PASSED] - openBrowser(""): Browser is opened with url: ''

2019-04-09 13:20:43 - [MESSAGE][INFO] - Starting 'Chrome' driver

2019-04-09 13:20:45 - [MESSAGE][PASSED] - Browser is opened with url: ''

2019-04-09 13:20:45 - [TEST_STEP][PASSED] - navigateToUrl(URL_Homepage): Navigate to 'https://175.143.52.101:7011/1SPEKSv2/' successfully

2019-04-09 13:20:46 - [MESSAGE][PASSED] - Navigate to 'https://175.143.52.101:7011/1SPEKSv2/' successfully

2019-04-09 13:20:46 - [TEST_STEP][PASSED] - reusablefunctions.reusablefunctions.Login(PengesahBN, findTestData("ispekstestdata").getValue(2, 6)): reusablefunctions.reusablefunctions.Login is PASSED

2019-04-09 13:20:46 - [MESSAGE][PASSED] - Text '601101955194' is set on object 'Object Repository/Login/input_NoKadPengenalan'

2019-04-09 13:20:46 - [MESSAGE][PASSED] - Text ****** has been set on object 'Object Repository/Login/input_Password'

2019-04-09 13:20:50 - [MESSAGE][PASSED] - Object: 'Object Repository/Login/input_ButtonLogMasuk' is clicked on

2019-04-09 13:21:00 - [MESSAGE][PASSED] - Delayed 10 second(s)

2019-04-09 13:21:00 - [MESSAGE][PASSED] - reusablefunctions.reusablefunctions.Login is PASSED

2019-04-09 13:21:00 - [TEST_STEP][PASSED] - click(findTestObject("Perolehan/TukarPeranan/IconTukarPeranan")): Object: 'Object Repository/Perolehan/TukarPeranan/IconTukarPeranan' is clicked on

2019-04-09 13:21:00 - [MESSAGE][PASSED] - Object: 'Object Repository/Perolehan/TukarPeranan/IconTukarPeranan' is clicked on

2019-04-09 13:21:00 - [TEST_STEP][PASSED] - click(findTestObject("Perolehan/TukarPeranan/input_TukarPeranan", ["value":RBPengesahBN])): Object: 'Object Repository/Perolehan/TukarPeranan/input_TukarPeranan' is clicked on

2019-04-09 13:21:00 - [MESSAGE][PASSED] - Object: 'Object Repository/Perolehan/TukarPeranan/input_TukarPeranan' is clicked on

2019-04-09 13:21:00 - [TEST_STEP][PASSED] - click(findTestObject("Perolehan/TukarPeranan/button_Ya")): Object: 'Object Repository/Perolehan/TukarPeranan/button_Ya' is clicked on

2019-04-09 13:21:00 - [MESSAGE][PASSED] - Object: 'Object Repository/Perolehan/TukarPeranan/button_Ya' is clicked on

2019-04-09 13:21:00 - [TEST_STEP][PASSED] - delay(20): Delayed 20 second(s)

2019-04-09 13:21:20 - [MESSAGE][PASSED] - Delayed 20 second(s)

2019-04-09 13:21:20 - [TEST_STEP][PASSED] - verifyTextPresent("Peranan : [Pengesah] Peringkat : [BN]", false): Text 'Peranan : [Pengesah] Peringkat : [BN]' is present on page 

2019-04-09 13:21:22 - [MESSAGE][PASSED] - Text 'Peranan : [Pengesah] Peringkat : [BN]' is present on page 

2019-04-09 13:21:22 - [TEST_STEP][PASSED] - delay(5): Delayed 5 second(s)

2019-04-09 13:21:27 - [MESSAGE][PASSED] - Delayed 5 second(s)

2019-04-09 13:21:27 - [TEST_STEP][PASSED] - click(findTestObject("Perolehan/001 Left_Menu_Selection/a_ExpandMenuonLeft")): Object: 'Object Repository/Perolehan/001 Left_Menu_Selection/a_ExpandMenuonLeft' is clicked on

2019-04-09 13:21:28 - [MESSAGE][PASSED] - Object: 'Object Repository/Perolehan/001 Left_Menu_Selection/a_ExpandMenuonLeft' is clicked on

2019-04-09 13:21:28 - [TEST_STEP][PASSED] - delay(3, STOP_ON_FAILURE): Delayed 3 second(s)

2019-04-09 13:21:31 - [MESSAGE][PASSED] - Delayed 3 second(s)

2019-04-09 13:21:31 - [TEST_STEP][PASSED] - click(findTestObject("Perolehan/001 Left_Menu_Selection/div_PanelTitlePerolehan")): Object: 'Object Repository/Perolehan/001 Left_Menu_Selection/div_PanelTitlePerolehan' is clicked on

2019-04-09 13:21:31 - [MESSAGE][PASSED] - Object: 'Object Repository/Perolehan/001 Left_Menu_Selection/div_PanelTitlePerolehan' is clicked on

2019-04-09 13:21:31 - [TEST_STEP][PASSED] - delay(3, STOP_ON_FAILURE): Delayed 3 second(s)

2019-04-09 13:21:34 - [MESSAGE][PASSED] - Delayed 3 second(s)

2019-04-09 13:21:34 - [TEST_STEP][PASSED] - click(findTestObject("Perolehan/001 Left_Menu_Selection/div_PesananTempatan")): Object: 'Object Repository/Perolehan/001 Left_Menu_Selection/div_PesananTempatan' is clicked on

2019-04-09 13:21:34 - [MESSAGE][PASSED] - Object: 'Object Repository/Perolehan/001 Left_Menu_Selection/div_PesananTempatan' is clicked on

2019-04-09 13:21:34 - [TEST_STEP][PASSED] - delay(3): Delayed 3 second(s)

2019-04-09 13:21:37 - [MESSAGE][PASSED] - Delayed 3 second(s)

2019-04-09 13:21:37 - [TEST_STEP][PASSED] - setText(findTestObject("Perolehan/003 Pengesah/input_No_Rekod"), PesananTempatanRekodID): Text '19DAIK030100082' is set on object 'Object Repository/Perolehan/003 Pengesah/input_No_Rekod'

2019-04-09 13:21:37 - [MESSAGE][PASSED] - Text '19DAIK030100082' is set on object 'Object Repository/Perolehan/003 Pengesah/input_No_Rekod'

2019-04-09 13:21:37 - [TEST_STEP][PASSED] - doubleClick(findTestObject("Perolehan/003 Pengesah/Senarai_Tugas_Item_No_1", ["text":PesananTempatanRekodID])): Object: 'Object Repository/Perolehan/003 Pengesah/Senarai_Tugas_Item_No_1' is double clicked on

2019-04-09 13:21:38 - [MESSAGE][PASSED] - Object: 'Object Repository/Perolehan/003 Pengesah/Senarai_Tugas_Item_No_1' is double clicked on

2019-04-09 13:21:38 - [TEST_STEP][PASSED] - delay(3): Delayed 3 second(s)

2019-04-09 13:21:41 - [MESSAGE][PASSED] - Delayed 3 second(s)

2019-04-09 13:21:41 - [TEST_STEP][PASSED] - mydate = new java.util.Date(): null

2019-04-09 13:21:41 - [TEST_STEP][PASSED] - formattedDate = mydate.format("dd/MM/yyyy"): null

2019-04-09 13:21:41 - [TEST_STEP][PASSED] - formattedYear = mydate.format("yyyy"): null

2019-04-09 13:21:41 - [TEST_STEP][PASSED] - println(formattedDate): null

2019-04-09 13:21:41 - [TEST_STEP][PASSED] - println(formattedYear): null

2019-04-09 13:21:41 - [TEST_STEP][PASSED] - TahunKewangan = getText(findTestObject("Perolehan/003 Pengesah/Label_tahun_kewangan")): Text of object 'Object Repository/Perolehan/003 Pengesah/Label_tahun_kewangan' is: '2019'

2019-04-09 13:21:41 - [MESSAGE][PASSED] - Text of object 'Object Repository/Perolehan/003 Pengesah/Label_tahun_kewangan' is: '2019'

2019-04-09 13:21:41 - [TEST_STEP][PASSED] - verifyMatch(TahunKewangan, formattedYear, false): Actual text '2019' and expected text '2019' are matched 

2019-04-09 13:21:41 - [MESSAGE][PASSED] - Actual text '2019' and expected text '2019' are matched 

2019-04-09 13:21:41 - [TEST_STEP][PASSED] - TarikhSemasa = getText(findTestObject("Perolehan/003 Pengesah/Label_Tarikh_semasa")): Text of object 'Object Repository/Perolehan/003 Pengesah/Label_Tarikh_semasa' is: '09/04/2019'

2019-04-09 13:21:41 - [MESSAGE][PASSED] - Text of object 'Object Repository/Perolehan/003 Pengesah/Label_Tarikh_semasa' is: '09/04/2019'

2019-04-09 13:21:41 - [TEST_STEP][PASSED] - verifyMatch(TarikhSemasa, formattedDate, false): Actual text '09/04/2019' and expected text '09/04/2019' are matched 

2019-04-09 13:21:41 - [MESSAGE][PASSED] - Actual text '09/04/2019' and expected text '09/04/2019' are matched 

2019-04-09 13:21:41 - [TEST_STEP][PASSED] - delay(3): Delayed 3 second(s)

2019-04-09 13:21:44 - [MESSAGE][PASSED] - Delayed 3 second(s)

2019-04-09 13:21:44 - [TEST_STEP][PASSED] - jumlah = getText(findTestObject("Perolehan/003 Pengesah/label_Jumlah_pesanan_tempatan")): Text of object 'Object Repository/Perolehan/003 Pengesah/label_Jumlah_pesanan_tempatan' is: '6.32'

2019-04-09 13:21:44 - [MESSAGE][PASSED] - Text of object 'Object Repository/Perolehan/003 Pengesah/label_Jumlah_pesanan_tempatan' is: '6.32'

2019-04-09 13:21:44 - [TEST_STEP][PASSED] - println(jumlah): null

2019-04-09 13:21:44 - [TEST_STEP][PASSED] - verifyMatch(jumlah, TotalAmaunPT, false): Actual text '6.32' and expected text '6.32' are matched 

2019-04-09 13:21:44 - [MESSAGE][PASSED] - Actual text '6.32' and expected text '6.32' are matched 

2019-04-09 13:21:44 - [TEST_STEP][PASSED] - click(findTestObject("Perolehan/003 Pengesah/button_sah")): Object: 'Object Repository/Perolehan/003 Pengesah/button_sah' is clicked on

2019-04-09 13:21:44 - [MESSAGE][PASSED] - Object: 'Object Repository/Perolehan/003 Pengesah/button_sah' is clicked on

2019-04-09 13:21:44 - [TEST_STEP][PASSED] - delay(3): Delayed 3 second(s)

2019-04-09 13:21:47 - [MESSAGE][PASSED] - Delayed 3 second(s)

2019-04-09 13:21:47 - [TEST_STEP][PASSED] - click(findTestObject("Perolehan/003 Pengesah/Button_ya_sahkan")): Object: 'Object Repository/Perolehan/003 Pengesah/Button_ya_sahkan' is clicked on

2019-04-09 13:21:47 - [MESSAGE][PASSED] - Object: 'Object Repository/Perolehan/003 Pengesah/Button_ya_sahkan' is clicked on

2019-04-09 13:21:47 - [TEST_STEP][PASSED] - delay(5): Delayed 5 second(s)

2019-04-09 13:21:52 - [MESSAGE][PASSED] - Delayed 5 second(s)

2019-04-09 13:21:52 - [TEST_STEP][PASSED] - waitForElementClickable(findTestObject("Perolehan/003 Pengesah/button_OK_berjaya_disah"), 60): Object 'Object Repository/Perolehan/003 Pengesah/button_OK_berjaya_disah' is clickable

2019-04-09 13:21:53 - [MESSAGE][PASSED] - Object 'Object Repository/Perolehan/003 Pengesah/button_OK_berjaya_disah' is clickable

2019-04-09 13:21:53 - [TEST_STEP][PASSED] - waitForElementClickable(findTestObject("Perolehan/002 Penyedia_RekodBaru/001 Rekod Baru Pesanan Tempatan/button_OK_Rekod_Berjaya_disimpan"), 300): Object 'Object Repository/Perolehan/002 Penyedia_RekodBaru/001 Rekod Baru Pesanan Tempatan/button_OK_Rekod_Berjaya_disimpan' is clickable

2019-04-09 13:21:53 - [MESSAGE][PASSED] - Object 'Object Repository/Perolehan/002 Penyedia_RekodBaru/001 Rekod Baru Pesanan Tempatan/button_OK_Rekod_Berjaya_disimpan' is clickable

2019-04-09 13:21:53 - [TEST_STEP][PASSED] - element = findWebElement(findTestObject("Perolehan/003 Pengesah/button_OK_berjaya_disah"), 300): null

2019-04-09 13:21:54 - [TEST_STEP][PASSED] - executeJavaScript("arguments[0].click", Arrays.asList(element)): Execute JavaScript 'arguments[0].click' successfully

2019-04-09 13:21:54 - [MESSAGE][PASSED] - Execute JavaScript 'arguments[0].click' successfully

2019-04-09 13:21:54 - [TEST_STEP][PASSED] - delay(5): Delayed 5 second(s)

2019-04-09 13:21:59 - [MESSAGE][PASSED] - Delayed 5 second(s)

2019-04-09 13:21:59 - [TEST_STEP][PASSED] - click(findTestObject("Perolehan/003 Pengesah/button_OK_berjaya_disah")): Object: 'Object Repository/Perolehan/003 Pengesah/button_OK_berjaya_disah' is clicked on

2019-04-09 13:21:59 - [MESSAGE][PASSED] - Object: 'Object Repository/Perolehan/003 Pengesah/button_OK_berjaya_disah' is clicked on

2019-04-09 13:21:59 - [TEST_STEP][PASSED] - closeBrowser(): Browser is closed

2019-04-09 13:21:59 - [MESSAGE][PASSED] - Browser is closed]]></system-out>
         <system-err><![CDATA[]]></system-err>
      </testcase>
      <testcase name="Test Cases/Perolehan/004 Pelulus Pesanan Tempatan/Pelulus" classname="Test Cases/Perolehan/004 Pelulus Pesanan Tempatan/Pelulus" status="PASSED">
         <system-out><![CDATA[2019-04-09 13:21:59 - [TEST_CASE][PASSED] - Test Cases/Perolehan/004 Pelulus Pesanan Tempatan/Pelulus: Test Cases/Perolehan/004 Pelulus Pesanan Tempatan/Pelulus

2019-04-09 13:21:59 - [TEST_STEP][PASSED] - openBrowser(""): Browser is opened with url: ''

2019-04-09 13:21:59 - [MESSAGE][INFO] - Starting 'Chrome' driver

2019-04-09 13:22:02 - [MESSAGE][PASSED] - Browser is opened with url: ''

2019-04-09 13:22:02 - [TEST_STEP][PASSED] - navigateToUrl(URL_Homepage): Navigate to 'https://175.143.52.101:7011/1SPEKSv2/' successfully

2019-04-09 13:22:02 - [MESSAGE][PASSED] - Navigate to 'https://175.143.52.101:7011/1SPEKSv2/' successfully

2019-04-09 13:22:02 - [TEST_STEP][PASSED] - reusablefunctions.reusablefunctions.Login(PelulusPTJ, findTestData("ispekstestdata").getValue(2, 7)): reusablefunctions.reusablefunctions.Login is PASSED

2019-04-09 13:22:02 - [MESSAGE][PASSED] - Text '601101955194' is set on object 'Object Repository/Login/input_NoKadPengenalan'

2019-04-09 13:22:02 - [MESSAGE][PASSED] - Text ****** has been set on object 'Object Repository/Login/input_Password'

2019-04-09 13:22:04 - [MESSAGE][PASSED] - Object: 'Object Repository/Login/input_ButtonLogMasuk' is clicked on

2019-04-09 13:22:14 - [MESSAGE][PASSED] - Delayed 10 second(s)

2019-04-09 13:22:14 - [MESSAGE][PASSED] - reusablefunctions.reusablefunctions.Login is PASSED

2019-04-09 13:22:14 - [TEST_STEP][PASSED] - click(findTestObject("Perolehan/TukarPeranan/IconTukarPeranan")): Object: 'Object Repository/Perolehan/TukarPeranan/IconTukarPeranan' is clicked on

2019-04-09 13:22:14 - [MESSAGE][PASSED] - Object: 'Object Repository/Perolehan/TukarPeranan/IconTukarPeranan' is clicked on

2019-04-09 13:22:14 - [TEST_STEP][PASSED] - click(findTestObject("Perolehan/TukarPeranan/input_TukarPeranan", ["value":RBPelulusPTJ])): Object: 'Object Repository/Perolehan/TukarPeranan/input_TukarPeranan' is clicked on

2019-04-09 13:22:14 - [MESSAGE][PASSED] - Object: 'Object Repository/Perolehan/TukarPeranan/input_TukarPeranan' is clicked on

2019-04-09 13:22:14 - [TEST_STEP][PASSED] - click(findTestObject("Perolehan/TukarPeranan/button_Ya")): Object: 'Object Repository/Perolehan/TukarPeranan/button_Ya' is clicked on

2019-04-09 13:22:14 - [MESSAGE][PASSED] - Object: 'Object Repository/Perolehan/TukarPeranan/button_Ya' is clicked on

2019-04-09 13:22:14 - [TEST_STEP][PASSED] - delay(20): Delayed 20 second(s)

2019-04-09 13:22:34 - [MESSAGE][PASSED] - Delayed 20 second(s)

2019-04-09 13:22:34 - [TEST_STEP][PASSED] - verifyTextPresent("Peranan : [Pelulus] Peringkat : [PTJ]", false): Text 'Peranan : [Pelulus] Peringkat : [PTJ]' is present on page 

2019-04-09 13:22:37 - [MESSAGE][PASSED] - Text 'Peranan : [Pelulus] Peringkat : [PTJ]' is present on page 

2019-04-09 13:22:37 - [TEST_STEP][PASSED] - delay(5): Delayed 5 second(s)

2019-04-09 13:22:42 - [MESSAGE][PASSED] - Delayed 5 second(s)

2019-04-09 13:22:42 - [TEST_STEP][PASSED] - click(findTestObject("Perolehan/001 Left_Menu_Selection/a_ExpandMenuonLeft")): Object: 'Object Repository/Perolehan/001 Left_Menu_Selection/a_ExpandMenuonLeft' is clicked on

2019-04-09 13:22:42 - [MESSAGE][PASSED] - Object: 'Object Repository/Perolehan/001 Left_Menu_Selection/a_ExpandMenuonLeft' is clicked on

2019-04-09 13:22:42 - [TEST_STEP][PASSED] - delay(3, STOP_ON_FAILURE): Delayed 3 second(s)

2019-04-09 13:22:45 - [MESSAGE][PASSED] - Delayed 3 second(s)

2019-04-09 13:22:45 - [TEST_STEP][PASSED] - click(findTestObject("Perolehan/001 Left_Menu_Selection/div_PanelTitlePerolehan")): Object: 'Object Repository/Perolehan/001 Left_Menu_Selection/div_PanelTitlePerolehan' is clicked on

2019-04-09 13:22:45 - [MESSAGE][PASSED] - Object: 'Object Repository/Perolehan/001 Left_Menu_Selection/div_PanelTitlePerolehan' is clicked on

2019-04-09 13:22:45 - [TEST_STEP][PASSED] - delay(3, STOP_ON_FAILURE): Delayed 3 second(s)

2019-04-09 13:22:48 - [MESSAGE][PASSED] - Delayed 3 second(s)

2019-04-09 13:22:48 - [TEST_STEP][PASSED] - click(findTestObject("Perolehan/001 Left_Menu_Selection/div_PesananTempatan")): Object: 'Object Repository/Perolehan/001 Left_Menu_Selection/div_PesananTempatan' is clicked on

2019-04-09 13:22:48 - [MESSAGE][PASSED] - Object: 'Object Repository/Perolehan/001 Left_Menu_Selection/div_PesananTempatan' is clicked on

2019-04-09 13:22:48 - [TEST_STEP][PASSED] - delay(3): Delayed 3 second(s)

2019-04-09 13:22:51 - [MESSAGE][PASSED] - Delayed 3 second(s)

2019-04-09 13:22:51 - [TEST_STEP][PASSED] - setText(findTestObject("Perolehan/004 Pelulus/input_No_Rekod"), PesananTempatanRekodID): Text '19DAIK030100082' is set on object 'Object Repository/Perolehan/004 Pelulus/input_No_Rekod'

2019-04-09 13:22:52 - [MESSAGE][PASSED] - Text '19DAIK030100082' is set on object 'Object Repository/Perolehan/004 Pelulus/input_No_Rekod'

2019-04-09 13:22:52 - [TEST_STEP][PASSED] - doubleClick(findTestObject("Perolehan/004 Pelulus/Senarai_Tugas_Item_No_1", ["text":PesananTempatanRekodID])): Object: 'Object Repository/Perolehan/004 Pelulus/Senarai_Tugas_Item_No_1' is double clicked on

2019-04-09 13:22:52 - [MESSAGE][PASSED] - Object: 'Object Repository/Perolehan/004 Pelulus/Senarai_Tugas_Item_No_1' is double clicked on

2019-04-09 13:22:52 - [TEST_STEP][PASSED] - delay(3): Delayed 3 second(s)

2019-04-09 13:22:55 - [MESSAGE][PASSED] - Delayed 3 second(s)

2019-04-09 13:22:55 - [TEST_STEP][PASSED] - mydate = new java.util.Date(): null

2019-04-09 13:22:55 - [TEST_STEP][PASSED] - formattedDate = mydate.format("dd/MM/yyyy"): null

2019-04-09 13:22:55 - [TEST_STEP][PASSED] - formattedYear = mydate.format("yyyy"): null

2019-04-09 13:22:55 - [TEST_STEP][PASSED] - println(formattedDate): null

2019-04-09 13:22:55 - [TEST_STEP][PASSED] - println(formattedYear): null

2019-04-09 13:22:55 - [TEST_STEP][PASSED] - TahunKewangan = getText(findTestObject("Perolehan/003 Pengesah/Label_tahun_kewangan")): Text of object 'Object Repository/Perolehan/003 Pengesah/Label_tahun_kewangan' is: '2019'

2019-04-09 13:22:55 - [MESSAGE][PASSED] - Text of object 'Object Repository/Perolehan/003 Pengesah/Label_tahun_kewangan' is: '2019'

2019-04-09 13:22:55 - [TEST_STEP][PASSED] - verifyMatch(TahunKewangan, formattedYear, false): Actual text '2019' and expected text '2019' are matched 

2019-04-09 13:22:55 - [MESSAGE][PASSED] - Actual text '2019' and expected text '2019' are matched 

2019-04-09 13:22:55 - [TEST_STEP][PASSED] - TarikhSemasa = getText(findTestObject("Perolehan/003 Pengesah/Label_Tarikh_semasa")): Text of object 'Object Repository/Perolehan/003 Pengesah/Label_Tarikh_semasa' is: '09/04/2019'

2019-04-09 13:22:55 - [MESSAGE][PASSED] - Text of object 'Object Repository/Perolehan/003 Pengesah/Label_Tarikh_semasa' is: '09/04/2019'

2019-04-09 13:22:55 - [TEST_STEP][PASSED] - verifyMatch(TarikhSemasa, formattedDate, false): Actual text '09/04/2019' and expected text '09/04/2019' are matched 

2019-04-09 13:22:55 - [MESSAGE][PASSED] - Actual text '09/04/2019' and expected text '09/04/2019' are matched 

2019-04-09 13:22:55 - [TEST_STEP][PASSED] - delay(20): Delayed 20 second(s)

2019-04-09 13:23:15 - [MESSAGE][PASSED] - Delayed 20 second(s)

2019-04-09 13:23:15 - [TEST_STEP][PASSED] - jumlah = getText(findTestObject("Perolehan/003 Pengesah/label_Jumlah_pesanan_tempatan")): Text of object 'Object Repository/Perolehan/003 Pengesah/label_Jumlah_pesanan_tempatan' is: '6.32'

2019-04-09 13:23:15 - [MESSAGE][PASSED] - Text of object 'Object Repository/Perolehan/003 Pengesah/label_Jumlah_pesanan_tempatan' is: '6.32'

2019-04-09 13:23:15 - [TEST_STEP][PASSED] - delay(3): Delayed 3 second(s)

2019-04-09 13:23:18 - [MESSAGE][PASSED] - Delayed 3 second(s)

2019-04-09 13:23:18 - [TEST_STEP][PASSED] - println(jumlah): null

2019-04-09 13:23:18 - [TEST_STEP][PASSED] - verifyMatch(jumlah, TotalAmaunPT, false): Actual text '6.32' and expected text '6.32' are matched 

2019-04-09 13:23:18 - [MESSAGE][PASSED] - Actual text '6.32' and expected text '6.32' are matched 

2019-04-09 13:23:18 - [TEST_STEP][PASSED] - click(findTestObject("Perolehan/004 Pelulus/button_Lulus")): Object: 'Object Repository/Perolehan/004 Pelulus/button_Lulus' is clicked on

2019-04-09 13:23:18 - [MESSAGE][PASSED] - Object: 'Object Repository/Perolehan/004 Pelulus/button_Lulus' is clicked on

2019-04-09 13:23:18 - [TEST_STEP][PASSED] - click(findTestObject("Perolehan/004 Pelulus/button_ya_luluskan")): Object: 'Object Repository/Perolehan/004 Pelulus/button_ya_luluskan' is clicked on

2019-04-09 13:23:18 - [MESSAGE][PASSED] - Object: 'Object Repository/Perolehan/004 Pelulus/button_ya_luluskan' is clicked on

2019-04-09 13:23:18 - [TEST_STEP][PASSED] - delay(8): Delayed 8 second(s)

2019-04-09 13:23:26 - [MESSAGE][PASSED] - Delayed 8 second(s)

2019-04-09 13:23:26 - [TEST_STEP][PASSED] - waitForElementClickable(findTestObject("Perolehan/004 Pelulus/button_OK_Berjaya_lulus"), 180): Object 'Object Repository/Perolehan/004 Pelulus/button_OK_Berjaya_lulus' is clickable

2019-04-09 13:23:26 - [MESSAGE][PASSED] - Object 'Object Repository/Perolehan/004 Pelulus/button_OK_Berjaya_lulus' is clickable

2019-04-09 13:23:26 - [TEST_STEP][PASSED] - RekodBerjayaLulus = getText(findTestObject("Perolehan/004 Pelulus/RekodBerjayaLulus")): Text of object 'Object Repository/Perolehan/004 Pelulus/RekodBerjayaLulus' is: 'Rekod Telah Berjaya Diluluskan. [ NO DOKUMEN :19DAIK0300064 ]
Ok'

2019-04-09 13:23:26 - [MESSAGE][PASSED] - Text of object 'Object Repository/Perolehan/004 Pelulus/RekodBerjayaLulus' is: 'Rekod Telah Berjaya Diluluskan. [ NO DOKUMEN :19DAIK0300064 ]
Ok'

2019-04-09 13:23:26 - [TEST_STEP][PASSED] - println(RekodBerjayaLulus): null

2019-04-09 13:23:26 - [TEST_STEP][PASSED] - PTDokumenID = RekodBerjayaLulus[(46..58)]: null

2019-04-09 13:23:26 - [TEST_STEP][PASSED] - println(PTDokumenID): null

2019-04-09 13:23:26 - [TEST_STEP][PASSED] - PesananTempatanDokumenID = PTDokumenID: null

2019-04-09 13:23:26 - [TEST_STEP][PASSED] - delay(3): Delayed 3 second(s)

2019-04-09 13:23:29 - [MESSAGE][PASSED] - Delayed 3 second(s)

2019-04-09 13:23:29 - [TEST_STEP][PASSED] - waitForElementClickable(findTestObject("Perolehan/002 Penyedia_RekodBaru/001 Rekod Baru Pesanan Tempatan/button_OK_Rekod_Berjaya_disimpan"), 300): Object 'Object Repository/Perolehan/002 Penyedia_RekodBaru/001 Rekod Baru Pesanan Tempatan/button_OK_Rekod_Berjaya_disimpan' is clickable

2019-04-09 13:23:29 - [MESSAGE][PASSED] - Object 'Object Repository/Perolehan/002 Penyedia_RekodBaru/001 Rekod Baru Pesanan Tempatan/button_OK_Rekod_Berjaya_disimpan' is clickable

2019-04-09 13:23:29 - [TEST_STEP][PASSED] - element = findWebElement(findTestObject("Perolehan/004 Pelulus/button_OK_Berjaya_lulus"), 300): null

2019-04-09 13:23:29 - [TEST_STEP][PASSED] - executeJavaScript("arguments[0].click", Arrays.asList(element)): Execute JavaScript 'arguments[0].click' successfully

2019-04-09 13:23:29 - [MESSAGE][PASSED] - Execute JavaScript 'arguments[0].click' successfully

2019-04-09 13:23:29 - [TEST_STEP][PASSED] - click(findTestObject("Perolehan/004 Pelulus/button_OK_Berjaya_lulus")): Object: 'Object Repository/Perolehan/004 Pelulus/button_OK_Berjaya_lulus' is clicked on

2019-04-09 13:23:29 - [MESSAGE][PASSED] - Object: 'Object Repository/Perolehan/004 Pelulus/button_OK_Berjaya_lulus' is clicked on

2019-04-09 13:23:29 - [TEST_STEP][PASSED] - closeBrowser(): Browser is closed

2019-04-09 13:23:30 - [MESSAGE][PASSED] - Browser is closed]]></system-out>
         <system-err><![CDATA[]]></system-err>
      </testcase>
      <testcase name="Test Cases/Perolehan/005 Terimaan Barang Perkhidmatan/004 Proses Kemasukan Inden Kerja - CEK" classname="Test Cases/Perolehan/005 Terimaan Barang Perkhidmatan/004 Proses Kemasukan Inden Kerja - CEK" status="PASSED">
         <system-out><![CDATA[2019-04-09 13:23:30 - [TEST_CASE][PASSED] - Test Cases/Perolehan/005 Terimaan Barang Perkhidmatan/004 Proses Kemasukan Inden Kerja - CEK: Test Cases/Perolehan/005 Terimaan Barang Perkhidmatan/004 Proses Kemasukan Inden Kerja - CEK

2019-04-09 13:23:30 - [TEST_STEP][PASSED] - reusablefunctions.reusablefunctions.openbrowser(): reusablefunctions.reusablefunctions.openbrowser is PASSED

2019-04-09 13:23:30 - [MESSAGE][INFO] - Starting 'Chrome' driver

2019-04-09 13:23:33 - [MESSAGE][PASSED] - Browser is opened with url: 'https://175.143.52.101:7011/1SPEKSv2/'

2019-04-09 13:23:33 - [MESSAGE][PASSED] - reusablefunctions.reusablefunctions.openbrowser is PASSED

2019-04-09 13:23:33 - [TEST_STEP][PASSED] - reusablefunctions.reusablefunctions.Login(PenyediaPTJ, findTestData("ispekstestdata").getValue(2, 4)): reusablefunctions.reusablefunctions.Login is PASSED

2019-04-09 13:23:33 - [MESSAGE][PASSED] - Text '601101955194' is set on object 'Object Repository/Login/input_NoKadPengenalan'

2019-04-09 13:23:33 - [MESSAGE][PASSED] - Text ****** has been set on object 'Object Repository/Login/input_Password'

2019-04-09 13:23:40 - [MESSAGE][PASSED] - Object: 'Object Repository/Login/input_ButtonLogMasuk' is clicked on

2019-04-09 13:23:50 - [MESSAGE][PASSED] - Delayed 10 second(s)

2019-04-09 13:23:50 - [MESSAGE][PASSED] - reusablefunctions.reusablefunctions.Login is PASSED

2019-04-09 13:23:50 - [TEST_STEP][PASSED] - reusablefunctions.reusablefunctions.PerananPenyediaPTJ(): reusablefunctions.reusablefunctions.PerananPenyediaPTJ is PASSED

2019-04-09 13:23:50 - [MESSAGE][PASSED] - Object: 'Object Repository/Perolehan/TukarPeranan/IconTukarPeranan' is clicked on

2019-04-09 13:23:50 - [MESSAGE][PASSED] - Object: 'Object Repository/Perolehan/TukarPeranan/input_TukarPeranan' is clicked on

2019-04-09 13:23:50 - [MESSAGE][PASSED] - Object: 'Object Repository/Perolehan/TukarPeranan/button_Ya' is clicked on

2019-04-09 13:24:10 - [MESSAGE][PASSED] - Delayed 20 second(s)

2019-04-09 13:24:12 - [MESSAGE][PASSED] - Text 'Peranan : [Penyedia] Peringkat : [PTJ]' is present on page 

2019-04-09 13:24:12 - [MESSAGE][PASSED] - reusablefunctions.reusablefunctions.PerananPenyediaPTJ is PASSED

2019-04-09 13:24:12 - [TEST_STEP][PASSED] - click(findTestObject("Perolehan/001 Left_Menu_Selection/a_ExpandMenuonLeft")): Object: 'Object Repository/Perolehan/001 Left_Menu_Selection/a_ExpandMenuonLeft' is clicked on

2019-04-09 13:24:13 - [MESSAGE][PASSED] - Object: 'Object Repository/Perolehan/001 Left_Menu_Selection/a_ExpandMenuonLeft' is clicked on

2019-04-09 13:24:13 - [TEST_STEP][PASSED] - delay(3, STOP_ON_FAILURE): Delayed 3 second(s)

2019-04-09 13:24:16 - [MESSAGE][PASSED] - Delayed 3 second(s)

2019-04-09 13:24:16 - [TEST_STEP][PASSED] - click(findTestObject("Perolehan/001 Left_Menu_Selection/div_ClickonPerolehan")): Object: 'Object Repository/Perolehan/001 Left_Menu_Selection/div_ClickonPerolehan' is clicked on

2019-04-09 13:24:16 - [MESSAGE][PASSED] - Object: 'Object Repository/Perolehan/001 Left_Menu_Selection/div_ClickonPerolehan' is clicked on

2019-04-09 13:24:16 - [TEST_STEP][PASSED] - delay(3, STOP_ON_FAILURE): Delayed 3 second(s)

2019-04-09 13:24:19 - [MESSAGE][PASSED] - Delayed 3 second(s)

2019-04-09 13:24:19 - [TEST_STEP][PASSED] - click(findTestObject("Perolehan/001 Left_Menu_Selection/div_Kemasukan_Terimaan_Barang")): Object: 'Object Repository/Perolehan/001 Left_Menu_Selection/div_Kemasukan_Terimaan_Barang' is clicked on

2019-04-09 13:24:19 - [MESSAGE][PASSED] - Object: 'Object Repository/Perolehan/001 Left_Menu_Selection/div_Kemasukan_Terimaan_Barang' is clicked on

2019-04-09 13:24:19 - [TEST_STEP][PASSED] - assert true: null

2019-04-09 13:24:19 - [TEST_STEP][PASSED] - delay(3): Delayed 3 second(s)

2019-04-09 13:24:22 - [MESSAGE][PASSED] - Delayed 3 second(s)

2019-04-09 13:24:22 - [TEST_STEP][PASSED] - click(findTestObject("Perolehan/005 Kemasukan Terimaan/001 Kemasukan Pesanan Tempatan/button_REKOD BARU")): Object: 'Object Repository/Perolehan/005 Kemasukan Terimaan/001 Kemasukan Pesanan Tempatan/button_REKOD BARU' is clicked on

2019-04-09 13:24:22 - [MESSAGE][PASSED] - Object: 'Object Repository/Perolehan/005 Kemasukan Terimaan/001 Kemasukan Pesanan Tempatan/button_REKOD BARU' is clicked on

2019-04-09 13:24:22 - [TEST_STEP][PASSED] - delay(3): Delayed 3 second(s)

2019-04-09 13:24:25 - [MESSAGE][PASSED] - Delayed 3 second(s)

2019-04-09 13:24:25 - [TEST_STEP][PASSED] - click(findTestObject("Perolehan/005 Kemasukan Terimaan/001 Kemasukan Pesanan Tempatan/Drop_down_No_Dokumen")): Object: 'Object Repository/Perolehan/005 Kemasukan Terimaan/001 Kemasukan Pesanan Tempatan/Drop_down_No_Dokumen' is clicked on

2019-04-09 13:24:25 - [MESSAGE][PASSED] - Object: 'Object Repository/Perolehan/005 Kemasukan Terimaan/001 Kemasukan Pesanan Tempatan/Drop_down_No_Dokumen' is clicked on

2019-04-09 13:24:25 - [TEST_STEP][PASSED] - delay(3): Delayed 3 second(s)

2019-04-09 13:24:28 - [MESSAGE][PASSED] - Delayed 3 second(s)

2019-04-09 13:24:28 - [TEST_STEP][PASSED] - setText(findTestObject("Perolehan/005 Kemasukan Terimaan/001 Kemasukan Pesanan Tempatan/input_No_Dokumen_value"), PesananTempatanDokumenID): Text '19DAIK0300064' is set on object 'Object Repository/Perolehan/005 Kemasukan Terimaan/001 Kemasukan Pesanan Tempatan/input_No_Dokumen_value'

2019-04-09 13:24:29 - [MESSAGE][PASSED] - Text '19DAIK0300064' is set on object 'Object Repository/Perolehan/005 Kemasukan Terimaan/001 Kemasukan Pesanan Tempatan/input_No_Dokumen_value'

2019-04-09 13:24:29 - [TEST_STEP][PASSED] - delay(5): Delayed 5 second(s)

2019-04-09 13:24:34 - [MESSAGE][PASSED] - Delayed 5 second(s)

2019-04-09 13:24:34 - [TEST_STEP][PASSED] - click(findTestObject("Perolehan/005 Kemasukan Terimaan/001 Kemasukan Pesanan Tempatan/select_No_Dokumen")): Object: 'Object Repository/Perolehan/005 Kemasukan Terimaan/001 Kemasukan Pesanan Tempatan/select_No_Dokumen' is clicked on

2019-04-09 13:24:34 - [MESSAGE][PASSED] - Object: 'Object Repository/Perolehan/005 Kemasukan Terimaan/001 Kemasukan Pesanan Tempatan/select_No_Dokumen' is clicked on

2019-04-09 13:24:34 - [TEST_STEP][PASSED] - delay(3): Delayed 3 second(s)

2019-04-09 13:24:37 - [MESSAGE][PASSED] - Delayed 3 second(s)

2019-04-09 13:24:37 - [TEST_STEP][PASSED] - click(findTestObject("Perolehan/005 Kemasukan Terimaan/001 Kemasukan Pesanan Tempatan/button_Cari")): Object: 'Object Repository/Perolehan/005 Kemasukan Terimaan/001 Kemasukan Pesanan Tempatan/button_Cari' is clicked on

2019-04-09 13:24:37 - [MESSAGE][PASSED] - Object: 'Object Repository/Perolehan/005 Kemasukan Terimaan/001 Kemasukan Pesanan Tempatan/button_Cari' is clicked on

2019-04-09 13:24:37 - [TEST_STEP][PASSED] - delay(3): Delayed 3 second(s)

2019-04-09 13:24:40 - [MESSAGE][PASSED] - Delayed 3 second(s)

2019-04-09 13:24:40 - [TEST_STEP][PASSED] - click(findTestObject("Perolehan/005 Kemasukan Terimaan/001 Kemasukan Pesanan Tempatan/OK_Rekod_Wujud")): Object: 'Object Repository/Perolehan/005 Kemasukan Terimaan/001 Kemasukan Pesanan Tempatan/OK_Rekod_Wujud' is clicked on

2019-04-09 13:24:40 - [MESSAGE][PASSED] - Object: 'Object Repository/Perolehan/005 Kemasukan Terimaan/001 Kemasukan Pesanan Tempatan/OK_Rekod_Wujud' is clicked on

2019-04-09 13:24:40 - [TEST_STEP][PASSED] - delay(3): Delayed 3 second(s)

2019-04-09 13:24:43 - [MESSAGE][PASSED] - Delayed 3 second(s)

2019-04-09 13:24:43 - [TEST_STEP][PASSED] - click(findTestObject("Perolehan/005 Kemasukan Terimaan/002 Kemasukan Inden Kerja/Drop_down_Jenis_Terimaan")): Object: 'Object Repository/Perolehan/005 Kemasukan Terimaan/002 Kemasukan Inden Kerja/Drop_down_Jenis_Terimaan' is clicked on

2019-04-09 13:24:43 - [MESSAGE][PASSED] - Object: 'Object Repository/Perolehan/005 Kemasukan Terimaan/002 Kemasukan Inden Kerja/Drop_down_Jenis_Terimaan' is clicked on

2019-04-09 13:24:43 - [TEST_STEP][PASSED] - click(findTestObject("Perolehan/005 Kemasukan Terimaan/002 Kemasukan Inden Kerja/select_TERIMAAN INDEN KERJA PENUH")): Object: 'Object Repository/Perolehan/005 Kemasukan Terimaan/002 Kemasukan Inden Kerja/select_TERIMAAN INDEN KERJA PENUH' is clicked on

2019-04-09 13:24:43 - [MESSAGE][PASSED] - Object: 'Object Repository/Perolehan/005 Kemasukan Terimaan/002 Kemasukan Inden Kerja/select_TERIMAAN INDEN KERJA PENUH' is clicked on

2019-04-09 13:24:43 - [TEST_STEP][PASSED] - setText(findTestObject("Perolehan/005 Kemasukan Terimaan/002 Kemasukan Inden Kerja/input_No_Rujukan"), "9876543210543"): Text '9876543210543' is set on object 'Object Repository/Perolehan/005 Kemasukan Terimaan/002 Kemasukan Inden Kerja/input_No_Rujukan'

2019-04-09 13:24:43 - [MESSAGE][PASSED] - Text '9876543210543' is set on object 'Object Repository/Perolehan/005 Kemasukan Terimaan/002 Kemasukan Inden Kerja/input_No_Rujukan'

2019-04-09 13:24:43 - [TEST_STEP][PASSED] - click(findTestObject("Perolehan/005 Kemasukan Terimaan/002 Kemasukan Inden Kerja/Date_Picker_Tarikh_No_Rujukan")): Object: 'Object Repository/Perolehan/005 Kemasukan Terimaan/002 Kemasukan Inden Kerja/Date_Picker_Tarikh_No_Rujukan' is clicked on

2019-04-09 13:24:43 - [MESSAGE][PASSED] - Object: 'Object Repository/Perolehan/005 Kemasukan Terimaan/002 Kemasukan Inden Kerja/Date_Picker_Tarikh_No_Rujukan' is clicked on

2019-04-09 13:24:43 - [TEST_STEP][PASSED] - click(findTestObject("Perolehan/005 Kemasukan Terimaan/002 Kemasukan Inden Kerja/Date_Picker_TR_Today")): Object: 'Object Repository/Perolehan/005 Kemasukan Terimaan/002 Kemasukan Inden Kerja/Date_Picker_TR_Today' is clicked on

2019-04-09 13:24:43 - [MESSAGE][PASSED] - Object: 'Object Repository/Perolehan/005 Kemasukan Terimaan/002 Kemasukan Inden Kerja/Date_Picker_TR_Today' is clicked on

2019-04-09 13:24:43 - [TEST_STEP][PASSED] - delay(3): Delayed 3 second(s)

2019-04-09 13:24:46 - [MESSAGE][PASSED] - Delayed 3 second(s)

2019-04-09 13:24:46 - [TEST_STEP][PASSED] - click(findTestObject("Perolehan/005 Kemasukan Terimaan/002 Kemasukan Inden Kerja/Date_Picker_Tarikh_Siap")): Object: 'Object Repository/Perolehan/005 Kemasukan Terimaan/002 Kemasukan Inden Kerja/Date_Picker_Tarikh_Siap' is clicked on

2019-04-09 13:24:46 - [MESSAGE][PASSED] - Object: 'Object Repository/Perolehan/005 Kemasukan Terimaan/002 Kemasukan Inden Kerja/Date_Picker_Tarikh_Siap' is clicked on

2019-04-09 13:24:46 - [TEST_STEP][PASSED] - click(findTestObject("Perolehan/005 Kemasukan Terimaan/002 Kemasukan Inden Kerja/Date_Picker_TS_Today")): Object: 'Object Repository/Perolehan/005 Kemasukan Terimaan/002 Kemasukan Inden Kerja/Date_Picker_TS_Today' is clicked on

2019-04-09 13:24:46 - [MESSAGE][PASSED] - Object: 'Object Repository/Perolehan/005 Kemasukan Terimaan/002 Kemasukan Inden Kerja/Date_Picker_TS_Today' is clicked on

2019-04-09 13:24:46 - [TEST_STEP][PASSED] - delay(3): Delayed 3 second(s)

2019-04-09 13:24:49 - [MESSAGE][PASSED] - Delayed 3 second(s)

2019-04-09 13:24:49 - [TEST_STEP][PASSED] - setText(findTestObject("Perolehan/005 Kemasukan Terimaan/002 Kemasukan Inden Kerja/input_Catatan"), "Test Catatan 000"): Text 'Test Catatan 000' is set on object 'Object Repository/Perolehan/005 Kemasukan Terimaan/002 Kemasukan Inden Kerja/input_Catatan'

2019-04-09 13:24:50 - [MESSAGE][PASSED] - Text 'Test Catatan 000' is set on object 'Object Repository/Perolehan/005 Kemasukan Terimaan/002 Kemasukan Inden Kerja/input_Catatan'

2019-04-09 13:24:50 - [TEST_STEP][PASSED] - click(findTestObject("Perolehan/005 Kemasukan Terimaan/002 Kemasukan Inden Kerja/button_Simpan")): Object: 'Object Repository/Perolehan/005 Kemasukan Terimaan/002 Kemasukan Inden Kerja/button_Simpan' is clicked on

2019-04-09 13:24:50 - [MESSAGE][PASSED] - Object: 'Object Repository/Perolehan/005 Kemasukan Terimaan/002 Kemasukan Inden Kerja/button_Simpan' is clicked on

2019-04-09 13:24:50 - [TEST_STEP][PASSED] - delay(3): Delayed 3 second(s)

2019-04-09 13:24:53 - [MESSAGE][PASSED] - Delayed 3 second(s)

2019-04-09 13:24:53 - [TEST_STEP][PASSED] - waitForElementClickable(findTestObject("Perolehan/005 Kemasukan Terimaan/002 Kemasukan Inden Kerja/button_OK_rekod_berjaya_disimpan"), 60): Object 'Object Repository/Perolehan/005 Kemasukan Terimaan/002 Kemasukan Inden Kerja/button_OK_rekod_berjaya_disimpan' is clickable

2019-04-09 13:24:54 - [MESSAGE][PASSED] - Object 'Object Repository/Perolehan/005 Kemasukan Terimaan/002 Kemasukan Inden Kerja/button_OK_rekod_berjaya_disimpan' is clickable

2019-04-09 13:24:54 - [TEST_STEP][PASSED] - click(findTestObject("Perolehan/005 Kemasukan Terimaan/002 Kemasukan Inden Kerja/button_OK_rekod_berjaya_disimpan")): Object: 'Object Repository/Perolehan/005 Kemasukan Terimaan/002 Kemasukan Inden Kerja/button_OK_rekod_berjaya_disimpan' is clicked on

2019-04-09 13:24:54 - [MESSAGE][PASSED] - Object: 'Object Repository/Perolehan/005 Kemasukan Terimaan/002 Kemasukan Inden Kerja/button_OK_rekod_berjaya_disimpan' is clicked on

2019-04-09 13:24:54 - [TEST_STEP][PASSED] - click(findTestObject("Perolehan/005 Kemasukan Terimaan/002 Kemasukan Inden Kerja/button_Sah_Simpan")): Object: 'Object Repository/Perolehan/005 Kemasukan Terimaan/002 Kemasukan Inden Kerja/button_Sah_Simpan' is clicked on

2019-04-09 13:24:54 - [MESSAGE][PASSED] - Object: 'Object Repository/Perolehan/005 Kemasukan Terimaan/002 Kemasukan Inden Kerja/button_Sah_Simpan' is clicked on

2019-04-09 13:24:54 - [TEST_STEP][PASSED] - click(findTestObject("Perolehan/005 Kemasukan Terimaan/002 Kemasukan Inden Kerja/button_Ya_Sah_Simpan")): Object: 'Object Repository/Perolehan/005 Kemasukan Terimaan/002 Kemasukan Inden Kerja/button_Ya_Sah_Simpan' is clicked on

2019-04-09 13:24:54 - [MESSAGE][PASSED] - Object: 'Object Repository/Perolehan/005 Kemasukan Terimaan/002 Kemasukan Inden Kerja/button_Ya_Sah_Simpan' is clicked on

2019-04-09 13:24:54 - [TEST_STEP][PASSED] - delay(10): Delayed 10 second(s)

2019-04-09 13:25:04 - [MESSAGE][PASSED] - Delayed 10 second(s)

2019-04-09 13:25:04 - [TEST_STEP][PASSED] - waitForElementClickable(findTestObject("Perolehan/005 Kemasukan Terimaan/002 Kemasukan Inden Kerja/button_OK_close_rekod_berjaya"), 180): Object 'Object Repository/Perolehan/005 Kemasukan Terimaan/002 Kemasukan Inden Kerja/button_OK_close_rekod_berjaya' is clickable

2019-04-09 13:25:04 - [MESSAGE][PASSED] - Object 'Object Repository/Perolehan/005 Kemasukan Terimaan/002 Kemasukan Inden Kerja/button_OK_close_rekod_berjaya' is clickable

2019-04-09 13:25:04 - [TEST_STEP][PASSED] - waitForElementClickable(findTestObject("Perolehan/002 Penyedia_RekodBaru/001 Rekod Baru Pesanan Tempatan/button_OK_Rekod_Berjaya_disimpan"), 300): Object 'Object Repository/Perolehan/002 Penyedia_RekodBaru/001 Rekod Baru Pesanan Tempatan/button_OK_Rekod_Berjaya_disimpan' is clickable

2019-04-09 13:25:04 - [MESSAGE][PASSED] - Object 'Object Repository/Perolehan/002 Penyedia_RekodBaru/001 Rekod Baru Pesanan Tempatan/button_OK_Rekod_Berjaya_disimpan' is clickable

2019-04-09 13:25:04 - [TEST_STEP][PASSED] - element = findWebElement(findTestObject("Perolehan/005 Kemasukan Terimaan/002 Kemasukan Inden Kerja/button_OK_close_rekod_berjaya"), 300): null

2019-04-09 13:25:04 - [TEST_STEP][PASSED] - takeScreenshot(): Taking screenshot successfully

2019-04-09 13:25:04 - [MESSAGE][PASSED] - Taking screenshot successfully
[[ATTACHMENT|C:\\Users\\Consultant_MSPHitect\\Katalon Studio\\TrainingonKatalon\\Reports\\Perolehan\\08 Inden Kerja - CEK - Perak\\20190409_122752\\1554787504492.png]]

2019-04-09 13:25:04 - [TEST_STEP][PASSED] - executeJavaScript("arguments[0].click", Arrays.asList(element)): Execute JavaScript 'arguments[0].click' successfully

2019-04-09 13:25:04 - [MESSAGE][PASSED] - Execute JavaScript 'arguments[0].click' successfully

2019-04-09 13:25:04 - [TEST_STEP][PASSED] - delay(3): Delayed 3 second(s)

2019-04-09 13:25:07 - [MESSAGE][PASSED] - Delayed 3 second(s)

2019-04-09 13:25:07 - [TEST_STEP][PASSED] - click(findTestObject("Perolehan/005 Kemasukan Terimaan/002 Kemasukan Inden Kerja/button_OK_close_rekod_berjaya")): Object: 'Object Repository/Perolehan/005 Kemasukan Terimaan/002 Kemasukan Inden Kerja/button_OK_close_rekod_berjaya' is clicked on

2019-04-09 13:25:07 - [MESSAGE][PASSED] - Object: 'Object Repository/Perolehan/005 Kemasukan Terimaan/002 Kemasukan Inden Kerja/button_OK_close_rekod_berjaya' is clicked on

2019-04-09 13:25:07 - [TEST_STEP][PASSED] - closeBrowser(): Browser is closed

2019-04-09 13:25:08 - [MESSAGE][PASSED] - Browser is closed]]></system-out>
         <system-err><![CDATA[]]></system-err>
      </testcase>
      <testcase name="Test Cases/Perolehan/006 Arahan Bayaran/008 Arahan Bayaran Inden Kerja - CEK" classname="Test Cases/Perolehan/006 Arahan Bayaran/008 Arahan Bayaran Inden Kerja - CEK" status="PASSED">
         <system-out><![CDATA[2019-04-09 13:25:08 - [TEST_CASE][PASSED] - Test Cases/Perolehan/006 Arahan Bayaran/008 Arahan Bayaran Inden Kerja - CEK: Test Cases/Perolehan/006 Arahan Bayaran/008 Arahan Bayaran Inden Kerja - CEK

2019-04-09 13:25:08 - [TEST_STEP][PASSED] - reusablefunctions.reusablefunctions.openbrowser(): reusablefunctions.reusablefunctions.openbrowser is PASSED

2019-04-09 13:25:08 - [MESSAGE][INFO] - Starting 'Chrome' driver

2019-04-09 13:25:11 - [MESSAGE][PASSED] - Browser is opened with url: 'https://175.143.52.101:7011/1SPEKSv2/'

2019-04-09 13:25:11 - [MESSAGE][PASSED] - reusablefunctions.reusablefunctions.openbrowser is PASSED

2019-04-09 13:25:11 - [TEST_STEP][PASSED] - reusablefunctions.reusablefunctions.Login(PenyediaPTJ, findTestData("ispekstestdata").getValue(2, 4)): reusablefunctions.reusablefunctions.Login is PASSED

2019-04-09 13:25:11 - [MESSAGE][PASSED] - Text '601101955194' is set on object 'Object Repository/Login/input_NoKadPengenalan'

2019-04-09 13:25:11 - [MESSAGE][PASSED] - Text ****** has been set on object 'Object Repository/Login/input_Password'

2019-04-09 13:25:18 - [MESSAGE][PASSED] - Object: 'Object Repository/Login/input_ButtonLogMasuk' is clicked on

2019-04-09 13:25:28 - [MESSAGE][PASSED] - Delayed 10 second(s)

2019-04-09 13:25:28 - [MESSAGE][PASSED] - reusablefunctions.reusablefunctions.Login is PASSED

2019-04-09 13:25:28 - [TEST_STEP][PASSED] - delay(3): Delayed 3 second(s)

2019-04-09 13:25:31 - [MESSAGE][PASSED] - Delayed 3 second(s)

2019-04-09 13:25:31 - [TEST_STEP][PASSED] - reusablefunctions.reusablefunctions.PerananPenyediaPTJ(): reusablefunctions.reusablefunctions.PerananPenyediaPTJ is PASSED

2019-04-09 13:25:31 - [MESSAGE][PASSED] - Object: 'Object Repository/Perolehan/TukarPeranan/IconTukarPeranan' is clicked on

2019-04-09 13:25:31 - [MESSAGE][PASSED] - Object: 'Object Repository/Perolehan/TukarPeranan/input_TukarPeranan' is clicked on

2019-04-09 13:25:31 - [MESSAGE][PASSED] - Object: 'Object Repository/Perolehan/TukarPeranan/button_Ya' is clicked on

2019-04-09 13:25:51 - [MESSAGE][PASSED] - Delayed 20 second(s)

2019-04-09 13:25:53 - [MESSAGE][PASSED] - Text 'Peranan : [Penyedia] Peringkat : [PTJ]' is present on page 

2019-04-09 13:25:53 - [MESSAGE][PASSED] - reusablefunctions.reusablefunctions.PerananPenyediaPTJ is PASSED

2019-04-09 13:25:53 - [TEST_STEP][PASSED] - click(findTestObject("Perolehan/001 Left_Menu_Selection/a_ExpandMenuonLeft")): Object: 'Object Repository/Perolehan/001 Left_Menu_Selection/a_ExpandMenuonLeft' is clicked on

2019-04-09 13:25:54 - [MESSAGE][PASSED] - Object: 'Object Repository/Perolehan/001 Left_Menu_Selection/a_ExpandMenuonLeft' is clicked on

2019-04-09 13:25:54 - [TEST_STEP][PASSED] - delay(3, STOP_ON_FAILURE): Delayed 3 second(s)

2019-04-09 13:25:57 - [MESSAGE][PASSED] - Delayed 3 second(s)

2019-04-09 13:25:57 - [TEST_STEP][PASSED] - click(findTestObject("Perolehan/001 Left_Menu_Selection/div_PanelTitlePerolehan")): Object: 'Object Repository/Perolehan/001 Left_Menu_Selection/div_PanelTitlePerolehan' is clicked on

2019-04-09 13:25:57 - [MESSAGE][PASSED] - Object: 'Object Repository/Perolehan/001 Left_Menu_Selection/div_PanelTitlePerolehan' is clicked on

2019-04-09 13:25:57 - [TEST_STEP][PASSED] - delay(3, STOP_ON_FAILURE): Delayed 3 second(s)

2019-04-09 13:26:00 - [MESSAGE][PASSED] - Delayed 3 second(s)

2019-04-09 13:26:00 - [TEST_STEP][PASSED] - click(findTestObject("Perolehan/001 Left_Menu_Selection/div_Menu_ArahanBayaran")): Object: 'Object Repository/Perolehan/001 Left_Menu_Selection/div_Menu_ArahanBayaran' is clicked on

2019-04-09 13:26:00 - [MESSAGE][PASSED] - Object: 'Object Repository/Perolehan/001 Left_Menu_Selection/div_Menu_ArahanBayaran' is clicked on

2019-04-09 13:26:00 - [TEST_STEP][PASSED] - assert true: null

2019-04-09 13:26:00 - [TEST_STEP][PASSED] - delay(3): Delayed 3 second(s)

2019-04-09 13:26:03 - [MESSAGE][PASSED] - Delayed 3 second(s)

2019-04-09 13:26:03 - [TEST_STEP][PASSED] - click(findTestObject("Perolehan/006 Arahan Bayaran/001 Pesanan Tempatan/button_REKOD_BARU")): Object: 'Object Repository/Perolehan/006 Arahan Bayaran/001 Pesanan Tempatan/button_REKOD_BARU' is clicked on

2019-04-09 13:26:03 - [MESSAGE][PASSED] - Object: 'Object Repository/Perolehan/006 Arahan Bayaran/001 Pesanan Tempatan/button_REKOD_BARU' is clicked on

2019-04-09 13:26:03 - [TEST_STEP][PASSED] - delay(3): Delayed 3 second(s)

2019-04-09 13:26:06 - [MESSAGE][PASSED] - Delayed 3 second(s)

2019-04-09 13:26:06 - [TEST_STEP][PASSED] - click(findTestObject("Perolehan/006 Arahan Bayaran/002 Inden Kerja - EFT/Drop_Down_Jenis_Baucar_Bayaran"), STOP_ON_FAILURE): Object: 'Object Repository/Perolehan/006 Arahan Bayaran/002 Inden Kerja - EFT/Drop_Down_Jenis_Baucar_Bayaran' is clicked on

2019-04-09 13:26:06 - [MESSAGE][PASSED] - Object: 'Object Repository/Perolehan/006 Arahan Bayaran/002 Inden Kerja - EFT/Drop_Down_Jenis_Baucar_Bayaran' is clicked on

2019-04-09 13:26:06 - [TEST_STEP][PASSED] - delay(3): Delayed 3 second(s)

2019-04-09 13:26:09 - [MESSAGE][PASSED] - Delayed 3 second(s)

2019-04-09 13:26:09 - [TEST_STEP][PASSED] - click(findTestObject("Perolehan/006 Arahan Bayaran/002 Inden Kerja - EFT/select_AB0303_Inden_Kerja")): Object: 'Object Repository/Perolehan/006 Arahan Bayaran/002 Inden Kerja - EFT/select_AB0303_Inden_Kerja' is clicked on

2019-04-09 13:26:09 - [MESSAGE][PASSED] - Object: 'Object Repository/Perolehan/006 Arahan Bayaran/002 Inden Kerja - EFT/select_AB0303_Inden_Kerja' is clicked on

2019-04-09 13:26:09 - [TEST_STEP][PASSED] - delay(3): Delayed 3 second(s)

2019-04-09 13:26:12 - [MESSAGE][PASSED] - Delayed 3 second(s)

2019-04-09 13:26:12 - [TEST_STEP][PASSED] - click(findTestObject("Perolehan/006 Arahan Bayaran/002 Inden Kerja - EFT/Drop_Down_Nama_Pembekal")): Object: 'Object Repository/Perolehan/006 Arahan Bayaran/002 Inden Kerja - EFT/Drop_Down_Nama_Pembekal' is clicked on

2019-04-09 13:26:12 - [MESSAGE][PASSED] - Object: 'Object Repository/Perolehan/006 Arahan Bayaran/002 Inden Kerja - EFT/Drop_Down_Nama_Pembekal' is clicked on

2019-04-09 13:26:12 - [TEST_STEP][PASSED] - delay(3): Delayed 3 second(s)

2019-04-09 13:26:15 - [MESSAGE][PASSED] - Delayed 3 second(s)

2019-04-09 13:26:15 - [TEST_STEP][PASSED] - setText(findTestObject("Perolehan/006 Arahan Bayaran/001 Pesanan Tempatan/input_kod_pembekal"), nama_pembekal_cek): Text 'ZAM MEDITRADE' is set on object 'Object Repository/Perolehan/006 Arahan Bayaran/001 Pesanan Tempatan/input_kod_pembekal'

2019-04-09 13:26:16 - [MESSAGE][PASSED] - Text 'ZAM MEDITRADE' is set on object 'Object Repository/Perolehan/006 Arahan Bayaran/001 Pesanan Tempatan/input_kod_pembekal'

2019-04-09 13:26:16 - [TEST_STEP][PASSED] - delay(3): Delayed 3 second(s)

2019-04-09 13:26:19 - [MESSAGE][PASSED] - Delayed 3 second(s)

2019-04-09 13:26:19 - [TEST_STEP][PASSED] - click(findTestObject("Perolehan/006 Arahan Bayaran/003 Inden Kerja - CEK/select_nama_pembekal", ["text":nama_pembekal_cek]), STOP_ON_FAILURE): Object: 'Object Repository/Perolehan/006 Arahan Bayaran/003 Inden Kerja - CEK/select_nama_pembekal' is clicked on

2019-04-09 13:26:19 - [MESSAGE][PASSED] - Object: 'Object Repository/Perolehan/006 Arahan Bayaran/003 Inden Kerja - CEK/select_nama_pembekal' is clicked on

2019-04-09 13:26:19 - [TEST_STEP][PASSED] - delay(3): Delayed 3 second(s)

2019-04-09 13:26:22 - [MESSAGE][PASSED] - Delayed 3 second(s)

2019-04-09 13:26:22 - [TEST_STEP][PASSED] - click(findTestObject("Perolehan/006 Arahan Bayaran/005 Pesanan Tempatan dan Inden Kerja/Drop_Down_Cara_Bayaran")): Object: 'Object Repository/Perolehan/006 Arahan Bayaran/005 Pesanan Tempatan dan Inden Kerja/Drop_Down_Cara_Bayaran' is clicked on

2019-04-09 13:26:22 - [MESSAGE][PASSED] - Object: 'Object Repository/Perolehan/006 Arahan Bayaran/005 Pesanan Tempatan dan Inden Kerja/Drop_Down_Cara_Bayaran' is clicked on

2019-04-09 13:26:22 - [TEST_STEP][PASSED] - click(findTestObject("Perolehan/006 Arahan Bayaran/005 Pesanan Tempatan dan Inden Kerja/Select_CEK")): Object: 'Object Repository/Perolehan/006 Arahan Bayaran/005 Pesanan Tempatan dan Inden Kerja/Select_CEK' is clicked on

2019-04-09 13:26:22 - [MESSAGE][PASSED] - Object: 'Object Repository/Perolehan/006 Arahan Bayaran/005 Pesanan Tempatan dan Inden Kerja/Select_CEK' is clicked on

2019-04-09 13:26:22 - [TEST_STEP][PASSED] - delay(3): Delayed 3 second(s)

2019-04-09 13:26:25 - [MESSAGE][PASSED] - Delayed 3 second(s)

2019-04-09 13:26:25 - [TEST_STEP][PASSED] - mydate = new java.util.Date(): null

2019-04-09 13:26:25 - [TEST_STEP][PASSED] - setText(findTestObject("Perolehan/006 Arahan Bayaran/002 Inden Kerja - EFT/input_Perihal"), "This is a test for Arahan Bayaran Julia " + mydate): Text 'This is a test for Arahan Bayaran Julia Tue Apr 09 13:26:25 SGT 2019' is set on object 'Object Repository/Perolehan/006 Arahan Bayaran/002 Inden Kerja - EFT/input_Perihal'

2019-04-09 13:26:25 - [MESSAGE][PASSED] - Text 'This is a test for Arahan Bayaran Julia Tue Apr 09 13:26:25 SGT 2019' is set on object 'Object Repository/Perolehan/006 Arahan Bayaran/002 Inden Kerja - EFT/input_Perihal'

2019-04-09 13:26:25 - [TEST_STEP][PASSED] - delay(3): Delayed 3 second(s)

2019-04-09 13:26:28 - [MESSAGE][PASSED] - Delayed 3 second(s)

2019-04-09 13:26:28 - [TEST_STEP][PASSED] - doubleClick(findTestObject("Perolehan/006 Arahan Bayaran/002 Inden Kerja - EFT/List_maklumat_terimaan_barang")): Object: 'Object Repository/Perolehan/006 Arahan Bayaran/002 Inden Kerja - EFT/List_maklumat_terimaan_barang' is double clicked on

2019-04-09 13:26:29 - [MESSAGE][PASSED] - Object: 'Object Repository/Perolehan/006 Arahan Bayaran/002 Inden Kerja - EFT/List_maklumat_terimaan_barang' is double clicked on

2019-04-09 13:26:29 - [TEST_STEP][PASSED] - delay(3): Delayed 3 second(s)

2019-04-09 13:26:32 - [MESSAGE][PASSED] - Delayed 3 second(s)

2019-04-09 13:26:32 - [TEST_STEP][PASSED] - RN = Math.random() * 10000: null

2019-04-09 13:26:32 - [TEST_STEP][PASSED] - println(RN): null

2019-04-09 13:26:32 - [TEST_STEP][PASSED] - setText(findTestObject("Perolehan/006 Arahan Bayaran/002 Inden Kerja - EFT/input_No_Invois"), "INV0" + RN): Text 'INV08951' is set on object 'Object Repository/Perolehan/006 Arahan Bayaran/002 Inden Kerja - EFT/input_No_Invois'

2019-04-09 13:26:32 - [MESSAGE][PASSED] - Text 'INV08951' is set on object 'Object Repository/Perolehan/006 Arahan Bayaran/002 Inden Kerja - EFT/input_No_Invois'

2019-04-09 13:26:32 - [TEST_STEP][PASSED] - delay(3): Delayed 3 second(s)

2019-04-09 13:26:35 - [MESSAGE][PASSED] - Delayed 3 second(s)

2019-04-09 13:26:35 - [TEST_STEP][PASSED] - setText(findTestObject("Perolehan/006 Arahan Bayaran/002 Inden Kerja - EFT/input_Amaun_Invois"), TotalAmaunPT): Text '6.32' is set on object 'Object Repository/Perolehan/006 Arahan Bayaran/002 Inden Kerja - EFT/input_Amaun_Invois'

2019-04-09 13:26:35 - [MESSAGE][PASSED] - Text '6.32' is set on object 'Object Repository/Perolehan/006 Arahan Bayaran/002 Inden Kerja - EFT/input_Amaun_Invois'

2019-04-09 13:26:35 - [TEST_STEP][PASSED] - delay(3): Delayed 3 second(s)

2019-04-09 13:26:38 - [MESSAGE][PASSED] - Delayed 3 second(s)

2019-04-09 13:26:38 - [TEST_STEP][PASSED] - click(findTestObject("Perolehan/006 Arahan Bayaran/003 Inden Kerja - CEK/Label_Tarikh_Invois")): Object: 'Object Repository/Perolehan/006 Arahan Bayaran/003 Inden Kerja - CEK/Label_Tarikh_Invois' is clicked on

2019-04-09 13:26:38 - [MESSAGE][PASSED] - Object: 'Object Repository/Perolehan/006 Arahan Bayaran/003 Inden Kerja - CEK/Label_Tarikh_Invois' is clicked on

2019-04-09 13:26:38 - [TEST_STEP][PASSED] - click(findTestObject("Perolehan/006 Arahan Bayaran/003 Inden Kerja - CEK/Date_Picker_TI")): Object: 'Object Repository/Perolehan/006 Arahan Bayaran/003 Inden Kerja - CEK/Date_Picker_TI' is clicked on

2019-04-09 13:26:38 - [MESSAGE][PASSED] - Object: 'Object Repository/Perolehan/006 Arahan Bayaran/003 Inden Kerja - CEK/Date_Picker_TI' is clicked on

2019-04-09 13:26:38 - [TEST_STEP][PASSED] - delay(3): Delayed 3 second(s)

2019-04-09 13:26:41 - [MESSAGE][PASSED] - Delayed 3 second(s)

2019-04-09 13:26:41 - [TEST_STEP][PASSED] - click(findTestObject("Perolehan/006 Arahan Bayaran/002 Inden Kerja - EFT/Date_picker_TI_Today")): Object: 'Object Repository/Perolehan/006 Arahan Bayaran/002 Inden Kerja - EFT/Date_picker_TI_Today' is clicked on

2019-04-09 13:26:41 - [MESSAGE][PASSED] - Object: 'Object Repository/Perolehan/006 Arahan Bayaran/002 Inden Kerja - EFT/Date_picker_TI_Today' is clicked on

2019-04-09 13:26:41 - [TEST_STEP][PASSED] - click(findTestObject("Perolehan/006 Arahan Bayaran/002 Inden Kerja - EFT/Date_Picker_TTK"), STOP_ON_FAILURE): Object: 'Object Repository/Perolehan/006 Arahan Bayaran/002 Inden Kerja - EFT/Date_Picker_TTK' is clicked on

2019-04-09 13:26:41 - [MESSAGE][PASSED] - Object: 'Object Repository/Perolehan/006 Arahan Bayaran/002 Inden Kerja - EFT/Date_Picker_TTK' is clicked on

2019-04-09 13:26:41 - [TEST_STEP][PASSED] - click(findTestObject("Perolehan/006 Arahan Bayaran/002 Inden Kerja - EFT/Date_Picker_TTK_Today"), STOP_ON_FAILURE): Object: 'Object Repository/Perolehan/006 Arahan Bayaran/002 Inden Kerja - EFT/Date_Picker_TTK_Today' is clicked on

2019-04-09 13:26:41 - [MESSAGE][PASSED] - Object: 'Object Repository/Perolehan/006 Arahan Bayaran/002 Inden Kerja - EFT/Date_Picker_TTK_Today' is clicked on

2019-04-09 13:26:41 - [TEST_STEP][PASSED] - delay(5): Delayed 5 second(s)

2019-04-09 13:26:46 - [MESSAGE][PASSED] - Delayed 5 second(s)

2019-04-09 13:26:46 - [TEST_STEP][PASSED] - click(findTestObject("Perolehan/006 Arahan Bayaran/002 Inden Kerja - EFT/button_save_maklumat_terimaan_barang")): Object: 'Object Repository/Perolehan/006 Arahan Bayaran/002 Inden Kerja - EFT/button_save_maklumat_terimaan_barang' is clicked on

2019-04-09 13:26:46 - [MESSAGE][PASSED] - Object: 'Object Repository/Perolehan/006 Arahan Bayaran/002 Inden Kerja - EFT/button_save_maklumat_terimaan_barang' is clicked on

2019-04-09 13:26:46 - [TEST_STEP][PASSED] - delay(3): Delayed 3 second(s)

2019-04-09 13:26:49 - [MESSAGE][PASSED] - Delayed 3 second(s)

2019-04-09 13:26:49 - [TEST_STEP][PASSED] - click(findTestObject("Perolehan/006 Arahan Bayaran/002 Inden Kerja - EFT/button_Simpan")): Object: 'Object Repository/Perolehan/006 Arahan Bayaran/002 Inden Kerja - EFT/button_Simpan' is clicked on

2019-04-09 13:26:50 - [MESSAGE][PASSED] - Object: 'Object Repository/Perolehan/006 Arahan Bayaran/002 Inden Kerja - EFT/button_Simpan' is clicked on

2019-04-09 13:26:50 - [TEST_STEP][PASSED] - click(findTestObject("Perolehan/006 Arahan Bayaran/002 Inden Kerja - EFT/button_Ya_Simpan")): Object: 'Object Repository/Perolehan/006 Arahan Bayaran/002 Inden Kerja - EFT/button_Ya_Simpan' is clicked on

2019-04-09 13:26:50 - [MESSAGE][PASSED] - Object: 'Object Repository/Perolehan/006 Arahan Bayaran/002 Inden Kerja - EFT/button_Ya_Simpan' is clicked on

2019-04-09 13:26:50 - [TEST_STEP][PASSED] - delay(3): Delayed 3 second(s)

2019-04-09 13:26:53 - [MESSAGE][PASSED] - Delayed 3 second(s)

2019-04-09 13:26:53 - [TEST_STEP][PASSED] - click(findTestObject("Perolehan/006 Arahan Bayaran/002 Inden Kerja - EFT/button_OK_rekod_disimpan")): Object: 'Object Repository/Perolehan/006 Arahan Bayaran/002 Inden Kerja - EFT/button_OK_rekod_disimpan' is clicked on

2019-04-09 13:26:53 - [MESSAGE][PASSED] - Object: 'Object Repository/Perolehan/006 Arahan Bayaran/002 Inden Kerja - EFT/button_OK_rekod_disimpan' is clicked on

2019-04-09 13:26:53 - [TEST_STEP][PASSED] - click(findTestObject("Perolehan/006 Arahan Bayaran/002 Inden Kerja - EFT/button_Senarai Semak")): Object: 'Object Repository/Perolehan/006 Arahan Bayaran/002 Inden Kerja - EFT/button_Senarai Semak' is clicked on

2019-04-09 13:26:54 - [MESSAGE][PASSED] - Object: 'Object Repository/Perolehan/006 Arahan Bayaran/002 Inden Kerja - EFT/button_Senarai Semak' is clicked on

2019-04-09 13:26:54 - [TEST_STEP][PASSED] - check(findTestObject("Perolehan/006 Arahan Bayaran/002 Inden Kerja - EFT/Senarai_semak_1")): Object 'Object Repository/Perolehan/006 Arahan Bayaran/002 Inden Kerja - EFT/Senarai_semak_1' is checked

2019-04-09 13:26:54 - [MESSAGE][PASSED] - Object 'Object Repository/Perolehan/006 Arahan Bayaran/002 Inden Kerja - EFT/Senarai_semak_1' is checked

2019-04-09 13:26:54 - [TEST_STEP][PASSED] - check(findTestObject("Perolehan/006 Arahan Bayaran/002 Inden Kerja - EFT/Senarai_Semak_2")): Object 'Object Repository/Perolehan/006 Arahan Bayaran/002 Inden Kerja - EFT/Senarai_Semak_2' is checked

2019-04-09 13:26:54 - [MESSAGE][PASSED] - Object 'Object Repository/Perolehan/006 Arahan Bayaran/002 Inden Kerja - EFT/Senarai_Semak_2' is checked

2019-04-09 13:26:54 - [TEST_STEP][PASSED] - check(findTestObject("Perolehan/006 Arahan Bayaran/002 Inden Kerja - EFT/Senarai_semak_3")): Object 'Object Repository/Perolehan/006 Arahan Bayaran/002 Inden Kerja - EFT/Senarai_semak_3' is checked

2019-04-09 13:26:54 - [MESSAGE][PASSED] - Object 'Object Repository/Perolehan/006 Arahan Bayaran/002 Inden Kerja - EFT/Senarai_semak_3' is checked

2019-04-09 13:26:54 - [TEST_STEP][PASSED] - click(findTestObject("Perolehan/006 Arahan Bayaran/002 Inden Kerja - EFT/button_Simpan_Senarai_Semak")): Object: 'Object Repository/Perolehan/006 Arahan Bayaran/002 Inden Kerja - EFT/button_Simpan_Senarai_Semak' is clicked on

2019-04-09 13:26:54 - [MESSAGE][PASSED] - Object: 'Object Repository/Perolehan/006 Arahan Bayaran/002 Inden Kerja - EFT/button_Simpan_Senarai_Semak' is clicked on

2019-04-09 13:26:54 - [TEST_STEP][PASSED] - delay(3): Delayed 3 second(s)

2019-04-09 13:26:57 - [MESSAGE][PASSED] - Delayed 3 second(s)

2019-04-09 13:26:57 - [TEST_STEP][PASSED] - click(findTestObject("Perolehan/006 Arahan Bayaran/002 Inden Kerja - EFT/button_OK_maklumat_Senarai_Semak_disimpan")): Object: 'Object Repository/Perolehan/006 Arahan Bayaran/002 Inden Kerja - EFT/button_OK_maklumat_Senarai_Semak_disimpan' is clicked on

2019-04-09 13:26:57 - [MESSAGE][PASSED] - Object: 'Object Repository/Perolehan/006 Arahan Bayaran/002 Inden Kerja - EFT/button_OK_maklumat_Senarai_Semak_disimpan' is clicked on

2019-04-09 13:26:57 - [TEST_STEP][PASSED] - click(findTestObject("Perolehan/006 Arahan Bayaran/002 Inden Kerja - EFT/button_X_close_senarai_semak")): Object: 'Object Repository/Perolehan/006 Arahan Bayaran/002 Inden Kerja - EFT/button_X_close_senarai_semak' is clicked on

2019-04-09 13:26:58 - [MESSAGE][PASSED] - Object: 'Object Repository/Perolehan/006 Arahan Bayaran/002 Inden Kerja - EFT/button_X_close_senarai_semak' is clicked on

2019-04-09 13:26:58 - [TEST_STEP][PASSED] - delay(3): Delayed 3 second(s)

2019-04-09 13:27:01 - [MESSAGE][PASSED] - Delayed 3 second(s)

2019-04-09 13:27:01 - [TEST_STEP][PASSED] - jumlahbaucarbayaran = getText(findTestObject("Perolehan/006 Arahan Bayaran/005 Pesanan Tempatan dan Inden Kerja/jumlah_baucar_bayaran")): Text of object 'Object Repository/Perolehan/006 Arahan Bayaran/005 Pesanan Tempatan dan Inden Kerja/jumlah_baucar_bayaran' is: '6.30'

2019-04-09 13:27:01 - [MESSAGE][PASSED] - Text of object 'Object Repository/Perolehan/006 Arahan Bayaran/005 Pesanan Tempatan dan Inden Kerja/jumlah_baucar_bayaran' is: '6.30'

2019-04-09 13:27:01 - [TEST_STEP][PASSED] - println(jumlahbaucarbayaran): null

2019-04-09 13:27:01 - [TEST_STEP][PASSED] - jumlah_baucar_bayaran = jumlahbaucarbayaran: null

2019-04-09 13:27:01 - [TEST_STEP][PASSED] - click(findTestObject("Perolehan/006 Arahan Bayaran/002 Inden Kerja - EFT/button_Sah Simpan")): Object: 'Object Repository/Perolehan/006 Arahan Bayaran/002 Inden Kerja - EFT/button_Sah Simpan' is clicked on

2019-04-09 13:27:01 - [MESSAGE][PASSED] - Object: 'Object Repository/Perolehan/006 Arahan Bayaran/002 Inden Kerja - EFT/button_Sah Simpan' is clicked on

2019-04-09 13:27:01 - [TEST_STEP][PASSED] - click(findTestObject("Perolehan/006 Arahan Bayaran/002 Inden Kerja - EFT/button_Ya_Sah_Simpan")): Object: 'Object Repository/Perolehan/006 Arahan Bayaran/002 Inden Kerja - EFT/button_Ya_Sah_Simpan' is clicked on

2019-04-09 13:27:01 - [MESSAGE][PASSED] - Object: 'Object Repository/Perolehan/006 Arahan Bayaran/002 Inden Kerja - EFT/button_Ya_Sah_Simpan' is clicked on

2019-04-09 13:27:01 - [TEST_STEP][PASSED] - delay(3): Delayed 3 second(s)

2019-04-09 13:27:04 - [MESSAGE][PASSED] - Delayed 3 second(s)

2019-04-09 13:27:04 - [TEST_STEP][PASSED] - takeScreenshot(): Taking screenshot successfully

2019-04-09 13:27:04 - [MESSAGE][PASSED] - Taking screenshot successfully
[[ATTACHMENT|C:\\Users\\Consultant_MSPHitect\\Katalon Studio\\TrainingonKatalon\\Reports\\Perolehan\\08 Inden Kerja - CEK - Perak\\20190409_122752\\1554787624267.png]]

2019-04-09 13:27:04 - [TEST_STEP][PASSED] - attribute = getText(findTestObject("Perolehan/006 Arahan Bayaran/002 Inden Kerja - EFT/Rekod Telah Berjaya Disah Simpan")): Text of object 'Object Repository/Perolehan/006 Arahan Bayaran/002 Inden Kerja - EFT/Rekod Telah Berjaya Disah Simpan' is: 'Rekod Telah Berjaya Disah Simpan. [ NO REKOD :19DAAB030300053 ]'

2019-04-09 13:27:04 - [MESSAGE][PASSED] - Text of object 'Object Repository/Perolehan/006 Arahan Bayaran/002 Inden Kerja - EFT/Rekod Telah Berjaya Disah Simpan' is: 'Rekod Telah Berjaya Disah Simpan. [ NO REKOD :19DAAB030300053 ]'

2019-04-09 13:27:04 - [TEST_STEP][PASSED] - println(attribute): null

2019-04-09 13:27:04 - [TEST_STEP][PASSED] - ArahanBayaranID = attribute[(46..60)]: null

2019-04-09 13:27:04 - [TEST_STEP][PASSED] - println(ArahanBayaranID): null

2019-04-09 13:27:04 - [TEST_STEP][PASSED] - ArahanBayaranRekodID = ArahanBayaranID: null

2019-04-09 13:27:04 - [TEST_STEP][PASSED] - delay(3): Delayed 3 second(s)

2019-04-09 13:27:07 - [MESSAGE][PASSED] - Delayed 3 second(s)

2019-04-09 13:27:07 - [TEST_STEP][PASSED] - waitForElementClickable(findTestObject("Perolehan/002 Penyedia_RekodBaru/001 Rekod Baru Pesanan Tempatan/button_OK_Rekod_Berjaya_disimpan"), 300): Object 'Object Repository/Perolehan/002 Penyedia_RekodBaru/001 Rekod Baru Pesanan Tempatan/button_OK_Rekod_Berjaya_disimpan' is clickable

2019-04-09 13:27:07 - [MESSAGE][PASSED] - Object 'Object Repository/Perolehan/002 Penyedia_RekodBaru/001 Rekod Baru Pesanan Tempatan/button_OK_Rekod_Berjaya_disimpan' is clickable

2019-04-09 13:27:07 - [TEST_STEP][PASSED] - element = findWebElement(findTestObject("Perolehan/006 Arahan Bayaran/002 Inden Kerja - EFT/button_OK_rekod_berjaya_sah_simpan"), 300): null

2019-04-09 13:27:07 - [TEST_STEP][PASSED] - executeJavaScript("arguments[0].click", Arrays.asList(element)): Execute JavaScript 'arguments[0].click' successfully

2019-04-09 13:27:07 - [MESSAGE][PASSED] - Execute JavaScript 'arguments[0].click' successfully

2019-04-09 13:27:07 - [TEST_STEP][PASSED] - click(findTestObject("Perolehan/006 Arahan Bayaran/002 Inden Kerja - EFT/button_OK_rekod_berjaya_sah_simpan")): Object: 'Object Repository/Perolehan/006 Arahan Bayaran/002 Inden Kerja - EFT/button_OK_rekod_berjaya_sah_simpan' is clicked on

2019-04-09 13:27:07 - [MESSAGE][PASSED] - Object: 'Object Repository/Perolehan/006 Arahan Bayaran/002 Inden Kerja - EFT/button_OK_rekod_berjaya_sah_simpan' is clicked on

2019-04-09 13:27:07 - [TEST_STEP][PASSED] - closeBrowser(): Browser is closed

2019-04-09 13:27:08 - [MESSAGE][PASSED] - Browser is closed]]></system-out>
         <system-err><![CDATA[]]></system-err>
      </testcase>
      <testcase name="Test Cases/Perolehan/006 Arahan Bayaran/012 Penyemak Inden Kerja" classname="Test Cases/Perolehan/006 Arahan Bayaran/012 Penyemak Inden Kerja" status="PASSED">
         <system-out><![CDATA[2019-04-09 13:27:08 - [TEST_CASE][PASSED] - Test Cases/Perolehan/006 Arahan Bayaran/012 Penyemak Inden Kerja: Test Cases/Perolehan/006 Arahan Bayaran/012 Penyemak Inden Kerja

2019-04-09 13:27:08 - [TEST_STEP][PASSED] - reusablefunctions.reusablefunctions.openbrowser(): reusablefunctions.reusablefunctions.openbrowser is PASSED

2019-04-09 13:27:08 - [MESSAGE][INFO] - Starting 'Chrome' driver

2019-04-09 13:27:11 - [MESSAGE][PASSED] - Browser is opened with url: 'https://175.143.52.101:7011/1SPEKSv2/'

2019-04-09 13:27:11 - [MESSAGE][PASSED] - reusablefunctions.reusablefunctions.openbrowser is PASSED

2019-04-09 13:27:11 - [TEST_STEP][PASSED] - reusablefunctions.reusablefunctions.Login(PenyemakPTJ, findTestData("ispekstestdata").getValue(2, 5)): reusablefunctions.reusablefunctions.Login is PASSED

2019-04-09 13:27:11 - [MESSAGE][PASSED] - Text '601101955194' is set on object 'Object Repository/Login/input_NoKadPengenalan'

2019-04-09 13:27:11 - [MESSAGE][PASSED] - Text ****** has been set on object 'Object Repository/Login/input_Password'

2019-04-09 13:27:18 - [MESSAGE][PASSED] - Object: 'Object Repository/Login/input_ButtonLogMasuk' is clicked on

2019-04-09 13:27:28 - [MESSAGE][PASSED] - Delayed 10 second(s)

2019-04-09 13:27:28 - [MESSAGE][PASSED] - reusablefunctions.reusablefunctions.Login is PASSED

2019-04-09 13:27:28 - [TEST_STEP][PASSED] - click(findTestObject("Perolehan/TukarPeranan/IconTukarPeranan")): Object: 'Object Repository/Perolehan/TukarPeranan/IconTukarPeranan' is clicked on

2019-04-09 13:27:28 - [MESSAGE][PASSED] - Object: 'Object Repository/Perolehan/TukarPeranan/IconTukarPeranan' is clicked on

2019-04-09 13:27:28 - [TEST_STEP][PASSED] - click(findTestObject("Perolehan/TukarPeranan/input_TukarPeranan", ["value":RBPenyemakPTJ])): Object: 'Object Repository/Perolehan/TukarPeranan/input_TukarPeranan' is clicked on

2019-04-09 13:27:28 - [MESSAGE][PASSED] - Object: 'Object Repository/Perolehan/TukarPeranan/input_TukarPeranan' is clicked on

2019-04-09 13:27:28 - [TEST_STEP][PASSED] - click(findTestObject("Perolehan/TukarPeranan/button_Ya")): Object: 'Object Repository/Perolehan/TukarPeranan/button_Ya' is clicked on

2019-04-09 13:27:28 - [MESSAGE][PASSED] - Object: 'Object Repository/Perolehan/TukarPeranan/button_Ya' is clicked on

2019-04-09 13:27:28 - [TEST_STEP][PASSED] - delay(20): Delayed 20 second(s)

2019-04-09 13:27:48 - [MESSAGE][PASSED] - Delayed 20 second(s)

2019-04-09 13:27:48 - [TEST_STEP][PASSED] - verifyTextPresent("Peranan : [Penyemak] Peringkat : [PTJ]", false): Text 'Peranan : [Penyemak] Peringkat : [PTJ]' is present on page 

2019-04-09 13:27:50 - [MESSAGE][PASSED] - Text 'Peranan : [Penyemak] Peringkat : [PTJ]' is present on page 

2019-04-09 13:27:50 - [TEST_STEP][PASSED] - delay(5): Delayed 5 second(s)

2019-04-09 13:27:55 - [MESSAGE][PASSED] - Delayed 5 second(s)

2019-04-09 13:27:55 - [TEST_STEP][PASSED] - click(findTestObject("Perolehan/001 Left_Menu_Selection/a_ExpandMenuonLeft")): Object: 'Object Repository/Perolehan/001 Left_Menu_Selection/a_ExpandMenuonLeft' is clicked on

2019-04-09 13:27:56 - [MESSAGE][PASSED] - Object: 'Object Repository/Perolehan/001 Left_Menu_Selection/a_ExpandMenuonLeft' is clicked on

2019-04-09 13:27:56 - [TEST_STEP][PASSED] - delay(3, STOP_ON_FAILURE): Delayed 3 second(s)

2019-04-09 13:27:59 - [MESSAGE][PASSED] - Delayed 3 second(s)

2019-04-09 13:27:59 - [TEST_STEP][PASSED] - click(findTestObject("Perolehan/001 Left_Menu_Selection/div_PanelTitlePerolehan")): Object: 'Object Repository/Perolehan/001 Left_Menu_Selection/div_PanelTitlePerolehan' is clicked on

2019-04-09 13:27:59 - [MESSAGE][PASSED] - Object: 'Object Repository/Perolehan/001 Left_Menu_Selection/div_PanelTitlePerolehan' is clicked on

2019-04-09 13:27:59 - [TEST_STEP][PASSED] - delay(3, STOP_ON_FAILURE): Delayed 3 second(s)

2019-04-09 13:28:02 - [MESSAGE][PASSED] - Delayed 3 second(s)

2019-04-09 13:28:02 - [TEST_STEP][PASSED] - click(findTestObject("Perolehan/001 Left_Menu_Selection/div_Menu_ArahanBayaran")): Object: 'Object Repository/Perolehan/001 Left_Menu_Selection/div_Menu_ArahanBayaran' is clicked on

2019-04-09 13:28:02 - [MESSAGE][PASSED] - Object: 'Object Repository/Perolehan/001 Left_Menu_Selection/div_Menu_ArahanBayaran' is clicked on

2019-04-09 13:28:02 - [TEST_STEP][PASSED] - assert true: null

2019-04-09 13:28:02 - [TEST_STEP][PASSED] - delay(3): Delayed 3 second(s)

2019-04-09 13:28:05 - [MESSAGE][PASSED] - Delayed 3 second(s)

2019-04-09 13:28:05 - [TEST_STEP][PASSED] - setText(findTestObject("Perolehan/006 Arahan Bayaran/004 Penyemak/input_TABLE_NAME_noRekod"), ArahanBayaranRekodID): Text '19DAAB030300053' is set on object 'Object Repository/Perolehan/006 Arahan Bayaran/004 Penyemak/input_TABLE_NAME_noRekod'

2019-04-09 13:28:10 - [MESSAGE][PASSED] - Text '19DAAB030300053' is set on object 'Object Repository/Perolehan/006 Arahan Bayaran/004 Penyemak/input_TABLE_NAME_noRekod'

2019-04-09 13:28:10 - [TEST_STEP][PASSED] - delay(3): Delayed 3 second(s)

2019-04-09 13:28:13 - [MESSAGE][PASSED] - Delayed 3 second(s)

2019-04-09 13:28:13 - [TEST_STEP][PASSED] - doubleClick(findTestObject("Perolehan/006 Arahan Bayaran/004 Penyemak/select_noRekod", ["text":ArahanBayaranRekodID])): Object: 'Object Repository/Perolehan/006 Arahan Bayaran/004 Penyemak/select_noRekod' is double clicked on

2019-04-09 13:28:13 - [MESSAGE][PASSED] - Object: 'Object Repository/Perolehan/006 Arahan Bayaran/004 Penyemak/select_noRekod' is double clicked on

2019-04-09 13:28:13 - [TEST_STEP][PASSED] - delay(5): Delayed 5 second(s)

2019-04-09 13:28:18 - [MESSAGE][PASSED] - Delayed 5 second(s)

2019-04-09 13:28:18 - [TEST_STEP][PASSED] - jumlah = getText(findTestObject("Perolehan/006 Arahan Bayaran/005 Pesanan Tempatan dan Inden Kerja/jumlah_PT")): Text of object 'Object Repository/Perolehan/006 Arahan Bayaran/005 Pesanan Tempatan dan Inden Kerja/jumlah_PT' is: '6.30'

2019-04-09 13:28:18 - [MESSAGE][PASSED] - Text of object 'Object Repository/Perolehan/006 Arahan Bayaran/005 Pesanan Tempatan dan Inden Kerja/jumlah_PT' is: '6.30'

2019-04-09 13:28:18 - [TEST_STEP][PASSED] - verifyMatch(jumlah, jumlah_baucar_bayaran, false): Actual text '6.30' and expected text '6.30' are matched 

2019-04-09 13:28:18 - [MESSAGE][PASSED] - Actual text '6.30' and expected text '6.30' are matched 

2019-04-09 13:28:18 - [TEST_STEP][PASSED] - click(findTestObject("Perolehan/006 Arahan Bayaran/004 Penyemak/button_Senarai_Semak")): Object: 'Object Repository/Perolehan/006 Arahan Bayaran/004 Penyemak/button_Senarai_Semak' is clicked on

2019-04-09 13:28:19 - [MESSAGE][PASSED] - Object: 'Object Repository/Perolehan/006 Arahan Bayaran/004 Penyemak/button_Senarai_Semak' is clicked on

2019-04-09 13:28:19 - [TEST_STEP][PASSED] - delay(3): Delayed 3 second(s)

2019-04-09 13:28:22 - [MESSAGE][PASSED] - Delayed 3 second(s)

2019-04-09 13:28:22 - [TEST_STEP][PASSED] - verifyElementChecked(findTestObject("Perolehan/006 Arahan Bayaran/002 Inden Kerja - EFT/Senarai_semak_1"), 3): Object 'Object Repository/Perolehan/006 Arahan Bayaran/002 Inden Kerja - EFT/Senarai_semak_1' is checked

2019-04-09 13:28:22 - [MESSAGE][PASSED] - Object 'Object Repository/Perolehan/006 Arahan Bayaran/002 Inden Kerja - EFT/Senarai_semak_1' is checked

2019-04-09 13:28:22 - [TEST_STEP][PASSED] - verifyElementChecked(findTestObject("Perolehan/006 Arahan Bayaran/002 Inden Kerja - EFT/Senarai_Semak_2"), 3): Object 'Object Repository/Perolehan/006 Arahan Bayaran/002 Inden Kerja - EFT/Senarai_Semak_2' is checked

2019-04-09 13:28:22 - [MESSAGE][PASSED] - Object 'Object Repository/Perolehan/006 Arahan Bayaran/002 Inden Kerja - EFT/Senarai_Semak_2' is checked

2019-04-09 13:28:22 - [TEST_STEP][PASSED] - verifyElementChecked(findTestObject("Perolehan/006 Arahan Bayaran/002 Inden Kerja - EFT/Senarai_semak_3"), 3): Object 'Object Repository/Perolehan/006 Arahan Bayaran/002 Inden Kerja - EFT/Senarai_semak_3' is checked

2019-04-09 13:28:22 - [MESSAGE][PASSED] - Object 'Object Repository/Perolehan/006 Arahan Bayaran/002 Inden Kerja - EFT/Senarai_semak_3' is checked

2019-04-09 13:28:22 - [TEST_STEP][PASSED] - click(findTestObject("Perolehan/006 Arahan Bayaran/004 Penyemak/button_X_Close_Senarai_Semak")): Object: 'Object Repository/Perolehan/006 Arahan Bayaran/004 Penyemak/button_X_Close_Senarai_Semak' is clicked on

2019-04-09 13:28:22 - [MESSAGE][PASSED] - Object: 'Object Repository/Perolehan/006 Arahan Bayaran/004 Penyemak/button_X_Close_Senarai_Semak' is clicked on

2019-04-09 13:28:22 - [TEST_STEP][PASSED] - click(findTestObject("Perolehan/006 Arahan Bayaran/004 Penyemak/button_Semak")): Object: 'Object Repository/Perolehan/006 Arahan Bayaran/004 Penyemak/button_Semak' is clicked on

2019-04-09 13:28:22 - [MESSAGE][PASSED] - Object: 'Object Repository/Perolehan/006 Arahan Bayaran/004 Penyemak/button_Semak' is clicked on

2019-04-09 13:28:22 - [TEST_STEP][PASSED] - click(findTestObject("Perolehan/006 Arahan Bayaran/004 Penyemak/button_Ya_Semak")): Object: 'Object Repository/Perolehan/006 Arahan Bayaran/004 Penyemak/button_Ya_Semak' is clicked on

2019-04-09 13:28:22 - [MESSAGE][PASSED] - Object: 'Object Repository/Perolehan/006 Arahan Bayaran/004 Penyemak/button_Ya_Semak' is clicked on

2019-04-09 13:28:22 - [TEST_STEP][PASSED] - delay(3): Delayed 3 second(s)

2019-04-09 13:28:25 - [MESSAGE][PASSED] - Delayed 3 second(s)

2019-04-09 13:28:25 - [TEST_STEP][PASSED] - waitForElementClickable(findTestObject("Perolehan/002 Penyedia_RekodBaru/001 Rekod Baru Pesanan Tempatan/button_OK_Rekod_Berjaya_disimpan"), 300): Object 'Object Repository/Perolehan/002 Penyedia_RekodBaru/001 Rekod Baru Pesanan Tempatan/button_OK_Rekod_Berjaya_disimpan' is clickable

2019-04-09 13:28:28 - [MESSAGE][PASSED] - Object 'Object Repository/Perolehan/002 Penyedia_RekodBaru/001 Rekod Baru Pesanan Tempatan/button_OK_Rekod_Berjaya_disimpan' is clickable

2019-04-09 13:28:28 - [TEST_STEP][PASSED] - element = findWebElement(findTestObject("Perolehan/006 Arahan Bayaran/004 Penyemak/button_OK_berjaya_disemak"), 300): null

2019-04-09 13:28:28 - [TEST_STEP][PASSED] - takeScreenshot(): Taking screenshot successfully

2019-04-09 13:28:28 - [MESSAGE][PASSED] - Taking screenshot successfully
[[ATTACHMENT|C:\\Users\\Consultant_MSPHitect\\Katalon Studio\\TrainingonKatalon\\Reports\\Perolehan\\08 Inden Kerja - CEK - Perak\\20190409_122752\\1554787708538.png]]

2019-04-09 13:28:28 - [TEST_STEP][PASSED] - delay(3): Delayed 3 second(s)

2019-04-09 13:28:31 - [MESSAGE][PASSED] - Delayed 3 second(s)

2019-04-09 13:28:31 - [TEST_STEP][PASSED] - executeJavaScript("arguments[0].click", Arrays.asList(element)): Execute JavaScript 'arguments[0].click' successfully

2019-04-09 13:28:31 - [MESSAGE][PASSED] - Execute JavaScript 'arguments[0].click' successfully

2019-04-09 13:28:31 - [TEST_STEP][PASSED] - click(findTestObject("Perolehan/006 Arahan Bayaran/004 Penyemak/button_OK_berjaya_disemak")): Object: 'Object Repository/Perolehan/006 Arahan Bayaran/004 Penyemak/button_OK_berjaya_disemak' is clicked on

2019-04-09 13:28:31 - [MESSAGE][PASSED] - Object: 'Object Repository/Perolehan/006 Arahan Bayaran/004 Penyemak/button_OK_berjaya_disemak' is clicked on

2019-04-09 13:28:31 - [TEST_STEP][PASSED] - closeBrowser(STOP_ON_FAILURE): Browser is closed

2019-04-09 13:28:32 - [MESSAGE][PASSED] - Browser is closed]]></system-out>
         <system-err><![CDATA[]]></system-err>
      </testcase>
      <testcase name="Test Cases/Perolehan/007 Proses Baucar Bayaran/004 Pelulus Baucar Bayaran IK - CEK" classname="Test Cases/Perolehan/007 Proses Baucar Bayaran/004 Pelulus Baucar Bayaran IK - CEK" status="PASSED">
         <system-out><![CDATA[2019-04-09 13:28:32 - [TEST_CASE][PASSED] - Test Cases/Perolehan/007 Proses Baucar Bayaran/004 Pelulus Baucar Bayaran IK - CEK: Test Cases/Perolehan/007 Proses Baucar Bayaran/004 Pelulus Baucar Bayaran IK - CEK

2019-04-09 13:28:32 - [TEST_STEP][PASSED] - reusablefunctions.reusablefunctions.openbrowser(): reusablefunctions.reusablefunctions.openbrowser is PASSED

2019-04-09 13:28:32 - [MESSAGE][INFO] - Starting 'Chrome' driver

2019-04-09 13:28:35 - [MESSAGE][PASSED] - Browser is opened with url: 'https://175.143.52.101:7011/1SPEKSv2/'

2019-04-09 13:28:35 - [MESSAGE][PASSED] - reusablefunctions.reusablefunctions.openbrowser is PASSED

2019-04-09 13:28:35 - [TEST_STEP][PASSED] - reusablefunctions.reusablefunctions.Login(PelulusPTJ, findTestData("ispekstestdata").getValue(2, 7)): reusablefunctions.reusablefunctions.Login is PASSED

2019-04-09 13:28:35 - [MESSAGE][PASSED] - Text '601101955194' is set on object 'Object Repository/Login/input_NoKadPengenalan'

2019-04-09 13:28:35 - [MESSAGE][PASSED] - Text ****** has been set on object 'Object Repository/Login/input_Password'

2019-04-09 13:28:42 - [MESSAGE][PASSED] - Object: 'Object Repository/Login/input_ButtonLogMasuk' is clicked on

2019-04-09 13:28:52 - [MESSAGE][PASSED] - Delayed 10 second(s)

2019-04-09 13:28:52 - [MESSAGE][PASSED] - reusablefunctions.reusablefunctions.Login is PASSED

2019-04-09 13:28:52 - [TEST_STEP][PASSED] - click(findTestObject("Perolehan/TukarPeranan/IconTukarPeranan")): Object: 'Object Repository/Perolehan/TukarPeranan/IconTukarPeranan' is clicked on

2019-04-09 13:28:52 - [MESSAGE][PASSED] - Object: 'Object Repository/Perolehan/TukarPeranan/IconTukarPeranan' is clicked on

2019-04-09 13:28:52 - [TEST_STEP][PASSED] - click(findTestObject("Perolehan/TukarPeranan/input_TukarPeranan", ["value":RBPelulusPTJ])): Object: 'Object Repository/Perolehan/TukarPeranan/input_TukarPeranan' is clicked on

2019-04-09 13:28:52 - [MESSAGE][PASSED] - Object: 'Object Repository/Perolehan/TukarPeranan/input_TukarPeranan' is clicked on

2019-04-09 13:28:52 - [TEST_STEP][PASSED] - click(findTestObject("Perolehan/TukarPeranan/button_Ya")): Object: 'Object Repository/Perolehan/TukarPeranan/button_Ya' is clicked on

2019-04-09 13:28:52 - [MESSAGE][PASSED] - Object: 'Object Repository/Perolehan/TukarPeranan/button_Ya' is clicked on

2019-04-09 13:28:52 - [TEST_STEP][PASSED] - delay(20): Delayed 20 second(s)

2019-04-09 13:29:12 - [MESSAGE][PASSED] - Delayed 20 second(s)

2019-04-09 13:29:12 - [TEST_STEP][PASSED] - verifyTextPresent("Peranan : [Pelulus] Peringkat : [PTJ]", false): Text 'Peranan : [Pelulus] Peringkat : [PTJ]' is present on page 

2019-04-09 13:29:14 - [MESSAGE][PASSED] - Text 'Peranan : [Pelulus] Peringkat : [PTJ]' is present on page 

2019-04-09 13:29:14 - [TEST_STEP][PASSED] - click(findTestObject("Perolehan/007 Proses Baucar Bayaran/001 Pelulus PT/Menu_Sisi")): Object: 'Object Repository/Perolehan/007 Proses Baucar Bayaran/001 Pelulus PT/Menu_Sisi' is clicked on

2019-04-09 13:29:15 - [MESSAGE][PASSED] - Object: 'Object Repository/Perolehan/007 Proses Baucar Bayaran/001 Pelulus PT/Menu_Sisi' is clicked on

2019-04-09 13:29:15 - [TEST_STEP][PASSED] - delay(3): Delayed 3 second(s)

2019-04-09 13:29:18 - [MESSAGE][PASSED] - Delayed 3 second(s)

2019-04-09 13:29:18 - [TEST_STEP][PASSED] - click(findTestObject("Perolehan/007 Proses Baucar Bayaran/001 Pelulus PT/Menu_Akaun Belum Bayar")): Object: 'Object Repository/Perolehan/007 Proses Baucar Bayaran/001 Pelulus PT/Menu_Akaun Belum Bayar' is clicked on

2019-04-09 13:29:18 - [MESSAGE][PASSED] - Object: 'Object Repository/Perolehan/007 Proses Baucar Bayaran/001 Pelulus PT/Menu_Akaun Belum Bayar' is clicked on

2019-04-09 13:29:18 - [TEST_STEP][PASSED] - delay(3): Delayed 3 second(s)

2019-04-09 13:29:21 - [MESSAGE][PASSED] - Delayed 3 second(s)

2019-04-09 13:29:21 - [TEST_STEP][PASSED] - click(findTestObject("Perolehan/007 Proses Baucar Bayaran/001 Pelulus PT/Menu_Expand_Baucar_Bayaran")): Object: 'Object Repository/Perolehan/007 Proses Baucar Bayaran/001 Pelulus PT/Menu_Expand_Baucar_Bayaran' is clicked on

2019-04-09 13:29:21 - [MESSAGE][PASSED] - Object: 'Object Repository/Perolehan/007 Proses Baucar Bayaran/001 Pelulus PT/Menu_Expand_Baucar_Bayaran' is clicked on

2019-04-09 13:29:21 - [TEST_STEP][PASSED] - delay(3): Delayed 3 second(s)

2019-04-09 13:29:24 - [MESSAGE][PASSED] - Delayed 3 second(s)

2019-04-09 13:29:24 - [TEST_STEP][PASSED] - click(findTestObject("Perolehan/007 Proses Baucar Bayaran/001 Pelulus PT/Menu_Integrasi_Dalaman")): Object: 'Object Repository/Perolehan/007 Proses Baucar Bayaran/001 Pelulus PT/Menu_Integrasi_Dalaman' is clicked on

2019-04-09 13:29:24 - [MESSAGE][PASSED] - Object: 'Object Repository/Perolehan/007 Proses Baucar Bayaran/001 Pelulus PT/Menu_Integrasi_Dalaman' is clicked on

2019-04-09 13:29:24 - [TEST_STEP][PASSED] - delay(3): Delayed 3 second(s)

2019-04-09 13:29:27 - [MESSAGE][PASSED] - Delayed 3 second(s)

2019-04-09 13:29:27 - [TEST_STEP][PASSED] - setText(findTestObject("Perolehan/007 Proses Baucar Bayaran/001 Pelulus PT/input_No_Rekod"), ArahanBayaranRekodID): Text '19DAAB030300053' is set on object 'Object Repository/Perolehan/007 Proses Baucar Bayaran/001 Pelulus PT/input_No_Rekod'

2019-04-09 13:29:28 - [MESSAGE][PASSED] - Text '19DAAB030300053' is set on object 'Object Repository/Perolehan/007 Proses Baucar Bayaran/001 Pelulus PT/input_No_Rekod'

2019-04-09 13:29:28 - [TEST_STEP][PASSED] - delay(3): Delayed 3 second(s)

2019-04-09 13:29:31 - [MESSAGE][PASSED] - Delayed 3 second(s)

2019-04-09 13:29:31 - [TEST_STEP][PASSED] - doubleClick(findTestObject("Perolehan/007 Proses Baucar Bayaran/001 Pelulus PT/select_No_Rekod", ["text":ArahanBayaranRekodID])): Object: 'Object Repository/Perolehan/007 Proses Baucar Bayaran/001 Pelulus PT/select_No_Rekod' is double clicked on

2019-04-09 13:29:31 - [MESSAGE][PASSED] - Object: 'Object Repository/Perolehan/007 Proses Baucar Bayaran/001 Pelulus PT/select_No_Rekod' is double clicked on

2019-04-09 13:29:31 - [TEST_STEP][PASSED] - delay(3): Delayed 3 second(s)

2019-04-09 13:29:34 - [MESSAGE][PASSED] - Delayed 3 second(s)

2019-04-09 13:29:34 - [TEST_STEP][PASSED] - namapembekal = getText(findTestObject("Perolehan/007 Proses Baucar Bayaran/002 Pelulus IK/pembekal_penerima - CEK", ["text":nama_pembekal_cek])): Text of object 'Object Repository/Perolehan/007 Proses Baucar Bayaran/002 Pelulus IK/pembekal_penerima - CEK' is: 'ZAM MEDITRADE'

2019-04-09 13:29:34 - [MESSAGE][PASSED] - Text of object 'Object Repository/Perolehan/007 Proses Baucar Bayaran/002 Pelulus IK/pembekal_penerima - CEK' is: 'ZAM MEDITRADE'

2019-04-09 13:29:34 - [TEST_STEP][PASSED] - delay(3): Delayed 3 second(s)

2019-04-09 13:29:37 - [MESSAGE][PASSED] - Delayed 3 second(s)

2019-04-09 13:29:37 - [TEST_STEP][PASSED] - verifyMatch(namapembekal, nama_pembekal_cek, false): Actual text 'ZAM MEDITRADE' and expected text 'ZAM MEDITRADE' are matched 

2019-04-09 13:29:37 - [MESSAGE][PASSED] - Actual text 'ZAM MEDITRADE' and expected text 'ZAM MEDITRADE' are matched 

2019-04-09 13:29:37 - [TEST_STEP][PASSED] - jumlahkeseluruhan = getText(findTestObject("Perolehan/007 Proses Baucar Bayaran/001 Pelulus PT/jumlah_amaun")): Text of object 'Object Repository/Perolehan/007 Proses Baucar Bayaran/001 Pelulus PT/jumlah_amaun' is: '6.30'

2019-04-09 13:29:37 - [MESSAGE][PASSED] - Text of object 'Object Repository/Perolehan/007 Proses Baucar Bayaran/001 Pelulus PT/jumlah_amaun' is: '6.30'

2019-04-09 13:29:37 - [TEST_STEP][PASSED] - delay(15): Delayed 15 second(s)

2019-04-09 13:29:52 - [MESSAGE][PASSED] - Delayed 15 second(s)

2019-04-09 13:29:52 - [TEST_STEP][PASSED] - verifyMatch(jumlahkeseluruhan, jumlah_baucar_bayaran, false): Actual text '6.30' and expected text '6.30' are matched 

2019-04-09 13:29:52 - [MESSAGE][PASSED] - Actual text '6.30' and expected text '6.30' are matched 

2019-04-09 13:29:52 - [TEST_STEP][PASSED] - click(findTestObject("Perolehan/007 Proses Baucar Bayaran/001 Pelulus PT/button_Lulus")): Object: 'Object Repository/Perolehan/007 Proses Baucar Bayaran/001 Pelulus PT/button_Lulus' is clicked on

2019-04-09 13:29:52 - [MESSAGE][PASSED] - Object: 'Object Repository/Perolehan/007 Proses Baucar Bayaran/001 Pelulus PT/button_Lulus' is clicked on

2019-04-09 13:29:52 - [TEST_STEP][PASSED] - delay(3): Delayed 3 second(s)

2019-04-09 13:29:55 - [MESSAGE][PASSED] - Delayed 3 second(s)

2019-04-09 13:29:55 - [TEST_STEP][PASSED] - click(findTestObject("Perolehan/007 Proses Baucar Bayaran/001 Pelulus PT/button_Ya_Lulus")): Object: 'Object Repository/Perolehan/007 Proses Baucar Bayaran/001 Pelulus PT/button_Ya_Lulus' is clicked on

2019-04-09 13:29:55 - [MESSAGE][PASSED] - Object: 'Object Repository/Perolehan/007 Proses Baucar Bayaran/001 Pelulus PT/button_Ya_Lulus' is clicked on

2019-04-09 13:29:55 - [TEST_STEP][PASSED] - delay(3): Delayed 3 second(s)

2019-04-09 13:29:58 - [MESSAGE][PASSED] - Delayed 3 second(s)

2019-04-09 13:29:58 - [TEST_STEP][PASSED] - No_Baucar = getText(findTestObject("Perolehan/007 Proses Baucar Bayaran/001 Pelulus PT/div_Rekod Berjaya Diluluskan")): Text of object 'Object Repository/Perolehan/007 Proses Baucar Bayaran/001 Pelulus PT/div_Rekod Berjaya Diluluskan' is: 'Rekod Berjaya Diluluskan.
No. Baucar : 19DABB0400162
Adakah Anda Ingin Mencetak Rekod Ini?
YaTidak'

2019-04-09 13:29:59 - [MESSAGE][PASSED] - Text of object 'Object Repository/Perolehan/007 Proses Baucar Bayaran/001 Pelulus PT/div_Rekod Berjaya Diluluskan' is: 'Rekod Berjaya Diluluskan.
No. Baucar : 19DABB0400162
Adakah Anda Ingin Mencetak Rekod Ini?
YaTidak'

2019-04-09 13:29:59 - [TEST_STEP][PASSED] - println(No_Baucar): null

2019-04-09 13:29:59 - [TEST_STEP][PASSED] - Baucar_id = No_Baucar[(39..51)]: null

2019-04-09 13:29:59 - [TEST_STEP][PASSED] - println(Baucar_id): null

2019-04-09 13:29:59 - [TEST_STEP][PASSED] - Nombor_Baucar = Baucar_id: null

2019-04-09 13:29:59 - [TEST_STEP][PASSED] - delay(3): Delayed 3 second(s)

2019-04-09 13:30:02 - [MESSAGE][PASSED] - Delayed 3 second(s)

2019-04-09 13:30:02 - [TEST_STEP][PASSED] - waitForElementClickable(findTestObject("Perolehan/007 Proses Baucar Bayaran/001 Pelulus PT/button_Ya_Cetak"), 300): Object 'Object Repository/Perolehan/007 Proses Baucar Bayaran/001 Pelulus PT/button_Ya_Cetak' is clickable

2019-04-09 13:30:02 - [MESSAGE][PASSED] - Object 'Object Repository/Perolehan/007 Proses Baucar Bayaran/001 Pelulus PT/button_Ya_Cetak' is clickable

2019-04-09 13:30:02 - [TEST_STEP][PASSED] - element = findWebElement(findTestObject("Perolehan/007 Proses Baucar Bayaran/001 Pelulus PT/button_Ya_Cetak"), 300): null

2019-04-09 13:30:02 - [TEST_STEP][PASSED] - executeJavaScript("arguments[0].click", Arrays.asList(element)): Execute JavaScript 'arguments[0].click' successfully

2019-04-09 13:30:02 - [MESSAGE][PASSED] - Execute JavaScript 'arguments[0].click' successfully

2019-04-09 13:30:02 - [TEST_STEP][PASSED] - click(findTestObject("Perolehan/007 Proses Baucar Bayaran/001 Pelulus PT/button_Ya_Cetak")): Object: 'Object Repository/Perolehan/007 Proses Baucar Bayaran/001 Pelulus PT/button_Ya_Cetak' is clicked on

2019-04-09 13:30:25 - [MESSAGE][PASSED] - Object: 'Object Repository/Perolehan/007 Proses Baucar Bayaran/001 Pelulus PT/button_Ya_Cetak' is clicked on

2019-04-09 13:30:25 - [TEST_STEP][PASSED] - switchToWindowIndex(1): Switched to window with index: '1'

2019-04-09 13:30:25 - [MESSAGE][PASSED] - Switched to window with index: '1'

2019-04-09 13:30:25 - [TEST_STEP][PASSED] - delay(3): Delayed 3 second(s)

2019-04-09 13:30:28 - [MESSAGE][PASSED] - Delayed 3 second(s)

2019-04-09 13:30:28 - [TEST_STEP][PASSED] - waitForPageLoad(180): Wait for page load successfully

2019-04-09 13:30:30 - [MESSAGE][PASSED] - Wait for page load successfully

2019-04-09 13:30:30 - [TEST_STEP][PASSED] - takeScreenshot(): Taking screenshot successfully

2019-04-09 13:30:30 - [MESSAGE][PASSED] - Taking screenshot successfully
[[ATTACHMENT|C:\\Users\\Consultant_MSPHitect\\Katalon Studio\\TrainingonKatalon\\Reports\\Perolehan\\08 Inden Kerja - CEK - Perak\\20190409_122752\\1554787830031.png]]

2019-04-09 13:30:30 - [TEST_STEP][PASSED] - switchToWindowIndex(0): Switched to window with index: '0'

2019-04-09 13:30:30 - [MESSAGE][PASSED] - Switched to window with index: '0'

2019-04-09 13:30:30 - [TEST_STEP][PASSED] - delay(3): Delayed 3 second(s)

2019-04-09 13:30:33 - [MESSAGE][PASSED] - Delayed 3 second(s)

2019-04-09 13:30:33 - [TEST_STEP][PASSED] - closeBrowser(): Browser is closed

2019-04-09 13:30:34 - [MESSAGE][PASSED] - Browser is closed]]></system-out>
         <system-err><![CDATA[]]></system-err>
      </testcase>
      <testcase name="Test Cases/Perolehan/008 Posting Bayaran/002 Posting Bayaran - CEK" classname="Test Cases/Perolehan/008 Posting Bayaran/002 Posting Bayaran - CEK" status="PASSED">
         <system-out><![CDATA[2019-04-09 13:30:34 - [TEST_CASE][PASSED] - Test Cases/Perolehan/008 Posting Bayaran/002 Posting Bayaran - CEK: Test Cases/Perolehan/008 Posting Bayaran/002 Posting Bayaran - CEK

2019-04-09 13:30:34 - [TEST_STEP][PASSED] - reusablefunctions.reusablefunctions.openbrowser(): reusablefunctions.reusablefunctions.openbrowser is PASSED

2019-04-09 13:30:34 - [MESSAGE][INFO] - Starting 'Chrome' driver

2019-04-09 13:30:36 - [MESSAGE][PASSED] - Browser is opened with url: 'https://175.143.52.101:7011/1SPEKSv2/'

2019-04-09 13:30:36 - [MESSAGE][PASSED] - reusablefunctions.reusablefunctions.openbrowser is PASSED

2019-04-09 13:30:36 - [TEST_STEP][PASSED] - reusablefunctions.reusablefunctions.Login(PelulusPTJ, findTestData("ispekstestdata").getValue(2, 7)): reusablefunctions.reusablefunctions.Login is PASSED

2019-04-09 13:30:36 - [MESSAGE][PASSED] - Text '601101955194' is set on object 'Object Repository/Login/input_NoKadPengenalan'

2019-04-09 13:30:37 - [MESSAGE][PASSED] - Text ****** has been set on object 'Object Repository/Login/input_Password'

2019-04-09 13:30:47 - [MESSAGE][PASSED] - Object: 'Object Repository/Login/input_ButtonLogMasuk' is clicked on

2019-04-09 13:30:57 - [MESSAGE][PASSED] - Delayed 10 second(s)

2019-04-09 13:30:57 - [MESSAGE][PASSED] - reusablefunctions.reusablefunctions.Login is PASSED

2019-04-09 13:30:57 - [TEST_STEP][PASSED] - click(findTestObject("Perolehan/TukarPeranan/IconTukarPeranan")): Object: 'Object Repository/Perolehan/TukarPeranan/IconTukarPeranan' is clicked on

2019-04-09 13:30:57 - [MESSAGE][PASSED] - Object: 'Object Repository/Perolehan/TukarPeranan/IconTukarPeranan' is clicked on

2019-04-09 13:30:57 - [TEST_STEP][PASSED] - click(findTestObject("Perolehan/TukarPeranan/input_TukarPeranan", ["value":RBPelulusBN])): Object: 'Object Repository/Perolehan/TukarPeranan/input_TukarPeranan' is clicked on

2019-04-09 13:30:57 - [MESSAGE][PASSED] - Object: 'Object Repository/Perolehan/TukarPeranan/input_TukarPeranan' is clicked on

2019-04-09 13:30:57 - [TEST_STEP][PASSED] - click(findTestObject("Perolehan/TukarPeranan/button_Ya")): Object: 'Object Repository/Perolehan/TukarPeranan/button_Ya' is clicked on

2019-04-09 13:30:57 - [MESSAGE][PASSED] - Object: 'Object Repository/Perolehan/TukarPeranan/button_Ya' is clicked on

2019-04-09 13:30:57 - [TEST_STEP][PASSED] - delay(25): Delayed 25 second(s)

2019-04-09 13:31:22 - [MESSAGE][PASSED] - Delayed 25 second(s)

2019-04-09 13:31:22 - [TEST_STEP][PASSED] - verifyTextPresent("Peranan : [Pelulus] Peringkat : [BN]", false): Text 'Peranan : [Pelulus] Peringkat : [BN]' is present on page 

2019-04-09 13:31:24 - [MESSAGE][PASSED] - Text 'Peranan : [Pelulus] Peringkat : [BN]' is present on page 

2019-04-09 13:31:24 - [TEST_STEP][PASSED] - click(findTestObject("Perolehan/001 Left_Menu_Selection/a_ExpandMenuonLeft")): Object: 'Object Repository/Perolehan/001 Left_Menu_Selection/a_ExpandMenuonLeft' is clicked on

2019-04-09 13:31:25 - [MESSAGE][PASSED] - Object: 'Object Repository/Perolehan/001 Left_Menu_Selection/a_ExpandMenuonLeft' is clicked on

2019-04-09 13:31:25 - [TEST_STEP][PASSED] - delay(3): Delayed 3 second(s)

2019-04-09 13:31:28 - [MESSAGE][PASSED] - Delayed 3 second(s)

2019-04-09 13:31:28 - [TEST_STEP][PASSED] - click(findTestObject("Perolehan/001 Left_Menu_Selection/div_PanelTitlePengurusanTunai")): Object: 'Object Repository/Perolehan/001 Left_Menu_Selection/div_PanelTitlePengurusanTunai' is clicked on

2019-04-09 13:31:28 - [MESSAGE][PASSED] - Object: 'Object Repository/Perolehan/001 Left_Menu_Selection/div_PanelTitlePengurusanTunai' is clicked on

2019-04-09 13:31:28 - [TEST_STEP][PASSED] - delay(3): Delayed 3 second(s)

2019-04-09 13:31:31 - [MESSAGE][PASSED] - Delayed 3 second(s)

2019-04-09 13:31:31 - [TEST_STEP][PASSED] - click(findTestObject("Perolehan/001 Left_Menu_Selection/div_PostBayaran")): Object: 'Object Repository/Perolehan/001 Left_Menu_Selection/div_PostBayaran' is clicked on

2019-04-09 13:31:31 - [MESSAGE][PASSED] - Object: 'Object Repository/Perolehan/001 Left_Menu_Selection/div_PostBayaran' is clicked on

2019-04-09 13:31:31 - [TEST_STEP][PASSED] - delay(3): Delayed 3 second(s)

2019-04-09 13:31:34 - [MESSAGE][PASSED] - Delayed 3 second(s)

2019-04-09 13:31:34 - [TEST_STEP][PASSED] - click(findTestObject("Perolehan/008 Post Bayaran/Drop_Down_Cara_Bayaran")): Object: 'Object Repository/Perolehan/008 Post Bayaran/Drop_Down_Cara_Bayaran' is clicked on

2019-04-09 13:31:34 - [MESSAGE][PASSED] - Object: 'Object Repository/Perolehan/008 Post Bayaran/Drop_Down_Cara_Bayaran' is clicked on

2019-04-09 13:31:34 - [TEST_STEP][PASSED] - click(findTestObject("Perolehan/008 Post Bayaran/Select_Cara_Bayaran_CEK")): Object: 'Object Repository/Perolehan/008 Post Bayaran/Select_Cara_Bayaran_CEK' is clicked on

2019-04-09 13:31:34 - [MESSAGE][PASSED] - Object: 'Object Repository/Perolehan/008 Post Bayaran/Select_Cara_Bayaran_CEK' is clicked on

2019-04-09 13:31:34 - [TEST_STEP][PASSED] - delay(3): Delayed 3 second(s)

2019-04-09 13:31:37 - [MESSAGE][PASSED] - Delayed 3 second(s)

2019-04-09 13:31:37 - [TEST_STEP][PASSED] - click(findTestObject("Perolehan/008 Post Bayaran/Drop_down_No_Baucar")): Object: 'Object Repository/Perolehan/008 Post Bayaran/Drop_down_No_Baucar' is clicked on

2019-04-09 13:31:37 - [MESSAGE][PASSED] - Object: 'Object Repository/Perolehan/008 Post Bayaran/Drop_down_No_Baucar' is clicked on

2019-04-09 13:31:37 - [TEST_STEP][PASSED] - delay(3): Delayed 3 second(s)

2019-04-09 13:31:40 - [MESSAGE][PASSED] - Delayed 3 second(s)

2019-04-09 13:31:40 - [TEST_STEP][PASSED] - setText(findTestObject("Perolehan/008 Post Bayaran/input_No. Baucar_noBaucar"), Nombor_Baucar): Text '19DABB0400162' is set on object 'Object Repository/Perolehan/008 Post Bayaran/input_No. Baucar_noBaucar'

2019-04-09 13:31:41 - [MESSAGE][PASSED] - Text '19DABB0400162' is set on object 'Object Repository/Perolehan/008 Post Bayaran/input_No. Baucar_noBaucar'

2019-04-09 13:31:41 - [TEST_STEP][PASSED] - delay(3): Delayed 3 second(s)

2019-04-09 13:31:44 - [MESSAGE][PASSED] - Delayed 3 second(s)

2019-04-09 13:31:44 - [TEST_STEP][PASSED] - click(findTestObject("Perolehan/008 Post Bayaran/select_No_Baucar", ["text":Nombor_Baucar])): Object: 'Object Repository/Perolehan/008 Post Bayaran/select_No_Baucar' is clicked on

2019-04-09 13:31:44 - [MESSAGE][PASSED] - Object: 'Object Repository/Perolehan/008 Post Bayaran/select_No_Baucar' is clicked on

2019-04-09 13:31:44 - [TEST_STEP][PASSED] - delay(3): Delayed 3 second(s)

2019-04-09 13:31:47 - [MESSAGE][PASSED] - Delayed 3 second(s)

2019-04-09 13:31:47 - [TEST_STEP][PASSED] - click(findTestObject("Perolehan/008 Post Bayaran/button_Cari")): Object: 'Object Repository/Perolehan/008 Post Bayaran/button_Cari' is clicked on

2019-04-09 13:31:47 - [MESSAGE][PASSED] - Object: 'Object Repository/Perolehan/008 Post Bayaran/button_Cari' is clicked on

2019-04-09 13:31:47 - [TEST_STEP][PASSED] - delay(25): Delayed 25 second(s)

2019-04-09 13:32:12 - [MESSAGE][PASSED] - Delayed 25 second(s)

2019-04-09 13:32:12 - [TEST_STEP][PASSED] - waitForElementClickable(findTestObject("Perolehan/008 Post Bayaran/checkbox_proses"), 180): Object 'Object Repository/Perolehan/008 Post Bayaran/checkbox_proses' is clickable

2019-04-09 13:32:12 - [MESSAGE][PASSED] - Object 'Object Repository/Perolehan/008 Post Bayaran/checkbox_proses' is clickable

2019-04-09 13:32:12 - [TEST_STEP][PASSED] - check(findTestObject("Perolehan/008 Post Bayaran/checkbox_proses")): Object 'Object Repository/Perolehan/008 Post Bayaran/checkbox_proses' is checked

2019-04-09 13:32:12 - [MESSAGE][PASSED] - Object 'Object Repository/Perolehan/008 Post Bayaran/checkbox_proses' is checked

2019-04-09 13:32:12 - [TEST_STEP][PASSED] - click(findTestObject("Perolehan/008 Post Bayaran/button_proses")): Object: 'Object Repository/Perolehan/008 Post Bayaran/button_proses' is clicked on

2019-04-09 13:32:12 - [MESSAGE][PASSED] - Object: 'Object Repository/Perolehan/008 Post Bayaran/button_proses' is clicked on

2019-04-09 13:32:12 - [TEST_STEP][PASSED] - delay(3): Delayed 3 second(s)

2019-04-09 13:32:15 - [MESSAGE][PASSED] - Delayed 3 second(s)

2019-04-09 13:32:15 - [TEST_STEP][PASSED] - click(findTestObject("Perolehan/008 Post Bayaran/button_Ya_Proses")): Object: 'Object Repository/Perolehan/008 Post Bayaran/button_Ya_Proses' is clicked on

2019-04-09 13:32:16 - [MESSAGE][PASSED] - Object: 'Object Repository/Perolehan/008 Post Bayaran/button_Ya_Proses' is clicked on

2019-04-09 13:32:16 - [TEST_STEP][PASSED] - delay(10): Delayed 10 second(s)

2019-04-09 13:32:26 - [MESSAGE][PASSED] - Delayed 10 second(s)

2019-04-09 13:32:26 - [TEST_STEP][PASSED] - waitForElementPresent(findTestObject("Perolehan/008 Post Bayaran/button_OK"), 180): Object 'Object Repository/Perolehan/008 Post Bayaran/button_OK' is present

2019-04-09 13:32:26 - [MESSAGE][PASSED] - Object 'Object Repository/Perolehan/008 Post Bayaran/button_OK' is present

2019-04-09 13:32:26 - [TEST_STEP][PASSED] - verifyTextPresent("Proses Posting Berjaya.", false): Text 'Proses Posting Berjaya.' is present on page 

2019-04-09 13:32:26 - [MESSAGE][PASSED] - Text 'Proses Posting Berjaya.' is present on page 

2019-04-09 13:32:26 - [TEST_STEP][PASSED] - takeScreenshot(): Taking screenshot successfully

2019-04-09 13:32:27 - [MESSAGE][PASSED] - Taking screenshot successfully
[[ATTACHMENT|C:\\Users\\Consultant_MSPHitect\\Katalon Studio\\TrainingonKatalon\\Reports\\Perolehan\\08 Inden Kerja - CEK - Perak\\20190409_122752\\1554787946792.png]]

2019-04-09 13:32:27 - [TEST_STEP][PASSED] - waitForElementClickable(findTestObject("Perolehan/002 Penyedia_RekodBaru/001 Rekod Baru Pesanan Tempatan/button_OK_Rekod_Berjaya_disimpan"), 300): Object 'Object Repository/Perolehan/002 Penyedia_RekodBaru/001 Rekod Baru Pesanan Tempatan/button_OK_Rekod_Berjaya_disimpan' is clickable

2019-04-09 13:32:27 - [MESSAGE][PASSED] - Object 'Object Repository/Perolehan/002 Penyedia_RekodBaru/001 Rekod Baru Pesanan Tempatan/button_OK_Rekod_Berjaya_disimpan' is clickable

2019-04-09 13:32:27 - [TEST_STEP][PASSED] - element = findWebElement(findTestObject("Perolehan/008 Post Bayaran/button_OK"), 300): null

2019-04-09 13:32:27 - [TEST_STEP][PASSED] - executeJavaScript("arguments[0].click", Arrays.asList(element)): Execute JavaScript 'arguments[0].click' successfully

2019-04-09 13:32:27 - [MESSAGE][PASSED] - Execute JavaScript 'arguments[0].click' successfully

2019-04-09 13:32:27 - [TEST_STEP][PASSED] - click(findTestObject("Perolehan/008 Post Bayaran/button_OK")): Object: 'Object Repository/Perolehan/008 Post Bayaran/button_OK' is clicked on

2019-04-09 13:32:27 - [MESSAGE][PASSED] - Object: 'Object Repository/Perolehan/008 Post Bayaran/button_OK' is clicked on

2019-04-09 13:32:27 - [TEST_STEP][PASSED] - delay(3): Delayed 3 second(s)

2019-04-09 13:32:30 - [MESSAGE][PASSED] - Delayed 3 second(s)

2019-04-09 13:32:30 - [TEST_STEP][PASSED] - closeBrowser(): Browser is closed

2019-04-09 13:32:31 - [MESSAGE][PASSED] - Browser is closed]]></system-out>
         <system-err><![CDATA[]]></system-err>
      </testcase>
      <testcase name="Test Cases/Perolehan/009 Penyedia Cetak Baucar Bayaran/001 Penyedia Cetak Baucar Bayaran" classname="Test Cases/Perolehan/009 Penyedia Cetak Baucar Bayaran/001 Penyedia Cetak Baucar Bayaran" status="PASSED">
         <system-out><![CDATA[2019-04-09 13:32:31 - [TEST_CASE][PASSED] - Test Cases/Perolehan/009 Penyedia Cetak Baucar Bayaran/001 Penyedia Cetak Baucar Bayaran: Test Cases/Perolehan/009 Penyedia Cetak Baucar Bayaran/001 Penyedia Cetak Baucar Bayaran

2019-04-09 13:32:31 - [TEST_STEP][PASSED] - reusablefunctions.reusablefunctions.openbrowser(): reusablefunctions.reusablefunctions.openbrowser is PASSED

2019-04-09 13:32:31 - [MESSAGE][INFO] - Starting 'Chrome' driver

2019-04-09 13:32:35 - [MESSAGE][PASSED] - Browser is opened with url: 'https://175.143.52.101:7011/1SPEKSv2/'

2019-04-09 13:32:35 - [MESSAGE][PASSED] - reusablefunctions.reusablefunctions.openbrowser is PASSED

2019-04-09 13:32:35 - [TEST_STEP][PASSED] - reusablefunctions.reusablefunctions.Login(PenyediaPTJ, findTestData("ispekstestdata").getValue(2, 4)): reusablefunctions.reusablefunctions.Login is PASSED

2019-04-09 13:32:35 - [MESSAGE][PASSED] - Text '601101955194' is set on object 'Object Repository/Login/input_NoKadPengenalan'

2019-04-09 13:32:35 - [MESSAGE][PASSED] - Text ****** has been set on object 'Object Repository/Login/input_Password'

2019-04-09 13:32:42 - [MESSAGE][PASSED] - Object: 'Object Repository/Login/input_ButtonLogMasuk' is clicked on

2019-04-09 13:32:52 - [MESSAGE][PASSED] - Delayed 10 second(s)

2019-04-09 13:32:52 - [MESSAGE][PASSED] - reusablefunctions.reusablefunctions.Login is PASSED

2019-04-09 13:32:52 - [TEST_STEP][PASSED] - click(findTestObject("Perolehan/TukarPeranan/IconTukarPeranan")): Object: 'Object Repository/Perolehan/TukarPeranan/IconTukarPeranan' is clicked on

2019-04-09 13:32:52 - [MESSAGE][PASSED] - Object: 'Object Repository/Perolehan/TukarPeranan/IconTukarPeranan' is clicked on

2019-04-09 13:32:52 - [TEST_STEP][PASSED] - click(findTestObject("Perolehan/TukarPeranan/input_TukarPeranan", ["value":RBPenyediaPTJ])): Object: 'Object Repository/Perolehan/TukarPeranan/input_TukarPeranan' is clicked on

2019-04-09 13:32:52 - [MESSAGE][PASSED] - Object: 'Object Repository/Perolehan/TukarPeranan/input_TukarPeranan' is clicked on

2019-04-09 13:32:52 - [TEST_STEP][PASSED] - click(findTestObject("Perolehan/TukarPeranan/button_Ya")): Object: 'Object Repository/Perolehan/TukarPeranan/button_Ya' is clicked on

2019-04-09 13:32:52 - [MESSAGE][PASSED] - Object: 'Object Repository/Perolehan/TukarPeranan/button_Ya' is clicked on

2019-04-09 13:32:52 - [TEST_STEP][PASSED] - delay(20): Delayed 20 second(s)

2019-04-09 13:33:12 - [MESSAGE][PASSED] - Delayed 20 second(s)

2019-04-09 13:33:12 - [TEST_STEP][PASSED] - verifyTextPresent("Peranan : [Penyedia] Peringkat : [PTJ]", false): Text 'Peranan : [Penyedia] Peringkat : [PTJ]' is present on page 

2019-04-09 13:33:14 - [MESSAGE][PASSED] - Text 'Peranan : [Penyedia] Peringkat : [PTJ]' is present on page 

2019-04-09 13:33:14 - [TEST_STEP][PASSED] - click(findTestObject("Perolehan/001 Left_Menu_Selection/a_ExpandMenuonLeft")): Object: 'Object Repository/Perolehan/001 Left_Menu_Selection/a_ExpandMenuonLeft' is clicked on

2019-04-09 13:33:15 - [MESSAGE][PASSED] - Object: 'Object Repository/Perolehan/001 Left_Menu_Selection/a_ExpandMenuonLeft' is clicked on

2019-04-09 13:33:15 - [TEST_STEP][PASSED] - delay(3): Delayed 3 second(s)

2019-04-09 13:33:18 - [MESSAGE][PASSED] - Delayed 3 second(s)

2019-04-09 13:33:18 - [TEST_STEP][PASSED] - click(findTestObject("Perolehan/001 Left_Menu_Selection/Menu_Akaun Belum Bayar")): Object: 'Object Repository/Perolehan/001 Left_Menu_Selection/Menu_Akaun Belum Bayar' is clicked on

2019-04-09 13:33:18 - [MESSAGE][PASSED] - Object: 'Object Repository/Perolehan/001 Left_Menu_Selection/Menu_Akaun Belum Bayar' is clicked on

2019-04-09 13:33:18 - [TEST_STEP][PASSED] - delay(3): Delayed 3 second(s)

2019-04-09 13:33:21 - [MESSAGE][PASSED] - Delayed 3 second(s)

2019-04-09 13:33:21 - [TEST_STEP][PASSED] - click(findTestObject("Perolehan/001 Left_Menu_Selection/div_Carian_Akaun_Belum_Bayar")): Object: 'Object Repository/Perolehan/001 Left_Menu_Selection/div_Carian_Akaun_Belum_Bayar' is clicked on

2019-04-09 13:33:21 - [MESSAGE][PASSED] - Object: 'Object Repository/Perolehan/001 Left_Menu_Selection/div_Carian_Akaun_Belum_Bayar' is clicked on

2019-04-09 13:33:21 - [TEST_STEP][PASSED] - delay(3): Delayed 3 second(s)

2019-04-09 13:33:24 - [MESSAGE][PASSED] - Delayed 3 second(s)

2019-04-09 13:33:24 - [TEST_STEP][PASSED] - click(findTestObject("Perolehan/009 Penyedia Cetak Baucar Bayaran/Drop_down_Jenis_Carian")): Object: 'Object Repository/Perolehan/009 Penyedia Cetak Baucar Bayaran/Drop_down_Jenis_Carian' is clicked on

2019-04-09 13:33:28 - [MESSAGE][PASSED] - Object: 'Object Repository/Perolehan/009 Penyedia Cetak Baucar Bayaran/Drop_down_Jenis_Carian' is clicked on

2019-04-09 13:33:28 - [TEST_STEP][PASSED] - click(findTestObject("Perolehan/009 Penyedia Cetak Baucar Bayaran/Select_No_Baucar")): Object: 'Object Repository/Perolehan/009 Penyedia Cetak Baucar Bayaran/Select_No_Baucar' is clicked on

2019-04-09 13:33:28 - [MESSAGE][PASSED] - Object: 'Object Repository/Perolehan/009 Penyedia Cetak Baucar Bayaran/Select_No_Baucar' is clicked on

2019-04-09 13:33:28 - [TEST_STEP][PASSED] - setText(findTestObject("Perolehan/009 Penyedia Cetak Baucar Bayaran/Input_No_Baucar"), Nombor_Baucar): Text '19DABB0400162' is set on object 'Object Repository/Perolehan/009 Penyedia Cetak Baucar Bayaran/Input_No_Baucar'

2019-04-09 13:33:28 - [MESSAGE][PASSED] - Text '19DABB0400162' is set on object 'Object Repository/Perolehan/009 Penyedia Cetak Baucar Bayaran/Input_No_Baucar'

2019-04-09 13:33:28 - [TEST_STEP][PASSED] - click(findTestObject("Perolehan/009 Penyedia Cetak Baucar Bayaran/button_Cari")): Object: 'Object Repository/Perolehan/009 Penyedia Cetak Baucar Bayaran/button_Cari' is clicked on

2019-04-09 13:33:28 - [MESSAGE][PASSED] - Object: 'Object Repository/Perolehan/009 Penyedia Cetak Baucar Bayaran/button_Cari' is clicked on

2019-04-09 13:33:28 - [TEST_STEP][PASSED] - delay(10): Delayed 10 second(s)

2019-04-09 13:33:38 - [MESSAGE][PASSED] - Delayed 10 second(s)

2019-04-09 13:33:38 - [TEST_STEP][PASSED] - click(findTestObject("Perolehan/009 Penyedia Cetak Baucar Bayaran/button_Cetak")): Object: 'Object Repository/Perolehan/009 Penyedia Cetak Baucar Bayaran/button_Cetak' is clicked on

2019-04-09 13:33:39 - [MESSAGE][PASSED] - Object: 'Object Repository/Perolehan/009 Penyedia Cetak Baucar Bayaran/button_Cetak' is clicked on

2019-04-09 13:33:39 - [TEST_STEP][PASSED] - delay(5): Delayed 5 second(s)

2019-04-09 13:33:44 - [MESSAGE][PASSED] - Delayed 5 second(s)

2019-04-09 13:33:44 - [TEST_STEP][PASSED] - waitForPageLoad(180): Wait for page load successfully

2019-04-09 13:33:44 - [MESSAGE][PASSED] - Wait for page load successfully

2019-04-09 13:33:44 - [TEST_STEP][PASSED] - delay(10): Delayed 10 second(s)

2019-04-09 13:33:54 - [MESSAGE][PASSED] - Delayed 10 second(s)

2019-04-09 13:33:54 - [TEST_STEP][PASSED] - takeScreenshot(): Taking screenshot successfully

2019-04-09 13:33:54 - [MESSAGE][PASSED] - Taking screenshot successfully
[[ATTACHMENT|C:\\Users\\Consultant_MSPHitect\\Katalon Studio\\TrainingonKatalon\\Reports\\Perolehan\\08 Inden Kerja - CEK - Perak\\20190409_122752\\1554788034123.png]]

2019-04-09 13:33:54 - [TEST_STEP][PASSED] - closeWindowIndex(1): Window with index 1 is closed

2019-04-09 13:33:54 - [MESSAGE][PASSED] - Window with index 1 is closed

2019-04-09 13:33:54 - [TEST_STEP][PASSED] - delay(3): Delayed 3 second(s)

2019-04-09 13:33:57 - [MESSAGE][PASSED] - Delayed 3 second(s)

2019-04-09 13:33:57 - [TEST_STEP][PASSED] - closeBrowser(): Browser is closed

2019-04-09 13:33:58 - [MESSAGE][PASSED] - Browser is closed]]></system-out>
         <system-err><![CDATA[]]></system-err>
      </testcase>
      <system-out><![CDATA[2019-04-09 13:18:01 - [TEST_SUITE][PASSED] - 08 Inden Kerja - CEK - Perak: Test Cases/Perolehan/009 Penyedia Cetak Baucar Bayaran/001 Penyedia Cetak Baucar Bayaran]]></system-out>
      <system-err><![CDATA[]]></system-err>
   </testsuite>
</testsuites>
