<?xml version="1.0" encoding="UTF-8"?>
<testsuites name="Sanity" time="39" tests="1" failures="0" errors="0">
   <testsuite name="Sanity" tests="1" failures="0" errors="0" time="39" timestamp="2019-02-01 16:16:21" hostname="Consultant_MSPHitect - DESKTOP-V9TS2EM" id="Test Suites/Practice/Sanity">
      <properties>
         <property name="deviceName" value=""/>
         <property name="devicePlatform" value=""/>
         <property name="logFolder" value="C:\\Users\\Consultant_MSPHitect\\Katalon Studio\\TrainingonKatalon\\Reports\\Practice\\Sanity\\20190201_161619"/>
         <property name="logFiles" value="C:\\Users\\Consultant_MSPHitect\\Katalon Studio\\TrainingonKatalon\\Reports\\Practice\\Sanity\\20190201_161619\\execution0.log"/>
         <property name="attachments" value=""/>
         <property name="hostName" value="Consultant_MSPHitect - DESKTOP-V9TS2EM"/>
         <property name="os" value="Windows 10 64bit"/>
         <property name="katalonVersion" value="5.10.1.1"/>
         <property name="browser" value="Chrome 71.0.3578.98"/>
         <property name="hostAddress" value="192.168.180.121"/>
         <property name="sessionId" value="181660850c2ed7ea0790d476828c87c1"/>
         <property name="seleniumVersion" value="3.7.1"/>
         <property name="proxyInformation" value="ProxyInformation{proxyOption=NO_PROXY, proxyServerType=HTTP, password=, proxyServerAddress=, proxyServerPort=0}"/>
         <property name="platform" value="Windows 10"/>
      </properties>
      <testcase name="Test Cases/Perolehan/Practice_test_case_ADV" classname="Test Cases/Perolehan/Practice_test_case_ADV" status="PASSED">
         <system-out><![CDATA[2019-02-01 16:16:21 - [TEST_CASE][PASSED] - Test Cases/Perolehan/Practice_test_case_ADV: Test Cases/Perolehan/Practice_test_case_ADV

2019-02-01 16:16:22 - [TEST_STEP][PASSED] - openBrowser(""): Browser is opened with url: ''

2019-02-01 16:16:22 - [MESSAGE][INFO] - Starting 'Chrome' driver

2019-02-01 16:16:22 - [MESSAGE][INFO] - Action delay is set to 1 seconds

2019-02-01 16:16:27 - [MESSAGE][PASSED] - Browser is opened with url: ''

2019-02-01 16:16:27 - [TEST_STEP][PASSED] - navigateToUrl("https://175.143.52.101:7011/1SPEKSv2/"): Navigate to 'https://175.143.52.101:7011/1SPEKSv2/' successfully

2019-02-01 16:16:30 - [MESSAGE][PASSED] - Navigate to 'https://175.143.52.101:7011/1SPEKSv2/' successfully

2019-02-01 16:16:30 - [TEST_STEP][PASSED] - list = getAllLinksOnCurrentPage(true, []): Found 17 unique links on the page https://175.143.52.101:7011/1SPEKSv2/

2019-02-01 16:16:59 - [MESSAGE][PASSED] - Found 17 unique links on the page https://175.143.52.101:7011/1SPEKSv2/

2019-02-01 16:16:59 - [TEST_STEP][PASSED] - print(list): null]]></system-out>
         <system-err><![CDATA[]]></system-err>
      </testcase>
      <system-out><![CDATA[2019-02-01 16:16:21 - [TEST_SUITE][PASSED] - Sanity: Test Cases/Perolehan/Practice_test_case_ADV]]></system-out>
      <system-err><![CDATA[]]></system-err>
   </testsuite>
</testsuites>
