<?xml version="1.0" encoding="UTF-8"?>
<testsuites name="01 Pesanan Tempatan Cara Bayaran EFT Tiada Pemfaktoran" time="1108" tests="10" failures="0" errors="1">
   <testsuite name="01 Pesanan Tempatan Cara Bayaran EFT Tiada Pemfaktoran" tests="10" failures="0" errors="1" time="1108" timestamp="2019-03-26 16:47:58" hostname="Consultant_MSPHitect - DESKTOP-V9TS2EM" id="Test Suites/Perolehan/01 Pesanan Tempatan Cara Bayaran EFT Tiada Pemfaktoran">
      <properties>
         <property name="deviceName" value=""/>
         <property name="devicePlatform" value=""/>
         <property name="logFolder" value="C:\\Users\\Consultant_MSPHitect\\Katalon Studio\\TrainingonKatalon\\Reports\\Perolehan\\01 Pesanan Tempatan Cara Bayaran EFT Tiada Pemfaktoran\\20190326_164748"/>
         <property name="logFiles" value="C:\\Users\\Consultant_MSPHitect\\Katalon Studio\\TrainingonKatalon\\Reports\\Perolehan\\01 Pesanan Tempatan Cara Bayaran EFT Tiada Pemfaktoran\\20190326_164748\\execution0.log"/>
         <property name="attachments" value="C:\\Users\\Consultant_MSPHitect\\Katalon Studio\\TrainingonKatalon\\Reports\\Perolehan\\01 Pesanan Tempatan Cara Bayaran EFT Tiada Pemfaktoran\\20190326_164748\\1553590185035.png, C:\\Users\\Consultant_MSPHitect\\Katalon Studio\\TrainingonKatalon\\Reports\\Perolehan\\01 Pesanan Tempatan Cara Bayaran EFT Tiada Pemfaktoran\\20190326_164748\\1553590208035.png, C:\\Users\\Consultant_MSPHitect\\Katalon Studio\\TrainingonKatalon\\Reports\\Perolehan\\01 Pesanan Tempatan Cara Bayaran EFT Tiada Pemfaktoran\\20190326_164748\\1553590476511.png, C:\\Users\\Consultant_MSPHitect\\Katalon Studio\\TrainingonKatalon\\Reports\\Perolehan\\01 Pesanan Tempatan Cara Bayaran EFT Tiada Pemfaktoran\\20190326_164748\\1553590587290.png, C:\\Users\\Consultant_MSPHitect\\Katalon Studio\\TrainingonKatalon\\Reports\\Perolehan\\01 Pesanan Tempatan Cara Bayaran EFT Tiada Pemfaktoran\\20190326_164748\\1553590653819.png, C:\\Users\\Consultant_MSPHitect\\Katalon Studio\\TrainingonKatalon\\Reports\\Perolehan\\01 Pesanan Tempatan Cara Bayaran EFT Tiada Pemfaktoran\\20190326_164748\\1553591106054.png, C:\\Users\\Consultant_MSPHitect\\Katalon Studio\\TrainingonKatalon\\Reports\\Perolehan\\01 Pesanan Tempatan Cara Bayaran EFT Tiada Pemfaktoran\\20190326_164748\\1553591183392.png"/>
         <property name="hostName" value="Consultant_MSPHitect - DESKTOP-V9TS2EM"/>
         <property name="os" value="Windows 10 64bit"/>
         <property name="katalonVersion" value="6.1.0.1"/>
         <property name="browser" value="Chrome 73.0.3683.86"/>
         <property name="hostAddress" value="192.168.172.132"/>
         <property name="sessionId" value="a33dfac121b4d097ee8aa7125b388420"/>
         <property name="seleniumVersion" value="3.7.1"/>
         <property name="proxyInformation" value="ProxyInformation{proxyOption=NO_PROXY, proxyServerType=HTTP, password=, proxyServerAddress=, proxyServerPort=0}"/>
         <property name="platform" value="Windows 10"/>
      </properties>
      <testcase name="Test Cases/Perolehan/002 Rekod Baru oleh Penyedia/001 Penyedia Rekod Baru - EFT" classname="Test Cases/Perolehan/002 Rekod Baru oleh Penyedia/001 Penyedia Rekod Baru - EFT" status="PASSED">
         <system-out><![CDATA[2019-03-26 16:47:59 - [TEST_CASE][PASSED] - Test Cases/Perolehan/002 Rekod Baru oleh Penyedia/001 Penyedia Rekod Baru - EFT: Test Cases/Perolehan/002 Rekod Baru oleh Penyedia/001 Penyedia Rekod Baru - EFT

2019-03-26 16:48:00 - [TEST_STEP][PASSED] - callTestCase(findTestCase("Perolehan/001 Left Menu Selection/Select Menu Pesanan Tempatan"), [:], STOP_ON_FAILURE): Call Test Case 'Test Cases/Perolehan/001 Left Menu Selection/Select Menu Pesanan Tempatan' successfully

2019-03-26 16:48:00 - [TEST_CASE][PASSED] - Test Cases/Perolehan/001 Left Menu Selection/Select Menu Pesanan Tempatan: Test Cases/Perolehan/001 Left Menu Selection/Select Menu Pesanan Tempatan

2019-03-26 16:48:00 - [TEST_STEP][PASSED] - openBrowser(""): Browser is opened with url: ''

2019-03-26 16:48:00 - [MESSAGE][INFO] - Starting 'Chrome' driver

2019-03-26 16:48:00 - [MESSAGE][INFO] - Action delay is set to 0 seconds

2019-03-26 16:48:03 - [MESSAGE][PASSED] - Browser is opened with url: ''

2019-03-26 16:48:03 - [TEST_STEP][PASSED] - navigateToUrl(URL_Homepage): Navigate to 'http://175.143.52.101:7010/1SPEKSv2/' successfully

2019-03-26 16:48:04 - [MESSAGE][PASSED] - Navigate to 'http://175.143.52.101:7010/1SPEKSv2/' successfully

2019-03-26 16:48:04 - [TEST_STEP][PASSED] - setText(findTestObject("Login/input_NoKadPengenalan"), findTestData("ispekstestdata").getValue(1, 4)): Text '810213016116' is set on object 'Object Repository/Login/input_NoKadPengenalan'

2019-03-26 16:48:05 - [MESSAGE][PASSED] - Text '810213016116' is set on object 'Object Repository/Login/input_NoKadPengenalan'

2019-03-26 16:48:05 - [TEST_STEP][PASSED] - setEncryptedText(findTestObject("Login/input_Password"), findTestData("ispekstestdata").getValue(2, 4)): Text ****** has been set on object 'Object Repository/Login/input_Password'

2019-03-26 16:48:05 - [MESSAGE][PASSED] - Text ****** has been set on object 'Object Repository/Login/input_Password'

2019-03-26 16:48:05 - [TEST_STEP][PASSED] - click(findTestObject("Login/input_ButtonLogMasuk")): Object: 'Object Repository/Login/input_ButtonLogMasuk' is clicked on

2019-03-26 16:48:06 - [MESSAGE][PASSED] - Object: 'Object Repository/Login/input_ButtonLogMasuk' is clicked on

2019-03-26 16:48:06 - [TEST_STEP][PASSED] - delay(5): Delayed 5 second(s)

2019-03-26 16:48:11 - [MESSAGE][PASSED] - Delayed 5 second(s)

2019-03-26 16:48:11 - [TEST_STEP][PASSED] - if (verifyTextPresent("Peranan : [Penyedia] Peringkat : [PTJ]", false)): Delayed 3 second(s)

2019-03-26 16:48:12 - [MESSAGE][PASSED] - Text 'Peranan : [Penyedia] Peringkat : [PTJ]' is present on page 

2019-03-26 16:48:12 - [TEST_STEP][PASSED] - click(findTestObject("Perolehan/001 Left_Menu_Selection/a_ExpandMenuonLeft")): Object: 'Object Repository/Perolehan/001 Left_Menu_Selection/a_ExpandMenuonLeft' is clicked on

2019-03-26 16:48:12 - [MESSAGE][PASSED] - Object: 'Object Repository/Perolehan/001 Left_Menu_Selection/a_ExpandMenuonLeft' is clicked on

2019-03-26 16:48:12 - [TEST_STEP][PASSED] - delay(3, STOP_ON_FAILURE): Delayed 3 second(s)

2019-03-26 16:48:15 - [MESSAGE][PASSED] - Delayed 3 second(s)

2019-03-26 16:48:15 - [TEST_STEP][PASSED] - click(findTestObject("Perolehan/001 Left_Menu_Selection/div_PanelTitlePerolehan")): Object: 'Object Repository/Perolehan/001 Left_Menu_Selection/div_PanelTitlePerolehan' is clicked on

2019-03-26 16:48:15 - [MESSAGE][PASSED] - Object: 'Object Repository/Perolehan/001 Left_Menu_Selection/div_PanelTitlePerolehan' is clicked on

2019-03-26 16:48:15 - [TEST_STEP][PASSED] - delay(3, STOP_ON_FAILURE): Delayed 3 second(s)

2019-03-26 16:48:18 - [MESSAGE][PASSED] - Delayed 3 second(s)

2019-03-26 16:48:18 - [TEST_STEP][PASSED] - click(findTestObject("Perolehan/001 Left_Menu_Selection/div_PesananTempatan")): Object: 'Object Repository/Perolehan/001 Left_Menu_Selection/div_PesananTempatan' is clicked on

2019-03-26 16:48:18 - [MESSAGE][PASSED] - Object: 'Object Repository/Perolehan/001 Left_Menu_Selection/div_PesananTempatan' is clicked on

2019-03-26 16:48:18 - [TEST_STEP][PASSED] - delay(3): Delayed 3 second(s)

2019-03-26 16:48:21 - [MESSAGE][PASSED] - Delayed 3 second(s)

2019-03-26 16:48:21 - [MESSAGE][PASSED] - Call Test Case 'Test Cases/Perolehan/001 Left Menu Selection/Select Menu Pesanan Tempatan' successfully

2019-03-26 16:48:21 - [TEST_STEP][PASSED] - delay(5): Delayed 5 second(s)

2019-03-26 16:48:26 - [MESSAGE][PASSED] - Delayed 5 second(s)

2019-03-26 16:48:26 - [TEST_STEP][PASSED] - waitForElementVisible(findTestObject("Perolehan/002 Penyedia_RekodBaru/001 Rekod Baru Pesanan Tempatan/button_REKODBARU"), 180): Object 'Object Repository/Perolehan/002 Penyedia_RekodBaru/001 Rekod Baru Pesanan Tempatan/button_REKODBARU' is visible

2019-03-26 16:48:26 - [MESSAGE][PASSED] - Object 'Object Repository/Perolehan/002 Penyedia_RekodBaru/001 Rekod Baru Pesanan Tempatan/button_REKODBARU' is visible

2019-03-26 16:48:26 - [TEST_STEP][PASSED] - click(findTestObject("Perolehan/002 Penyedia_RekodBaru/001 Rekod Baru Pesanan Tempatan/button_REKODBARU")): Object: 'Object Repository/Perolehan/002 Penyedia_RekodBaru/001 Rekod Baru Pesanan Tempatan/button_REKODBARU' is clicked on

2019-03-26 16:48:27 - [MESSAGE][PASSED] - Object: 'Object Repository/Perolehan/002 Penyedia_RekodBaru/001 Rekod Baru Pesanan Tempatan/button_REKODBARU' is clicked on

2019-03-26 16:48:27 - [TEST_STEP][PASSED] - delay(3): Delayed 3 second(s)

2019-03-26 16:48:30 - [MESSAGE][PASSED] - Delayed 3 second(s)

2019-03-26 16:48:30 - [TEST_STEP][PASSED] - mydate = new java.util.Date(): null

2019-03-26 16:48:30 - [TEST_STEP][PASSED] - formattedDate = mydate.format("dd/MM/yyyy"): null

2019-03-26 16:48:30 - [TEST_STEP][PASSED] - formattedYear = mydate.format("yyyy"): null

2019-03-26 16:48:30 - [TEST_STEP][PASSED] - println(formattedDate): null

2019-03-26 16:48:30 - [TEST_STEP][PASSED] - println(formattedYear): null

2019-03-26 16:48:30 - [TEST_STEP][PASSED] - tarikh_perakaunan = "Tarikh Perakaunan : " + formattedDate: null

2019-03-26 16:48:30 - [TEST_STEP][PASSED] - println(tarikh_perakaunan): null

2019-03-26 16:48:30 - [TEST_STEP][PASSED] - TahunKewangan = getText(findTestObject("Perolehan/002 Penyedia_RekodBaru/001 Rekod Baru Pesanan Tempatan/span_tahun_kewangan")): Text of object 'Object Repository/Perolehan/002 Penyedia_RekodBaru/001 Rekod Baru Pesanan Tempatan/span_tahun_kewangan' is: '2019'

2019-03-26 16:48:30 - [MESSAGE][PASSED] - Text of object 'Object Repository/Perolehan/002 Penyedia_RekodBaru/001 Rekod Baru Pesanan Tempatan/span_tahun_kewangan' is: '2019'

2019-03-26 16:48:30 - [TEST_STEP][PASSED] - verifyMatch(TahunKewangan, formattedYear, false): Actual text '2019' and expected text '2019' are matched 

2019-03-26 16:48:30 - [MESSAGE][PASSED] - Actual text '2019' and expected text '2019' are matched 

2019-03-26 16:48:30 - [TEST_STEP][PASSED] - TarikhSemasa = getText(findTestObject("Perolehan/002 Penyedia_RekodBaru/001 Rekod Baru Pesanan Tempatan/span_tarikhSemasa")): Text of object 'Object Repository/Perolehan/002 Penyedia_RekodBaru/001 Rekod Baru Pesanan Tempatan/span_tarikhSemasa' is: '26/03/2019'

2019-03-26 16:48:30 - [MESSAGE][PASSED] - Text of object 'Object Repository/Perolehan/002 Penyedia_RekodBaru/001 Rekod Baru Pesanan Tempatan/span_tarikhSemasa' is: '26/03/2019'

2019-03-26 16:48:30 - [TEST_STEP][PASSED] - verifyMatch(formattedDate, TarikhSemasa, false): Actual text '26/03/2019' and expected text '26/03/2019' are matched 

2019-03-26 16:48:30 - [MESSAGE][PASSED] - Actual text '26/03/2019' and expected text '26/03/2019' are matched 

2019-03-26 16:48:30 - [TEST_STEP][PASSED] - TarikhPerakaunan = getText(findTestObject("Perolehan/002 Penyedia_RekodBaru/001 Rekod Baru Pesanan Tempatan/tarikh_perakaunan")): Text of object 'Object Repository/Perolehan/002 Penyedia_RekodBaru/001 Rekod Baru Pesanan Tempatan/tarikh_perakaunan' is: 'Tarikh Perakaunan : 26/03/2019'

2019-03-26 16:48:30 - [MESSAGE][PASSED] - Text of object 'Object Repository/Perolehan/002 Penyedia_RekodBaru/001 Rekod Baru Pesanan Tempatan/tarikh_perakaunan' is: 'Tarikh Perakaunan : 26/03/2019'

2019-03-26 16:48:30 - [TEST_STEP][PASSED] - verifyMatch(tarikh_perakaunan, TarikhPerakaunan, false): Actual text 'Tarikh Perakaunan : 26/03/2019' and expected text 'Tarikh Perakaunan : 26/03/2019' are matched 

2019-03-26 16:48:30 - [MESSAGE][PASSED] - Actual text 'Tarikh Perakaunan : 26/03/2019' and expected text 'Tarikh Perakaunan : 26/03/2019' are matched 

2019-03-26 16:48:30 - [TEST_STEP][PASSED] - verifyElementVisible(findTestObject("Perolehan/002 Penyedia_RekodBaru/001 Rekod Baru Pesanan Tempatan/label_Jenis Urusniaga")): Object 'Object Repository/Perolehan/002 Penyedia_RekodBaru/001 Rekod Baru Pesanan Tempatan/label_Jenis Urusniaga' is visible

2019-03-26 16:48:30 - [MESSAGE][PASSED] - Object 'Object Repository/Perolehan/002 Penyedia_RekodBaru/001 Rekod Baru Pesanan Tempatan/label_Jenis Urusniaga' is visible

2019-03-26 16:48:30 - [TEST_STEP][PASSED] - click(findTestObject("Perolehan/002 Penyedia_RekodBaru/001 Rekod Baru Pesanan Tempatan/a_Jenis Urusniaga _textbox-ico")): Object: 'Object Repository/Perolehan/002 Penyedia_RekodBaru/001 Rekod Baru Pesanan Tempatan/a_Jenis Urusniaga _textbox-ico' is clicked on

2019-03-26 16:48:30 - [MESSAGE][PASSED] - Object: 'Object Repository/Perolehan/002 Penyedia_RekodBaru/001 Rekod Baru Pesanan Tempatan/a_Jenis Urusniaga _textbox-ico' is clicked on

2019-03-26 16:48:30 - [TEST_STEP][PASSED] - delay(2): Delayed 2 second(s)

2019-03-26 16:48:32 - [MESSAGE][PASSED] - Delayed 2 second(s)

2019-03-26 16:48:32 - [TEST_STEP][PASSED] - click(findTestObject("Perolehan/002 Penyedia_RekodBaru/001 Rekod Baru Pesanan Tempatan/div_Pesanan_Tempatan_Auto")): Object: 'Object Repository/Perolehan/002 Penyedia_RekodBaru/001 Rekod Baru Pesanan Tempatan/div_Pesanan_Tempatan_Auto' is clicked on

2019-03-26 16:48:32 - [MESSAGE][PASSED] - Object: 'Object Repository/Perolehan/002 Penyedia_RekodBaru/001 Rekod Baru Pesanan Tempatan/div_Pesanan_Tempatan_Auto' is clicked on

2019-03-26 16:48:32 - [TEST_STEP][PASSED] - verifyElementPresent(findTestObject("Perolehan/002 Penyedia_RekodBaru/001 Rekod Baru Pesanan Tempatan/label_No. Dokumen"), 0): Object 'Object Repository/Perolehan/002 Penyedia_RekodBaru/001 Rekod Baru Pesanan Tempatan/label_No. Dokumen' is present

2019-03-26 16:48:32 - [MESSAGE][WARNING] - Timeout '0' is invalid. Using default page load timeout: '120'

2019-03-26 16:48:32 - [MESSAGE][PASSED] - Object 'Object Repository/Perolehan/002 Penyedia_RekodBaru/001 Rekod Baru Pesanan Tempatan/label_No. Dokumen' is present

2019-03-26 16:48:32 - [TEST_STEP][PASSED] - verifyElementPresent(findTestObject("Perolehan/002 Penyedia_RekodBaru/001 Rekod Baru Pesanan Tempatan/label_Tarikh Dokumen"), 0): Object 'Object Repository/Perolehan/002 Penyedia_RekodBaru/001 Rekod Baru Pesanan Tempatan/label_Tarikh Dokumen' is present

2019-03-26 16:48:32 - [MESSAGE][WARNING] - Timeout '0' is invalid. Using default page load timeout: '120'

2019-03-26 16:48:32 - [MESSAGE][PASSED] - Object 'Object Repository/Perolehan/002 Penyedia_RekodBaru/001 Rekod Baru Pesanan Tempatan/label_Tarikh Dokumen' is present

2019-03-26 16:48:32 - [TEST_STEP][PASSED] - verifyElementPresent(findTestObject("Perolehan/002 Penyedia_RekodBaru/001 Rekod Baru Pesanan Tempatan/label_Pembekal"), 0): Object 'Object Repository/Perolehan/002 Penyedia_RekodBaru/001 Rekod Baru Pesanan Tempatan/label_Pembekal' is present

2019-03-26 16:48:32 - [MESSAGE][WARNING] - Timeout '0' is invalid. Using default page load timeout: '120'

2019-03-26 16:48:32 - [MESSAGE][PASSED] - Object 'Object Repository/Perolehan/002 Penyedia_RekodBaru/001 Rekod Baru Pesanan Tempatan/label_Pembekal' is present

2019-03-26 16:48:32 - [TEST_STEP][PASSED] - verifyElementPresent(findTestObject("Perolehan/002 Penyedia_RekodBaru/001 Rekod Baru Pesanan Tempatan/label_Cawangan Pembekal"), 0): Object 'Object Repository/Perolehan/002 Penyedia_RekodBaru/001 Rekod Baru Pesanan Tempatan/label_Cawangan Pembekal' is present

2019-03-26 16:48:32 - [MESSAGE][WARNING] - Timeout '0' is invalid. Using default page load timeout: '120'

2019-03-26 16:48:32 - [MESSAGE][PASSED] - Object 'Object Repository/Perolehan/002 Penyedia_RekodBaru/001 Rekod Baru Pesanan Tempatan/label_Cawangan Pembekal' is present

2019-03-26 16:48:32 - [TEST_STEP][PASSED] - verifyElementPresent(findTestObject("Perolehan/002 Penyedia_RekodBaru/001 Rekod Baru Pesanan Tempatan/label_Sila Bekalkan Sebelum at"), 0): Object 'Object Repository/Perolehan/002 Penyedia_RekodBaru/001 Rekod Baru Pesanan Tempatan/label_Sila Bekalkan Sebelum at' is present

2019-03-26 16:48:32 - [MESSAGE][WARNING] - Timeout '0' is invalid. Using default page load timeout: '120'

2019-03-26 16:48:32 - [MESSAGE][PASSED] - Object 'Object Repository/Perolehan/002 Penyedia_RekodBaru/001 Rekod Baru Pesanan Tempatan/label_Sila Bekalkan Sebelum at' is present

2019-03-26 16:48:32 - [TEST_STEP][PASSED] - click(findTestObject("Perolehan/002 Penyedia_RekodBaru/001 Rekod Baru Pesanan Tempatan/a_Pembekal _textbox-icon combo")): Object: 'Object Repository/Perolehan/002 Penyedia_RekodBaru/001 Rekod Baru Pesanan Tempatan/a_Pembekal _textbox-icon combo' is clicked on

2019-03-26 16:48:32 - [MESSAGE][PASSED] - Object: 'Object Repository/Perolehan/002 Penyedia_RekodBaru/001 Rekod Baru Pesanan Tempatan/a_Pembekal _textbox-icon combo' is clicked on

2019-03-26 16:48:32 - [TEST_STEP][PASSED] - setText(findTestObject("Perolehan/002 Penyedia_RekodBaru/001 Rekod Baru Pesanan Tempatan/input_kod_pembekal"), kod_pembekal): Text 'P01030100106' is set on object 'Object Repository/Perolehan/002 Penyedia_RekodBaru/001 Rekod Baru Pesanan Tempatan/input_kod_pembekal'

2019-03-26 16:48:33 - [MESSAGE][PASSED] - Text 'P01030100106' is set on object 'Object Repository/Perolehan/002 Penyedia_RekodBaru/001 Rekod Baru Pesanan Tempatan/input_kod_pembekal'

2019-03-26 16:48:33 - [TEST_STEP][PASSED] - delay(3): Delayed 3 second(s)

2019-03-26 16:48:36 - [MESSAGE][PASSED] - Delayed 3 second(s)

2019-03-26 16:48:36 - [TEST_STEP][PASSED] - click(findTestObject("Perolehan/002 Penyedia_RekodBaru/001 Rekod Baru Pesanan Tempatan/Select_Pembekal", ["text":kod_pembekal])): Object: 'Object Repository/Perolehan/002 Penyedia_RekodBaru/001 Rekod Baru Pesanan Tempatan/Select_Pembekal' is clicked on

2019-03-26 16:48:36 - [MESSAGE][PASSED] - Object: 'Object Repository/Perolehan/002 Penyedia_RekodBaru/001 Rekod Baru Pesanan Tempatan/Select_Pembekal' is clicked on

2019-03-26 16:48:36 - [TEST_STEP][PASSED] - delay(5): Delayed 5 second(s)

2019-03-26 16:48:41 - [MESSAGE][PASSED] - Delayed 5 second(s)

2019-03-26 16:48:41 - [TEST_STEP][PASSED] - click(findTestObject("Perolehan/002 Penyedia_RekodBaru/001 Rekod Baru Pesanan Tempatan/Date_Picker_Bekal_Kerja")): Object: 'Object Repository/Perolehan/002 Penyedia_RekodBaru/001 Rekod Baru Pesanan Tempatan/Date_Picker_Bekal_Kerja' is clicked on

2019-03-26 16:48:41 - [MESSAGE][PASSED] - Object: 'Object Repository/Perolehan/002 Penyedia_RekodBaru/001 Rekod Baru Pesanan Tempatan/Date_Picker_Bekal_Kerja' is clicked on

2019-03-26 16:48:41 - [TEST_STEP][PASSED] - delay(1): Delayed 1 second(s)

2019-03-26 16:48:42 - [MESSAGE][PASSED] - Delayed 1 second(s)

2019-03-26 16:48:42 - [TEST_STEP][PASSED] - click(findTestObject("Perolehan/002 Penyedia_RekodBaru/001 Rekod Baru Pesanan Tempatan/Date_Picker_Bekal_Kerja_Next_Month")): Object: 'Object Repository/Perolehan/002 Penyedia_RekodBaru/001 Rekod Baru Pesanan Tempatan/Date_Picker_Bekal_Kerja_Next_Month' is clicked on

2019-03-26 16:48:42 - [MESSAGE][PASSED] - Object: 'Object Repository/Perolehan/002 Penyedia_RekodBaru/001 Rekod Baru Pesanan Tempatan/Date_Picker_Bekal_Kerja_Next_Month' is clicked on

2019-03-26 16:48:42 - [TEST_STEP][PASSED] - delay(1): Delayed 1 second(s)

2019-03-26 16:48:43 - [MESSAGE][PASSED] - Delayed 1 second(s)

2019-03-26 16:48:43 - [TEST_STEP][PASSED] - click(findTestObject("Perolehan/002 Penyedia_RekodBaru/001 Rekod Baru Pesanan Tempatan/Date_Picker_Bekal_Kerja_Date")): Object: 'Object Repository/Perolehan/002 Penyedia_RekodBaru/001 Rekod Baru Pesanan Tempatan/Date_Picker_Bekal_Kerja_Date' is clicked on

2019-03-26 16:48:43 - [MESSAGE][PASSED] - Object: 'Object Repository/Perolehan/002 Penyedia_RekodBaru/001 Rekod Baru Pesanan Tempatan/Date_Picker_Bekal_Kerja_Date' is clicked on

2019-03-26 16:48:43 - [TEST_STEP][PASSED] - setText(findTestObject("Perolehan/002 Penyedia_RekodBaru/001 Rekod Baru Pesanan Tempatan/Text_box_Perihal"), "This is a test for PT - EFT automation scripts - Julia " + mydate): Text 'This is a test for PT - EFT automation scripts - Julia Tue Mar 26 16:48:30 SGT 2019' is set on object 'Object Repository/Perolehan/002 Penyedia_RekodBaru/001 Rekod Baru Pesanan Tempatan/Text_box_Perihal'

2019-03-26 16:48:43 - [MESSAGE][PASSED] - Text 'This is a test for PT - EFT automation scripts - Julia Tue Mar 26 16:48:30 SGT 2019' is set on object 'Object Repository/Perolehan/002 Penyedia_RekodBaru/001 Rekod Baru Pesanan Tempatan/Text_box_Perihal'

2019-03-26 16:48:43 - [TEST_STEP][PASSED] - delay(3): Delayed 3 second(s)

2019-03-26 16:48:46 - [MESSAGE][PASSED] - Delayed 3 second(s)

2019-03-26 16:48:46 - [TEST_STEP][PASSED] - click(findTestObject("Perolehan/002 Penyedia_RekodBaru/001 Rekod Baru Pesanan Tempatan/button_TambahCajLine")): Object: 'Object Repository/Perolehan/002 Penyedia_RekodBaru/001 Rekod Baru Pesanan Tempatan/button_TambahCajLine' is clicked on

2019-03-26 16:48:46 - [MESSAGE][PASSED] - Object: 'Object Repository/Perolehan/002 Penyedia_RekodBaru/001 Rekod Baru Pesanan Tempatan/button_TambahCajLine' is clicked on

2019-03-26 16:48:46 - [TEST_STEP][PASSED] - delay(3): Delayed 3 second(s)

2019-03-26 16:48:49 - [MESSAGE][PASSED] - Delayed 3 second(s)

2019-03-26 16:48:49 - [TEST_STEP][PASSED] - click(findTestObject("Perolehan/002 Penyedia_RekodBaru/001 Rekod Baru Pesanan Tempatan/Drop_down_Vot_Dana")): Object: 'Object Repository/Perolehan/002 Penyedia_RekodBaru/001 Rekod Baru Pesanan Tempatan/Drop_down_Vot_Dana' is clicked on

2019-03-26 16:48:50 - [MESSAGE][PASSED] - Object: 'Object Repository/Perolehan/002 Penyedia_RekodBaru/001 Rekod Baru Pesanan Tempatan/Drop_down_Vot_Dana' is clicked on

2019-03-26 16:48:50 - [TEST_STEP][PASSED] - delay(3): Delayed 3 second(s)

2019-03-26 16:48:53 - [MESSAGE][PASSED] - Delayed 3 second(s)

2019-03-26 16:48:53 - [TEST_STEP][PASSED] - waitForElementVisible(findTestObject("Perolehan/002 Penyedia_RekodBaru/001 Rekod Baru Pesanan Tempatan/Input_Vot_Dana"), 60): Object 'Object Repository/Perolehan/002 Penyedia_RekodBaru/001 Rekod Baru Pesanan Tempatan/Input_Vot_Dana' is visible

2019-03-26 16:48:53 - [MESSAGE][PASSED] - Object 'Object Repository/Perolehan/002 Penyedia_RekodBaru/001 Rekod Baru Pesanan Tempatan/Input_Vot_Dana' is visible

2019-03-26 16:48:53 - [TEST_STEP][PASSED] - setText(findTestObject("Perolehan/002 Penyedia_RekodBaru/001 Rekod Baru Pesanan Tempatan/Input_Vot_Dana"), Vot_dana): Text 'B04' is set on object 'Object Repository/Perolehan/002 Penyedia_RekodBaru/001 Rekod Baru Pesanan Tempatan/Input_Vot_Dana'

2019-03-26 16:48:53 - [MESSAGE][PASSED] - Text 'B04' is set on object 'Object Repository/Perolehan/002 Penyedia_RekodBaru/001 Rekod Baru Pesanan Tempatan/Input_Vot_Dana'

2019-03-26 16:48:53 - [TEST_STEP][PASSED] - waitForElementVisible(findTestObject("Perolehan/002 Penyedia_RekodBaru/001 Rekod Baru Pesanan Tempatan/Select_Vot_Dana", ["text":Vot_dana]), 60): Object 'Object Repository/Perolehan/002 Penyedia_RekodBaru/001 Rekod Baru Pesanan Tempatan/Select_Vot_Dana' is visible

2019-03-26 16:48:53 - [MESSAGE][PASSED] - Object 'Object Repository/Perolehan/002 Penyedia_RekodBaru/001 Rekod Baru Pesanan Tempatan/Select_Vot_Dana' is visible

2019-03-26 16:48:53 - [TEST_STEP][PASSED] - click(findTestObject("Perolehan/002 Penyedia_RekodBaru/001 Rekod Baru Pesanan Tempatan/Select_Vot_Dana", ["text":Vot_dana])): Object: 'Object Repository/Perolehan/002 Penyedia_RekodBaru/001 Rekod Baru Pesanan Tempatan/Select_Vot_Dana' is clicked on

2019-03-26 16:48:53 - [MESSAGE][PASSED] - Object: 'Object Repository/Perolehan/002 Penyedia_RekodBaru/001 Rekod Baru Pesanan Tempatan/Select_Vot_Dana' is clicked on

2019-03-26 16:48:53 - [TEST_STEP][PASSED] - delay(3): Delayed 3 second(s)

2019-03-26 16:48:56 - [MESSAGE][PASSED] - Delayed 3 second(s)

2019-03-26 16:48:56 - [TEST_STEP][PASSED] - click(findTestObject("Perolehan/002 Penyedia_RekodBaru/001 Rekod Baru Pesanan Tempatan/Drop_down_Program_Aktiviti")): Object: 'Object Repository/Perolehan/002 Penyedia_RekodBaru/001 Rekod Baru Pesanan Tempatan/Drop_down_Program_Aktiviti' is clicked on

2019-03-26 16:48:56 - [MESSAGE][PASSED] - Object: 'Object Repository/Perolehan/002 Penyedia_RekodBaru/001 Rekod Baru Pesanan Tempatan/Drop_down_Program_Aktiviti' is clicked on

2019-03-26 16:48:56 - [TEST_STEP][PASSED] - setText(findTestObject("Perolehan/002 Penyedia_RekodBaru/001 Rekod Baru Pesanan Tempatan/input_Kod_Program_Aktiviti"), kod_program_aktiviti): Text '100100' is set on object 'Object Repository/Perolehan/002 Penyedia_RekodBaru/001 Rekod Baru Pesanan Tempatan/input_Kod_Program_Aktiviti'

2019-03-26 16:48:56 - [MESSAGE][PASSED] - Text '100100' is set on object 'Object Repository/Perolehan/002 Penyedia_RekodBaru/001 Rekod Baru Pesanan Tempatan/input_Kod_Program_Aktiviti'

2019-03-26 16:48:56 - [TEST_STEP][PASSED] - click(findTestObject("Perolehan/002 Penyedia_RekodBaru/001 Rekod Baru Pesanan Tempatan/Select_Program", ["text":kod_program_aktiviti])): Object: 'Object Repository/Perolehan/002 Penyedia_RekodBaru/001 Rekod Baru Pesanan Tempatan/Select_Program' is clicked on

2019-03-26 16:48:57 - [MESSAGE][PASSED] - Object: 'Object Repository/Perolehan/002 Penyedia_RekodBaru/001 Rekod Baru Pesanan Tempatan/Select_Program' is clicked on

2019-03-26 16:48:57 - [TEST_STEP][PASSED] - delay(3): Delayed 3 second(s)

2019-03-26 16:49:00 - [MESSAGE][PASSED] - Delayed 3 second(s)

2019-03-26 16:49:00 - [TEST_STEP][PASSED] - click(findTestObject("Perolehan/002 Penyedia_RekodBaru/001 Rekod Baru Pesanan Tempatan/Drop_down_Kod_Akaun")): Object: 'Object Repository/Perolehan/002 Penyedia_RekodBaru/001 Rekod Baru Pesanan Tempatan/Drop_down_Kod_Akaun' is clicked on

2019-03-26 16:49:00 - [MESSAGE][PASSED] - Object: 'Object Repository/Perolehan/002 Penyedia_RekodBaru/001 Rekod Baru Pesanan Tempatan/Drop_down_Kod_Akaun' is clicked on

2019-03-26 16:49:00 - [TEST_STEP][PASSED] - delay(3): Delayed 3 second(s)

2019-03-26 16:49:03 - [MESSAGE][PASSED] - Delayed 3 second(s)

2019-03-26 16:49:03 - [TEST_STEP][PASSED] - setText(findTestObject("Perolehan/002 Penyedia_RekodBaru/001 Rekod Baru Pesanan Tempatan/input_kod_akaun"), kod_akaun): Text 'B0227102' is set on object 'Object Repository/Perolehan/002 Penyedia_RekodBaru/001 Rekod Baru Pesanan Tempatan/input_kod_akaun'

2019-03-26 16:49:03 - [MESSAGE][PASSED] - Text 'B0227102' is set on object 'Object Repository/Perolehan/002 Penyedia_RekodBaru/001 Rekod Baru Pesanan Tempatan/input_kod_akaun'

2019-03-26 16:49:03 - [TEST_STEP][PASSED] - delay(3): Delayed 3 second(s)

2019-03-26 16:49:06 - [MESSAGE][PASSED] - Delayed 3 second(s)

2019-03-26 16:49:06 - [TEST_STEP][PASSED] - click(findTestObject("Perolehan/002 Penyedia_RekodBaru/001 Rekod Baru Pesanan Tempatan/Select_Kod_Akaun", ["text":kod_akaun])): Object: 'Object Repository/Perolehan/002 Penyedia_RekodBaru/001 Rekod Baru Pesanan Tempatan/Select_Kod_Akaun' is clicked on

2019-03-26 16:49:06 - [MESSAGE][PASSED] - Object: 'Object Repository/Perolehan/002 Penyedia_RekodBaru/001 Rekod Baru Pesanan Tempatan/Select_Kod_Akaun' is clicked on

2019-03-26 16:49:06 - [TEST_STEP][PASSED] - click(findTestObject("Perolehan/002 Penyedia_RekodBaru/001 Rekod Baru Pesanan Tempatan/Drop_down_Kod_Barang")): Object: 'Object Repository/Perolehan/002 Penyedia_RekodBaru/001 Rekod Baru Pesanan Tempatan/Drop_down_Kod_Barang' is clicked on

2019-03-26 16:49:06 - [MESSAGE][PASSED] - Object: 'Object Repository/Perolehan/002 Penyedia_RekodBaru/001 Rekod Baru Pesanan Tempatan/Drop_down_Kod_Barang' is clicked on

2019-03-26 16:49:06 - [TEST_STEP][PASSED] - delay(3): Delayed 3 second(s)

2019-03-26 16:49:09 - [MESSAGE][PASSED] - Delayed 3 second(s)

2019-03-26 16:49:09 - [TEST_STEP][PASSED] - setText(findTestObject("Perolehan/002 Penyedia_RekodBaru/001 Rekod Baru Pesanan Tempatan/input_kod_barang"), kod_barang): Text '2710299999901090013' is set on object 'Object Repository/Perolehan/002 Penyedia_RekodBaru/001 Rekod Baru Pesanan Tempatan/input_kod_barang'

2019-03-26 16:49:10 - [MESSAGE][PASSED] - Text '2710299999901090013' is set on object 'Object Repository/Perolehan/002 Penyedia_RekodBaru/001 Rekod Baru Pesanan Tempatan/input_kod_barang'

2019-03-26 16:49:10 - [TEST_STEP][PASSED] - click(findTestObject("Perolehan/002 Penyedia_RekodBaru/001 Rekod Baru Pesanan Tempatan/SelectKod_Barang", ["text":kod_barang])): Object: 'Object Repository/Perolehan/002 Penyedia_RekodBaru/001 Rekod Baru Pesanan Tempatan/SelectKod_Barang' is clicked on

2019-03-26 16:49:10 - [MESSAGE][PASSED] - Object: 'Object Repository/Perolehan/002 Penyedia_RekodBaru/001 Rekod Baru Pesanan Tempatan/SelectKod_Barang' is clicked on

2019-03-26 16:49:10 - [TEST_STEP][PASSED] - click(findTestObject("Perolehan/002 Penyedia_RekodBaru/001 Rekod Baru Pesanan Tempatan/Drop_down_Kategori_Pesanan_Tempatan")): Object: 'Object Repository/Perolehan/002 Penyedia_RekodBaru/001 Rekod Baru Pesanan Tempatan/Drop_down_Kategori_Pesanan_Tempatan' is clicked on

2019-03-26 16:49:10 - [MESSAGE][PASSED] - Object: 'Object Repository/Perolehan/002 Penyedia_RekodBaru/001 Rekod Baru Pesanan Tempatan/Drop_down_Kategori_Pesanan_Tempatan' is clicked on

2019-03-26 16:49:10 - [TEST_STEP][PASSED] - click(findTestObject("Perolehan/002 Penyedia_RekodBaru/001 Rekod Baru Pesanan Tempatan/Select_Kategori_Pesanan_BARANG")): Object: 'Object Repository/Perolehan/002 Penyedia_RekodBaru/001 Rekod Baru Pesanan Tempatan/Select_Kategori_Pesanan_BARANG' is clicked on

2019-03-26 16:49:10 - [MESSAGE][PASSED] - Object: 'Object Repository/Perolehan/002 Penyedia_RekodBaru/001 Rekod Baru Pesanan Tempatan/Select_Kategori_Pesanan_BARANG' is clicked on

2019-03-26 16:49:10 - [TEST_STEP][PASSED] - setText(findTestObject("Perolehan/002 Penyedia_RekodBaru/001 Rekod Baru Pesanan Tempatan/input_kuantiti"), "4"): Text '4' is set on object 'Object Repository/Perolehan/002 Penyedia_RekodBaru/001 Rekod Baru Pesanan Tempatan/input_kuantiti'

2019-03-26 16:49:11 - [MESSAGE][PASSED] - Text '4' is set on object 'Object Repository/Perolehan/002 Penyedia_RekodBaru/001 Rekod Baru Pesanan Tempatan/input_kuantiti'

2019-03-26 16:49:11 - [TEST_STEP][PASSED] - click(findTestObject("Perolehan/002 Penyedia_RekodBaru/001 Rekod Baru Pesanan Tempatan/Drop_down_Unit_Ukuran")): Object: 'Object Repository/Perolehan/002 Penyedia_RekodBaru/001 Rekod Baru Pesanan Tempatan/Drop_down_Unit_Ukuran' is clicked on

2019-03-26 16:49:11 - [MESSAGE][PASSED] - Object: 'Object Repository/Perolehan/002 Penyedia_RekodBaru/001 Rekod Baru Pesanan Tempatan/Drop_down_Unit_Ukuran' is clicked on

2019-03-26 16:49:11 - [TEST_STEP][PASSED] - delay(3): Delayed 3 second(s)

2019-03-26 16:49:14 - [MESSAGE][PASSED] - Delayed 3 second(s)

2019-03-26 16:49:14 - [TEST_STEP][PASSED] - click(findTestObject("Perolehan/002 Penyedia_RekodBaru/001 Rekod Baru Pesanan Tempatan/select_unit_ukuran_buah")): Object: 'Object Repository/Perolehan/002 Penyedia_RekodBaru/001 Rekod Baru Pesanan Tempatan/select_unit_ukuran_buah' is clicked on

2019-03-26 16:49:14 - [MESSAGE][PASSED] - Object: 'Object Repository/Perolehan/002 Penyedia_RekodBaru/001 Rekod Baru Pesanan Tempatan/select_unit_ukuran_buah' is clicked on

2019-03-26 16:49:14 - [TEST_STEP][PASSED] - setText(findTestObject("Perolehan/002 Penyedia_RekodBaru/001 Rekod Baru Pesanan Tempatan/input_harga_seunit"), "1.22"): Text '1.22' is set on object 'Object Repository/Perolehan/002 Penyedia_RekodBaru/001 Rekod Baru Pesanan Tempatan/input_harga_seunit'

2019-03-26 16:49:14 - [MESSAGE][PASSED] - Text '1.22' is set on object 'Object Repository/Perolehan/002 Penyedia_RekodBaru/001 Rekod Baru Pesanan Tempatan/input_harga_seunit'

2019-03-26 16:49:14 - [TEST_STEP][PASSED] - click(findTestObject("Perolehan/002 Penyedia_RekodBaru/001 Rekod Baru Pesanan Tempatan/button_simpan_caj_line")): Object: 'Object Repository/Perolehan/002 Penyedia_RekodBaru/001 Rekod Baru Pesanan Tempatan/button_simpan_caj_line' is clicked on

2019-03-26 16:49:14 - [MESSAGE][PASSED] - Object: 'Object Repository/Perolehan/002 Penyedia_RekodBaru/001 Rekod Baru Pesanan Tempatan/button_simpan_caj_line' is clicked on

2019-03-26 16:49:14 - [TEST_STEP][PASSED] - delay(3): Delayed 3 second(s)

2019-03-26 16:49:17 - [MESSAGE][PASSED] - Delayed 3 second(s)

2019-03-26 16:49:17 - [TEST_STEP][PASSED] - waitForElementClickable(findTestObject("Perolehan/002 Penyedia_RekodBaru/001 Rekod Baru Pesanan Tempatan/button_OK_Peruntukan_cukup"), 3): Object 'Object Repository/Perolehan/002 Penyedia_RekodBaru/001 Rekod Baru Pesanan Tempatan/button_OK_Peruntukan_cukup' is clickable

2019-03-26 16:49:17 - [MESSAGE][PASSED] - Object 'Object Repository/Perolehan/002 Penyedia_RekodBaru/001 Rekod Baru Pesanan Tempatan/button_OK_Peruntukan_cukup' is clickable

2019-03-26 16:49:17 - [TEST_STEP][PASSED] - click(findTestObject("Perolehan/002 Penyedia_RekodBaru/001 Rekod Baru Pesanan Tempatan/button_OK_Peruntukan_cukup")): Object: 'Object Repository/Perolehan/002 Penyedia_RekodBaru/001 Rekod Baru Pesanan Tempatan/button_OK_Peruntukan_cukup' is clicked on

2019-03-26 16:49:17 - [MESSAGE][PASSED] - Object: 'Object Repository/Perolehan/002 Penyedia_RekodBaru/001 Rekod Baru Pesanan Tempatan/button_OK_Peruntukan_cukup' is clicked on

2019-03-26 16:49:17 - [TEST_STEP][PASSED] - click(findTestObject("Perolehan/002 Penyedia_RekodBaru/001 Rekod Baru Pesanan Tempatan/button_Simpan_Rekod")): Object: 'Object Repository/Perolehan/002 Penyedia_RekodBaru/001 Rekod Baru Pesanan Tempatan/button_Simpan_Rekod' is clicked on

2019-03-26 16:49:17 - [MESSAGE][PASSED] - Object: 'Object Repository/Perolehan/002 Penyedia_RekodBaru/001 Rekod Baru Pesanan Tempatan/button_Simpan_Rekod' is clicked on

2019-03-26 16:49:17 - [TEST_STEP][PASSED] - delay(3): Delayed 3 second(s)

2019-03-26 16:49:20 - [MESSAGE][PASSED] - Delayed 3 second(s)

2019-03-26 16:49:20 - [TEST_STEP][PASSED] - waitForElementClickable(findTestObject("Perolehan/002 Penyedia_RekodBaru/001 Rekod Baru Pesanan Tempatan/button_OK_Rekod_Berjaya_disimpan"), 60): Object 'Object Repository/Perolehan/002 Penyedia_RekodBaru/001 Rekod Baru Pesanan Tempatan/button_OK_Rekod_Berjaya_disimpan' is clickable

2019-03-26 16:49:21 - [MESSAGE][PASSED] - Object 'Object Repository/Perolehan/002 Penyedia_RekodBaru/001 Rekod Baru Pesanan Tempatan/button_OK_Rekod_Berjaya_disimpan' is clickable

2019-03-26 16:49:21 - [TEST_STEP][PASSED] - click(findTestObject("Perolehan/002 Penyedia_RekodBaru/001 Rekod Baru Pesanan Tempatan/button_OK_Rekod_Berjaya_disimpan")): Object: 'Object Repository/Perolehan/002 Penyedia_RekodBaru/001 Rekod Baru Pesanan Tempatan/button_OK_Rekod_Berjaya_disimpan' is clicked on

2019-03-26 16:49:21 - [MESSAGE][PASSED] - Object: 'Object Repository/Perolehan/002 Penyedia_RekodBaru/001 Rekod Baru Pesanan Tempatan/button_OK_Rekod_Berjaya_disimpan' is clicked on

2019-03-26 16:49:21 - [TEST_STEP][PASSED] - JumlahPesananTempatan = getText(findTestObject("Perolehan/002 Penyedia_RekodBaru/001 Rekod Baru Pesanan Tempatan/Jumlah_pesanan_tempatan")): Text of object 'Object Repository/Perolehan/002 Penyedia_RekodBaru/001 Rekod Baru Pesanan Tempatan/Jumlah_pesanan_tempatan' is: '4.90'

2019-03-26 16:49:21 - [MESSAGE][PASSED] - Text of object 'Object Repository/Perolehan/002 Penyedia_RekodBaru/001 Rekod Baru Pesanan Tempatan/Jumlah_pesanan_tempatan' is: '4.90'

2019-03-26 16:49:21 - [TEST_STEP][PASSED] - println(JumlahPesananTempatan): null

2019-03-26 16:49:21 - [TEST_STEP][PASSED] - click(findTestObject("Perolehan/002 Penyedia_RekodBaru/001 Rekod Baru Pesanan Tempatan/Tab_Penghantaran_Barang")): Object: 'Object Repository/Perolehan/002 Penyedia_RekodBaru/001 Rekod Baru Pesanan Tempatan/Tab_Penghantaran_Barang' is clicked on

2019-03-26 16:49:21 - [MESSAGE][PASSED] - Object: 'Object Repository/Perolehan/002 Penyedia_RekodBaru/001 Rekod Baru Pesanan Tempatan/Tab_Penghantaran_Barang' is clicked on

2019-03-26 16:49:21 - [TEST_STEP][PASSED] - click(findTestObject("Perolehan/002 Penyedia_RekodBaru/001 Rekod Baru Pesanan Tempatan/button_tambah_master_barang")): Object: 'Object Repository/Perolehan/002 Penyedia_RekodBaru/001 Rekod Baru Pesanan Tempatan/button_tambah_master_barang' is clicked on

2019-03-26 16:49:21 - [MESSAGE][PASSED] - Object: 'Object Repository/Perolehan/002 Penyedia_RekodBaru/001 Rekod Baru Pesanan Tempatan/button_tambah_master_barang' is clicked on

2019-03-26 16:49:21 - [TEST_STEP][PASSED] - setText(findTestObject("Perolehan/002 Penyedia_RekodBaru/001 Rekod Baru Pesanan Tempatan/input_untuk_perhatian"), "Yang Berkenaan"): Text 'Yang Berkenaan' is set on object 'Object Repository/Perolehan/002 Penyedia_RekodBaru/001 Rekod Baru Pesanan Tempatan/input_untuk_perhatian'

2019-03-26 16:49:21 - [MESSAGE][PASSED] - Text 'Yang Berkenaan' is set on object 'Object Repository/Perolehan/002 Penyedia_RekodBaru/001 Rekod Baru Pesanan Tempatan/input_untuk_perhatian'

2019-03-26 16:49:21 - [TEST_STEP][PASSED] - click(findTestObject("Perolehan/002 Penyedia_RekodBaru/001 Rekod Baru Pesanan Tempatan/Drop_down_bekal_kepada_Jabatan")): Object: 'Object Repository/Perolehan/002 Penyedia_RekodBaru/001 Rekod Baru Pesanan Tempatan/Drop_down_bekal_kepada_Jabatan' is clicked on

2019-03-26 16:49:21 - [MESSAGE][PASSED] - Object: 'Object Repository/Perolehan/002 Penyedia_RekodBaru/001 Rekod Baru Pesanan Tempatan/Drop_down_bekal_kepada_Jabatan' is clicked on

2019-03-26 16:49:21 - [TEST_STEP][PASSED] - setText(findTestObject("Perolehan/002 Penyedia_RekodBaru/001 Rekod Baru Pesanan Tempatan/input_bekal_kepada_jabatan"), kod_jabatan): Text '005000' is set on object 'Object Repository/Perolehan/002 Penyedia_RekodBaru/001 Rekod Baru Pesanan Tempatan/input_bekal_kepada_jabatan'

2019-03-26 16:49:22 - [MESSAGE][PASSED] - Text '005000' is set on object 'Object Repository/Perolehan/002 Penyedia_RekodBaru/001 Rekod Baru Pesanan Tempatan/input_bekal_kepada_jabatan'

2019-03-26 16:49:22 - [TEST_STEP][PASSED] - delay(3): Delayed 3 second(s)

2019-03-26 16:49:25 - [MESSAGE][PASSED] - Delayed 3 second(s)

2019-03-26 16:49:25 - [TEST_STEP][PASSED] - click(findTestObject("Perolehan/002 Penyedia_RekodBaru/001 Rekod Baru Pesanan Tempatan/select_jabatan", ["text":kod_jabatan])): Object: 'Object Repository/Perolehan/002 Penyedia_RekodBaru/001 Rekod Baru Pesanan Tempatan/select_jabatan' is clicked on

2019-03-26 16:49:25 - [MESSAGE][PASSED] - Object: 'Object Repository/Perolehan/002 Penyedia_RekodBaru/001 Rekod Baru Pesanan Tempatan/select_jabatan' is clicked on

2019-03-26 16:49:25 - [TEST_STEP][PASSED] - delay(3): Delayed 3 second(s)

2019-03-26 16:49:28 - [MESSAGE][PASSED] - Delayed 3 second(s)

2019-03-26 16:49:28 - [TEST_STEP][PASSED] - click(findTestObject("Perolehan/002 Penyedia_RekodBaru/001 Rekod Baru Pesanan Tempatan/Drop_down_master_PTJ")): Object: 'Object Repository/Perolehan/002 Penyedia_RekodBaru/001 Rekod Baru Pesanan Tempatan/Drop_down_master_PTJ' is clicked on

2019-03-26 16:49:28 - [MESSAGE][PASSED] - Object: 'Object Repository/Perolehan/002 Penyedia_RekodBaru/001 Rekod Baru Pesanan Tempatan/Drop_down_master_PTJ' is clicked on

2019-03-26 16:49:28 - [TEST_STEP][PASSED] - delay(3): Delayed 3 second(s)

2019-03-26 16:49:31 - [MESSAGE][PASSED] - Delayed 3 second(s)

2019-03-26 16:49:31 - [TEST_STEP][PASSED] - setText(findTestObject("Perolehan/002 Penyedia_RekodBaru/001 Rekod Baru Pesanan Tempatan/input_kod_PTJ"), kod_PTJ): Text '15200100' is set on object 'Object Repository/Perolehan/002 Penyedia_RekodBaru/001 Rekod Baru Pesanan Tempatan/input_kod_PTJ'

2019-03-26 16:49:31 - [MESSAGE][PASSED] - Text '15200100' is set on object 'Object Repository/Perolehan/002 Penyedia_RekodBaru/001 Rekod Baru Pesanan Tempatan/input_kod_PTJ'

2019-03-26 16:49:31 - [TEST_STEP][PASSED] - click(findTestObject("Perolehan/002 Penyedia_RekodBaru/001 Rekod Baru Pesanan Tempatan/select_master_PTJ", ["text":kod_PTJ])): Object: 'Object Repository/Perolehan/002 Penyedia_RekodBaru/001 Rekod Baru Pesanan Tempatan/select_master_PTJ' is clicked on

2019-03-26 16:49:31 - [MESSAGE][PASSED] - Object: 'Object Repository/Perolehan/002 Penyedia_RekodBaru/001 Rekod Baru Pesanan Tempatan/select_master_PTJ' is clicked on

2019-03-26 16:49:31 - [TEST_STEP][PASSED] - delay(3): Delayed 3 second(s)

2019-03-26 16:49:34 - [MESSAGE][PASSED] - Delayed 3 second(s)

2019-03-26 16:49:34 - [TEST_STEP][PASSED] - check(findTestObject("Perolehan/002 Penyedia_RekodBaru/001 Rekod Baru Pesanan Tempatan/checkbox_alamat_utama")): Object 'Object Repository/Perolehan/002 Penyedia_RekodBaru/001 Rekod Baru Pesanan Tempatan/checkbox_alamat_utama' is checked

2019-03-26 16:49:34 - [MESSAGE][PASSED] - Object 'Object Repository/Perolehan/002 Penyedia_RekodBaru/001 Rekod Baru Pesanan Tempatan/checkbox_alamat_utama' is checked

2019-03-26 16:49:34 - [TEST_STEP][PASSED] - click(findTestObject("Perolehan/002 Penyedia_RekodBaru/001 Rekod Baru Pesanan Tempatan/button_tambah_senarai_barang")): Object: 'Object Repository/Perolehan/002 Penyedia_RekodBaru/001 Rekod Baru Pesanan Tempatan/button_tambah_senarai_barang' is clicked on

2019-03-26 16:49:34 - [MESSAGE][PASSED] - Object: 'Object Repository/Perolehan/002 Penyedia_RekodBaru/001 Rekod Baru Pesanan Tempatan/button_tambah_senarai_barang' is clicked on

2019-03-26 16:49:34 - [TEST_STEP][PASSED] - delay(3): Delayed 3 second(s)

2019-03-26 16:49:37 - [MESSAGE][PASSED] - Delayed 3 second(s)

2019-03-26 16:49:37 - [TEST_STEP][PASSED] - click(findTestObject("Perolehan/002 Penyedia_RekodBaru/001 Rekod Baru Pesanan Tempatan/Drop_down_senarai_barang")): Object: 'Object Repository/Perolehan/002 Penyedia_RekodBaru/001 Rekod Baru Pesanan Tempatan/Drop_down_senarai_barang' is clicked on

2019-03-26 16:49:38 - [MESSAGE][PASSED] - Object: 'Object Repository/Perolehan/002 Penyedia_RekodBaru/001 Rekod Baru Pesanan Tempatan/Drop_down_senarai_barang' is clicked on

2019-03-26 16:49:38 - [TEST_STEP][PASSED] - delay(3): Delayed 3 second(s)

2019-03-26 16:49:41 - [MESSAGE][PASSED] - Delayed 3 second(s)

2019-03-26 16:49:41 - [TEST_STEP][PASSED] - click(findTestObject("Perolehan/002 Penyedia_RekodBaru/001 Rekod Baru Pesanan Tempatan/Drop_down_Barang_1", ["text":kod_barang])): Object: 'Object Repository/Perolehan/002 Penyedia_RekodBaru/001 Rekod Baru Pesanan Tempatan/Drop_down_Barang_1' is clicked on

2019-03-26 16:49:41 - [MESSAGE][PASSED] - Object: 'Object Repository/Perolehan/002 Penyedia_RekodBaru/001 Rekod Baru Pesanan Tempatan/Drop_down_Barang_1' is clicked on

2019-03-26 16:49:41 - [TEST_STEP][PASSED] - setText(findTestObject("Perolehan/002 Penyedia_RekodBaru/001 Rekod Baru Pesanan Tempatan/input_Kuantiti_senarai_barang"), "4"): Text '4' is set on object 'Object Repository/Perolehan/002 Penyedia_RekodBaru/001 Rekod Baru Pesanan Tempatan/input_Kuantiti_senarai_barang'

2019-03-26 16:49:41 - [MESSAGE][PASSED] - Text '4' is set on object 'Object Repository/Perolehan/002 Penyedia_RekodBaru/001 Rekod Baru Pesanan Tempatan/input_Kuantiti_senarai_barang'

2019-03-26 16:49:41 - [TEST_STEP][PASSED] - click(findTestObject("Perolehan/002 Penyedia_RekodBaru/001 Rekod Baru Pesanan Tempatan/button_save_senarai_barang")): Object: 'Object Repository/Perolehan/002 Penyedia_RekodBaru/001 Rekod Baru Pesanan Tempatan/button_save_senarai_barang' is clicked on

2019-03-26 16:49:41 - [MESSAGE][PASSED] - Object: 'Object Repository/Perolehan/002 Penyedia_RekodBaru/001 Rekod Baru Pesanan Tempatan/button_save_senarai_barang' is clicked on

2019-03-26 16:49:41 - [TEST_STEP][PASSED] - click(findTestObject("Perolehan/002 Penyedia_RekodBaru/001 Rekod Baru Pesanan Tempatan/button_simpan_maklumat_bekalan")): Object: 'Object Repository/Perolehan/002 Penyedia_RekodBaru/001 Rekod Baru Pesanan Tempatan/button_simpan_maklumat_bekalan' is clicked on

2019-03-26 16:49:41 - [MESSAGE][PASSED] - Object: 'Object Repository/Perolehan/002 Penyedia_RekodBaru/001 Rekod Baru Pesanan Tempatan/button_simpan_maklumat_bekalan' is clicked on

2019-03-26 16:49:41 - [TEST_STEP][PASSED] - click(findTestObject("Perolehan/002 Penyedia_RekodBaru/001 Rekod Baru Pesanan Tempatan/Tab_Pesanan_Tempatan")): Object: 'Object Repository/Perolehan/002 Penyedia_RekodBaru/001 Rekod Baru Pesanan Tempatan/Tab_Pesanan_Tempatan' is clicked on

2019-03-26 16:49:41 - [MESSAGE][PASSED] - Object: 'Object Repository/Perolehan/002 Penyedia_RekodBaru/001 Rekod Baru Pesanan Tempatan/Tab_Pesanan_Tempatan' is clicked on

2019-03-26 16:49:41 - [TEST_STEP][PASSED] - click(findTestObject("Perolehan/002 Penyedia_RekodBaru/001 Rekod Baru Pesanan Tempatan/button_Simpan_Rekod")): Object: 'Object Repository/Perolehan/002 Penyedia_RekodBaru/001 Rekod Baru Pesanan Tempatan/button_Simpan_Rekod' is clicked on

2019-03-26 16:49:41 - [MESSAGE][PASSED] - Object: 'Object Repository/Perolehan/002 Penyedia_RekodBaru/001 Rekod Baru Pesanan Tempatan/button_Simpan_Rekod' is clicked on

2019-03-26 16:49:41 - [TEST_STEP][PASSED] - delay(3): Delayed 3 second(s)

2019-03-26 16:49:44 - [MESSAGE][PASSED] - Delayed 3 second(s)

2019-03-26 16:49:44 - [TEST_STEP][PASSED] - waitForElementClickable(findTestObject("Perolehan/002 Penyedia_RekodBaru/001 Rekod Baru Pesanan Tempatan/button_OK_Rekod_Berjaya_disimpan"), 300): Object 'Object Repository/Perolehan/002 Penyedia_RekodBaru/001 Rekod Baru Pesanan Tempatan/button_OK_Rekod_Berjaya_disimpan' is clickable

2019-03-26 16:49:44 - [MESSAGE][PASSED] - Object 'Object Repository/Perolehan/002 Penyedia_RekodBaru/001 Rekod Baru Pesanan Tempatan/button_OK_Rekod_Berjaya_disimpan' is clickable

2019-03-26 16:49:44 - [TEST_STEP][PASSED] - element = findWebElement(findTestObject("Perolehan/002 Penyedia_RekodBaru/001 Rekod Baru Pesanan Tempatan/button_OK_Rekod_Berjaya_disimpan"), 300): null

2019-03-26 16:49:44 - [TEST_STEP][PASSED] - executeJavaScript("arguments[0].click", Arrays.asList(element)): Execute JavaScript 'arguments[0].click' successfully

2019-03-26 16:49:45 - [MESSAGE][PASSED] - Execute JavaScript 'arguments[0].click' successfully

2019-03-26 16:49:45 - [TEST_STEP][PASSED] - takeScreenshot(): Taking screenshot successfully

2019-03-26 16:49:45 - [MESSAGE][PASSED] - Taking screenshot successfully
[[ATTACHMENT|C:\\Users\\Consultant_MSPHitect\\Katalon Studio\\TrainingonKatalon\\Reports\\Perolehan\\01 Pesanan Tempatan Cara Bayaran EFT Tiada Pemfaktoran\\20190326_164748\\1553590185035.png]]

2019-03-26 16:49:45 - [TEST_STEP][PASSED] - click(findTestObject("Perolehan/002 Penyedia_RekodBaru/001 Rekod Baru Pesanan Tempatan/button_OK_Rekod_Berjaya_disimpan")): Object: 'Object Repository/Perolehan/002 Penyedia_RekodBaru/001 Rekod Baru Pesanan Tempatan/button_OK_Rekod_Berjaya_disimpan' is clicked on

2019-03-26 16:49:45 - [MESSAGE][PASSED] - Object: 'Object Repository/Perolehan/002 Penyedia_RekodBaru/001 Rekod Baru Pesanan Tempatan/button_OK_Rekod_Berjaya_disimpan' is clicked on]]></system-out>
         <system-err><![CDATA[]]></system-err>
      </testcase>
      <testcase name="Test Cases/Perolehan/002 Rekod Baru oleh Penyedia/002 Senarai Semak" classname="Test Cases/Perolehan/002 Rekod Baru oleh Penyedia/002 Senarai Semak" status="PASSED">
         <system-out><![CDATA[2019-03-26 16:49:45 - [TEST_CASE][PASSED] - Test Cases/Perolehan/002 Rekod Baru oleh Penyedia/002 Senarai Semak: Test Cases/Perolehan/002 Rekod Baru oleh Penyedia/002 Senarai Semak

2019-03-26 16:49:45 - [TEST_STEP][PASSED] - delay(3): Delayed 3 second(s)

2019-03-26 16:49:48 - [MESSAGE][PASSED] - Delayed 3 second(s)

2019-03-26 16:49:48 - [TEST_STEP][PASSED] - click(findTestObject("Perolehan/002 Penyedia_RekodBaru/0021 Senarai Semak/button_Senarai Semak")): Object: 'Object Repository/Perolehan/002 Penyedia_RekodBaru/0021 Senarai Semak/button_Senarai Semak' is clicked on

2019-03-26 16:49:48 - [MESSAGE][PASSED] - Object: 'Object Repository/Perolehan/002 Penyedia_RekodBaru/0021 Senarai Semak/button_Senarai Semak' is clicked on

2019-03-26 16:49:48 - [TEST_STEP][PASSED] - delay(3): Delayed 3 second(s)

2019-03-26 16:49:51 - [MESSAGE][PASSED] - Delayed 3 second(s)

2019-03-26 16:49:51 - [TEST_STEP][PASSED] - check(findTestObject("Perolehan/002 Penyedia_RekodBaru/0021 Senarai Semak/Senarai_semak_IC")): Object 'Object Repository/Perolehan/002 Penyedia_RekodBaru/0021 Senarai Semak/Senarai_semak_IC' is checked

2019-03-26 16:49:51 - [MESSAGE][PASSED] - Object 'Object Repository/Perolehan/002 Penyedia_RekodBaru/0021 Senarai Semak/Senarai_semak_IC' is checked

2019-03-26 16:49:51 - [TEST_STEP][PASSED] - check(findTestObject("Perolehan/002 Penyedia_RekodBaru/0021 Senarai Semak/Senarai_semak_Pesanan_Tempatan")): Object 'Object Repository/Perolehan/002 Penyedia_RekodBaru/0021 Senarai Semak/Senarai_semak_Pesanan_Tempatan' is checked

2019-03-26 16:49:51 - [MESSAGE][PASSED] - Object 'Object Repository/Perolehan/002 Penyedia_RekodBaru/0021 Senarai Semak/Senarai_semak_Pesanan_Tempatan' is checked

2019-03-26 16:49:51 - [TEST_STEP][PASSED] - check(findTestObject("Perolehan/002 Penyedia_RekodBaru/0021 Senarai Semak/Senarai_semak_Perihal_Perolehan")): Object 'Object Repository/Perolehan/002 Penyedia_RekodBaru/0021 Senarai Semak/Senarai_semak_Perihal_Perolehan' is checked

2019-03-26 16:49:52 - [MESSAGE][PASSED] - Object 'Object Repository/Perolehan/002 Penyedia_RekodBaru/0021 Senarai Semak/Senarai_semak_Perihal_Perolehan' is checked

2019-03-26 16:49:52 - [TEST_STEP][PASSED] - click(findTestObject("Perolehan/002 Penyedia_RekodBaru/0021 Senarai Semak/button_simpan_senarai_semak")): Object: 'Object Repository/Perolehan/002 Penyedia_RekodBaru/0021 Senarai Semak/button_simpan_senarai_semak' is clicked on

2019-03-26 16:49:52 - [MESSAGE][PASSED] - Object: 'Object Repository/Perolehan/002 Penyedia_RekodBaru/0021 Senarai Semak/button_simpan_senarai_semak' is clicked on

2019-03-26 16:49:52 - [TEST_STEP][PASSED] - waitForElementClickable(findTestObject("Perolehan/002 Penyedia_RekodBaru/0021 Senarai Semak/button_OK_Senarai_Semak_berjaya_disimpan"), 60): Object 'Object Repository/Perolehan/002 Penyedia_RekodBaru/0021 Senarai Semak/button_OK_Senarai_Semak_berjaya_disimpan' is clickable

2019-03-26 16:49:52 - [MESSAGE][PASSED] - Object 'Object Repository/Perolehan/002 Penyedia_RekodBaru/0021 Senarai Semak/button_OK_Senarai_Semak_berjaya_disimpan' is clickable

2019-03-26 16:49:52 - [TEST_STEP][PASSED] - click(findTestObject("Perolehan/002 Penyedia_RekodBaru/0021 Senarai Semak/button_OK_Senarai_Semak_berjaya_disimpan")): Object: 'Object Repository/Perolehan/002 Penyedia_RekodBaru/0021 Senarai Semak/button_OK_Senarai_Semak_berjaya_disimpan' is clicked on

2019-03-26 16:49:52 - [MESSAGE][PASSED] - Object: 'Object Repository/Perolehan/002 Penyedia_RekodBaru/0021 Senarai Semak/button_OK_Senarai_Semak_berjaya_disimpan' is clicked on

2019-03-26 16:49:52 - [TEST_STEP][PASSED] - click(findTestObject("Perolehan/002 Penyedia_RekodBaru/0021 Senarai Semak/Senarai_semak_close_X")): Object: 'Object Repository/Perolehan/002 Penyedia_RekodBaru/0021 Senarai Semak/Senarai_semak_close_X' is clicked on

2019-03-26 16:49:52 - [MESSAGE][PASSED] - Object: 'Object Repository/Perolehan/002 Penyedia_RekodBaru/0021 Senarai Semak/Senarai_semak_close_X' is clicked on

2019-03-26 16:49:52 - [TEST_STEP][PASSED] - click(findTestObject("Perolehan/002 Penyedia_RekodBaru/001 Rekod Baru Pesanan Tempatan/button_Simpan_Rekod")): Object: 'Object Repository/Perolehan/002 Penyedia_RekodBaru/001 Rekod Baru Pesanan Tempatan/button_Simpan_Rekod' is clicked on

2019-03-26 16:49:52 - [MESSAGE][PASSED] - Object: 'Object Repository/Perolehan/002 Penyedia_RekodBaru/001 Rekod Baru Pesanan Tempatan/button_Simpan_Rekod' is clicked on

2019-03-26 16:49:52 - [TEST_STEP][PASSED] - delay(3): Delayed 3 second(s)

2019-03-26 16:49:55 - [MESSAGE][PASSED] - Delayed 3 second(s)

2019-03-26 16:49:55 - [TEST_STEP][PASSED] - waitForElementClickable(findTestObject("Perolehan/002 Penyedia_RekodBaru/001 Rekod Baru Pesanan Tempatan/button_OK_Rekod_Berjaya_disimpan"), 60): Object 'Object Repository/Perolehan/002 Penyedia_RekodBaru/001 Rekod Baru Pesanan Tempatan/button_OK_Rekod_Berjaya_disimpan' is clickable

2019-03-26 16:49:55 - [MESSAGE][PASSED] - Object 'Object Repository/Perolehan/002 Penyedia_RekodBaru/001 Rekod Baru Pesanan Tempatan/button_OK_Rekod_Berjaya_disimpan' is clickable

2019-03-26 16:49:55 - [TEST_STEP][PASSED] - waitForElementClickable(findTestObject("Perolehan/002 Penyedia_RekodBaru/001 Rekod Baru Pesanan Tempatan/button_OK_Rekod_Berjaya_disimpan"), 300): Object 'Object Repository/Perolehan/002 Penyedia_RekodBaru/001 Rekod Baru Pesanan Tempatan/button_OK_Rekod_Berjaya_disimpan' is clickable

2019-03-26 16:49:55 - [MESSAGE][PASSED] - Object 'Object Repository/Perolehan/002 Penyedia_RekodBaru/001 Rekod Baru Pesanan Tempatan/button_OK_Rekod_Berjaya_disimpan' is clickable

2019-03-26 16:49:55 - [TEST_STEP][PASSED] - element = findWebElement(findTestObject("Perolehan/002 Penyedia_RekodBaru/001 Rekod Baru Pesanan Tempatan/button_OK_Rekod_Berjaya_disimpan"), 300): null

2019-03-26 16:49:55 - [TEST_STEP][PASSED] - click(findTestObject("Perolehan/002 Penyedia_RekodBaru/001 Rekod Baru Pesanan Tempatan/button_OK_Rekod_Berjaya_disimpan")): Object: 'Object Repository/Perolehan/002 Penyedia_RekodBaru/001 Rekod Baru Pesanan Tempatan/button_OK_Rekod_Berjaya_disimpan' is clicked on

2019-03-26 16:49:56 - [MESSAGE][PASSED] - Object: 'Object Repository/Perolehan/002 Penyedia_RekodBaru/001 Rekod Baru Pesanan Tempatan/button_OK_Rekod_Berjaya_disimpan' is clicked on]]></system-out>
         <system-err><![CDATA[]]></system-err>
      </testcase>
      <testcase name="Test Cases/Perolehan/002 Rekod Baru oleh Penyedia/003 Sah Simpan" classname="Test Cases/Perolehan/002 Rekod Baru oleh Penyedia/003 Sah Simpan" status="PASSED">
         <system-out><![CDATA[2019-03-26 16:49:56 - [TEST_CASE][PASSED] - Test Cases/Perolehan/002 Rekod Baru oleh Penyedia/003 Sah Simpan: Test Cases/Perolehan/002 Rekod Baru oleh Penyedia/003 Sah Simpan

2019-03-26 16:49:56 - [TEST_STEP][PASSED] - delay(5): Delayed 5 second(s)

2019-03-26 16:50:01 - [MESSAGE][PASSED] - Delayed 5 second(s)

2019-03-26 16:50:01 - [TEST_STEP][PASSED] - Total = getText(findTestObject("Perolehan/002 Penyedia_RekodBaru/0022 Sah_Simpan/TotalAmaunPT")): Text of object 'Object Repository/Perolehan/002 Penyedia_RekodBaru/0022 Sah_Simpan/TotalAmaunPT' is: '4.90'

2019-03-26 16:50:01 - [MESSAGE][PASSED] - Text of object 'Object Repository/Perolehan/002 Penyedia_RekodBaru/0022 Sah_Simpan/TotalAmaunPT' is: '4.90'

2019-03-26 16:50:01 - [TEST_STEP][PASSED] - println(Total): null

2019-03-26 16:50:01 - [TEST_STEP][PASSED] - TotalAmaunPT = Total: null

2019-03-26 16:50:01 - [TEST_STEP][PASSED] - delay(3): Delayed 3 second(s)

2019-03-26 16:50:04 - [MESSAGE][PASSED] - Delayed 3 second(s)

2019-03-26 16:50:04 - [TEST_STEP][PASSED] - click(findTestObject("Perolehan/002 Penyedia_RekodBaru/0022 Sah_Simpan/button_Sah Simpan")): Object: 'Object Repository/Perolehan/002 Penyedia_RekodBaru/0022 Sah_Simpan/button_Sah Simpan' is clicked on

2019-03-26 16:50:04 - [MESSAGE][PASSED] - Object: 'Object Repository/Perolehan/002 Penyedia_RekodBaru/0022 Sah_Simpan/button_Sah Simpan' is clicked on

2019-03-26 16:50:04 - [TEST_STEP][PASSED] - click(findTestObject("Perolehan/002 Penyedia_RekodBaru/0022 Sah_Simpan/button_Ya_Sah_Simpan")): Object: 'Object Repository/Perolehan/002 Penyedia_RekodBaru/0022 Sah_Simpan/button_Ya_Sah_Simpan' is clicked on

2019-03-26 16:50:04 - [MESSAGE][PASSED] - Object: 'Object Repository/Perolehan/002 Penyedia_RekodBaru/0022 Sah_Simpan/button_Ya_Sah_Simpan' is clicked on

2019-03-26 16:50:04 - [TEST_STEP][PASSED] - delay(3): Delayed 3 second(s)

2019-03-26 16:50:07 - [MESSAGE][PASSED] - Delayed 3 second(s)

2019-03-26 16:50:07 - [TEST_STEP][PASSED] - waitForElementClickable(findTestObject("Perolehan/002 Penyedia_RekodBaru/0022 Sah_Simpan/button_OK_Sah_Simpan"), 60): Object 'Object Repository/Perolehan/002 Penyedia_RekodBaru/0022 Sah_Simpan/button_OK_Sah_Simpan' is clickable

2019-03-26 16:50:08 - [MESSAGE][PASSED] - Object 'Object Repository/Perolehan/002 Penyedia_RekodBaru/0022 Sah_Simpan/button_OK_Sah_Simpan' is clickable

2019-03-26 16:50:08 - [TEST_STEP][PASSED] - takeScreenshot(): Taking screenshot successfully

2019-03-26 16:50:08 - [MESSAGE][PASSED] - Taking screenshot successfully
[[ATTACHMENT|C:\\Users\\Consultant_MSPHitect\\Katalon Studio\\TrainingonKatalon\\Reports\\Perolehan\\01 Pesanan Tempatan Cara Bayaran EFT Tiada Pemfaktoran\\20190326_164748\\1553590208035.png]]

2019-03-26 16:50:08 - [TEST_STEP][PASSED] - PTRekodberjayaID = getText(findTestObject("Perolehan/002 Penyedia_RekodBaru/0022 Sah_Simpan/RekodBerjayadiSahSimpan")): Text of object 'Object Repository/Perolehan/002 Penyedia_RekodBaru/0022 Sah_Simpan/RekodBerjayadiSahSimpan' is: 'Rekod Telah Berjaya Di Sah Simpan. [ NO REKOD :19CHPT030100081 ]
Ok'

2019-03-26 16:50:08 - [MESSAGE][PASSED] - Text of object 'Object Repository/Perolehan/002 Penyedia_RekodBaru/0022 Sah_Simpan/RekodBerjayadiSahSimpan' is: 'Rekod Telah Berjaya Di Sah Simpan. [ NO REKOD :19CHPT030100081 ]
Ok'

2019-03-26 16:50:08 - [TEST_STEP][PASSED] - println(PTRekodberjayaID): null

2019-03-26 16:50:08 - [TEST_STEP][PASSED] - PTRekodID = PTRekodberjayaID[(47..61)]: null

2019-03-26 16:50:08 - [TEST_STEP][PASSED] - println(PTRekodID): null

2019-03-26 16:50:08 - [TEST_STEP][PASSED] - PesananTempatanRekodID = PTRekodID: null

2019-03-26 16:50:08 - [TEST_STEP][PASSED] - delay(3): Delayed 3 second(s)

2019-03-26 16:50:11 - [MESSAGE][PASSED] - Delayed 3 second(s)

2019-03-26 16:50:11 - [TEST_STEP][PASSED] - waitForElementClickable(findTestObject("Perolehan/002 Penyedia_RekodBaru/001 Rekod Baru Pesanan Tempatan/button_OK_Rekod_Berjaya_disimpan"), 300): Object 'Object Repository/Perolehan/002 Penyedia_RekodBaru/001 Rekod Baru Pesanan Tempatan/button_OK_Rekod_Berjaya_disimpan' is clickable

2019-03-26 16:50:11 - [MESSAGE][PASSED] - Object 'Object Repository/Perolehan/002 Penyedia_RekodBaru/001 Rekod Baru Pesanan Tempatan/button_OK_Rekod_Berjaya_disimpan' is clickable

2019-03-26 16:50:11 - [TEST_STEP][PASSED] - element = findWebElement(findTestObject("Perolehan/002 Penyedia_RekodBaru/0022 Sah_Simpan/button_OK_Sah_Simpan"), 300): null

2019-03-26 16:50:11 - [TEST_STEP][PASSED] - click(findTestObject("Perolehan/002 Penyedia_RekodBaru/0022 Sah_Simpan/button_OK_Sah_Simpan")): Object: 'Object Repository/Perolehan/002 Penyedia_RekodBaru/0022 Sah_Simpan/button_OK_Sah_Simpan' is clicked on

2019-03-26 16:50:11 - [MESSAGE][PASSED] - Object: 'Object Repository/Perolehan/002 Penyedia_RekodBaru/0022 Sah_Simpan/button_OK_Sah_Simpan' is clicked on

2019-03-26 16:50:11 - [TEST_STEP][PASSED] - closeBrowser(): Browser is closed

2019-03-26 16:50:12 - [MESSAGE][PASSED] - Browser is closed]]></system-out>
         <system-err><![CDATA[]]></system-err>
      </testcase>
      <testcase name="Test Cases/Perolehan/003 Pengesahan Pesanan Tempatan/Pengesahan" classname="Test Cases/Perolehan/003 Pengesahan Pesanan Tempatan/Pengesahan" status="PASSED">
         <system-out><![CDATA[2019-03-26 16:50:12 - [TEST_CASE][PASSED] - Test Cases/Perolehan/003 Pengesahan Pesanan Tempatan/Pengesahan: Test Cases/Perolehan/003 Pengesahan Pesanan Tempatan/Pengesahan

2019-03-26 16:50:12 - [TEST_STEP][PASSED] - openBrowser(""): Browser is opened with url: ''

2019-03-26 16:50:12 - [MESSAGE][INFO] - Starting 'Chrome' driver

2019-03-26 16:50:14 - [MESSAGE][PASSED] - Browser is opened with url: ''

2019-03-26 16:50:14 - [TEST_STEP][PASSED] - navigateToUrl(URL_Homepage): Navigate to 'http://175.143.52.101:7010/1SPEKSv2/' successfully

2019-03-26 16:50:15 - [MESSAGE][PASSED] - Navigate to 'http://175.143.52.101:7010/1SPEKSv2/' successfully

2019-03-26 16:50:15 - [TEST_STEP][PASSED] - reusablefunctions.reusablefunctions.Login(findTestData("ispekstestdata").getValue(1, 6), findTestData("ispekstestdata").getValue(2, 6)): reusablefunctions.reusablefunctions.Login is PASSED

2019-03-26 16:50:15 - [MESSAGE][PASSED] - Text '820806015126' is set on object 'Object Repository/Login/input_NoKadPengenalan'

2019-03-26 16:50:15 - [MESSAGE][PASSED] - Text ****** has been set on object 'Object Repository/Login/input_Password'

2019-03-26 16:50:16 - [MESSAGE][PASSED] - Object: 'Object Repository/Login/input_ButtonLogMasuk' is clicked on

2019-03-26 16:50:26 - [MESSAGE][PASSED] - Delayed 10 second(s)

2019-03-26 16:50:26 - [MESSAGE][PASSED] - reusablefunctions.reusablefunctions.Login is PASSED

2019-03-26 16:50:26 - [TEST_STEP][PASSED] - click(findTestObject("Perolehan/TukarPeranan/IconTukarPeranan")): Object: 'Object Repository/Perolehan/TukarPeranan/IconTukarPeranan' is clicked on

2019-03-26 16:50:26 - [MESSAGE][PASSED] - Object: 'Object Repository/Perolehan/TukarPeranan/IconTukarPeranan' is clicked on

2019-03-26 16:50:26 - [TEST_STEP][PASSED] - click(findTestObject("Perolehan/TukarPeranan/input_TukarPeranan", ["value":"2933"])): Object: 'Object Repository/Perolehan/TukarPeranan/input_TukarPeranan' is clicked on

2019-03-26 16:50:26 - [MESSAGE][PASSED] - Object: 'Object Repository/Perolehan/TukarPeranan/input_TukarPeranan' is clicked on

2019-03-26 16:50:26 - [TEST_STEP][PASSED] - click(findTestObject("Perolehan/TukarPeranan/button_Ya")): Object: 'Object Repository/Perolehan/TukarPeranan/button_Ya' is clicked on

2019-03-26 16:50:26 - [MESSAGE][PASSED] - Object: 'Object Repository/Perolehan/TukarPeranan/button_Ya' is clicked on

2019-03-26 16:50:26 - [TEST_STEP][PASSED] - delay(20): Delayed 20 second(s)

2019-03-26 16:50:46 - [MESSAGE][PASSED] - Delayed 20 second(s)

2019-03-26 16:50:46 - [TEST_STEP][PASSED] - verifyTextPresent("Peranan : [Pengesah] Peringkat : [BN]", false): Text 'Peranan : [Pengesah] Peringkat : [BN]' is present on page 

2019-03-26 16:50:47 - [MESSAGE][PASSED] - Text 'Peranan : [Pengesah] Peringkat : [BN]' is present on page 

2019-03-26 16:50:47 - [TEST_STEP][PASSED] - delay(5): Delayed 5 second(s)

2019-03-26 16:50:52 - [MESSAGE][PASSED] - Delayed 5 second(s)

2019-03-26 16:50:52 - [TEST_STEP][PASSED] - click(findTestObject("Perolehan/001 Left_Menu_Selection/a_ExpandMenuonLeft")): Object: 'Object Repository/Perolehan/001 Left_Menu_Selection/a_ExpandMenuonLeft' is clicked on

2019-03-26 16:50:55 - [MESSAGE][PASSED] - Object: 'Object Repository/Perolehan/001 Left_Menu_Selection/a_ExpandMenuonLeft' is clicked on

2019-03-26 16:50:55 - [TEST_STEP][PASSED] - delay(3, STOP_ON_FAILURE): Delayed 3 second(s)

2019-03-26 16:50:58 - [MESSAGE][PASSED] - Delayed 3 second(s)

2019-03-26 16:50:58 - [TEST_STEP][PASSED] - click(findTestObject("Perolehan/001 Left_Menu_Selection/div_PanelTitlePerolehan")): Object: 'Object Repository/Perolehan/001 Left_Menu_Selection/div_PanelTitlePerolehan' is clicked on

2019-03-26 16:50:58 - [MESSAGE][PASSED] - Object: 'Object Repository/Perolehan/001 Left_Menu_Selection/div_PanelTitlePerolehan' is clicked on

2019-03-26 16:50:58 - [TEST_STEP][PASSED] - delay(3, STOP_ON_FAILURE): Delayed 3 second(s)

2019-03-26 16:51:01 - [MESSAGE][PASSED] - Delayed 3 second(s)

2019-03-26 16:51:01 - [TEST_STEP][PASSED] - click(findTestObject("Perolehan/001 Left_Menu_Selection/div_PesananTempatan")): Object: 'Object Repository/Perolehan/001 Left_Menu_Selection/div_PesananTempatan' is clicked on

2019-03-26 16:51:01 - [MESSAGE][PASSED] - Object: 'Object Repository/Perolehan/001 Left_Menu_Selection/div_PesananTempatan' is clicked on

2019-03-26 16:51:01 - [TEST_STEP][PASSED] - delay(3): Delayed 3 second(s)

2019-03-26 16:51:04 - [MESSAGE][PASSED] - Delayed 3 second(s)

2019-03-26 16:51:04 - [TEST_STEP][PASSED] - setText(findTestObject("Perolehan/003 Pengesah/input_No_Rekod"), PesananTempatanRekodID): Text '19CHPT030100081' is set on object 'Object Repository/Perolehan/003 Pengesah/input_No_Rekod'

2019-03-26 16:51:20 - [MESSAGE][PASSED] - Text '19CHPT030100081' is set on object 'Object Repository/Perolehan/003 Pengesah/input_No_Rekod'

2019-03-26 16:51:20 - [TEST_STEP][PASSED] - doubleClick(findTestObject("Perolehan/003 Pengesah/Senarai_Tugas_Item_No_1", ["text":PesananTempatanRekodID])): Object: 'Object Repository/Perolehan/003 Pengesah/Senarai_Tugas_Item_No_1' is double clicked on

2019-03-26 16:51:20 - [MESSAGE][PASSED] - Object: 'Object Repository/Perolehan/003 Pengesah/Senarai_Tugas_Item_No_1' is double clicked on

2019-03-26 16:51:20 - [TEST_STEP][PASSED] - delay(3): Delayed 3 second(s)

2019-03-26 16:51:23 - [MESSAGE][PASSED] - Delayed 3 second(s)

2019-03-26 16:51:23 - [TEST_STEP][PASSED] - mydate = new java.util.Date(): null

2019-03-26 16:51:23 - [TEST_STEP][PASSED] - formattedDate = mydate.format("dd/MM/yyyy"): null

2019-03-26 16:51:23 - [TEST_STEP][PASSED] - formattedYear = mydate.format("yyyy"): null

2019-03-26 16:51:23 - [TEST_STEP][PASSED] - println(formattedDate): null

2019-03-26 16:51:23 - [TEST_STEP][PASSED] - println(formattedYear): null

2019-03-26 16:51:23 - [TEST_STEP][PASSED] - TahunKewangan = getText(findTestObject("Perolehan/003 Pengesah/Label_tahun_kewangan")): Text of object 'Object Repository/Perolehan/003 Pengesah/Label_tahun_kewangan' is: '2019'

2019-03-26 16:51:23 - [MESSAGE][PASSED] - Text of object 'Object Repository/Perolehan/003 Pengesah/Label_tahun_kewangan' is: '2019'

2019-03-26 16:51:23 - [TEST_STEP][PASSED] - verifyMatch(TahunKewangan, formattedYear, false): Actual text '2019' and expected text '2019' are matched 

2019-03-26 16:51:23 - [MESSAGE][PASSED] - Actual text '2019' and expected text '2019' are matched 

2019-03-26 16:51:23 - [TEST_STEP][PASSED] - TarikhSemasa = getText(findTestObject("Perolehan/003 Pengesah/Label_Tarikh_semasa")): Text of object 'Object Repository/Perolehan/003 Pengesah/Label_Tarikh_semasa' is: '26/03/2019'

2019-03-26 16:51:23 - [MESSAGE][PASSED] - Text of object 'Object Repository/Perolehan/003 Pengesah/Label_Tarikh_semasa' is: '26/03/2019'

2019-03-26 16:51:23 - [TEST_STEP][PASSED] - verifyMatch(TarikhSemasa, formattedDate, false): Actual text '26/03/2019' and expected text '26/03/2019' are matched 

2019-03-26 16:51:23 - [MESSAGE][PASSED] - Actual text '26/03/2019' and expected text '26/03/2019' are matched 

2019-03-26 16:51:23 - [TEST_STEP][PASSED] - delay(3): Delayed 3 second(s)

2019-03-26 16:51:26 - [MESSAGE][PASSED] - Delayed 3 second(s)

2019-03-26 16:51:26 - [TEST_STEP][PASSED] - jumlah = getText(findTestObject("Perolehan/003 Pengesah/label_Jumlah_pesanan_tempatan")): Text of object 'Object Repository/Perolehan/003 Pengesah/label_Jumlah_pesanan_tempatan' is: '4.90'

2019-03-26 16:51:26 - [MESSAGE][PASSED] - Text of object 'Object Repository/Perolehan/003 Pengesah/label_Jumlah_pesanan_tempatan' is: '4.90'

2019-03-26 16:51:26 - [TEST_STEP][PASSED] - println(jumlah): null

2019-03-26 16:51:26 - [TEST_STEP][PASSED] - verifyMatch(jumlah, TotalAmaunPT, false): Actual text '4.90' and expected text '4.90' are matched 

2019-03-26 16:51:26 - [MESSAGE][PASSED] - Actual text '4.90' and expected text '4.90' are matched 

2019-03-26 16:51:26 - [TEST_STEP][PASSED] - click(findTestObject("Perolehan/003 Pengesah/button_sah")): Object: 'Object Repository/Perolehan/003 Pengesah/button_sah' is clicked on

2019-03-26 16:51:26 - [MESSAGE][PASSED] - Object: 'Object Repository/Perolehan/003 Pengesah/button_sah' is clicked on

2019-03-26 16:51:26 - [TEST_STEP][PASSED] - delay(3): Delayed 3 second(s)

2019-03-26 16:51:29 - [MESSAGE][PASSED] - Delayed 3 second(s)

2019-03-26 16:51:29 - [TEST_STEP][PASSED] - click(findTestObject("Perolehan/003 Pengesah/Button_ya_sahkan")): Object: 'Object Repository/Perolehan/003 Pengesah/Button_ya_sahkan' is clicked on

2019-03-26 16:51:29 - [MESSAGE][PASSED] - Object: 'Object Repository/Perolehan/003 Pengesah/Button_ya_sahkan' is clicked on

2019-03-26 16:51:29 - [TEST_STEP][PASSED] - delay(5): Delayed 5 second(s)

2019-03-26 16:51:34 - [MESSAGE][PASSED] - Delayed 5 second(s)

2019-03-26 16:51:34 - [TEST_STEP][PASSED] - waitForElementClickable(findTestObject("Perolehan/003 Pengesah/button_OK_berjaya_disah"), 60): Object 'Object Repository/Perolehan/003 Pengesah/button_OK_berjaya_disah' is clickable

2019-03-26 16:51:35 - [MESSAGE][PASSED] - Object 'Object Repository/Perolehan/003 Pengesah/button_OK_berjaya_disah' is clickable

2019-03-26 16:51:35 - [TEST_STEP][PASSED] - waitForElementClickable(findTestObject("Perolehan/002 Penyedia_RekodBaru/001 Rekod Baru Pesanan Tempatan/button_OK_Rekod_Berjaya_disimpan"), 300): Object 'Object Repository/Perolehan/002 Penyedia_RekodBaru/001 Rekod Baru Pesanan Tempatan/button_OK_Rekod_Berjaya_disimpan' is clickable

2019-03-26 16:51:35 - [MESSAGE][PASSED] - Object 'Object Repository/Perolehan/002 Penyedia_RekodBaru/001 Rekod Baru Pesanan Tempatan/button_OK_Rekod_Berjaya_disimpan' is clickable

2019-03-26 16:51:35 - [TEST_STEP][PASSED] - element = findWebElement(findTestObject("Perolehan/003 Pengesah/button_OK_berjaya_disah"), 300): null

2019-03-26 16:51:35 - [TEST_STEP][PASSED] - delay(5): Delayed 5 second(s)

2019-03-26 16:51:40 - [MESSAGE][PASSED] - Delayed 5 second(s)

2019-03-26 16:51:40 - [TEST_STEP][PASSED] - click(findTestObject("Perolehan/003 Pengesah/button_OK_berjaya_disah")): Object: 'Object Repository/Perolehan/003 Pengesah/button_OK_berjaya_disah' is clicked on

2019-03-26 16:51:40 - [MESSAGE][PASSED] - Object: 'Object Repository/Perolehan/003 Pengesah/button_OK_berjaya_disah' is clicked on

2019-03-26 16:51:40 - [TEST_STEP][PASSED] - closeBrowser(): Browser is closed

2019-03-26 16:51:40 - [MESSAGE][PASSED] - Browser is closed]]></system-out>
         <system-err><![CDATA[]]></system-err>
      </testcase>
      <testcase name="Test Cases/Perolehan/004 Pelulus Pesanan Tempatan/Pelulus" classname="Test Cases/Perolehan/004 Pelulus Pesanan Tempatan/Pelulus" status="PASSED">
         <system-out><![CDATA[2019-03-26 16:51:40 - [TEST_CASE][PASSED] - Test Cases/Perolehan/004 Pelulus Pesanan Tempatan/Pelulus: Test Cases/Perolehan/004 Pelulus Pesanan Tempatan/Pelulus

2019-03-26 16:51:41 - [TEST_STEP][PASSED] - openBrowser(""): Browser is opened with url: ''

2019-03-26 16:51:41 - [MESSAGE][INFO] - Starting 'Chrome' driver

2019-03-26 16:51:43 - [MESSAGE][PASSED] - Browser is opened with url: ''

2019-03-26 16:51:43 - [TEST_STEP][PASSED] - navigateToUrl(URL_Homepage): Navigate to 'http://175.143.52.101:7010/1SPEKSv2/' successfully

2019-03-26 16:51:43 - [MESSAGE][PASSED] - Navigate to 'http://175.143.52.101:7010/1SPEKSv2/' successfully

2019-03-26 16:51:43 - [TEST_STEP][PASSED] - reusablefunctions.reusablefunctions.Login(findTestData("ispekstestdata").getValue(1, 7), findTestData("ispekstestdata").getValue(2, 7)): reusablefunctions.reusablefunctions.Login is PASSED

2019-03-26 16:51:44 - [MESSAGE][PASSED] - Text '780613015177' is set on object 'Object Repository/Login/input_NoKadPengenalan'

2019-03-26 16:51:44 - [MESSAGE][PASSED] - Text ****** has been set on object 'Object Repository/Login/input_Password'

2019-03-26 16:51:45 - [MESSAGE][PASSED] - Object: 'Object Repository/Login/input_ButtonLogMasuk' is clicked on

2019-03-26 16:51:55 - [MESSAGE][PASSED] - Delayed 10 second(s)

2019-03-26 16:51:55 - [MESSAGE][PASSED] - reusablefunctions.reusablefunctions.Login is PASSED

2019-03-26 16:51:55 - [TEST_STEP][PASSED] - click(findTestObject("Perolehan/TukarPeranan/IconTukarPeranan")): Object: 'Object Repository/Perolehan/TukarPeranan/IconTukarPeranan' is clicked on

2019-03-26 16:51:55 - [MESSAGE][PASSED] - Object: 'Object Repository/Perolehan/TukarPeranan/IconTukarPeranan' is clicked on

2019-03-26 16:51:55 - [TEST_STEP][PASSED] - click(findTestObject("Perolehan/TukarPeranan/input_TukarPeranan", ["value":"220"])): Object: 'Object Repository/Perolehan/TukarPeranan/input_TukarPeranan' is clicked on

2019-03-26 16:51:55 - [MESSAGE][PASSED] - Object: 'Object Repository/Perolehan/TukarPeranan/input_TukarPeranan' is clicked on

2019-03-26 16:51:55 - [TEST_STEP][PASSED] - click(findTestObject("Perolehan/TukarPeranan/button_Ya")): Object: 'Object Repository/Perolehan/TukarPeranan/button_Ya' is clicked on

2019-03-26 16:51:55 - [MESSAGE][PASSED] - Object: 'Object Repository/Perolehan/TukarPeranan/button_Ya' is clicked on

2019-03-26 16:51:55 - [TEST_STEP][PASSED] - delay(20): Delayed 20 second(s)

2019-03-26 16:52:15 - [MESSAGE][PASSED] - Delayed 20 second(s)

2019-03-26 16:52:15 - [TEST_STEP][PASSED] - verifyTextPresent("Peranan : [Pelulus] Peringkat : [PTJ]", false): Text 'Peranan : [Pelulus] Peringkat : [PTJ]' is present on page 

2019-03-26 16:52:17 - [MESSAGE][PASSED] - Text 'Peranan : [Pelulus] Peringkat : [PTJ]' is present on page 

2019-03-26 16:52:17 - [TEST_STEP][PASSED] - delay(5): Delayed 5 second(s)

2019-03-26 16:52:22 - [MESSAGE][PASSED] - Delayed 5 second(s)

2019-03-26 16:52:22 - [TEST_STEP][PASSED] - click(findTestObject("Perolehan/001 Left_Menu_Selection/a_ExpandMenuonLeft")): Object: 'Object Repository/Perolehan/001 Left_Menu_Selection/a_ExpandMenuonLeft' is clicked on

2019-03-26 16:52:22 - [MESSAGE][PASSED] - Object: 'Object Repository/Perolehan/001 Left_Menu_Selection/a_ExpandMenuonLeft' is clicked on

2019-03-26 16:52:22 - [TEST_STEP][PASSED] - delay(3, STOP_ON_FAILURE): Delayed 3 second(s)

2019-03-26 16:52:25 - [MESSAGE][PASSED] - Delayed 3 second(s)

2019-03-26 16:52:25 - [TEST_STEP][PASSED] - click(findTestObject("Perolehan/001 Left_Menu_Selection/div_PanelTitlePerolehan")): Object: 'Object Repository/Perolehan/001 Left_Menu_Selection/div_PanelTitlePerolehan' is clicked on

2019-03-26 16:52:25 - [MESSAGE][PASSED] - Object: 'Object Repository/Perolehan/001 Left_Menu_Selection/div_PanelTitlePerolehan' is clicked on

2019-03-26 16:52:25 - [TEST_STEP][PASSED] - delay(3, STOP_ON_FAILURE): Delayed 3 second(s)

2019-03-26 16:52:28 - [MESSAGE][PASSED] - Delayed 3 second(s)

2019-03-26 16:52:28 - [TEST_STEP][PASSED] - click(findTestObject("Perolehan/001 Left_Menu_Selection/div_PesananTempatan")): Object: 'Object Repository/Perolehan/001 Left_Menu_Selection/div_PesananTempatan' is clicked on

2019-03-26 16:52:28 - [MESSAGE][PASSED] - Object: 'Object Repository/Perolehan/001 Left_Menu_Selection/div_PesananTempatan' is clicked on

2019-03-26 16:52:28 - [TEST_STEP][PASSED] - delay(3): Delayed 3 second(s)

2019-03-26 16:52:31 - [MESSAGE][PASSED] - Delayed 3 second(s)

2019-03-26 16:52:31 - [TEST_STEP][PASSED] - setText(findTestObject("Perolehan/004 Pelulus/input_No_Rekod"), PesananTempatanRekodID): Text '19CHPT030100081' is set on object 'Object Repository/Perolehan/004 Pelulus/input_No_Rekod'

2019-03-26 16:52:32 - [MESSAGE][PASSED] - Text '19CHPT030100081' is set on object 'Object Repository/Perolehan/004 Pelulus/input_No_Rekod'

2019-03-26 16:52:32 - [TEST_STEP][PASSED] - doubleClick(findTestObject("Perolehan/004 Pelulus/Senarai_Tugas_Item_No_1", ["text":PesananTempatanRekodID])): Object: 'Object Repository/Perolehan/004 Pelulus/Senarai_Tugas_Item_No_1' is double clicked on

2019-03-26 16:52:32 - [MESSAGE][PASSED] - Object: 'Object Repository/Perolehan/004 Pelulus/Senarai_Tugas_Item_No_1' is double clicked on

2019-03-26 16:52:32 - [TEST_STEP][PASSED] - delay(3): Delayed 3 second(s)

2019-03-26 16:52:35 - [MESSAGE][PASSED] - Delayed 3 second(s)

2019-03-26 16:52:35 - [TEST_STEP][PASSED] - mydate = new java.util.Date(): null

2019-03-26 16:52:35 - [TEST_STEP][PASSED] - formattedDate = mydate.format("dd/MM/yyyy"): null

2019-03-26 16:52:35 - [TEST_STEP][PASSED] - formattedYear = mydate.format("yyyy"): null

2019-03-26 16:52:35 - [TEST_STEP][PASSED] - println(formattedDate): null

2019-03-26 16:52:35 - [TEST_STEP][PASSED] - println(formattedYear): null

2019-03-26 16:52:35 - [TEST_STEP][PASSED] - TahunKewangan = getText(findTestObject("Perolehan/003 Pengesah/Label_tahun_kewangan")): Text of object 'Object Repository/Perolehan/003 Pengesah/Label_tahun_kewangan' is: '2019'

2019-03-26 16:52:35 - [MESSAGE][PASSED] - Text of object 'Object Repository/Perolehan/003 Pengesah/Label_tahun_kewangan' is: '2019'

2019-03-26 16:52:35 - [TEST_STEP][PASSED] - verifyMatch(TahunKewangan, formattedYear, false): Actual text '2019' and expected text '2019' are matched 

2019-03-26 16:52:35 - [MESSAGE][PASSED] - Actual text '2019' and expected text '2019' are matched 

2019-03-26 16:52:35 - [TEST_STEP][PASSED] - TarikhSemasa = getText(findTestObject("Perolehan/003 Pengesah/Label_Tarikh_semasa")): Text of object 'Object Repository/Perolehan/003 Pengesah/Label_Tarikh_semasa' is: '26/03/2019'

2019-03-26 16:52:35 - [MESSAGE][PASSED] - Text of object 'Object Repository/Perolehan/003 Pengesah/Label_Tarikh_semasa' is: '26/03/2019'

2019-03-26 16:52:35 - [TEST_STEP][PASSED] - verifyMatch(TarikhSemasa, formattedDate, false): Actual text '26/03/2019' and expected text '26/03/2019' are matched 

2019-03-26 16:52:35 - [MESSAGE][PASSED] - Actual text '26/03/2019' and expected text '26/03/2019' are matched 

2019-03-26 16:52:35 - [TEST_STEP][PASSED] - delay(20): Delayed 20 second(s)

2019-03-26 16:52:55 - [MESSAGE][PASSED] - Delayed 20 second(s)

2019-03-26 16:52:55 - [TEST_STEP][PASSED] - jumlah = getText(findTestObject("Perolehan/003 Pengesah/label_Jumlah_pesanan_tempatan")): Text of object 'Object Repository/Perolehan/003 Pengesah/label_Jumlah_pesanan_tempatan' is: '4.90'

2019-03-26 16:52:55 - [MESSAGE][PASSED] - Text of object 'Object Repository/Perolehan/003 Pengesah/label_Jumlah_pesanan_tempatan' is: '4.90'

2019-03-26 16:52:55 - [TEST_STEP][PASSED] - delay(3): Delayed 3 second(s)

2019-03-26 16:52:58 - [MESSAGE][PASSED] - Delayed 3 second(s)

2019-03-26 16:52:58 - [TEST_STEP][PASSED] - println(jumlah): null

2019-03-26 16:52:58 - [TEST_STEP][PASSED] - verifyMatch(jumlah, TotalAmaunPT, false): Actual text '4.90' and expected text '4.90' are matched 

2019-03-26 16:52:58 - [MESSAGE][PASSED] - Actual text '4.90' and expected text '4.90' are matched 

2019-03-26 16:52:58 - [TEST_STEP][PASSED] - click(findTestObject("Perolehan/004 Pelulus/button_Lulus")): Object: 'Object Repository/Perolehan/004 Pelulus/button_Lulus' is clicked on

2019-03-26 16:52:58 - [MESSAGE][PASSED] - Object: 'Object Repository/Perolehan/004 Pelulus/button_Lulus' is clicked on

2019-03-26 16:52:58 - [TEST_STEP][PASSED] - click(findTestObject("Perolehan/004 Pelulus/button_ya_luluskan")): Object: 'Object Repository/Perolehan/004 Pelulus/button_ya_luluskan' is clicked on

2019-03-26 16:52:58 - [MESSAGE][PASSED] - Object: 'Object Repository/Perolehan/004 Pelulus/button_ya_luluskan' is clicked on

2019-03-26 16:52:58 - [TEST_STEP][PASSED] - delay(8): Delayed 8 second(s)

2019-03-26 16:53:06 - [MESSAGE][PASSED] - Delayed 8 second(s)

2019-03-26 16:53:06 - [TEST_STEP][PASSED] - waitForElementClickable(findTestObject("Perolehan/004 Pelulus/button_OK_Berjaya_lulus"), 180): Object 'Object Repository/Perolehan/004 Pelulus/button_OK_Berjaya_lulus' is clickable

2019-03-26 16:53:06 - [MESSAGE][PASSED] - Object 'Object Repository/Perolehan/004 Pelulus/button_OK_Berjaya_lulus' is clickable

2019-03-26 16:53:06 - [TEST_STEP][PASSED] - RekodBerjayaLulus = getText(findTestObject("Perolehan/004 Pelulus/RekodBerjayaLulus")): Text of object 'Object Repository/Perolehan/004 Pelulus/RekodBerjayaLulus' is: 'Rekod Telah Berjaya Diluluskan. [ NO DOKUMEN :19CHPT0300059 ]
Ok'

2019-03-26 16:53:07 - [MESSAGE][PASSED] - Text of object 'Object Repository/Perolehan/004 Pelulus/RekodBerjayaLulus' is: 'Rekod Telah Berjaya Diluluskan. [ NO DOKUMEN :19CHPT0300059 ]
Ok'

2019-03-26 16:53:07 - [TEST_STEP][PASSED] - println(RekodBerjayaLulus): null

2019-03-26 16:53:07 - [TEST_STEP][PASSED] - PTDokumenID = RekodBerjayaLulus[(46..58)]: null

2019-03-26 16:53:07 - [TEST_STEP][PASSED] - println(PTDokumenID): null

2019-03-26 16:53:07 - [TEST_STEP][PASSED] - PesananTempatanDokumenID = PTDokumenID: null

2019-03-26 16:53:07 - [TEST_STEP][PASSED] - delay(3): Delayed 3 second(s)

2019-03-26 16:53:10 - [MESSAGE][PASSED] - Delayed 3 second(s)

2019-03-26 16:53:10 - [TEST_STEP][PASSED] - waitForElementClickable(findTestObject("Perolehan/002 Penyedia_RekodBaru/001 Rekod Baru Pesanan Tempatan/button_OK_Rekod_Berjaya_disimpan"), 300): Object 'Object Repository/Perolehan/002 Penyedia_RekodBaru/001 Rekod Baru Pesanan Tempatan/button_OK_Rekod_Berjaya_disimpan' is clickable

2019-03-26 16:53:10 - [MESSAGE][PASSED] - Object 'Object Repository/Perolehan/002 Penyedia_RekodBaru/001 Rekod Baru Pesanan Tempatan/button_OK_Rekod_Berjaya_disimpan' is clickable

2019-03-26 16:53:10 - [TEST_STEP][PASSED] - element = findWebElement(findTestObject("Perolehan/004 Pelulus/button_OK_Berjaya_lulus"), 300): null

2019-03-26 16:53:10 - [TEST_STEP][PASSED] - click(findTestObject("Perolehan/004 Pelulus/button_OK_Berjaya_lulus")): Object: 'Object Repository/Perolehan/004 Pelulus/button_OK_Berjaya_lulus' is clicked on

2019-03-26 16:53:10 - [MESSAGE][PASSED] - Object: 'Object Repository/Perolehan/004 Pelulus/button_OK_Berjaya_lulus' is clicked on

2019-03-26 16:53:10 - [TEST_STEP][PASSED] - closeBrowser(): Browser is closed

2019-03-26 16:53:10 - [MESSAGE][PASSED] - Browser is closed]]></system-out>
         <system-err><![CDATA[]]></system-err>
      </testcase>
      <testcase name="Test Cases/Perolehan/005 Terimaan Barang Perkhidmatan/001 Proses Kemasukan Terimaan Barang - EFT" classname="Test Cases/Perolehan/005 Terimaan Barang Perkhidmatan/001 Proses Kemasukan Terimaan Barang - EFT" status="PASSED">
         <system-out><![CDATA[2019-03-26 16:53:10 - [TEST_CASE][PASSED] - Test Cases/Perolehan/005 Terimaan Barang Perkhidmatan/001 Proses Kemasukan Terimaan Barang - EFT: Test Cases/Perolehan/005 Terimaan Barang Perkhidmatan/001 Proses Kemasukan Terimaan Barang - EFT

2019-03-26 16:53:11 - [TEST_STEP][PASSED] - reusablefunctions.reusablefunctions.openbrowser(): reusablefunctions.reusablefunctions.openbrowser is PASSED

2019-03-26 16:53:11 - [MESSAGE][INFO] - Starting 'Chrome' driver

2019-03-26 16:53:14 - [MESSAGE][PASSED] - Browser is opened with url: 'http://175.143.52.101:7010/1SPEKSv2/'

2019-03-26 16:53:14 - [MESSAGE][PASSED] - reusablefunctions.reusablefunctions.openbrowser is PASSED

2019-03-26 16:53:14 - [TEST_STEP][PASSED] - reusablefunctions.reusablefunctions.Login(findTestData("ispekstestdata").getValue(1, 4), findTestData("ispekstestdata").getValue(2, 4)): reusablefunctions.reusablefunctions.Login is PASSED

2019-03-26 16:53:14 - [MESSAGE][PASSED] - Text '810213016116' is set on object 'Object Repository/Login/input_NoKadPengenalan'

2019-03-26 16:53:14 - [MESSAGE][PASSED] - Text ****** has been set on object 'Object Repository/Login/input_Password'

2019-03-26 16:53:15 - [MESSAGE][PASSED] - Object: 'Object Repository/Login/input_ButtonLogMasuk' is clicked on

2019-03-26 16:53:25 - [MESSAGE][PASSED] - Delayed 10 second(s)

2019-03-26 16:53:25 - [MESSAGE][PASSED] - reusablefunctions.reusablefunctions.Login is PASSED

2019-03-26 16:53:25 - [TEST_STEP][PASSED] - click(findTestObject("Perolehan/TukarPeranan/IconTukarPeranan")): Object: 'Object Repository/Perolehan/TukarPeranan/IconTukarPeranan' is clicked on

2019-03-26 16:53:25 - [MESSAGE][PASSED] - Object: 'Object Repository/Perolehan/TukarPeranan/IconTukarPeranan' is clicked on

2019-03-26 16:53:25 - [TEST_STEP][PASSED] - click(findTestObject("Perolehan/TukarPeranan/input_TukarPeranan", ["value":"255"])): Object: 'Object Repository/Perolehan/TukarPeranan/input_TukarPeranan' is clicked on

2019-03-26 16:53:25 - [MESSAGE][PASSED] - Object: 'Object Repository/Perolehan/TukarPeranan/input_TukarPeranan' is clicked on

2019-03-26 16:53:25 - [TEST_STEP][PASSED] - click(findTestObject("Perolehan/TukarPeranan/button_Ya")): Object: 'Object Repository/Perolehan/TukarPeranan/button_Ya' is clicked on

2019-03-26 16:53:25 - [MESSAGE][PASSED] - Object: 'Object Repository/Perolehan/TukarPeranan/button_Ya' is clicked on

2019-03-26 16:53:25 - [TEST_STEP][PASSED] - delay(20): Delayed 20 second(s)

2019-03-26 16:53:45 - [MESSAGE][PASSED] - Delayed 20 second(s)

2019-03-26 16:53:45 - [TEST_STEP][PASSED] - verifyTextPresent("Peranan : [Penyedia] Peringkat : [PTJ]", false): Text 'Peranan : [Penyedia] Peringkat : [PTJ]' is present on page 

2019-03-26 16:53:47 - [MESSAGE][PASSED] - Text 'Peranan : [Penyedia] Peringkat : [PTJ]' is present on page 

2019-03-26 16:53:47 - [TEST_STEP][PASSED] - click(findTestObject("Perolehan/001 Left_Menu_Selection/a_ExpandMenuonLeft")): Object: 'Object Repository/Perolehan/001 Left_Menu_Selection/a_ExpandMenuonLeft' is clicked on

2019-03-26 16:53:48 - [MESSAGE][PASSED] - Object: 'Object Repository/Perolehan/001 Left_Menu_Selection/a_ExpandMenuonLeft' is clicked on

2019-03-26 16:53:48 - [TEST_STEP][PASSED] - delay(3, STOP_ON_FAILURE): Delayed 3 second(s)

2019-03-26 16:53:51 - [MESSAGE][PASSED] - Delayed 3 second(s)

2019-03-26 16:53:51 - [TEST_STEP][PASSED] - click(findTestObject("Perolehan/001 Left_Menu_Selection/div_ClickonPerolehan")): Object: 'Object Repository/Perolehan/001 Left_Menu_Selection/div_ClickonPerolehan' is clicked on

2019-03-26 16:53:51 - [MESSAGE][PASSED] - Object: 'Object Repository/Perolehan/001 Left_Menu_Selection/div_ClickonPerolehan' is clicked on

2019-03-26 16:53:51 - [TEST_STEP][PASSED] - delay(3, STOP_ON_FAILURE): Delayed 3 second(s)

2019-03-26 16:53:54 - [MESSAGE][PASSED] - Delayed 3 second(s)

2019-03-26 16:53:54 - [TEST_STEP][PASSED] - click(findTestObject("Perolehan/001 Left_Menu_Selection/div_Kemasukan_Terimaan_Barang")): Object: 'Object Repository/Perolehan/001 Left_Menu_Selection/div_Kemasukan_Terimaan_Barang' is clicked on

2019-03-26 16:53:54 - [MESSAGE][PASSED] - Object: 'Object Repository/Perolehan/001 Left_Menu_Selection/div_Kemasukan_Terimaan_Barang' is clicked on

2019-03-26 16:53:54 - [TEST_STEP][PASSED] - assert true: null

2019-03-26 16:53:54 - [TEST_STEP][PASSED] - delay(5): Delayed 5 second(s)

2019-03-26 16:53:59 - [MESSAGE][PASSED] - Delayed 5 second(s)

2019-03-26 16:53:59 - [TEST_STEP][PASSED] - click(findTestObject("Perolehan/005 Kemasukan Terimaan/001 Kemasukan Pesanan Tempatan/button_REKOD BARU")): Object: 'Object Repository/Perolehan/005 Kemasukan Terimaan/001 Kemasukan Pesanan Tempatan/button_REKOD BARU' is clicked on

2019-03-26 16:53:59 - [MESSAGE][PASSED] - Object: 'Object Repository/Perolehan/005 Kemasukan Terimaan/001 Kemasukan Pesanan Tempatan/button_REKOD BARU' is clicked on

2019-03-26 16:53:59 - [TEST_STEP][PASSED] - delay(3): Delayed 3 second(s)

2019-03-26 16:54:02 - [MESSAGE][PASSED] - Delayed 3 second(s)

2019-03-26 16:54:02 - [TEST_STEP][PASSED] - click(findTestObject("Perolehan/005 Kemasukan Terimaan/001 Kemasukan Pesanan Tempatan/Drop_down_No_Dokumen")): Object: 'Object Repository/Perolehan/005 Kemasukan Terimaan/001 Kemasukan Pesanan Tempatan/Drop_down_No_Dokumen' is clicked on

2019-03-26 16:54:02 - [MESSAGE][PASSED] - Object: 'Object Repository/Perolehan/005 Kemasukan Terimaan/001 Kemasukan Pesanan Tempatan/Drop_down_No_Dokumen' is clicked on

2019-03-26 16:54:02 - [TEST_STEP][PASSED] - delay(3): Delayed 3 second(s)

2019-03-26 16:54:05 - [MESSAGE][PASSED] - Delayed 3 second(s)

2019-03-26 16:54:05 - [TEST_STEP][PASSED] - setText(findTestObject("Perolehan/005 Kemasukan Terimaan/001 Kemasukan Pesanan Tempatan/input_No_Dokumen_value"), PesananTempatanDokumenID): Text '19CHPT0300059' is set on object 'Object Repository/Perolehan/005 Kemasukan Terimaan/001 Kemasukan Pesanan Tempatan/input_No_Dokumen_value'

2019-03-26 16:54:05 - [MESSAGE][PASSED] - Text '19CHPT0300059' is set on object 'Object Repository/Perolehan/005 Kemasukan Terimaan/001 Kemasukan Pesanan Tempatan/input_No_Dokumen_value'

2019-03-26 16:54:05 - [TEST_STEP][PASSED] - delay(5): Delayed 5 second(s)

2019-03-26 16:54:10 - [MESSAGE][PASSED] - Delayed 5 second(s)

2019-03-26 16:54:10 - [TEST_STEP][PASSED] - click(findTestObject("Perolehan/005 Kemasukan Terimaan/001 Kemasukan Pesanan Tempatan/select_No_Dokumen")): Object: 'Object Repository/Perolehan/005 Kemasukan Terimaan/001 Kemasukan Pesanan Tempatan/select_No_Dokumen' is clicked on

2019-03-26 16:54:10 - [MESSAGE][PASSED] - Object: 'Object Repository/Perolehan/005 Kemasukan Terimaan/001 Kemasukan Pesanan Tempatan/select_No_Dokumen' is clicked on

2019-03-26 16:54:10 - [TEST_STEP][PASSED] - delay(3): Delayed 3 second(s)

2019-03-26 16:54:13 - [MESSAGE][PASSED] - Delayed 3 second(s)

2019-03-26 16:54:13 - [TEST_STEP][PASSED] - click(findTestObject("Perolehan/005 Kemasukan Terimaan/001 Kemasukan Pesanan Tempatan/button_Cari")): Object: 'Object Repository/Perolehan/005 Kemasukan Terimaan/001 Kemasukan Pesanan Tempatan/button_Cari' is clicked on

2019-03-26 16:54:14 - [MESSAGE][PASSED] - Object: 'Object Repository/Perolehan/005 Kemasukan Terimaan/001 Kemasukan Pesanan Tempatan/button_Cari' is clicked on

2019-03-26 16:54:14 - [TEST_STEP][PASSED] - delay(3): Delayed 3 second(s)

2019-03-26 16:54:17 - [MESSAGE][PASSED] - Delayed 3 second(s)

2019-03-26 16:54:17 - [TEST_STEP][PASSED] - click(findTestObject("Perolehan/005 Kemasukan Terimaan/001 Kemasukan Pesanan Tempatan/OK_Rekod_Wujud")): Object: 'Object Repository/Perolehan/005 Kemasukan Terimaan/001 Kemasukan Pesanan Tempatan/OK_Rekod_Wujud' is clicked on

2019-03-26 16:54:17 - [MESSAGE][PASSED] - Object: 'Object Repository/Perolehan/005 Kemasukan Terimaan/001 Kemasukan Pesanan Tempatan/OK_Rekod_Wujud' is clicked on

2019-03-26 16:54:17 - [TEST_STEP][PASSED] - delay(3): Delayed 3 second(s)

2019-03-26 16:54:20 - [MESSAGE][PASSED] - Delayed 3 second(s)

2019-03-26 16:54:20 - [TEST_STEP][PASSED] - click(findTestObject("Perolehan/005 Kemasukan Terimaan/001 Kemasukan Pesanan Tempatan/Drop_down_Jenis_Terimaan")): Object: 'Object Repository/Perolehan/005 Kemasukan Terimaan/001 Kemasukan Pesanan Tempatan/Drop_down_Jenis_Terimaan' is clicked on

2019-03-26 16:54:20 - [MESSAGE][PASSED] - Object: 'Object Repository/Perolehan/005 Kemasukan Terimaan/001 Kemasukan Pesanan Tempatan/Drop_down_Jenis_Terimaan' is clicked on

2019-03-26 16:54:20 - [TEST_STEP][PASSED] - click(findTestObject("Perolehan/005 Kemasukan Terimaan/001 Kemasukan Pesanan Tempatan/select_TERIMAAN_BARANG_PENUH")): Object: 'Object Repository/Perolehan/005 Kemasukan Terimaan/001 Kemasukan Pesanan Tempatan/select_TERIMAAN_BARANG_PENUH' is clicked on

2019-03-26 16:54:20 - [MESSAGE][PASSED] - Object: 'Object Repository/Perolehan/005 Kemasukan Terimaan/001 Kemasukan Pesanan Tempatan/select_TERIMAAN_BARANG_PENUH' is clicked on

2019-03-26 16:54:20 - [TEST_STEP][PASSED] - setText(findTestObject("Perolehan/005 Kemasukan Terimaan/001 Kemasukan Pesanan Tempatan/input_No_nota_penghantaran"), "Test Nota No 123"): Text 'Test Nota No 123' is set on object 'Object Repository/Perolehan/005 Kemasukan Terimaan/001 Kemasukan Pesanan Tempatan/input_No_nota_penghantaran'

2019-03-26 16:54:20 - [MESSAGE][PASSED] - Text 'Test Nota No 123' is set on object 'Object Repository/Perolehan/005 Kemasukan Terimaan/001 Kemasukan Pesanan Tempatan/input_No_nota_penghantaran'

2019-03-26 16:54:20 - [TEST_STEP][PASSED] - click(findTestObject("Perolehan/005 Kemasukan Terimaan/001 Kemasukan Pesanan Tempatan/Date_Picker_Tarikh_Terimaan")): Object: 'Object Repository/Perolehan/005 Kemasukan Terimaan/001 Kemasukan Pesanan Tempatan/Date_Picker_Tarikh_Terimaan' is clicked on

2019-03-26 16:54:20 - [MESSAGE][PASSED] - Object: 'Object Repository/Perolehan/005 Kemasukan Terimaan/001 Kemasukan Pesanan Tempatan/Date_Picker_Tarikh_Terimaan' is clicked on

2019-03-26 16:54:20 - [TEST_STEP][PASSED] - click(findTestObject("Perolehan/005 Kemasukan Terimaan/001 Kemasukan Pesanan Tempatan/Select_Today")): Object: 'Object Repository/Perolehan/005 Kemasukan Terimaan/001 Kemasukan Pesanan Tempatan/Select_Today' is clicked on

2019-03-26 16:54:20 - [MESSAGE][PASSED] - Object: 'Object Repository/Perolehan/005 Kemasukan Terimaan/001 Kemasukan Pesanan Tempatan/Select_Today' is clicked on

2019-03-26 16:54:20 - [TEST_STEP][PASSED] - delay(3): Delayed 3 second(s)

2019-03-26 16:54:23 - [MESSAGE][PASSED] - Delayed 3 second(s)

2019-03-26 16:54:23 - [TEST_STEP][PASSED] - doubleClick(findTestObject("Perolehan/005 Kemasukan Terimaan/001 Kemasukan Pesanan Tempatan/Perihal_Barang - EFT", ["text":kod_barang])): Object: 'Object Repository/Perolehan/005 Kemasukan Terimaan/001 Kemasukan Pesanan Tempatan/Perihal_Barang - EFT' is double clicked on

2019-03-26 16:54:23 - [MESSAGE][PASSED] - Object: 'Object Repository/Perolehan/005 Kemasukan Terimaan/001 Kemasukan Pesanan Tempatan/Perihal_Barang - EFT' is double clicked on

2019-03-26 16:54:23 - [TEST_STEP][PASSED] - for (def index : (1..4)): Object: 'Object Repository/Perolehan/005 Kemasukan Terimaan/001 Kemasukan Pesanan Tempatan/Spinner_up_Dihantar' is clicked on

2019-03-26 16:54:23 - [TEST_STEP][PASSED] - click(findTestObject("Perolehan/005 Kemasukan Terimaan/001 Kemasukan Pesanan Tempatan/Spinner_up_Dihantar")): Object: 'Object Repository/Perolehan/005 Kemasukan Terimaan/001 Kemasukan Pesanan Tempatan/Spinner_up_Dihantar' is clicked on

2019-03-26 16:54:23 - [MESSAGE][PASSED] - Object: 'Object Repository/Perolehan/005 Kemasukan Terimaan/001 Kemasukan Pesanan Tempatan/Spinner_up_Dihantar' is clicked on

2019-03-26 16:54:23 - [TEST_STEP][PASSED] - click(findTestObject("Perolehan/005 Kemasukan Terimaan/001 Kemasukan Pesanan Tempatan/Spinner_up_Dihantar")): Object: 'Object Repository/Perolehan/005 Kemasukan Terimaan/001 Kemasukan Pesanan Tempatan/Spinner_up_Dihantar' is clicked on

2019-03-26 16:54:23 - [MESSAGE][PASSED] - Object: 'Object Repository/Perolehan/005 Kemasukan Terimaan/001 Kemasukan Pesanan Tempatan/Spinner_up_Dihantar' is clicked on

2019-03-26 16:54:23 - [TEST_STEP][PASSED] - click(findTestObject("Perolehan/005 Kemasukan Terimaan/001 Kemasukan Pesanan Tempatan/Spinner_up_Dihantar")): Object: 'Object Repository/Perolehan/005 Kemasukan Terimaan/001 Kemasukan Pesanan Tempatan/Spinner_up_Dihantar' is clicked on

2019-03-26 16:54:23 - [MESSAGE][PASSED] - Object: 'Object Repository/Perolehan/005 Kemasukan Terimaan/001 Kemasukan Pesanan Tempatan/Spinner_up_Dihantar' is clicked on

2019-03-26 16:54:23 - [TEST_STEP][PASSED] - click(findTestObject("Perolehan/005 Kemasukan Terimaan/001 Kemasukan Pesanan Tempatan/Spinner_up_Dihantar")): Object: 'Object Repository/Perolehan/005 Kemasukan Terimaan/001 Kemasukan Pesanan Tempatan/Spinner_up_Dihantar' is clicked on

2019-03-26 16:54:23 - [MESSAGE][PASSED] - Object: 'Object Repository/Perolehan/005 Kemasukan Terimaan/001 Kemasukan Pesanan Tempatan/Spinner_up_Dihantar' is clicked on

2019-03-26 16:54:23 - [TEST_STEP][PASSED] - for (def index : (1..4)): Object: 'Object Repository/Perolehan/005 Kemasukan Terimaan/001 Kemasukan Pesanan Tempatan/Spinner_up_Diterima' is clicked on

2019-03-26 16:54:23 - [TEST_STEP][PASSED] - click(findTestObject("Perolehan/005 Kemasukan Terimaan/001 Kemasukan Pesanan Tempatan/Spinner_up_Diterima")): Object: 'Object Repository/Perolehan/005 Kemasukan Terimaan/001 Kemasukan Pesanan Tempatan/Spinner_up_Diterima' is clicked on

2019-03-26 16:54:23 - [MESSAGE][PASSED] - Object: 'Object Repository/Perolehan/005 Kemasukan Terimaan/001 Kemasukan Pesanan Tempatan/Spinner_up_Diterima' is clicked on

2019-03-26 16:54:23 - [TEST_STEP][PASSED] - click(findTestObject("Perolehan/005 Kemasukan Terimaan/001 Kemasukan Pesanan Tempatan/Spinner_up_Diterima")): Object: 'Object Repository/Perolehan/005 Kemasukan Terimaan/001 Kemasukan Pesanan Tempatan/Spinner_up_Diterima' is clicked on

2019-03-26 16:54:23 - [MESSAGE][PASSED] - Object: 'Object Repository/Perolehan/005 Kemasukan Terimaan/001 Kemasukan Pesanan Tempatan/Spinner_up_Diterima' is clicked on

2019-03-26 16:54:23 - [TEST_STEP][PASSED] - click(findTestObject("Perolehan/005 Kemasukan Terimaan/001 Kemasukan Pesanan Tempatan/Spinner_up_Diterima")): Object: 'Object Repository/Perolehan/005 Kemasukan Terimaan/001 Kemasukan Pesanan Tempatan/Spinner_up_Diterima' is clicked on

2019-03-26 16:54:24 - [MESSAGE][PASSED] - Object: 'Object Repository/Perolehan/005 Kemasukan Terimaan/001 Kemasukan Pesanan Tempatan/Spinner_up_Diterima' is clicked on

2019-03-26 16:54:24 - [TEST_STEP][PASSED] - click(findTestObject("Perolehan/005 Kemasukan Terimaan/001 Kemasukan Pesanan Tempatan/Spinner_up_Diterima")): Object: 'Object Repository/Perolehan/005 Kemasukan Terimaan/001 Kemasukan Pesanan Tempatan/Spinner_up_Diterima' is clicked on

2019-03-26 16:54:24 - [MESSAGE][PASSED] - Object: 'Object Repository/Perolehan/005 Kemasukan Terimaan/001 Kemasukan Pesanan Tempatan/Spinner_up_Diterima' is clicked on

2019-03-26 16:54:24 - [TEST_STEP][PASSED] - click(findTestObject("Perolehan/005 Kemasukan Terimaan/001 Kemasukan Pesanan Tempatan/button_Simpan")): Object: 'Object Repository/Perolehan/005 Kemasukan Terimaan/001 Kemasukan Pesanan Tempatan/button_Simpan' is clicked on

2019-03-26 16:54:24 - [MESSAGE][PASSED] - Object: 'Object Repository/Perolehan/005 Kemasukan Terimaan/001 Kemasukan Pesanan Tempatan/button_Simpan' is clicked on

2019-03-26 16:54:24 - [TEST_STEP][PASSED] - delay(3): Delayed 3 second(s)

2019-03-26 16:54:27 - [MESSAGE][PASSED] - Delayed 3 second(s)

2019-03-26 16:54:27 - [TEST_STEP][PASSED] - waitForElementClickable(findTestObject("Perolehan/005 Kemasukan Terimaan/001 Kemasukan Pesanan Tempatan/button_OK_Rekod_disimpan"), 60): Object 'Object Repository/Perolehan/005 Kemasukan Terimaan/001 Kemasukan Pesanan Tempatan/button_OK_Rekod_disimpan' is clickable

2019-03-26 16:54:27 - [MESSAGE][PASSED] - Object 'Object Repository/Perolehan/005 Kemasukan Terimaan/001 Kemasukan Pesanan Tempatan/button_OK_Rekod_disimpan' is clickable

2019-03-26 16:54:27 - [TEST_STEP][PASSED] - click(findTestObject("Perolehan/005 Kemasukan Terimaan/001 Kemasukan Pesanan Tempatan/button_OK_Rekod_disimpan")): Object: 'Object Repository/Perolehan/005 Kemasukan Terimaan/001 Kemasukan Pesanan Tempatan/button_OK_Rekod_disimpan' is clicked on

2019-03-26 16:54:27 - [MESSAGE][PASSED] - Object: 'Object Repository/Perolehan/005 Kemasukan Terimaan/001 Kemasukan Pesanan Tempatan/button_OK_Rekod_disimpan' is clicked on

2019-03-26 16:54:27 - [TEST_STEP][PASSED] - click(findTestObject("Perolehan/005 Kemasukan Terimaan/001 Kemasukan Pesanan Tempatan/button_Sah_Simpan")): Object: 'Object Repository/Perolehan/005 Kemasukan Terimaan/001 Kemasukan Pesanan Tempatan/button_Sah_Simpan' is clicked on

2019-03-26 16:54:27 - [MESSAGE][PASSED] - Object: 'Object Repository/Perolehan/005 Kemasukan Terimaan/001 Kemasukan Pesanan Tempatan/button_Sah_Simpan' is clicked on

2019-03-26 16:54:27 - [TEST_STEP][PASSED] - click(findTestObject("Perolehan/005 Kemasukan Terimaan/001 Kemasukan Pesanan Tempatan/button_Ya_Sah_Simpan")): Object: 'Object Repository/Perolehan/005 Kemasukan Terimaan/001 Kemasukan Pesanan Tempatan/button_Ya_Sah_Simpan' is clicked on

2019-03-26 16:54:27 - [MESSAGE][PASSED] - Object: 'Object Repository/Perolehan/005 Kemasukan Terimaan/001 Kemasukan Pesanan Tempatan/button_Ya_Sah_Simpan' is clicked on

2019-03-26 16:54:27 - [TEST_STEP][PASSED] - delay(8): Delayed 8 second(s)

2019-03-26 16:54:35 - [MESSAGE][PASSED] - Delayed 8 second(s)

2019-03-26 16:54:35 - [TEST_STEP][PASSED] - waitForElementClickable(findTestObject("Perolehan/005 Kemasukan Terimaan/001 Kemasukan Pesanan Tempatan/button_OK_Rekod_disimpan"), 180): Object 'Object Repository/Perolehan/005 Kemasukan Terimaan/001 Kemasukan Pesanan Tempatan/button_OK_Rekod_disimpan' is clickable

2019-03-26 16:54:36 - [MESSAGE][PASSED] - Object 'Object Repository/Perolehan/005 Kemasukan Terimaan/001 Kemasukan Pesanan Tempatan/button_OK_Rekod_disimpan' is clickable

2019-03-26 16:54:36 - [TEST_STEP][PASSED] - waitForElementClickable(findTestObject("Perolehan/002 Penyedia_RekodBaru/001 Rekod Baru Pesanan Tempatan/button_OK_Rekod_Berjaya_disimpan"), 300): Object 'Object Repository/Perolehan/002 Penyedia_RekodBaru/001 Rekod Baru Pesanan Tempatan/button_OK_Rekod_Berjaya_disimpan' is clickable

2019-03-26 16:54:36 - [MESSAGE][PASSED] - Object 'Object Repository/Perolehan/002 Penyedia_RekodBaru/001 Rekod Baru Pesanan Tempatan/button_OK_Rekod_Berjaya_disimpan' is clickable

2019-03-26 16:54:36 - [TEST_STEP][PASSED] - element = findWebElement(findTestObject("Perolehan/005 Kemasukan Terimaan/001 Kemasukan Pesanan Tempatan/button_OK_Rekod_disimpan"), 300): null

2019-03-26 16:54:36 - [TEST_STEP][PASSED] - takeScreenshot(): Taking screenshot successfully

2019-03-26 16:54:36 - [MESSAGE][PASSED] - Taking screenshot successfully
[[ATTACHMENT|C:\\Users\\Consultant_MSPHitect\\Katalon Studio\\TrainingonKatalon\\Reports\\Perolehan\\01 Pesanan Tempatan Cara Bayaran EFT Tiada Pemfaktoran\\20190326_164748\\1553590476511.png]]

2019-03-26 16:54:36 - [TEST_STEP][PASSED] - delay(5): Delayed 5 second(s)

2019-03-26 16:54:41 - [MESSAGE][PASSED] - Delayed 5 second(s)

2019-03-26 16:54:41 - [TEST_STEP][PASSED] - click(findTestObject("Perolehan/005 Kemasukan Terimaan/001 Kemasukan Pesanan Tempatan/button_OK_Rekod_disimpan")): Object: 'Object Repository/Perolehan/005 Kemasukan Terimaan/001 Kemasukan Pesanan Tempatan/button_OK_Rekod_disimpan' is clicked on

2019-03-26 16:54:41 - [MESSAGE][PASSED] - Object: 'Object Repository/Perolehan/005 Kemasukan Terimaan/001 Kemasukan Pesanan Tempatan/button_OK_Rekod_disimpan' is clicked on

2019-03-26 16:54:41 - [TEST_STEP][PASSED] - closeBrowser(): Browser is closed

2019-03-26 16:54:42 - [MESSAGE][PASSED] - Browser is closed]]></system-out>
         <system-err><![CDATA[]]></system-err>
      </testcase>
      <testcase name="Test Cases/Perolehan/006 Arahan Bayaran/001 Arahan Bayaran - EFT" classname="Test Cases/Perolehan/006 Arahan Bayaran/001 Arahan Bayaran - EFT" status="PASSED">
         <system-out><![CDATA[2019-03-26 16:54:42 - [TEST_CASE][PASSED] - Test Cases/Perolehan/006 Arahan Bayaran/001 Arahan Bayaran - EFT: Test Cases/Perolehan/006 Arahan Bayaran/001 Arahan Bayaran - EFT

2019-03-26 16:54:42 - [TEST_STEP][PASSED] - reusablefunctions.reusablefunctions.openbrowser(): reusablefunctions.reusablefunctions.openbrowser is PASSED

2019-03-26 16:54:42 - [MESSAGE][INFO] - Starting 'Chrome' driver

2019-03-26 16:54:45 - [MESSAGE][PASSED] - Browser is opened with url: 'http://175.143.52.101:7010/1SPEKSv2/'

2019-03-26 16:54:45 - [MESSAGE][PASSED] - reusablefunctions.reusablefunctions.openbrowser is PASSED

2019-03-26 16:54:45 - [TEST_STEP][PASSED] - reusablefunctions.reusablefunctions.Login(findTestData("ispekstestdata").getValue(1, 4), findTestData("ispekstestdata").getValue(2, 4)): reusablefunctions.reusablefunctions.Login is PASSED

2019-03-26 16:54:45 - [MESSAGE][PASSED] - Text '810213016116' is set on object 'Object Repository/Login/input_NoKadPengenalan'

2019-03-26 16:54:45 - [MESSAGE][PASSED] - Text ****** has been set on object 'Object Repository/Login/input_Password'

2019-03-26 16:54:46 - [MESSAGE][PASSED] - Object: 'Object Repository/Login/input_ButtonLogMasuk' is clicked on

2019-03-26 16:54:56 - [MESSAGE][PASSED] - Delayed 10 second(s)

2019-03-26 16:54:56 - [MESSAGE][PASSED] - reusablefunctions.reusablefunctions.Login is PASSED

2019-03-26 16:54:56 - [TEST_STEP][PASSED] - delay(3): Delayed 3 second(s)

2019-03-26 16:54:59 - [MESSAGE][PASSED] - Delayed 3 second(s)

2019-03-26 16:54:59 - [TEST_STEP][PASSED] - click(findTestObject("Perolehan/TukarPeranan/IconTukarPeranan")): Object: 'Object Repository/Perolehan/TukarPeranan/IconTukarPeranan' is clicked on

2019-03-26 16:54:59 - [MESSAGE][PASSED] - Object: 'Object Repository/Perolehan/TukarPeranan/IconTukarPeranan' is clicked on

2019-03-26 16:54:59 - [TEST_STEP][PASSED] - click(findTestObject("Perolehan/TukarPeranan/input_TukarPeranan", ["value":"255"])): Object: 'Object Repository/Perolehan/TukarPeranan/input_TukarPeranan' is clicked on

2019-03-26 16:54:59 - [MESSAGE][PASSED] - Object: 'Object Repository/Perolehan/TukarPeranan/input_TukarPeranan' is clicked on

2019-03-26 16:54:59 - [TEST_STEP][PASSED] - click(findTestObject("Perolehan/TukarPeranan/button_Ya")): Object: 'Object Repository/Perolehan/TukarPeranan/button_Ya' is clicked on

2019-03-26 16:55:00 - [MESSAGE][PASSED] - Object: 'Object Repository/Perolehan/TukarPeranan/button_Ya' is clicked on

2019-03-26 16:55:00 - [TEST_STEP][PASSED] - delay(20): Delayed 20 second(s)

2019-03-26 16:55:20 - [MESSAGE][PASSED] - Delayed 20 second(s)

2019-03-26 16:55:20 - [TEST_STEP][PASSED] - verifyTextPresent("Peranan : [Penyedia] Peringkat : [PTJ]", false): Text 'Peranan : [Penyedia] Peringkat : [PTJ]' is present on page 

2019-03-26 16:55:21 - [MESSAGE][PASSED] - Text 'Peranan : [Penyedia] Peringkat : [PTJ]' is present on page 

2019-03-26 16:55:21 - [TEST_STEP][PASSED] - click(findTestObject("Perolehan/001 Left_Menu_Selection/a_ExpandMenuonLeft")): Object: 'Object Repository/Perolehan/001 Left_Menu_Selection/a_ExpandMenuonLeft' is clicked on

2019-03-26 16:55:22 - [MESSAGE][PASSED] - Object: 'Object Repository/Perolehan/001 Left_Menu_Selection/a_ExpandMenuonLeft' is clicked on

2019-03-26 16:55:22 - [TEST_STEP][PASSED] - delay(3, STOP_ON_FAILURE): Delayed 3 second(s)

2019-03-26 16:55:25 - [MESSAGE][PASSED] - Delayed 3 second(s)

2019-03-26 16:55:25 - [TEST_STEP][PASSED] - click(findTestObject("Perolehan/001 Left_Menu_Selection/div_PanelTitlePerolehan")): Object: 'Object Repository/Perolehan/001 Left_Menu_Selection/div_PanelTitlePerolehan' is clicked on

2019-03-26 16:55:25 - [MESSAGE][PASSED] - Object: 'Object Repository/Perolehan/001 Left_Menu_Selection/div_PanelTitlePerolehan' is clicked on

2019-03-26 16:55:25 - [TEST_STEP][PASSED] - delay(3, STOP_ON_FAILURE): Delayed 3 second(s)

2019-03-26 16:55:28 - [MESSAGE][PASSED] - Delayed 3 second(s)

2019-03-26 16:55:28 - [TEST_STEP][PASSED] - click(findTestObject("Perolehan/001 Left_Menu_Selection/div_Menu_ArahanBayaran")): Object: 'Object Repository/Perolehan/001 Left_Menu_Selection/div_Menu_ArahanBayaran' is clicked on

2019-03-26 16:55:28 - [MESSAGE][PASSED] - Object: 'Object Repository/Perolehan/001 Left_Menu_Selection/div_Menu_ArahanBayaran' is clicked on

2019-03-26 16:55:28 - [TEST_STEP][PASSED] - assert true: null

2019-03-26 16:55:28 - [TEST_STEP][PASSED] - delay(3): Delayed 3 second(s)

2019-03-26 16:55:31 - [MESSAGE][PASSED] - Delayed 3 second(s)

2019-03-26 16:55:31 - [TEST_STEP][PASSED] - waitForElementClickable(findTestObject("Perolehan/006 Arahan Bayaran/001 Pesanan Tempatan/button_REKOD_BARU"), 180): Object 'Object Repository/Perolehan/006 Arahan Bayaran/001 Pesanan Tempatan/button_REKOD_BARU' is clickable

2019-03-26 16:55:31 - [MESSAGE][PASSED] - Object 'Object Repository/Perolehan/006 Arahan Bayaran/001 Pesanan Tempatan/button_REKOD_BARU' is clickable

2019-03-26 16:55:31 - [TEST_STEP][PASSED] - click(findTestObject("Perolehan/006 Arahan Bayaran/001 Pesanan Tempatan/button_REKOD_BARU")): Object: 'Object Repository/Perolehan/006 Arahan Bayaran/001 Pesanan Tempatan/button_REKOD_BARU' is clicked on

2019-03-26 16:55:31 - [MESSAGE][PASSED] - Object: 'Object Repository/Perolehan/006 Arahan Bayaran/001 Pesanan Tempatan/button_REKOD_BARU' is clicked on

2019-03-26 16:55:31 - [TEST_STEP][PASSED] - delay(3): Delayed 3 second(s)

2019-03-26 16:55:34 - [MESSAGE][PASSED] - Delayed 3 second(s)

2019-03-26 16:55:34 - [TEST_STEP][PASSED] - click(findTestObject("Perolehan/006 Arahan Bayaran/001 Pesanan Tempatan/Drop_Down_Jenis_Baucar_Bayaran"), STOP_ON_FAILURE): Object: 'Object Repository/Perolehan/006 Arahan Bayaran/001 Pesanan Tempatan/Drop_Down_Jenis_Baucar_Bayaran' is clicked on

2019-03-26 16:55:34 - [MESSAGE][PASSED] - Object: 'Object Repository/Perolehan/006 Arahan Bayaran/001 Pesanan Tempatan/Drop_Down_Jenis_Baucar_Bayaran' is clicked on

2019-03-26 16:55:34 - [TEST_STEP][PASSED] - delay(3): Delayed 3 second(s)

2019-03-26 16:55:37 - [MESSAGE][PASSED] - Delayed 3 second(s)

2019-03-26 16:55:37 - [TEST_STEP][PASSED] - click(findTestObject("Perolehan/006 Arahan Bayaran/001 Pesanan Tempatan/Select_Kod_Jenis_Baucar_Bayaran")): Object: 'Object Repository/Perolehan/006 Arahan Bayaran/001 Pesanan Tempatan/Select_Kod_Jenis_Baucar_Bayaran' is clicked on

2019-03-26 16:55:37 - [MESSAGE][PASSED] - Object: 'Object Repository/Perolehan/006 Arahan Bayaran/001 Pesanan Tempatan/Select_Kod_Jenis_Baucar_Bayaran' is clicked on

2019-03-26 16:55:37 - [TEST_STEP][PASSED] - delay(3): Delayed 3 second(s)

2019-03-26 16:55:40 - [MESSAGE][PASSED] - Delayed 3 second(s)

2019-03-26 16:55:40 - [TEST_STEP][PASSED] - click(findTestObject("Perolehan/006 Arahan Bayaran/001 Pesanan Tempatan/Drop_Down_Nama_Pembekal")): Object: 'Object Repository/Perolehan/006 Arahan Bayaran/001 Pesanan Tempatan/Drop_Down_Nama_Pembekal' is clicked on

2019-03-26 16:55:41 - [MESSAGE][PASSED] - Object: 'Object Repository/Perolehan/006 Arahan Bayaran/001 Pesanan Tempatan/Drop_Down_Nama_Pembekal' is clicked on

2019-03-26 16:55:41 - [TEST_STEP][PASSED] - delay(3): Delayed 3 second(s)

2019-03-26 16:55:44 - [MESSAGE][PASSED] - Delayed 3 second(s)

2019-03-26 16:55:44 - [TEST_STEP][PASSED] - setText(findTestObject("Perolehan/006 Arahan Bayaran/001 Pesanan Tempatan/input_kod_pembekal"), nama_pembekal): Text 'PERNIAGAAN ALITA SEJATI' is set on object 'Object Repository/Perolehan/006 Arahan Bayaran/001 Pesanan Tempatan/input_kod_pembekal'

2019-03-26 16:55:44 - [MESSAGE][PASSED] - Text 'PERNIAGAAN ALITA SEJATI' is set on object 'Object Repository/Perolehan/006 Arahan Bayaran/001 Pesanan Tempatan/input_kod_pembekal'

2019-03-26 16:55:44 - [TEST_STEP][PASSED] - delay(10): Delayed 10 second(s)

2019-03-26 16:55:54 - [MESSAGE][PASSED] - Delayed 10 second(s)

2019-03-26 16:55:54 - [TEST_STEP][PASSED] - click(findTestObject("Perolehan/006 Arahan Bayaran/001 Pesanan Tempatan/Select_Nama_Pembekal", ["text":nama_pembekal])): Object: 'Object Repository/Perolehan/006 Arahan Bayaran/001 Pesanan Tempatan/Select_Nama_Pembekal' is clicked on

2019-03-26 16:55:54 - [MESSAGE][PASSED] - Object: 'Object Repository/Perolehan/006 Arahan Bayaran/001 Pesanan Tempatan/Select_Nama_Pembekal' is clicked on

2019-03-26 16:55:54 - [TEST_STEP][PASSED] - delay(5): Delayed 5 second(s)

2019-03-26 16:55:59 - [MESSAGE][PASSED] - Delayed 5 second(s)

2019-03-26 16:55:59 - [TEST_STEP][PASSED] - click(findTestObject("Perolehan/006 Arahan Bayaran/001 Pesanan Tempatan/Drop_Down_Cara_Bayaran")): Object: 'Object Repository/Perolehan/006 Arahan Bayaran/001 Pesanan Tempatan/Drop_Down_Cara_Bayaran' is clicked on

2019-03-26 16:55:59 - [MESSAGE][PASSED] - Object: 'Object Repository/Perolehan/006 Arahan Bayaran/001 Pesanan Tempatan/Drop_Down_Cara_Bayaran' is clicked on

2019-03-26 16:55:59 - [TEST_STEP][PASSED] - click(findTestObject("Perolehan/006 Arahan Bayaran/001 Pesanan Tempatan/Select_Cara_Bayaran - EFT")): Object: 'Object Repository/Perolehan/006 Arahan Bayaran/001 Pesanan Tempatan/Select_Cara_Bayaran - EFT' is clicked on

2019-03-26 16:55:59 - [MESSAGE][PASSED] - Object: 'Object Repository/Perolehan/006 Arahan Bayaran/001 Pesanan Tempatan/Select_Cara_Bayaran - EFT' is clicked on

2019-03-26 16:55:59 - [TEST_STEP][PASSED] - mydate = new java.util.Date(): null

2019-03-26 16:55:59 - [TEST_STEP][PASSED] - setText(findTestObject("Perolehan/006 Arahan Bayaran/001 Pesanan Tempatan/input_Perihal"), "This is a test for Arahan Bayaran Julia " + mydate): Text 'This is a test for Arahan Bayaran Julia Tue Mar 26 16:55:59 SGT 2019' is set on object 'Object Repository/Perolehan/006 Arahan Bayaran/001 Pesanan Tempatan/input_Perihal'

2019-03-26 16:56:00 - [MESSAGE][PASSED] - Text 'This is a test for Arahan Bayaran Julia Tue Mar 26 16:55:59 SGT 2019' is set on object 'Object Repository/Perolehan/006 Arahan Bayaran/001 Pesanan Tempatan/input_Perihal'

2019-03-26 16:56:00 - [TEST_STEP][PASSED] - delay(3): Delayed 3 second(s)

2019-03-26 16:56:03 - [MESSAGE][PASSED] - Delayed 3 second(s)

2019-03-26 16:56:03 - [TEST_STEP][PASSED] - doubleClick(findTestObject("Perolehan/006 Arahan Bayaran/001 Pesanan Tempatan/Maklumat_Terimaan_Barang_line_1")): Object: 'Object Repository/Perolehan/006 Arahan Bayaran/001 Pesanan Tempatan/Maklumat_Terimaan_Barang_line_1' is double clicked on

2019-03-26 16:56:03 - [MESSAGE][PASSED] - Object: 'Object Repository/Perolehan/006 Arahan Bayaran/001 Pesanan Tempatan/Maklumat_Terimaan_Barang_line_1' is double clicked on

2019-03-26 16:56:03 - [TEST_STEP][PASSED] - delay(3): Delayed 3 second(s)

2019-03-26 16:56:06 - [MESSAGE][PASSED] - Delayed 3 second(s)

2019-03-26 16:56:06 - [TEST_STEP][PASSED] - RN = Math.random() * 10000: null

2019-03-26 16:56:06 - [TEST_STEP][PASSED] - println(RN): null

2019-03-26 16:56:06 - [TEST_STEP][PASSED] - setText(findTestObject("Perolehan/006 Arahan Bayaran/001 Pesanan Tempatan/input_No_Invois"), "INV0" + RN): Text 'INV08805' is set on object 'Object Repository/Perolehan/006 Arahan Bayaran/001 Pesanan Tempatan/input_No_Invois'

2019-03-26 16:56:06 - [MESSAGE][PASSED] - Text 'INV08805' is set on object 'Object Repository/Perolehan/006 Arahan Bayaran/001 Pesanan Tempatan/input_No_Invois'

2019-03-26 16:56:06 - [TEST_STEP][PASSED] - delay(3): Delayed 3 second(s)

2019-03-26 16:56:09 - [MESSAGE][PASSED] - Delayed 3 second(s)

2019-03-26 16:56:09 - [TEST_STEP][PASSED] - setText(findTestObject("Perolehan/006 Arahan Bayaran/001 Pesanan Tempatan/input_Amaun_Invois_RM"), TotalAmaunPT): Text '4.90' is set on object 'Object Repository/Perolehan/006 Arahan Bayaran/001 Pesanan Tempatan/input_Amaun_Invois_RM'

2019-03-26 16:56:09 - [MESSAGE][PASSED] - Text '4.90' is set on object 'Object Repository/Perolehan/006 Arahan Bayaran/001 Pesanan Tempatan/input_Amaun_Invois_RM'

2019-03-26 16:56:09 - [TEST_STEP][PASSED] - delay(3): Delayed 3 second(s)

2019-03-26 16:56:12 - [MESSAGE][PASSED] - Delayed 3 second(s)

2019-03-26 16:56:12 - [TEST_STEP][PASSED] - click(findTestObject("Perolehan/006 Arahan Bayaran/001 Pesanan Tempatan/Label_Tarikh_Invois")): Object: 'Object Repository/Perolehan/006 Arahan Bayaran/001 Pesanan Tempatan/Label_Tarikh_Invois' is clicked on

2019-03-26 16:56:12 - [MESSAGE][PASSED] - Object: 'Object Repository/Perolehan/006 Arahan Bayaran/001 Pesanan Tempatan/Label_Tarikh_Invois' is clicked on

2019-03-26 16:56:12 - [TEST_STEP][PASSED] - click(findTestObject("Perolehan/006 Arahan Bayaran/001 Pesanan Tempatan/a_Tarikh_Invois"), STOP_ON_FAILURE): Object: 'Object Repository/Perolehan/006 Arahan Bayaran/001 Pesanan Tempatan/a_Tarikh_Invois' is clicked on

2019-03-26 16:56:12 - [MESSAGE][PASSED] - Object: 'Object Repository/Perolehan/006 Arahan Bayaran/001 Pesanan Tempatan/a_Tarikh_Invois' is clicked on

2019-03-26 16:56:12 - [TEST_STEP][PASSED] - delay(2): Delayed 2 second(s)

2019-03-26 16:56:14 - [MESSAGE][PASSED] - Delayed 2 second(s)

2019-03-26 16:56:14 - [TEST_STEP][PASSED] - click(findTestObject("Perolehan/006 Arahan Bayaran/001 Pesanan Tempatan/a_Today_Tarikh_Invois"), STOP_ON_FAILURE): Object: 'Object Repository/Perolehan/006 Arahan Bayaran/001 Pesanan Tempatan/a_Today_Tarikh_Invois' is clicked on

2019-03-26 16:56:15 - [MESSAGE][PASSED] - Object: 'Object Repository/Perolehan/006 Arahan Bayaran/001 Pesanan Tempatan/a_Today_Tarikh_Invois' is clicked on

2019-03-26 16:56:15 - [TEST_STEP][PASSED] - click(findTestObject("Perolehan/006 Arahan Bayaran/001 Pesanan Tempatan/a_Tarikh Terima Oleh Kewangan"), STOP_ON_FAILURE): Object: 'Object Repository/Perolehan/006 Arahan Bayaran/001 Pesanan Tempatan/a_Tarikh Terima Oleh Kewangan' is clicked on

2019-03-26 16:56:15 - [MESSAGE][PASSED] - Object: 'Object Repository/Perolehan/006 Arahan Bayaran/001 Pesanan Tempatan/a_Tarikh Terima Oleh Kewangan' is clicked on

2019-03-26 16:56:15 - [TEST_STEP][PASSED] - delay(2): Delayed 2 second(s)

2019-03-26 16:56:17 - [MESSAGE][PASSED] - Delayed 2 second(s)

2019-03-26 16:56:17 - [TEST_STEP][PASSED] - click(findTestObject("Perolehan/006 Arahan Bayaran/001 Pesanan Tempatan/a_Today_Tarikh_Terima_Oleh_Kewangan"), STOP_ON_FAILURE): Object: 'Object Repository/Perolehan/006 Arahan Bayaran/001 Pesanan Tempatan/a_Today_Tarikh_Terima_Oleh_Kewangan' is clicked on

2019-03-26 16:56:17 - [MESSAGE][PASSED] - Object: 'Object Repository/Perolehan/006 Arahan Bayaran/001 Pesanan Tempatan/a_Today_Tarikh_Terima_Oleh_Kewangan' is clicked on

2019-03-26 16:56:17 - [TEST_STEP][PASSED] - click(findTestObject("Perolehan/006 Arahan Bayaran/001 Pesanan Tempatan/button_Save_Maklumat_Terima_Barang")): Object: 'Object Repository/Perolehan/006 Arahan Bayaran/001 Pesanan Tempatan/button_Save_Maklumat_Terima_Barang' is clicked on

2019-03-26 16:56:17 - [MESSAGE][PASSED] - Object: 'Object Repository/Perolehan/006 Arahan Bayaran/001 Pesanan Tempatan/button_Save_Maklumat_Terima_Barang' is clicked on

2019-03-26 16:56:17 - [TEST_STEP][PASSED] - click(findTestObject("Perolehan/006 Arahan Bayaran/001 Pesanan Tempatan/button_Simpan")): Object: 'Object Repository/Perolehan/006 Arahan Bayaran/001 Pesanan Tempatan/button_Simpan' is clicked on

2019-03-26 16:56:17 - [MESSAGE][PASSED] - Object: 'Object Repository/Perolehan/006 Arahan Bayaran/001 Pesanan Tempatan/button_Simpan' is clicked on

2019-03-26 16:56:17 - [TEST_STEP][PASSED] - click(findTestObject("Perolehan/006 Arahan Bayaran/001 Pesanan Tempatan/button_Ya_Simpan")): Object: 'Object Repository/Perolehan/006 Arahan Bayaran/001 Pesanan Tempatan/button_Ya_Simpan' is clicked on

2019-03-26 16:56:17 - [MESSAGE][PASSED] - Object: 'Object Repository/Perolehan/006 Arahan Bayaran/001 Pesanan Tempatan/button_Ya_Simpan' is clicked on

2019-03-26 16:56:17 - [TEST_STEP][PASSED] - delay(3): Delayed 3 second(s)

2019-03-26 16:56:20 - [MESSAGE][PASSED] - Delayed 3 second(s)

2019-03-26 16:56:20 - [TEST_STEP][PASSED] - click(findTestObject("Perolehan/006 Arahan Bayaran/001 Pesanan Tempatan/button_OK_Rekod_telah_simpan")): Object: 'Object Repository/Perolehan/006 Arahan Bayaran/001 Pesanan Tempatan/button_OK_Rekod_telah_simpan' is clicked on

2019-03-26 16:56:20 - [MESSAGE][PASSED] - Object: 'Object Repository/Perolehan/006 Arahan Bayaran/001 Pesanan Tempatan/button_OK_Rekod_telah_simpan' is clicked on

2019-03-26 16:56:20 - [TEST_STEP][PASSED] - click(findTestObject("Perolehan/006 Arahan Bayaran/001 Pesanan Tempatan/button_Senarai_Semak")): Object: 'Object Repository/Perolehan/006 Arahan Bayaran/001 Pesanan Tempatan/button_Senarai_Semak' is clicked on

2019-03-26 16:56:20 - [MESSAGE][PASSED] - Object: 'Object Repository/Perolehan/006 Arahan Bayaran/001 Pesanan Tempatan/button_Senarai_Semak' is clicked on

2019-03-26 16:56:20 - [TEST_STEP][PASSED] - check(findTestObject("Perolehan/006 Arahan Bayaran/001 Pesanan Tempatan/Senarai_Semak_check_no_1")): Object 'Object Repository/Perolehan/006 Arahan Bayaran/001 Pesanan Tempatan/Senarai_Semak_check_no_1' is checked

2019-03-26 16:56:20 - [MESSAGE][PASSED] - Object 'Object Repository/Perolehan/006 Arahan Bayaran/001 Pesanan Tempatan/Senarai_Semak_check_no_1' is checked

2019-03-26 16:56:20 - [TEST_STEP][PASSED] - click(findTestObject("Perolehan/006 Arahan Bayaran/001 Pesanan Tempatan/button_senarai_Semak_simpan")): Object: 'Object Repository/Perolehan/006 Arahan Bayaran/001 Pesanan Tempatan/button_senarai_Semak_simpan' is clicked on

2019-03-26 16:56:20 - [MESSAGE][PASSED] - Object: 'Object Repository/Perolehan/006 Arahan Bayaran/001 Pesanan Tempatan/button_senarai_Semak_simpan' is clicked on

2019-03-26 16:56:20 - [TEST_STEP][PASSED] - delay(3): Delayed 3 second(s)

2019-03-26 16:56:23 - [MESSAGE][PASSED] - Delayed 3 second(s)

2019-03-26 16:56:24 - [TEST_STEP][PASSED] - click(findTestObject("Perolehan/006 Arahan Bayaran/001 Pesanan Tempatan/button_OK_Rekod_telah_simpan")): Object: 'Object Repository/Perolehan/006 Arahan Bayaran/001 Pesanan Tempatan/button_OK_Rekod_telah_simpan' is clicked on

2019-03-26 16:56:24 - [MESSAGE][PASSED] - Object: 'Object Repository/Perolehan/006 Arahan Bayaran/001 Pesanan Tempatan/button_OK_Rekod_telah_simpan' is clicked on

2019-03-26 16:56:24 - [TEST_STEP][PASSED] - click(findTestObject("Perolehan/006 Arahan Bayaran/001 Pesanan Tempatan/Senarai_Semak_X_close")): Object: 'Object Repository/Perolehan/006 Arahan Bayaran/001 Pesanan Tempatan/Senarai_Semak_X_close' is clicked on

2019-03-26 16:56:24 - [MESSAGE][PASSED] - Object: 'Object Repository/Perolehan/006 Arahan Bayaran/001 Pesanan Tempatan/Senarai_Semak_X_close' is clicked on

2019-03-26 16:56:24 - [TEST_STEP][PASSED] - click(findTestObject("Perolehan/006 Arahan Bayaran/001 Pesanan Tempatan/button_Sah_Simpan")): Object: 'Object Repository/Perolehan/006 Arahan Bayaran/001 Pesanan Tempatan/button_Sah_Simpan' is clicked on

2019-03-26 16:56:24 - [MESSAGE][PASSED] - Object: 'Object Repository/Perolehan/006 Arahan Bayaran/001 Pesanan Tempatan/button_Sah_Simpan' is clicked on

2019-03-26 16:56:24 - [TEST_STEP][PASSED] - click(findTestObject("Perolehan/006 Arahan Bayaran/001 Pesanan Tempatan/button_Ya_Simpan")): Object: 'Object Repository/Perolehan/006 Arahan Bayaran/001 Pesanan Tempatan/button_Ya_Simpan' is clicked on

2019-03-26 16:56:24 - [MESSAGE][PASSED] - Object: 'Object Repository/Perolehan/006 Arahan Bayaran/001 Pesanan Tempatan/button_Ya_Simpan' is clicked on

2019-03-26 16:56:24 - [TEST_STEP][PASSED] - delay(3): Delayed 3 second(s)

2019-03-26 16:56:27 - [MESSAGE][PASSED] - Delayed 3 second(s)

2019-03-26 16:56:27 - [TEST_STEP][PASSED] - takeScreenshot(): Taking screenshot successfully

2019-03-26 16:56:27 - [MESSAGE][PASSED] - Taking screenshot successfully
[[ATTACHMENT|C:\\Users\\Consultant_MSPHitect\\Katalon Studio\\TrainingonKatalon\\Reports\\Perolehan\\01 Pesanan Tempatan Cara Bayaran EFT Tiada Pemfaktoran\\20190326_164748\\1553590587290.png]]

2019-03-26 16:56:27 - [TEST_STEP][PASSED] - attribute = getText(findTestObject("Perolehan/006 Arahan Bayaran/001 Pesanan Tempatan/Get_Arahan_Bayaran_RekodID")): Text of object 'Object Repository/Perolehan/006 Arahan Bayaran/001 Pesanan Tempatan/Get_Arahan_Bayaran_RekodID' is: 'Rekod Telah Berjaya Disah Simpan. [ NO REKOD :19CHAB030100039 ]
Ok'

2019-03-26 16:56:27 - [MESSAGE][PASSED] - Text of object 'Object Repository/Perolehan/006 Arahan Bayaran/001 Pesanan Tempatan/Get_Arahan_Bayaran_RekodID' is: 'Rekod Telah Berjaya Disah Simpan. [ NO REKOD :19CHAB030100039 ]
Ok'

2019-03-26 16:56:27 - [TEST_STEP][PASSED] - println(attribute): null

2019-03-26 16:56:27 - [TEST_STEP][PASSED] - ArahanBayaranID = attribute[(46..60)]: null

2019-03-26 16:56:27 - [TEST_STEP][PASSED] - println(ArahanBayaranID): null

2019-03-26 16:56:27 - [TEST_STEP][PASSED] - ArahanBayaranRekodID = ArahanBayaranID: null

2019-03-26 16:56:27 - [TEST_STEP][PASSED] - delay(3): Delayed 3 second(s)

2019-03-26 16:56:30 - [MESSAGE][PASSED] - Delayed 3 second(s)

2019-03-26 16:56:30 - [TEST_STEP][PASSED] - waitForElementClickable(findTestObject("Perolehan/002 Penyedia_RekodBaru/001 Rekod Baru Pesanan Tempatan/button_OK_Rekod_Berjaya_disimpan"), 300): Object 'Object Repository/Perolehan/002 Penyedia_RekodBaru/001 Rekod Baru Pesanan Tempatan/button_OK_Rekod_Berjaya_disimpan' is clickable

2019-03-26 16:56:30 - [MESSAGE][PASSED] - Object 'Object Repository/Perolehan/002 Penyedia_RekodBaru/001 Rekod Baru Pesanan Tempatan/button_OK_Rekod_Berjaya_disimpan' is clickable

2019-03-26 16:56:30 - [TEST_STEP][PASSED] - element = findWebElement(findTestObject("Perolehan/006 Arahan Bayaran/001 Pesanan Tempatan/button_OK_Rekod_telah_simpan"), 300): null

2019-03-26 16:56:30 - [TEST_STEP][PASSED] - click(findTestObject("Perolehan/006 Arahan Bayaran/001 Pesanan Tempatan/button_OK_Rekod_telah_simpan")): Object: 'Object Repository/Perolehan/006 Arahan Bayaran/001 Pesanan Tempatan/button_OK_Rekod_telah_simpan' is clicked on

2019-03-26 16:56:30 - [MESSAGE][PASSED] - Object: 'Object Repository/Perolehan/006 Arahan Bayaran/001 Pesanan Tempatan/button_OK_Rekod_telah_simpan' is clicked on

2019-03-26 16:56:30 - [TEST_STEP][PASSED] - closeBrowser(): Browser is closed

2019-03-26 16:56:31 - [MESSAGE][PASSED] - Browser is closed]]></system-out>
         <system-err><![CDATA[]]></system-err>
      </testcase>
      <testcase name="Test Cases/Perolehan/006 Arahan Bayaran/005 Penyemak Pesanan Tempatan" classname="Test Cases/Perolehan/006 Arahan Bayaran/005 Penyemak Pesanan Tempatan" status="PASSED">
         <system-out><![CDATA[2019-03-26 16:56:31 - [TEST_CASE][PASSED] - Test Cases/Perolehan/006 Arahan Bayaran/005 Penyemak Pesanan Tempatan: Test Cases/Perolehan/006 Arahan Bayaran/005 Penyemak Pesanan Tempatan

2019-03-26 16:56:31 - [TEST_STEP][PASSED] - reusablefunctions.reusablefunctions.openbrowser(): reusablefunctions.reusablefunctions.openbrowser is PASSED

2019-03-26 16:56:31 - [MESSAGE][INFO] - Starting 'Chrome' driver

2019-03-26 16:56:34 - [MESSAGE][PASSED] - Browser is opened with url: 'http://175.143.52.101:7010/1SPEKSv2/'

2019-03-26 16:56:34 - [MESSAGE][PASSED] - reusablefunctions.reusablefunctions.openbrowser is PASSED

2019-03-26 16:56:34 - [TEST_STEP][PASSED] - reusablefunctions.reusablefunctions.Login(findTestData("ispekstestdata").getValue(1, 5), findTestData("ispekstestdata").getValue(2, 5)): reusablefunctions.reusablefunctions.Login is PASSED

2019-03-26 16:56:34 - [MESSAGE][PASSED] - Text '860828665169' is set on object 'Object Repository/Login/input_NoKadPengenalan'

2019-03-26 16:56:34 - [MESSAGE][PASSED] - Text ****** has been set on object 'Object Repository/Login/input_Password'

2019-03-26 16:56:35 - [MESSAGE][PASSED] - Object: 'Object Repository/Login/input_ButtonLogMasuk' is clicked on

2019-03-26 16:56:45 - [MESSAGE][PASSED] - Delayed 10 second(s)

2019-03-26 16:56:45 - [MESSAGE][PASSED] - reusablefunctions.reusablefunctions.Login is PASSED

2019-03-26 16:56:45 - [TEST_STEP][PASSED] - click(findTestObject("Perolehan/TukarPeranan/IconTukarPeranan")): Object: 'Object Repository/Perolehan/TukarPeranan/IconTukarPeranan' is clicked on

2019-03-26 16:56:45 - [MESSAGE][PASSED] - Object: 'Object Repository/Perolehan/TukarPeranan/IconTukarPeranan' is clicked on

2019-03-26 16:56:45 - [TEST_STEP][PASSED] - click(findTestObject("Perolehan/TukarPeranan/input_TukarPeranan", ["value":"372"])): Object: 'Object Repository/Perolehan/TukarPeranan/input_TukarPeranan' is clicked on

2019-03-26 16:56:45 - [MESSAGE][PASSED] - Object: 'Object Repository/Perolehan/TukarPeranan/input_TukarPeranan' is clicked on

2019-03-26 16:56:45 - [TEST_STEP][PASSED] - click(findTestObject("Perolehan/TukarPeranan/button_Ya")): Object: 'Object Repository/Perolehan/TukarPeranan/button_Ya' is clicked on

2019-03-26 16:56:45 - [MESSAGE][PASSED] - Object: 'Object Repository/Perolehan/TukarPeranan/button_Ya' is clicked on

2019-03-26 16:56:45 - [TEST_STEP][PASSED] - delay(20): Delayed 20 second(s)

2019-03-26 16:57:05 - [MESSAGE][PASSED] - Delayed 20 second(s)

2019-03-26 16:57:05 - [TEST_STEP][PASSED] - verifyTextPresent("Peranan : [Penyemak] Peringkat : [PTJ]", false): Text 'Peranan : [Penyemak] Peringkat : [PTJ]' is present on page 

2019-03-26 16:57:06 - [MESSAGE][PASSED] - Text 'Peranan : [Penyemak] Peringkat : [PTJ]' is present on page 

2019-03-26 16:57:06 - [TEST_STEP][PASSED] - delay(5): Delayed 5 second(s)

2019-03-26 16:57:11 - [MESSAGE][PASSED] - Delayed 5 second(s)

2019-03-26 16:57:11 - [TEST_STEP][PASSED] - click(findTestObject("Perolehan/001 Left_Menu_Selection/a_ExpandMenuonLeft")): Object: 'Object Repository/Perolehan/001 Left_Menu_Selection/a_ExpandMenuonLeft' is clicked on

2019-03-26 16:57:11 - [MESSAGE][PASSED] - Object: 'Object Repository/Perolehan/001 Left_Menu_Selection/a_ExpandMenuonLeft' is clicked on

2019-03-26 16:57:11 - [TEST_STEP][PASSED] - delay(3, STOP_ON_FAILURE): Delayed 3 second(s)

2019-03-26 16:57:14 - [MESSAGE][PASSED] - Delayed 3 second(s)

2019-03-26 16:57:14 - [TEST_STEP][PASSED] - click(findTestObject("Perolehan/001 Left_Menu_Selection/div_PanelTitlePerolehan")): Object: 'Object Repository/Perolehan/001 Left_Menu_Selection/div_PanelTitlePerolehan' is clicked on

2019-03-26 16:57:15 - [MESSAGE][PASSED] - Object: 'Object Repository/Perolehan/001 Left_Menu_Selection/div_PanelTitlePerolehan' is clicked on

2019-03-26 16:57:15 - [TEST_STEP][PASSED] - delay(3, STOP_ON_FAILURE): Delayed 3 second(s)

2019-03-26 16:57:18 - [MESSAGE][PASSED] - Delayed 3 second(s)

2019-03-26 16:57:18 - [TEST_STEP][PASSED] - click(findTestObject("Perolehan/001 Left_Menu_Selection/div_Menu_ArahanBayaran")): Object: 'Object Repository/Perolehan/001 Left_Menu_Selection/div_Menu_ArahanBayaran' is clicked on

2019-03-26 16:57:18 - [MESSAGE][PASSED] - Object: 'Object Repository/Perolehan/001 Left_Menu_Selection/div_Menu_ArahanBayaran' is clicked on

2019-03-26 16:57:18 - [TEST_STEP][PASSED] - assert true: null

2019-03-26 16:57:18 - [TEST_STEP][PASSED] - delay(3): Delayed 3 second(s)

2019-03-26 16:57:21 - [MESSAGE][PASSED] - Delayed 3 second(s)

2019-03-26 16:57:21 - [TEST_STEP][PASSED] - setText(findTestObject("Perolehan/006 Arahan Bayaran/004 Penyemak/input_TABLE_NAME_noRekod"), ArahanBayaranRekodID): Text '19CHAB030100039' is set on object 'Object Repository/Perolehan/006 Arahan Bayaran/004 Penyemak/input_TABLE_NAME_noRekod'

2019-03-26 16:57:21 - [MESSAGE][PASSED] - Text '19CHAB030100039' is set on object 'Object Repository/Perolehan/006 Arahan Bayaran/004 Penyemak/input_TABLE_NAME_noRekod'

2019-03-26 16:57:21 - [TEST_STEP][PASSED] - delay(3): Delayed 3 second(s)

2019-03-26 16:57:24 - [MESSAGE][PASSED] - Delayed 3 second(s)

2019-03-26 16:57:24 - [TEST_STEP][PASSED] - doubleClick(findTestObject("Perolehan/006 Arahan Bayaran/004 Penyemak/select_noRekod", ["text":ArahanBayaranRekodID])): Object: 'Object Repository/Perolehan/006 Arahan Bayaran/004 Penyemak/select_noRekod' is double clicked on

2019-03-26 16:57:24 - [MESSAGE][PASSED] - Object: 'Object Repository/Perolehan/006 Arahan Bayaran/004 Penyemak/select_noRekod' is double clicked on

2019-03-26 16:57:24 - [TEST_STEP][PASSED] - delay(3): Delayed 3 second(s)

2019-03-26 16:57:27 - [MESSAGE][PASSED] - Delayed 3 second(s)

2019-03-26 16:57:27 - [TEST_STEP][PASSED] - click(findTestObject("Perolehan/006 Arahan Bayaran/004 Penyemak/button_Senarai_Semak")): Object: 'Object Repository/Perolehan/006 Arahan Bayaran/004 Penyemak/button_Senarai_Semak' is clicked on

2019-03-26 16:57:27 - [MESSAGE][PASSED] - Object: 'Object Repository/Perolehan/006 Arahan Bayaran/004 Penyemak/button_Senarai_Semak' is clicked on

2019-03-26 16:57:27 - [TEST_STEP][PASSED] - delay(3): Delayed 3 second(s)

2019-03-26 16:57:30 - [MESSAGE][PASSED] - Delayed 3 second(s)

2019-03-26 16:57:30 - [TEST_STEP][PASSED] - verifyElementChecked(findTestObject("Perolehan/006 Arahan Bayaran/004 Penyemak/Check_Senarai_Semak_Item"), 3): Object 'Object Repository/Perolehan/006 Arahan Bayaran/004 Penyemak/Check_Senarai_Semak_Item' is checked

2019-03-26 16:57:30 - [MESSAGE][PASSED] - Object 'Object Repository/Perolehan/006 Arahan Bayaran/004 Penyemak/Check_Senarai_Semak_Item' is checked

2019-03-26 16:57:30 - [TEST_STEP][PASSED] - click(findTestObject("Perolehan/006 Arahan Bayaran/004 Penyemak/button_X_Close_Senarai_Semak")): Object: 'Object Repository/Perolehan/006 Arahan Bayaran/004 Penyemak/button_X_Close_Senarai_Semak' is clicked on

2019-03-26 16:57:30 - [MESSAGE][PASSED] - Object: 'Object Repository/Perolehan/006 Arahan Bayaran/004 Penyemak/button_X_Close_Senarai_Semak' is clicked on

2019-03-26 16:57:30 - [TEST_STEP][PASSED] - click(findTestObject("Perolehan/006 Arahan Bayaran/004 Penyemak/button_Semak")): Object: 'Object Repository/Perolehan/006 Arahan Bayaran/004 Penyemak/button_Semak' is clicked on

2019-03-26 16:57:30 - [MESSAGE][PASSED] - Object: 'Object Repository/Perolehan/006 Arahan Bayaran/004 Penyemak/button_Semak' is clicked on

2019-03-26 16:57:30 - [TEST_STEP][PASSED] - click(findTestObject("Perolehan/006 Arahan Bayaran/004 Penyemak/button_Ya_Semak")): Object: 'Object Repository/Perolehan/006 Arahan Bayaran/004 Penyemak/button_Ya_Semak' is clicked on

2019-03-26 16:57:30 - [MESSAGE][PASSED] - Object: 'Object Repository/Perolehan/006 Arahan Bayaran/004 Penyemak/button_Ya_Semak' is clicked on

2019-03-26 16:57:30 - [TEST_STEP][PASSED] - delay(3): Delayed 3 second(s)

2019-03-26 16:57:33 - [MESSAGE][PASSED] - Delayed 3 second(s)

2019-03-26 16:57:33 - [TEST_STEP][PASSED] - takeScreenshot(): Taking screenshot successfully

2019-03-26 16:57:34 - [MESSAGE][PASSED] - Taking screenshot successfully
[[ATTACHMENT|C:\\Users\\Consultant_MSPHitect\\Katalon Studio\\TrainingonKatalon\\Reports\\Perolehan\\01 Pesanan Tempatan Cara Bayaran EFT Tiada Pemfaktoran\\20190326_164748\\1553590653819.png]]

2019-03-26 16:57:34 - [TEST_STEP][PASSED] - delay(8): Delayed 8 second(s)

2019-03-26 16:57:42 - [MESSAGE][PASSED] - Delayed 8 second(s)

2019-03-26 16:57:42 - [TEST_STEP][PASSED] - waitForElementClickable(findTestObject("Perolehan/006 Arahan Bayaran/004 Penyemak/button_OK_berjaya_disemak"), 240): Object 'Object Repository/Perolehan/006 Arahan Bayaran/004 Penyemak/button_OK_berjaya_disemak' is clickable

2019-03-26 16:57:42 - [MESSAGE][PASSED] - Object 'Object Repository/Perolehan/006 Arahan Bayaran/004 Penyemak/button_OK_berjaya_disemak' is clickable

2019-03-26 16:57:42 - [TEST_STEP][PASSED] - waitForElementClickable(findTestObject("Perolehan/002 Penyedia_RekodBaru/001 Rekod Baru Pesanan Tempatan/button_OK_Rekod_Berjaya_disimpan"), 300): Object 'Object Repository/Perolehan/002 Penyedia_RekodBaru/001 Rekod Baru Pesanan Tempatan/button_OK_Rekod_Berjaya_disimpan' is clickable

2019-03-26 16:57:42 - [MESSAGE][PASSED] - Object 'Object Repository/Perolehan/002 Penyedia_RekodBaru/001 Rekod Baru Pesanan Tempatan/button_OK_Rekod_Berjaya_disimpan' is clickable

2019-03-26 16:57:42 - [TEST_STEP][PASSED] - element = findWebElement(findTestObject("Perolehan/006 Arahan Bayaran/004 Penyemak/button_OK_berjaya_disemak"), 300): null

2019-03-26 16:57:42 - [TEST_STEP][PASSED] - click(findTestObject("Perolehan/006 Arahan Bayaran/004 Penyemak/button_OK_berjaya_disemak")): Object: 'Object Repository/Perolehan/006 Arahan Bayaran/004 Penyemak/button_OK_berjaya_disemak' is clicked on

2019-03-26 16:57:42 - [MESSAGE][PASSED] - Object: 'Object Repository/Perolehan/006 Arahan Bayaran/004 Penyemak/button_OK_berjaya_disemak' is clicked on

2019-03-26 16:57:42 - [TEST_STEP][PASSED] - closeBrowser(STOP_ON_FAILURE): Browser is closed

2019-03-26 16:57:42 - [MESSAGE][PASSED] - Browser is closed]]></system-out>
         <system-err><![CDATA[]]></system-err>
      </testcase>
      <testcase name="Test Cases/Perolehan/007 Proses Baucar Bayaran/001 Pelulus Proses Baucar Bayaran - EFT" classname="Test Cases/Perolehan/007 Proses Baucar Bayaran/001 Pelulus Proses Baucar Bayaran - EFT" status="PASSED">
         <system-out><![CDATA[2019-03-26 16:57:42 - [TEST_CASE][PASSED] - Test Cases/Perolehan/007 Proses Baucar Bayaran/001 Pelulus Proses Baucar Bayaran - EFT: Test Cases/Perolehan/007 Proses Baucar Bayaran/001 Pelulus Proses Baucar Bayaran - EFT

2019-03-26 16:57:43 - [TEST_STEP][PASSED] - reusablefunctions.reusablefunctions.openbrowser(): reusablefunctions.reusablefunctions.openbrowser is PASSED

2019-03-26 16:57:43 - [MESSAGE][INFO] - Starting 'Chrome' driver

2019-03-26 16:57:46 - [MESSAGE][PASSED] - Browser is opened with url: 'http://175.143.52.101:7010/1SPEKSv2/'

2019-03-26 16:57:46 - [MESSAGE][PASSED] - reusablefunctions.reusablefunctions.openbrowser is PASSED

2019-03-26 16:57:46 - [TEST_STEP][PASSED] - reusablefunctions.reusablefunctions.Login(findTestData("ispekstestdata").getValue(1, 7), findTestData("ispekstestdata").getValue(2, 7)): reusablefunctions.reusablefunctions.Login is PASSED

2019-03-26 16:57:46 - [MESSAGE][PASSED] - Text '780613015177' is set on object 'Object Repository/Login/input_NoKadPengenalan'

2019-03-26 16:57:46 - [MESSAGE][PASSED] - Text ****** has been set on object 'Object Repository/Login/input_Password'

2019-03-26 16:57:47 - [MESSAGE][PASSED] - Object: 'Object Repository/Login/input_ButtonLogMasuk' is clicked on

2019-03-26 16:57:57 - [MESSAGE][PASSED] - Delayed 10 second(s)

2019-03-26 16:57:57 - [MESSAGE][PASSED] - reusablefunctions.reusablefunctions.Login is PASSED

2019-03-26 16:57:57 - [TEST_STEP][PASSED] - click(findTestObject("Perolehan/TukarPeranan/IconTukarPeranan")): Object: 'Object Repository/Perolehan/TukarPeranan/IconTukarPeranan' is clicked on

2019-03-26 16:57:57 - [MESSAGE][PASSED] - Object: 'Object Repository/Perolehan/TukarPeranan/IconTukarPeranan' is clicked on

2019-03-26 16:57:57 - [TEST_STEP][PASSED] - click(findTestObject("Perolehan/TukarPeranan/input_TukarPeranan", ["value":"220"])): Object: 'Object Repository/Perolehan/TukarPeranan/input_TukarPeranan' is clicked on

2019-03-26 16:57:57 - [MESSAGE][PASSED] - Object: 'Object Repository/Perolehan/TukarPeranan/input_TukarPeranan' is clicked on

2019-03-26 16:57:57 - [TEST_STEP][PASSED] - click(findTestObject("Perolehan/TukarPeranan/button_Ya")): Object: 'Object Repository/Perolehan/TukarPeranan/button_Ya' is clicked on

2019-03-26 16:57:57 - [MESSAGE][PASSED] - Object: 'Object Repository/Perolehan/TukarPeranan/button_Ya' is clicked on

2019-03-26 16:57:57 - [TEST_STEP][PASSED] - delay(20): Delayed 20 second(s)

2019-03-26 16:58:17 - [MESSAGE][PASSED] - Delayed 20 second(s)

2019-03-26 16:58:17 - [TEST_STEP][PASSED] - verifyTextPresent("Peranan : [Pelulus] Peringkat : [PTJ]", false): Text 'Peranan : [Pelulus] Peringkat : [PTJ]' is present on page 

2019-03-26 16:58:19 - [MESSAGE][PASSED] - Text 'Peranan : [Pelulus] Peringkat : [PTJ]' is present on page 

2019-03-26 16:58:19 - [TEST_STEP][PASSED] - click(findTestObject("Perolehan/007 Proses Baucar Bayaran/001 Pelulus PT/Menu_Sisi")): Object: 'Object Repository/Perolehan/007 Proses Baucar Bayaran/001 Pelulus PT/Menu_Sisi' is clicked on

2019-03-26 16:58:19 - [MESSAGE][PASSED] - Object: 'Object Repository/Perolehan/007 Proses Baucar Bayaran/001 Pelulus PT/Menu_Sisi' is clicked on

2019-03-26 16:58:19 - [TEST_STEP][PASSED] - delay(3): Delayed 3 second(s)

2019-03-26 16:58:22 - [MESSAGE][PASSED] - Delayed 3 second(s)

2019-03-26 16:58:22 - [TEST_STEP][PASSED] - click(findTestObject("Perolehan/007 Proses Baucar Bayaran/001 Pelulus PT/Menu_Akaun Belum Bayar")): Object: 'Object Repository/Perolehan/007 Proses Baucar Bayaran/001 Pelulus PT/Menu_Akaun Belum Bayar' is clicked on

2019-03-26 16:58:22 - [MESSAGE][PASSED] - Object: 'Object Repository/Perolehan/007 Proses Baucar Bayaran/001 Pelulus PT/Menu_Akaun Belum Bayar' is clicked on

2019-03-26 16:58:22 - [TEST_STEP][PASSED] - delay(3): Delayed 3 second(s)

2019-03-26 16:58:25 - [MESSAGE][PASSED] - Delayed 3 second(s)

2019-03-26 16:58:25 - [TEST_STEP][PASSED] - click(findTestObject("Perolehan/007 Proses Baucar Bayaran/001 Pelulus PT/Menu_Expand_Baucar_Bayaran")): Object: 'Object Repository/Perolehan/007 Proses Baucar Bayaran/001 Pelulus PT/Menu_Expand_Baucar_Bayaran' is clicked on

2019-03-26 16:58:26 - [MESSAGE][PASSED] - Object: 'Object Repository/Perolehan/007 Proses Baucar Bayaran/001 Pelulus PT/Menu_Expand_Baucar_Bayaran' is clicked on

2019-03-26 16:58:26 - [TEST_STEP][PASSED] - delay(3): Delayed 3 second(s)

2019-03-26 16:58:29 - [MESSAGE][PASSED] - Delayed 3 second(s)

2019-03-26 16:58:29 - [TEST_STEP][PASSED] - click(findTestObject("Perolehan/007 Proses Baucar Bayaran/001 Pelulus PT/Menu_Integrasi_Dalaman")): Object: 'Object Repository/Perolehan/007 Proses Baucar Bayaran/001 Pelulus PT/Menu_Integrasi_Dalaman' is clicked on

2019-03-26 16:58:29 - [MESSAGE][PASSED] - Object: 'Object Repository/Perolehan/007 Proses Baucar Bayaran/001 Pelulus PT/Menu_Integrasi_Dalaman' is clicked on

2019-03-26 16:58:29 - [TEST_STEP][PASSED] - delay(3): Delayed 3 second(s)

2019-03-26 16:58:32 - [MESSAGE][PASSED] - Delayed 3 second(s)

2019-03-26 16:58:32 - [TEST_STEP][PASSED] - setText(findTestObject("Perolehan/007 Proses Baucar Bayaran/001 Pelulus PT/input_No_Rekod"), ArahanBayaranRekodID): Text '19CHAB030100039' is set on object 'Object Repository/Perolehan/007 Proses Baucar Bayaran/001 Pelulus PT/input_No_Rekod'

2019-03-26 16:58:32 - [MESSAGE][PASSED] - Text '19CHAB030100039' is set on object 'Object Repository/Perolehan/007 Proses Baucar Bayaran/001 Pelulus PT/input_No_Rekod'

2019-03-26 16:58:32 - [TEST_STEP][PASSED] - delay(3): Delayed 3 second(s)

2019-03-26 16:58:35 - [MESSAGE][PASSED] - Delayed 3 second(s)

2019-03-26 16:58:35 - [TEST_STEP][PASSED] - doubleClick(findTestObject("Perolehan/007 Proses Baucar Bayaran/001 Pelulus PT/select_No_Rekod", ["text":ArahanBayaranRekodID])): Object: 'Object Repository/Perolehan/007 Proses Baucar Bayaran/001 Pelulus PT/select_No_Rekod' is double clicked on

2019-03-26 16:58:35 - [MESSAGE][PASSED] - Object: 'Object Repository/Perolehan/007 Proses Baucar Bayaran/001 Pelulus PT/select_No_Rekod' is double clicked on

2019-03-26 16:58:35 - [TEST_STEP][PASSED] - delay(3): Delayed 3 second(s)

2019-03-26 16:58:38 - [MESSAGE][PASSED] - Delayed 3 second(s)

2019-03-26 16:58:38 - [TEST_STEP][PASSED] - jumlahkeseluruhan = getText(findTestObject("Perolehan/007 Proses Baucar Bayaran/001 Pelulus PT/jumlah_amaun")): Text of object 'Object Repository/Perolehan/007 Proses Baucar Bayaran/001 Pelulus PT/jumlah_amaun' is: '4.90'

2019-03-26 16:58:38 - [MESSAGE][PASSED] - Text of object 'Object Repository/Perolehan/007 Proses Baucar Bayaran/001 Pelulus PT/jumlah_amaun' is: '4.90'

2019-03-26 16:58:38 - [TEST_STEP][PASSED] - delay(15): Delayed 15 second(s)

2019-03-26 16:58:53 - [MESSAGE][PASSED] - Delayed 15 second(s)

2019-03-26 16:58:53 - [TEST_STEP][PASSED] - verifyMatch(jumlahkeseluruhan, TotalAmaunPT, false): Actual text '4.90' and expected text '4.90' are matched 

2019-03-26 16:58:53 - [MESSAGE][PASSED] - Actual text '4.90' and expected text '4.90' are matched 

2019-03-26 16:58:53 - [TEST_STEP][PASSED] - click(findTestObject("Perolehan/007 Proses Baucar Bayaran/001 Pelulus PT/button_Lulus")): Object: 'Object Repository/Perolehan/007 Proses Baucar Bayaran/001 Pelulus PT/button_Lulus' is clicked on

2019-03-26 16:58:53 - [MESSAGE][PASSED] - Object: 'Object Repository/Perolehan/007 Proses Baucar Bayaran/001 Pelulus PT/button_Lulus' is clicked on

2019-03-26 16:58:53 - [TEST_STEP][PASSED] - delay(3): Delayed 3 second(s)

2019-03-26 16:58:56 - [MESSAGE][PASSED] - Delayed 3 second(s)

2019-03-26 16:58:56 - [TEST_STEP][PASSED] - click(findTestObject("Perolehan/007 Proses Baucar Bayaran/001 Pelulus PT/button_Ya_Lulus")): Object: 'Object Repository/Perolehan/007 Proses Baucar Bayaran/001 Pelulus PT/button_Ya_Lulus' is clicked on

2019-03-26 16:58:56 - [MESSAGE][PASSED] - Object: 'Object Repository/Perolehan/007 Proses Baucar Bayaran/001 Pelulus PT/button_Ya_Lulus' is clicked on

2019-03-26 16:58:56 - [TEST_STEP][PASSED] - delay(3): Delayed 3 second(s)

2019-03-26 16:58:59 - [MESSAGE][PASSED] - Delayed 3 second(s)

2019-03-26 16:58:59 - [TEST_STEP][PASSED] - waitForElementPresent(findTestObject("Perolehan/007 Proses Baucar Bayaran/001 Pelulus PT/div_Rekod Berjaya Diluluskan"), 500): Object 'Object Repository/Perolehan/007 Proses Baucar Bayaran/001 Pelulus PT/div_Rekod Berjaya Diluluskan' is present

2019-03-26 16:59:16 - [MESSAGE][PASSED] - Object 'Object Repository/Perolehan/007 Proses Baucar Bayaran/001 Pelulus PT/div_Rekod Berjaya Diluluskan' is present

2019-03-26 16:59:16 - [TEST_STEP][PASSED] - No_Baucar = getText(findTestObject("Perolehan/007 Proses Baucar Bayaran/001 Pelulus PT/div_Rekod Berjaya Diluluskan")): Text of object 'Object Repository/Perolehan/007 Proses Baucar Bayaran/001 Pelulus PT/div_Rekod Berjaya Diluluskan' is: 'Rekod Berjaya Diluluskan.
No. Baucar : 19CHBB0400202
Adakah Anda Ingin Mencetak Rekod Ini?
YaTidak'

2019-03-26 16:59:16 - [MESSAGE][PASSED] - Text of object 'Object Repository/Perolehan/007 Proses Baucar Bayaran/001 Pelulus PT/div_Rekod Berjaya Diluluskan' is: 'Rekod Berjaya Diluluskan.
No. Baucar : 19CHBB0400202
Adakah Anda Ingin Mencetak Rekod Ini?
YaTidak'

2019-03-26 16:59:16 - [TEST_STEP][PASSED] - println(No_Baucar): null

2019-03-26 16:59:16 - [TEST_STEP][PASSED] - Baucar_id = No_Baucar[(39..51)]: null

2019-03-26 16:59:16 - [TEST_STEP][PASSED] - println(Baucar_id): null

2019-03-26 16:59:16 - [TEST_STEP][PASSED] - Nombor_Baucar = Baucar_id: null

2019-03-26 16:59:16 - [TEST_STEP][PASSED] - delay(3): Delayed 3 second(s)

2019-03-26 16:59:19 - [MESSAGE][PASSED] - Delayed 3 second(s)

2019-03-26 16:59:19 - [TEST_STEP][PASSED] - waitForElementClickable(findTestObject("Perolehan/002 Penyedia_RekodBaru/001 Rekod Baru Pesanan Tempatan/button_OK_Rekod_Berjaya_disimpan"), 300): Web element with id: 'Object Repository/Perolehan/002 Penyedia_RekodBaru/001 Rekod Baru Pesanan Tempatan/button_OK_Rekod_Berjaya_disimpan' located by 'By.xpath: //span[contains(text(),'Ok')]' not found

2019-03-26 17:04:34 - [MESSAGE][INFO] - Unable to find the element located by 'By.xpath: //span[contains(text(),'Ok')]'. Please recheck the objects properties to make sure the desired element is located. 

2019-03-26 17:04:34 - [MESSAGE][WARNING] - Web element with id: 'Object Repository/Perolehan/002 Penyedia_RekodBaru/001 Rekod Baru Pesanan Tempatan/button_OK_Rekod_Berjaya_disimpan' located by 'By.xpath: //span[contains(text(),'Ok')]' not found

2019-03-26 17:04:34 - [TEST_STEP][PASSED] - element = findWebElement(findTestObject("Perolehan/007 Proses Baucar Bayaran/001 Pelulus PT/button_Ya_Cetak"), 300): null

2019-03-26 17:04:34 - [TEST_STEP][PASSED] - click(findTestObject("Perolehan/007 Proses Baucar Bayaran/001 Pelulus PT/button_Ya_Cetak")): Object: 'Object Repository/Perolehan/007 Proses Baucar Bayaran/001 Pelulus PT/button_Ya_Cetak' is clicked on

2019-03-26 17:05:01 - [MESSAGE][PASSED] - Object: 'Object Repository/Perolehan/007 Proses Baucar Bayaran/001 Pelulus PT/button_Ya_Cetak' is clicked on

2019-03-26 17:05:01 - [TEST_STEP][PASSED] - switchToWindowIndex(1): Switched to window with index: '1'

2019-03-26 17:05:01 - [MESSAGE][PASSED] - Switched to window with index: '1'

2019-03-26 17:05:01 - [TEST_STEP][PASSED] - delay(3): Delayed 3 second(s)

2019-03-26 17:05:04 - [MESSAGE][PASSED] - Delayed 3 second(s)

2019-03-26 17:05:04 - [TEST_STEP][PASSED] - waitForPageLoad(180): Wait for page load successfully

2019-03-26 17:05:06 - [MESSAGE][PASSED] - Wait for page load successfully

2019-03-26 17:05:06 - [TEST_STEP][PASSED] - takeScreenshot(): Taking screenshot successfully

2019-03-26 17:05:06 - [MESSAGE][PASSED] - Taking screenshot successfully
[[ATTACHMENT|C:\\Users\\Consultant_MSPHitect\\Katalon Studio\\TrainingonKatalon\\Reports\\Perolehan\\01 Pesanan Tempatan Cara Bayaran EFT Tiada Pemfaktoran\\20190326_164748\\1553591106054.png]]

2019-03-26 17:05:06 - [TEST_STEP][PASSED] - switchToWindowIndex(0): Switched to window with index: '0'

2019-03-26 17:05:06 - [MESSAGE][PASSED] - Switched to window with index: '0'

2019-03-26 17:05:06 - [TEST_STEP][PASSED] - delay(3): Delayed 3 second(s)

2019-03-26 17:05:09 - [MESSAGE][PASSED] - Delayed 3 second(s)

2019-03-26 17:05:09 - [TEST_STEP][PASSED] - closeBrowser(): Browser is closed

2019-03-26 17:05:10 - [MESSAGE][PASSED] - Browser is closed]]></system-out>
         <system-err><![CDATA[]]></system-err>
      </testcase>
      <testcase name="Test Cases/Perolehan/008 Posting Bayaran/001 Posting Bayaran - EFT" classname="Test Cases/Perolehan/008 Posting Bayaran/001 Posting Bayaran - EFT" status="ERROR">
         <error type="ERROR" message="Test Cases/Perolehan/008 Posting Bayaran/001 Posting Bayaran - EFT FAILED.
Reason:
org.codehaus.groovy.control.MultipleCompilationErrorsException: startup failed:
file:/C:/Users/Consultant_MSPHitect/Katalon%20Studio/TrainingonKatalon/Scripts/Perolehan/008%20Posting%20Bayaran/001%20Posting%20Bayaran%20-%20EFT/Script1551687519908.groovy: 116: The current scope already contains a variable of the name element
 @ line 116, column 12.
   WebElement element = WebUiCommonHelper.findWebElement(findTestObject('Perolehan/008 Post Bayaran/button_OK'),
              ^

1 error

	at com.kms.katalon.core.main.ScriptEngine.getScript(ScriptEngine.java:199)
	at com.kms.katalon.core.main.ScriptEngine.run(ScriptEngine.java:194)
	at com.kms.katalon.core.main.ScriptEngine.runScriptAsRawText(ScriptEngine.java:119)
	at com.kms.katalon.core.main.TestCaseExecutor.runScript(TestCaseExecutor.java:331)
	at com.kms.katalon.core.main.TestCaseExecutor.doExecute(TestCaseExecutor.java:322)
	at com.kms.katalon.core.main.TestCaseExecutor.processExecutionPhase(TestCaseExecutor.java:301)
	at com.kms.katalon.core.main.TestCaseExecutor.accessMainPhase(TestCaseExecutor.java:293)
	at com.kms.katalon.core.main.TestCaseExecutor.execute(TestCaseExecutor.java:227)
	at com.kms.katalon.core.main.TestSuiteExecutor.accessTestCaseMainPhase(TestSuiteExecutor.java:129)
	at com.kms.katalon.core.main.TestSuiteExecutor.accessTestSuiteMainPhase(TestSuiteExecutor.java:112)
	at com.kms.katalon.core.main.TestSuiteExecutor.execute(TestSuiteExecutor.java:81)
	at com.kms.katalon.core.main.TestCaseMain.startTestSuite(TestCaseMain.java:157)
	at com.kms.katalon.core.main.TestCaseMain$startTestSuite$0.call(Unknown Source)
	at TempTestSuite1553590068998.run(TempTestSuite1553590068998.groovy:35)
"/>
         <system-out><![CDATA[2019-03-26 17:05:10 - [TEST_CASE][ERROR] - Test Cases/Perolehan/008 Posting Bayaran/001 Posting Bayaran - EFT: Test Cases/Perolehan/008 Posting Bayaran/001 Posting Bayaran - EFT FAILED.
Reason:
org.codehaus.groovy.control.MultipleCompilationErrorsException: startup failed:
file:/C:/Users/Consultant_MSPHitect/Katalon%20Studio/TrainingonKatalon/Scripts/Perolehan/008%20Posting%20Bayaran/001%20Posting%20Bayaran%20-%20EFT/Script1551687519908.groovy: 116: The current scope already contains a variable of the name element
 @ line 116, column 12.
   WebElement element = WebUiCommonHelper.findWebElement(findTestObject('Perolehan/008 Post Bayaran/button_OK'),
              ^

1 error

	at com.kms.katalon.core.main.ScriptEngine.getScript(ScriptEngine.java:199)
	at com.kms.katalon.core.main.ScriptEngine.run(ScriptEngine.java:194)
	at com.kms.katalon.core.main.ScriptEngine.runScriptAsRawText(ScriptEngine.java:119)
	at com.kms.katalon.core.main.TestCaseExecutor.runScript(TestCaseExecutor.java:331)
	at com.kms.katalon.core.main.TestCaseExecutor.doExecute(TestCaseExecutor.java:322)
	at com.kms.katalon.core.main.TestCaseExecutor.processExecutionPhase(TestCaseExecutor.java:301)
	at com.kms.katalon.core.main.TestCaseExecutor.accessMainPhase(TestCaseExecutor.java:293)
	at com.kms.katalon.core.main.TestCaseExecutor.execute(TestCaseExecutor.java:227)
	at com.kms.katalon.core.main.TestSuiteExecutor.accessTestCaseMainPhase(TestSuiteExecutor.java:129)
	at com.kms.katalon.core.main.TestSuiteExecutor.accessTestSuiteMainPhase(TestSuiteExecutor.java:112)
	at com.kms.katalon.core.main.TestSuiteExecutor.execute(TestSuiteExecutor.java:81)
	at com.kms.katalon.core.main.TestCaseMain.startTestSuite(TestCaseMain.java:157)
	at com.kms.katalon.core.main.TestCaseMain$startTestSuite$0.call(Unknown Source)
	at TempTestSuite1553590068998.run(TempTestSuite1553590068998.groovy:35)]]></system-out>
         <system-err><![CDATA[2019-03-26 17:05:10 - [TEST_CASE][ERROR] - Test Cases/Perolehan/008 Posting Bayaran/001 Posting Bayaran - EFT: Test Cases/Perolehan/008 Posting Bayaran/001 Posting Bayaran - EFT FAILED.
Reason:
org.codehaus.groovy.control.MultipleCompilationErrorsException: startup failed:
file:/C:/Users/Consultant_MSPHitect/Katalon%20Studio/TrainingonKatalon/Scripts/Perolehan/008%20Posting%20Bayaran/001%20Posting%20Bayaran%20-%20EFT/Script1551687519908.groovy: 116: The current scope already contains a variable of the name element
 @ line 116, column 12.
   WebElement element = WebUiCommonHelper.findWebElement(findTestObject('Perolehan/008 Post Bayaran/button_OK'),
              ^

1 error

	at com.kms.katalon.core.main.ScriptEngine.getScript(ScriptEngine.java:199)
	at com.kms.katalon.core.main.ScriptEngine.run(ScriptEngine.java:194)
	at com.kms.katalon.core.main.ScriptEngine.runScriptAsRawText(ScriptEngine.java:119)
	at com.kms.katalon.core.main.TestCaseExecutor.runScript(TestCaseExecutor.java:331)
	at com.kms.katalon.core.main.TestCaseExecutor.doExecute(TestCaseExecutor.java:322)
	at com.kms.katalon.core.main.TestCaseExecutor.processExecutionPhase(TestCaseExecutor.java:301)
	at com.kms.katalon.core.main.TestCaseExecutor.accessMainPhase(TestCaseExecutor.java:293)
	at com.kms.katalon.core.main.TestCaseExecutor.execute(TestCaseExecutor.java:227)
	at com.kms.katalon.core.main.TestSuiteExecutor.accessTestCaseMainPhase(TestSuiteExecutor.java:129)
	at com.kms.katalon.core.main.TestSuiteExecutor.accessTestSuiteMainPhase(TestSuiteExecutor.java:112)
	at com.kms.katalon.core.main.TestSuiteExecutor.execute(TestSuiteExecutor.java:81)
	at com.kms.katalon.core.main.TestCaseMain.startTestSuite(TestCaseMain.java:157)
	at com.kms.katalon.core.main.TestCaseMain$startTestSuite$0.call(Unknown Source)
	at TempTestSuite1553590068998.run(TempTestSuite1553590068998.groovy:35)]]></system-err>
      </testcase>
      <testcase name="Test Cases/Perolehan/009 Penyedia Cetak Baucar Bayaran/001 Penyedia Cetak Baucar Bayaran" classname="Test Cases/Perolehan/009 Penyedia Cetak Baucar Bayaran/001 Penyedia Cetak Baucar Bayaran" status="PASSED">
         <system-out><![CDATA[2019-03-26 17:05:10 - [TEST_CASE][PASSED] - Test Cases/Perolehan/009 Penyedia Cetak Baucar Bayaran/001 Penyedia Cetak Baucar Bayaran: Test Cases/Perolehan/009 Penyedia Cetak Baucar Bayaran/001 Penyedia Cetak Baucar Bayaran

2019-03-26 17:05:10 - [TEST_STEP][PASSED] - reusablefunctions.reusablefunctions.openbrowser(): reusablefunctions.reusablefunctions.openbrowser is PASSED

2019-03-26 17:05:10 - [MESSAGE][INFO] - Starting 'Chrome' driver

2019-03-26 17:05:13 - [MESSAGE][PASSED] - Browser is opened with url: 'http://175.143.52.101:7010/1SPEKSv2/'

2019-03-26 17:05:13 - [MESSAGE][PASSED] - reusablefunctions.reusablefunctions.openbrowser is PASSED

2019-03-26 17:05:13 - [TEST_STEP][PASSED] - reusablefunctions.reusablefunctions.Login(findTestData("ispekstestdata").getValue(1, 4), findTestData("ispekstestdata").getValue(2, 4)): reusablefunctions.reusablefunctions.Login is PASSED

2019-03-26 17:05:13 - [MESSAGE][PASSED] - Text '810213016116' is set on object 'Object Repository/Login/input_NoKadPengenalan'

2019-03-26 17:05:13 - [MESSAGE][PASSED] - Text ****** has been set on object 'Object Repository/Login/input_Password'

2019-03-26 17:05:14 - [MESSAGE][PASSED] - Object: 'Object Repository/Login/input_ButtonLogMasuk' is clicked on

2019-03-26 17:05:24 - [MESSAGE][PASSED] - Delayed 10 second(s)

2019-03-26 17:05:24 - [MESSAGE][PASSED] - reusablefunctions.reusablefunctions.Login is PASSED

2019-03-26 17:05:24 - [TEST_STEP][PASSED] - click(findTestObject("Perolehan/TukarPeranan/IconTukarPeranan")): Object: 'Object Repository/Perolehan/TukarPeranan/IconTukarPeranan' is clicked on

2019-03-26 17:05:24 - [MESSAGE][PASSED] - Object: 'Object Repository/Perolehan/TukarPeranan/IconTukarPeranan' is clicked on

2019-03-26 17:05:24 - [TEST_STEP][PASSED] - click(findTestObject("Perolehan/TukarPeranan/input_TukarPeranan", ["value":"255"])): Object: 'Object Repository/Perolehan/TukarPeranan/input_TukarPeranan' is clicked on

2019-03-26 17:05:24 - [MESSAGE][PASSED] - Object: 'Object Repository/Perolehan/TukarPeranan/input_TukarPeranan' is clicked on

2019-03-26 17:05:24 - [TEST_STEP][PASSED] - click(findTestObject("Perolehan/TukarPeranan/button_Ya")): Object: 'Object Repository/Perolehan/TukarPeranan/button_Ya' is clicked on

2019-03-26 17:05:24 - [MESSAGE][PASSED] - Object: 'Object Repository/Perolehan/TukarPeranan/button_Ya' is clicked on

2019-03-26 17:05:24 - [TEST_STEP][PASSED] - delay(20): Delayed 20 second(s)

2019-03-26 17:05:44 - [MESSAGE][PASSED] - Delayed 20 second(s)

2019-03-26 17:05:44 - [TEST_STEP][PASSED] - verifyTextPresent("Peranan : [Penyedia] Peringkat : [PTJ]", false): Text 'Peranan : [Penyedia] Peringkat : [PTJ]' is present on page 

2019-03-26 17:05:46 - [MESSAGE][PASSED] - Text 'Peranan : [Penyedia] Peringkat : [PTJ]' is present on page 

2019-03-26 17:05:46 - [TEST_STEP][PASSED] - click(findTestObject("Perolehan/001 Left_Menu_Selection/a_ExpandMenuonLeft")): Object: 'Object Repository/Perolehan/001 Left_Menu_Selection/a_ExpandMenuonLeft' is clicked on

2019-03-26 17:05:47 - [MESSAGE][PASSED] - Object: 'Object Repository/Perolehan/001 Left_Menu_Selection/a_ExpandMenuonLeft' is clicked on

2019-03-26 17:05:47 - [TEST_STEP][PASSED] - delay(3): Delayed 3 second(s)

2019-03-26 17:05:50 - [MESSAGE][PASSED] - Delayed 3 second(s)

2019-03-26 17:05:50 - [TEST_STEP][PASSED] - click(findTestObject("Perolehan/001 Left_Menu_Selection/Menu_Akaun Belum Bayar")): Object: 'Object Repository/Perolehan/001 Left_Menu_Selection/Menu_Akaun Belum Bayar' is clicked on

2019-03-26 17:05:50 - [MESSAGE][PASSED] - Object: 'Object Repository/Perolehan/001 Left_Menu_Selection/Menu_Akaun Belum Bayar' is clicked on

2019-03-26 17:05:50 - [TEST_STEP][PASSED] - delay(3): Delayed 3 second(s)

2019-03-26 17:05:53 - [MESSAGE][PASSED] - Delayed 3 second(s)

2019-03-26 17:05:53 - [TEST_STEP][PASSED] - click(findTestObject("Perolehan/001 Left_Menu_Selection/div_Carian_Akaun_Belum_Bayar")): Object: 'Object Repository/Perolehan/001 Left_Menu_Selection/div_Carian_Akaun_Belum_Bayar' is clicked on

2019-03-26 17:05:53 - [MESSAGE][PASSED] - Object: 'Object Repository/Perolehan/001 Left_Menu_Selection/div_Carian_Akaun_Belum_Bayar' is clicked on

2019-03-26 17:05:53 - [TEST_STEP][PASSED] - delay(3): Delayed 3 second(s)

2019-03-26 17:05:56 - [MESSAGE][PASSED] - Delayed 3 second(s)

2019-03-26 17:05:56 - [TEST_STEP][PASSED] - click(findTestObject("Perolehan/009 Penyedia Cetak Baucar Bayaran/Drop_down_Jenis_Carian")): Object: 'Object Repository/Perolehan/009 Penyedia Cetak Baucar Bayaran/Drop_down_Jenis_Carian' is clicked on

2019-03-26 17:05:56 - [MESSAGE][PASSED] - Object: 'Object Repository/Perolehan/009 Penyedia Cetak Baucar Bayaran/Drop_down_Jenis_Carian' is clicked on

2019-03-26 17:05:56 - [TEST_STEP][PASSED] - click(findTestObject("Perolehan/009 Penyedia Cetak Baucar Bayaran/Select_No_Baucar")): Object: 'Object Repository/Perolehan/009 Penyedia Cetak Baucar Bayaran/Select_No_Baucar' is clicked on

2019-03-26 17:05:56 - [MESSAGE][PASSED] - Object: 'Object Repository/Perolehan/009 Penyedia Cetak Baucar Bayaran/Select_No_Baucar' is clicked on

2019-03-26 17:05:56 - [TEST_STEP][PASSED] - setText(findTestObject("Perolehan/009 Penyedia Cetak Baucar Bayaran/Input_No_Baucar"), Nombor_Baucar): Text '19CHBB0400202' is set on object 'Object Repository/Perolehan/009 Penyedia Cetak Baucar Bayaran/Input_No_Baucar'

2019-03-26 17:05:56 - [MESSAGE][PASSED] - Text '19CHBB0400202' is set on object 'Object Repository/Perolehan/009 Penyedia Cetak Baucar Bayaran/Input_No_Baucar'

2019-03-26 17:05:56 - [TEST_STEP][PASSED] - click(findTestObject("Perolehan/009 Penyedia Cetak Baucar Bayaran/button_Cari")): Object: 'Object Repository/Perolehan/009 Penyedia Cetak Baucar Bayaran/button_Cari' is clicked on

2019-03-26 17:05:56 - [MESSAGE][PASSED] - Object: 'Object Repository/Perolehan/009 Penyedia Cetak Baucar Bayaran/button_Cari' is clicked on

2019-03-26 17:05:56 - [TEST_STEP][PASSED] - delay(3): Delayed 3 second(s)

2019-03-26 17:05:59 - [MESSAGE][PASSED] - Delayed 3 second(s)

2019-03-26 17:05:59 - [TEST_STEP][PASSED] - click(findTestObject("Perolehan/009 Penyedia Cetak Baucar Bayaran/button_Cetak")): Object: 'Object Repository/Perolehan/009 Penyedia Cetak Baucar Bayaran/button_Cetak' is clicked on

2019-03-26 17:06:00 - [MESSAGE][PASSED] - Object: 'Object Repository/Perolehan/009 Penyedia Cetak Baucar Bayaran/button_Cetak' is clicked on

2019-03-26 17:06:00 - [TEST_STEP][PASSED] - delay(5): Delayed 5 second(s)

2019-03-26 17:06:05 - [MESSAGE][PASSED] - Delayed 5 second(s)

2019-03-26 17:06:05 - [TEST_STEP][PASSED] - switchToWindowIndex(1): Switched to window with index: '1'

2019-03-26 17:06:05 - [MESSAGE][PASSED] - Switched to window with index: '1'

2019-03-26 17:06:05 - [TEST_STEP][PASSED] - waitForPageLoad(180, STOP_ON_FAILURE): Wait for page load successfully

2019-03-26 17:06:20 - [MESSAGE][PASSED] - Wait for page load successfully

2019-03-26 17:06:20 - [TEST_STEP][PASSED] - delay(3): Delayed 3 second(s)

2019-03-26 17:06:23 - [MESSAGE][PASSED] - Delayed 3 second(s)

2019-03-26 17:06:23 - [TEST_STEP][PASSED] - takeScreenshot(): Taking screenshot successfully

2019-03-26 17:06:23 - [MESSAGE][PASSED] - Taking screenshot successfully
[[ATTACHMENT|C:\\Users\\Consultant_MSPHitect\\Katalon Studio\\TrainingonKatalon\\Reports\\Perolehan\\01 Pesanan Tempatan Cara Bayaran EFT Tiada Pemfaktoran\\20190326_164748\\1553591183392.png]]

2019-03-26 17:06:23 - [TEST_STEP][PASSED] - switchToWindowIndex(0): Switched to window with index: '0'

2019-03-26 17:06:23 - [MESSAGE][PASSED] - Switched to window with index: '0'

2019-03-26 17:06:23 - [TEST_STEP][PASSED] - delay(3): Delayed 3 second(s)

2019-03-26 17:06:26 - [MESSAGE][PASSED] - Delayed 3 second(s)

2019-03-26 17:06:26 - [TEST_STEP][PASSED] - closeBrowser(): Browser is closed

2019-03-26 17:06:27 - [MESSAGE][PASSED] - Browser is closed]]></system-out>
         <system-err><![CDATA[]]></system-err>
      </testcase>
      <system-out><![CDATA[2019-03-26 16:47:58 - [TEST_SUITE][ERROR] - 01 Pesanan Tempatan Cara Bayaran EFT Tiada Pemfaktoran: Test Cases/Perolehan/008 Posting Bayaran/001 Posting Bayaran - EFT FAILED.
Reason:
org.codehaus.groovy.control.MultipleCompilationErrorsException: startup failed:
file:/C:/Users/Consultant_MSPHitect/Katalon%20Studio/TrainingonKatalon/Scripts/Perolehan/008%20Posting%20Bayaran/001%20Posting%20Bayaran%20-%20EFT/Script1551687519908.groovy: 116: The current scope already contains a variable of the name element
 @ line 116, column 12.
   WebElement element = WebUiCommonHelper.findWebElement(findTestObject('Perolehan/008 Post Bayaran/button_OK'),
              ^

1 error

	at com.kms.katalon.core.main.ScriptEngine.getScript(ScriptEngine.java:199)
	at com.kms.katalon.core.main.ScriptEngine.run(ScriptEngine.java:194)
	at com.kms.katalon.core.main.ScriptEngine.runScriptAsRawText(ScriptEngine.java:119)
	at com.kms.katalon.core.main.TestCaseExecutor.runScript(TestCaseExecutor.java:331)
	at com.kms.katalon.core.main.TestCaseExecutor.doExecute(TestCaseExecutor.java:322)
	at com.kms.katalon.core.main.TestCaseExecutor.processExecutionPhase(TestCaseExecutor.java:301)
	at com.kms.katalon.core.main.TestCaseExecutor.accessMainPhase(TestCaseExecutor.java:293)
	at com.kms.katalon.core.main.TestCaseExecutor.execute(TestCaseExecutor.java:227)
	at com.kms.katalon.core.main.TestSuiteExecutor.accessTestCaseMainPhase(TestSuiteExecutor.java:129)
	at com.kms.katalon.core.main.TestSuiteExecutor.accessTestSuiteMainPhase(TestSuiteExecutor.java:112)
	at com.kms.katalon.core.main.TestSuiteExecutor.execute(TestSuiteExecutor.java:81)
	at com.kms.katalon.core.main.TestCaseMain.startTestSuite(TestCaseMain.java:157)
	at com.kms.katalon.core.main.TestCaseMain$startTestSuite$0.call(Unknown Source)
	at TempTestSuite1553590068998.run(TempTestSuite1553590068998.groovy:35)]]></system-out>
      <system-err><![CDATA[2019-03-26 16:47:58 - [TEST_SUITE][ERROR] - 01 Pesanan Tempatan Cara Bayaran EFT Tiada Pemfaktoran: Test Cases/Perolehan/008 Posting Bayaran/001 Posting Bayaran - EFT FAILED.
Reason:
org.codehaus.groovy.control.MultipleCompilationErrorsException: startup failed:
file:/C:/Users/Consultant_MSPHitect/Katalon%20Studio/TrainingonKatalon/Scripts/Perolehan/008%20Posting%20Bayaran/001%20Posting%20Bayaran%20-%20EFT/Script1551687519908.groovy: 116: The current scope already contains a variable of the name element
 @ line 116, column 12.
   WebElement element = WebUiCommonHelper.findWebElement(findTestObject('Perolehan/008 Post Bayaran/button_OK'),
              ^

1 error

	at com.kms.katalon.core.main.ScriptEngine.getScript(ScriptEngine.java:199)
	at com.kms.katalon.core.main.ScriptEngine.run(ScriptEngine.java:194)
	at com.kms.katalon.core.main.ScriptEngine.runScriptAsRawText(ScriptEngine.java:119)
	at com.kms.katalon.core.main.TestCaseExecutor.runScript(TestCaseExecutor.java:331)
	at com.kms.katalon.core.main.TestCaseExecutor.doExecute(TestCaseExecutor.java:322)
	at com.kms.katalon.core.main.TestCaseExecutor.processExecutionPhase(TestCaseExecutor.java:301)
	at com.kms.katalon.core.main.TestCaseExecutor.accessMainPhase(TestCaseExecutor.java:293)
	at com.kms.katalon.core.main.TestCaseExecutor.execute(TestCaseExecutor.java:227)
	at com.kms.katalon.core.main.TestSuiteExecutor.accessTestCaseMainPhase(TestSuiteExecutor.java:129)
	at com.kms.katalon.core.main.TestSuiteExecutor.accessTestSuiteMainPhase(TestSuiteExecutor.java:112)
	at com.kms.katalon.core.main.TestSuiteExecutor.execute(TestSuiteExecutor.java:81)
	at com.kms.katalon.core.main.TestCaseMain.startTestSuite(TestCaseMain.java:157)
	at com.kms.katalon.core.main.TestCaseMain$startTestSuite$0.call(Unknown Source)
	at TempTestSuite1553590068998.run(TempTestSuite1553590068998.groovy:35)]]></system-err>
   </testsuite>
</testsuites>
