<?xml version="1.0" encoding="UTF-8"?>
<testsuites name="02 Pesanan Tempatan Cara Bayaran CEK Dengan Pemfaktoran" time="928" tests="11" failures="0" errors="0">
   <testsuite name="02 Pesanan Tempatan Cara Bayaran CEK Dengan Pemfaktoran" tests="11" failures="0" errors="0" time="928" timestamp="2019-04-02 11:13:56" hostname="Consultant_MSPHitect - DESKTOP-V9TS2EM" id="Test Suites/Perolehan/02 Pesanan Tempatan Cara Bayaran CEK Dengan Pemfaktoran">
      <properties>
         <property name="deviceName" value=""/>
         <property name="devicePlatform" value=""/>
         <property name="logFolder" value="C:\\Users\\Consultant_MSPHitect\\Katalon Studio\\TrainingonKatalon\\Reports\\Perolehan\\02 Pesanan Tempatan Cara Bayaran CEK Dengan Pemfaktoran\\20190402_111348"/>
         <property name="logFiles" value="C:\\Users\\Consultant_MSPHitect\\Katalon Studio\\TrainingonKatalon\\Reports\\Perolehan\\02 Pesanan Tempatan Cara Bayaran CEK Dengan Pemfaktoran\\20190402_111348\\execution0.log"/>
         <property name="attachments" value="C:\\Users\\Consultant_MSPHitect\\Katalon Studio\\TrainingonKatalon\\Reports\\Perolehan\\02 Pesanan Tempatan Cara Bayaran CEK Dengan Pemfaktoran\\20190402_111348\\1554174946675.png, C:\\Users\\Consultant_MSPHitect\\Katalon Studio\\TrainingonKatalon\\Reports\\Perolehan\\02 Pesanan Tempatan Cara Bayaran CEK Dengan Pemfaktoran\\20190402_111348\\1554174969631.png, C:\\Users\\Consultant_MSPHitect\\Katalon Studio\\TrainingonKatalon\\Reports\\Perolehan\\02 Pesanan Tempatan Cara Bayaran CEK Dengan Pemfaktoran\\20190402_111348\\1554175235858.png, C:\\Users\\Consultant_MSPHitect\\Katalon Studio\\TrainingonKatalon\\Reports\\Perolehan\\02 Pesanan Tempatan Cara Bayaran CEK Dengan Pemfaktoran\\20190402_111348\\1554175355016.png, C:\\Users\\Consultant_MSPHitect\\Katalon Studio\\TrainingonKatalon\\Reports\\Perolehan\\02 Pesanan Tempatan Cara Bayaran CEK Dengan Pemfaktoran\\20190402_111348\\1554175426815.png, C:\\Users\\Consultant_MSPHitect\\Katalon Studio\\TrainingonKatalon\\Reports\\Perolehan\\02 Pesanan Tempatan Cara Bayaran CEK Dengan Pemfaktoran\\20190402_111348\\1554175569278.png, C:\\Users\\Consultant_MSPHitect\\Katalon Studio\\TrainingonKatalon\\Reports\\Perolehan\\02 Pesanan Tempatan Cara Bayaran CEK Dengan Pemfaktoran\\20190402_111348\\1554175683584.png, C:\\Users\\Consultant_MSPHitect\\Katalon Studio\\TrainingonKatalon\\Reports\\Perolehan\\02 Pesanan Tempatan Cara Bayaran CEK Dengan Pemfaktoran\\20190402_111348\\1554175761209.png"/>
         <property name="hostName" value="Consultant_MSPHitect - DESKTOP-V9TS2EM"/>
         <property name="os" value="Windows 10 64bit"/>
         <property name="katalonVersion" value="6.1.0.1"/>
         <property name="browser" value="Chrome 73.0.3683.86"/>
         <property name="hostAddress" value="192.168.172.132"/>
         <property name="sessionId" value="ab3e9fb67438e03fdaae359e776321c1"/>
         <property name="seleniumVersion" value="3.7.1"/>
         <property name="proxyInformation" value="ProxyInformation{proxyOption=NO_PROXY, proxyServerType=HTTP, password=, proxyServerAddress=, proxyServerPort=0}"/>
         <property name="platform" value="Windows 10"/>
      </properties>
      <testcase name="Test Cases/Perolehan/002 Rekod Baru oleh Penyedia/004 Penyedia Rekod Baru - CEK" classname="Test Cases/Perolehan/002 Rekod Baru oleh Penyedia/004 Penyedia Rekod Baru - CEK" status="PASSED">
         <system-out><![CDATA[2019-04-02 11:13:56 - [TEST_CASE][PASSED] - Test Cases/Perolehan/002 Rekod Baru oleh Penyedia/004 Penyedia Rekod Baru - CEK: Test Cases/Perolehan/002 Rekod Baru oleh Penyedia/004 Penyedia Rekod Baru - CEK

2019-04-02 11:13:57 - [TEST_STEP][PASSED] - callTestCase(findTestCase("Perolehan/001 Left Menu Selection/Select Menu Pesanan Tempatan"), [:], STOP_ON_FAILURE): Call Test Case 'Test Cases/Perolehan/001 Left Menu Selection/Select Menu Pesanan Tempatan' successfully

2019-04-02 11:13:57 - [TEST_CASE][PASSED] - Test Cases/Perolehan/001 Left Menu Selection/Select Menu Pesanan Tempatan: Test Cases/Perolehan/001 Left Menu Selection/Select Menu Pesanan Tempatan

2019-04-02 11:13:57 - [TEST_STEP][PASSED] - openBrowser(""): Browser is opened with url: ''

2019-04-02 11:13:58 - [MESSAGE][INFO] - Starting 'Chrome' driver

2019-04-02 11:13:58 - [MESSAGE][INFO] - Action delay is set to 0 seconds

2019-04-02 11:14:01 - [MESSAGE][PASSED] - Browser is opened with url: ''

2019-04-02 11:14:01 - [TEST_STEP][PASSED] - navigateToUrl(URL_Homepage): Navigate to 'http://175.143.52.101:7010/1SPEKSv2/' successfully

2019-04-02 11:14:02 - [MESSAGE][PASSED] - Navigate to 'http://175.143.52.101:7010/1SPEKSv2/' successfully

2019-04-02 11:14:02 - [TEST_STEP][PASSED] - setText(findTestObject("Login/input_NoKadPengenalan"), findTestData("ispekstestdata").getValue(1, 4)): Text '810213016116' is set on object 'Object Repository/Login/input_NoKadPengenalan'

2019-04-02 11:14:03 - [MESSAGE][PASSED] - Text '810213016116' is set on object 'Object Repository/Login/input_NoKadPengenalan'

2019-04-02 11:14:03 - [TEST_STEP][PASSED] - setEncryptedText(findTestObject("Login/input_Password"), findTestData("ispekstestdata").getValue(2, 4)): Text ****** has been set on object 'Object Repository/Login/input_Password'

2019-04-02 11:14:03 - [MESSAGE][PASSED] - Text ****** has been set on object 'Object Repository/Login/input_Password'

2019-04-02 11:14:03 - [TEST_STEP][PASSED] - click(findTestObject("Login/input_ButtonLogMasuk")): Object: 'Object Repository/Login/input_ButtonLogMasuk' is clicked on

2019-04-02 11:14:04 - [MESSAGE][PASSED] - Object: 'Object Repository/Login/input_ButtonLogMasuk' is clicked on

2019-04-02 11:14:04 - [TEST_STEP][PASSED] - delay(5): Delayed 5 second(s)

2019-04-02 11:14:09 - [MESSAGE][PASSED] - Delayed 5 second(s)

2019-04-02 11:14:09 - [TEST_STEP][PASSED] - if (verifyTextPresent("Peranan : [Penyedia] Peringkat : [PTJ]", false)): Delayed 3 second(s)

2019-04-02 11:14:10 - [MESSAGE][PASSED] - Text 'Peranan : [Penyedia] Peringkat : [PTJ]' is present on page 

2019-04-02 11:14:10 - [TEST_STEP][PASSED] - click(findTestObject("Perolehan/001 Left_Menu_Selection/a_ExpandMenuonLeft")): Object: 'Object Repository/Perolehan/001 Left_Menu_Selection/a_ExpandMenuonLeft' is clicked on

2019-04-02 11:14:10 - [MESSAGE][PASSED] - Object: 'Object Repository/Perolehan/001 Left_Menu_Selection/a_ExpandMenuonLeft' is clicked on

2019-04-02 11:14:10 - [TEST_STEP][PASSED] - delay(3, STOP_ON_FAILURE): Delayed 3 second(s)

2019-04-02 11:14:13 - [MESSAGE][PASSED] - Delayed 3 second(s)

2019-04-02 11:14:13 - [TEST_STEP][PASSED] - click(findTestObject("Perolehan/001 Left_Menu_Selection/div_PanelTitlePerolehan")): Object: 'Object Repository/Perolehan/001 Left_Menu_Selection/div_PanelTitlePerolehan' is clicked on

2019-04-02 11:14:13 - [MESSAGE][PASSED] - Object: 'Object Repository/Perolehan/001 Left_Menu_Selection/div_PanelTitlePerolehan' is clicked on

2019-04-02 11:14:13 - [TEST_STEP][PASSED] - delay(3, STOP_ON_FAILURE): Delayed 3 second(s)

2019-04-02 11:14:16 - [MESSAGE][PASSED] - Delayed 3 second(s)

2019-04-02 11:14:16 - [TEST_STEP][PASSED] - click(findTestObject("Perolehan/001 Left_Menu_Selection/div_PesananTempatan")): Object: 'Object Repository/Perolehan/001 Left_Menu_Selection/div_PesananTempatan' is clicked on

2019-04-02 11:14:16 - [MESSAGE][PASSED] - Object: 'Object Repository/Perolehan/001 Left_Menu_Selection/div_PesananTempatan' is clicked on

2019-04-02 11:14:16 - [TEST_STEP][PASSED] - delay(3): Delayed 3 second(s)

2019-04-02 11:14:19 - [MESSAGE][PASSED] - Delayed 3 second(s)

2019-04-02 11:14:19 - [MESSAGE][PASSED] - Call Test Case 'Test Cases/Perolehan/001 Left Menu Selection/Select Menu Pesanan Tempatan' successfully

2019-04-02 11:14:19 - [TEST_STEP][PASSED] - delay(5): Delayed 5 second(s)

2019-04-02 11:14:24 - [MESSAGE][PASSED] - Delayed 5 second(s)

2019-04-02 11:14:24 - [TEST_STEP][PASSED] - waitForElementVisible(findTestObject("Perolehan/002 Penyedia_RekodBaru/001 Rekod Baru Pesanan Tempatan/button_REKODBARU"), 0): Object 'Object Repository/Perolehan/002 Penyedia_RekodBaru/001 Rekod Baru Pesanan Tempatan/button_REKODBARU' is visible

2019-04-02 11:14:24 - [MESSAGE][WARNING] - Timeout '0' is invalid. Using default page load timeout: '120'

2019-04-02 11:14:24 - [MESSAGE][PASSED] - Object 'Object Repository/Perolehan/002 Penyedia_RekodBaru/001 Rekod Baru Pesanan Tempatan/button_REKODBARU' is visible

2019-04-02 11:14:24 - [TEST_STEP][PASSED] - click(findTestObject("Perolehan/002 Penyedia_RekodBaru/001 Rekod Baru Pesanan Tempatan/button_REKODBARU")): Object: 'Object Repository/Perolehan/002 Penyedia_RekodBaru/001 Rekod Baru Pesanan Tempatan/button_REKODBARU' is clicked on

2019-04-02 11:14:24 - [MESSAGE][PASSED] - Object: 'Object Repository/Perolehan/002 Penyedia_RekodBaru/001 Rekod Baru Pesanan Tempatan/button_REKODBARU' is clicked on

2019-04-02 11:14:24 - [TEST_STEP][PASSED] - delay(3): Delayed 3 second(s)

2019-04-02 11:14:27 - [MESSAGE][PASSED] - Delayed 3 second(s)

2019-04-02 11:14:27 - [TEST_STEP][PASSED] - mydate = new java.util.Date(): null

2019-04-02 11:14:27 - [TEST_STEP][PASSED] - formattedDate = mydate.format("dd/MM/yyyy"): null

2019-04-02 11:14:27 - [TEST_STEP][PASSED] - formattedYear = mydate.format("yyyy"): null

2019-04-02 11:14:27 - [TEST_STEP][PASSED] - println(formattedDate): null

2019-04-02 11:14:27 - [TEST_STEP][PASSED] - println(formattedYear): null

2019-04-02 11:14:27 - [TEST_STEP][PASSED] - tarikh_perakaunan = "Tarikh Perakaunan : " + formattedDate: null

2019-04-02 11:14:27 - [TEST_STEP][PASSED] - TahunKewangan = getText(findTestObject("Perolehan/002 Penyedia_RekodBaru/001 Rekod Baru Pesanan Tempatan/span_tahun_kewangan")): Text of object 'Object Repository/Perolehan/002 Penyedia_RekodBaru/001 Rekod Baru Pesanan Tempatan/span_tahun_kewangan' is: '2019'

2019-04-02 11:14:28 - [MESSAGE][PASSED] - Text of object 'Object Repository/Perolehan/002 Penyedia_RekodBaru/001 Rekod Baru Pesanan Tempatan/span_tahun_kewangan' is: '2019'

2019-04-02 11:14:28 - [TEST_STEP][PASSED] - verifyMatch(TahunKewangan, formattedYear, false): Actual text '2019' and expected text '2019' are matched 

2019-04-02 11:14:28 - [MESSAGE][PASSED] - Actual text '2019' and expected text '2019' are matched 

2019-04-02 11:14:28 - [TEST_STEP][PASSED] - TarikhSemasa = getText(findTestObject("Perolehan/002 Penyedia_RekodBaru/001 Rekod Baru Pesanan Tempatan/span_tarikhSemasa")): Text of object 'Object Repository/Perolehan/002 Penyedia_RekodBaru/001 Rekod Baru Pesanan Tempatan/span_tarikhSemasa' is: '02/04/2019'

2019-04-02 11:14:28 - [MESSAGE][PASSED] - Text of object 'Object Repository/Perolehan/002 Penyedia_RekodBaru/001 Rekod Baru Pesanan Tempatan/span_tarikhSemasa' is: '02/04/2019'

2019-04-02 11:14:28 - [TEST_STEP][PASSED] - verifyMatch(formattedDate, TarikhSemasa, false): Actual text '02/04/2019' and expected text '02/04/2019' are matched 

2019-04-02 11:14:28 - [MESSAGE][PASSED] - Actual text '02/04/2019' and expected text '02/04/2019' are matched 

2019-04-02 11:14:28 - [TEST_STEP][PASSED] - TarikhPerakaunan = getText(findTestObject("Perolehan/002 Penyedia_RekodBaru/001 Rekod Baru Pesanan Tempatan/tarikh_perakaunan")): Text of object 'Object Repository/Perolehan/002 Penyedia_RekodBaru/001 Rekod Baru Pesanan Tempatan/tarikh_perakaunan' is: 'Tarikh Perakaunan : 02/04/2019'

2019-04-02 11:14:28 - [MESSAGE][PASSED] - Text of object 'Object Repository/Perolehan/002 Penyedia_RekodBaru/001 Rekod Baru Pesanan Tempatan/tarikh_perakaunan' is: 'Tarikh Perakaunan : 02/04/2019'

2019-04-02 11:14:28 - [TEST_STEP][PASSED] - verifyMatch(tarikh_perakaunan, TarikhPerakaunan, false): Actual text 'Tarikh Perakaunan : 02/04/2019' and expected text 'Tarikh Perakaunan : 02/04/2019' are matched 

2019-04-02 11:14:28 - [MESSAGE][PASSED] - Actual text 'Tarikh Perakaunan : 02/04/2019' and expected text 'Tarikh Perakaunan : 02/04/2019' are matched 

2019-04-02 11:14:28 - [TEST_STEP][PASSED] - verifyElementVisible(findTestObject("Perolehan/002 Penyedia_RekodBaru/001 Rekod Baru Pesanan Tempatan/label_Jenis Urusniaga")): Object 'Object Repository/Perolehan/002 Penyedia_RekodBaru/001 Rekod Baru Pesanan Tempatan/label_Jenis Urusniaga' is visible

2019-04-02 11:14:28 - [MESSAGE][PASSED] - Object 'Object Repository/Perolehan/002 Penyedia_RekodBaru/001 Rekod Baru Pesanan Tempatan/label_Jenis Urusniaga' is visible

2019-04-02 11:14:28 - [TEST_STEP][PASSED] - click(findTestObject("Perolehan/002 Penyedia_RekodBaru/001 Rekod Baru Pesanan Tempatan/a_Jenis Urusniaga _textbox-ico")): Object: 'Object Repository/Perolehan/002 Penyedia_RekodBaru/001 Rekod Baru Pesanan Tempatan/a_Jenis Urusniaga _textbox-ico' is clicked on

2019-04-02 11:14:28 - [MESSAGE][PASSED] - Object: 'Object Repository/Perolehan/002 Penyedia_RekodBaru/001 Rekod Baru Pesanan Tempatan/a_Jenis Urusniaga _textbox-ico' is clicked on

2019-04-02 11:14:28 - [TEST_STEP][PASSED] - delay(2): Delayed 2 second(s)

2019-04-02 11:14:30 - [MESSAGE][PASSED] - Delayed 2 second(s)

2019-04-02 11:14:30 - [TEST_STEP][PASSED] - click(findTestObject("Perolehan/002 Penyedia_RekodBaru/001 Rekod Baru Pesanan Tempatan/div_Pesanan_Tempatan_Auto")): Object: 'Object Repository/Perolehan/002 Penyedia_RekodBaru/001 Rekod Baru Pesanan Tempatan/div_Pesanan_Tempatan_Auto' is clicked on

2019-04-02 11:14:30 - [MESSAGE][PASSED] - Object: 'Object Repository/Perolehan/002 Penyedia_RekodBaru/001 Rekod Baru Pesanan Tempatan/div_Pesanan_Tempatan_Auto' is clicked on

2019-04-02 11:14:30 - [TEST_STEP][PASSED] - verifyElementPresent(findTestObject("Perolehan/002 Penyedia_RekodBaru/001 Rekod Baru Pesanan Tempatan/label_No. Dokumen"), 0): Object 'Object Repository/Perolehan/002 Penyedia_RekodBaru/001 Rekod Baru Pesanan Tempatan/label_No. Dokumen' is present

2019-04-02 11:14:30 - [MESSAGE][WARNING] - Timeout '0' is invalid. Using default page load timeout: '120'

2019-04-02 11:14:30 - [MESSAGE][PASSED] - Object 'Object Repository/Perolehan/002 Penyedia_RekodBaru/001 Rekod Baru Pesanan Tempatan/label_No. Dokumen' is present

2019-04-02 11:14:30 - [TEST_STEP][PASSED] - verifyElementPresent(findTestObject("Perolehan/002 Penyedia_RekodBaru/001 Rekod Baru Pesanan Tempatan/label_Tarikh Dokumen"), 0): Object 'Object Repository/Perolehan/002 Penyedia_RekodBaru/001 Rekod Baru Pesanan Tempatan/label_Tarikh Dokumen' is present

2019-04-02 11:14:30 - [MESSAGE][WARNING] - Timeout '0' is invalid. Using default page load timeout: '120'

2019-04-02 11:14:30 - [MESSAGE][PASSED] - Object 'Object Repository/Perolehan/002 Penyedia_RekodBaru/001 Rekod Baru Pesanan Tempatan/label_Tarikh Dokumen' is present

2019-04-02 11:14:30 - [TEST_STEP][PASSED] - verifyElementPresent(findTestObject("Perolehan/002 Penyedia_RekodBaru/001 Rekod Baru Pesanan Tempatan/label_Pembekal"), 0): Object 'Object Repository/Perolehan/002 Penyedia_RekodBaru/001 Rekod Baru Pesanan Tempatan/label_Pembekal' is present

2019-04-02 11:14:30 - [MESSAGE][WARNING] - Timeout '0' is invalid. Using default page load timeout: '120'

2019-04-02 11:14:30 - [MESSAGE][PASSED] - Object 'Object Repository/Perolehan/002 Penyedia_RekodBaru/001 Rekod Baru Pesanan Tempatan/label_Pembekal' is present

2019-04-02 11:14:30 - [TEST_STEP][PASSED] - verifyElementPresent(findTestObject("Perolehan/002 Penyedia_RekodBaru/001 Rekod Baru Pesanan Tempatan/label_Cawangan Pembekal"), 0): Object 'Object Repository/Perolehan/002 Penyedia_RekodBaru/001 Rekod Baru Pesanan Tempatan/label_Cawangan Pembekal' is present

2019-04-02 11:14:30 - [MESSAGE][WARNING] - Timeout '0' is invalid. Using default page load timeout: '120'

2019-04-02 11:14:30 - [MESSAGE][PASSED] - Object 'Object Repository/Perolehan/002 Penyedia_RekodBaru/001 Rekod Baru Pesanan Tempatan/label_Cawangan Pembekal' is present

2019-04-02 11:14:30 - [TEST_STEP][PASSED] - verifyElementPresent(findTestObject("Perolehan/002 Penyedia_RekodBaru/001 Rekod Baru Pesanan Tempatan/label_Sila Bekalkan Sebelum at"), 0): Object 'Object Repository/Perolehan/002 Penyedia_RekodBaru/001 Rekod Baru Pesanan Tempatan/label_Sila Bekalkan Sebelum at' is present

2019-04-02 11:14:30 - [MESSAGE][WARNING] - Timeout '0' is invalid. Using default page load timeout: '120'

2019-04-02 11:14:30 - [MESSAGE][PASSED] - Object 'Object Repository/Perolehan/002 Penyedia_RekodBaru/001 Rekod Baru Pesanan Tempatan/label_Sila Bekalkan Sebelum at' is present

2019-04-02 11:14:30 - [TEST_STEP][PASSED] - click(findTestObject("Perolehan/002 Penyedia_RekodBaru/001 Rekod Baru Pesanan Tempatan/a_Pembekal _textbox-icon combo")): Object: 'Object Repository/Perolehan/002 Penyedia_RekodBaru/001 Rekod Baru Pesanan Tempatan/a_Pembekal _textbox-icon combo' is clicked on

2019-04-02 11:14:30 - [MESSAGE][PASSED] - Object: 'Object Repository/Perolehan/002 Penyedia_RekodBaru/001 Rekod Baru Pesanan Tempatan/a_Pembekal _textbox-icon combo' is clicked on

2019-04-02 11:14:30 - [TEST_STEP][PASSED] - delay(3): Delayed 3 second(s)

2019-04-02 11:14:33 - [MESSAGE][PASSED] - Delayed 3 second(s)

2019-04-02 11:14:33 - [TEST_STEP][PASSED] - setText(findTestObject("Perolehan/002 Penyedia_RekodBaru/001 Rekod Baru Pesanan Tempatan/input_kod_pembekal"), kod_pembekal_cek): Text 'L01020100252' is set on object 'Object Repository/Perolehan/002 Penyedia_RekodBaru/001 Rekod Baru Pesanan Tempatan/input_kod_pembekal'

2019-04-02 11:14:34 - [MESSAGE][PASSED] - Text 'L01020100252' is set on object 'Object Repository/Perolehan/002 Penyedia_RekodBaru/001 Rekod Baru Pesanan Tempatan/input_kod_pembekal'

2019-04-02 11:14:34 - [TEST_STEP][PASSED] - delay(3): Delayed 3 second(s)

2019-04-02 11:14:37 - [MESSAGE][PASSED] - Delayed 3 second(s)

2019-04-02 11:14:37 - [TEST_STEP][PASSED] - click(findTestObject("Perolehan/002 Penyedia_RekodBaru/001 Rekod Baru Pesanan Tempatan/Select_Pembekal", ["text":kod_pembekal_cek])): Object: 'Object Repository/Perolehan/002 Penyedia_RekodBaru/001 Rekod Baru Pesanan Tempatan/Select_Pembekal' is clicked on

2019-04-02 11:14:37 - [MESSAGE][PASSED] - Object: 'Object Repository/Perolehan/002 Penyedia_RekodBaru/001 Rekod Baru Pesanan Tempatan/Select_Pembekal' is clicked on

2019-04-02 11:14:37 - [TEST_STEP][PASSED] - delay(3): Delayed 3 second(s)

2019-04-02 11:14:40 - [MESSAGE][PASSED] - Delayed 3 second(s)

2019-04-02 11:14:40 - [TEST_STEP][PASSED] - click(findTestObject("Perolehan/002 Penyedia_RekodBaru/001 Rekod Baru Pesanan Tempatan/Date_Picker_Bekal_Kerja")): Object: 'Object Repository/Perolehan/002 Penyedia_RekodBaru/001 Rekod Baru Pesanan Tempatan/Date_Picker_Bekal_Kerja' is clicked on

2019-04-02 11:14:40 - [MESSAGE][PASSED] - Object: 'Object Repository/Perolehan/002 Penyedia_RekodBaru/001 Rekod Baru Pesanan Tempatan/Date_Picker_Bekal_Kerja' is clicked on

2019-04-02 11:14:40 - [TEST_STEP][PASSED] - delay(1): Delayed 1 second(s)

2019-04-02 11:14:41 - [MESSAGE][PASSED] - Delayed 1 second(s)

2019-04-02 11:14:41 - [TEST_STEP][PASSED] - click(findTestObject("Perolehan/002 Penyedia_RekodBaru/001 Rekod Baru Pesanan Tempatan/Date_Picker_Bekal_Kerja_Next_Month")): Object: 'Object Repository/Perolehan/002 Penyedia_RekodBaru/001 Rekod Baru Pesanan Tempatan/Date_Picker_Bekal_Kerja_Next_Month' is clicked on

2019-04-02 11:14:41 - [MESSAGE][PASSED] - Object: 'Object Repository/Perolehan/002 Penyedia_RekodBaru/001 Rekod Baru Pesanan Tempatan/Date_Picker_Bekal_Kerja_Next_Month' is clicked on

2019-04-02 11:14:41 - [TEST_STEP][PASSED] - delay(1): Delayed 1 second(s)

2019-04-02 11:14:42 - [MESSAGE][PASSED] - Delayed 1 second(s)

2019-04-02 11:14:42 - [TEST_STEP][PASSED] - click(findTestObject("Perolehan/002 Penyedia_RekodBaru/001 Rekod Baru Pesanan Tempatan/Date_Picker_Bekal_Kerja_Date")): Object: 'Object Repository/Perolehan/002 Penyedia_RekodBaru/001 Rekod Baru Pesanan Tempatan/Date_Picker_Bekal_Kerja_Date' is clicked on

2019-04-02 11:14:42 - [MESSAGE][PASSED] - Object: 'Object Repository/Perolehan/002 Penyedia_RekodBaru/001 Rekod Baru Pesanan Tempatan/Date_Picker_Bekal_Kerja_Date' is clicked on

2019-04-02 11:14:42 - [TEST_STEP][PASSED] - setText(findTestObject("Perolehan/002 Penyedia_RekodBaru/001 Rekod Baru Pesanan Tempatan/Text_box_Perihal"), "This is a test for PT - Cek automation scripts - Julia " + mydate): Text 'This is a test for PT - Cek automation scripts - Julia Tue Apr 02 11:14:27 SGT 2019' is set on object 'Object Repository/Perolehan/002 Penyedia_RekodBaru/001 Rekod Baru Pesanan Tempatan/Text_box_Perihal'

2019-04-02 11:14:42 - [MESSAGE][PASSED] - Text 'This is a test for PT - Cek automation scripts - Julia Tue Apr 02 11:14:27 SGT 2019' is set on object 'Object Repository/Perolehan/002 Penyedia_RekodBaru/001 Rekod Baru Pesanan Tempatan/Text_box_Perihal'

2019-04-02 11:14:42 - [TEST_STEP][PASSED] - delay(3): Delayed 3 second(s)

2019-04-02 11:14:45 - [MESSAGE][PASSED] - Delayed 3 second(s)

2019-04-02 11:14:45 - [TEST_STEP][PASSED] - click(findTestObject("Perolehan/002 Penyedia_RekodBaru/001 Rekod Baru Pesanan Tempatan/button_TambahCajLine")): Object: 'Object Repository/Perolehan/002 Penyedia_RekodBaru/001 Rekod Baru Pesanan Tempatan/button_TambahCajLine' is clicked on

2019-04-02 11:14:45 - [MESSAGE][PASSED] - Object: 'Object Repository/Perolehan/002 Penyedia_RekodBaru/001 Rekod Baru Pesanan Tempatan/button_TambahCajLine' is clicked on

2019-04-02 11:14:45 - [TEST_STEP][PASSED] - delay(3): Delayed 3 second(s)

2019-04-02 11:14:48 - [MESSAGE][PASSED] - Delayed 3 second(s)

2019-04-02 11:14:48 - [TEST_STEP][PASSED] - click(findTestObject("Perolehan/002 Penyedia_RekodBaru/001 Rekod Baru Pesanan Tempatan/Drop_down_Vot_Dana")): Object: 'Object Repository/Perolehan/002 Penyedia_RekodBaru/001 Rekod Baru Pesanan Tempatan/Drop_down_Vot_Dana' is clicked on

2019-04-02 11:14:49 - [MESSAGE][PASSED] - Object: 'Object Repository/Perolehan/002 Penyedia_RekodBaru/001 Rekod Baru Pesanan Tempatan/Drop_down_Vot_Dana' is clicked on

2019-04-02 11:14:49 - [TEST_STEP][PASSED] - delay(3): Delayed 3 second(s)

2019-04-02 11:14:52 - [MESSAGE][PASSED] - Delayed 3 second(s)

2019-04-02 11:14:52 - [TEST_STEP][PASSED] - setText(findTestObject("Perolehan/002 Penyedia_RekodBaru/001 Rekod Baru Pesanan Tempatan/Input_Vot_Dana"), Vot_dana): Text 'B04' is set on object 'Object Repository/Perolehan/002 Penyedia_RekodBaru/001 Rekod Baru Pesanan Tempatan/Input_Vot_Dana'

2019-04-02 11:14:52 - [MESSAGE][PASSED] - Text 'B04' is set on object 'Object Repository/Perolehan/002 Penyedia_RekodBaru/001 Rekod Baru Pesanan Tempatan/Input_Vot_Dana'

2019-04-02 11:14:52 - [TEST_STEP][PASSED] - click(findTestObject("Perolehan/002 Penyedia_RekodBaru/001 Rekod Baru Pesanan Tempatan/Select_Vot_Dana", ["text":Vot_dana])): Object: 'Object Repository/Perolehan/002 Penyedia_RekodBaru/001 Rekod Baru Pesanan Tempatan/Select_Vot_Dana' is clicked on

2019-04-02 11:14:52 - [MESSAGE][PASSED] - Object: 'Object Repository/Perolehan/002 Penyedia_RekodBaru/001 Rekod Baru Pesanan Tempatan/Select_Vot_Dana' is clicked on

2019-04-02 11:14:52 - [TEST_STEP][PASSED] - delay(3): Delayed 3 second(s)

2019-04-02 11:14:55 - [MESSAGE][PASSED] - Delayed 3 second(s)

2019-04-02 11:14:55 - [TEST_STEP][PASSED] - click(findTestObject("Perolehan/002 Penyedia_RekodBaru/001 Rekod Baru Pesanan Tempatan/Drop_down_Program_Aktiviti")): Object: 'Object Repository/Perolehan/002 Penyedia_RekodBaru/001 Rekod Baru Pesanan Tempatan/Drop_down_Program_Aktiviti' is clicked on

2019-04-02 11:14:55 - [MESSAGE][PASSED] - Object: 'Object Repository/Perolehan/002 Penyedia_RekodBaru/001 Rekod Baru Pesanan Tempatan/Drop_down_Program_Aktiviti' is clicked on

2019-04-02 11:14:55 - [TEST_STEP][PASSED] - setText(findTestObject("Perolehan/002 Penyedia_RekodBaru/001 Rekod Baru Pesanan Tempatan/input_Kod_Program_Aktiviti"), kod_program_aktiviti): Text '100100' is set on object 'Object Repository/Perolehan/002 Penyedia_RekodBaru/001 Rekod Baru Pesanan Tempatan/input_Kod_Program_Aktiviti'

2019-04-02 11:14:55 - [MESSAGE][PASSED] - Text '100100' is set on object 'Object Repository/Perolehan/002 Penyedia_RekodBaru/001 Rekod Baru Pesanan Tempatan/input_Kod_Program_Aktiviti'

2019-04-02 11:14:55 - [TEST_STEP][PASSED] - click(findTestObject("Perolehan/002 Penyedia_RekodBaru/001 Rekod Baru Pesanan Tempatan/Select_Program", ["text":kod_program_aktiviti])): Object: 'Object Repository/Perolehan/002 Penyedia_RekodBaru/001 Rekod Baru Pesanan Tempatan/Select_Program' is clicked on

2019-04-02 11:14:55 - [MESSAGE][PASSED] - Object: 'Object Repository/Perolehan/002 Penyedia_RekodBaru/001 Rekod Baru Pesanan Tempatan/Select_Program' is clicked on

2019-04-02 11:14:55 - [TEST_STEP][PASSED] - delay(3): Delayed 3 second(s)

2019-04-02 11:14:58 - [MESSAGE][PASSED] - Delayed 3 second(s)

2019-04-02 11:14:58 - [TEST_STEP][PASSED] - click(findTestObject("Perolehan/002 Penyedia_RekodBaru/001 Rekod Baru Pesanan Tempatan/Drop_down_Kod_Akaun")): Object: 'Object Repository/Perolehan/002 Penyedia_RekodBaru/001 Rekod Baru Pesanan Tempatan/Drop_down_Kod_Akaun' is clicked on

2019-04-02 11:14:58 - [MESSAGE][PASSED] - Object: 'Object Repository/Perolehan/002 Penyedia_RekodBaru/001 Rekod Baru Pesanan Tempatan/Drop_down_Kod_Akaun' is clicked on

2019-04-02 11:14:58 - [TEST_STEP][PASSED] - delay(3): Delayed 3 second(s)

2019-04-02 11:15:01 - [MESSAGE][PASSED] - Delayed 3 second(s)

2019-04-02 11:15:01 - [TEST_STEP][PASSED] - setText(findTestObject("Perolehan/002 Penyedia_RekodBaru/001 Rekod Baru Pesanan Tempatan/input_kod_akaun"), kod_akaun_cek): Text 'B0221101' is set on object 'Object Repository/Perolehan/002 Penyedia_RekodBaru/001 Rekod Baru Pesanan Tempatan/input_kod_akaun'

2019-04-02 11:15:02 - [MESSAGE][PASSED] - Text 'B0221101' is set on object 'Object Repository/Perolehan/002 Penyedia_RekodBaru/001 Rekod Baru Pesanan Tempatan/input_kod_akaun'

2019-04-02 11:15:02 - [TEST_STEP][PASSED] - delay(3): Delayed 3 second(s)

2019-04-02 11:15:05 - [MESSAGE][PASSED] - Delayed 3 second(s)

2019-04-02 11:15:05 - [TEST_STEP][PASSED] - click(findTestObject("Perolehan/002 Penyedia_RekodBaru/001 Rekod Baru Pesanan Tempatan/Select_Kod_Akaun", ["text":kod_akaun_cek])): Object: 'Object Repository/Perolehan/002 Penyedia_RekodBaru/001 Rekod Baru Pesanan Tempatan/Select_Kod_Akaun' is clicked on

2019-04-02 11:15:05 - [MESSAGE][PASSED] - Object: 'Object Repository/Perolehan/002 Penyedia_RekodBaru/001 Rekod Baru Pesanan Tempatan/Select_Kod_Akaun' is clicked on

2019-04-02 11:15:05 - [TEST_STEP][PASSED] - click(findTestObject("Perolehan/002 Penyedia_RekodBaru/001 Rekod Baru Pesanan Tempatan/Drop_down_Kod_Barang")): Object: 'Object Repository/Perolehan/002 Penyedia_RekodBaru/001 Rekod Baru Pesanan Tempatan/Drop_down_Kod_Barang' is clicked on

2019-04-02 11:15:05 - [MESSAGE][PASSED] - Object: 'Object Repository/Perolehan/002 Penyedia_RekodBaru/001 Rekod Baru Pesanan Tempatan/Drop_down_Kod_Barang' is clicked on

2019-04-02 11:15:05 - [TEST_STEP][PASSED] - delay(3): Delayed 3 second(s)

2019-04-02 11:15:08 - [MESSAGE][PASSED] - Delayed 3 second(s)

2019-04-02 11:15:08 - [TEST_STEP][PASSED] - setText(findTestObject("Perolehan/002 Penyedia_RekodBaru/001 Rekod Baru Pesanan Tempatan/input_kod_barang"), kod_barang_cek): Text '2110199999901000000' is set on object 'Object Repository/Perolehan/002 Penyedia_RekodBaru/001 Rekod Baru Pesanan Tempatan/input_kod_barang'

2019-04-02 11:15:09 - [MESSAGE][PASSED] - Text '2110199999901000000' is set on object 'Object Repository/Perolehan/002 Penyedia_RekodBaru/001 Rekod Baru Pesanan Tempatan/input_kod_barang'

2019-04-02 11:15:09 - [TEST_STEP][PASSED] - click(findTestObject("Perolehan/002 Penyedia_RekodBaru/001 Rekod Baru Pesanan Tempatan/SelectKod_Barang", ["text":kod_barang_cek])): Object: 'Object Repository/Perolehan/002 Penyedia_RekodBaru/001 Rekod Baru Pesanan Tempatan/SelectKod_Barang' is clicked on

2019-04-02 11:15:09 - [MESSAGE][PASSED] - Object: 'Object Repository/Perolehan/002 Penyedia_RekodBaru/001 Rekod Baru Pesanan Tempatan/SelectKod_Barang' is clicked on

2019-04-02 11:15:09 - [TEST_STEP][PASSED] - click(findTestObject("Perolehan/002 Penyedia_RekodBaru/001 Rekod Baru Pesanan Tempatan/Drop_down_Kategori_Pesanan_Tempatan")): Object: 'Object Repository/Perolehan/002 Penyedia_RekodBaru/001 Rekod Baru Pesanan Tempatan/Drop_down_Kategori_Pesanan_Tempatan' is clicked on

2019-04-02 11:15:09 - [MESSAGE][PASSED] - Object: 'Object Repository/Perolehan/002 Penyedia_RekodBaru/001 Rekod Baru Pesanan Tempatan/Drop_down_Kategori_Pesanan_Tempatan' is clicked on

2019-04-02 11:15:09 - [TEST_STEP][PASSED] - click(findTestObject("Perolehan/002 Penyedia_RekodBaru/001 Rekod Baru Pesanan Tempatan/Select_Kategori_Pesanan_PERKHIDMATAN")): Object: 'Object Repository/Perolehan/002 Penyedia_RekodBaru/001 Rekod Baru Pesanan Tempatan/Select_Kategori_Pesanan_PERKHIDMATAN' is clicked on

2019-04-02 11:15:09 - [MESSAGE][PASSED] - Object: 'Object Repository/Perolehan/002 Penyedia_RekodBaru/001 Rekod Baru Pesanan Tempatan/Select_Kategori_Pesanan_PERKHIDMATAN' is clicked on

2019-04-02 11:15:09 - [TEST_STEP][PASSED] - setText(findTestObject("Perolehan/002 Penyedia_RekodBaru/001 Rekod Baru Pesanan Tempatan/input_kuantiti"), "3"): Text '3' is set on object 'Object Repository/Perolehan/002 Penyedia_RekodBaru/001 Rekod Baru Pesanan Tempatan/input_kuantiti'

2019-04-02 11:15:09 - [MESSAGE][PASSED] - Text '3' is set on object 'Object Repository/Perolehan/002 Penyedia_RekodBaru/001 Rekod Baru Pesanan Tempatan/input_kuantiti'

2019-04-02 11:15:09 - [TEST_STEP][PASSED] - click(findTestObject("Perolehan/002 Penyedia_RekodBaru/001 Rekod Baru Pesanan Tempatan/Drop_down_Unit_Ukuran")): Object: 'Object Repository/Perolehan/002 Penyedia_RekodBaru/001 Rekod Baru Pesanan Tempatan/Drop_down_Unit_Ukuran' is clicked on

2019-04-02 11:15:09 - [MESSAGE][PASSED] - Object: 'Object Repository/Perolehan/002 Penyedia_RekodBaru/001 Rekod Baru Pesanan Tempatan/Drop_down_Unit_Ukuran' is clicked on

2019-04-02 11:15:09 - [TEST_STEP][PASSED] - delay(3): Delayed 3 second(s)

2019-04-02 11:15:12 - [MESSAGE][PASSED] - Delayed 3 second(s)

2019-04-02 11:15:12 - [TEST_STEP][PASSED] - click(findTestObject("Perolehan/002 Penyedia_RekodBaru/001 Rekod Baru Pesanan Tempatan/select_unit_ukuran_buah")): Object: 'Object Repository/Perolehan/002 Penyedia_RekodBaru/001 Rekod Baru Pesanan Tempatan/select_unit_ukuran_buah' is clicked on

2019-04-02 11:15:12 - [MESSAGE][PASSED] - Object: 'Object Repository/Perolehan/002 Penyedia_RekodBaru/001 Rekod Baru Pesanan Tempatan/select_unit_ukuran_buah' is clicked on

2019-04-02 11:15:12 - [TEST_STEP][PASSED] - setText(findTestObject("Perolehan/002 Penyedia_RekodBaru/001 Rekod Baru Pesanan Tempatan/input_harga_seunit"), "1.77"): Text '1.77' is set on object 'Object Repository/Perolehan/002 Penyedia_RekodBaru/001 Rekod Baru Pesanan Tempatan/input_harga_seunit'

2019-04-02 11:15:12 - [MESSAGE][PASSED] - Text '1.77' is set on object 'Object Repository/Perolehan/002 Penyedia_RekodBaru/001 Rekod Baru Pesanan Tempatan/input_harga_seunit'

2019-04-02 11:15:12 - [TEST_STEP][PASSED] - click(findTestObject("Perolehan/002 Penyedia_RekodBaru/001 Rekod Baru Pesanan Tempatan/button_simpan_caj_line")): Object: 'Object Repository/Perolehan/002 Penyedia_RekodBaru/001 Rekod Baru Pesanan Tempatan/button_simpan_caj_line' is clicked on

2019-04-02 11:15:12 - [MESSAGE][PASSED] - Object: 'Object Repository/Perolehan/002 Penyedia_RekodBaru/001 Rekod Baru Pesanan Tempatan/button_simpan_caj_line' is clicked on

2019-04-02 11:15:12 - [TEST_STEP][PASSED] - delay(3): Delayed 3 second(s)

2019-04-02 11:15:15 - [MESSAGE][PASSED] - Delayed 3 second(s)

2019-04-02 11:15:15 - [TEST_STEP][PASSED] - waitForElementClickable(findTestObject("Perolehan/002 Penyedia_RekodBaru/001 Rekod Baru Pesanan Tempatan/button_OK_Peruntukan_cukup"), 3): Object 'Object Repository/Perolehan/002 Penyedia_RekodBaru/001 Rekod Baru Pesanan Tempatan/button_OK_Peruntukan_cukup' is clickable

2019-04-02 11:15:16 - [MESSAGE][PASSED] - Object 'Object Repository/Perolehan/002 Penyedia_RekodBaru/001 Rekod Baru Pesanan Tempatan/button_OK_Peruntukan_cukup' is clickable

2019-04-02 11:15:16 - [TEST_STEP][PASSED] - click(findTestObject("Perolehan/002 Penyedia_RekodBaru/001 Rekod Baru Pesanan Tempatan/button_OK_Peruntukan_cukup")): Object: 'Object Repository/Perolehan/002 Penyedia_RekodBaru/001 Rekod Baru Pesanan Tempatan/button_OK_Peruntukan_cukup' is clicked on

2019-04-02 11:15:16 - [MESSAGE][PASSED] - Object: 'Object Repository/Perolehan/002 Penyedia_RekodBaru/001 Rekod Baru Pesanan Tempatan/button_OK_Peruntukan_cukup' is clicked on

2019-04-02 11:15:16 - [TEST_STEP][PASSED] - click(findTestObject("Perolehan/002 Penyedia_RekodBaru/001 Rekod Baru Pesanan Tempatan/button_Simpan_Rekod")): Object: 'Object Repository/Perolehan/002 Penyedia_RekodBaru/001 Rekod Baru Pesanan Tempatan/button_Simpan_Rekod' is clicked on

2019-04-02 11:15:16 - [MESSAGE][PASSED] - Object: 'Object Repository/Perolehan/002 Penyedia_RekodBaru/001 Rekod Baru Pesanan Tempatan/button_Simpan_Rekod' is clicked on

2019-04-02 11:15:16 - [TEST_STEP][PASSED] - delay(3): Delayed 3 second(s)

2019-04-02 11:15:19 - [MESSAGE][PASSED] - Delayed 3 second(s)

2019-04-02 11:15:19 - [TEST_STEP][PASSED] - waitForElementClickable(findTestObject("Perolehan/002 Penyedia_RekodBaru/001 Rekod Baru Pesanan Tempatan/button_OK_Rekod_Berjaya_disimpan"), 60): Object 'Object Repository/Perolehan/002 Penyedia_RekodBaru/001 Rekod Baru Pesanan Tempatan/button_OK_Rekod_Berjaya_disimpan' is clickable

2019-04-02 11:15:19 - [MESSAGE][PASSED] - Object 'Object Repository/Perolehan/002 Penyedia_RekodBaru/001 Rekod Baru Pesanan Tempatan/button_OK_Rekod_Berjaya_disimpan' is clickable

2019-04-02 11:15:19 - [TEST_STEP][PASSED] - click(findTestObject("Perolehan/002 Penyedia_RekodBaru/001 Rekod Baru Pesanan Tempatan/button_OK_Rekod_Berjaya_disimpan")): Object: 'Object Repository/Perolehan/002 Penyedia_RekodBaru/001 Rekod Baru Pesanan Tempatan/button_OK_Rekod_Berjaya_disimpan' is clicked on

2019-04-02 11:15:19 - [MESSAGE][PASSED] - Object: 'Object Repository/Perolehan/002 Penyedia_RekodBaru/001 Rekod Baru Pesanan Tempatan/button_OK_Rekod_Berjaya_disimpan' is clicked on

2019-04-02 11:15:19 - [TEST_STEP][PASSED] - delay(3): Delayed 3 second(s)

2019-04-02 11:15:22 - [MESSAGE][PASSED] - Delayed 3 second(s)

2019-04-02 11:15:22 - [TEST_STEP][PASSED] - JumlahPesananTempatan = getText(findTestObject("Perolehan/002 Penyedia_RekodBaru/001 Rekod Baru Pesanan Tempatan/Jumlah_pesanan_tempatan")): Text of object 'Object Repository/Perolehan/002 Penyedia_RekodBaru/001 Rekod Baru Pesanan Tempatan/Jumlah_pesanan_tempatan' is: '5.30'

2019-04-02 11:15:22 - [MESSAGE][PASSED] - Text of object 'Object Repository/Perolehan/002 Penyedia_RekodBaru/001 Rekod Baru Pesanan Tempatan/Jumlah_pesanan_tempatan' is: '5.30'

2019-04-02 11:15:22 - [TEST_STEP][PASSED] - println(JumlahPesananTempatan): null

2019-04-02 11:15:22 - [TEST_STEP][PASSED] - click(findTestObject("Perolehan/002 Penyedia_RekodBaru/001 Rekod Baru Pesanan Tempatan/Tab_Penghantaran_Barang")): Object: 'Object Repository/Perolehan/002 Penyedia_RekodBaru/001 Rekod Baru Pesanan Tempatan/Tab_Penghantaran_Barang' is clicked on

2019-04-02 11:15:23 - [MESSAGE][PASSED] - Object: 'Object Repository/Perolehan/002 Penyedia_RekodBaru/001 Rekod Baru Pesanan Tempatan/Tab_Penghantaran_Barang' is clicked on

2019-04-02 11:15:23 - [TEST_STEP][PASSED] - click(findTestObject("Perolehan/002 Penyedia_RekodBaru/001 Rekod Baru Pesanan Tempatan/button_tambah_master_barang")): Object: 'Object Repository/Perolehan/002 Penyedia_RekodBaru/001 Rekod Baru Pesanan Tempatan/button_tambah_master_barang' is clicked on

2019-04-02 11:15:23 - [MESSAGE][PASSED] - Object: 'Object Repository/Perolehan/002 Penyedia_RekodBaru/001 Rekod Baru Pesanan Tempatan/button_tambah_master_barang' is clicked on

2019-04-02 11:15:23 - [TEST_STEP][PASSED] - setText(findTestObject("Perolehan/002 Penyedia_RekodBaru/001 Rekod Baru Pesanan Tempatan/input_untuk_perhatian"), "Yang Berkenaan"): Text 'Yang Berkenaan' is set on object 'Object Repository/Perolehan/002 Penyedia_RekodBaru/001 Rekod Baru Pesanan Tempatan/input_untuk_perhatian'

2019-04-02 11:15:23 - [MESSAGE][PASSED] - Text 'Yang Berkenaan' is set on object 'Object Repository/Perolehan/002 Penyedia_RekodBaru/001 Rekod Baru Pesanan Tempatan/input_untuk_perhatian'

2019-04-02 11:15:23 - [TEST_STEP][PASSED] - click(findTestObject("Perolehan/002 Penyedia_RekodBaru/001 Rekod Baru Pesanan Tempatan/Drop_down_bekal_kepada_Jabatan")): Object: 'Object Repository/Perolehan/002 Penyedia_RekodBaru/001 Rekod Baru Pesanan Tempatan/Drop_down_bekal_kepada_Jabatan' is clicked on

2019-04-02 11:15:23 - [MESSAGE][PASSED] - Object: 'Object Repository/Perolehan/002 Penyedia_RekodBaru/001 Rekod Baru Pesanan Tempatan/Drop_down_bekal_kepada_Jabatan' is clicked on

2019-04-02 11:15:23 - [TEST_STEP][PASSED] - setText(findTestObject("Perolehan/002 Penyedia_RekodBaru/001 Rekod Baru Pesanan Tempatan/input_bekal_kepada_jabatan"), kod_jabatan): Text '005000' is set on object 'Object Repository/Perolehan/002 Penyedia_RekodBaru/001 Rekod Baru Pesanan Tempatan/input_bekal_kepada_jabatan'

2019-04-02 11:15:23 - [MESSAGE][PASSED] - Text '005000' is set on object 'Object Repository/Perolehan/002 Penyedia_RekodBaru/001 Rekod Baru Pesanan Tempatan/input_bekal_kepada_jabatan'

2019-04-02 11:15:23 - [TEST_STEP][PASSED] - delay(3): Delayed 3 second(s)

2019-04-02 11:15:26 - [MESSAGE][PASSED] - Delayed 3 second(s)

2019-04-02 11:15:26 - [TEST_STEP][PASSED] - click(findTestObject("Perolehan/002 Penyedia_RekodBaru/001 Rekod Baru Pesanan Tempatan/select_jabatan", ["text":kod_jabatan])): Object: 'Object Repository/Perolehan/002 Penyedia_RekodBaru/001 Rekod Baru Pesanan Tempatan/select_jabatan' is clicked on

2019-04-02 11:15:26 - [MESSAGE][PASSED] - Object: 'Object Repository/Perolehan/002 Penyedia_RekodBaru/001 Rekod Baru Pesanan Tempatan/select_jabatan' is clicked on

2019-04-02 11:15:26 - [TEST_STEP][PASSED] - delay(3): Delayed 3 second(s)

2019-04-02 11:15:29 - [MESSAGE][PASSED] - Delayed 3 second(s)

2019-04-02 11:15:29 - [TEST_STEP][PASSED] - click(findTestObject("Perolehan/002 Penyedia_RekodBaru/001 Rekod Baru Pesanan Tempatan/Drop_down_master_PTJ")): Object: 'Object Repository/Perolehan/002 Penyedia_RekodBaru/001 Rekod Baru Pesanan Tempatan/Drop_down_master_PTJ' is clicked on

2019-04-02 11:15:30 - [MESSAGE][PASSED] - Object: 'Object Repository/Perolehan/002 Penyedia_RekodBaru/001 Rekod Baru Pesanan Tempatan/Drop_down_master_PTJ' is clicked on

2019-04-02 11:15:30 - [TEST_STEP][PASSED] - delay(3): Delayed 3 second(s)

2019-04-02 11:15:33 - [MESSAGE][PASSED] - Delayed 3 second(s)

2019-04-02 11:15:33 - [TEST_STEP][PASSED] - setText(findTestObject("Perolehan/002 Penyedia_RekodBaru/001 Rekod Baru Pesanan Tempatan/input_kod_PTJ"), kod_PTJ): Text '15200100' is set on object 'Object Repository/Perolehan/002 Penyedia_RekodBaru/001 Rekod Baru Pesanan Tempatan/input_kod_PTJ'

2019-04-02 11:15:33 - [MESSAGE][PASSED] - Text '15200100' is set on object 'Object Repository/Perolehan/002 Penyedia_RekodBaru/001 Rekod Baru Pesanan Tempatan/input_kod_PTJ'

2019-04-02 11:15:33 - [TEST_STEP][PASSED] - click(findTestObject("Perolehan/002 Penyedia_RekodBaru/001 Rekod Baru Pesanan Tempatan/select_master_PTJ", ["text":kod_PTJ])): Object: 'Object Repository/Perolehan/002 Penyedia_RekodBaru/001 Rekod Baru Pesanan Tempatan/select_master_PTJ' is clicked on

2019-04-02 11:15:33 - [MESSAGE][PASSED] - Object: 'Object Repository/Perolehan/002 Penyedia_RekodBaru/001 Rekod Baru Pesanan Tempatan/select_master_PTJ' is clicked on

2019-04-02 11:15:33 - [TEST_STEP][PASSED] - delay(3): Delayed 3 second(s)

2019-04-02 11:15:36 - [MESSAGE][PASSED] - Delayed 3 second(s)

2019-04-02 11:15:36 - [TEST_STEP][PASSED] - check(findTestObject("Perolehan/002 Penyedia_RekodBaru/001 Rekod Baru Pesanan Tempatan/checkbox_alamat_utama")): Object 'Object Repository/Perolehan/002 Penyedia_RekodBaru/001 Rekod Baru Pesanan Tempatan/checkbox_alamat_utama' is checked

2019-04-02 11:15:36 - [MESSAGE][PASSED] - Object 'Object Repository/Perolehan/002 Penyedia_RekodBaru/001 Rekod Baru Pesanan Tempatan/checkbox_alamat_utama' is checked

2019-04-02 11:15:36 - [TEST_STEP][PASSED] - click(findTestObject("Perolehan/002 Penyedia_RekodBaru/001 Rekod Baru Pesanan Tempatan/button_tambah_senarai_barang")): Object: 'Object Repository/Perolehan/002 Penyedia_RekodBaru/001 Rekod Baru Pesanan Tempatan/button_tambah_senarai_barang' is clicked on

2019-04-02 11:15:36 - [MESSAGE][PASSED] - Object: 'Object Repository/Perolehan/002 Penyedia_RekodBaru/001 Rekod Baru Pesanan Tempatan/button_tambah_senarai_barang' is clicked on

2019-04-02 11:15:36 - [TEST_STEP][PASSED] - delay(3): Delayed 3 second(s)

2019-04-02 11:15:39 - [MESSAGE][PASSED] - Delayed 3 second(s)

2019-04-02 11:15:39 - [TEST_STEP][PASSED] - click(findTestObject("Perolehan/002 Penyedia_RekodBaru/001 Rekod Baru Pesanan Tempatan/Drop_down_senarai_barang")): Object: 'Object Repository/Perolehan/002 Penyedia_RekodBaru/001 Rekod Baru Pesanan Tempatan/Drop_down_senarai_barang' is clicked on

2019-04-02 11:15:39 - [MESSAGE][PASSED] - Object: 'Object Repository/Perolehan/002 Penyedia_RekodBaru/001 Rekod Baru Pesanan Tempatan/Drop_down_senarai_barang' is clicked on

2019-04-02 11:15:39 - [TEST_STEP][PASSED] - delay(3): Delayed 3 second(s)

2019-04-02 11:15:42 - [MESSAGE][PASSED] - Delayed 3 second(s)

2019-04-02 11:15:42 - [TEST_STEP][PASSED] - click(findTestObject("Perolehan/002 Penyedia_RekodBaru/001 Rekod Baru Pesanan Tempatan/Drop_down_Barang_1", ["text":kod_barang_cek])): Object: 'Object Repository/Perolehan/002 Penyedia_RekodBaru/001 Rekod Baru Pesanan Tempatan/Drop_down_Barang_1' is clicked on

2019-04-02 11:15:42 - [MESSAGE][PASSED] - Object: 'Object Repository/Perolehan/002 Penyedia_RekodBaru/001 Rekod Baru Pesanan Tempatan/Drop_down_Barang_1' is clicked on

2019-04-02 11:15:42 - [TEST_STEP][PASSED] - setText(findTestObject("Perolehan/002 Penyedia_RekodBaru/001 Rekod Baru Pesanan Tempatan/input_Kuantiti_senarai_barang"), "3"): Text '3' is set on object 'Object Repository/Perolehan/002 Penyedia_RekodBaru/001 Rekod Baru Pesanan Tempatan/input_Kuantiti_senarai_barang'

2019-04-02 11:15:42 - [MESSAGE][PASSED] - Text '3' is set on object 'Object Repository/Perolehan/002 Penyedia_RekodBaru/001 Rekod Baru Pesanan Tempatan/input_Kuantiti_senarai_barang'

2019-04-02 11:15:42 - [TEST_STEP][PASSED] - click(findTestObject("Perolehan/002 Penyedia_RekodBaru/001 Rekod Baru Pesanan Tempatan/button_save_senarai_barang")): Object: 'Object Repository/Perolehan/002 Penyedia_RekodBaru/001 Rekod Baru Pesanan Tempatan/button_save_senarai_barang' is clicked on

2019-04-02 11:15:43 - [MESSAGE][PASSED] - Object: 'Object Repository/Perolehan/002 Penyedia_RekodBaru/001 Rekod Baru Pesanan Tempatan/button_save_senarai_barang' is clicked on

2019-04-02 11:15:43 - [TEST_STEP][PASSED] - click(findTestObject("Perolehan/002 Penyedia_RekodBaru/001 Rekod Baru Pesanan Tempatan/button_simpan_maklumat_bekalan")): Object: 'Object Repository/Perolehan/002 Penyedia_RekodBaru/001 Rekod Baru Pesanan Tempatan/button_simpan_maklumat_bekalan' is clicked on

2019-04-02 11:15:43 - [MESSAGE][PASSED] - Object: 'Object Repository/Perolehan/002 Penyedia_RekodBaru/001 Rekod Baru Pesanan Tempatan/button_simpan_maklumat_bekalan' is clicked on

2019-04-02 11:15:43 - [TEST_STEP][PASSED] - click(findTestObject("Perolehan/002 Penyedia_RekodBaru/001 Rekod Baru Pesanan Tempatan/Tab_Pesanan_Tempatan")): Object: 'Object Repository/Perolehan/002 Penyedia_RekodBaru/001 Rekod Baru Pesanan Tempatan/Tab_Pesanan_Tempatan' is clicked on

2019-04-02 11:15:43 - [MESSAGE][PASSED] - Object: 'Object Repository/Perolehan/002 Penyedia_RekodBaru/001 Rekod Baru Pesanan Tempatan/Tab_Pesanan_Tempatan' is clicked on

2019-04-02 11:15:43 - [TEST_STEP][PASSED] - click(findTestObject("Perolehan/002 Penyedia_RekodBaru/001 Rekod Baru Pesanan Tempatan/button_Simpan_Rekod")): Object: 'Object Repository/Perolehan/002 Penyedia_RekodBaru/001 Rekod Baru Pesanan Tempatan/button_Simpan_Rekod' is clicked on

2019-04-02 11:15:43 - [MESSAGE][PASSED] - Object: 'Object Repository/Perolehan/002 Penyedia_RekodBaru/001 Rekod Baru Pesanan Tempatan/button_Simpan_Rekod' is clicked on

2019-04-02 11:15:43 - [TEST_STEP][PASSED] - delay(3): Delayed 3 second(s)

2019-04-02 11:15:46 - [MESSAGE][PASSED] - Delayed 3 second(s)

2019-04-02 11:15:46 - [TEST_STEP][PASSED] - waitForElementClickable(findTestObject("Perolehan/002 Penyedia_RekodBaru/001 Rekod Baru Pesanan Tempatan/button_OK_Rekod_Berjaya_disimpan"), 60): Object 'Object Repository/Perolehan/002 Penyedia_RekodBaru/001 Rekod Baru Pesanan Tempatan/button_OK_Rekod_Berjaya_disimpan' is clickable

2019-04-02 11:15:46 - [MESSAGE][PASSED] - Object 'Object Repository/Perolehan/002 Penyedia_RekodBaru/001 Rekod Baru Pesanan Tempatan/button_OK_Rekod_Berjaya_disimpan' is clickable

2019-04-02 11:15:46 - [TEST_STEP][PASSED] - waitForElementClickable(findTestObject("Perolehan/002 Penyedia_RekodBaru/001 Rekod Baru Pesanan Tempatan/button_OK_Rekod_Berjaya_disimpan"), 300): Object 'Object Repository/Perolehan/002 Penyedia_RekodBaru/001 Rekod Baru Pesanan Tempatan/button_OK_Rekod_Berjaya_disimpan' is clickable

2019-04-02 11:15:46 - [MESSAGE][PASSED] - Object 'Object Repository/Perolehan/002 Penyedia_RekodBaru/001 Rekod Baru Pesanan Tempatan/button_OK_Rekod_Berjaya_disimpan' is clickable

2019-04-02 11:15:46 - [TEST_STEP][PASSED] - element = findWebElement(findTestObject("Perolehan/002 Penyedia_RekodBaru/001 Rekod Baru Pesanan Tempatan/button_OK_Rekod_Berjaya_disimpan"), 300): null

2019-04-02 11:15:46 - [TEST_STEP][PASSED] - takeScreenshot(): Taking screenshot successfully

2019-04-02 11:15:46 - [MESSAGE][PASSED] - Taking screenshot successfully
[[ATTACHMENT|C:\\Users\\Consultant_MSPHitect\\Katalon Studio\\TrainingonKatalon\\Reports\\Perolehan\\02 Pesanan Tempatan Cara Bayaran CEK Dengan Pemfaktoran\\20190402_111348\\1554174946675.png]]

2019-04-02 11:15:47 - [TEST_STEP][PASSED] - click(findTestObject("Perolehan/002 Penyedia_RekodBaru/001 Rekod Baru Pesanan Tempatan/button_OK_Rekod_Berjaya_disimpan")): Object: 'Object Repository/Perolehan/002 Penyedia_RekodBaru/001 Rekod Baru Pesanan Tempatan/button_OK_Rekod_Berjaya_disimpan' is clicked on

2019-04-02 11:15:47 - [MESSAGE][PASSED] - Object: 'Object Repository/Perolehan/002 Penyedia_RekodBaru/001 Rekod Baru Pesanan Tempatan/button_OK_Rekod_Berjaya_disimpan' is clicked on]]></system-out>
         <system-err><![CDATA[]]></system-err>
      </testcase>
      <testcase name="Test Cases/Perolehan/002 Rekod Baru oleh Penyedia/002 Senarai Semak" classname="Test Cases/Perolehan/002 Rekod Baru oleh Penyedia/002 Senarai Semak" status="PASSED">
         <system-out><![CDATA[2019-04-02 11:15:47 - [TEST_CASE][PASSED] - Test Cases/Perolehan/002 Rekod Baru oleh Penyedia/002 Senarai Semak: Test Cases/Perolehan/002 Rekod Baru oleh Penyedia/002 Senarai Semak

2019-04-02 11:15:47 - [TEST_STEP][PASSED] - delay(3): Delayed 3 second(s)

2019-04-02 11:15:50 - [MESSAGE][PASSED] - Delayed 3 second(s)

2019-04-02 11:15:50 - [TEST_STEP][PASSED] - click(findTestObject("Perolehan/002 Penyedia_RekodBaru/0021 Senarai Semak/button_Senarai Semak")): Object: 'Object Repository/Perolehan/002 Penyedia_RekodBaru/0021 Senarai Semak/button_Senarai Semak' is clicked on

2019-04-02 11:15:50 - [MESSAGE][PASSED] - Object: 'Object Repository/Perolehan/002 Penyedia_RekodBaru/0021 Senarai Semak/button_Senarai Semak' is clicked on

2019-04-02 11:15:50 - [TEST_STEP][PASSED] - delay(3): Delayed 3 second(s)

2019-04-02 11:15:53 - [MESSAGE][PASSED] - Delayed 3 second(s)

2019-04-02 11:15:53 - [TEST_STEP][PASSED] - check(findTestObject("Perolehan/002 Penyedia_RekodBaru/0021 Senarai Semak/Senarai_semak_IC")): Object 'Object Repository/Perolehan/002 Penyedia_RekodBaru/0021 Senarai Semak/Senarai_semak_IC' is checked

2019-04-02 11:15:53 - [MESSAGE][PASSED] - Object 'Object Repository/Perolehan/002 Penyedia_RekodBaru/0021 Senarai Semak/Senarai_semak_IC' is checked

2019-04-02 11:15:53 - [TEST_STEP][PASSED] - check(findTestObject("Perolehan/002 Penyedia_RekodBaru/0021 Senarai Semak/Senarai_semak_Pesanan_Tempatan")): Object 'Object Repository/Perolehan/002 Penyedia_RekodBaru/0021 Senarai Semak/Senarai_semak_Pesanan_Tempatan' is checked

2019-04-02 11:15:53 - [MESSAGE][PASSED] - Object 'Object Repository/Perolehan/002 Penyedia_RekodBaru/0021 Senarai Semak/Senarai_semak_Pesanan_Tempatan' is checked

2019-04-02 11:15:53 - [TEST_STEP][PASSED] - check(findTestObject("Perolehan/002 Penyedia_RekodBaru/0021 Senarai Semak/Senarai_semak_Perihal_Perolehan")): Object 'Object Repository/Perolehan/002 Penyedia_RekodBaru/0021 Senarai Semak/Senarai_semak_Perihal_Perolehan' is checked

2019-04-02 11:15:53 - [MESSAGE][PASSED] - Object 'Object Repository/Perolehan/002 Penyedia_RekodBaru/0021 Senarai Semak/Senarai_semak_Perihal_Perolehan' is checked

2019-04-02 11:15:53 - [TEST_STEP][PASSED] - click(findTestObject("Perolehan/002 Penyedia_RekodBaru/0021 Senarai Semak/button_simpan_senarai_semak")): Object: 'Object Repository/Perolehan/002 Penyedia_RekodBaru/0021 Senarai Semak/button_simpan_senarai_semak' is clicked on

2019-04-02 11:15:53 - [MESSAGE][PASSED] - Object: 'Object Repository/Perolehan/002 Penyedia_RekodBaru/0021 Senarai Semak/button_simpan_senarai_semak' is clicked on

2019-04-02 11:15:53 - [TEST_STEP][PASSED] - waitForElementClickable(findTestObject("Perolehan/002 Penyedia_RekodBaru/0021 Senarai Semak/button_OK_Senarai_Semak_berjaya_disimpan"), 60): Object 'Object Repository/Perolehan/002 Penyedia_RekodBaru/0021 Senarai Semak/button_OK_Senarai_Semak_berjaya_disimpan' is clickable

2019-04-02 11:15:54 - [MESSAGE][PASSED] - Object 'Object Repository/Perolehan/002 Penyedia_RekodBaru/0021 Senarai Semak/button_OK_Senarai_Semak_berjaya_disimpan' is clickable

2019-04-02 11:15:54 - [TEST_STEP][PASSED] - click(findTestObject("Perolehan/002 Penyedia_RekodBaru/0021 Senarai Semak/button_OK_Senarai_Semak_berjaya_disimpan")): Object: 'Object Repository/Perolehan/002 Penyedia_RekodBaru/0021 Senarai Semak/button_OK_Senarai_Semak_berjaya_disimpan' is clicked on

2019-04-02 11:15:54 - [MESSAGE][PASSED] - Object: 'Object Repository/Perolehan/002 Penyedia_RekodBaru/0021 Senarai Semak/button_OK_Senarai_Semak_berjaya_disimpan' is clicked on

2019-04-02 11:15:54 - [TEST_STEP][PASSED] - click(findTestObject("Perolehan/002 Penyedia_RekodBaru/0021 Senarai Semak/Senarai_semak_close_X")): Object: 'Object Repository/Perolehan/002 Penyedia_RekodBaru/0021 Senarai Semak/Senarai_semak_close_X' is clicked on

2019-04-02 11:15:54 - [MESSAGE][PASSED] - Object: 'Object Repository/Perolehan/002 Penyedia_RekodBaru/0021 Senarai Semak/Senarai_semak_close_X' is clicked on

2019-04-02 11:15:54 - [TEST_STEP][PASSED] - click(findTestObject("Perolehan/002 Penyedia_RekodBaru/001 Rekod Baru Pesanan Tempatan/button_Simpan_Rekod")): Object: 'Object Repository/Perolehan/002 Penyedia_RekodBaru/001 Rekod Baru Pesanan Tempatan/button_Simpan_Rekod' is clicked on

2019-04-02 11:15:54 - [MESSAGE][PASSED] - Object: 'Object Repository/Perolehan/002 Penyedia_RekodBaru/001 Rekod Baru Pesanan Tempatan/button_Simpan_Rekod' is clicked on

2019-04-02 11:15:54 - [TEST_STEP][PASSED] - delay(3): Delayed 3 second(s)

2019-04-02 11:15:57 - [MESSAGE][PASSED] - Delayed 3 second(s)

2019-04-02 11:15:57 - [TEST_STEP][PASSED] - waitForElementClickable(findTestObject("Perolehan/002 Penyedia_RekodBaru/001 Rekod Baru Pesanan Tempatan/button_OK_Rekod_Berjaya_disimpan"), 60): Object 'Object Repository/Perolehan/002 Penyedia_RekodBaru/001 Rekod Baru Pesanan Tempatan/button_OK_Rekod_Berjaya_disimpan' is clickable

2019-04-02 11:15:57 - [MESSAGE][PASSED] - Object 'Object Repository/Perolehan/002 Penyedia_RekodBaru/001 Rekod Baru Pesanan Tempatan/button_OK_Rekod_Berjaya_disimpan' is clickable

2019-04-02 11:15:57 - [TEST_STEP][PASSED] - waitForElementClickable(findTestObject("Perolehan/002 Penyedia_RekodBaru/001 Rekod Baru Pesanan Tempatan/button_OK_Rekod_Berjaya_disimpan"), 300): Object 'Object Repository/Perolehan/002 Penyedia_RekodBaru/001 Rekod Baru Pesanan Tempatan/button_OK_Rekod_Berjaya_disimpan' is clickable

2019-04-02 11:15:57 - [MESSAGE][PASSED] - Object 'Object Repository/Perolehan/002 Penyedia_RekodBaru/001 Rekod Baru Pesanan Tempatan/button_OK_Rekod_Berjaya_disimpan' is clickable

2019-04-02 11:15:57 - [TEST_STEP][PASSED] - element = findWebElement(findTestObject("Perolehan/002 Penyedia_RekodBaru/001 Rekod Baru Pesanan Tempatan/button_OK_Rekod_Berjaya_disimpan"), 300): null

2019-04-02 11:15:57 - [TEST_STEP][PASSED] - click(findTestObject("Perolehan/002 Penyedia_RekodBaru/001 Rekod Baru Pesanan Tempatan/button_OK_Rekod_Berjaya_disimpan")): Object: 'Object Repository/Perolehan/002 Penyedia_RekodBaru/001 Rekod Baru Pesanan Tempatan/button_OK_Rekod_Berjaya_disimpan' is clicked on

2019-04-02 11:15:57 - [MESSAGE][PASSED] - Object: 'Object Repository/Perolehan/002 Penyedia_RekodBaru/001 Rekod Baru Pesanan Tempatan/button_OK_Rekod_Berjaya_disimpan' is clicked on]]></system-out>
         <system-err><![CDATA[]]></system-err>
      </testcase>
      <testcase name="Test Cases/Perolehan/002 Rekod Baru oleh Penyedia/003 Sah Simpan" classname="Test Cases/Perolehan/002 Rekod Baru oleh Penyedia/003 Sah Simpan" status="PASSED">
         <system-out><![CDATA[2019-04-02 11:15:57 - [TEST_CASE][PASSED] - Test Cases/Perolehan/002 Rekod Baru oleh Penyedia/003 Sah Simpan: Test Cases/Perolehan/002 Rekod Baru oleh Penyedia/003 Sah Simpan

2019-04-02 11:15:57 - [TEST_STEP][PASSED] - delay(5): Delayed 5 second(s)

2019-04-02 11:16:02 - [MESSAGE][PASSED] - Delayed 5 second(s)

2019-04-02 11:16:02 - [TEST_STEP][PASSED] - Total = getText(findTestObject("Perolehan/002 Penyedia_RekodBaru/0022 Sah_Simpan/TotalAmaunPT")): Text of object 'Object Repository/Perolehan/002 Penyedia_RekodBaru/0022 Sah_Simpan/TotalAmaunPT' is: '5.30'

2019-04-02 11:16:02 - [MESSAGE][PASSED] - Text of object 'Object Repository/Perolehan/002 Penyedia_RekodBaru/0022 Sah_Simpan/TotalAmaunPT' is: '5.30'

2019-04-02 11:16:02 - [TEST_STEP][PASSED] - println(Total): null

2019-04-02 11:16:02 - [TEST_STEP][PASSED] - TotalAmaunPT = Total: null

2019-04-02 11:16:02 - [TEST_STEP][PASSED] - delay(3): Delayed 3 second(s)

2019-04-02 11:16:05 - [MESSAGE][PASSED] - Delayed 3 second(s)

2019-04-02 11:16:05 - [TEST_STEP][PASSED] - click(findTestObject("Perolehan/002 Penyedia_RekodBaru/0022 Sah_Simpan/button_Sah Simpan")): Object: 'Object Repository/Perolehan/002 Penyedia_RekodBaru/0022 Sah_Simpan/button_Sah Simpan' is clicked on

2019-04-02 11:16:06 - [MESSAGE][PASSED] - Object: 'Object Repository/Perolehan/002 Penyedia_RekodBaru/0022 Sah_Simpan/button_Sah Simpan' is clicked on

2019-04-02 11:16:06 - [TEST_STEP][PASSED] - click(findTestObject("Perolehan/002 Penyedia_RekodBaru/0022 Sah_Simpan/button_Ya_Sah_Simpan")): Object: 'Object Repository/Perolehan/002 Penyedia_RekodBaru/0022 Sah_Simpan/button_Ya_Sah_Simpan' is clicked on

2019-04-02 11:16:06 - [MESSAGE][PASSED] - Object: 'Object Repository/Perolehan/002 Penyedia_RekodBaru/0022 Sah_Simpan/button_Ya_Sah_Simpan' is clicked on

2019-04-02 11:16:06 - [TEST_STEP][PASSED] - delay(3): Delayed 3 second(s)

2019-04-02 11:16:09 - [MESSAGE][PASSED] - Delayed 3 second(s)

2019-04-02 11:16:09 - [TEST_STEP][PASSED] - waitForElementClickable(findTestObject("Perolehan/002 Penyedia_RekodBaru/0022 Sah_Simpan/button_OK_Sah_Simpan"), 60): Object 'Object Repository/Perolehan/002 Penyedia_RekodBaru/0022 Sah_Simpan/button_OK_Sah_Simpan' is clickable

2019-04-02 11:16:09 - [MESSAGE][PASSED] - Object 'Object Repository/Perolehan/002 Penyedia_RekodBaru/0022 Sah_Simpan/button_OK_Sah_Simpan' is clickable

2019-04-02 11:16:09 - [TEST_STEP][PASSED] - takeScreenshot(): Taking screenshot successfully

2019-04-02 11:16:09 - [MESSAGE][PASSED] - Taking screenshot successfully
[[ATTACHMENT|C:\\Users\\Consultant_MSPHitect\\Katalon Studio\\TrainingonKatalon\\Reports\\Perolehan\\02 Pesanan Tempatan Cara Bayaran CEK Dengan Pemfaktoran\\20190402_111348\\1554174969631.png]]

2019-04-02 11:16:09 - [TEST_STEP][PASSED] - PTRekodberjayaID = getText(findTestObject("Perolehan/002 Penyedia_RekodBaru/0022 Sah_Simpan/RekodBerjayadiSahSimpan")): Text of object 'Object Repository/Perolehan/002 Penyedia_RekodBaru/0022 Sah_Simpan/RekodBerjayadiSahSimpan' is: 'Rekod Telah Berjaya Di Sah Simpan. [ NO REKOD :19CHPT030100095 ]
Ok'

2019-04-02 11:16:09 - [MESSAGE][PASSED] - Text of object 'Object Repository/Perolehan/002 Penyedia_RekodBaru/0022 Sah_Simpan/RekodBerjayadiSahSimpan' is: 'Rekod Telah Berjaya Di Sah Simpan. [ NO REKOD :19CHPT030100095 ]
Ok'

2019-04-02 11:16:09 - [TEST_STEP][PASSED] - println(PTRekodberjayaID): null

2019-04-02 11:16:09 - [TEST_STEP][PASSED] - PTRekodID = PTRekodberjayaID[(47..61)]: null

2019-04-02 11:16:09 - [TEST_STEP][PASSED] - println(PTRekodID): null

2019-04-02 11:16:09 - [TEST_STEP][PASSED] - PesananTempatanRekodID = PTRekodID: null

2019-04-02 11:16:09 - [TEST_STEP][PASSED] - delay(3): Delayed 3 second(s)

2019-04-02 11:16:12 - [MESSAGE][PASSED] - Delayed 3 second(s)

2019-04-02 11:16:12 - [TEST_STEP][PASSED] - waitForElementClickable(findTestObject("Perolehan/002 Penyedia_RekodBaru/001 Rekod Baru Pesanan Tempatan/button_OK_Rekod_Berjaya_disimpan"), 300): Object 'Object Repository/Perolehan/002 Penyedia_RekodBaru/001 Rekod Baru Pesanan Tempatan/button_OK_Rekod_Berjaya_disimpan' is clickable

2019-04-02 11:16:13 - [MESSAGE][PASSED] - Object 'Object Repository/Perolehan/002 Penyedia_RekodBaru/001 Rekod Baru Pesanan Tempatan/button_OK_Rekod_Berjaya_disimpan' is clickable

2019-04-02 11:16:13 - [TEST_STEP][PASSED] - element = findWebElement(findTestObject("Perolehan/002 Penyedia_RekodBaru/0022 Sah_Simpan/button_OK_Sah_Simpan"), 300): null

2019-04-02 11:16:13 - [TEST_STEP][PASSED] - click(findTestObject("Perolehan/002 Penyedia_RekodBaru/0022 Sah_Simpan/button_OK_Sah_Simpan")): Object: 'Object Repository/Perolehan/002 Penyedia_RekodBaru/0022 Sah_Simpan/button_OK_Sah_Simpan' is clicked on

2019-04-02 11:16:13 - [MESSAGE][PASSED] - Object: 'Object Repository/Perolehan/002 Penyedia_RekodBaru/0022 Sah_Simpan/button_OK_Sah_Simpan' is clicked on

2019-04-02 11:16:13 - [TEST_STEP][PASSED] - closeBrowser(): Browser is closed

2019-04-02 11:16:13 - [MESSAGE][PASSED] - Browser is closed]]></system-out>
         <system-err><![CDATA[]]></system-err>
      </testcase>
      <testcase name="Test Cases/Perolehan/003 Pengesahan Pesanan Tempatan/Pengesahan" classname="Test Cases/Perolehan/003 Pengesahan Pesanan Tempatan/Pengesahan" status="PASSED">
         <system-out><![CDATA[2019-04-02 11:16:13 - [TEST_CASE][PASSED] - Test Cases/Perolehan/003 Pengesahan Pesanan Tempatan/Pengesahan: Test Cases/Perolehan/003 Pengesahan Pesanan Tempatan/Pengesahan

2019-04-02 11:16:14 - [TEST_STEP][PASSED] - openBrowser(""): Browser is opened with url: ''

2019-04-02 11:16:14 - [MESSAGE][INFO] - Starting 'Chrome' driver

2019-04-02 11:16:16 - [MESSAGE][PASSED] - Browser is opened with url: ''

2019-04-02 11:16:16 - [TEST_STEP][PASSED] - navigateToUrl(URL_Homepage): Navigate to 'http://175.143.52.101:7010/1SPEKSv2/' successfully

2019-04-02 11:16:16 - [MESSAGE][PASSED] - Navigate to 'http://175.143.52.101:7010/1SPEKSv2/' successfully

2019-04-02 11:16:16 - [TEST_STEP][PASSED] - reusablefunctions.reusablefunctions.Login(findTestData("ispekstestdata").getValue(1, 6), findTestData("ispekstestdata").getValue(2, 6)): reusablefunctions.reusablefunctions.Login is PASSED

2019-04-02 11:16:17 - [MESSAGE][PASSED] - Text '820806015126' is set on object 'Object Repository/Login/input_NoKadPengenalan'

2019-04-02 11:16:17 - [MESSAGE][PASSED] - Text ****** has been set on object 'Object Repository/Login/input_Password'

2019-04-02 11:16:18 - [MESSAGE][PASSED] - Object: 'Object Repository/Login/input_ButtonLogMasuk' is clicked on

2019-04-02 11:16:28 - [MESSAGE][PASSED] - Delayed 10 second(s)

2019-04-02 11:16:28 - [MESSAGE][PASSED] - reusablefunctions.reusablefunctions.Login is PASSED

2019-04-02 11:16:28 - [TEST_STEP][PASSED] - click(findTestObject("Perolehan/TukarPeranan/IconTukarPeranan")): Object: 'Object Repository/Perolehan/TukarPeranan/IconTukarPeranan' is clicked on

2019-04-02 11:16:28 - [MESSAGE][PASSED] - Object: 'Object Repository/Perolehan/TukarPeranan/IconTukarPeranan' is clicked on

2019-04-02 11:16:28 - [TEST_STEP][PASSED] - click(findTestObject("Perolehan/TukarPeranan/input_TukarPeranan", ["value":"2933"])): Object: 'Object Repository/Perolehan/TukarPeranan/input_TukarPeranan' is clicked on

2019-04-02 11:16:28 - [MESSAGE][PASSED] - Object: 'Object Repository/Perolehan/TukarPeranan/input_TukarPeranan' is clicked on

2019-04-02 11:16:28 - [TEST_STEP][PASSED] - click(findTestObject("Perolehan/TukarPeranan/button_Ya")): Object: 'Object Repository/Perolehan/TukarPeranan/button_Ya' is clicked on

2019-04-02 11:16:28 - [MESSAGE][PASSED] - Object: 'Object Repository/Perolehan/TukarPeranan/button_Ya' is clicked on

2019-04-02 11:16:28 - [TEST_STEP][PASSED] - delay(20): Delayed 20 second(s)

2019-04-02 11:16:48 - [MESSAGE][PASSED] - Delayed 20 second(s)

2019-04-02 11:16:48 - [TEST_STEP][PASSED] - verifyTextPresent("Peranan : [Pengesah] Peringkat : [BN]", false): Text 'Peranan : [Pengesah] Peringkat : [BN]' is present on page 

2019-04-02 11:16:48 - [MESSAGE][PASSED] - Text 'Peranan : [Pengesah] Peringkat : [BN]' is present on page 

2019-04-02 11:16:48 - [TEST_STEP][PASSED] - delay(5): Delayed 5 second(s)

2019-04-02 11:16:53 - [MESSAGE][PASSED] - Delayed 5 second(s)

2019-04-02 11:16:53 - [TEST_STEP][PASSED] - click(findTestObject("Perolehan/001 Left_Menu_Selection/a_ExpandMenuonLeft")): Object: 'Object Repository/Perolehan/001 Left_Menu_Selection/a_ExpandMenuonLeft' is clicked on

2019-04-02 11:16:54 - [MESSAGE][PASSED] - Object: 'Object Repository/Perolehan/001 Left_Menu_Selection/a_ExpandMenuonLeft' is clicked on

2019-04-02 11:16:54 - [TEST_STEP][PASSED] - delay(3, STOP_ON_FAILURE): Delayed 3 second(s)

2019-04-02 11:16:57 - [MESSAGE][PASSED] - Delayed 3 second(s)

2019-04-02 11:16:57 - [TEST_STEP][PASSED] - click(findTestObject("Perolehan/001 Left_Menu_Selection/div_PanelTitlePerolehan")): Object: 'Object Repository/Perolehan/001 Left_Menu_Selection/div_PanelTitlePerolehan' is clicked on

2019-04-02 11:16:57 - [MESSAGE][PASSED] - Object: 'Object Repository/Perolehan/001 Left_Menu_Selection/div_PanelTitlePerolehan' is clicked on

2019-04-02 11:16:57 - [TEST_STEP][PASSED] - delay(3, STOP_ON_FAILURE): Delayed 3 second(s)

2019-04-02 11:17:00 - [MESSAGE][PASSED] - Delayed 3 second(s)

2019-04-02 11:17:00 - [TEST_STEP][PASSED] - click(findTestObject("Perolehan/001 Left_Menu_Selection/div_PesananTempatan")): Object: 'Object Repository/Perolehan/001 Left_Menu_Selection/div_PesananTempatan' is clicked on

2019-04-02 11:17:00 - [MESSAGE][PASSED] - Object: 'Object Repository/Perolehan/001 Left_Menu_Selection/div_PesananTempatan' is clicked on

2019-04-02 11:17:00 - [TEST_STEP][PASSED] - delay(3): Delayed 3 second(s)

2019-04-02 11:17:03 - [MESSAGE][PASSED] - Delayed 3 second(s)

2019-04-02 11:17:03 - [TEST_STEP][PASSED] - setText(findTestObject("Perolehan/003 Pengesah/input_No_Rekod"), PesananTempatanRekodID): Text '19CHPT030100095' is set on object 'Object Repository/Perolehan/003 Pengesah/input_No_Rekod'

2019-04-02 11:17:17 - [MESSAGE][PASSED] - Text '19CHPT030100095' is set on object 'Object Repository/Perolehan/003 Pengesah/input_No_Rekod'

2019-04-02 11:17:17 - [TEST_STEP][PASSED] - doubleClick(findTestObject("Perolehan/003 Pengesah/Senarai_Tugas_Item_No_1", ["text":PesananTempatanRekodID])): Object: 'Object Repository/Perolehan/003 Pengesah/Senarai_Tugas_Item_No_1' is double clicked on

2019-04-02 11:17:18 - [MESSAGE][PASSED] - Object: 'Object Repository/Perolehan/003 Pengesah/Senarai_Tugas_Item_No_1' is double clicked on

2019-04-02 11:17:18 - [TEST_STEP][PASSED] - delay(3): Delayed 3 second(s)

2019-04-02 11:17:21 - [MESSAGE][PASSED] - Delayed 3 second(s)

2019-04-02 11:17:21 - [TEST_STEP][PASSED] - mydate = new java.util.Date(): null

2019-04-02 11:17:21 - [TEST_STEP][PASSED] - formattedDate = mydate.format("dd/MM/yyyy"): null

2019-04-02 11:17:21 - [TEST_STEP][PASSED] - formattedYear = mydate.format("yyyy"): null

2019-04-02 11:17:21 - [TEST_STEP][PASSED] - println(formattedDate): null

2019-04-02 11:17:21 - [TEST_STEP][PASSED] - println(formattedYear): null

2019-04-02 11:17:21 - [TEST_STEP][PASSED] - TahunKewangan = getText(findTestObject("Perolehan/003 Pengesah/Label_tahun_kewangan")): Text of object 'Object Repository/Perolehan/003 Pengesah/Label_tahun_kewangan' is: '2019'

2019-04-02 11:17:21 - [MESSAGE][PASSED] - Text of object 'Object Repository/Perolehan/003 Pengesah/Label_tahun_kewangan' is: '2019'

2019-04-02 11:17:21 - [TEST_STEP][PASSED] - verifyMatch(TahunKewangan, formattedYear, false): Actual text '2019' and expected text '2019' are matched 

2019-04-02 11:17:21 - [MESSAGE][PASSED] - Actual text '2019' and expected text '2019' are matched 

2019-04-02 11:17:21 - [TEST_STEP][PASSED] - TarikhSemasa = getText(findTestObject("Perolehan/003 Pengesah/Label_Tarikh_semasa")): Text of object 'Object Repository/Perolehan/003 Pengesah/Label_Tarikh_semasa' is: '02/04/2019'

2019-04-02 11:17:21 - [MESSAGE][PASSED] - Text of object 'Object Repository/Perolehan/003 Pengesah/Label_Tarikh_semasa' is: '02/04/2019'

2019-04-02 11:17:21 - [TEST_STEP][PASSED] - verifyMatch(TarikhSemasa, formattedDate, false): Actual text '02/04/2019' and expected text '02/04/2019' are matched 

2019-04-02 11:17:21 - [MESSAGE][PASSED] - Actual text '02/04/2019' and expected text '02/04/2019' are matched 

2019-04-02 11:17:21 - [TEST_STEP][PASSED] - delay(3): Delayed 3 second(s)

2019-04-02 11:17:24 - [MESSAGE][PASSED] - Delayed 3 second(s)

2019-04-02 11:17:24 - [TEST_STEP][PASSED] - jumlah = getText(findTestObject("Perolehan/003 Pengesah/label_Jumlah_pesanan_tempatan")): Text of object 'Object Repository/Perolehan/003 Pengesah/label_Jumlah_pesanan_tempatan' is: '5.30'

2019-04-02 11:17:24 - [MESSAGE][PASSED] - Text of object 'Object Repository/Perolehan/003 Pengesah/label_Jumlah_pesanan_tempatan' is: '5.30'

2019-04-02 11:17:24 - [TEST_STEP][PASSED] - println(jumlah): null

2019-04-02 11:17:24 - [TEST_STEP][PASSED] - verifyMatch(jumlah, TotalAmaunPT, false): Actual text '5.30' and expected text '5.30' are matched 

2019-04-02 11:17:24 - [MESSAGE][PASSED] - Actual text '5.30' and expected text '5.30' are matched 

2019-04-02 11:17:24 - [TEST_STEP][PASSED] - click(findTestObject("Perolehan/003 Pengesah/button_sah")): Object: 'Object Repository/Perolehan/003 Pengesah/button_sah' is clicked on

2019-04-02 11:17:24 - [MESSAGE][PASSED] - Object: 'Object Repository/Perolehan/003 Pengesah/button_sah' is clicked on

2019-04-02 11:17:24 - [TEST_STEP][PASSED] - delay(3): Delayed 3 second(s)

2019-04-02 11:17:27 - [MESSAGE][PASSED] - Delayed 3 second(s)

2019-04-02 11:17:27 - [TEST_STEP][PASSED] - click(findTestObject("Perolehan/003 Pengesah/Button_ya_sahkan")): Object: 'Object Repository/Perolehan/003 Pengesah/Button_ya_sahkan' is clicked on

2019-04-02 11:17:27 - [MESSAGE][PASSED] - Object: 'Object Repository/Perolehan/003 Pengesah/Button_ya_sahkan' is clicked on

2019-04-02 11:17:27 - [TEST_STEP][PASSED] - delay(5): Delayed 5 second(s)

2019-04-02 11:17:32 - [MESSAGE][PASSED] - Delayed 5 second(s)

2019-04-02 11:17:32 - [TEST_STEP][PASSED] - waitForElementClickable(findTestObject("Perolehan/003 Pengesah/button_OK_berjaya_disah"), 60): Object 'Object Repository/Perolehan/003 Pengesah/button_OK_berjaya_disah' is clickable

2019-04-02 11:17:32 - [MESSAGE][PASSED] - Object 'Object Repository/Perolehan/003 Pengesah/button_OK_berjaya_disah' is clickable

2019-04-02 11:17:32 - [TEST_STEP][PASSED] - waitForElementClickable(findTestObject("Perolehan/002 Penyedia_RekodBaru/001 Rekod Baru Pesanan Tempatan/button_OK_Rekod_Berjaya_disimpan"), 300): Object 'Object Repository/Perolehan/002 Penyedia_RekodBaru/001 Rekod Baru Pesanan Tempatan/button_OK_Rekod_Berjaya_disimpan' is clickable

2019-04-02 11:17:32 - [MESSAGE][PASSED] - Object 'Object Repository/Perolehan/002 Penyedia_RekodBaru/001 Rekod Baru Pesanan Tempatan/button_OK_Rekod_Berjaya_disimpan' is clickable

2019-04-02 11:17:32 - [TEST_STEP][PASSED] - element = findWebElement(findTestObject("Perolehan/003 Pengesah/button_OK_berjaya_disah"), 300): null

2019-04-02 11:17:32 - [TEST_STEP][PASSED] - executeJavaScript("arguments[0].click", Arrays.asList(element)): Execute JavaScript 'arguments[0].click' successfully

2019-04-02 11:17:32 - [MESSAGE][PASSED] - Execute JavaScript 'arguments[0].click' successfully

2019-04-02 11:17:32 - [TEST_STEP][PASSED] - delay(5): Delayed 5 second(s)

2019-04-02 11:17:37 - [MESSAGE][PASSED] - Delayed 5 second(s)

2019-04-02 11:17:37 - [TEST_STEP][PASSED] - click(findTestObject("Perolehan/003 Pengesah/button_OK_berjaya_disah")): Object: 'Object Repository/Perolehan/003 Pengesah/button_OK_berjaya_disah' is clicked on

2019-04-02 11:17:37 - [MESSAGE][PASSED] - Object: 'Object Repository/Perolehan/003 Pengesah/button_OK_berjaya_disah' is clicked on

2019-04-02 11:17:37 - [TEST_STEP][PASSED] - closeBrowser(): Browser is closed

2019-04-02 11:17:38 - [MESSAGE][PASSED] - Browser is closed]]></system-out>
         <system-err><![CDATA[]]></system-err>
      </testcase>
      <testcase name="Test Cases/Perolehan/004 Pelulus Pesanan Tempatan/Pelulus" classname="Test Cases/Perolehan/004 Pelulus Pesanan Tempatan/Pelulus" status="PASSED">
         <system-out><![CDATA[2019-04-02 11:17:38 - [TEST_CASE][PASSED] - Test Cases/Perolehan/004 Pelulus Pesanan Tempatan/Pelulus: Test Cases/Perolehan/004 Pelulus Pesanan Tempatan/Pelulus

2019-04-02 11:17:38 - [TEST_STEP][PASSED] - openBrowser(""): Browser is opened with url: ''

2019-04-02 11:17:38 - [MESSAGE][INFO] - Starting 'Chrome' driver

2019-04-02 11:17:40 - [MESSAGE][PASSED] - Browser is opened with url: ''

2019-04-02 11:17:40 - [TEST_STEP][PASSED] - navigateToUrl(URL_Homepage): Navigate to 'http://175.143.52.101:7010/1SPEKSv2/' successfully

2019-04-02 11:17:41 - [MESSAGE][PASSED] - Navigate to 'http://175.143.52.101:7010/1SPEKSv2/' successfully

2019-04-02 11:17:41 - [TEST_STEP][PASSED] - reusablefunctions.reusablefunctions.Login(findTestData("ispekstestdata").getValue(1, 7), findTestData("ispekstestdata").getValue(2, 7)): reusablefunctions.reusablefunctions.Login is PASSED

2019-04-02 11:17:41 - [MESSAGE][PASSED] - Text '780613015177' is set on object 'Object Repository/Login/input_NoKadPengenalan'

2019-04-02 11:17:41 - [MESSAGE][PASSED] - Text ****** has been set on object 'Object Repository/Login/input_Password'

2019-04-02 11:17:42 - [MESSAGE][PASSED] - Object: 'Object Repository/Login/input_ButtonLogMasuk' is clicked on

2019-04-02 11:17:52 - [MESSAGE][PASSED] - Delayed 10 second(s)

2019-04-02 11:17:52 - [MESSAGE][PASSED] - reusablefunctions.reusablefunctions.Login is PASSED

2019-04-02 11:17:52 - [TEST_STEP][PASSED] - click(findTestObject("Perolehan/TukarPeranan/IconTukarPeranan")): Object: 'Object Repository/Perolehan/TukarPeranan/IconTukarPeranan' is clicked on

2019-04-02 11:17:52 - [MESSAGE][PASSED] - Object: 'Object Repository/Perolehan/TukarPeranan/IconTukarPeranan' is clicked on

2019-04-02 11:17:52 - [TEST_STEP][PASSED] - click(findTestObject("Perolehan/TukarPeranan/input_TukarPeranan", ["value":"220"])): Object: 'Object Repository/Perolehan/TukarPeranan/input_TukarPeranan' is clicked on

2019-04-02 11:17:52 - [MESSAGE][PASSED] - Object: 'Object Repository/Perolehan/TukarPeranan/input_TukarPeranan' is clicked on

2019-04-02 11:17:52 - [TEST_STEP][PASSED] - click(findTestObject("Perolehan/TukarPeranan/button_Ya")): Object: 'Object Repository/Perolehan/TukarPeranan/button_Ya' is clicked on

2019-04-02 11:17:52 - [MESSAGE][PASSED] - Object: 'Object Repository/Perolehan/TukarPeranan/button_Ya' is clicked on

2019-04-02 11:17:52 - [TEST_STEP][PASSED] - delay(20): Delayed 20 second(s)

2019-04-02 11:18:12 - [MESSAGE][PASSED] - Delayed 20 second(s)

2019-04-02 11:18:12 - [TEST_STEP][PASSED] - verifyTextPresent("Peranan : [Pelulus] Peringkat : [PTJ]", false): Text 'Peranan : [Pelulus] Peringkat : [PTJ]' is present on page 

2019-04-02 11:18:14 - [MESSAGE][PASSED] - Text 'Peranan : [Pelulus] Peringkat : [PTJ]' is present on page 

2019-04-02 11:18:14 - [TEST_STEP][PASSED] - delay(5): Delayed 5 second(s)

2019-04-02 11:18:19 - [MESSAGE][PASSED] - Delayed 5 second(s)

2019-04-02 11:18:19 - [TEST_STEP][PASSED] - click(findTestObject("Perolehan/001 Left_Menu_Selection/a_ExpandMenuonLeft")): Object: 'Object Repository/Perolehan/001 Left_Menu_Selection/a_ExpandMenuonLeft' is clicked on

2019-04-02 11:18:19 - [MESSAGE][PASSED] - Object: 'Object Repository/Perolehan/001 Left_Menu_Selection/a_ExpandMenuonLeft' is clicked on

2019-04-02 11:18:19 - [TEST_STEP][PASSED] - delay(3, STOP_ON_FAILURE): Delayed 3 second(s)

2019-04-02 11:18:22 - [MESSAGE][PASSED] - Delayed 3 second(s)

2019-04-02 11:18:22 - [TEST_STEP][PASSED] - click(findTestObject("Perolehan/001 Left_Menu_Selection/div_PanelTitlePerolehan")): Object: 'Object Repository/Perolehan/001 Left_Menu_Selection/div_PanelTitlePerolehan' is clicked on

2019-04-02 11:18:23 - [MESSAGE][PASSED] - Object: 'Object Repository/Perolehan/001 Left_Menu_Selection/div_PanelTitlePerolehan' is clicked on

2019-04-02 11:18:23 - [TEST_STEP][PASSED] - delay(3, STOP_ON_FAILURE): Delayed 3 second(s)

2019-04-02 11:18:26 - [MESSAGE][PASSED] - Delayed 3 second(s)

2019-04-02 11:18:26 - [TEST_STEP][PASSED] - click(findTestObject("Perolehan/001 Left_Menu_Selection/div_PesananTempatan")): Object: 'Object Repository/Perolehan/001 Left_Menu_Selection/div_PesananTempatan' is clicked on

2019-04-02 11:18:26 - [MESSAGE][PASSED] - Object: 'Object Repository/Perolehan/001 Left_Menu_Selection/div_PesananTempatan' is clicked on

2019-04-02 11:18:26 - [TEST_STEP][PASSED] - delay(3): Delayed 3 second(s)

2019-04-02 11:18:29 - [MESSAGE][PASSED] - Delayed 3 second(s)

2019-04-02 11:18:29 - [TEST_STEP][PASSED] - setText(findTestObject("Perolehan/004 Pelulus/input_No_Rekod"), PesananTempatanRekodID): Text '19CHPT030100095' is set on object 'Object Repository/Perolehan/004 Pelulus/input_No_Rekod'

2019-04-02 11:18:29 - [MESSAGE][PASSED] - Text '19CHPT030100095' is set on object 'Object Repository/Perolehan/004 Pelulus/input_No_Rekod'

2019-04-02 11:18:29 - [TEST_STEP][PASSED] - doubleClick(findTestObject("Perolehan/004 Pelulus/Senarai_Tugas_Item_No_1", ["text":PesananTempatanRekodID])): Object: 'Object Repository/Perolehan/004 Pelulus/Senarai_Tugas_Item_No_1' is double clicked on

2019-04-02 11:18:29 - [MESSAGE][PASSED] - Object: 'Object Repository/Perolehan/004 Pelulus/Senarai_Tugas_Item_No_1' is double clicked on

2019-04-02 11:18:29 - [TEST_STEP][PASSED] - delay(3): Delayed 3 second(s)

2019-04-02 11:18:32 - [MESSAGE][PASSED] - Delayed 3 second(s)

2019-04-02 11:18:32 - [TEST_STEP][PASSED] - mydate = new java.util.Date(): null

2019-04-02 11:18:32 - [TEST_STEP][PASSED] - formattedDate = mydate.format("dd/MM/yyyy"): null

2019-04-02 11:18:32 - [TEST_STEP][PASSED] - formattedYear = mydate.format("yyyy"): null

2019-04-02 11:18:32 - [TEST_STEP][PASSED] - println(formattedDate): null

2019-04-02 11:18:32 - [TEST_STEP][PASSED] - println(formattedYear): null

2019-04-02 11:18:32 - [TEST_STEP][PASSED] - TahunKewangan = getText(findTestObject("Perolehan/003 Pengesah/Label_tahun_kewangan")): Text of object 'Object Repository/Perolehan/003 Pengesah/Label_tahun_kewangan' is: '2019'

2019-04-02 11:18:32 - [MESSAGE][PASSED] - Text of object 'Object Repository/Perolehan/003 Pengesah/Label_tahun_kewangan' is: '2019'

2019-04-02 11:18:32 - [TEST_STEP][PASSED] - verifyMatch(TahunKewangan, formattedYear, false): Actual text '2019' and expected text '2019' are matched 

2019-04-02 11:18:32 - [MESSAGE][PASSED] - Actual text '2019' and expected text '2019' are matched 

2019-04-02 11:18:32 - [TEST_STEP][PASSED] - TarikhSemasa = getText(findTestObject("Perolehan/003 Pengesah/Label_Tarikh_semasa")): Text of object 'Object Repository/Perolehan/003 Pengesah/Label_Tarikh_semasa' is: '02/04/2019'

2019-04-02 11:18:32 - [MESSAGE][PASSED] - Text of object 'Object Repository/Perolehan/003 Pengesah/Label_Tarikh_semasa' is: '02/04/2019'

2019-04-02 11:18:32 - [TEST_STEP][PASSED] - verifyMatch(TarikhSemasa, formattedDate, false): Actual text '02/04/2019' and expected text '02/04/2019' are matched 

2019-04-02 11:18:32 - [MESSAGE][PASSED] - Actual text '02/04/2019' and expected text '02/04/2019' are matched 

2019-04-02 11:18:32 - [TEST_STEP][PASSED] - delay(20): Delayed 20 second(s)

2019-04-02 11:18:52 - [MESSAGE][PASSED] - Delayed 20 second(s)

2019-04-02 11:18:52 - [TEST_STEP][PASSED] - jumlah = getText(findTestObject("Perolehan/003 Pengesah/label_Jumlah_pesanan_tempatan")): Text of object 'Object Repository/Perolehan/003 Pengesah/label_Jumlah_pesanan_tempatan' is: '5.30'

2019-04-02 11:18:52 - [MESSAGE][PASSED] - Text of object 'Object Repository/Perolehan/003 Pengesah/label_Jumlah_pesanan_tempatan' is: '5.30'

2019-04-02 11:18:52 - [TEST_STEP][PASSED] - delay(3): Delayed 3 second(s)

2019-04-02 11:18:55 - [MESSAGE][PASSED] - Delayed 3 second(s)

2019-04-02 11:18:55 - [TEST_STEP][PASSED] - println(jumlah): null

2019-04-02 11:18:55 - [TEST_STEP][PASSED] - verifyMatch(jumlah, TotalAmaunPT, false): Actual text '5.30' and expected text '5.30' are matched 

2019-04-02 11:18:55 - [MESSAGE][PASSED] - Actual text '5.30' and expected text '5.30' are matched 

2019-04-02 11:18:55 - [TEST_STEP][PASSED] - click(findTestObject("Perolehan/004 Pelulus/button_Lulus")): Object: 'Object Repository/Perolehan/004 Pelulus/button_Lulus' is clicked on

2019-04-02 11:18:55 - [MESSAGE][PASSED] - Object: 'Object Repository/Perolehan/004 Pelulus/button_Lulus' is clicked on

2019-04-02 11:18:55 - [TEST_STEP][PASSED] - click(findTestObject("Perolehan/004 Pelulus/button_ya_luluskan")): Object: 'Object Repository/Perolehan/004 Pelulus/button_ya_luluskan' is clicked on

2019-04-02 11:18:55 - [MESSAGE][PASSED] - Object: 'Object Repository/Perolehan/004 Pelulus/button_ya_luluskan' is clicked on

2019-04-02 11:18:55 - [TEST_STEP][PASSED] - delay(8): Delayed 8 second(s)

2019-04-02 11:19:03 - [MESSAGE][PASSED] - Delayed 8 second(s)

2019-04-02 11:19:03 - [TEST_STEP][PASSED] - waitForElementClickable(findTestObject("Perolehan/004 Pelulus/button_OK_Berjaya_lulus"), 180): Object 'Object Repository/Perolehan/004 Pelulus/button_OK_Berjaya_lulus' is clickable

2019-04-02 11:19:06 - [MESSAGE][PASSED] - Object 'Object Repository/Perolehan/004 Pelulus/button_OK_Berjaya_lulus' is clickable

2019-04-02 11:19:06 - [TEST_STEP][PASSED] - RekodBerjayaLulus = getText(findTestObject("Perolehan/004 Pelulus/RekodBerjayaLulus")): Text of object 'Object Repository/Perolehan/004 Pelulus/RekodBerjayaLulus' is: 'Rekod Telah Berjaya Diluluskan. [ NO DOKUMEN :19CHPT0300070 ]
Ok'

2019-04-02 11:19:06 - [MESSAGE][PASSED] - Text of object 'Object Repository/Perolehan/004 Pelulus/RekodBerjayaLulus' is: 'Rekod Telah Berjaya Diluluskan. [ NO DOKUMEN :19CHPT0300070 ]
Ok'

2019-04-02 11:19:06 - [TEST_STEP][PASSED] - println(RekodBerjayaLulus): null

2019-04-02 11:19:06 - [TEST_STEP][PASSED] - PTDokumenID = RekodBerjayaLulus[(46..58)]: null

2019-04-02 11:19:06 - [TEST_STEP][PASSED] - println(PTDokumenID): null

2019-04-02 11:19:06 - [TEST_STEP][PASSED] - PesananTempatanDokumenID = PTDokumenID: null

2019-04-02 11:19:06 - [TEST_STEP][PASSED] - delay(3): Delayed 3 second(s)

2019-04-02 11:19:09 - [MESSAGE][PASSED] - Delayed 3 second(s)

2019-04-02 11:19:09 - [TEST_STEP][PASSED] - waitForElementClickable(findTestObject("Perolehan/002 Penyedia_RekodBaru/001 Rekod Baru Pesanan Tempatan/button_OK_Rekod_Berjaya_disimpan"), 300): Object 'Object Repository/Perolehan/002 Penyedia_RekodBaru/001 Rekod Baru Pesanan Tempatan/button_OK_Rekod_Berjaya_disimpan' is clickable

2019-04-02 11:19:09 - [MESSAGE][PASSED] - Object 'Object Repository/Perolehan/002 Penyedia_RekodBaru/001 Rekod Baru Pesanan Tempatan/button_OK_Rekod_Berjaya_disimpan' is clickable

2019-04-02 11:19:09 - [TEST_STEP][PASSED] - element = findWebElement(findTestObject("Perolehan/004 Pelulus/button_OK_Berjaya_lulus"), 300): null

2019-04-02 11:19:09 - [TEST_STEP][PASSED] - executeJavaScript("arguments[0].click", Arrays.asList(element)): Execute JavaScript 'arguments[0].click' successfully

2019-04-02 11:19:09 - [MESSAGE][PASSED] - Execute JavaScript 'arguments[0].click' successfully

2019-04-02 11:19:09 - [TEST_STEP][PASSED] - click(findTestObject("Perolehan/004 Pelulus/button_OK_Berjaya_lulus")): Object: 'Object Repository/Perolehan/004 Pelulus/button_OK_Berjaya_lulus' is clicked on

2019-04-02 11:19:09 - [MESSAGE][PASSED] - Object: 'Object Repository/Perolehan/004 Pelulus/button_OK_Berjaya_lulus' is clicked on

2019-04-02 11:19:09 - [TEST_STEP][PASSED] - closeBrowser(): Browser is closed

2019-04-02 11:19:09 - [MESSAGE][PASSED] - Browser is closed]]></system-out>
         <system-err><![CDATA[]]></system-err>
      </testcase>
      <testcase name="Test Cases/Perolehan/005 Terimaan Barang Perkhidmatan/002 Proses Kemasukan Terimaan Barang - CEK" classname="Test Cases/Perolehan/005 Terimaan Barang Perkhidmatan/002 Proses Kemasukan Terimaan Barang - CEK" status="PASSED">
         <system-out><![CDATA[2019-04-02 11:19:09 - [TEST_CASE][PASSED] - Test Cases/Perolehan/005 Terimaan Barang Perkhidmatan/002 Proses Kemasukan Terimaan Barang - CEK: Test Cases/Perolehan/005 Terimaan Barang Perkhidmatan/002 Proses Kemasukan Terimaan Barang - CEK

2019-04-02 11:19:10 - [TEST_STEP][PASSED] - reusablefunctions.reusablefunctions.openbrowser(): reusablefunctions.reusablefunctions.openbrowser is PASSED

2019-04-02 11:19:10 - [MESSAGE][INFO] - Starting 'Chrome' driver

2019-04-02 11:19:13 - [MESSAGE][PASSED] - Browser is opened with url: 'http://175.143.52.101:7010/1SPEKSv2/'

2019-04-02 11:19:13 - [MESSAGE][PASSED] - reusablefunctions.reusablefunctions.openbrowser is PASSED

2019-04-02 11:19:13 - [TEST_STEP][PASSED] - reusablefunctions.reusablefunctions.Login(findTestData("ispekstestdata").getValue(1, 4), findTestData("ispekstestdata").getValue(2, 4)): reusablefunctions.reusablefunctions.Login is PASSED

2019-04-02 11:19:13 - [MESSAGE][PASSED] - Text '810213016116' is set on object 'Object Repository/Login/input_NoKadPengenalan'

2019-04-02 11:19:13 - [MESSAGE][PASSED] - Text ****** has been set on object 'Object Repository/Login/input_Password'

2019-04-02 11:19:14 - [MESSAGE][PASSED] - Object: 'Object Repository/Login/input_ButtonLogMasuk' is clicked on

2019-04-02 11:19:24 - [MESSAGE][PASSED] - Delayed 10 second(s)

2019-04-02 11:19:24 - [MESSAGE][PASSED] - reusablefunctions.reusablefunctions.Login is PASSED

2019-04-02 11:19:24 - [TEST_STEP][PASSED] - click(findTestObject("Perolehan/TukarPeranan/IconTukarPeranan")): Object: 'Object Repository/Perolehan/TukarPeranan/IconTukarPeranan' is clicked on

2019-04-02 11:19:24 - [MESSAGE][PASSED] - Object: 'Object Repository/Perolehan/TukarPeranan/IconTukarPeranan' is clicked on

2019-04-02 11:19:24 - [TEST_STEP][PASSED] - click(findTestObject("Perolehan/TukarPeranan/input_TukarPeranan", ["value":"255"])): Object: 'Object Repository/Perolehan/TukarPeranan/input_TukarPeranan' is clicked on

2019-04-02 11:19:24 - [MESSAGE][PASSED] - Object: 'Object Repository/Perolehan/TukarPeranan/input_TukarPeranan' is clicked on

2019-04-02 11:19:24 - [TEST_STEP][PASSED] - click(findTestObject("Perolehan/TukarPeranan/button_Ya")): Object: 'Object Repository/Perolehan/TukarPeranan/button_Ya' is clicked on

2019-04-02 11:19:24 - [MESSAGE][PASSED] - Object: 'Object Repository/Perolehan/TukarPeranan/button_Ya' is clicked on

2019-04-02 11:19:24 - [TEST_STEP][PASSED] - delay(20): Delayed 20 second(s)

2019-04-02 11:19:44 - [MESSAGE][PASSED] - Delayed 20 second(s)

2019-04-02 11:19:44 - [TEST_STEP][PASSED] - verifyTextPresent("Peranan : [Penyedia] Peringkat : [PTJ]", false): Text 'Peranan : [Penyedia] Peringkat : [PTJ]' is present on page 

2019-04-02 11:19:46 - [MESSAGE][PASSED] - Text 'Peranan : [Penyedia] Peringkat : [PTJ]' is present on page 

2019-04-02 11:19:46 - [TEST_STEP][PASSED] - click(findTestObject("Perolehan/001 Left_Menu_Selection/a_ExpandMenuonLeft")): Object: 'Object Repository/Perolehan/001 Left_Menu_Selection/a_ExpandMenuonLeft' is clicked on

2019-04-02 11:19:46 - [MESSAGE][PASSED] - Object: 'Object Repository/Perolehan/001 Left_Menu_Selection/a_ExpandMenuonLeft' is clicked on

2019-04-02 11:19:46 - [TEST_STEP][PASSED] - delay(3, STOP_ON_FAILURE): Delayed 3 second(s)

2019-04-02 11:19:49 - [MESSAGE][PASSED] - Delayed 3 second(s)

2019-04-02 11:19:49 - [TEST_STEP][PASSED] - click(findTestObject("Perolehan/001 Left_Menu_Selection/div_ClickonPerolehan")): Object: 'Object Repository/Perolehan/001 Left_Menu_Selection/div_ClickonPerolehan' is clicked on

2019-04-02 11:19:50 - [MESSAGE][PASSED] - Object: 'Object Repository/Perolehan/001 Left_Menu_Selection/div_ClickonPerolehan' is clicked on

2019-04-02 11:19:50 - [TEST_STEP][PASSED] - delay(3, STOP_ON_FAILURE): Delayed 3 second(s)

2019-04-02 11:19:53 - [MESSAGE][PASSED] - Delayed 3 second(s)

2019-04-02 11:19:53 - [TEST_STEP][PASSED] - click(findTestObject("Perolehan/001 Left_Menu_Selection/div_Kemasukan_Terimaan_Barang")): Object: 'Object Repository/Perolehan/001 Left_Menu_Selection/div_Kemasukan_Terimaan_Barang' is clicked on

2019-04-02 11:19:53 - [MESSAGE][PASSED] - Object: 'Object Repository/Perolehan/001 Left_Menu_Selection/div_Kemasukan_Terimaan_Barang' is clicked on

2019-04-02 11:19:53 - [TEST_STEP][PASSED] - assert true: null

2019-04-02 11:19:53 - [TEST_STEP][PASSED] - delay(5): Delayed 5 second(s)

2019-04-02 11:19:58 - [MESSAGE][PASSED] - Delayed 5 second(s)

2019-04-02 11:19:58 - [TEST_STEP][PASSED] - click(findTestObject("Perolehan/005 Kemasukan Terimaan/001 Kemasukan Pesanan Tempatan/button_REKOD BARU")): Object: 'Object Repository/Perolehan/005 Kemasukan Terimaan/001 Kemasukan Pesanan Tempatan/button_REKOD BARU' is clicked on

2019-04-02 11:19:58 - [MESSAGE][PASSED] - Object: 'Object Repository/Perolehan/005 Kemasukan Terimaan/001 Kemasukan Pesanan Tempatan/button_REKOD BARU' is clicked on

2019-04-02 11:19:58 - [TEST_STEP][PASSED] - delay(3): Delayed 3 second(s)

2019-04-02 11:20:01 - [MESSAGE][PASSED] - Delayed 3 second(s)

2019-04-02 11:20:01 - [TEST_STEP][PASSED] - click(findTestObject("Perolehan/005 Kemasukan Terimaan/001 Kemasukan Pesanan Tempatan/Drop_down_No_Dokumen")): Object: 'Object Repository/Perolehan/005 Kemasukan Terimaan/001 Kemasukan Pesanan Tempatan/Drop_down_No_Dokumen' is clicked on

2019-04-02 11:20:01 - [MESSAGE][PASSED] - Object: 'Object Repository/Perolehan/005 Kemasukan Terimaan/001 Kemasukan Pesanan Tempatan/Drop_down_No_Dokumen' is clicked on

2019-04-02 11:20:01 - [TEST_STEP][PASSED] - delay(3): Delayed 3 second(s)

2019-04-02 11:20:04 - [MESSAGE][PASSED] - Delayed 3 second(s)

2019-04-02 11:20:04 - [TEST_STEP][PASSED] - setText(findTestObject("Perolehan/005 Kemasukan Terimaan/001 Kemasukan Pesanan Tempatan/input_No_Dokumen_value"), PesananTempatanDokumenID): Text '19CHPT0300070' is set on object 'Object Repository/Perolehan/005 Kemasukan Terimaan/001 Kemasukan Pesanan Tempatan/input_No_Dokumen_value'

2019-04-02 11:20:04 - [MESSAGE][PASSED] - Text '19CHPT0300070' is set on object 'Object Repository/Perolehan/005 Kemasukan Terimaan/001 Kemasukan Pesanan Tempatan/input_No_Dokumen_value'

2019-04-02 11:20:04 - [TEST_STEP][PASSED] - delay(5): Delayed 5 second(s)

2019-04-02 11:20:09 - [MESSAGE][PASSED] - Delayed 5 second(s)

2019-04-02 11:20:09 - [TEST_STEP][PASSED] - click(findTestObject("Perolehan/005 Kemasukan Terimaan/001 Kemasukan Pesanan Tempatan/select_No_Dokumen")): Object: 'Object Repository/Perolehan/005 Kemasukan Terimaan/001 Kemasukan Pesanan Tempatan/select_No_Dokumen' is clicked on

2019-04-02 11:20:09 - [MESSAGE][PASSED] - Object: 'Object Repository/Perolehan/005 Kemasukan Terimaan/001 Kemasukan Pesanan Tempatan/select_No_Dokumen' is clicked on

2019-04-02 11:20:09 - [TEST_STEP][PASSED] - delay(3): Delayed 3 second(s)

2019-04-02 11:20:12 - [MESSAGE][PASSED] - Delayed 3 second(s)

2019-04-02 11:20:12 - [TEST_STEP][PASSED] - click(findTestObject("Perolehan/005 Kemasukan Terimaan/001 Kemasukan Pesanan Tempatan/button_Cari")): Object: 'Object Repository/Perolehan/005 Kemasukan Terimaan/001 Kemasukan Pesanan Tempatan/button_Cari' is clicked on

2019-04-02 11:20:12 - [MESSAGE][PASSED] - Object: 'Object Repository/Perolehan/005 Kemasukan Terimaan/001 Kemasukan Pesanan Tempatan/button_Cari' is clicked on

2019-04-02 11:20:12 - [TEST_STEP][PASSED] - delay(3): Delayed 3 second(s)

2019-04-02 11:20:15 - [MESSAGE][PASSED] - Delayed 3 second(s)

2019-04-02 11:20:15 - [TEST_STEP][PASSED] - click(findTestObject("Perolehan/005 Kemasukan Terimaan/001 Kemasukan Pesanan Tempatan/OK_Rekod_Wujud")): Object: 'Object Repository/Perolehan/005 Kemasukan Terimaan/001 Kemasukan Pesanan Tempatan/OK_Rekod_Wujud' is clicked on

2019-04-02 11:20:15 - [MESSAGE][PASSED] - Object: 'Object Repository/Perolehan/005 Kemasukan Terimaan/001 Kemasukan Pesanan Tempatan/OK_Rekod_Wujud' is clicked on

2019-04-02 11:20:15 - [TEST_STEP][PASSED] - delay(3): Delayed 3 second(s)

2019-04-02 11:20:18 - [MESSAGE][PASSED] - Delayed 3 second(s)

2019-04-02 11:20:18 - [TEST_STEP][PASSED] - click(findTestObject("Perolehan/005 Kemasukan Terimaan/001 Kemasukan Pesanan Tempatan/Drop_down_Jenis_Terimaan")): Object: 'Object Repository/Perolehan/005 Kemasukan Terimaan/001 Kemasukan Pesanan Tempatan/Drop_down_Jenis_Terimaan' is clicked on

2019-04-02 11:20:19 - [MESSAGE][PASSED] - Object: 'Object Repository/Perolehan/005 Kemasukan Terimaan/001 Kemasukan Pesanan Tempatan/Drop_down_Jenis_Terimaan' is clicked on

2019-04-02 11:20:19 - [TEST_STEP][PASSED] - click(findTestObject("Perolehan/005 Kemasukan Terimaan/001 Kemasukan Pesanan Tempatan/select_TERIMAAN_BARANG_PENUH")): Object: 'Object Repository/Perolehan/005 Kemasukan Terimaan/001 Kemasukan Pesanan Tempatan/select_TERIMAAN_BARANG_PENUH' is clicked on

2019-04-02 11:20:19 - [MESSAGE][PASSED] - Object: 'Object Repository/Perolehan/005 Kemasukan Terimaan/001 Kemasukan Pesanan Tempatan/select_TERIMAAN_BARANG_PENUH' is clicked on

2019-04-02 11:20:19 - [TEST_STEP][PASSED] - setText(findTestObject("Perolehan/005 Kemasukan Terimaan/001 Kemasukan Pesanan Tempatan/input_No_nota_penghantaran"), "Test Nota No 123"): Text 'Test Nota No 123' is set on object 'Object Repository/Perolehan/005 Kemasukan Terimaan/001 Kemasukan Pesanan Tempatan/input_No_nota_penghantaran'

2019-04-02 11:20:19 - [MESSAGE][PASSED] - Text 'Test Nota No 123' is set on object 'Object Repository/Perolehan/005 Kemasukan Terimaan/001 Kemasukan Pesanan Tempatan/input_No_nota_penghantaran'

2019-04-02 11:20:19 - [TEST_STEP][PASSED] - click(findTestObject("Perolehan/005 Kemasukan Terimaan/001 Kemasukan Pesanan Tempatan/Date_Picker_Tarikh_Terimaan")): Object: 'Object Repository/Perolehan/005 Kemasukan Terimaan/001 Kemasukan Pesanan Tempatan/Date_Picker_Tarikh_Terimaan' is clicked on

2019-04-02 11:20:19 - [MESSAGE][PASSED] - Object: 'Object Repository/Perolehan/005 Kemasukan Terimaan/001 Kemasukan Pesanan Tempatan/Date_Picker_Tarikh_Terimaan' is clicked on

2019-04-02 11:20:19 - [TEST_STEP][PASSED] - click(findTestObject("Perolehan/005 Kemasukan Terimaan/001 Kemasukan Pesanan Tempatan/Select_Today")): Object: 'Object Repository/Perolehan/005 Kemasukan Terimaan/001 Kemasukan Pesanan Tempatan/Select_Today' is clicked on

2019-04-02 11:20:19 - [MESSAGE][PASSED] - Object: 'Object Repository/Perolehan/005 Kemasukan Terimaan/001 Kemasukan Pesanan Tempatan/Select_Today' is clicked on

2019-04-02 11:20:19 - [TEST_STEP][PASSED] - delay(3): Delayed 3 second(s)

2019-04-02 11:20:22 - [MESSAGE][PASSED] - Delayed 3 second(s)

2019-04-02 11:20:22 - [TEST_STEP][PASSED] - doubleClick(findTestObject("Perolehan/005 Kemasukan Terimaan/001 Kemasukan Pesanan Tempatan/Perihal_Barang - CEK", ["text":kod_barang_cek])): Object: 'Object Repository/Perolehan/005 Kemasukan Terimaan/001 Kemasukan Pesanan Tempatan/Perihal_Barang - CEK' is double clicked on

2019-04-02 11:20:22 - [MESSAGE][PASSED] - Object: 'Object Repository/Perolehan/005 Kemasukan Terimaan/001 Kemasukan Pesanan Tempatan/Perihal_Barang - CEK' is double clicked on

2019-04-02 11:20:22 - [TEST_STEP][PASSED] - for (def index : (1..3)): Object: 'Object Repository/Perolehan/005 Kemasukan Terimaan/001 Kemasukan Pesanan Tempatan/Spinner_up_Dihantar' is clicked on

2019-04-02 11:20:22 - [TEST_STEP][PASSED] - click(findTestObject("Perolehan/005 Kemasukan Terimaan/001 Kemasukan Pesanan Tempatan/Spinner_up_Dihantar")): Object: 'Object Repository/Perolehan/005 Kemasukan Terimaan/001 Kemasukan Pesanan Tempatan/Spinner_up_Dihantar' is clicked on

2019-04-02 11:20:22 - [MESSAGE][PASSED] - Object: 'Object Repository/Perolehan/005 Kemasukan Terimaan/001 Kemasukan Pesanan Tempatan/Spinner_up_Dihantar' is clicked on

2019-04-02 11:20:22 - [TEST_STEP][PASSED] - click(findTestObject("Perolehan/005 Kemasukan Terimaan/001 Kemasukan Pesanan Tempatan/Spinner_up_Dihantar")): Object: 'Object Repository/Perolehan/005 Kemasukan Terimaan/001 Kemasukan Pesanan Tempatan/Spinner_up_Dihantar' is clicked on

2019-04-02 11:20:22 - [MESSAGE][PASSED] - Object: 'Object Repository/Perolehan/005 Kemasukan Terimaan/001 Kemasukan Pesanan Tempatan/Spinner_up_Dihantar' is clicked on

2019-04-02 11:20:22 - [TEST_STEP][PASSED] - click(findTestObject("Perolehan/005 Kemasukan Terimaan/001 Kemasukan Pesanan Tempatan/Spinner_up_Dihantar")): Object: 'Object Repository/Perolehan/005 Kemasukan Terimaan/001 Kemasukan Pesanan Tempatan/Spinner_up_Dihantar' is clicked on

2019-04-02 11:20:22 - [MESSAGE][PASSED] - Object: 'Object Repository/Perolehan/005 Kemasukan Terimaan/001 Kemasukan Pesanan Tempatan/Spinner_up_Dihantar' is clicked on

2019-04-02 11:20:22 - [TEST_STEP][PASSED] - for (def index : (1..3)): Object: 'Object Repository/Perolehan/005 Kemasukan Terimaan/001 Kemasukan Pesanan Tempatan/Spinner_up_Diterima' is clicked on

2019-04-02 11:20:22 - [TEST_STEP][PASSED] - click(findTestObject("Perolehan/005 Kemasukan Terimaan/001 Kemasukan Pesanan Tempatan/Spinner_up_Diterima")): Object: 'Object Repository/Perolehan/005 Kemasukan Terimaan/001 Kemasukan Pesanan Tempatan/Spinner_up_Diterima' is clicked on

2019-04-02 11:20:22 - [MESSAGE][PASSED] - Object: 'Object Repository/Perolehan/005 Kemasukan Terimaan/001 Kemasukan Pesanan Tempatan/Spinner_up_Diterima' is clicked on

2019-04-02 11:20:22 - [TEST_STEP][PASSED] - click(findTestObject("Perolehan/005 Kemasukan Terimaan/001 Kemasukan Pesanan Tempatan/Spinner_up_Diterima")): Object: 'Object Repository/Perolehan/005 Kemasukan Terimaan/001 Kemasukan Pesanan Tempatan/Spinner_up_Diterima' is clicked on

2019-04-02 11:20:22 - [MESSAGE][PASSED] - Object: 'Object Repository/Perolehan/005 Kemasukan Terimaan/001 Kemasukan Pesanan Tempatan/Spinner_up_Diterima' is clicked on

2019-04-02 11:20:22 - [TEST_STEP][PASSED] - click(findTestObject("Perolehan/005 Kemasukan Terimaan/001 Kemasukan Pesanan Tempatan/Spinner_up_Diterima")): Object: 'Object Repository/Perolehan/005 Kemasukan Terimaan/001 Kemasukan Pesanan Tempatan/Spinner_up_Diterima' is clicked on

2019-04-02 11:20:22 - [MESSAGE][PASSED] - Object: 'Object Repository/Perolehan/005 Kemasukan Terimaan/001 Kemasukan Pesanan Tempatan/Spinner_up_Diterima' is clicked on

2019-04-02 11:20:22 - [TEST_STEP][PASSED] - click(findTestObject("Perolehan/005 Kemasukan Terimaan/001 Kemasukan Pesanan Tempatan/button_Simpan")): Object: 'Object Repository/Perolehan/005 Kemasukan Terimaan/001 Kemasukan Pesanan Tempatan/button_Simpan' is clicked on

2019-04-02 11:20:22 - [MESSAGE][PASSED] - Object: 'Object Repository/Perolehan/005 Kemasukan Terimaan/001 Kemasukan Pesanan Tempatan/button_Simpan' is clicked on

2019-04-02 11:20:22 - [TEST_STEP][PASSED] - delay(3): Delayed 3 second(s)

2019-04-02 11:20:25 - [MESSAGE][PASSED] - Delayed 3 second(s)

2019-04-02 11:20:25 - [TEST_STEP][PASSED] - waitForElementClickable(findTestObject("Perolehan/005 Kemasukan Terimaan/001 Kemasukan Pesanan Tempatan/button_OK_Rekod_disimpan"), 60): Object 'Object Repository/Perolehan/005 Kemasukan Terimaan/001 Kemasukan Pesanan Tempatan/button_OK_Rekod_disimpan' is clickable

2019-04-02 11:20:25 - [MESSAGE][PASSED] - Object 'Object Repository/Perolehan/005 Kemasukan Terimaan/001 Kemasukan Pesanan Tempatan/button_OK_Rekod_disimpan' is clickable

2019-04-02 11:20:25 - [TEST_STEP][PASSED] - click(findTestObject("Perolehan/005 Kemasukan Terimaan/001 Kemasukan Pesanan Tempatan/button_OK_Rekod_disimpan")): Object: 'Object Repository/Perolehan/005 Kemasukan Terimaan/001 Kemasukan Pesanan Tempatan/button_OK_Rekod_disimpan' is clicked on

2019-04-02 11:20:26 - [MESSAGE][PASSED] - Object: 'Object Repository/Perolehan/005 Kemasukan Terimaan/001 Kemasukan Pesanan Tempatan/button_OK_Rekod_disimpan' is clicked on

2019-04-02 11:20:26 - [TEST_STEP][PASSED] - click(findTestObject("Perolehan/005 Kemasukan Terimaan/001 Kemasukan Pesanan Tempatan/button_Sah_Simpan")): Object: 'Object Repository/Perolehan/005 Kemasukan Terimaan/001 Kemasukan Pesanan Tempatan/button_Sah_Simpan' is clicked on

2019-04-02 11:20:26 - [MESSAGE][PASSED] - Object: 'Object Repository/Perolehan/005 Kemasukan Terimaan/001 Kemasukan Pesanan Tempatan/button_Sah_Simpan' is clicked on

2019-04-02 11:20:26 - [TEST_STEP][PASSED] - click(findTestObject("Perolehan/005 Kemasukan Terimaan/001 Kemasukan Pesanan Tempatan/button_Ya_Sah_Simpan")): Object: 'Object Repository/Perolehan/005 Kemasukan Terimaan/001 Kemasukan Pesanan Tempatan/button_Ya_Sah_Simpan' is clicked on

2019-04-02 11:20:26 - [MESSAGE][PASSED] - Object: 'Object Repository/Perolehan/005 Kemasukan Terimaan/001 Kemasukan Pesanan Tempatan/button_Ya_Sah_Simpan' is clicked on

2019-04-02 11:20:26 - [TEST_STEP][PASSED] - delay(8): Delayed 8 second(s)

2019-04-02 11:20:34 - [MESSAGE][PASSED] - Delayed 8 second(s)

2019-04-02 11:20:34 - [TEST_STEP][PASSED] - waitForElementClickable(findTestObject("Perolehan/005 Kemasukan Terimaan/001 Kemasukan Pesanan Tempatan/button_OK_Rekod_disimpan"), 180): Object 'Object Repository/Perolehan/005 Kemasukan Terimaan/001 Kemasukan Pesanan Tempatan/button_OK_Rekod_disimpan' is clickable

2019-04-02 11:20:35 - [MESSAGE][PASSED] - Object 'Object Repository/Perolehan/005 Kemasukan Terimaan/001 Kemasukan Pesanan Tempatan/button_OK_Rekod_disimpan' is clickable

2019-04-02 11:20:35 - [TEST_STEP][PASSED] - waitForElementClickable(findTestObject("Perolehan/002 Penyedia_RekodBaru/001 Rekod Baru Pesanan Tempatan/button_OK_Rekod_Berjaya_disimpan"), 300): Object 'Object Repository/Perolehan/002 Penyedia_RekodBaru/001 Rekod Baru Pesanan Tempatan/button_OK_Rekod_Berjaya_disimpan' is clickable

2019-04-02 11:20:35 - [MESSAGE][PASSED] - Object 'Object Repository/Perolehan/002 Penyedia_RekodBaru/001 Rekod Baru Pesanan Tempatan/button_OK_Rekod_Berjaya_disimpan' is clickable

2019-04-02 11:20:35 - [TEST_STEP][PASSED] - element = findWebElement(findTestObject("Perolehan/005 Kemasukan Terimaan/001 Kemasukan Pesanan Tempatan/button_OK_Rekod_disimpan"), 300): null

2019-04-02 11:20:35 - [TEST_STEP][PASSED] - takeScreenshot(): Taking screenshot successfully

2019-04-02 11:20:36 - [MESSAGE][PASSED] - Taking screenshot successfully
[[ATTACHMENT|C:\\Users\\Consultant_MSPHitect\\Katalon Studio\\TrainingonKatalon\\Reports\\Perolehan\\02 Pesanan Tempatan Cara Bayaran CEK Dengan Pemfaktoran\\20190402_111348\\1554175235858.png]]

2019-04-02 11:20:36 - [TEST_STEP][PASSED] - executeJavaScript("arguments[0].click", Arrays.asList(element)): Execute JavaScript 'arguments[0].click' successfully

2019-04-02 11:20:36 - [MESSAGE][PASSED] - Execute JavaScript 'arguments[0].click' successfully

2019-04-02 11:20:36 - [TEST_STEP][PASSED] - delay(5): Delayed 5 second(s)

2019-04-02 11:20:41 - [MESSAGE][PASSED] - Delayed 5 second(s)

2019-04-02 11:20:41 - [TEST_STEP][PASSED] - click(findTestObject("Perolehan/005 Kemasukan Terimaan/001 Kemasukan Pesanan Tempatan/button_OK_Rekod_disimpan")): Object: 'Object Repository/Perolehan/005 Kemasukan Terimaan/001 Kemasukan Pesanan Tempatan/button_OK_Rekod_disimpan' is clicked on

2019-04-02 11:20:41 - [MESSAGE][PASSED] - Object: 'Object Repository/Perolehan/005 Kemasukan Terimaan/001 Kemasukan Pesanan Tempatan/button_OK_Rekod_disimpan' is clicked on

2019-04-02 11:20:41 - [TEST_STEP][PASSED] - closeBrowser(): Browser is closed

2019-04-02 11:20:41 - [MESSAGE][PASSED] - Browser is closed]]></system-out>
         <system-err><![CDATA[]]></system-err>
      </testcase>
      <testcase name="Test Cases/Perolehan/006 Arahan Bayaran/002 Arahan Bayaran - CEK" classname="Test Cases/Perolehan/006 Arahan Bayaran/002 Arahan Bayaran - CEK" status="PASSED">
         <system-out><![CDATA[2019-04-02 11:20:41 - [TEST_CASE][PASSED] - Test Cases/Perolehan/006 Arahan Bayaran/002 Arahan Bayaran - CEK: Test Cases/Perolehan/006 Arahan Bayaran/002 Arahan Bayaran - CEK

2019-04-02 11:20:42 - [TEST_STEP][PASSED] - reusablefunctions.reusablefunctions.openbrowser(): reusablefunctions.reusablefunctions.openbrowser is PASSED

2019-04-02 11:20:42 - [MESSAGE][INFO] - Starting 'Chrome' driver

2019-04-02 11:20:45 - [MESSAGE][PASSED] - Browser is opened with url: 'http://175.143.52.101:7010/1SPEKSv2/'

2019-04-02 11:20:45 - [MESSAGE][PASSED] - reusablefunctions.reusablefunctions.openbrowser is PASSED

2019-04-02 11:20:45 - [TEST_STEP][PASSED] - reusablefunctions.reusablefunctions.Login(findTestData("ispekstestdata").getValue(1, 4), findTestData("ispekstestdata").getValue(2, 4)): reusablefunctions.reusablefunctions.Login is PASSED

2019-04-02 11:20:45 - [MESSAGE][PASSED] - Text '810213016116' is set on object 'Object Repository/Login/input_NoKadPengenalan'

2019-04-02 11:20:45 - [MESSAGE][PASSED] - Text ****** has been set on object 'Object Repository/Login/input_Password'

2019-04-02 11:20:46 - [MESSAGE][PASSED] - Object: 'Object Repository/Login/input_ButtonLogMasuk' is clicked on

2019-04-02 11:20:56 - [MESSAGE][PASSED] - Delayed 10 second(s)

2019-04-02 11:20:56 - [MESSAGE][PASSED] - reusablefunctions.reusablefunctions.Login is PASSED

2019-04-02 11:20:56 - [TEST_STEP][PASSED] - delay(3): Delayed 3 second(s)

2019-04-02 11:20:59 - [MESSAGE][PASSED] - Delayed 3 second(s)

2019-04-02 11:20:59 - [TEST_STEP][PASSED] - reusablefunctions.reusablefunctions.PerananPenyediaPTJ(): reusablefunctions.reusablefunctions.PerananPenyediaPTJ is PASSED

2019-04-02 11:20:59 - [MESSAGE][PASSED] - Object: 'Object Repository/Perolehan/TukarPeranan/IconTukarPeranan' is clicked on

2019-04-02 11:20:59 - [MESSAGE][PASSED] - Object: 'Object Repository/Perolehan/TukarPeranan/input_TukarPenyediaPTJ' is clicked on

2019-04-02 11:20:59 - [MESSAGE][PASSED] - Object: 'Object Repository/Perolehan/TukarPeranan/button_Ya' is clicked on

2019-04-02 11:21:19 - [MESSAGE][PASSED] - Delayed 20 second(s)

2019-04-02 11:21:21 - [MESSAGE][PASSED] - Text 'Peranan : [Penyedia] Peringkat : [PTJ]' is present on page 

2019-04-02 11:21:21 - [MESSAGE][PASSED] - reusablefunctions.reusablefunctions.PerananPenyediaPTJ is PASSED

2019-04-02 11:21:21 - [TEST_STEP][PASSED] - click(findTestObject("Perolehan/001 Left_Menu_Selection/a_ExpandMenuonLeft")): Object: 'Object Repository/Perolehan/001 Left_Menu_Selection/a_ExpandMenuonLeft' is clicked on

2019-04-02 11:21:22 - [MESSAGE][PASSED] - Object: 'Object Repository/Perolehan/001 Left_Menu_Selection/a_ExpandMenuonLeft' is clicked on

2019-04-02 11:21:22 - [TEST_STEP][PASSED] - delay(3, STOP_ON_FAILURE): Delayed 3 second(s)

2019-04-02 11:21:25 - [MESSAGE][PASSED] - Delayed 3 second(s)

2019-04-02 11:21:25 - [TEST_STEP][PASSED] - click(findTestObject("Perolehan/001 Left_Menu_Selection/div_PanelTitlePerolehan")): Object: 'Object Repository/Perolehan/001 Left_Menu_Selection/div_PanelTitlePerolehan' is clicked on

2019-04-02 11:21:25 - [MESSAGE][PASSED] - Object: 'Object Repository/Perolehan/001 Left_Menu_Selection/div_PanelTitlePerolehan' is clicked on

2019-04-02 11:21:25 - [TEST_STEP][PASSED] - delay(3, STOP_ON_FAILURE): Delayed 3 second(s)

2019-04-02 11:21:28 - [MESSAGE][PASSED] - Delayed 3 second(s)

2019-04-02 11:21:28 - [TEST_STEP][PASSED] - click(findTestObject("Perolehan/001 Left_Menu_Selection/div_Menu_ArahanBayaran")): Object: 'Object Repository/Perolehan/001 Left_Menu_Selection/div_Menu_ArahanBayaran' is clicked on

2019-04-02 11:21:28 - [MESSAGE][PASSED] - Object: 'Object Repository/Perolehan/001 Left_Menu_Selection/div_Menu_ArahanBayaran' is clicked on

2019-04-02 11:21:28 - [TEST_STEP][PASSED] - delay(3): Delayed 3 second(s)

2019-04-02 11:21:31 - [MESSAGE][PASSED] - Delayed 3 second(s)

2019-04-02 11:21:31 - [TEST_STEP][PASSED] - click(findTestObject("Perolehan/006 Arahan Bayaran/001 Pesanan Tempatan/button_REKOD_BARU")): Object: 'Object Repository/Perolehan/006 Arahan Bayaran/001 Pesanan Tempatan/button_REKOD_BARU' is clicked on

2019-04-02 11:21:31 - [MESSAGE][PASSED] - Object: 'Object Repository/Perolehan/006 Arahan Bayaran/001 Pesanan Tempatan/button_REKOD_BARU' is clicked on

2019-04-02 11:21:31 - [TEST_STEP][PASSED] - delay(3): Delayed 3 second(s)

2019-04-02 11:21:34 - [MESSAGE][PASSED] - Delayed 3 second(s)

2019-04-02 11:21:34 - [TEST_STEP][PASSED] - click(findTestObject("Perolehan/006 Arahan Bayaran/001 Pesanan Tempatan/Drop_Down_Jenis_Baucar_Bayaran"), STOP_ON_FAILURE): Object: 'Object Repository/Perolehan/006 Arahan Bayaran/001 Pesanan Tempatan/Drop_Down_Jenis_Baucar_Bayaran' is clicked on

2019-04-02 11:21:34 - [MESSAGE][PASSED] - Object: 'Object Repository/Perolehan/006 Arahan Bayaran/001 Pesanan Tempatan/Drop_Down_Jenis_Baucar_Bayaran' is clicked on

2019-04-02 11:21:34 - [TEST_STEP][PASSED] - delay(3): Delayed 3 second(s)

2019-04-02 11:21:37 - [MESSAGE][PASSED] - Delayed 3 second(s)

2019-04-02 11:21:37 - [TEST_STEP][PASSED] - click(findTestObject("Perolehan/006 Arahan Bayaran/001 Pesanan Tempatan/Select_Kod_Jenis_Baucar_Bayaran")): Object: 'Object Repository/Perolehan/006 Arahan Bayaran/001 Pesanan Tempatan/Select_Kod_Jenis_Baucar_Bayaran' is clicked on

2019-04-02 11:21:37 - [MESSAGE][PASSED] - Object: 'Object Repository/Perolehan/006 Arahan Bayaran/001 Pesanan Tempatan/Select_Kod_Jenis_Baucar_Bayaran' is clicked on

2019-04-02 11:21:37 - [TEST_STEP][PASSED] - delay(3): Delayed 3 second(s)

2019-04-02 11:21:40 - [MESSAGE][PASSED] - Delayed 3 second(s)

2019-04-02 11:21:40 - [TEST_STEP][PASSED] - click(findTestObject("Perolehan/006 Arahan Bayaran/001 Pesanan Tempatan/Drop_Down_Nama_Pembekal")): Object: 'Object Repository/Perolehan/006 Arahan Bayaran/001 Pesanan Tempatan/Drop_Down_Nama_Pembekal' is clicked on

2019-04-02 11:21:40 - [MESSAGE][PASSED] - Object: 'Object Repository/Perolehan/006 Arahan Bayaran/001 Pesanan Tempatan/Drop_Down_Nama_Pembekal' is clicked on

2019-04-02 11:21:40 - [TEST_STEP][PASSED] - delay(3): Delayed 3 second(s)

2019-04-02 11:21:43 - [MESSAGE][PASSED] - Delayed 3 second(s)

2019-04-02 11:21:43 - [TEST_STEP][PASSED] - setText(findTestObject("Perolehan/006 Arahan Bayaran/001 Pesanan Tempatan/input_kod_pembekal"), nama_pembekal_cek): Text 'LOVE ORCHID BIZ' is set on object 'Object Repository/Perolehan/006 Arahan Bayaran/001 Pesanan Tempatan/input_kod_pembekal'

2019-04-02 11:21:44 - [MESSAGE][PASSED] - Text 'LOVE ORCHID BIZ' is set on object 'Object Repository/Perolehan/006 Arahan Bayaran/001 Pesanan Tempatan/input_kod_pembekal'

2019-04-02 11:21:44 - [TEST_STEP][PASSED] - delay(3): Delayed 3 second(s)

2019-04-02 11:21:47 - [MESSAGE][PASSED] - Delayed 3 second(s)

2019-04-02 11:21:47 - [TEST_STEP][PASSED] - click(findTestObject("Perolehan/006 Arahan Bayaran/001 Pesanan Tempatan/Select_Nama_Pembekal", ["text":nama_pembekal_cek])): Object: 'Object Repository/Perolehan/006 Arahan Bayaran/001 Pesanan Tempatan/Select_Nama_Pembekal' is clicked on

2019-04-02 11:21:47 - [MESSAGE][PASSED] - Object: 'Object Repository/Perolehan/006 Arahan Bayaran/001 Pesanan Tempatan/Select_Nama_Pembekal' is clicked on

2019-04-02 11:21:47 - [TEST_STEP][PASSED] - delay(5): Delayed 5 second(s)

2019-04-02 11:21:52 - [MESSAGE][PASSED] - Delayed 5 second(s)

2019-04-02 11:21:52 - [TEST_STEP][PASSED] - click(findTestObject("Perolehan/006 Arahan Bayaran/001 Pesanan Tempatan/Drop_Down_Cara_Bayaran")): Object: 'Object Repository/Perolehan/006 Arahan Bayaran/001 Pesanan Tempatan/Drop_Down_Cara_Bayaran' is clicked on

2019-04-02 11:21:52 - [MESSAGE][PASSED] - Object: 'Object Repository/Perolehan/006 Arahan Bayaran/001 Pesanan Tempatan/Drop_Down_Cara_Bayaran' is clicked on

2019-04-02 11:21:52 - [TEST_STEP][PASSED] - click(findTestObject("Perolehan/006 Arahan Bayaran/001 Pesanan Tempatan/Select_Cara_Bayaran - CEK")): Object: 'Object Repository/Perolehan/006 Arahan Bayaran/001 Pesanan Tempatan/Select_Cara_Bayaran - CEK' is clicked on

2019-04-02 11:21:52 - [MESSAGE][PASSED] - Object: 'Object Repository/Perolehan/006 Arahan Bayaran/001 Pesanan Tempatan/Select_Cara_Bayaran - CEK' is clicked on

2019-04-02 11:21:52 - [TEST_STEP][PASSED] - click(findTestObject("Perolehan/006 Arahan Bayaran/001 Pesanan Tempatan/Drop_Down_Dengan_Pemfaktoran")): Object: 'Object Repository/Perolehan/006 Arahan Bayaran/001 Pesanan Tempatan/Drop_Down_Dengan_Pemfaktoran' is clicked on

2019-04-02 11:21:52 - [MESSAGE][PASSED] - Object: 'Object Repository/Perolehan/006 Arahan Bayaran/001 Pesanan Tempatan/Drop_Down_Dengan_Pemfaktoran' is clicked on

2019-04-02 11:21:52 - [TEST_STEP][PASSED] - click(findTestObject("Perolehan/006 Arahan Bayaran/001 Pesanan Tempatan/Select_Ya_Dengan_Pemfaktoran")): Object: 'Object Repository/Perolehan/006 Arahan Bayaran/001 Pesanan Tempatan/Select_Ya_Dengan_Pemfaktoran' is clicked on

2019-04-02 11:21:52 - [MESSAGE][PASSED] - Object: 'Object Repository/Perolehan/006 Arahan Bayaran/001 Pesanan Tempatan/Select_Ya_Dengan_Pemfaktoran' is clicked on

2019-04-02 11:21:52 - [TEST_STEP][PASSED] - delay(3): Delayed 3 second(s)

2019-04-02 11:21:55 - [MESSAGE][PASSED] - Delayed 3 second(s)

2019-04-02 11:21:55 - [TEST_STEP][PASSED] - mydate = new java.util.Date(): null

2019-04-02 11:21:55 - [TEST_STEP][PASSED] - setText(findTestObject("Perolehan/006 Arahan Bayaran/001 Pesanan Tempatan/input_Perihal"), "This is a test for Pesanan Tempatan Cara Bayaran CEK " + mydate): Text 'This is a test for Pesanan Tempatan Cara Bayaran CEK Tue Apr 02 11:21:55 SGT 2019' is set on object 'Object Repository/Perolehan/006 Arahan Bayaran/001 Pesanan Tempatan/input_Perihal'

2019-04-02 11:21:55 - [MESSAGE][PASSED] - Text 'This is a test for Pesanan Tempatan Cara Bayaran CEK Tue Apr 02 11:21:55 SGT 2019' is set on object 'Object Repository/Perolehan/006 Arahan Bayaran/001 Pesanan Tempatan/input_Perihal'

2019-04-02 11:21:55 - [TEST_STEP][PASSED] - delay(3): Delayed 3 second(s)

2019-04-02 11:21:58 - [MESSAGE][PASSED] - Delayed 3 second(s)

2019-04-02 11:21:58 - [TEST_STEP][PASSED] - doubleClick(findTestObject("Perolehan/006 Arahan Bayaran/001 Pesanan Tempatan/Maklumat_Terimaan_Barang_line_1")): Object: 'Object Repository/Perolehan/006 Arahan Bayaran/001 Pesanan Tempatan/Maklumat_Terimaan_Barang_line_1' is double clicked on

2019-04-02 11:21:59 - [MESSAGE][PASSED] - Object: 'Object Repository/Perolehan/006 Arahan Bayaran/001 Pesanan Tempatan/Maklumat_Terimaan_Barang_line_1' is double clicked on

2019-04-02 11:21:59 - [TEST_STEP][PASSED] - delay(3): Delayed 3 second(s)

2019-04-02 11:22:02 - [MESSAGE][PASSED] - Delayed 3 second(s)

2019-04-02 11:22:02 - [TEST_STEP][PASSED] - RN = Math.random() * 10000: null

2019-04-02 11:22:02 - [TEST_STEP][PASSED] - println(RN): null

2019-04-02 11:22:02 - [TEST_STEP][PASSED] - setText(findTestObject("Perolehan/006 Arahan Bayaran/001 Pesanan Tempatan/input_No_Invois"), "INV0" + RN): Text 'INV04580' is set on object 'Object Repository/Perolehan/006 Arahan Bayaran/001 Pesanan Tempatan/input_No_Invois'

2019-04-02 11:22:02 - [MESSAGE][PASSED] - Text 'INV04580' is set on object 'Object Repository/Perolehan/006 Arahan Bayaran/001 Pesanan Tempatan/input_No_Invois'

2019-04-02 11:22:02 - [TEST_STEP][PASSED] - setText(findTestObject("Perolehan/006 Arahan Bayaran/001 Pesanan Tempatan/input_Amaun_Invois_RM"), TotalAmaunPT): Text '5.30' is set on object 'Object Repository/Perolehan/006 Arahan Bayaran/001 Pesanan Tempatan/input_Amaun_Invois_RM'

2019-04-02 11:22:02 - [MESSAGE][PASSED] - Text '5.30' is set on object 'Object Repository/Perolehan/006 Arahan Bayaran/001 Pesanan Tempatan/input_Amaun_Invois_RM'

2019-04-02 11:22:02 - [TEST_STEP][PASSED] - click(findTestObject("Perolehan/006 Arahan Bayaran/001 Pesanan Tempatan/a_Tarikh_Invois"), STOP_ON_FAILURE): Object: 'Object Repository/Perolehan/006 Arahan Bayaran/001 Pesanan Tempatan/a_Tarikh_Invois' is clicked on

2019-04-02 11:22:02 - [MESSAGE][PASSED] - Object: 'Object Repository/Perolehan/006 Arahan Bayaran/001 Pesanan Tempatan/a_Tarikh_Invois' is clicked on

2019-04-02 11:22:02 - [TEST_STEP][PASSED] - delay(2): Delayed 2 second(s)

2019-04-02 11:22:04 - [MESSAGE][PASSED] - Delayed 2 second(s)

2019-04-02 11:22:04 - [TEST_STEP][PASSED] - click(findTestObject("Perolehan/006 Arahan Bayaran/001 Pesanan Tempatan/a_Today_Tarikh_Invois"), STOP_ON_FAILURE): Object: 'Object Repository/Perolehan/006 Arahan Bayaran/001 Pesanan Tempatan/a_Today_Tarikh_Invois' is clicked on

2019-04-02 11:22:04 - [MESSAGE][PASSED] - Object: 'Object Repository/Perolehan/006 Arahan Bayaran/001 Pesanan Tempatan/a_Today_Tarikh_Invois' is clicked on

2019-04-02 11:22:04 - [TEST_STEP][PASSED] - click(findTestObject("Perolehan/006 Arahan Bayaran/001 Pesanan Tempatan/a_Tarikh Terima Oleh Kewangan"), STOP_ON_FAILURE): Object: 'Object Repository/Perolehan/006 Arahan Bayaran/001 Pesanan Tempatan/a_Tarikh Terima Oleh Kewangan' is clicked on

2019-04-02 11:22:04 - [MESSAGE][PASSED] - Object: 'Object Repository/Perolehan/006 Arahan Bayaran/001 Pesanan Tempatan/a_Tarikh Terima Oleh Kewangan' is clicked on

2019-04-02 11:22:04 - [TEST_STEP][PASSED] - delay(2): Delayed 2 second(s)

2019-04-02 11:22:06 - [MESSAGE][PASSED] - Delayed 2 second(s)

2019-04-02 11:22:06 - [TEST_STEP][PASSED] - click(findTestObject("Perolehan/006 Arahan Bayaran/001 Pesanan Tempatan/a_Today_Tarikh_Terima_Oleh_Kewangan"), STOP_ON_FAILURE): Object: 'Object Repository/Perolehan/006 Arahan Bayaran/001 Pesanan Tempatan/a_Today_Tarikh_Terima_Oleh_Kewangan' is clicked on

2019-04-02 11:22:06 - [MESSAGE][PASSED] - Object: 'Object Repository/Perolehan/006 Arahan Bayaran/001 Pesanan Tempatan/a_Today_Tarikh_Terima_Oleh_Kewangan' is clicked on

2019-04-02 11:22:06 - [TEST_STEP][PASSED] - click(findTestObject("Perolehan/006 Arahan Bayaran/001 Pesanan Tempatan/button_Save_Maklumat_Terima_Barang")): Object: 'Object Repository/Perolehan/006 Arahan Bayaran/001 Pesanan Tempatan/button_Save_Maklumat_Terima_Barang' is clicked on

2019-04-02 11:22:07 - [MESSAGE][PASSED] - Object: 'Object Repository/Perolehan/006 Arahan Bayaran/001 Pesanan Tempatan/button_Save_Maklumat_Terima_Barang' is clicked on

2019-04-02 11:22:07 - [TEST_STEP][PASSED] - delay(3): Delayed 3 second(s)

2019-04-02 11:22:10 - [MESSAGE][PASSED] - Delayed 3 second(s)

2019-04-02 11:22:10 - [TEST_STEP][PASSED] - click(findTestObject("Perolehan/006 Arahan Bayaran/001 Pesanan Tempatan/button_Tambah_Maklumat_Penerima")): Object: 'Object Repository/Perolehan/006 Arahan Bayaran/001 Pesanan Tempatan/button_Tambah_Maklumat_Penerima' is clicked on

2019-04-02 11:22:10 - [MESSAGE][PASSED] - Object: 'Object Repository/Perolehan/006 Arahan Bayaran/001 Pesanan Tempatan/button_Tambah_Maklumat_Penerima' is clicked on

2019-04-02 11:22:10 - [TEST_STEP][PASSED] - click(findTestObject("Perolehan/006 Arahan Bayaran/001 Pesanan Tempatan/Drop_Down_Penerima_No_Daftar")): Object: 'Object Repository/Perolehan/006 Arahan Bayaran/001 Pesanan Tempatan/Drop_Down_Penerima_No_Daftar' is clicked on

2019-04-02 11:22:10 - [MESSAGE][PASSED] - Object: 'Object Repository/Perolehan/006 Arahan Bayaran/001 Pesanan Tempatan/Drop_Down_Penerima_No_Daftar' is clicked on

2019-04-02 11:22:10 - [TEST_STEP][PASSED] - delay(3): Delayed 3 second(s)

2019-04-02 11:22:13 - [MESSAGE][PASSED] - Delayed 3 second(s)

2019-04-02 11:22:13 - [TEST_STEP][PASSED] - setText(findTestObject("Perolehan/006 Arahan Bayaran/001 Pesanan Tempatan/input_name_kod Pembekal"), kod_pembekal_pemfaktoran): Text 'J01020100274' is set on object 'Object Repository/Perolehan/006 Arahan Bayaran/001 Pesanan Tempatan/input_name_kod Pembekal'

2019-04-02 11:22:13 - [MESSAGE][PASSED] - Text 'J01020100274' is set on object 'Object Repository/Perolehan/006 Arahan Bayaran/001 Pesanan Tempatan/input_name_kod Pembekal'

2019-04-02 11:22:13 - [TEST_STEP][PASSED] - delay(3): Delayed 3 second(s)

2019-04-02 11:22:16 - [MESSAGE][PASSED] - Delayed 3 second(s)

2019-04-02 11:22:16 - [TEST_STEP][PASSED] - click(findTestObject("Perolehan/006 Arahan Bayaran/001 Pesanan Tempatan/select_Maklumat_Penerima_Armada", ["text":kod_pembekal_pemfaktoran])): Object: 'Object Repository/Perolehan/006 Arahan Bayaran/001 Pesanan Tempatan/select_Maklumat_Penerima_Armada' is clicked on

2019-04-02 11:22:16 - [MESSAGE][PASSED] - Object: 'Object Repository/Perolehan/006 Arahan Bayaran/001 Pesanan Tempatan/select_Maklumat_Penerima_Armada' is clicked on

2019-04-02 11:22:16 - [TEST_STEP][PASSED] - delay(5): Delayed 5 second(s)

2019-04-02 11:22:21 - [MESSAGE][PASSED] - Delayed 5 second(s)

2019-04-02 11:22:21 - [TEST_STEP][PASSED] - setText(findTestObject("Perolehan/006 Arahan Bayaran/001 Pesanan Tempatan/input_Penerima_Amaun"), TotalAmaunPT): Text '5.30' is set on object 'Object Repository/Perolehan/006 Arahan Bayaran/001 Pesanan Tempatan/input_Penerima_Amaun'

2019-04-02 11:22:21 - [MESSAGE][PASSED] - Text '5.30' is set on object 'Object Repository/Perolehan/006 Arahan Bayaran/001 Pesanan Tempatan/input_Penerima_Amaun'

2019-04-02 11:22:21 - [TEST_STEP][PASSED] - click(findTestObject("Perolehan/006 Arahan Bayaran/001 Pesanan Tempatan/button_Save_Maklumat_Penerima")): Object: 'Object Repository/Perolehan/006 Arahan Bayaran/001 Pesanan Tempatan/button_Save_Maklumat_Penerima' is clicked on

2019-04-02 11:22:22 - [MESSAGE][PASSED] - Object: 'Object Repository/Perolehan/006 Arahan Bayaran/001 Pesanan Tempatan/button_Save_Maklumat_Penerima' is clicked on

2019-04-02 11:22:22 - [TEST_STEP][PASSED] - delay(3): Delayed 3 second(s)

2019-04-02 11:22:25 - [MESSAGE][PASSED] - Delayed 3 second(s)

2019-04-02 11:22:25 - [TEST_STEP][PASSED] - click(findTestObject("Perolehan/006 Arahan Bayaran/001 Pesanan Tempatan/button_Simpan"), STOP_ON_FAILURE): Object: 'Object Repository/Perolehan/006 Arahan Bayaran/001 Pesanan Tempatan/button_Simpan' is clicked on

2019-04-02 11:22:25 - [MESSAGE][PASSED] - Object: 'Object Repository/Perolehan/006 Arahan Bayaran/001 Pesanan Tempatan/button_Simpan' is clicked on

2019-04-02 11:22:25 - [TEST_STEP][PASSED] - click(findTestObject("Perolehan/006 Arahan Bayaran/001 Pesanan Tempatan/button_Ya_Simpan")): Object: 'Object Repository/Perolehan/006 Arahan Bayaran/001 Pesanan Tempatan/button_Ya_Simpan' is clicked on

2019-04-02 11:22:25 - [MESSAGE][PASSED] - Object: 'Object Repository/Perolehan/006 Arahan Bayaran/001 Pesanan Tempatan/button_Ya_Simpan' is clicked on

2019-04-02 11:22:25 - [TEST_STEP][PASSED] - delay(3): Delayed 3 second(s)

2019-04-02 11:22:28 - [MESSAGE][PASSED] - Delayed 3 second(s)

2019-04-02 11:22:28 - [TEST_STEP][PASSED] - click(findTestObject("Perolehan/006 Arahan Bayaran/001 Pesanan Tempatan/button_OK_Rekod_telah_simpan")): Object: 'Object Repository/Perolehan/006 Arahan Bayaran/001 Pesanan Tempatan/button_OK_Rekod_telah_simpan' is clicked on

2019-04-02 11:22:28 - [MESSAGE][PASSED] - Object: 'Object Repository/Perolehan/006 Arahan Bayaran/001 Pesanan Tempatan/button_OK_Rekod_telah_simpan' is clicked on

2019-04-02 11:22:28 - [TEST_STEP][PASSED] - click(findTestObject("Perolehan/006 Arahan Bayaran/001 Pesanan Tempatan/button_Senarai_Semak")): Object: 'Object Repository/Perolehan/006 Arahan Bayaran/001 Pesanan Tempatan/button_Senarai_Semak' is clicked on

2019-04-02 11:22:28 - [MESSAGE][PASSED] - Object: 'Object Repository/Perolehan/006 Arahan Bayaran/001 Pesanan Tempatan/button_Senarai_Semak' is clicked on

2019-04-02 11:22:28 - [TEST_STEP][PASSED] - check(findTestObject("Perolehan/006 Arahan Bayaran/001 Pesanan Tempatan/Senarai_Semak_check_no_1")): Object 'Object Repository/Perolehan/006 Arahan Bayaran/001 Pesanan Tempatan/Senarai_Semak_check_no_1' is checked

2019-04-02 11:22:28 - [MESSAGE][PASSED] - Object 'Object Repository/Perolehan/006 Arahan Bayaran/001 Pesanan Tempatan/Senarai_Semak_check_no_1' is checked

2019-04-02 11:22:28 - [TEST_STEP][PASSED] - click(findTestObject("Perolehan/006 Arahan Bayaran/001 Pesanan Tempatan/button_senarai_Semak_simpan")): Object: 'Object Repository/Perolehan/006 Arahan Bayaran/001 Pesanan Tempatan/button_senarai_Semak_simpan' is clicked on

2019-04-02 11:22:28 - [MESSAGE][PASSED] - Object: 'Object Repository/Perolehan/006 Arahan Bayaran/001 Pesanan Tempatan/button_senarai_Semak_simpan' is clicked on

2019-04-02 11:22:28 - [TEST_STEP][PASSED] - delay(3): Delayed 3 second(s)

2019-04-02 11:22:31 - [MESSAGE][PASSED] - Delayed 3 second(s)

2019-04-02 11:22:31 - [TEST_STEP][PASSED] - click(findTestObject("Perolehan/006 Arahan Bayaran/001 Pesanan Tempatan/button_OK_Rekod_telah_simpan")): Object: 'Object Repository/Perolehan/006 Arahan Bayaran/001 Pesanan Tempatan/button_OK_Rekod_telah_simpan' is clicked on

2019-04-02 11:22:31 - [MESSAGE][PASSED] - Object: 'Object Repository/Perolehan/006 Arahan Bayaran/001 Pesanan Tempatan/button_OK_Rekod_telah_simpan' is clicked on

2019-04-02 11:22:31 - [TEST_STEP][PASSED] - click(findTestObject("Perolehan/006 Arahan Bayaran/001 Pesanan Tempatan/Senarai_Semak_X_close")): Object: 'Object Repository/Perolehan/006 Arahan Bayaran/001 Pesanan Tempatan/Senarai_Semak_X_close' is clicked on

2019-04-02 11:22:31 - [MESSAGE][PASSED] - Object: 'Object Repository/Perolehan/006 Arahan Bayaran/001 Pesanan Tempatan/Senarai_Semak_X_close' is clicked on

2019-04-02 11:22:31 - [TEST_STEP][PASSED] - click(findTestObject("Perolehan/006 Arahan Bayaran/001 Pesanan Tempatan/button_Sah_Simpan")): Object: 'Object Repository/Perolehan/006 Arahan Bayaran/001 Pesanan Tempatan/button_Sah_Simpan' is clicked on

2019-04-02 11:22:31 - [MESSAGE][PASSED] - Object: 'Object Repository/Perolehan/006 Arahan Bayaran/001 Pesanan Tempatan/button_Sah_Simpan' is clicked on

2019-04-02 11:22:31 - [TEST_STEP][PASSED] - click(findTestObject("Perolehan/006 Arahan Bayaran/001 Pesanan Tempatan/button_Ya_Simpan")): Object: 'Object Repository/Perolehan/006 Arahan Bayaran/001 Pesanan Tempatan/button_Ya_Simpan' is clicked on

2019-04-02 11:22:32 - [MESSAGE][PASSED] - Object: 'Object Repository/Perolehan/006 Arahan Bayaran/001 Pesanan Tempatan/button_Ya_Simpan' is clicked on

2019-04-02 11:22:32 - [TEST_STEP][PASSED] - delay(3): Delayed 3 second(s)

2019-04-02 11:22:35 - [MESSAGE][PASSED] - Delayed 3 second(s)

2019-04-02 11:22:35 - [TEST_STEP][PASSED] - takeScreenshot(): Taking screenshot successfully

2019-04-02 11:22:35 - [MESSAGE][PASSED] - Taking screenshot successfully
[[ATTACHMENT|C:\\Users\\Consultant_MSPHitect\\Katalon Studio\\TrainingonKatalon\\Reports\\Perolehan\\02 Pesanan Tempatan Cara Bayaran CEK Dengan Pemfaktoran\\20190402_111348\\1554175355016.png]]

2019-04-02 11:22:35 - [TEST_STEP][PASSED] - attribute = getText(findTestObject("Perolehan/006 Arahan Bayaran/001 Pesanan Tempatan/Get_Arahan_Bayaran_RekodID")): Text of object 'Object Repository/Perolehan/006 Arahan Bayaran/001 Pesanan Tempatan/Get_Arahan_Bayaran_RekodID' is: 'Rekod Telah Berjaya Disah Simpan. [ NO REKOD :19CHAB030100050 ]
Ok'

2019-04-02 11:22:35 - [MESSAGE][PASSED] - Text of object 'Object Repository/Perolehan/006 Arahan Bayaran/001 Pesanan Tempatan/Get_Arahan_Bayaran_RekodID' is: 'Rekod Telah Berjaya Disah Simpan. [ NO REKOD :19CHAB030100050 ]
Ok'

2019-04-02 11:22:35 - [TEST_STEP][PASSED] - println(attribute): null

2019-04-02 11:22:35 - [TEST_STEP][PASSED] - ArahanBayaranID = attribute[(46..60)]: null

2019-04-02 11:22:35 - [TEST_STEP][PASSED] - println(ArahanBayaranID): null

2019-04-02 11:22:35 - [TEST_STEP][PASSED] - ArahanBayaranRekodID = ArahanBayaranID: null

2019-04-02 11:22:35 - [TEST_STEP][PASSED] - delay(3): Delayed 3 second(s)

2019-04-02 11:22:38 - [MESSAGE][PASSED] - Delayed 3 second(s)

2019-04-02 11:22:38 - [TEST_STEP][PASSED] - waitForElementClickable(findTestObject("Perolehan/002 Penyedia_RekodBaru/001 Rekod Baru Pesanan Tempatan/button_OK_Rekod_Berjaya_disimpan"), 300): Object 'Object Repository/Perolehan/002 Penyedia_RekodBaru/001 Rekod Baru Pesanan Tempatan/button_OK_Rekod_Berjaya_disimpan' is clickable

2019-04-02 11:22:38 - [MESSAGE][PASSED] - Object 'Object Repository/Perolehan/002 Penyedia_RekodBaru/001 Rekod Baru Pesanan Tempatan/button_OK_Rekod_Berjaya_disimpan' is clickable

2019-04-02 11:22:38 - [TEST_STEP][PASSED] - element = findWebElement(findTestObject("Perolehan/006 Arahan Bayaran/001 Pesanan Tempatan/button_OK_Rekod_telah_simpan"), 300): null

2019-04-02 11:22:38 - [TEST_STEP][PASSED] - executeJavaScript("arguments[0].click", Arrays.asList(element)): Execute JavaScript 'arguments[0].click' successfully

2019-04-02 11:22:38 - [MESSAGE][PASSED] - Execute JavaScript 'arguments[0].click' successfully

2019-04-02 11:22:38 - [TEST_STEP][PASSED] - click(findTestObject("Perolehan/006 Arahan Bayaran/001 Pesanan Tempatan/button_OK_Rekod_telah_simpan")): Object: 'Object Repository/Perolehan/006 Arahan Bayaran/001 Pesanan Tempatan/button_OK_Rekod_telah_simpan' is clicked on

2019-04-02 11:22:38 - [MESSAGE][PASSED] - Object: 'Object Repository/Perolehan/006 Arahan Bayaran/001 Pesanan Tempatan/button_OK_Rekod_telah_simpan' is clicked on

2019-04-02 11:22:38 - [TEST_STEP][PASSED] - closeBrowser(): Browser is closed

2019-04-02 11:22:39 - [MESSAGE][PASSED] - Browser is closed]]></system-out>
         <system-err><![CDATA[]]></system-err>
      </testcase>
      <testcase name="Test Cases/Perolehan/006 Arahan Bayaran/005 Penyemak Pesanan Tempatan" classname="Test Cases/Perolehan/006 Arahan Bayaran/005 Penyemak Pesanan Tempatan" status="PASSED">
         <system-out><![CDATA[2019-04-02 11:22:39 - [TEST_CASE][PASSED] - Test Cases/Perolehan/006 Arahan Bayaran/005 Penyemak Pesanan Tempatan: Test Cases/Perolehan/006 Arahan Bayaran/005 Penyemak Pesanan Tempatan

2019-04-02 11:22:39 - [TEST_STEP][PASSED] - reusablefunctions.reusablefunctions.openbrowser(): reusablefunctions.reusablefunctions.openbrowser is PASSED

2019-04-02 11:22:39 - [MESSAGE][INFO] - Starting 'Chrome' driver

2019-04-02 11:22:42 - [MESSAGE][PASSED] - Browser is opened with url: 'http://175.143.52.101:7010/1SPEKSv2/'

2019-04-02 11:22:42 - [MESSAGE][PASSED] - reusablefunctions.reusablefunctions.openbrowser is PASSED

2019-04-02 11:22:42 - [TEST_STEP][PASSED] - reusablefunctions.reusablefunctions.Login(findTestData("ispekstestdata").getValue(1, 5), findTestData("ispekstestdata").getValue(2, 5)): reusablefunctions.reusablefunctions.Login is PASSED

2019-04-02 11:22:42 - [MESSAGE][PASSED] - Text '860828665169' is set on object 'Object Repository/Login/input_NoKadPengenalan'

2019-04-02 11:22:42 - [MESSAGE][PASSED] - Text ****** has been set on object 'Object Repository/Login/input_Password'

2019-04-02 11:22:43 - [MESSAGE][PASSED] - Object: 'Object Repository/Login/input_ButtonLogMasuk' is clicked on

2019-04-02 11:22:53 - [MESSAGE][PASSED] - Delayed 10 second(s)

2019-04-02 11:22:53 - [MESSAGE][PASSED] - reusablefunctions.reusablefunctions.Login is PASSED

2019-04-02 11:22:53 - [TEST_STEP][PASSED] - click(findTestObject("Perolehan/TukarPeranan/IconTukarPeranan")): Object: 'Object Repository/Perolehan/TukarPeranan/IconTukarPeranan' is clicked on

2019-04-02 11:22:53 - [MESSAGE][PASSED] - Object: 'Object Repository/Perolehan/TukarPeranan/IconTukarPeranan' is clicked on

2019-04-02 11:22:53 - [TEST_STEP][PASSED] - click(findTestObject("Perolehan/TukarPeranan/input_TukarPeranan", ["value":"372"])): Object: 'Object Repository/Perolehan/TukarPeranan/input_TukarPeranan' is clicked on

2019-04-02 11:22:53 - [MESSAGE][PASSED] - Object: 'Object Repository/Perolehan/TukarPeranan/input_TukarPeranan' is clicked on

2019-04-02 11:22:53 - [TEST_STEP][PASSED] - click(findTestObject("Perolehan/TukarPeranan/button_Ya")): Object: 'Object Repository/Perolehan/TukarPeranan/button_Ya' is clicked on

2019-04-02 11:22:53 - [MESSAGE][PASSED] - Object: 'Object Repository/Perolehan/TukarPeranan/button_Ya' is clicked on

2019-04-02 11:22:53 - [TEST_STEP][PASSED] - delay(20): Delayed 20 second(s)

2019-04-02 11:23:13 - [MESSAGE][PASSED] - Delayed 20 second(s)

2019-04-02 11:23:13 - [TEST_STEP][PASSED] - verifyTextPresent("Peranan : [Penyemak] Peringkat : [PTJ]", false): Text 'Peranan : [Penyemak] Peringkat : [PTJ]' is present on page 

2019-04-02 11:23:14 - [MESSAGE][PASSED] - Text 'Peranan : [Penyemak] Peringkat : [PTJ]' is present on page 

2019-04-02 11:23:14 - [TEST_STEP][PASSED] - delay(5): Delayed 5 second(s)

2019-04-02 11:23:19 - [MESSAGE][PASSED] - Delayed 5 second(s)

2019-04-02 11:23:19 - [TEST_STEP][PASSED] - click(findTestObject("Perolehan/001 Left_Menu_Selection/a_ExpandMenuonLeft")): Object: 'Object Repository/Perolehan/001 Left_Menu_Selection/a_ExpandMenuonLeft' is clicked on

2019-04-02 11:23:19 - [MESSAGE][PASSED] - Object: 'Object Repository/Perolehan/001 Left_Menu_Selection/a_ExpandMenuonLeft' is clicked on

2019-04-02 11:23:19 - [TEST_STEP][PASSED] - delay(3, STOP_ON_FAILURE): Delayed 3 second(s)

2019-04-02 11:23:22 - [MESSAGE][PASSED] - Delayed 3 second(s)

2019-04-02 11:23:22 - [TEST_STEP][PASSED] - click(findTestObject("Perolehan/001 Left_Menu_Selection/div_PanelTitlePerolehan")): Object: 'Object Repository/Perolehan/001 Left_Menu_Selection/div_PanelTitlePerolehan' is clicked on

2019-04-02 11:23:22 - [MESSAGE][PASSED] - Object: 'Object Repository/Perolehan/001 Left_Menu_Selection/div_PanelTitlePerolehan' is clicked on

2019-04-02 11:23:22 - [TEST_STEP][PASSED] - delay(3, STOP_ON_FAILURE): Delayed 3 second(s)

2019-04-02 11:23:25 - [MESSAGE][PASSED] - Delayed 3 second(s)

2019-04-02 11:23:25 - [TEST_STEP][PASSED] - click(findTestObject("Perolehan/001 Left_Menu_Selection/div_Menu_ArahanBayaran")): Object: 'Object Repository/Perolehan/001 Left_Menu_Selection/div_Menu_ArahanBayaran' is clicked on

2019-04-02 11:23:26 - [MESSAGE][PASSED] - Object: 'Object Repository/Perolehan/001 Left_Menu_Selection/div_Menu_ArahanBayaran' is clicked on

2019-04-02 11:23:26 - [TEST_STEP][PASSED] - assert true: null

2019-04-02 11:23:26 - [TEST_STEP][PASSED] - delay(3): Delayed 3 second(s)

2019-04-02 11:23:29 - [MESSAGE][PASSED] - Delayed 3 second(s)

2019-04-02 11:23:29 - [TEST_STEP][PASSED] - setText(findTestObject("Perolehan/006 Arahan Bayaran/004 Penyemak/input_TABLE_NAME_noRekod"), ArahanBayaranRekodID): Text '19CHAB030100050' is set on object 'Object Repository/Perolehan/006 Arahan Bayaran/004 Penyemak/input_TABLE_NAME_noRekod'

2019-04-02 11:23:29 - [MESSAGE][PASSED] - Text '19CHAB030100050' is set on object 'Object Repository/Perolehan/006 Arahan Bayaran/004 Penyemak/input_TABLE_NAME_noRekod'

2019-04-02 11:23:29 - [TEST_STEP][PASSED] - delay(3): Delayed 3 second(s)

2019-04-02 11:23:32 - [MESSAGE][PASSED] - Delayed 3 second(s)

2019-04-02 11:23:32 - [TEST_STEP][PASSED] - doubleClick(findTestObject("Perolehan/006 Arahan Bayaran/004 Penyemak/select_noRekod", ["text":ArahanBayaranRekodID])): Object: 'Object Repository/Perolehan/006 Arahan Bayaran/004 Penyemak/select_noRekod' is double clicked on

2019-04-02 11:23:32 - [MESSAGE][PASSED] - Object: 'Object Repository/Perolehan/006 Arahan Bayaran/004 Penyemak/select_noRekod' is double clicked on

2019-04-02 11:23:32 - [TEST_STEP][PASSED] - delay(5): Delayed 5 second(s)

2019-04-02 11:23:37 - [MESSAGE][PASSED] - Delayed 5 second(s)

2019-04-02 11:23:37 - [TEST_STEP][PASSED] - jumlah = getText(findTestObject("Perolehan/006 Arahan Bayaran/004 Penyemak/jumlah_PT")): Text of object 'Object Repository/Perolehan/006 Arahan Bayaran/004 Penyemak/jumlah_PT' is: '5.30'

2019-04-02 11:23:37 - [MESSAGE][PASSED] - Text of object 'Object Repository/Perolehan/006 Arahan Bayaran/004 Penyemak/jumlah_PT' is: '5.30'

2019-04-02 11:23:37 - [TEST_STEP][PASSED] - verifyMatch(jumlah, TotalAmaunPT, false): Actual text '5.30' and expected text '5.30' are matched 

2019-04-02 11:23:37 - [MESSAGE][PASSED] - Actual text '5.30' and expected text '5.30' are matched 

2019-04-02 11:23:37 - [TEST_STEP][PASSED] - delay(3): Delayed 3 second(s)

2019-04-02 11:23:40 - [MESSAGE][PASSED] - Delayed 3 second(s)

2019-04-02 11:23:40 - [TEST_STEP][PASSED] - click(findTestObject("Perolehan/006 Arahan Bayaran/004 Penyemak/button_Senarai_Semak")): Object: 'Object Repository/Perolehan/006 Arahan Bayaran/004 Penyemak/button_Senarai_Semak' is clicked on

2019-04-02 11:23:40 - [MESSAGE][PASSED] - Object: 'Object Repository/Perolehan/006 Arahan Bayaran/004 Penyemak/button_Senarai_Semak' is clicked on

2019-04-02 11:23:40 - [TEST_STEP][PASSED] - delay(3): Delayed 3 second(s)

2019-04-02 11:23:43 - [MESSAGE][PASSED] - Delayed 3 second(s)

2019-04-02 11:23:43 - [TEST_STEP][PASSED] - verifyElementChecked(findTestObject("Perolehan/006 Arahan Bayaran/004 Penyemak/Check_Senarai_Semak_Item"), 3): Object 'Object Repository/Perolehan/006 Arahan Bayaran/004 Penyemak/Check_Senarai_Semak_Item' is checked

2019-04-02 11:23:43 - [MESSAGE][PASSED] - Object 'Object Repository/Perolehan/006 Arahan Bayaran/004 Penyemak/Check_Senarai_Semak_Item' is checked

2019-04-02 11:23:43 - [TEST_STEP][PASSED] - click(findTestObject("Perolehan/006 Arahan Bayaran/004 Penyemak/button_X_Close_Senarai_Semak")): Object: 'Object Repository/Perolehan/006 Arahan Bayaran/004 Penyemak/button_X_Close_Senarai_Semak' is clicked on

2019-04-02 11:23:43 - [MESSAGE][PASSED] - Object: 'Object Repository/Perolehan/006 Arahan Bayaran/004 Penyemak/button_X_Close_Senarai_Semak' is clicked on

2019-04-02 11:23:43 - [TEST_STEP][PASSED] - click(findTestObject("Perolehan/006 Arahan Bayaran/004 Penyemak/button_Semak")): Object: 'Object Repository/Perolehan/006 Arahan Bayaran/004 Penyemak/button_Semak' is clicked on

2019-04-02 11:23:43 - [MESSAGE][PASSED] - Object: 'Object Repository/Perolehan/006 Arahan Bayaran/004 Penyemak/button_Semak' is clicked on

2019-04-02 11:23:43 - [TEST_STEP][PASSED] - click(findTestObject("Perolehan/006 Arahan Bayaran/004 Penyemak/button_Ya_Semak")): Object: 'Object Repository/Perolehan/006 Arahan Bayaran/004 Penyemak/button_Ya_Semak' is clicked on

2019-04-02 11:23:43 - [MESSAGE][PASSED] - Object: 'Object Repository/Perolehan/006 Arahan Bayaran/004 Penyemak/button_Ya_Semak' is clicked on

2019-04-02 11:23:43 - [TEST_STEP][PASSED] - delay(3): Delayed 3 second(s)

2019-04-02 11:23:46 - [MESSAGE][PASSED] - Delayed 3 second(s)

2019-04-02 11:23:46 - [TEST_STEP][PASSED] - takeScreenshot(): Taking screenshot successfully

2019-04-02 11:23:47 - [MESSAGE][PASSED] - Taking screenshot successfully
[[ATTACHMENT|C:\\Users\\Consultant_MSPHitect\\Katalon Studio\\TrainingonKatalon\\Reports\\Perolehan\\02 Pesanan Tempatan Cara Bayaran CEK Dengan Pemfaktoran\\20190402_111348\\1554175426815.png]]

2019-04-02 11:23:47 - [TEST_STEP][PASSED] - delay(8): Delayed 8 second(s)

2019-04-02 11:23:55 - [MESSAGE][PASSED] - Delayed 8 second(s)

2019-04-02 11:23:55 - [TEST_STEP][PASSED] - waitForElementClickable(findTestObject("Perolehan/006 Arahan Bayaran/004 Penyemak/button_OK_berjaya_disemak"), 240): Object 'Object Repository/Perolehan/006 Arahan Bayaran/004 Penyemak/button_OK_berjaya_disemak' is clickable

2019-04-02 11:23:55 - [MESSAGE][PASSED] - Object 'Object Repository/Perolehan/006 Arahan Bayaran/004 Penyemak/button_OK_berjaya_disemak' is clickable

2019-04-02 11:23:55 - [TEST_STEP][PASSED] - waitForElementClickable(findTestObject("Perolehan/002 Penyedia_RekodBaru/001 Rekod Baru Pesanan Tempatan/button_OK_Rekod_Berjaya_disimpan"), 300): Object 'Object Repository/Perolehan/002 Penyedia_RekodBaru/001 Rekod Baru Pesanan Tempatan/button_OK_Rekod_Berjaya_disimpan' is clickable

2019-04-02 11:23:55 - [MESSAGE][PASSED] - Object 'Object Repository/Perolehan/002 Penyedia_RekodBaru/001 Rekod Baru Pesanan Tempatan/button_OK_Rekod_Berjaya_disimpan' is clickable

2019-04-02 11:23:55 - [TEST_STEP][PASSED] - element = findWebElement(findTestObject("Perolehan/006 Arahan Bayaran/004 Penyemak/button_OK_berjaya_disemak"), 300): null

2019-04-02 11:23:55 - [TEST_STEP][PASSED] - executeJavaScript("arguments[0].click", Arrays.asList(element)): Execute JavaScript 'arguments[0].click' successfully

2019-04-02 11:23:55 - [MESSAGE][PASSED] - Execute JavaScript 'arguments[0].click' successfully

2019-04-02 11:23:55 - [TEST_STEP][PASSED] - click(findTestObject("Perolehan/006 Arahan Bayaran/004 Penyemak/button_OK_berjaya_disemak")): Object: 'Object Repository/Perolehan/006 Arahan Bayaran/004 Penyemak/button_OK_berjaya_disemak' is clicked on

2019-04-02 11:23:55 - [MESSAGE][PASSED] - Object: 'Object Repository/Perolehan/006 Arahan Bayaran/004 Penyemak/button_OK_berjaya_disemak' is clicked on

2019-04-02 11:23:55 - [TEST_STEP][PASSED] - closeBrowser(STOP_ON_FAILURE): Browser is closed

2019-04-02 11:23:55 - [MESSAGE][PASSED] - Browser is closed]]></system-out>
         <system-err><![CDATA[]]></system-err>
      </testcase>
      <testcase name="Test Cases/Perolehan/007 Proses Baucar Bayaran/002 Pelulus Proses Baucar Bayaran - CEK" classname="Test Cases/Perolehan/007 Proses Baucar Bayaran/002 Pelulus Proses Baucar Bayaran - CEK" status="PASSED">
         <system-out><![CDATA[2019-04-02 11:23:55 - [TEST_CASE][PASSED] - Test Cases/Perolehan/007 Proses Baucar Bayaran/002 Pelulus Proses Baucar Bayaran - CEK: Test Cases/Perolehan/007 Proses Baucar Bayaran/002 Pelulus Proses Baucar Bayaran - CEK

2019-04-02 11:23:56 - [TEST_STEP][PASSED] - reusablefunctions.reusablefunctions.openbrowser(): reusablefunctions.reusablefunctions.openbrowser is PASSED

2019-04-02 11:23:56 - [MESSAGE][INFO] - Starting 'Chrome' driver

2019-04-02 11:23:59 - [MESSAGE][PASSED] - Browser is opened with url: 'http://175.143.52.101:7010/1SPEKSv2/'

2019-04-02 11:23:59 - [MESSAGE][PASSED] - reusablefunctions.reusablefunctions.openbrowser is PASSED

2019-04-02 11:23:59 - [TEST_STEP][PASSED] - reusablefunctions.reusablefunctions.Login(findTestData("ispekstestdata").getValue(1, 7), findTestData("ispekstestdata").getValue(2, 7)): reusablefunctions.reusablefunctions.Login is PASSED

2019-04-02 11:23:59 - [MESSAGE][PASSED] - Text '780613015177' is set on object 'Object Repository/Login/input_NoKadPengenalan'

2019-04-02 11:23:59 - [MESSAGE][PASSED] - Text ****** has been set on object 'Object Repository/Login/input_Password'

2019-04-02 11:24:00 - [MESSAGE][PASSED] - Object: 'Object Repository/Login/input_ButtonLogMasuk' is clicked on

2019-04-02 11:24:10 - [MESSAGE][PASSED] - Delayed 10 second(s)

2019-04-02 11:24:10 - [MESSAGE][PASSED] - reusablefunctions.reusablefunctions.Login is PASSED

2019-04-02 11:24:10 - [TEST_STEP][PASSED] - click(findTestObject("Perolehan/TukarPeranan/IconTukarPeranan")): Object: 'Object Repository/Perolehan/TukarPeranan/IconTukarPeranan' is clicked on

2019-04-02 11:24:10 - [MESSAGE][PASSED] - Object: 'Object Repository/Perolehan/TukarPeranan/IconTukarPeranan' is clicked on

2019-04-02 11:24:10 - [TEST_STEP][PASSED] - click(findTestObject("Perolehan/TukarPeranan/input_TukarPeranan", ["value":"220"])): Object: 'Object Repository/Perolehan/TukarPeranan/input_TukarPeranan' is clicked on

2019-04-02 11:24:10 - [MESSAGE][PASSED] - Object: 'Object Repository/Perolehan/TukarPeranan/input_TukarPeranan' is clicked on

2019-04-02 11:24:10 - [TEST_STEP][PASSED] - click(findTestObject("Perolehan/TukarPeranan/button_Ya")): Object: 'Object Repository/Perolehan/TukarPeranan/button_Ya' is clicked on

2019-04-02 11:24:10 - [MESSAGE][PASSED] - Object: 'Object Repository/Perolehan/TukarPeranan/button_Ya' is clicked on

2019-04-02 11:24:10 - [TEST_STEP][PASSED] - delay(20): Delayed 20 second(s)

2019-04-02 11:24:30 - [MESSAGE][PASSED] - Delayed 20 second(s)

2019-04-02 11:24:30 - [TEST_STEP][PASSED] - verifyTextPresent("Peranan : [Pelulus] Peringkat : [PTJ]", false): Text 'Peranan : [Pelulus] Peringkat : [PTJ]' is present on page 

2019-04-02 11:24:32 - [MESSAGE][PASSED] - Text 'Peranan : [Pelulus] Peringkat : [PTJ]' is present on page 

2019-04-02 11:24:32 - [TEST_STEP][PASSED] - click(findTestObject("Perolehan/007 Proses Baucar Bayaran/001 Pelulus PT/Menu_Sisi")): Object: 'Object Repository/Perolehan/007 Proses Baucar Bayaran/001 Pelulus PT/Menu_Sisi' is clicked on

2019-04-02 11:24:32 - [MESSAGE][PASSED] - Object: 'Object Repository/Perolehan/007 Proses Baucar Bayaran/001 Pelulus PT/Menu_Sisi' is clicked on

2019-04-02 11:24:32 - [TEST_STEP][PASSED] - delay(3): Delayed 3 second(s)

2019-04-02 11:24:35 - [MESSAGE][PASSED] - Delayed 3 second(s)

2019-04-02 11:24:35 - [TEST_STEP][PASSED] - click(findTestObject("Perolehan/007 Proses Baucar Bayaran/001 Pelulus PT/Menu_Akaun Belum Bayar")): Object: 'Object Repository/Perolehan/007 Proses Baucar Bayaran/001 Pelulus PT/Menu_Akaun Belum Bayar' is clicked on

2019-04-02 11:24:35 - [MESSAGE][PASSED] - Object: 'Object Repository/Perolehan/007 Proses Baucar Bayaran/001 Pelulus PT/Menu_Akaun Belum Bayar' is clicked on

2019-04-02 11:24:35 - [TEST_STEP][PASSED] - delay(3): Delayed 3 second(s)

2019-04-02 11:24:38 - [MESSAGE][PASSED] - Delayed 3 second(s)

2019-04-02 11:24:38 - [TEST_STEP][PASSED] - click(findTestObject("Perolehan/007 Proses Baucar Bayaran/001 Pelulus PT/Menu_Expand_Baucar_Bayaran")): Object: 'Object Repository/Perolehan/007 Proses Baucar Bayaran/001 Pelulus PT/Menu_Expand_Baucar_Bayaran' is clicked on

2019-04-02 11:24:39 - [MESSAGE][PASSED] - Object: 'Object Repository/Perolehan/007 Proses Baucar Bayaran/001 Pelulus PT/Menu_Expand_Baucar_Bayaran' is clicked on

2019-04-02 11:24:39 - [TEST_STEP][PASSED] - delay(3): Delayed 3 second(s)

2019-04-02 11:24:42 - [MESSAGE][PASSED] - Delayed 3 second(s)

2019-04-02 11:24:42 - [TEST_STEP][PASSED] - click(findTestObject("Perolehan/007 Proses Baucar Bayaran/001 Pelulus PT/Menu_Integrasi_Dalaman")): Object: 'Object Repository/Perolehan/007 Proses Baucar Bayaran/001 Pelulus PT/Menu_Integrasi_Dalaman' is clicked on

2019-04-02 11:24:42 - [MESSAGE][PASSED] - Object: 'Object Repository/Perolehan/007 Proses Baucar Bayaran/001 Pelulus PT/Menu_Integrasi_Dalaman' is clicked on

2019-04-02 11:24:42 - [TEST_STEP][PASSED] - delay(3): Delayed 3 second(s)

2019-04-02 11:24:45 - [MESSAGE][PASSED] - Delayed 3 second(s)

2019-04-02 11:24:45 - [TEST_STEP][PASSED] - setText(findTestObject("Perolehan/007 Proses Baucar Bayaran/001 Pelulus PT/input_No_Rekod"), ArahanBayaranRekodID): Text '19CHAB030100050' is set on object 'Object Repository/Perolehan/007 Proses Baucar Bayaran/001 Pelulus PT/input_No_Rekod'

2019-04-02 11:24:46 - [MESSAGE][PASSED] - Text '19CHAB030100050' is set on object 'Object Repository/Perolehan/007 Proses Baucar Bayaran/001 Pelulus PT/input_No_Rekod'

2019-04-02 11:24:46 - [TEST_STEP][PASSED] - delay(3): Delayed 3 second(s)

2019-04-02 11:24:49 - [MESSAGE][PASSED] - Delayed 3 second(s)

2019-04-02 11:24:49 - [TEST_STEP][PASSED] - doubleClick(findTestObject("Perolehan/007 Proses Baucar Bayaran/001 Pelulus PT/select_No_Rekod", ["text":ArahanBayaranRekodID])): Object: 'Object Repository/Perolehan/007 Proses Baucar Bayaran/001 Pelulus PT/select_No_Rekod' is double clicked on

2019-04-02 11:24:49 - [MESSAGE][PASSED] - Object: 'Object Repository/Perolehan/007 Proses Baucar Bayaran/001 Pelulus PT/select_No_Rekod' is double clicked on

2019-04-02 11:24:49 - [TEST_STEP][PASSED] - delay(3): Delayed 3 second(s)

2019-04-02 11:24:52 - [MESSAGE][PASSED] - Delayed 3 second(s)

2019-04-02 11:24:52 - [TEST_STEP][PASSED] - kodpembekal = getText(findTestObject("Perolehan/007 Proses Baucar Bayaran/001 Pelulus PT/kod_pembekal_Penerima", ["text":nama_pembekal_pemfaktoran])): Text of object 'Object Repository/Perolehan/007 Proses Baucar Bayaran/001 Pelulus PT/kod_pembekal_Penerima' is: 'JULIANA TRADING'

2019-04-02 11:24:52 - [MESSAGE][PASSED] - Text of object 'Object Repository/Perolehan/007 Proses Baucar Bayaran/001 Pelulus PT/kod_pembekal_Penerima' is: 'JULIANA TRADING'

2019-04-02 11:24:52 - [TEST_STEP][PASSED] - delay(3): Delayed 3 second(s)

2019-04-02 11:24:55 - [MESSAGE][PASSED] - Delayed 3 second(s)

2019-04-02 11:24:55 - [TEST_STEP][PASSED] - verifyMatch(kodpembekal, nama_pembekal_pemfaktoran, false): Actual text 'JULIANA TRADING' and expected text 'JULIANA TRADING' are matched 

2019-04-02 11:24:55 - [MESSAGE][PASSED] - Actual text 'JULIANA TRADING' and expected text 'JULIANA TRADING' are matched 

2019-04-02 11:24:55 - [TEST_STEP][PASSED] - jumlahkeseluruhan = getText(findTestObject("Perolehan/007 Proses Baucar Bayaran/001 Pelulus PT/jumlah_amaun")): Text of object 'Object Repository/Perolehan/007 Proses Baucar Bayaran/001 Pelulus PT/jumlah_amaun' is: '5.30'

2019-04-02 11:24:55 - [MESSAGE][PASSED] - Text of object 'Object Repository/Perolehan/007 Proses Baucar Bayaran/001 Pelulus PT/jumlah_amaun' is: '5.30'

2019-04-02 11:24:55 - [TEST_STEP][PASSED] - delay(15): Delayed 15 second(s)

2019-04-02 11:25:10 - [MESSAGE][PASSED] - Delayed 15 second(s)

2019-04-02 11:25:10 - [TEST_STEP][PASSED] - verifyMatch(jumlahkeseluruhan, TotalAmaunPT, false): Actual text '5.30' and expected text '5.30' are matched 

2019-04-02 11:25:10 - [MESSAGE][PASSED] - Actual text '5.30' and expected text '5.30' are matched 

2019-04-02 11:25:10 - [TEST_STEP][PASSED] - click(findTestObject("Perolehan/007 Proses Baucar Bayaran/001 Pelulus PT/button_Lulus")): Object: 'Object Repository/Perolehan/007 Proses Baucar Bayaran/001 Pelulus PT/button_Lulus' is clicked on

2019-04-02 11:25:10 - [MESSAGE][PASSED] - Object: 'Object Repository/Perolehan/007 Proses Baucar Bayaran/001 Pelulus PT/button_Lulus' is clicked on

2019-04-02 11:25:10 - [TEST_STEP][PASSED] - delay(3): Delayed 3 second(s)

2019-04-02 11:25:13 - [MESSAGE][PASSED] - Delayed 3 second(s)

2019-04-02 11:25:13 - [TEST_STEP][PASSED] - click(findTestObject("Perolehan/007 Proses Baucar Bayaran/001 Pelulus PT/button_Ya_Lulus")): Object: 'Object Repository/Perolehan/007 Proses Baucar Bayaran/001 Pelulus PT/button_Ya_Lulus' is clicked on

2019-04-02 11:25:14 - [MESSAGE][PASSED] - Object: 'Object Repository/Perolehan/007 Proses Baucar Bayaran/001 Pelulus PT/button_Ya_Lulus' is clicked on

2019-04-02 11:25:14 - [TEST_STEP][PASSED] - delay(3): Delayed 3 second(s)

2019-04-02 11:25:17 - [MESSAGE][PASSED] - Delayed 3 second(s)

2019-04-02 11:25:17 - [TEST_STEP][PASSED] - No_Baucar = getText(findTestObject("Perolehan/007 Proses Baucar Bayaran/001 Pelulus PT/div_Rekod Berjaya Diluluskan")): Text of object 'Object Repository/Perolehan/007 Proses Baucar Bayaran/001 Pelulus PT/div_Rekod Berjaya Diluluskan' is: 'Rekod Berjaya Diluluskan.
No. Baucar : 19CHBB0400217
Adakah Anda Ingin Mencetak Rekod Ini?
YaTidak'

2019-04-02 11:25:33 - [MESSAGE][PASSED] - Text of object 'Object Repository/Perolehan/007 Proses Baucar Bayaran/001 Pelulus PT/div_Rekod Berjaya Diluluskan' is: 'Rekod Berjaya Diluluskan.
No. Baucar : 19CHBB0400217
Adakah Anda Ingin Mencetak Rekod Ini?
YaTidak'

2019-04-02 11:25:33 - [TEST_STEP][PASSED] - println(No_Baucar): null

2019-04-02 11:25:33 - [TEST_STEP][PASSED] - Baucar_id = No_Baucar[(39..51)]: null

2019-04-02 11:25:33 - [TEST_STEP][PASSED] - println(Baucar_id): null

2019-04-02 11:25:33 - [TEST_STEP][PASSED] - Nombor_Baucar = Baucar_id: null

2019-04-02 11:25:33 - [TEST_STEP][PASSED] - delay(3): Delayed 3 second(s)

2019-04-02 11:25:36 - [MESSAGE][PASSED] - Delayed 3 second(s)

2019-04-02 11:25:36 - [TEST_STEP][PASSED] - waitForElementClickable(findTestObject("Perolehan/007 Proses Baucar Bayaran/001 Pelulus PT/button_Ya_Cetak"), 300): Object 'Object Repository/Perolehan/007 Proses Baucar Bayaran/001 Pelulus PT/button_Ya_Cetak' is clickable

2019-04-02 11:25:36 - [MESSAGE][PASSED] - Object 'Object Repository/Perolehan/007 Proses Baucar Bayaran/001 Pelulus PT/button_Ya_Cetak' is clickable

2019-04-02 11:25:36 - [TEST_STEP][PASSED] - element = findWebElement(findTestObject("Perolehan/007 Proses Baucar Bayaran/001 Pelulus PT/button_Ya_Cetak"), 300): null

2019-04-02 11:25:36 - [TEST_STEP][PASSED] - executeJavaScript("arguments[0].click", Arrays.asList(element)): Execute JavaScript 'arguments[0].click' successfully

2019-04-02 11:25:36 - [MESSAGE][PASSED] - Execute JavaScript 'arguments[0].click' successfully

2019-04-02 11:25:36 - [TEST_STEP][PASSED] - click(findTestObject("Perolehan/007 Proses Baucar Bayaran/001 Pelulus PT/button_Ya_Cetak")): Object: 'Object Repository/Perolehan/007 Proses Baucar Bayaran/001 Pelulus PT/button_Ya_Cetak' is clicked on

2019-04-02 11:26:05 - [MESSAGE][PASSED] - Object: 'Object Repository/Perolehan/007 Proses Baucar Bayaran/001 Pelulus PT/button_Ya_Cetak' is clicked on

2019-04-02 11:26:05 - [TEST_STEP][PASSED] - switchToWindowIndex(1): Switched to window with index: '1'

2019-04-02 11:26:05 - [MESSAGE][PASSED] - Switched to window with index: '1'

2019-04-02 11:26:05 - [TEST_STEP][PASSED] - delay(3): Delayed 3 second(s)

2019-04-02 11:26:08 - [MESSAGE][PASSED] - Delayed 3 second(s)

2019-04-02 11:26:08 - [TEST_STEP][PASSED] - waitForPageLoad(180): Wait for page load successfully

2019-04-02 11:26:09 - [MESSAGE][PASSED] - Wait for page load successfully

2019-04-02 11:26:09 - [TEST_STEP][PASSED] - takeScreenshot(): Taking screenshot successfully

2019-04-02 11:26:09 - [MESSAGE][PASSED] - Taking screenshot successfully
[[ATTACHMENT|C:\\Users\\Consultant_MSPHitect\\Katalon Studio\\TrainingonKatalon\\Reports\\Perolehan\\02 Pesanan Tempatan Cara Bayaran CEK Dengan Pemfaktoran\\20190402_111348\\1554175569278.png]]

2019-04-02 11:26:09 - [TEST_STEP][PASSED] - switchToWindowIndex(0): Switched to window with index: '0'

2019-04-02 11:26:09 - [MESSAGE][PASSED] - Switched to window with index: '0'

2019-04-02 11:26:09 - [TEST_STEP][PASSED] - delay(3): Delayed 3 second(s)

2019-04-02 11:26:12 - [MESSAGE][PASSED] - Delayed 3 second(s)

2019-04-02 11:26:12 - [TEST_STEP][PASSED] - closeBrowser(): Browser is closed

2019-04-02 11:26:13 - [MESSAGE][PASSED] - Browser is closed]]></system-out>
         <system-err><![CDATA[]]></system-err>
      </testcase>
      <testcase name="Test Cases/Perolehan/008 Posting Bayaran/002 Posting Bayaran - CEK" classname="Test Cases/Perolehan/008 Posting Bayaran/002 Posting Bayaran - CEK" status="PASSED">
         <system-out><![CDATA[2019-04-02 11:26:13 - [TEST_CASE][PASSED] - Test Cases/Perolehan/008 Posting Bayaran/002 Posting Bayaran - CEK: Test Cases/Perolehan/008 Posting Bayaran/002 Posting Bayaran - CEK

2019-04-02 11:26:13 - [TEST_STEP][PASSED] - reusablefunctions.reusablefunctions.openbrowser(): reusablefunctions.reusablefunctions.openbrowser is PASSED

2019-04-02 11:26:13 - [MESSAGE][INFO] - Starting 'Chrome' driver

2019-04-02 11:26:16 - [MESSAGE][PASSED] - Browser is opened with url: 'http://175.143.52.101:7010/1SPEKSv2/'

2019-04-02 11:26:16 - [MESSAGE][PASSED] - reusablefunctions.reusablefunctions.openbrowser is PASSED

2019-04-02 11:26:16 - [TEST_STEP][PASSED] - reusablefunctions.reusablefunctions.Login(findTestData("ispekstestdata").getValue(1, 7), findTestData("ispekstestdata").getValue(2, 7)): reusablefunctions.reusablefunctions.Login is PASSED

2019-04-02 11:26:17 - [MESSAGE][PASSED] - Text '780613015177' is set on object 'Object Repository/Login/input_NoKadPengenalan'

2019-04-02 11:26:17 - [MESSAGE][PASSED] - Text ****** has been set on object 'Object Repository/Login/input_Password'

2019-04-02 11:26:18 - [MESSAGE][PASSED] - Object: 'Object Repository/Login/input_ButtonLogMasuk' is clicked on

2019-04-02 11:26:28 - [MESSAGE][PASSED] - Delayed 10 second(s)

2019-04-02 11:26:28 - [MESSAGE][PASSED] - reusablefunctions.reusablefunctions.Login is PASSED

2019-04-02 11:26:28 - [TEST_STEP][PASSED] - click(findTestObject("Perolehan/TukarPeranan/IconTukarPeranan")): Object: 'Object Repository/Perolehan/TukarPeranan/IconTukarPeranan' is clicked on

2019-04-02 11:26:28 - [MESSAGE][PASSED] - Object: 'Object Repository/Perolehan/TukarPeranan/IconTukarPeranan' is clicked on

2019-04-02 11:26:28 - [TEST_STEP][PASSED] - click(findTestObject("Perolehan/TukarPeranan/input_TukarPeranan", ["value":"2474"])): Object: 'Object Repository/Perolehan/TukarPeranan/input_TukarPeranan' is clicked on

2019-04-02 11:26:28 - [MESSAGE][PASSED] - Object: 'Object Repository/Perolehan/TukarPeranan/input_TukarPeranan' is clicked on

2019-04-02 11:26:28 - [TEST_STEP][PASSED] - click(findTestObject("Perolehan/TukarPeranan/button_Ya")): Object: 'Object Repository/Perolehan/TukarPeranan/button_Ya' is clicked on

2019-04-02 11:26:28 - [MESSAGE][PASSED] - Object: 'Object Repository/Perolehan/TukarPeranan/button_Ya' is clicked on

2019-04-02 11:26:28 - [TEST_STEP][PASSED] - delay(25): Delayed 25 second(s)

2019-04-02 11:26:53 - [MESSAGE][PASSED] - Delayed 25 second(s)

2019-04-02 11:26:53 - [TEST_STEP][PASSED] - verifyTextPresent("Peranan : [Pelulus] Peringkat : [BN]", false): Text 'Peranan : [Pelulus] Peringkat : [BN]' is present on page 

2019-04-02 11:26:53 - [MESSAGE][PASSED] - Text 'Peranan : [Pelulus] Peringkat : [BN]' is present on page 

2019-04-02 11:26:53 - [TEST_STEP][PASSED] - click(findTestObject("Perolehan/001 Left_Menu_Selection/a_ExpandMenuonLeft")): Object: 'Object Repository/Perolehan/001 Left_Menu_Selection/a_ExpandMenuonLeft' is clicked on

2019-04-02 11:26:54 - [MESSAGE][PASSED] - Object: 'Object Repository/Perolehan/001 Left_Menu_Selection/a_ExpandMenuonLeft' is clicked on

2019-04-02 11:26:54 - [TEST_STEP][PASSED] - delay(3): Delayed 3 second(s)

2019-04-02 11:26:57 - [MESSAGE][PASSED] - Delayed 3 second(s)

2019-04-02 11:26:57 - [TEST_STEP][PASSED] - click(findTestObject("Perolehan/001 Left_Menu_Selection/div_PanelTitlePengurusanTunai")): Object: 'Object Repository/Perolehan/001 Left_Menu_Selection/div_PanelTitlePengurusanTunai' is clicked on

2019-04-02 11:26:57 - [MESSAGE][PASSED] - Object: 'Object Repository/Perolehan/001 Left_Menu_Selection/div_PanelTitlePengurusanTunai' is clicked on

2019-04-02 11:26:57 - [TEST_STEP][PASSED] - delay(3): Delayed 3 second(s)

2019-04-02 11:27:00 - [MESSAGE][PASSED] - Delayed 3 second(s)

2019-04-02 11:27:00 - [TEST_STEP][PASSED] - click(findTestObject("Perolehan/001 Left_Menu_Selection/div_PostBayaran")): Object: 'Object Repository/Perolehan/001 Left_Menu_Selection/div_PostBayaran' is clicked on

2019-04-02 11:27:00 - [MESSAGE][PASSED] - Object: 'Object Repository/Perolehan/001 Left_Menu_Selection/div_PostBayaran' is clicked on

2019-04-02 11:27:00 - [TEST_STEP][PASSED] - delay(3): Delayed 3 second(s)

2019-04-02 11:27:03 - [MESSAGE][PASSED] - Delayed 3 second(s)

2019-04-02 11:27:03 - [TEST_STEP][PASSED] - click(findTestObject("Perolehan/008 Post Bayaran/Drop_Down_Cara_Bayaran")): Object: 'Object Repository/Perolehan/008 Post Bayaran/Drop_Down_Cara_Bayaran' is clicked on

2019-04-02 11:27:03 - [MESSAGE][PASSED] - Object: 'Object Repository/Perolehan/008 Post Bayaran/Drop_Down_Cara_Bayaran' is clicked on

2019-04-02 11:27:03 - [TEST_STEP][PASSED] - click(findTestObject("Perolehan/008 Post Bayaran/Select_Cara_Bayaran_CEK")): Object: 'Object Repository/Perolehan/008 Post Bayaran/Select_Cara_Bayaran_CEK' is clicked on

2019-04-02 11:27:03 - [MESSAGE][PASSED] - Object: 'Object Repository/Perolehan/008 Post Bayaran/Select_Cara_Bayaran_CEK' is clicked on

2019-04-02 11:27:03 - [TEST_STEP][PASSED] - delay(3): Delayed 3 second(s)

2019-04-02 11:27:06 - [MESSAGE][PASSED] - Delayed 3 second(s)

2019-04-02 11:27:06 - [TEST_STEP][PASSED] - click(findTestObject("Perolehan/008 Post Bayaran/Drop_down_No_Baucar")): Object: 'Object Repository/Perolehan/008 Post Bayaran/Drop_down_No_Baucar' is clicked on

2019-04-02 11:27:06 - [MESSAGE][PASSED] - Object: 'Object Repository/Perolehan/008 Post Bayaran/Drop_down_No_Baucar' is clicked on

2019-04-02 11:27:06 - [TEST_STEP][PASSED] - delay(3): Delayed 3 second(s)

2019-04-02 11:27:09 - [MESSAGE][PASSED] - Delayed 3 second(s)

2019-04-02 11:27:09 - [TEST_STEP][PASSED] - setText(findTestObject("Perolehan/008 Post Bayaran/input_No. Baucar_noBaucar"), Nombor_Baucar): Text '19CHBB0400217' is set on object 'Object Repository/Perolehan/008 Post Bayaran/input_No. Baucar_noBaucar'

2019-04-02 11:27:10 - [MESSAGE][PASSED] - Text '19CHBB0400217' is set on object 'Object Repository/Perolehan/008 Post Bayaran/input_No. Baucar_noBaucar'

2019-04-02 11:27:10 - [TEST_STEP][PASSED] - delay(3): Delayed 3 second(s)

2019-04-02 11:27:13 - [MESSAGE][PASSED] - Delayed 3 second(s)

2019-04-02 11:27:13 - [TEST_STEP][PASSED] - click(findTestObject("Perolehan/008 Post Bayaran/select_No_Baucar", ["text":Nombor_Baucar])): Object: 'Object Repository/Perolehan/008 Post Bayaran/select_No_Baucar' is clicked on

2019-04-02 11:27:13 - [MESSAGE][PASSED] - Object: 'Object Repository/Perolehan/008 Post Bayaran/select_No_Baucar' is clicked on

2019-04-02 11:27:13 - [TEST_STEP][PASSED] - delay(3): Delayed 3 second(s)

2019-04-02 11:27:16 - [MESSAGE][PASSED] - Delayed 3 second(s)

2019-04-02 11:27:16 - [TEST_STEP][PASSED] - click(findTestObject("Perolehan/008 Post Bayaran/button_Cari")): Object: 'Object Repository/Perolehan/008 Post Bayaran/button_Cari' is clicked on

2019-04-02 11:27:16 - [MESSAGE][PASSED] - Object: 'Object Repository/Perolehan/008 Post Bayaran/button_Cari' is clicked on

2019-04-02 11:27:16 - [TEST_STEP][PASSED] - delay(25): Delayed 25 second(s)

2019-04-02 11:27:41 - [MESSAGE][PASSED] - Delayed 25 second(s)

2019-04-02 11:27:41 - [TEST_STEP][PASSED] - waitForElementClickable(findTestObject("Perolehan/008 Post Bayaran/checkbox_proses"), 180): Object 'Object Repository/Perolehan/008 Post Bayaran/checkbox_proses' is clickable

2019-04-02 11:27:41 - [MESSAGE][PASSED] - Object 'Object Repository/Perolehan/008 Post Bayaran/checkbox_proses' is clickable

2019-04-02 11:27:41 - [TEST_STEP][PASSED] - check(findTestObject("Perolehan/008 Post Bayaran/checkbox_proses")): Object 'Object Repository/Perolehan/008 Post Bayaran/checkbox_proses' is checked

2019-04-02 11:27:41 - [MESSAGE][PASSED] - Object 'Object Repository/Perolehan/008 Post Bayaran/checkbox_proses' is checked

2019-04-02 11:27:41 - [TEST_STEP][PASSED] - click(findTestObject("Perolehan/008 Post Bayaran/button_proses")): Object: 'Object Repository/Perolehan/008 Post Bayaran/button_proses' is clicked on

2019-04-02 11:27:41 - [MESSAGE][PASSED] - Object: 'Object Repository/Perolehan/008 Post Bayaran/button_proses' is clicked on

2019-04-02 11:27:41 - [TEST_STEP][PASSED] - delay(3): Delayed 3 second(s)

2019-04-02 11:27:44 - [MESSAGE][PASSED] - Delayed 3 second(s)

2019-04-02 11:27:44 - [TEST_STEP][PASSED] - click(findTestObject("Perolehan/008 Post Bayaran/button_Ya_Proses")): Object: 'Object Repository/Perolehan/008 Post Bayaran/button_Ya_Proses' is clicked on

2019-04-02 11:27:44 - [MESSAGE][PASSED] - Object: 'Object Repository/Perolehan/008 Post Bayaran/button_Ya_Proses' is clicked on

2019-04-02 11:27:44 - [TEST_STEP][PASSED] - delay(10): Delayed 10 second(s)

2019-04-02 11:27:54 - [MESSAGE][PASSED] - Delayed 10 second(s)

2019-04-02 11:27:54 - [TEST_STEP][PASSED] - waitForElementPresent(findTestObject("Perolehan/008 Post Bayaran/button_OK"), 180): Object 'Object Repository/Perolehan/008 Post Bayaran/button_OK' is present

2019-04-02 11:28:02 - [MESSAGE][PASSED] - Object 'Object Repository/Perolehan/008 Post Bayaran/button_OK' is present

2019-04-02 11:28:02 - [TEST_STEP][PASSED] - verifyTextPresent("Proses Posting Berjaya.", false): Text 'Proses Posting Berjaya.' is present on page 

2019-04-02 11:28:03 - [MESSAGE][PASSED] - Text 'Proses Posting Berjaya.' is present on page 

2019-04-02 11:28:03 - [TEST_STEP][PASSED] - takeScreenshot(): Taking screenshot successfully

2019-04-02 11:28:03 - [MESSAGE][PASSED] - Taking screenshot successfully
[[ATTACHMENT|C:\\Users\\Consultant_MSPHitect\\Katalon Studio\\TrainingonKatalon\\Reports\\Perolehan\\02 Pesanan Tempatan Cara Bayaran CEK Dengan Pemfaktoran\\20190402_111348\\1554175683584.png]]

2019-04-02 11:28:03 - [TEST_STEP][PASSED] - waitForElementClickable(findTestObject("Perolehan/002 Penyedia_RekodBaru/001 Rekod Baru Pesanan Tempatan/button_OK_Rekod_Berjaya_disimpan"), 300): Object 'Object Repository/Perolehan/002 Penyedia_RekodBaru/001 Rekod Baru Pesanan Tempatan/button_OK_Rekod_Berjaya_disimpan' is clickable

2019-04-02 11:28:03 - [MESSAGE][PASSED] - Object 'Object Repository/Perolehan/002 Penyedia_RekodBaru/001 Rekod Baru Pesanan Tempatan/button_OK_Rekod_Berjaya_disimpan' is clickable

2019-04-02 11:28:03 - [TEST_STEP][PASSED] - element = findWebElement(findTestObject("Perolehan/008 Post Bayaran/button_OK"), 300): null

2019-04-02 11:28:03 - [TEST_STEP][PASSED] - executeJavaScript("arguments[0].click", Arrays.asList(element)): Execute JavaScript 'arguments[0].click' successfully

2019-04-02 11:28:03 - [MESSAGE][PASSED] - Execute JavaScript 'arguments[0].click' successfully

2019-04-02 11:28:03 - [TEST_STEP][PASSED] - click(findTestObject("Perolehan/008 Post Bayaran/button_OK")): Object: 'Object Repository/Perolehan/008 Post Bayaran/button_OK' is clicked on

2019-04-02 11:28:04 - [MESSAGE][PASSED] - Object: 'Object Repository/Perolehan/008 Post Bayaran/button_OK' is clicked on

2019-04-02 11:28:04 - [TEST_STEP][PASSED] - delay(3): Delayed 3 second(s)

2019-04-02 11:28:07 - [MESSAGE][PASSED] - Delayed 3 second(s)

2019-04-02 11:28:07 - [TEST_STEP][PASSED] - closeBrowser(): Browser is closed

2019-04-02 11:28:07 - [MESSAGE][PASSED] - Browser is closed]]></system-out>
         <system-err><![CDATA[]]></system-err>
      </testcase>
      <testcase name="Test Cases/Perolehan/009 Penyedia Cetak Baucar Bayaran/001 Penyedia Cetak Baucar Bayaran" classname="Test Cases/Perolehan/009 Penyedia Cetak Baucar Bayaran/001 Penyedia Cetak Baucar Bayaran" status="PASSED">
         <system-out><![CDATA[2019-04-02 11:28:07 - [TEST_CASE][PASSED] - Test Cases/Perolehan/009 Penyedia Cetak Baucar Bayaran/001 Penyedia Cetak Baucar Bayaran: Test Cases/Perolehan/009 Penyedia Cetak Baucar Bayaran/001 Penyedia Cetak Baucar Bayaran

2019-04-02 11:28:07 - [TEST_STEP][PASSED] - reusablefunctions.reusablefunctions.openbrowser(): reusablefunctions.reusablefunctions.openbrowser is PASSED

2019-04-02 11:28:07 - [MESSAGE][INFO] - Starting 'Chrome' driver

2019-04-02 11:28:10 - [MESSAGE][PASSED] - Browser is opened with url: 'http://175.143.52.101:7010/1SPEKSv2/'

2019-04-02 11:28:10 - [MESSAGE][PASSED] - reusablefunctions.reusablefunctions.openbrowser is PASSED

2019-04-02 11:28:10 - [TEST_STEP][PASSED] - reusablefunctions.reusablefunctions.Login(findTestData("ispekstestdata").getValue(1, 4), findTestData("ispekstestdata").getValue(2, 4)): reusablefunctions.reusablefunctions.Login is PASSED

2019-04-02 11:28:11 - [MESSAGE][PASSED] - Text '810213016116' is set on object 'Object Repository/Login/input_NoKadPengenalan'

2019-04-02 11:28:11 - [MESSAGE][PASSED] - Text ****** has been set on object 'Object Repository/Login/input_Password'

2019-04-02 11:28:12 - [MESSAGE][PASSED] - Object: 'Object Repository/Login/input_ButtonLogMasuk' is clicked on

2019-04-02 11:28:22 - [MESSAGE][PASSED] - Delayed 10 second(s)

2019-04-02 11:28:22 - [MESSAGE][PASSED] - reusablefunctions.reusablefunctions.Login is PASSED

2019-04-02 11:28:22 - [TEST_STEP][PASSED] - click(findTestObject("Perolehan/TukarPeranan/IconTukarPeranan")): Object: 'Object Repository/Perolehan/TukarPeranan/IconTukarPeranan' is clicked on

2019-04-02 11:28:22 - [MESSAGE][PASSED] - Object: 'Object Repository/Perolehan/TukarPeranan/IconTukarPeranan' is clicked on

2019-04-02 11:28:22 - [TEST_STEP][PASSED] - click(findTestObject("Perolehan/TukarPeranan/input_TukarPeranan", ["value":"255"])): Object: 'Object Repository/Perolehan/TukarPeranan/input_TukarPeranan' is clicked on

2019-04-02 11:28:22 - [MESSAGE][PASSED] - Object: 'Object Repository/Perolehan/TukarPeranan/input_TukarPeranan' is clicked on

2019-04-02 11:28:22 - [TEST_STEP][PASSED] - click(findTestObject("Perolehan/TukarPeranan/button_Ya")): Object: 'Object Repository/Perolehan/TukarPeranan/button_Ya' is clicked on

2019-04-02 11:28:22 - [MESSAGE][PASSED] - Object: 'Object Repository/Perolehan/TukarPeranan/button_Ya' is clicked on

2019-04-02 11:28:22 - [TEST_STEP][PASSED] - delay(20): Delayed 20 second(s)

2019-04-02 11:28:42 - [MESSAGE][PASSED] - Delayed 20 second(s)

2019-04-02 11:28:42 - [TEST_STEP][PASSED] - verifyTextPresent("Peranan : [Penyedia] Peringkat : [PTJ]", false): Text 'Peranan : [Penyedia] Peringkat : [PTJ]' is present on page 

2019-04-02 11:28:44 - [MESSAGE][PASSED] - Text 'Peranan : [Penyedia] Peringkat : [PTJ]' is present on page 

2019-04-02 11:28:44 - [TEST_STEP][PASSED] - click(findTestObject("Perolehan/001 Left_Menu_Selection/a_ExpandMenuonLeft")): Object: 'Object Repository/Perolehan/001 Left_Menu_Selection/a_ExpandMenuonLeft' is clicked on

2019-04-02 11:28:44 - [MESSAGE][PASSED] - Object: 'Object Repository/Perolehan/001 Left_Menu_Selection/a_ExpandMenuonLeft' is clicked on

2019-04-02 11:28:44 - [TEST_STEP][PASSED] - delay(3): Delayed 3 second(s)

2019-04-02 11:28:47 - [MESSAGE][PASSED] - Delayed 3 second(s)

2019-04-02 11:28:47 - [TEST_STEP][PASSED] - click(findTestObject("Perolehan/001 Left_Menu_Selection/Menu_Akaun Belum Bayar")): Object: 'Object Repository/Perolehan/001 Left_Menu_Selection/Menu_Akaun Belum Bayar' is clicked on

2019-04-02 11:28:47 - [MESSAGE][PASSED] - Object: 'Object Repository/Perolehan/001 Left_Menu_Selection/Menu_Akaun Belum Bayar' is clicked on

2019-04-02 11:28:47 - [TEST_STEP][PASSED] - delay(3): Delayed 3 second(s)

2019-04-02 11:28:50 - [MESSAGE][PASSED] - Delayed 3 second(s)

2019-04-02 11:28:50 - [TEST_STEP][PASSED] - click(findTestObject("Perolehan/001 Left_Menu_Selection/div_Carian_Akaun_Belum_Bayar")): Object: 'Object Repository/Perolehan/001 Left_Menu_Selection/div_Carian_Akaun_Belum_Bayar' is clicked on

2019-04-02 11:28:50 - [MESSAGE][PASSED] - Object: 'Object Repository/Perolehan/001 Left_Menu_Selection/div_Carian_Akaun_Belum_Bayar' is clicked on

2019-04-02 11:28:50 - [TEST_STEP][PASSED] - delay(3): Delayed 3 second(s)

2019-04-02 11:28:53 - [MESSAGE][PASSED] - Delayed 3 second(s)

2019-04-02 11:28:53 - [TEST_STEP][PASSED] - click(findTestObject("Perolehan/009 Penyedia Cetak Baucar Bayaran/Drop_down_Jenis_Carian")): Object: 'Object Repository/Perolehan/009 Penyedia Cetak Baucar Bayaran/Drop_down_Jenis_Carian' is clicked on

2019-04-02 11:28:53 - [MESSAGE][PASSED] - Object: 'Object Repository/Perolehan/009 Penyedia Cetak Baucar Bayaran/Drop_down_Jenis_Carian' is clicked on

2019-04-02 11:28:53 - [TEST_STEP][PASSED] - click(findTestObject("Perolehan/009 Penyedia Cetak Baucar Bayaran/Select_No_Baucar")): Object: 'Object Repository/Perolehan/009 Penyedia Cetak Baucar Bayaran/Select_No_Baucar' is clicked on

2019-04-02 11:28:54 - [MESSAGE][PASSED] - Object: 'Object Repository/Perolehan/009 Penyedia Cetak Baucar Bayaran/Select_No_Baucar' is clicked on

2019-04-02 11:28:54 - [TEST_STEP][PASSED] - setText(findTestObject("Perolehan/009 Penyedia Cetak Baucar Bayaran/Input_No_Baucar"), Nombor_Baucar): Text '19CHBB0400217' is set on object 'Object Repository/Perolehan/009 Penyedia Cetak Baucar Bayaran/Input_No_Baucar'

2019-04-02 11:28:54 - [MESSAGE][PASSED] - Text '19CHBB0400217' is set on object 'Object Repository/Perolehan/009 Penyedia Cetak Baucar Bayaran/Input_No_Baucar'

2019-04-02 11:28:54 - [TEST_STEP][PASSED] - click(findTestObject("Perolehan/009 Penyedia Cetak Baucar Bayaran/button_Cari")): Object: 'Object Repository/Perolehan/009 Penyedia Cetak Baucar Bayaran/button_Cari' is clicked on

2019-04-02 11:28:54 - [MESSAGE][PASSED] - Object: 'Object Repository/Perolehan/009 Penyedia Cetak Baucar Bayaran/button_Cari' is clicked on

2019-04-02 11:28:54 - [TEST_STEP][PASSED] - delay(3): Delayed 3 second(s)

2019-04-02 11:28:57 - [MESSAGE][PASSED] - Delayed 3 second(s)

2019-04-02 11:28:57 - [TEST_STEP][PASSED] - click(findTestObject("Perolehan/009 Penyedia Cetak Baucar Bayaran/button_Cetak")): Object: 'Object Repository/Perolehan/009 Penyedia Cetak Baucar Bayaran/button_Cetak' is clicked on

2019-04-02 11:28:57 - [MESSAGE][PASSED] - Object: 'Object Repository/Perolehan/009 Penyedia Cetak Baucar Bayaran/button_Cetak' is clicked on

2019-04-02 11:28:57 - [TEST_STEP][PASSED] - delay(5): Delayed 5 second(s)

2019-04-02 11:29:02 - [MESSAGE][PASSED] - Delayed 5 second(s)

2019-04-02 11:29:02 - [TEST_STEP][PASSED] - switchToWindowIndex(1): Switched to window with index: '1'

2019-04-02 11:29:02 - [MESSAGE][PASSED] - Switched to window with index: '1'

2019-04-02 11:29:02 - [TEST_STEP][PASSED] - waitForPageLoad(180, STOP_ON_FAILURE): Wait for page load successfully

2019-04-02 11:29:18 - [MESSAGE][PASSED] - Wait for page load successfully

2019-04-02 11:29:18 - [TEST_STEP][PASSED] - delay(3): Delayed 3 second(s)

2019-04-02 11:29:21 - [MESSAGE][PASSED] - Delayed 3 second(s)

2019-04-02 11:29:21 - [TEST_STEP][PASSED] - takeScreenshot(): Taking screenshot successfully

2019-04-02 11:29:21 - [MESSAGE][PASSED] - Taking screenshot successfully
[[ATTACHMENT|C:\\Users\\Consultant_MSPHitect\\Katalon Studio\\TrainingonKatalon\\Reports\\Perolehan\\02 Pesanan Tempatan Cara Bayaran CEK Dengan Pemfaktoran\\20190402_111348\\1554175761209.png]]

2019-04-02 11:29:21 - [TEST_STEP][PASSED] - switchToWindowIndex(0): Switched to window with index: '0'

2019-04-02 11:29:21 - [MESSAGE][PASSED] - Switched to window with index: '0'

2019-04-02 11:29:21 - [TEST_STEP][PASSED] - delay(3): Delayed 3 second(s)

2019-04-02 11:29:24 - [MESSAGE][PASSED] - Delayed 3 second(s)

2019-04-02 11:29:24 - [TEST_STEP][PASSED] - closeBrowser(): Browser is closed

2019-04-02 11:29:25 - [MESSAGE][PASSED] - Browser is closed]]></system-out>
         <system-err><![CDATA[]]></system-err>
      </testcase>
      <system-out><![CDATA[2019-04-02 11:13:56 - [TEST_SUITE][PASSED] - 02 Pesanan Tempatan Cara Bayaran CEK Dengan Pemfaktoran: Test Cases/Perolehan/009 Penyedia Cetak Baucar Bayaran/001 Penyedia Cetak Baucar Bayaran]]></system-out>
      <system-err><![CDATA[]]></system-err>
   </testsuite>
</testsuites>
