<?xml version="1.0" encoding="UTF-8"?>
<testsuites name="01 Pesanan Tempatan Cara Bayaran EFT Tiada Pemfaktoran" time="493" tests="5" failures="0" errors="0">
   <testsuite name="01 Pesanan Tempatan Cara Bayaran EFT Tiada Pemfaktoran" tests="5" failures="0" errors="0" time="493" timestamp="2019-03-25 12:20:39" hostname="Consultant_MSPHitect - DESKTOP-V9TS2EM" id="Test Suites/Perolehan/01 Pesanan Tempatan Cara Bayaran EFT Tiada Pemfaktoran">
      <properties>
         <property name="deviceName" value=""/>
         <property name="devicePlatform" value=""/>
         <property name="logFolder" value="C:\\Users\\Consultant_MSPHitect\\Katalon Studio\\TrainingonKatalon\\Reports\\Perolehan\\01 Pesanan Tempatan Cara Bayaran EFT Tiada Pemfaktoran\\20190325_122030"/>
         <property name="logFiles" value="C:\\Users\\Consultant_MSPHitect\\Katalon Studio\\TrainingonKatalon\\Reports\\Perolehan\\01 Pesanan Tempatan Cara Bayaran EFT Tiada Pemfaktoran\\20190325_122030\\execution0.log"/>
         <property name="attachments" value="C:\\Users\\Consultant_MSPHitect\\Katalon Studio\\TrainingonKatalon\\Reports\\Perolehan\\01 Pesanan Tempatan Cara Bayaran EFT Tiada Pemfaktoran\\20190325_122030\\1553487747658.png, C:\\Users\\Consultant_MSPHitect\\Katalon Studio\\TrainingonKatalon\\Reports\\Perolehan\\01 Pesanan Tempatan Cara Bayaran EFT Tiada Pemfaktoran\\20190325_122030\\1553487808387.png, C:\\Users\\Consultant_MSPHitect\\Katalon Studio\\TrainingonKatalon\\Reports\\Perolehan\\01 Pesanan Tempatan Cara Bayaran EFT Tiada Pemfaktoran\\20190325_122030\\1553487941207.png, C:\\Users\\Consultant_MSPHitect\\Katalon Studio\\TrainingonKatalon\\Reports\\Perolehan\\01 Pesanan Tempatan Cara Bayaran EFT Tiada Pemfaktoran\\20190325_122030\\1553488054013.png, C:\\Users\\Consultant_MSPHitect\\Katalon Studio\\TrainingonKatalon\\Reports\\Perolehan\\01 Pesanan Tempatan Cara Bayaran EFT Tiada Pemfaktoran\\20190325_122030\\1553488128564.png"/>
         <property name="hostName" value="Consultant_MSPHitect - DESKTOP-V9TS2EM"/>
         <property name="os" value="Windows 10 64bit"/>
         <property name="katalonVersion" value="6.1.0.1"/>
         <property name="browser" value="Chrome 72.0.3626.121"/>
         <property name="hostAddress" value="192.168.172.132"/>
         <property name="sessionId" value="35aa2cf912024aee34c8f9a3bec61439"/>
         <property name="seleniumVersion" value="3.7.1"/>
         <property name="proxyInformation" value="ProxyInformation{proxyOption=NO_PROXY, proxyServerType=HTTP, password=, proxyServerAddress=, proxyServerPort=0}"/>
         <property name="platform" value="Windows 10"/>
      </properties>
      <testcase name="Test Cases/Perolehan/006 Arahan Bayaran/001 Arahan Bayaran - EFT" classname="Test Cases/Perolehan/006 Arahan Bayaran/001 Arahan Bayaran - EFT" status="PASSED">
         <system-out><![CDATA[2019-03-25 12:20:39 - [TEST_CASE][PASSED] - Test Cases/Perolehan/006 Arahan Bayaran/001 Arahan Bayaran - EFT: Test Cases/Perolehan/006 Arahan Bayaran/001 Arahan Bayaran - EFT

2019-03-25 12:20:40 - [TEST_STEP][PASSED] - reusablefunctions.reusablefunctions.openbrowser(): reusablefunctions.reusablefunctions.openbrowser is PASSED

2019-03-25 12:20:40 - [MESSAGE][INFO] - Starting 'Chrome' driver

2019-03-25 12:20:40 - [MESSAGE][INFO] - Action delay is set to 0 seconds

2019-03-25 12:20:44 - [MESSAGE][PASSED] - Browser is opened with url: 'http://175.143.52.101:7010/1SPEKSv2/'

2019-03-25 12:20:44 - [MESSAGE][PASSED] - reusablefunctions.reusablefunctions.openbrowser is PASSED

2019-03-25 12:20:44 - [TEST_STEP][PASSED] - reusablefunctions.reusablefunctions.Login(findTestData("ispekstestdata").getValue(1, 4), findTestData("ispekstestdata").getValue(2, 4)): reusablefunctions.reusablefunctions.Login is PASSED

2019-03-25 12:20:45 - [MESSAGE][PASSED] - Text '810213016116' is set on object 'Object Repository/Login/input_NoKadPengenalan'

2019-03-25 12:20:45 - [MESSAGE][PASSED] - Text ****** has been set on object 'Object Repository/Login/input_Password'

2019-03-25 12:20:46 - [MESSAGE][PASSED] - Object: 'Object Repository/Login/input_ButtonLogMasuk' is clicked on

2019-03-25 12:20:56 - [MESSAGE][PASSED] - Delayed 10 second(s)

2019-03-25 12:20:56 - [MESSAGE][PASSED] - reusablefunctions.reusablefunctions.Login is PASSED

2019-03-25 12:20:56 - [TEST_STEP][PASSED] - delay(3): Delayed 3 second(s)

2019-03-25 12:20:59 - [MESSAGE][PASSED] - Delayed 3 second(s)

2019-03-25 12:20:59 - [TEST_STEP][PASSED] - click(findTestObject("Perolehan/TukarPeranan/IconTukarPeranan")): Object: 'Object Repository/Perolehan/TukarPeranan/IconTukarPeranan' is clicked on

2019-03-25 12:20:59 - [MESSAGE][PASSED] - Object: 'Object Repository/Perolehan/TukarPeranan/IconTukarPeranan' is clicked on

2019-03-25 12:20:59 - [TEST_STEP][PASSED] - click(findTestObject("Perolehan/TukarPeranan/input_TukarPeranan", ["value":"255"])): Object: 'Object Repository/Perolehan/TukarPeranan/input_TukarPeranan' is clicked on

2019-03-25 12:20:59 - [MESSAGE][PASSED] - Object: 'Object Repository/Perolehan/TukarPeranan/input_TukarPeranan' is clicked on

2019-03-25 12:20:59 - [TEST_STEP][PASSED] - click(findTestObject("Perolehan/TukarPeranan/button_Ya")): Object: 'Object Repository/Perolehan/TukarPeranan/button_Ya' is clicked on

2019-03-25 12:20:59 - [MESSAGE][PASSED] - Object: 'Object Repository/Perolehan/TukarPeranan/button_Ya' is clicked on

2019-03-25 12:20:59 - [TEST_STEP][PASSED] - delay(20): Delayed 20 second(s)

2019-03-25 12:21:20 - [MESSAGE][PASSED] - Delayed 20 second(s)

2019-03-25 12:21:20 - [TEST_STEP][PASSED] - verifyTextPresent("Peranan : [Penyedia] Peringkat : [PTJ]", false): Text 'Peranan : [Penyedia] Peringkat : [PTJ]' is present on page 

2019-03-25 12:21:21 - [MESSAGE][PASSED] - Text 'Peranan : [Penyedia] Peringkat : [PTJ]' is present on page 

2019-03-25 12:21:21 - [TEST_STEP][PASSED] - click(findTestObject("Perolehan/001 Left_Menu_Selection/a_ExpandMenuonLeft")): Object: 'Object Repository/Perolehan/001 Left_Menu_Selection/a_ExpandMenuonLeft' is clicked on

2019-03-25 12:21:22 - [MESSAGE][PASSED] - Object: 'Object Repository/Perolehan/001 Left_Menu_Selection/a_ExpandMenuonLeft' is clicked on

2019-03-25 12:21:22 - [TEST_STEP][PASSED] - delay(3, STOP_ON_FAILURE): Delayed 3 second(s)

2019-03-25 12:21:25 - [MESSAGE][PASSED] - Delayed 3 second(s)

2019-03-25 12:21:25 - [TEST_STEP][PASSED] - click(findTestObject("Perolehan/001 Left_Menu_Selection/div_PanelTitlePerolehan")): Object: 'Object Repository/Perolehan/001 Left_Menu_Selection/div_PanelTitlePerolehan' is clicked on

2019-03-25 12:21:25 - [MESSAGE][PASSED] - Object: 'Object Repository/Perolehan/001 Left_Menu_Selection/div_PanelTitlePerolehan' is clicked on

2019-03-25 12:21:25 - [TEST_STEP][PASSED] - delay(3, STOP_ON_FAILURE): Delayed 3 second(s)

2019-03-25 12:21:28 - [MESSAGE][PASSED] - Delayed 3 second(s)

2019-03-25 12:21:28 - [TEST_STEP][PASSED] - click(findTestObject("Perolehan/001 Left_Menu_Selection/div_Menu_ArahanBayaran")): Object: 'Object Repository/Perolehan/001 Left_Menu_Selection/div_Menu_ArahanBayaran' is clicked on

2019-03-25 12:21:28 - [MESSAGE][PASSED] - Object: 'Object Repository/Perolehan/001 Left_Menu_Selection/div_Menu_ArahanBayaran' is clicked on

2019-03-25 12:21:28 - [TEST_STEP][PASSED] - assert true: null

2019-03-25 12:21:28 - [TEST_STEP][PASSED] - delay(3): Delayed 3 second(s)

2019-03-25 12:21:31 - [MESSAGE][PASSED] - Delayed 3 second(s)

2019-03-25 12:21:31 - [TEST_STEP][PASSED] - waitForElementClickable(findTestObject("Perolehan/006 Arahan Bayaran/001 Pesanan Tempatan/button_REKOD_BARU"), 180): Object 'Object Repository/Perolehan/006 Arahan Bayaran/001 Pesanan Tempatan/button_REKOD_BARU' is clickable

2019-03-25 12:21:31 - [MESSAGE][PASSED] - Object 'Object Repository/Perolehan/006 Arahan Bayaran/001 Pesanan Tempatan/button_REKOD_BARU' is clickable

2019-03-25 12:21:31 - [TEST_STEP][PASSED] - click(findTestObject("Perolehan/006 Arahan Bayaran/001 Pesanan Tempatan/button_REKOD_BARU")): Object: 'Object Repository/Perolehan/006 Arahan Bayaran/001 Pesanan Tempatan/button_REKOD_BARU' is clicked on

2019-03-25 12:21:31 - [MESSAGE][PASSED] - Object: 'Object Repository/Perolehan/006 Arahan Bayaran/001 Pesanan Tempatan/button_REKOD_BARU' is clicked on

2019-03-25 12:21:31 - [TEST_STEP][PASSED] - delay(3): Delayed 3 second(s)

2019-03-25 12:21:34 - [MESSAGE][PASSED] - Delayed 3 second(s)

2019-03-25 12:21:34 - [TEST_STEP][PASSED] - click(findTestObject("Perolehan/006 Arahan Bayaran/001 Pesanan Tempatan/Drop_Down_Jenis_Baucar_Bayaran"), STOP_ON_FAILURE): Object: 'Object Repository/Perolehan/006 Arahan Bayaran/001 Pesanan Tempatan/Drop_Down_Jenis_Baucar_Bayaran' is clicked on

2019-03-25 12:21:34 - [MESSAGE][PASSED] - Object: 'Object Repository/Perolehan/006 Arahan Bayaran/001 Pesanan Tempatan/Drop_Down_Jenis_Baucar_Bayaran' is clicked on

2019-03-25 12:21:34 - [TEST_STEP][PASSED] - delay(3): Delayed 3 second(s)

2019-03-25 12:21:37 - [MESSAGE][PASSED] - Delayed 3 second(s)

2019-03-25 12:21:37 - [TEST_STEP][PASSED] - click(findTestObject("Perolehan/006 Arahan Bayaran/001 Pesanan Tempatan/Select_Kod_Jenis_Baucar_Bayaran")): Object: 'Object Repository/Perolehan/006 Arahan Bayaran/001 Pesanan Tempatan/Select_Kod_Jenis_Baucar_Bayaran' is clicked on

2019-03-25 12:21:37 - [MESSAGE][PASSED] - Object: 'Object Repository/Perolehan/006 Arahan Bayaran/001 Pesanan Tempatan/Select_Kod_Jenis_Baucar_Bayaran' is clicked on

2019-03-25 12:21:37 - [TEST_STEP][PASSED] - delay(3): Delayed 3 second(s)

2019-03-25 12:21:40 - [MESSAGE][PASSED] - Delayed 3 second(s)

2019-03-25 12:21:40 - [TEST_STEP][PASSED] - click(findTestObject("Perolehan/006 Arahan Bayaran/001 Pesanan Tempatan/Drop_Down_Nama_Pembekal")): Object: 'Object Repository/Perolehan/006 Arahan Bayaran/001 Pesanan Tempatan/Drop_Down_Nama_Pembekal' is clicked on

2019-03-25 12:21:41 - [MESSAGE][PASSED] - Object: 'Object Repository/Perolehan/006 Arahan Bayaran/001 Pesanan Tempatan/Drop_Down_Nama_Pembekal' is clicked on

2019-03-25 12:21:41 - [TEST_STEP][PASSED] - delay(3): Delayed 3 second(s)

2019-03-25 12:21:44 - [MESSAGE][PASSED] - Delayed 3 second(s)

2019-03-25 12:21:44 - [TEST_STEP][PASSED] - setText(findTestObject("Perolehan/006 Arahan Bayaran/001 Pesanan Tempatan/input_kod_pembekal"), nama_pembekal): Text 'PERNIAGAAN ALITA SEJATI' is set on object 'Object Repository/Perolehan/006 Arahan Bayaran/001 Pesanan Tempatan/input_kod_pembekal'

2019-03-25 12:21:44 - [MESSAGE][PASSED] - Text 'PERNIAGAAN ALITA SEJATI' is set on object 'Object Repository/Perolehan/006 Arahan Bayaran/001 Pesanan Tempatan/input_kod_pembekal'

2019-03-25 12:21:44 - [TEST_STEP][PASSED] - delay(10): Delayed 10 second(s)

2019-03-25 12:21:54 - [MESSAGE][PASSED] - Delayed 10 second(s)

2019-03-25 12:21:54 - [TEST_STEP][PASSED] - click(findTestObject("Perolehan/006 Arahan Bayaran/001 Pesanan Tempatan/Select_Nama_Pembekal", ["text":nama_pembekal])): Object: 'Object Repository/Perolehan/006 Arahan Bayaran/001 Pesanan Tempatan/Select_Nama_Pembekal' is clicked on

2019-03-25 12:21:54 - [MESSAGE][PASSED] - Object: 'Object Repository/Perolehan/006 Arahan Bayaran/001 Pesanan Tempatan/Select_Nama_Pembekal' is clicked on

2019-03-25 12:21:54 - [TEST_STEP][PASSED] - delay(5): Delayed 5 second(s)

2019-03-25 12:21:59 - [MESSAGE][PASSED] - Delayed 5 second(s)

2019-03-25 12:21:59 - [TEST_STEP][PASSED] - click(findTestObject("Perolehan/006 Arahan Bayaran/001 Pesanan Tempatan/Drop_Down_Cara_Bayaran")): Object: 'Object Repository/Perolehan/006 Arahan Bayaran/001 Pesanan Tempatan/Drop_Down_Cara_Bayaran' is clicked on

2019-03-25 12:21:59 - [MESSAGE][PASSED] - Object: 'Object Repository/Perolehan/006 Arahan Bayaran/001 Pesanan Tempatan/Drop_Down_Cara_Bayaran' is clicked on

2019-03-25 12:21:59 - [TEST_STEP][PASSED] - click(findTestObject("Perolehan/006 Arahan Bayaran/001 Pesanan Tempatan/Select_Cara_Bayaran - EFT")): Object: 'Object Repository/Perolehan/006 Arahan Bayaran/001 Pesanan Tempatan/Select_Cara_Bayaran - EFT' is clicked on

2019-03-25 12:21:59 - [MESSAGE][PASSED] - Object: 'Object Repository/Perolehan/006 Arahan Bayaran/001 Pesanan Tempatan/Select_Cara_Bayaran - EFT' is clicked on

2019-03-25 12:21:59 - [TEST_STEP][PASSED] - mydate = new java.util.Date(): null

2019-03-25 12:21:59 - [TEST_STEP][PASSED] - setText(findTestObject("Perolehan/006 Arahan Bayaran/001 Pesanan Tempatan/input_Perihal"), "This is a test for Arahan Bayaran Julia " + mydate): Text 'This is a test for Arahan Bayaran Julia Mon Mar 25 12:21:59 SGT 2019' is set on object 'Object Repository/Perolehan/006 Arahan Bayaran/001 Pesanan Tempatan/input_Perihal'

2019-03-25 12:22:00 - [MESSAGE][PASSED] - Text 'This is a test for Arahan Bayaran Julia Mon Mar 25 12:21:59 SGT 2019' is set on object 'Object Repository/Perolehan/006 Arahan Bayaran/001 Pesanan Tempatan/input_Perihal'

2019-03-25 12:22:00 - [TEST_STEP][PASSED] - delay(3): Delayed 3 second(s)

2019-03-25 12:22:03 - [MESSAGE][PASSED] - Delayed 3 second(s)

2019-03-25 12:22:03 - [TEST_STEP][PASSED] - doubleClick(findTestObject("Perolehan/006 Arahan Bayaran/001 Pesanan Tempatan/Maklumat_Terimaan_Barang_line_1")): Object: 'Object Repository/Perolehan/006 Arahan Bayaran/001 Pesanan Tempatan/Maklumat_Terimaan_Barang_line_1' is double clicked on

2019-03-25 12:22:03 - [MESSAGE][PASSED] - Object: 'Object Repository/Perolehan/006 Arahan Bayaran/001 Pesanan Tempatan/Maklumat_Terimaan_Barang_line_1' is double clicked on

2019-03-25 12:22:03 - [TEST_STEP][PASSED] - delay(3): Delayed 3 second(s)

2019-03-25 12:22:06 - [MESSAGE][PASSED] - Delayed 3 second(s)

2019-03-25 12:22:06 - [TEST_STEP][PASSED] - RN = Math.random() * 10000: null

2019-03-25 12:22:06 - [TEST_STEP][PASSED] - println(RN): null

2019-03-25 12:22:06 - [TEST_STEP][PASSED] - setText(findTestObject("Perolehan/006 Arahan Bayaran/001 Pesanan Tempatan/input_No_Invois"), "INV0" + RN): Text 'INV04628' is set on object 'Object Repository/Perolehan/006 Arahan Bayaran/001 Pesanan Tempatan/input_No_Invois'

2019-03-25 12:22:06 - [MESSAGE][PASSED] - Text 'INV04628' is set on object 'Object Repository/Perolehan/006 Arahan Bayaran/001 Pesanan Tempatan/input_No_Invois'

2019-03-25 12:22:06 - [TEST_STEP][PASSED] - delay(3): Delayed 3 second(s)

2019-03-25 12:22:09 - [MESSAGE][PASSED] - Delayed 3 second(s)

2019-03-25 12:22:09 - [TEST_STEP][PASSED] - setText(findTestObject("Perolehan/006 Arahan Bayaran/001 Pesanan Tempatan/input_Amaun_Invois_RM"), TotalAmaunPT): Text '4.90' is set on object 'Object Repository/Perolehan/006 Arahan Bayaran/001 Pesanan Tempatan/input_Amaun_Invois_RM'

2019-03-25 12:22:09 - [MESSAGE][PASSED] - Text '4.90' is set on object 'Object Repository/Perolehan/006 Arahan Bayaran/001 Pesanan Tempatan/input_Amaun_Invois_RM'

2019-03-25 12:22:09 - [TEST_STEP][PASSED] - delay(3): Delayed 3 second(s)

2019-03-25 12:22:12 - [MESSAGE][PASSED] - Delayed 3 second(s)

2019-03-25 12:22:12 - [TEST_STEP][PASSED] - click(findTestObject("Perolehan/006 Arahan Bayaran/001 Pesanan Tempatan/Label_Tarikh_Invois")): Object: 'Object Repository/Perolehan/006 Arahan Bayaran/001 Pesanan Tempatan/Label_Tarikh_Invois' is clicked on

2019-03-25 12:22:13 - [MESSAGE][PASSED] - Object: 'Object Repository/Perolehan/006 Arahan Bayaran/001 Pesanan Tempatan/Label_Tarikh_Invois' is clicked on

2019-03-25 12:22:13 - [TEST_STEP][PASSED] - click(findTestObject("Perolehan/006 Arahan Bayaran/001 Pesanan Tempatan/a_Tarikh_Invois"), STOP_ON_FAILURE): Object: 'Object Repository/Perolehan/006 Arahan Bayaran/001 Pesanan Tempatan/a_Tarikh_Invois' is clicked on

2019-03-25 12:22:13 - [MESSAGE][PASSED] - Object: 'Object Repository/Perolehan/006 Arahan Bayaran/001 Pesanan Tempatan/a_Tarikh_Invois' is clicked on

2019-03-25 12:22:13 - [TEST_STEP][PASSED] - delay(2): Delayed 2 second(s)

2019-03-25 12:22:15 - [MESSAGE][PASSED] - Delayed 2 second(s)

2019-03-25 12:22:15 - [TEST_STEP][PASSED] - click(findTestObject("Perolehan/006 Arahan Bayaran/001 Pesanan Tempatan/a_Today_Tarikh_Invois"), STOP_ON_FAILURE): Object: 'Object Repository/Perolehan/006 Arahan Bayaran/001 Pesanan Tempatan/a_Today_Tarikh_Invois' is clicked on

2019-03-25 12:22:15 - [MESSAGE][PASSED] - Object: 'Object Repository/Perolehan/006 Arahan Bayaran/001 Pesanan Tempatan/a_Today_Tarikh_Invois' is clicked on

2019-03-25 12:22:15 - [TEST_STEP][PASSED] - click(findTestObject("Perolehan/006 Arahan Bayaran/001 Pesanan Tempatan/a_Tarikh Terima Oleh Kewangan"), STOP_ON_FAILURE): Object: 'Object Repository/Perolehan/006 Arahan Bayaran/001 Pesanan Tempatan/a_Tarikh Terima Oleh Kewangan' is clicked on

2019-03-25 12:22:15 - [MESSAGE][PASSED] - Object: 'Object Repository/Perolehan/006 Arahan Bayaran/001 Pesanan Tempatan/a_Tarikh Terima Oleh Kewangan' is clicked on

2019-03-25 12:22:15 - [TEST_STEP][PASSED] - delay(2): Delayed 2 second(s)

2019-03-25 12:22:17 - [MESSAGE][PASSED] - Delayed 2 second(s)

2019-03-25 12:22:17 - [TEST_STEP][PASSED] - click(findTestObject("Perolehan/006 Arahan Bayaran/001 Pesanan Tempatan/a_Today_Tarikh_Terima_Oleh_Kewangan"), STOP_ON_FAILURE): Object: 'Object Repository/Perolehan/006 Arahan Bayaran/001 Pesanan Tempatan/a_Today_Tarikh_Terima_Oleh_Kewangan' is clicked on

2019-03-25 12:22:17 - [MESSAGE][PASSED] - Object: 'Object Repository/Perolehan/006 Arahan Bayaran/001 Pesanan Tempatan/a_Today_Tarikh_Terima_Oleh_Kewangan' is clicked on

2019-03-25 12:22:17 - [TEST_STEP][PASSED] - click(findTestObject("Perolehan/006 Arahan Bayaran/001 Pesanan Tempatan/button_Save_Maklumat_Terima_Barang")): Object: 'Object Repository/Perolehan/006 Arahan Bayaran/001 Pesanan Tempatan/button_Save_Maklumat_Terima_Barang' is clicked on

2019-03-25 12:22:17 - [MESSAGE][PASSED] - Object: 'Object Repository/Perolehan/006 Arahan Bayaran/001 Pesanan Tempatan/button_Save_Maklumat_Terima_Barang' is clicked on

2019-03-25 12:22:17 - [TEST_STEP][PASSED] - click(findTestObject("Perolehan/006 Arahan Bayaran/001 Pesanan Tempatan/button_Simpan")): Object: 'Object Repository/Perolehan/006 Arahan Bayaran/001 Pesanan Tempatan/button_Simpan' is clicked on

2019-03-25 12:22:17 - [MESSAGE][PASSED] - Object: 'Object Repository/Perolehan/006 Arahan Bayaran/001 Pesanan Tempatan/button_Simpan' is clicked on

2019-03-25 12:22:17 - [TEST_STEP][PASSED] - click(findTestObject("Perolehan/006 Arahan Bayaran/001 Pesanan Tempatan/button_Ya_Simpan")): Object: 'Object Repository/Perolehan/006 Arahan Bayaran/001 Pesanan Tempatan/button_Ya_Simpan' is clicked on

2019-03-25 12:22:17 - [MESSAGE][PASSED] - Object: 'Object Repository/Perolehan/006 Arahan Bayaran/001 Pesanan Tempatan/button_Ya_Simpan' is clicked on

2019-03-25 12:22:17 - [TEST_STEP][PASSED] - delay(3): Delayed 3 second(s)

2019-03-25 12:22:20 - [MESSAGE][PASSED] - Delayed 3 second(s)

2019-03-25 12:22:20 - [TEST_STEP][PASSED] - click(findTestObject("Perolehan/006 Arahan Bayaran/001 Pesanan Tempatan/button_OK_Rekod_telah_simpan")): Object: 'Object Repository/Perolehan/006 Arahan Bayaran/001 Pesanan Tempatan/button_OK_Rekod_telah_simpan' is clicked on

2019-03-25 12:22:20 - [MESSAGE][PASSED] - Object: 'Object Repository/Perolehan/006 Arahan Bayaran/001 Pesanan Tempatan/button_OK_Rekod_telah_simpan' is clicked on

2019-03-25 12:22:20 - [TEST_STEP][PASSED] - click(findTestObject("Perolehan/006 Arahan Bayaran/001 Pesanan Tempatan/button_Senarai_Semak")): Object: 'Object Repository/Perolehan/006 Arahan Bayaran/001 Pesanan Tempatan/button_Senarai_Semak' is clicked on

2019-03-25 12:22:21 - [MESSAGE][PASSED] - Object: 'Object Repository/Perolehan/006 Arahan Bayaran/001 Pesanan Tempatan/button_Senarai_Semak' is clicked on

2019-03-25 12:22:21 - [TEST_STEP][PASSED] - check(findTestObject("Perolehan/006 Arahan Bayaran/001 Pesanan Tempatan/Senarai_Semak_check_no_1")): Object 'Object Repository/Perolehan/006 Arahan Bayaran/001 Pesanan Tempatan/Senarai_Semak_check_no_1' is checked

2019-03-25 12:22:21 - [MESSAGE][PASSED] - Object 'Object Repository/Perolehan/006 Arahan Bayaran/001 Pesanan Tempatan/Senarai_Semak_check_no_1' is checked

2019-03-25 12:22:21 - [TEST_STEP][PASSED] - click(findTestObject("Perolehan/006 Arahan Bayaran/001 Pesanan Tempatan/button_senarai_Semak_simpan")): Object: 'Object Repository/Perolehan/006 Arahan Bayaran/001 Pesanan Tempatan/button_senarai_Semak_simpan' is clicked on

2019-03-25 12:22:21 - [MESSAGE][PASSED] - Object: 'Object Repository/Perolehan/006 Arahan Bayaran/001 Pesanan Tempatan/button_senarai_Semak_simpan' is clicked on

2019-03-25 12:22:21 - [TEST_STEP][PASSED] - delay(3): Delayed 3 second(s)

2019-03-25 12:22:24 - [MESSAGE][PASSED] - Delayed 3 second(s)

2019-03-25 12:22:24 - [TEST_STEP][PASSED] - click(findTestObject("Perolehan/006 Arahan Bayaran/001 Pesanan Tempatan/button_OK_Rekod_telah_simpan")): Object: 'Object Repository/Perolehan/006 Arahan Bayaran/001 Pesanan Tempatan/button_OK_Rekod_telah_simpan' is clicked on

2019-03-25 12:22:24 - [MESSAGE][PASSED] - Object: 'Object Repository/Perolehan/006 Arahan Bayaran/001 Pesanan Tempatan/button_OK_Rekod_telah_simpan' is clicked on

2019-03-25 12:22:24 - [TEST_STEP][PASSED] - click(findTestObject("Perolehan/006 Arahan Bayaran/001 Pesanan Tempatan/Senarai_Semak_X_close")): Object: 'Object Repository/Perolehan/006 Arahan Bayaran/001 Pesanan Tempatan/Senarai_Semak_X_close' is clicked on

2019-03-25 12:22:24 - [MESSAGE][PASSED] - Object: 'Object Repository/Perolehan/006 Arahan Bayaran/001 Pesanan Tempatan/Senarai_Semak_X_close' is clicked on

2019-03-25 12:22:24 - [TEST_STEP][PASSED] - click(findTestObject("Perolehan/006 Arahan Bayaran/001 Pesanan Tempatan/button_Sah_Simpan")): Object: 'Object Repository/Perolehan/006 Arahan Bayaran/001 Pesanan Tempatan/button_Sah_Simpan' is clicked on

2019-03-25 12:22:24 - [MESSAGE][PASSED] - Object: 'Object Repository/Perolehan/006 Arahan Bayaran/001 Pesanan Tempatan/button_Sah_Simpan' is clicked on

2019-03-25 12:22:24 - [TEST_STEP][PASSED] - click(findTestObject("Perolehan/006 Arahan Bayaran/001 Pesanan Tempatan/button_Ya_Simpan")): Object: 'Object Repository/Perolehan/006 Arahan Bayaran/001 Pesanan Tempatan/button_Ya_Simpan' is clicked on

2019-03-25 12:22:24 - [MESSAGE][PASSED] - Object: 'Object Repository/Perolehan/006 Arahan Bayaran/001 Pesanan Tempatan/button_Ya_Simpan' is clicked on

2019-03-25 12:22:24 - [TEST_STEP][PASSED] - delay(3): Delayed 3 second(s)

2019-03-25 12:22:27 - [MESSAGE][PASSED] - Delayed 3 second(s)

2019-03-25 12:22:27 - [TEST_STEP][PASSED] - takeScreenshot(): Taking screenshot successfully

2019-03-25 12:22:27 - [MESSAGE][PASSED] - Taking screenshot successfully
[[ATTACHMENT|C:\\Users\\Consultant_MSPHitect\\Katalon Studio\\TrainingonKatalon\\Reports\\Perolehan\\01 Pesanan Tempatan Cara Bayaran EFT Tiada Pemfaktoran\\20190325_122030\\1553487747658.png]]

2019-03-25 12:22:27 - [TEST_STEP][PASSED] - attribute = getText(findTestObject("Perolehan/006 Arahan Bayaran/001 Pesanan Tempatan/Get_Arahan_Bayaran_RekodID")): Text of object 'Object Repository/Perolehan/006 Arahan Bayaran/001 Pesanan Tempatan/Get_Arahan_Bayaran_RekodID' is: 'Rekod Telah Berjaya Disah Simpan. [ NO REKOD :19CHAB030100030 ]
Ok'

2019-03-25 12:22:28 - [MESSAGE][PASSED] - Text of object 'Object Repository/Perolehan/006 Arahan Bayaran/001 Pesanan Tempatan/Get_Arahan_Bayaran_RekodID' is: 'Rekod Telah Berjaya Disah Simpan. [ NO REKOD :19CHAB030100030 ]
Ok'

2019-03-25 12:22:28 - [TEST_STEP][PASSED] - println(attribute): null

2019-03-25 12:22:28 - [TEST_STEP][PASSED] - ArahanBayaranID = attribute[(46..60)]: null

2019-03-25 12:22:28 - [TEST_STEP][PASSED] - println(ArahanBayaranID): null

2019-03-25 12:22:28 - [TEST_STEP][PASSED] - ArahanBayaranRekodID = ArahanBayaranID: null

2019-03-25 12:22:28 - [TEST_STEP][PASSED] - delay(3): Delayed 3 second(s)

2019-03-25 12:22:31 - [MESSAGE][PASSED] - Delayed 3 second(s)

2019-03-25 12:22:31 - [TEST_STEP][PASSED] - click(findTestObject("Perolehan/006 Arahan Bayaran/001 Pesanan Tempatan/button_OK_Rekod_telah_simpan")): Object: 'Object Repository/Perolehan/006 Arahan Bayaran/001 Pesanan Tempatan/button_OK_Rekod_telah_simpan' is clicked on

2019-03-25 12:22:31 - [MESSAGE][PASSED] - Object: 'Object Repository/Perolehan/006 Arahan Bayaran/001 Pesanan Tempatan/button_OK_Rekod_telah_simpan' is clicked on

2019-03-25 12:22:31 - [TEST_STEP][PASSED] - closeBrowser(): Browser is closed

2019-03-25 12:22:31 - [MESSAGE][PASSED] - Browser is closed]]></system-out>
         <system-err><![CDATA[]]></system-err>
      </testcase>
      <testcase name="Test Cases/Perolehan/006 Arahan Bayaran/005 Penyemak Pesanan Tempatan" classname="Test Cases/Perolehan/006 Arahan Bayaran/005 Penyemak Pesanan Tempatan" status="PASSED">
         <system-out><![CDATA[2019-03-25 12:22:31 - [TEST_CASE][PASSED] - Test Cases/Perolehan/006 Arahan Bayaran/005 Penyemak Pesanan Tempatan: Test Cases/Perolehan/006 Arahan Bayaran/005 Penyemak Pesanan Tempatan

2019-03-25 12:22:32 - [TEST_STEP][PASSED] - reusablefunctions.reusablefunctions.openbrowser(): reusablefunctions.reusablefunctions.openbrowser is PASSED

2019-03-25 12:22:32 - [MESSAGE][INFO] - Starting 'Chrome' driver

2019-03-25 12:22:34 - [MESSAGE][PASSED] - Browser is opened with url: 'http://175.143.52.101:7010/1SPEKSv2/'

2019-03-25 12:22:34 - [MESSAGE][PASSED] - reusablefunctions.reusablefunctions.openbrowser is PASSED

2019-03-25 12:22:34 - [TEST_STEP][PASSED] - reusablefunctions.reusablefunctions.Login(findTestData("ispekstestdata").getValue(1, 5), findTestData("ispekstestdata").getValue(2, 5)): reusablefunctions.reusablefunctions.Login is PASSED

2019-03-25 12:22:35 - [MESSAGE][PASSED] - Text '860828665169' is set on object 'Object Repository/Login/input_NoKadPengenalan'

2019-03-25 12:22:35 - [MESSAGE][PASSED] - Text ****** has been set on object 'Object Repository/Login/input_Password'

2019-03-25 12:22:36 - [MESSAGE][PASSED] - Object: 'Object Repository/Login/input_ButtonLogMasuk' is clicked on

2019-03-25 12:22:46 - [MESSAGE][PASSED] - Delayed 10 second(s)

2019-03-25 12:22:46 - [MESSAGE][PASSED] - reusablefunctions.reusablefunctions.Login is PASSED

2019-03-25 12:22:46 - [TEST_STEP][PASSED] - click(findTestObject("Perolehan/TukarPeranan/IconTukarPeranan")): Object: 'Object Repository/Perolehan/TukarPeranan/IconTukarPeranan' is clicked on

2019-03-25 12:22:46 - [MESSAGE][PASSED] - Object: 'Object Repository/Perolehan/TukarPeranan/IconTukarPeranan' is clicked on

2019-03-25 12:22:46 - [TEST_STEP][PASSED] - click(findTestObject("Perolehan/TukarPeranan/input_TukarPeranan", ["value":"372"])): Object: 'Object Repository/Perolehan/TukarPeranan/input_TukarPeranan' is clicked on

2019-03-25 12:22:46 - [MESSAGE][PASSED] - Object: 'Object Repository/Perolehan/TukarPeranan/input_TukarPeranan' is clicked on

2019-03-25 12:22:46 - [TEST_STEP][PASSED] - click(findTestObject("Perolehan/TukarPeranan/button_Ya")): Object: 'Object Repository/Perolehan/TukarPeranan/button_Ya' is clicked on

2019-03-25 12:22:46 - [MESSAGE][PASSED] - Object: 'Object Repository/Perolehan/TukarPeranan/button_Ya' is clicked on

2019-03-25 12:22:46 - [TEST_STEP][PASSED] - delay(20): Delayed 20 second(s)

2019-03-25 12:23:06 - [MESSAGE][PASSED] - Delayed 20 second(s)

2019-03-25 12:23:06 - [TEST_STEP][PASSED] - verifyTextPresent("Peranan : [Penyemak] Peringkat : [PTJ]", false): Text 'Peranan : [Penyemak] Peringkat : [PTJ]' is present on page 

2019-03-25 12:23:07 - [MESSAGE][PASSED] - Text 'Peranan : [Penyemak] Peringkat : [PTJ]' is present on page 

2019-03-25 12:23:07 - [TEST_STEP][PASSED] - delay(5): Delayed 5 second(s)

2019-03-25 12:23:12 - [MESSAGE][PASSED] - Delayed 5 second(s)

2019-03-25 12:23:12 - [TEST_STEP][PASSED] - doubleClick(findTestObject("Perolehan/006 Arahan Bayaran/004 Penyemak/Dashboard_Senarai_Semak")): Object: 'Object Repository/Perolehan/006 Arahan Bayaran/004 Penyemak/Dashboard_Senarai_Semak' is double clicked on

2019-03-25 12:23:12 - [MESSAGE][PASSED] - Object: 'Object Repository/Perolehan/006 Arahan Bayaran/004 Penyemak/Dashboard_Senarai_Semak' is double clicked on

2019-03-25 12:23:12 - [TEST_STEP][PASSED] - delay(3): Delayed 3 second(s)

2019-03-25 12:23:15 - [MESSAGE][PASSED] - Delayed 3 second(s)

2019-03-25 12:23:15 - [TEST_STEP][PASSED] - setText(findTestObject("Perolehan/006 Arahan Bayaran/004 Penyemak/input_TABLE_NAME_noRekod"), ArahanBayaranRekodID): Text '19CHAB030100030' is set on object 'Object Repository/Perolehan/006 Arahan Bayaran/004 Penyemak/input_TABLE_NAME_noRekod'

2019-03-25 12:23:15 - [MESSAGE][PASSED] - Text '19CHAB030100030' is set on object 'Object Repository/Perolehan/006 Arahan Bayaran/004 Penyemak/input_TABLE_NAME_noRekod'

2019-03-25 12:23:15 - [TEST_STEP][PASSED] - delay(3): Delayed 3 second(s)

2019-03-25 12:23:18 - [MESSAGE][PASSED] - Delayed 3 second(s)

2019-03-25 12:23:18 - [TEST_STEP][PASSED] - doubleClick(findTestObject("Perolehan/006 Arahan Bayaran/004 Penyemak/select_noRekod", ["text":ArahanBayaranRekodID])): Object: 'Object Repository/Perolehan/006 Arahan Bayaran/004 Penyemak/select_noRekod' is double clicked on

2019-03-25 12:23:18 - [MESSAGE][PASSED] - Object: 'Object Repository/Perolehan/006 Arahan Bayaran/004 Penyemak/select_noRekod' is double clicked on

2019-03-25 12:23:18 - [TEST_STEP][PASSED] - delay(3): Delayed 3 second(s)

2019-03-25 12:23:21 - [MESSAGE][PASSED] - Delayed 3 second(s)

2019-03-25 12:23:21 - [TEST_STEP][PASSED] - click(findTestObject("Perolehan/006 Arahan Bayaran/004 Penyemak/button_Senarai_Semak")): Object: 'Object Repository/Perolehan/006 Arahan Bayaran/004 Penyemak/button_Senarai_Semak' is clicked on

2019-03-25 12:23:22 - [MESSAGE][PASSED] - Object: 'Object Repository/Perolehan/006 Arahan Bayaran/004 Penyemak/button_Senarai_Semak' is clicked on

2019-03-25 12:23:22 - [TEST_STEP][PASSED] - delay(3): Delayed 3 second(s)

2019-03-25 12:23:25 - [MESSAGE][PASSED] - Delayed 3 second(s)

2019-03-25 12:23:25 - [TEST_STEP][PASSED] - verifyElementChecked(findTestObject("Perolehan/006 Arahan Bayaran/004 Penyemak/Check_Senarai_Semak_Item"), 3): Object 'Object Repository/Perolehan/006 Arahan Bayaran/004 Penyemak/Check_Senarai_Semak_Item' is checked

2019-03-25 12:23:25 - [MESSAGE][PASSED] - Object 'Object Repository/Perolehan/006 Arahan Bayaran/004 Penyemak/Check_Senarai_Semak_Item' is checked

2019-03-25 12:23:25 - [TEST_STEP][PASSED] - click(findTestObject("Perolehan/006 Arahan Bayaran/004 Penyemak/button_X_Close_Senarai_Semak")): Object: 'Object Repository/Perolehan/006 Arahan Bayaran/004 Penyemak/button_X_Close_Senarai_Semak' is clicked on

2019-03-25 12:23:25 - [MESSAGE][PASSED] - Object: 'Object Repository/Perolehan/006 Arahan Bayaran/004 Penyemak/button_X_Close_Senarai_Semak' is clicked on

2019-03-25 12:23:25 - [TEST_STEP][PASSED] - click(findTestObject("Perolehan/006 Arahan Bayaran/004 Penyemak/button_Semak")): Object: 'Object Repository/Perolehan/006 Arahan Bayaran/004 Penyemak/button_Semak' is clicked on

2019-03-25 12:23:25 - [MESSAGE][PASSED] - Object: 'Object Repository/Perolehan/006 Arahan Bayaran/004 Penyemak/button_Semak' is clicked on

2019-03-25 12:23:25 - [TEST_STEP][PASSED] - click(findTestObject("Perolehan/006 Arahan Bayaran/004 Penyemak/button_Ya_Semak")): Object: 'Object Repository/Perolehan/006 Arahan Bayaran/004 Penyemak/button_Ya_Semak' is clicked on

2019-03-25 12:23:25 - [MESSAGE][PASSED] - Object: 'Object Repository/Perolehan/006 Arahan Bayaran/004 Penyemak/button_Ya_Semak' is clicked on

2019-03-25 12:23:25 - [TEST_STEP][PASSED] - delay(3): Delayed 3 second(s)

2019-03-25 12:23:28 - [MESSAGE][PASSED] - Delayed 3 second(s)

2019-03-25 12:23:28 - [TEST_STEP][PASSED] - takeScreenshot(): Taking screenshot successfully

2019-03-25 12:23:28 - [MESSAGE][PASSED] - Taking screenshot successfully
[[ATTACHMENT|C:\\Users\\Consultant_MSPHitect\\Katalon Studio\\TrainingonKatalon\\Reports\\Perolehan\\01 Pesanan Tempatan Cara Bayaran EFT Tiada Pemfaktoran\\20190325_122030\\1553487808387.png]]

2019-03-25 12:23:28 - [TEST_STEP][PASSED] - delay(8): Delayed 8 second(s)

2019-03-25 12:23:36 - [MESSAGE][PASSED] - Delayed 8 second(s)

2019-03-25 12:23:36 - [TEST_STEP][PASSED] - waitForElementClickable(findTestObject("Perolehan/006 Arahan Bayaran/004 Penyemak/button_OK_berjaya_disemak"), 240): Object 'Object Repository/Perolehan/006 Arahan Bayaran/004 Penyemak/button_OK_berjaya_disemak' is clickable

2019-03-25 12:23:36 - [MESSAGE][PASSED] - Object 'Object Repository/Perolehan/006 Arahan Bayaran/004 Penyemak/button_OK_berjaya_disemak' is clickable

2019-03-25 12:23:36 - [TEST_STEP][PASSED] - click(findTestObject("Perolehan/006 Arahan Bayaran/004 Penyemak/button_OK_berjaya_disemak")): Object: 'Object Repository/Perolehan/006 Arahan Bayaran/004 Penyemak/button_OK_berjaya_disemak' is clicked on

2019-03-25 12:23:36 - [MESSAGE][PASSED] - Object: 'Object Repository/Perolehan/006 Arahan Bayaran/004 Penyemak/button_OK_berjaya_disemak' is clicked on

2019-03-25 12:23:36 - [TEST_STEP][PASSED] - closeBrowser(STOP_ON_FAILURE): Browser is closed

2019-03-25 12:23:37 - [MESSAGE][PASSED] - Browser is closed]]></system-out>
         <system-err><![CDATA[]]></system-err>
      </testcase>
      <testcase name="Test Cases/Perolehan/007 Proses Baucar Bayaran/001 Pelulus Proses Baucar Bayaran - EFT" classname="Test Cases/Perolehan/007 Proses Baucar Bayaran/001 Pelulus Proses Baucar Bayaran - EFT" status="PASSED">
         <system-out><![CDATA[2019-03-25 12:23:37 - [TEST_CASE][PASSED] - Test Cases/Perolehan/007 Proses Baucar Bayaran/001 Pelulus Proses Baucar Bayaran - EFT: Test Cases/Perolehan/007 Proses Baucar Bayaran/001 Pelulus Proses Baucar Bayaran - EFT

2019-03-25 12:23:37 - [TEST_STEP][PASSED] - reusablefunctions.reusablefunctions.openbrowser(): reusablefunctions.reusablefunctions.openbrowser is PASSED

2019-03-25 12:23:37 - [MESSAGE][INFO] - Starting 'Chrome' driver

2019-03-25 12:23:40 - [MESSAGE][PASSED] - Browser is opened with url: 'http://175.143.52.101:7010/1SPEKSv2/'

2019-03-25 12:23:40 - [MESSAGE][PASSED] - reusablefunctions.reusablefunctions.openbrowser is PASSED

2019-03-25 12:23:40 - [TEST_STEP][PASSED] - reusablefunctions.reusablefunctions.Login(findTestData("ispekstestdata").getValue(1, 7), findTestData("ispekstestdata").getValue(2, 7)): reusablefunctions.reusablefunctions.Login is PASSED

2019-03-25 12:23:40 - [MESSAGE][PASSED] - Text '780613015177' is set on object 'Object Repository/Login/input_NoKadPengenalan'

2019-03-25 12:23:40 - [MESSAGE][PASSED] - Text ****** has been set on object 'Object Repository/Login/input_Password'

2019-03-25 12:23:41 - [MESSAGE][PASSED] - Object: 'Object Repository/Login/input_ButtonLogMasuk' is clicked on

2019-03-25 12:23:51 - [MESSAGE][PASSED] - Delayed 10 second(s)

2019-03-25 12:23:51 - [MESSAGE][PASSED] - reusablefunctions.reusablefunctions.Login is PASSED

2019-03-25 12:23:51 - [TEST_STEP][PASSED] - click(findTestObject("Perolehan/TukarPeranan/IconTukarPeranan")): Object: 'Object Repository/Perolehan/TukarPeranan/IconTukarPeranan' is clicked on

2019-03-25 12:23:51 - [MESSAGE][PASSED] - Object: 'Object Repository/Perolehan/TukarPeranan/IconTukarPeranan' is clicked on

2019-03-25 12:23:51 - [TEST_STEP][PASSED] - click(findTestObject("Perolehan/TukarPeranan/input_TukarPeranan", ["value":"220"])): Object: 'Object Repository/Perolehan/TukarPeranan/input_TukarPeranan' is clicked on

2019-03-25 12:23:52 - [MESSAGE][PASSED] - Object: 'Object Repository/Perolehan/TukarPeranan/input_TukarPeranan' is clicked on

2019-03-25 12:23:52 - [TEST_STEP][PASSED] - click(findTestObject("Perolehan/TukarPeranan/button_Ya")): Object: 'Object Repository/Perolehan/TukarPeranan/button_Ya' is clicked on

2019-03-25 12:23:52 - [MESSAGE][PASSED] - Object: 'Object Repository/Perolehan/TukarPeranan/button_Ya' is clicked on

2019-03-25 12:23:52 - [TEST_STEP][PASSED] - delay(20): Delayed 20 second(s)

2019-03-25 12:24:12 - [MESSAGE][PASSED] - Delayed 20 second(s)

2019-03-25 12:24:12 - [TEST_STEP][PASSED] - verifyTextPresent("Peranan : [Pelulus] Peringkat : [PTJ]", false): Text 'Peranan : [Pelulus] Peringkat : [PTJ]' is present on page 

2019-03-25 12:24:13 - [MESSAGE][PASSED] - Text 'Peranan : [Pelulus] Peringkat : [PTJ]' is present on page 

2019-03-25 12:24:13 - [TEST_STEP][PASSED] - click(findTestObject("Perolehan/007 Proses Baucar Bayaran/001 Pelulus PT/Menu_Sisi")): Object: 'Object Repository/Perolehan/007 Proses Baucar Bayaran/001 Pelulus PT/Menu_Sisi' is clicked on

2019-03-25 12:24:14 - [MESSAGE][PASSED] - Object: 'Object Repository/Perolehan/007 Proses Baucar Bayaran/001 Pelulus PT/Menu_Sisi' is clicked on

2019-03-25 12:24:14 - [TEST_STEP][PASSED] - delay(3): Delayed 3 second(s)

2019-03-25 12:24:17 - [MESSAGE][PASSED] - Delayed 3 second(s)

2019-03-25 12:24:17 - [TEST_STEP][PASSED] - click(findTestObject("Perolehan/007 Proses Baucar Bayaran/001 Pelulus PT/Menu_Akaun Belum Bayar")): Object: 'Object Repository/Perolehan/007 Proses Baucar Bayaran/001 Pelulus PT/Menu_Akaun Belum Bayar' is clicked on

2019-03-25 12:24:17 - [MESSAGE][PASSED] - Object: 'Object Repository/Perolehan/007 Proses Baucar Bayaran/001 Pelulus PT/Menu_Akaun Belum Bayar' is clicked on

2019-03-25 12:24:17 - [TEST_STEP][PASSED] - delay(3): Delayed 3 second(s)

2019-03-25 12:24:20 - [MESSAGE][PASSED] - Delayed 3 second(s)

2019-03-25 12:24:20 - [TEST_STEP][PASSED] - click(findTestObject("Perolehan/007 Proses Baucar Bayaran/001 Pelulus PT/Menu_Expand_Baucar_Bayaran")): Object: 'Object Repository/Perolehan/007 Proses Baucar Bayaran/001 Pelulus PT/Menu_Expand_Baucar_Bayaran' is clicked on

2019-03-25 12:24:20 - [MESSAGE][PASSED] - Object: 'Object Repository/Perolehan/007 Proses Baucar Bayaran/001 Pelulus PT/Menu_Expand_Baucar_Bayaran' is clicked on

2019-03-25 12:24:20 - [TEST_STEP][PASSED] - delay(3): Delayed 3 second(s)

2019-03-25 12:24:23 - [MESSAGE][PASSED] - Delayed 3 second(s)

2019-03-25 12:24:23 - [TEST_STEP][PASSED] - click(findTestObject("Perolehan/007 Proses Baucar Bayaran/001 Pelulus PT/Menu_Integrasi_Dalaman")): Object: 'Object Repository/Perolehan/007 Proses Baucar Bayaran/001 Pelulus PT/Menu_Integrasi_Dalaman' is clicked on

2019-03-25 12:24:23 - [MESSAGE][PASSED] - Object: 'Object Repository/Perolehan/007 Proses Baucar Bayaran/001 Pelulus PT/Menu_Integrasi_Dalaman' is clicked on

2019-03-25 12:24:23 - [TEST_STEP][PASSED] - delay(3): Delayed 3 second(s)

2019-03-25 12:24:26 - [MESSAGE][PASSED] - Delayed 3 second(s)

2019-03-25 12:24:26 - [TEST_STEP][PASSED] - setText(findTestObject("Perolehan/007 Proses Baucar Bayaran/001 Pelulus PT/input_No_Rekod"), ArahanBayaranRekodID): Text '19CHAB030100030' is set on object 'Object Repository/Perolehan/007 Proses Baucar Bayaran/001 Pelulus PT/input_No_Rekod'

2019-03-25 12:24:26 - [MESSAGE][PASSED] - Text '19CHAB030100030' is set on object 'Object Repository/Perolehan/007 Proses Baucar Bayaran/001 Pelulus PT/input_No_Rekod'

2019-03-25 12:24:26 - [TEST_STEP][PASSED] - delay(3): Delayed 3 second(s)

2019-03-25 12:24:29 - [MESSAGE][PASSED] - Delayed 3 second(s)

2019-03-25 12:24:29 - [TEST_STEP][PASSED] - doubleClick(findTestObject("Perolehan/007 Proses Baucar Bayaran/001 Pelulus PT/select_No_Rekod", ["text":ArahanBayaranRekodID])): Object: 'Object Repository/Perolehan/007 Proses Baucar Bayaran/001 Pelulus PT/select_No_Rekod' is double clicked on

2019-03-25 12:24:29 - [MESSAGE][PASSED] - Object: 'Object Repository/Perolehan/007 Proses Baucar Bayaran/001 Pelulus PT/select_No_Rekod' is double clicked on

2019-03-25 12:24:29 - [TEST_STEP][PASSED] - delay(3): Delayed 3 second(s)

2019-03-25 12:24:32 - [MESSAGE][PASSED] - Delayed 3 second(s)

2019-03-25 12:24:32 - [TEST_STEP][PASSED] - jumlahkeseluruhan = getText(findTestObject("Perolehan/007 Proses Baucar Bayaran/001 Pelulus PT/jumlah_amaun")): Text of object 'Object Repository/Perolehan/007 Proses Baucar Bayaran/001 Pelulus PT/jumlah_amaun' is: '4.90'

2019-03-25 12:24:32 - [MESSAGE][PASSED] - Text of object 'Object Repository/Perolehan/007 Proses Baucar Bayaran/001 Pelulus PT/jumlah_amaun' is: '4.90'

2019-03-25 12:24:32 - [TEST_STEP][PASSED] - delay(15): Delayed 15 second(s)

2019-03-25 12:24:48 - [MESSAGE][PASSED] - Delayed 15 second(s)

2019-03-25 12:24:48 - [TEST_STEP][PASSED] - verifyMatch(jumlahkeseluruhan, TotalAmaunPT, false): Actual text '4.90' and expected text '4.90' are matched 

2019-03-25 12:24:48 - [MESSAGE][PASSED] - Actual text '4.90' and expected text '4.90' are matched 

2019-03-25 12:24:48 - [TEST_STEP][PASSED] - click(findTestObject("Perolehan/007 Proses Baucar Bayaran/001 Pelulus PT/button_Lulus")): Object: 'Object Repository/Perolehan/007 Proses Baucar Bayaran/001 Pelulus PT/button_Lulus' is clicked on

2019-03-25 12:24:48 - [MESSAGE][PASSED] - Object: 'Object Repository/Perolehan/007 Proses Baucar Bayaran/001 Pelulus PT/button_Lulus' is clicked on

2019-03-25 12:24:48 - [TEST_STEP][PASSED] - delay(3): Delayed 3 second(s)

2019-03-25 12:24:51 - [MESSAGE][PASSED] - Delayed 3 second(s)

2019-03-25 12:24:51 - [TEST_STEP][PASSED] - click(findTestObject("Perolehan/007 Proses Baucar Bayaran/001 Pelulus PT/button_Ya_Lulus")): Object: 'Object Repository/Perolehan/007 Proses Baucar Bayaran/001 Pelulus PT/button_Ya_Lulus' is clicked on

2019-03-25 12:24:51 - [MESSAGE][PASSED] - Object: 'Object Repository/Perolehan/007 Proses Baucar Bayaran/001 Pelulus PT/button_Ya_Lulus' is clicked on

2019-03-25 12:24:51 - [TEST_STEP][PASSED] - delay(3): Delayed 3 second(s)

2019-03-25 12:24:54 - [MESSAGE][PASSED] - Delayed 3 second(s)

2019-03-25 12:24:54 - [TEST_STEP][PASSED] - waitForElementPresent(findTestObject("Perolehan/007 Proses Baucar Bayaran/001 Pelulus PT/div_Rekod Berjaya Diluluskan"), 500): Object 'Object Repository/Perolehan/007 Proses Baucar Bayaran/001 Pelulus PT/div_Rekod Berjaya Diluluskan' is present

2019-03-25 12:25:07 - [MESSAGE][PASSED] - Object 'Object Repository/Perolehan/007 Proses Baucar Bayaran/001 Pelulus PT/div_Rekod Berjaya Diluluskan' is present

2019-03-25 12:25:07 - [TEST_STEP][PASSED] - No_Baucar = getText(findTestObject("Perolehan/007 Proses Baucar Bayaran/001 Pelulus PT/div_Rekod Berjaya Diluluskan")): Text of object 'Object Repository/Perolehan/007 Proses Baucar Bayaran/001 Pelulus PT/div_Rekod Berjaya Diluluskan' is: 'Rekod Berjaya Diluluskan.
No. Baucar : 19CHBB0400196
Adakah Anda Ingin Mencetak Rekod Ini?
YaTidak'

2019-03-25 12:25:07 - [MESSAGE][PASSED] - Text of object 'Object Repository/Perolehan/007 Proses Baucar Bayaran/001 Pelulus PT/div_Rekod Berjaya Diluluskan' is: 'Rekod Berjaya Diluluskan.
No. Baucar : 19CHBB0400196
Adakah Anda Ingin Mencetak Rekod Ini?
YaTidak'

2019-03-25 12:25:07 - [TEST_STEP][PASSED] - println(No_Baucar): null

2019-03-25 12:25:07 - [TEST_STEP][PASSED] - Baucar_id = No_Baucar[(39..51)]: null

2019-03-25 12:25:07 - [TEST_STEP][PASSED] - println(Baucar_id): null

2019-03-25 12:25:07 - [TEST_STEP][PASSED] - Nombor_Baucar = Baucar_id: null

2019-03-25 12:25:07 - [TEST_STEP][PASSED] - delay(3): Delayed 3 second(s)

2019-03-25 12:25:10 - [MESSAGE][PASSED] - Delayed 3 second(s)

2019-03-25 12:25:10 - [TEST_STEP][PASSED] - click(findTestObject("Perolehan/007 Proses Baucar Bayaran/001 Pelulus PT/button_Ya_Cetak")): Object: 'Object Repository/Perolehan/007 Proses Baucar Bayaran/001 Pelulus PT/button_Ya_Cetak' is clicked on

2019-03-25 12:25:37 - [MESSAGE][PASSED] - Object: 'Object Repository/Perolehan/007 Proses Baucar Bayaran/001 Pelulus PT/button_Ya_Cetak' is clicked on

2019-03-25 12:25:37 - [TEST_STEP][PASSED] - switchToWindowIndex(1): Switched to window with index: '1'

2019-03-25 12:25:37 - [MESSAGE][PASSED] - Switched to window with index: '1'

2019-03-25 12:25:37 - [TEST_STEP][PASSED] - delay(3): Delayed 3 second(s)

2019-03-25 12:25:40 - [MESSAGE][PASSED] - Delayed 3 second(s)

2019-03-25 12:25:40 - [TEST_STEP][PASSED] - waitForPageLoad(180): Wait for page load successfully

2019-03-25 12:25:41 - [MESSAGE][PASSED] - Wait for page load successfully

2019-03-25 12:25:41 - [TEST_STEP][PASSED] - takeScreenshot(): Taking screenshot successfully

2019-03-25 12:25:41 - [MESSAGE][PASSED] - Taking screenshot successfully
[[ATTACHMENT|C:\\Users\\Consultant_MSPHitect\\Katalon Studio\\TrainingonKatalon\\Reports\\Perolehan\\01 Pesanan Tempatan Cara Bayaran EFT Tiada Pemfaktoran\\20190325_122030\\1553487941207.png]]

2019-03-25 12:25:41 - [TEST_STEP][PASSED] - switchToWindowIndex(0): Switched to window with index: '0'

2019-03-25 12:25:41 - [MESSAGE][PASSED] - Switched to window with index: '0'

2019-03-25 12:25:41 - [TEST_STEP][PASSED] - delay(3): Delayed 3 second(s)

2019-03-25 12:25:44 - [MESSAGE][PASSED] - Delayed 3 second(s)

2019-03-25 12:25:44 - [TEST_STEP][PASSED] - closeBrowser(): Browser is closed

2019-03-25 12:25:45 - [MESSAGE][PASSED] - Browser is closed]]></system-out>
         <system-err><![CDATA[]]></system-err>
      </testcase>
      <testcase name="Test Cases/Perolehan/008 Posting Bayaran/001 Posting Bayaran - EFT" classname="Test Cases/Perolehan/008 Posting Bayaran/001 Posting Bayaran - EFT" status="PASSED">
         <system-out><![CDATA[2019-03-25 12:25:45 - [TEST_CASE][PASSED] - Test Cases/Perolehan/008 Posting Bayaran/001 Posting Bayaran - EFT: Test Cases/Perolehan/008 Posting Bayaran/001 Posting Bayaran - EFT

2019-03-25 12:25:45 - [TEST_STEP][PASSED] - reusablefunctions.reusablefunctions.openbrowser(): reusablefunctions.reusablefunctions.openbrowser is PASSED

2019-03-25 12:25:45 - [MESSAGE][INFO] - Starting 'Chrome' driver

2019-03-25 12:25:48 - [MESSAGE][PASSED] - Browser is opened with url: 'http://175.143.52.101:7010/1SPEKSv2/'

2019-03-25 12:25:48 - [MESSAGE][PASSED] - reusablefunctions.reusablefunctions.openbrowser is PASSED

2019-03-25 12:25:48 - [TEST_STEP][PASSED] - reusablefunctions.reusablefunctions.Login(findTestData("ispekstestdata").getValue(1, 7), findTestData("ispekstestdata").getValue(2, 7)): reusablefunctions.reusablefunctions.Login is PASSED

2019-03-25 12:25:48 - [MESSAGE][PASSED] - Text '780613015177' is set on object 'Object Repository/Login/input_NoKadPengenalan'

2019-03-25 12:25:48 - [MESSAGE][PASSED] - Text ****** has been set on object 'Object Repository/Login/input_Password'

2019-03-25 12:25:49 - [MESSAGE][PASSED] - Object: 'Object Repository/Login/input_ButtonLogMasuk' is clicked on

2019-03-25 12:25:59 - [MESSAGE][PASSED] - Delayed 10 second(s)

2019-03-25 12:25:59 - [MESSAGE][PASSED] - reusablefunctions.reusablefunctions.Login is PASSED

2019-03-25 12:25:59 - [TEST_STEP][PASSED] - click(findTestObject("Perolehan/TukarPeranan/IconTukarPeranan")): Object: 'Object Repository/Perolehan/TukarPeranan/IconTukarPeranan' is clicked on

2019-03-25 12:26:00 - [MESSAGE][PASSED] - Object: 'Object Repository/Perolehan/TukarPeranan/IconTukarPeranan' is clicked on

2019-03-25 12:26:00 - [TEST_STEP][PASSED] - click(findTestObject("Perolehan/TukarPeranan/input_TukarPeranan", ["value":"2474"])): Object: 'Object Repository/Perolehan/TukarPeranan/input_TukarPeranan' is clicked on

2019-03-25 12:26:00 - [MESSAGE][PASSED] - Object: 'Object Repository/Perolehan/TukarPeranan/input_TukarPeranan' is clicked on

2019-03-25 12:26:00 - [TEST_STEP][PASSED] - click(findTestObject("Perolehan/TukarPeranan/button_Ya")): Object: 'Object Repository/Perolehan/TukarPeranan/button_Ya' is clicked on

2019-03-25 12:26:00 - [MESSAGE][PASSED] - Object: 'Object Repository/Perolehan/TukarPeranan/button_Ya' is clicked on

2019-03-25 12:26:00 - [TEST_STEP][PASSED] - delay(25): Delayed 25 second(s)

2019-03-25 12:26:25 - [MESSAGE][PASSED] - Delayed 25 second(s)

2019-03-25 12:26:25 - [TEST_STEP][PASSED] - verifyTextPresent("Peranan : [Pelulus] Peringkat : [BN]", false): Text 'Peranan : [Pelulus] Peringkat : [BN]' is present on page 

2019-03-25 12:26:25 - [MESSAGE][PASSED] - Text 'Peranan : [Pelulus] Peringkat : [BN]' is present on page 

2019-03-25 12:26:25 - [TEST_STEP][PASSED] - click(findTestObject("Perolehan/001 Left_Menu_Selection/a_ExpandMenuonLeft")): Object: 'Object Repository/Perolehan/001 Left_Menu_Selection/a_ExpandMenuonLeft' is clicked on

2019-03-25 12:26:25 - [MESSAGE][PASSED] - Object: 'Object Repository/Perolehan/001 Left_Menu_Selection/a_ExpandMenuonLeft' is clicked on

2019-03-25 12:26:25 - [TEST_STEP][PASSED] - delay(3): Delayed 3 second(s)

2019-03-25 12:26:28 - [MESSAGE][PASSED] - Delayed 3 second(s)

2019-03-25 12:26:28 - [TEST_STEP][PASSED] - click(findTestObject("Perolehan/001 Left_Menu_Selection/div_PanelTitlePengurusanTunai")): Object: 'Object Repository/Perolehan/001 Left_Menu_Selection/div_PanelTitlePengurusanTunai' is clicked on

2019-03-25 12:26:29 - [MESSAGE][PASSED] - Object: 'Object Repository/Perolehan/001 Left_Menu_Selection/div_PanelTitlePengurusanTunai' is clicked on

2019-03-25 12:26:29 - [TEST_STEP][PASSED] - delay(3): Delayed 3 second(s)

2019-03-25 12:26:32 - [MESSAGE][PASSED] - Delayed 3 second(s)

2019-03-25 12:26:32 - [TEST_STEP][PASSED] - click(findTestObject("Perolehan/001 Left_Menu_Selection/div_PostBayaran")): Object: 'Object Repository/Perolehan/001 Left_Menu_Selection/div_PostBayaran' is clicked on

2019-03-25 12:26:32 - [MESSAGE][PASSED] - Object: 'Object Repository/Perolehan/001 Left_Menu_Selection/div_PostBayaran' is clicked on

2019-03-25 12:26:32 - [TEST_STEP][PASSED] - delay(3): Delayed 3 second(s)

2019-03-25 12:26:35 - [MESSAGE][PASSED] - Delayed 3 second(s)

2019-03-25 12:26:35 - [TEST_STEP][PASSED] - click(findTestObject("Perolehan/008 Post Bayaran/Drop_down_No_Baucar")): Object: 'Object Repository/Perolehan/008 Post Bayaran/Drop_down_No_Baucar' is clicked on

2019-03-25 12:26:35 - [MESSAGE][PASSED] - Object: 'Object Repository/Perolehan/008 Post Bayaran/Drop_down_No_Baucar' is clicked on

2019-03-25 12:26:35 - [TEST_STEP][PASSED] - delay(3): Delayed 3 second(s)

2019-03-25 12:26:38 - [MESSAGE][PASSED] - Delayed 3 second(s)

2019-03-25 12:26:38 - [TEST_STEP][PASSED] - setText(findTestObject("Perolehan/008 Post Bayaran/input_No. Baucar_noBaucar"), Nombor_Baucar): Text '19CHBB0400196' is set on object 'Object Repository/Perolehan/008 Post Bayaran/input_No. Baucar_noBaucar'

2019-03-25 12:26:38 - [MESSAGE][PASSED] - Text '19CHBB0400196' is set on object 'Object Repository/Perolehan/008 Post Bayaran/input_No. Baucar_noBaucar'

2019-03-25 12:26:38 - [TEST_STEP][PASSED] - delay(3): Delayed 3 second(s)

2019-03-25 12:26:41 - [MESSAGE][PASSED] - Delayed 3 second(s)

2019-03-25 12:26:41 - [TEST_STEP][PASSED] - click(findTestObject("Perolehan/008 Post Bayaran/select_No_Baucar", ["text":Nombor_Baucar])): Object: 'Object Repository/Perolehan/008 Post Bayaran/select_No_Baucar' is clicked on

2019-03-25 12:26:41 - [MESSAGE][PASSED] - Object: 'Object Repository/Perolehan/008 Post Bayaran/select_No_Baucar' is clicked on

2019-03-25 12:26:41 - [TEST_STEP][PASSED] - delay(3): Delayed 3 second(s)

2019-03-25 12:26:44 - [MESSAGE][PASSED] - Delayed 3 second(s)

2019-03-25 12:26:44 - [TEST_STEP][PASSED] - click(findTestObject("Perolehan/008 Post Bayaran/button_Cari")): Object: 'Object Repository/Perolehan/008 Post Bayaran/button_Cari' is clicked on

2019-03-25 12:26:44 - [MESSAGE][PASSED] - Object: 'Object Repository/Perolehan/008 Post Bayaran/button_Cari' is clicked on

2019-03-25 12:26:44 - [TEST_STEP][PASSED] - delay(23): Delayed 23 second(s)

2019-03-25 12:27:07 - [MESSAGE][PASSED] - Delayed 23 second(s)

2019-03-25 12:27:07 - [TEST_STEP][PASSED] - check(findTestObject("Perolehan/008 Post Bayaran/checkbox_proses")): Object 'Object Repository/Perolehan/008 Post Bayaran/checkbox_proses' is checked

2019-03-25 12:27:07 - [MESSAGE][PASSED] - Object 'Object Repository/Perolehan/008 Post Bayaran/checkbox_proses' is checked

2019-03-25 12:27:07 - [TEST_STEP][PASSED] - click(findTestObject("Perolehan/008 Post Bayaran/button_proses")): Object: 'Object Repository/Perolehan/008 Post Bayaran/button_proses' is clicked on

2019-03-25 12:27:08 - [MESSAGE][PASSED] - Object: 'Object Repository/Perolehan/008 Post Bayaran/button_proses' is clicked on

2019-03-25 12:27:08 - [TEST_STEP][PASSED] - delay(3): Delayed 3 second(s)

2019-03-25 12:27:11 - [MESSAGE][PASSED] - Delayed 3 second(s)

2019-03-25 12:27:11 - [TEST_STEP][PASSED] - click(findTestObject("Perolehan/008 Post Bayaran/button_Ya_Proses")): Object: 'Object Repository/Perolehan/008 Post Bayaran/button_Ya_Proses' is clicked on

2019-03-25 12:27:11 - [MESSAGE][PASSED] - Object: 'Object Repository/Perolehan/008 Post Bayaran/button_Ya_Proses' is clicked on

2019-03-25 12:27:11 - [TEST_STEP][PASSED] - delay(10): Delayed 10 second(s)

2019-03-25 12:27:21 - [MESSAGE][PASSED] - Delayed 10 second(s)

2019-03-25 12:27:21 - [TEST_STEP][PASSED] - waitForElementPresent(findTestObject("Perolehan/008 Post Bayaran/button_OK"), 500): Object 'Object Repository/Perolehan/008 Post Bayaran/button_OK' is present

2019-03-25 12:27:33 - [MESSAGE][PASSED] - Object 'Object Repository/Perolehan/008 Post Bayaran/button_OK' is present

2019-03-25 12:27:33 - [TEST_STEP][PASSED] - verifyTextPresent("Proses Posting Berjaya.", false): Text 'Proses Posting Berjaya.' is present on page 

2019-03-25 12:27:34 - [MESSAGE][PASSED] - Text 'Proses Posting Berjaya.' is present on page 

2019-03-25 12:27:34 - [TEST_STEP][PASSED] - takeScreenshot(): Taking screenshot successfully

2019-03-25 12:27:34 - [MESSAGE][PASSED] - Taking screenshot successfully
[[ATTACHMENT|C:\\Users\\Consultant_MSPHitect\\Katalon Studio\\TrainingonKatalon\\Reports\\Perolehan\\01 Pesanan Tempatan Cara Bayaran EFT Tiada Pemfaktoran\\20190325_122030\\1553488054013.png]]

2019-03-25 12:27:34 - [TEST_STEP][PASSED] - click(findTestObject("Perolehan/008 Post Bayaran/button_OK")): Object: 'Object Repository/Perolehan/008 Post Bayaran/button_OK' is clicked on

2019-03-25 12:27:34 - [MESSAGE][PASSED] - Object: 'Object Repository/Perolehan/008 Post Bayaran/button_OK' is clicked on

2019-03-25 12:27:34 - [TEST_STEP][PASSED] - delay(3): Delayed 3 second(s)

2019-03-25 12:27:37 - [MESSAGE][PASSED] - Delayed 3 second(s)

2019-03-25 12:27:37 - [TEST_STEP][PASSED] - closeBrowser(): Browser is closed

2019-03-25 12:27:38 - [MESSAGE][PASSED] - Browser is closed]]></system-out>
         <system-err><![CDATA[]]></system-err>
      </testcase>
      <testcase name="Test Cases/Perolehan/009 Penyedia Cetak Baucar Bayaran/001 Penyedia Cetak Baucar Bayaran" classname="Test Cases/Perolehan/009 Penyedia Cetak Baucar Bayaran/001 Penyedia Cetak Baucar Bayaran" status="PASSED">
         <system-out><![CDATA[2019-03-25 12:27:38 - [TEST_CASE][PASSED] - Test Cases/Perolehan/009 Penyedia Cetak Baucar Bayaran/001 Penyedia Cetak Baucar Bayaran: Test Cases/Perolehan/009 Penyedia Cetak Baucar Bayaran/001 Penyedia Cetak Baucar Bayaran

2019-03-25 12:27:38 - [TEST_STEP][PASSED] - reusablefunctions.reusablefunctions.openbrowser(): reusablefunctions.reusablefunctions.openbrowser is PASSED

2019-03-25 12:27:38 - [MESSAGE][INFO] - Starting 'Chrome' driver

2019-03-25 12:27:41 - [MESSAGE][PASSED] - Browser is opened with url: 'http://175.143.52.101:7010/1SPEKSv2/'

2019-03-25 12:27:41 - [MESSAGE][PASSED] - reusablefunctions.reusablefunctions.openbrowser is PASSED

2019-03-25 12:27:41 - [TEST_STEP][PASSED] - reusablefunctions.reusablefunctions.Login(findTestData("ispekstestdata").getValue(1, 4), findTestData("ispekstestdata").getValue(2, 4)): reusablefunctions.reusablefunctions.Login is PASSED

2019-03-25 12:27:41 - [MESSAGE][PASSED] - Text '810213016116' is set on object 'Object Repository/Login/input_NoKadPengenalan'

2019-03-25 12:27:41 - [MESSAGE][PASSED] - Text ****** has been set on object 'Object Repository/Login/input_Password'

2019-03-25 12:27:42 - [MESSAGE][PASSED] - Object: 'Object Repository/Login/input_ButtonLogMasuk' is clicked on

2019-03-25 12:27:52 - [MESSAGE][PASSED] - Delayed 10 second(s)

2019-03-25 12:27:52 - [MESSAGE][PASSED] - reusablefunctions.reusablefunctions.Login is PASSED

2019-03-25 12:27:52 - [TEST_STEP][PASSED] - click(findTestObject("Perolehan/TukarPeranan/IconTukarPeranan")): Object: 'Object Repository/Perolehan/TukarPeranan/IconTukarPeranan' is clicked on

2019-03-25 12:27:52 - [MESSAGE][PASSED] - Object: 'Object Repository/Perolehan/TukarPeranan/IconTukarPeranan' is clicked on

2019-03-25 12:27:52 - [TEST_STEP][PASSED] - click(findTestObject("Perolehan/TukarPeranan/input_TukarPeranan", ["value":"255"])): Object: 'Object Repository/Perolehan/TukarPeranan/input_TukarPeranan' is clicked on

2019-03-25 12:27:52 - [MESSAGE][PASSED] - Object: 'Object Repository/Perolehan/TukarPeranan/input_TukarPeranan' is clicked on

2019-03-25 12:27:52 - [TEST_STEP][PASSED] - click(findTestObject("Perolehan/TukarPeranan/button_Ya")): Object: 'Object Repository/Perolehan/TukarPeranan/button_Ya' is clicked on

2019-03-25 12:27:52 - [MESSAGE][PASSED] - Object: 'Object Repository/Perolehan/TukarPeranan/button_Ya' is clicked on

2019-03-25 12:27:52 - [TEST_STEP][PASSED] - delay(20): Delayed 20 second(s)

2019-03-25 12:28:12 - [MESSAGE][PASSED] - Delayed 20 second(s)

2019-03-25 12:28:12 - [TEST_STEP][PASSED] - verifyTextPresent("Peranan : [Penyedia] Peringkat : [PTJ]", false): Text 'Peranan : [Penyedia] Peringkat : [PTJ]' is present on page 

2019-03-25 12:28:14 - [MESSAGE][PASSED] - Text 'Peranan : [Penyedia] Peringkat : [PTJ]' is present on page 

2019-03-25 12:28:14 - [TEST_STEP][PASSED] - click(findTestObject("Perolehan/001 Left_Menu_Selection/a_ExpandMenuonLeft")): Object: 'Object Repository/Perolehan/001 Left_Menu_Selection/a_ExpandMenuonLeft' is clicked on

2019-03-25 12:28:15 - [MESSAGE][PASSED] - Object: 'Object Repository/Perolehan/001 Left_Menu_Selection/a_ExpandMenuonLeft' is clicked on

2019-03-25 12:28:15 - [TEST_STEP][PASSED] - delay(3): Delayed 3 second(s)

2019-03-25 12:28:18 - [MESSAGE][PASSED] - Delayed 3 second(s)

2019-03-25 12:28:18 - [TEST_STEP][PASSED] - click(findTestObject("Perolehan/001 Left_Menu_Selection/Menu_Akaun Belum Bayar")): Object: 'Object Repository/Perolehan/001 Left_Menu_Selection/Menu_Akaun Belum Bayar' is clicked on

2019-03-25 12:28:18 - [MESSAGE][PASSED] - Object: 'Object Repository/Perolehan/001 Left_Menu_Selection/Menu_Akaun Belum Bayar' is clicked on

2019-03-25 12:28:18 - [TEST_STEP][PASSED] - delay(3): Delayed 3 second(s)

2019-03-25 12:28:21 - [MESSAGE][PASSED] - Delayed 3 second(s)

2019-03-25 12:28:21 - [TEST_STEP][PASSED] - click(findTestObject("Perolehan/001 Left_Menu_Selection/div_Carian_Akaun_Belum_Bayar")): Object: 'Object Repository/Perolehan/001 Left_Menu_Selection/div_Carian_Akaun_Belum_Bayar' is clicked on

2019-03-25 12:28:21 - [MESSAGE][PASSED] - Object: 'Object Repository/Perolehan/001 Left_Menu_Selection/div_Carian_Akaun_Belum_Bayar' is clicked on

2019-03-25 12:28:21 - [TEST_STEP][PASSED] - delay(3): Delayed 3 second(s)

2019-03-25 12:28:24 - [MESSAGE][PASSED] - Delayed 3 second(s)

2019-03-25 12:28:24 - [TEST_STEP][PASSED] - click(findTestObject("Perolehan/009 Penyedia Cetak Baucar Bayaran/Drop_down_Jenis_Carian")): Object: 'Object Repository/Perolehan/009 Penyedia Cetak Baucar Bayaran/Drop_down_Jenis_Carian' is clicked on

2019-03-25 12:28:24 - [MESSAGE][PASSED] - Object: 'Object Repository/Perolehan/009 Penyedia Cetak Baucar Bayaran/Drop_down_Jenis_Carian' is clicked on

2019-03-25 12:28:24 - [TEST_STEP][PASSED] - click(findTestObject("Perolehan/009 Penyedia Cetak Baucar Bayaran/Select_No_Baucar")): Object: 'Object Repository/Perolehan/009 Penyedia Cetak Baucar Bayaran/Select_No_Baucar' is clicked on

2019-03-25 12:28:24 - [MESSAGE][PASSED] - Object: 'Object Repository/Perolehan/009 Penyedia Cetak Baucar Bayaran/Select_No_Baucar' is clicked on

2019-03-25 12:28:24 - [TEST_STEP][PASSED] - setText(findTestObject("Perolehan/009 Penyedia Cetak Baucar Bayaran/Input_No_Baucar"), Nombor_Baucar): Text '19CHBB0400196' is set on object 'Object Repository/Perolehan/009 Penyedia Cetak Baucar Bayaran/Input_No_Baucar'

2019-03-25 12:28:24 - [MESSAGE][PASSED] - Text '19CHBB0400196' is set on object 'Object Repository/Perolehan/009 Penyedia Cetak Baucar Bayaran/Input_No_Baucar'

2019-03-25 12:28:24 - [TEST_STEP][PASSED] - click(findTestObject("Perolehan/009 Penyedia Cetak Baucar Bayaran/button_Cari")): Object: 'Object Repository/Perolehan/009 Penyedia Cetak Baucar Bayaran/button_Cari' is clicked on

2019-03-25 12:28:24 - [MESSAGE][PASSED] - Object: 'Object Repository/Perolehan/009 Penyedia Cetak Baucar Bayaran/button_Cari' is clicked on

2019-03-25 12:28:24 - [TEST_STEP][PASSED] - delay(3): Delayed 3 second(s)

2019-03-25 12:28:27 - [MESSAGE][PASSED] - Delayed 3 second(s)

2019-03-25 12:28:27 - [TEST_STEP][PASSED] - click(findTestObject("Perolehan/009 Penyedia Cetak Baucar Bayaran/button_Cetak")): Object: 'Object Repository/Perolehan/009 Penyedia Cetak Baucar Bayaran/button_Cetak' is clicked on

2019-03-25 12:28:28 - [MESSAGE][PASSED] - Object: 'Object Repository/Perolehan/009 Penyedia Cetak Baucar Bayaran/button_Cetak' is clicked on

2019-03-25 12:28:28 - [TEST_STEP][PASSED] - delay(5): Delayed 5 second(s)

2019-03-25 12:28:33 - [MESSAGE][PASSED] - Delayed 5 second(s)

2019-03-25 12:28:33 - [TEST_STEP][PASSED] - switchToWindowIndex(1): Switched to window with index: '1'

2019-03-25 12:28:33 - [MESSAGE][PASSED] - Switched to window with index: '1'

2019-03-25 12:28:33 - [TEST_STEP][PASSED] - waitForPageLoad(180, STOP_ON_FAILURE): Wait for page load successfully

2019-03-25 12:28:48 - [MESSAGE][PASSED] - Wait for page load successfully

2019-03-25 12:28:48 - [TEST_STEP][PASSED] - takeScreenshot(): Taking screenshot successfully

2019-03-25 12:28:48 - [MESSAGE][PASSED] - Taking screenshot successfully
[[ATTACHMENT|C:\\Users\\Consultant_MSPHitect\\Katalon Studio\\TrainingonKatalon\\Reports\\Perolehan\\01 Pesanan Tempatan Cara Bayaran EFT Tiada Pemfaktoran\\20190325_122030\\1553488128564.png]]

2019-03-25 12:28:48 - [TEST_STEP][PASSED] - switchToWindowIndex(0): Switched to window with index: '0'

2019-03-25 12:28:48 - [MESSAGE][PASSED] - Switched to window with index: '0'

2019-03-25 12:28:48 - [TEST_STEP][PASSED] - delay(3): Delayed 3 second(s)

2019-03-25 12:28:51 - [MESSAGE][PASSED] - Delayed 3 second(s)

2019-03-25 12:28:51 - [TEST_STEP][PASSED] - closeBrowser(): Browser is closed

2019-03-25 12:28:52 - [MESSAGE][PASSED] - Browser is closed]]></system-out>
         <system-err><![CDATA[]]></system-err>
      </testcase>
      <system-out><![CDATA[2019-03-25 12:20:39 - [TEST_SUITE][PASSED] - 01 Pesanan Tempatan Cara Bayaran EFT Tiada Pemfaktoran: Test Cases/Perolehan/009 Penyedia Cetak Baucar Bayaran/001 Penyedia Cetak Baucar Bayaran]]></system-out>
      <system-err><![CDATA[]]></system-err>
   </testsuite>
</testsuites>
