<?xml version="1.0" encoding="UTF-8"?>
<testsuites name="03 Inden Kerja Cara Bayaran EFT Dengan Pemfaktoran" time="419" tests="4" failures="1" errors="0">
   <testsuite name="03 Inden Kerja Cara Bayaran EFT Dengan Pemfaktoran" tests="4" failures="1" errors="0" time="419" timestamp="2019-03-13 11:49:25" hostname="Consultant_MSPHitect - DESKTOP-V9TS2EM" id="Test Suites/Perolehan/03 Inden Kerja Cara Bayaran EFT Dengan Pemfaktoran">
      <properties>
         <property name="deviceName" value=""/>
         <property name="devicePlatform" value=""/>
         <property name="logFolder" value="C:\\Users\\Consultant_MSPHitect\\Katalon Studio\\TrainingonKatalon\\Reports\\Perolehan\\03 Inden Kerja Cara Bayaran EFT Dengan Pemfaktoran\\20190313_114917"/>
         <property name="logFiles" value="C:\\Users\\Consultant_MSPHitect\\Katalon Studio\\TrainingonKatalon\\Reports\\Perolehan\\03 Inden Kerja Cara Bayaran EFT Dengan Pemfaktoran\\20190313_114917\\execution0.log"/>
         <property name="attachments" value="C:\\Users\\Consultant_MSPHitect\\Katalon Studio\\TrainingonKatalon\\Reports\\Perolehan\\03 Inden Kerja Cara Bayaran EFT Dengan Pemfaktoran\\20190313_114917\\1552449056858.png, C:\\Users\\Consultant_MSPHitect\\Katalon Studio\\TrainingonKatalon\\Reports\\Perolehan\\03 Inden Kerja Cara Bayaran EFT Dengan Pemfaktoran\\20190313_114917\\1552449293244.png, C:\\Users\\Consultant_MSPHitect\\Katalon Studio\\TrainingonKatalon\\Reports\\Perolehan\\03 Inden Kerja Cara Bayaran EFT Dengan Pemfaktoran\\20190313_114917\\1552449384640.png"/>
         <property name="hostName" value="Consultant_MSPHitect - DESKTOP-V9TS2EM"/>
         <property name="os" value="Windows 10 64bit"/>
         <property name="katalonVersion" value="6.0.5.4"/>
         <property name="browser" value="Chrome 72.0.3626.121"/>
         <property name="hostAddress" value="192.168.172.132"/>
         <property name="sessionId" value="1640a2ef6a38f3e8f0335320fd82be4a"/>
         <property name="seleniumVersion" value="3.7.1"/>
         <property name="proxyInformation" value="ProxyInformation{proxyOption=NO_PROXY, proxyServerType=HTTP, password=, proxyServerAddress=, proxyServerPort=0}"/>
         <property name="platform" value="Windows 10"/>
      </properties>
      <testcase name="Test Cases/Perolehan/002 Rekod Baru oleh Penyedia/005 Inden Kerja - EFT" classname="Test Cases/Perolehan/002 Rekod Baru oleh Penyedia/005 Inden Kerja - EFT" status="PASSED">
         <system-out><![CDATA[2019-03-13 11:49:26 - [TEST_CASE][PASSED] - Test Cases/Perolehan/002 Rekod Baru oleh Penyedia/005 Inden Kerja - EFT: Test Cases/Perolehan/002 Rekod Baru oleh Penyedia/005 Inden Kerja - EFT

2019-03-13 11:49:26 - [TEST_STEP][PASSED] - callTestCase(findTestCase("Perolehan/001 Left Menu Selection/Select Menu Pesanan Tempatan"), [:], STOP_ON_FAILURE): Call Test Case 'Test Cases/Perolehan/001 Left Menu Selection/Select Menu Pesanan Tempatan' successfully

2019-03-13 11:49:26 - [TEST_CASE][PASSED] - Test Cases/Perolehan/001 Left Menu Selection/Select Menu Pesanan Tempatan: Test Cases/Perolehan/001 Left Menu Selection/Select Menu Pesanan Tempatan

2019-03-13 11:49:27 - [TEST_STEP][PASSED] - openBrowser("https://175.143.52.101:7011/1SPEKSv2/"): Browser is opened with url: 'https://175.143.52.101:7011/1SPEKSv2/'

2019-03-13 11:49:27 - [MESSAGE][INFO] - Starting 'Chrome' driver

2019-03-13 11:49:27 - [MESSAGE][INFO] - Action delay is set to 0 seconds

2019-03-13 11:49:31 - [MESSAGE][PASSED] - Browser is opened with url: 'https://175.143.52.101:7011/1SPEKSv2/'

2019-03-13 11:49:31 - [TEST_STEP][PASSED] - setText(findTestObject("Login/input_NoKadPengenalan"), findTestData("ispekstestdata").getValue(1, 2)): Text '601101955194' is set on object 'Object Repository/Login/input_NoKadPengenalan'

2019-03-13 11:49:31 - [MESSAGE][PASSED] - Text '601101955194' is set on object 'Object Repository/Login/input_NoKadPengenalan'

2019-03-13 11:49:31 - [TEST_STEP][PASSED] - setEncryptedText(findTestObject("Login/input_Password"), findTestData("ispekstestdata").getValue(2, 2)): Text ****** has been set on object 'Object Repository/Login/input_Password'

2019-03-13 11:49:31 - [MESSAGE][PASSED] - Text ****** has been set on object 'Object Repository/Login/input_Password'

2019-03-13 11:49:31 - [TEST_STEP][PASSED] - click(findTestObject("Login/input_ButtonLogMasuk")): Object: 'Object Repository/Login/input_ButtonLogMasuk' is clicked on

2019-03-13 11:49:39 - [MESSAGE][PASSED] - Object: 'Object Repository/Login/input_ButtonLogMasuk' is clicked on

2019-03-13 11:49:39 - [TEST_STEP][PASSED] - delay(3): Delayed 3 second(s)

2019-03-13 11:49:42 - [MESSAGE][PASSED] - Delayed 3 second(s)

2019-03-13 11:49:42 - [TEST_STEP][PASSED] - reusablefunctions.reusablefunctions.PerananPenyediaPTJ(): reusablefunctions.reusablefunctions.PerananPenyediaPTJ is PASSED

2019-03-13 11:49:42 - [MESSAGE][PASSED] - Object: 'Object Repository/Perolehan/TukarPeranan/IconTukarPeranan' is clicked on

2019-03-13 11:49:42 - [MESSAGE][PASSED] - Object: 'Object Repository/Perolehan/TukarPeranan/input_TukarPenyediaPTJ' is clicked on

2019-03-13 11:49:42 - [MESSAGE][PASSED] - Object: 'Object Repository/Perolehan/TukarPeranan/button_Ya' is clicked on

2019-03-13 11:50:02 - [MESSAGE][PASSED] - Delayed 20 second(s)

2019-03-13 11:50:05 - [MESSAGE][PASSED] - Text 'Peranan : [Penyedia] Peringkat : [PTJ]' is present on page 

2019-03-13 11:50:05 - [MESSAGE][PASSED] - reusablefunctions.reusablefunctions.PerananPenyediaPTJ is PASSED

2019-03-13 11:50:05 - [TEST_STEP][PASSED] - click(findTestObject("Perolehan/001 Left_Menu_Selection/a_ExpandMenuonLeft")): Object: 'Object Repository/Perolehan/001 Left_Menu_Selection/a_ExpandMenuonLeft' is clicked on

2019-03-13 11:50:05 - [MESSAGE][PASSED] - Object: 'Object Repository/Perolehan/001 Left_Menu_Selection/a_ExpandMenuonLeft' is clicked on

2019-03-13 11:50:05 - [TEST_STEP][PASSED] - delay(3, STOP_ON_FAILURE): Delayed 3 second(s)

2019-03-13 11:50:08 - [MESSAGE][PASSED] - Delayed 3 second(s)

2019-03-13 11:50:08 - [TEST_STEP][PASSED] - click(findTestObject("Perolehan/001 Left_Menu_Selection/div_PanelTitlePerolehan")): Object: 'Object Repository/Perolehan/001 Left_Menu_Selection/div_PanelTitlePerolehan' is clicked on

2019-03-13 11:50:08 - [MESSAGE][PASSED] - Object: 'Object Repository/Perolehan/001 Left_Menu_Selection/div_PanelTitlePerolehan' is clicked on

2019-03-13 11:50:08 - [TEST_STEP][PASSED] - delay(3, STOP_ON_FAILURE): Delayed 3 second(s)

2019-03-13 11:50:11 - [MESSAGE][PASSED] - Delayed 3 second(s)

2019-03-13 11:50:11 - [TEST_STEP][PASSED] - click(findTestObject("Perolehan/001 Left_Menu_Selection/div_PesananTempatan")): Object: 'Object Repository/Perolehan/001 Left_Menu_Selection/div_PesananTempatan' is clicked on

2019-03-13 11:50:11 - [MESSAGE][PASSED] - Object: 'Object Repository/Perolehan/001 Left_Menu_Selection/div_PesananTempatan' is clicked on

2019-03-13 11:50:11 - [TEST_STEP][PASSED] - assert true: null

2019-03-13 11:50:11 - [TEST_STEP][PASSED] - delay(3): Delayed 3 second(s)

2019-03-13 11:50:14 - [MESSAGE][PASSED] - Delayed 3 second(s)

2019-03-13 11:50:14 - [MESSAGE][PASSED] - Call Test Case 'Test Cases/Perolehan/001 Left Menu Selection/Select Menu Pesanan Tempatan' successfully

2019-03-13 11:50:14 - [TEST_STEP][PASSED] - click(findTestObject("Perolehan/002 Penyedia_RekodBaru/005 Rekod Baru Inden Kerja/button_Rekod_Baru")): Object: 'Object Repository/Perolehan/002 Penyedia_RekodBaru/005 Rekod Baru Inden Kerja/button_Rekod_Baru' is clicked on

2019-03-13 11:50:15 - [MESSAGE][PASSED] - Object: 'Object Repository/Perolehan/002 Penyedia_RekodBaru/005 Rekod Baru Inden Kerja/button_Rekod_Baru' is clicked on

2019-03-13 11:50:15 - [TEST_STEP][PASSED] - delay(3): Delayed 3 second(s)

2019-03-13 11:50:18 - [MESSAGE][PASSED] - Delayed 3 second(s)

2019-03-13 11:50:18 - [TEST_STEP][PASSED] - click(findTestObject("Perolehan/002 Penyedia_RekodBaru/005 Rekod Baru Inden Kerja/Drop_down_Jenis_Urusniaga")): Object: 'Object Repository/Perolehan/002 Penyedia_RekodBaru/005 Rekod Baru Inden Kerja/Drop_down_Jenis_Urusniaga' is clicked on

2019-03-13 11:50:18 - [MESSAGE][PASSED] - Object: 'Object Repository/Perolehan/002 Penyedia_RekodBaru/005 Rekod Baru Inden Kerja/Drop_down_Jenis_Urusniaga' is clicked on

2019-03-13 11:50:18 - [TEST_STEP][PASSED] - delay(2): Delayed 2 second(s)

2019-03-13 11:50:20 - [MESSAGE][PASSED] - Delayed 2 second(s)

2019-03-13 11:50:20 - [TEST_STEP][PASSED] - mydate = new java.util.Date(): null

2019-03-13 11:50:20 - [TEST_STEP][PASSED] - click(findTestObject("Perolehan/002 Penyedia_RekodBaru/005 Rekod Baru Inden Kerja/select_INDEN KERJA AUTO")): Object: 'Object Repository/Perolehan/002 Penyedia_RekodBaru/005 Rekod Baru Inden Kerja/select_INDEN KERJA AUTO' is clicked on

2019-03-13 11:50:20 - [MESSAGE][PASSED] - Object: 'Object Repository/Perolehan/002 Penyedia_RekodBaru/005 Rekod Baru Inden Kerja/select_INDEN KERJA AUTO' is clicked on

2019-03-13 11:50:20 - [TEST_STEP][PASSED] - click(findTestObject("Perolehan/002 Penyedia_RekodBaru/005 Rekod Baru Inden Kerja/Drop_down_Pembekal")): Object: 'Object Repository/Perolehan/002 Penyedia_RekodBaru/005 Rekod Baru Inden Kerja/Drop_down_Pembekal' is clicked on

2019-03-13 11:50:20 - [MESSAGE][PASSED] - Object: 'Object Repository/Perolehan/002 Penyedia_RekodBaru/005 Rekod Baru Inden Kerja/Drop_down_Pembekal' is clicked on

2019-03-13 11:50:20 - [TEST_STEP][PASSED] - setText(findTestObject("Perolehan/002 Penyedia_RekodBaru/005 Rekod Baru Inden Kerja/input_nama_Pembekal"), "GREEN MIRACLE ENTERPRISE"): Text 'GREEN MIRACLE ENTERPRISE' is set on object 'Object Repository/Perolehan/002 Penyedia_RekodBaru/005 Rekod Baru Inden Kerja/input_nama_Pembekal'

2019-03-13 11:50:21 - [MESSAGE][PASSED] - Text 'GREEN MIRACLE ENTERPRISE' is set on object 'Object Repository/Perolehan/002 Penyedia_RekodBaru/005 Rekod Baru Inden Kerja/input_nama_Pembekal'

2019-03-13 11:50:21 - [TEST_STEP][PASSED] - click(findTestObject("Perolehan/002 Penyedia_RekodBaru/005 Rekod Baru Inden Kerja/select_Kod_Pembekal_Green_Miracle")): Object: 'Object Repository/Perolehan/002 Penyedia_RekodBaru/005 Rekod Baru Inden Kerja/select_Kod_Pembekal_Green_Miracle' is clicked on

2019-03-13 11:50:21 - [MESSAGE][PASSED] - Object: 'Object Repository/Perolehan/002 Penyedia_RekodBaru/005 Rekod Baru Inden Kerja/select_Kod_Pembekal_Green_Miracle' is clicked on

2019-03-13 11:50:21 - [TEST_STEP][PASSED] - click(findTestObject("Perolehan/002 Penyedia_RekodBaru/005 Rekod Baru Inden Kerja/Date_Picker_Sila_Bekalkan")): Object: 'Object Repository/Perolehan/002 Penyedia_RekodBaru/005 Rekod Baru Inden Kerja/Date_Picker_Sila_Bekalkan' is clicked on

2019-03-13 11:50:21 - [MESSAGE][PASSED] - Object: 'Object Repository/Perolehan/002 Penyedia_RekodBaru/005 Rekod Baru Inden Kerja/Date_Picker_Sila_Bekalkan' is clicked on

2019-03-13 11:50:21 - [TEST_STEP][PASSED] - delay(3): Delayed 3 second(s)

2019-03-13 11:50:24 - [MESSAGE][PASSED] - Delayed 3 second(s)

2019-03-13 11:50:24 - [TEST_STEP][PASSED] - click(findTestObject("Perolehan/002 Penyedia_RekodBaru/005 Rekod Baru Inden Kerja/Date_Picker_Next_month")): Object: 'Object Repository/Perolehan/002 Penyedia_RekodBaru/005 Rekod Baru Inden Kerja/Date_Picker_Next_month' is clicked on

2019-03-13 11:50:24 - [MESSAGE][PASSED] - Object: 'Object Repository/Perolehan/002 Penyedia_RekodBaru/005 Rekod Baru Inden Kerja/Date_Picker_Next_month' is clicked on

2019-03-13 11:50:24 - [TEST_STEP][PASSED] - click(findTestObject("Perolehan/002 Penyedia_RekodBaru/005 Rekod Baru Inden Kerja/Date_Picker_Select_date_26th")): Object: 'Object Repository/Perolehan/002 Penyedia_RekodBaru/005 Rekod Baru Inden Kerja/Date_Picker_Select_date_26th' is clicked on

2019-03-13 11:50:24 - [MESSAGE][PASSED] - Object: 'Object Repository/Perolehan/002 Penyedia_RekodBaru/005 Rekod Baru Inden Kerja/Date_Picker_Select_date_26th' is clicked on

2019-03-13 11:50:24 - [TEST_STEP][PASSED] - setText(findTestObject("Perolehan/002 Penyedia_RekodBaru/005 Rekod Baru Inden Kerja/input_no_tanggungan"), "2"): Text '2' is set on object 'Object Repository/Perolehan/002 Penyedia_RekodBaru/005 Rekod Baru Inden Kerja/input_no_tanggungan'

2019-03-13 11:50:24 - [MESSAGE][PASSED] - Text '2' is set on object 'Object Repository/Perolehan/002 Penyedia_RekodBaru/005 Rekod Baru Inden Kerja/input_no_tanggungan'

2019-03-13 11:50:24 - [TEST_STEP][PASSED] - setText(findTestObject("Perolehan/002 Penyedia_RekodBaru/005 Rekod Baru Inden Kerja/input_amaun_tanggungan"), "2"): Text '2' is set on object 'Object Repository/Perolehan/002 Penyedia_RekodBaru/005 Rekod Baru Inden Kerja/input_amaun_tanggungan'

2019-03-13 11:50:24 - [MESSAGE][PASSED] - Text '2' is set on object 'Object Repository/Perolehan/002 Penyedia_RekodBaru/005 Rekod Baru Inden Kerja/input_amaun_tanggungan'

2019-03-13 11:50:24 - [TEST_STEP][PASSED] - setText(findTestObject("Perolehan/002 Penyedia_RekodBaru/005 Rekod Baru Inden Kerja/input_ringkasan_kerja"), "ringkasan kerja untuk inden kerja"): Text 'ringkasan kerja untuk inden kerja' is set on object 'Object Repository/Perolehan/002 Penyedia_RekodBaru/005 Rekod Baru Inden Kerja/input_ringkasan_kerja'

2019-03-13 11:50:24 - [MESSAGE][PASSED] - Text 'ringkasan kerja untuk inden kerja' is set on object 'Object Repository/Perolehan/002 Penyedia_RekodBaru/005 Rekod Baru Inden Kerja/input_ringkasan_kerja'

2019-03-13 11:50:24 - [TEST_STEP][PASSED] - RN = Math.random() * 100000: null

2019-03-13 11:50:24 - [TEST_STEP][PASSED] - setText(findTestObject("Perolehan/002 Penyedia_RekodBaru/005 Rekod Baru Inden Kerja/input_rujukan_fail"), "IK00" + RN): Text 'IK0019694' is set on object 'Object Repository/Perolehan/002 Penyedia_RekodBaru/005 Rekod Baru Inden Kerja/input_rujukan_fail'

2019-03-13 11:50:25 - [MESSAGE][PASSED] - Text 'IK0019694' is set on object 'Object Repository/Perolehan/002 Penyedia_RekodBaru/005 Rekod Baru Inden Kerja/input_rujukan_fail'

2019-03-13 11:50:25 - [TEST_STEP][PASSED] - IKno_rujukan = getText(findTestObject("Perolehan/002 Penyedia_RekodBaru/005 Rekod Baru Inden Kerja/input_rujukan_fail")): Text of object 'Object Repository/Perolehan/002 Penyedia_RekodBaru/005 Rekod Baru Inden Kerja/input_rujukan_fail' is: ''

2019-03-13 11:50:25 - [MESSAGE][PASSED] - Text of object 'Object Repository/Perolehan/002 Penyedia_RekodBaru/005 Rekod Baru Inden Kerja/input_rujukan_fail' is: ''

2019-03-13 11:50:25 - [TEST_STEP][PASSED] - println(IKno_rujukan): null

2019-03-13 11:50:25 - [TEST_STEP][PASSED] - setText(findTestObject("Perolehan/002 Penyedia_RekodBaru/005 Rekod Baru Inden Kerja/input_kerja_terperinci"), "kerja terperinci " + mydate): Text 'kerja terperinci Wed Mar 13 11:50:20 SGT 2019' is set on object 'Object Repository/Perolehan/002 Penyedia_RekodBaru/005 Rekod Baru Inden Kerja/input_kerja_terperinci'

2019-03-13 11:50:25 - [MESSAGE][PASSED] - Text 'kerja terperinci Wed Mar 13 11:50:20 SGT 2019' is set on object 'Object Repository/Perolehan/002 Penyedia_RekodBaru/005 Rekod Baru Inden Kerja/input_kerja_terperinci'

2019-03-13 11:50:25 - [TEST_STEP][PASSED] - setText(findTestObject("Perolehan/002 Penyedia_RekodBaru/005 Rekod Baru Inden Kerja/input_Perihal"), "test here " + mydate): Text 'test here Wed Mar 13 11:50:20 SGT 2019' is set on object 'Object Repository/Perolehan/002 Penyedia_RekodBaru/005 Rekod Baru Inden Kerja/input_Perihal'

2019-03-13 11:50:25 - [MESSAGE][PASSED] - Text 'test here Wed Mar 13 11:50:20 SGT 2019' is set on object 'Object Repository/Perolehan/002 Penyedia_RekodBaru/005 Rekod Baru Inden Kerja/input_Perihal'

2019-03-13 11:50:25 - [TEST_STEP][PASSED] - click(findTestObject("Perolehan/002 Penyedia_RekodBaru/005 Rekod Baru Inden Kerja/tambah_maklumat_terperinci")): Object: 'Object Repository/Perolehan/002 Penyedia_RekodBaru/005 Rekod Baru Inden Kerja/tambah_maklumat_terperinci' is clicked on

2019-03-13 11:50:25 - [MESSAGE][PASSED] - Object: 'Object Repository/Perolehan/002 Penyedia_RekodBaru/005 Rekod Baru Inden Kerja/tambah_maklumat_terperinci' is clicked on

2019-03-13 11:50:25 - [TEST_STEP][PASSED] - delay(3): Delayed 3 second(s)

2019-03-13 11:50:28 - [MESSAGE][PASSED] - Delayed 3 second(s)

2019-03-13 11:50:28 - [TEST_STEP][PASSED] - click(findTestObject("Perolehan/002 Penyedia_RekodBaru/005 Rekod Baru Inden Kerja/Drop_down_Vot_Dana")): Object: 'Object Repository/Perolehan/002 Penyedia_RekodBaru/005 Rekod Baru Inden Kerja/Drop_down_Vot_Dana' is clicked on

2019-03-13 11:50:29 - [MESSAGE][PASSED] - Object: 'Object Repository/Perolehan/002 Penyedia_RekodBaru/005 Rekod Baru Inden Kerja/Drop_down_Vot_Dana' is clicked on

2019-03-13 11:50:29 - [TEST_STEP][PASSED] - delay(8): Delayed 8 second(s)

2019-03-13 11:50:37 - [MESSAGE][PASSED] - Delayed 8 second(s)

2019-03-13 11:50:37 - [TEST_STEP][PASSED] - setText(findTestObject("Perolehan/002 Penyedia_RekodBaru/005 Rekod Baru Inden Kerja/input_Vot_kod"), "B31"): Text 'B31' is set on object 'Object Repository/Perolehan/002 Penyedia_RekodBaru/005 Rekod Baru Inden Kerja/input_Vot_kod'

2019-03-13 11:50:37 - [MESSAGE][PASSED] - Text 'B31' is set on object 'Object Repository/Perolehan/002 Penyedia_RekodBaru/005 Rekod Baru Inden Kerja/input_Vot_kod'

2019-03-13 11:50:37 - [TEST_STEP][PASSED] - click(findTestObject("Perolehan/002 Penyedia_RekodBaru/005 Rekod Baru Inden Kerja/select_Vot_B31")): Object: 'Object Repository/Perolehan/002 Penyedia_RekodBaru/005 Rekod Baru Inden Kerja/select_Vot_B31' is clicked on

2019-03-13 11:50:37 - [MESSAGE][PASSED] - Object: 'Object Repository/Perolehan/002 Penyedia_RekodBaru/005 Rekod Baru Inden Kerja/select_Vot_B31' is clicked on

2019-03-13 11:50:37 - [TEST_STEP][PASSED] - click(findTestObject("Perolehan/002 Penyedia_RekodBaru/005 Rekod Baru Inden Kerja/Drop_down_Program_Aktiviti")): Object: 'Object Repository/Perolehan/002 Penyedia_RekodBaru/005 Rekod Baru Inden Kerja/Drop_down_Program_Aktiviti' is clicked on

2019-03-13 11:50:37 - [MESSAGE][PASSED] - Object: 'Object Repository/Perolehan/002 Penyedia_RekodBaru/005 Rekod Baru Inden Kerja/Drop_down_Program_Aktiviti' is clicked on

2019-03-13 11:50:37 - [TEST_STEP][PASSED] - setText(findTestObject("Perolehan/002 Penyedia_RekodBaru/005 Rekod Baru Inden Kerja/input_ProgramAktiviti_kod"), "160080"): Text '160080' is set on object 'Object Repository/Perolehan/002 Penyedia_RekodBaru/005 Rekod Baru Inden Kerja/input_ProgramAktiviti_kod'

2019-03-13 11:50:37 - [MESSAGE][PASSED] - Text '160080' is set on object 'Object Repository/Perolehan/002 Penyedia_RekodBaru/005 Rekod Baru Inden Kerja/input_ProgramAktiviti_kod'

2019-03-13 11:50:37 - [TEST_STEP][PASSED] - click(findTestObject("Perolehan/002 Penyedia_RekodBaru/005 Rekod Baru Inden Kerja/select_ProgramAktiviti_010080")): Object: 'Object Repository/Perolehan/002 Penyedia_RekodBaru/005 Rekod Baru Inden Kerja/select_ProgramAktiviti_010080' is clicked on

2019-03-13 11:50:37 - [MESSAGE][PASSED] - Object: 'Object Repository/Perolehan/002 Penyedia_RekodBaru/005 Rekod Baru Inden Kerja/select_ProgramAktiviti_010080' is clicked on

2019-03-13 11:50:37 - [TEST_STEP][PASSED] - click(findTestObject("Perolehan/002 Penyedia_RekodBaru/005 Rekod Baru Inden Kerja/Drop_down_Kod_Akaun")): Object: 'Object Repository/Perolehan/002 Penyedia_RekodBaru/005 Rekod Baru Inden Kerja/Drop_down_Kod_Akaun' is clicked on

2019-03-13 11:50:37 - [MESSAGE][PASSED] - Object: 'Object Repository/Perolehan/002 Penyedia_RekodBaru/005 Rekod Baru Inden Kerja/Drop_down_Kod_Akaun' is clicked on

2019-03-13 11:50:37 - [TEST_STEP][PASSED] - setText(findTestObject("Perolehan/002 Penyedia_RekodBaru/005 Rekod Baru Inden Kerja/input_kod_Akaun_kod"), "B0227102"): Text 'B0227102' is set on object 'Object Repository/Perolehan/002 Penyedia_RekodBaru/005 Rekod Baru Inden Kerja/input_kod_Akaun_kod'

2019-03-13 11:50:38 - [MESSAGE][PASSED] - Text 'B0227102' is set on object 'Object Repository/Perolehan/002 Penyedia_RekodBaru/005 Rekod Baru Inden Kerja/input_kod_Akaun_kod'

2019-03-13 11:50:38 - [TEST_STEP][PASSED] - click(findTestObject("Perolehan/002 Penyedia_RekodBaru/005 Rekod Baru Inden Kerja/select_Kod_Akaun_Alat_tulis")): Object: 'Object Repository/Perolehan/002 Penyedia_RekodBaru/005 Rekod Baru Inden Kerja/select_Kod_Akaun_Alat_tulis' is clicked on

2019-03-13 11:50:39 - [MESSAGE][PASSED] - Object: 'Object Repository/Perolehan/002 Penyedia_RekodBaru/005 Rekod Baru Inden Kerja/select_Kod_Akaun_Alat_tulis' is clicked on

2019-03-13 11:50:39 - [TEST_STEP][PASSED] - setText(findTestObject("Perolehan/002 Penyedia_RekodBaru/005 Rekod Baru Inden Kerja/input_kuantiti"), "7"): Text '7' is set on object 'Object Repository/Perolehan/002 Penyedia_RekodBaru/005 Rekod Baru Inden Kerja/input_kuantiti'

2019-03-13 11:50:39 - [MESSAGE][PASSED] - Text '7' is set on object 'Object Repository/Perolehan/002 Penyedia_RekodBaru/005 Rekod Baru Inden Kerja/input_kuantiti'

2019-03-13 11:50:39 - [TEST_STEP][PASSED] - setText(findTestObject("Perolehan/002 Penyedia_RekodBaru/005 Rekod Baru Inden Kerja/input_harga_seunit"), "1.58"): Text '1.58' is set on object 'Object Repository/Perolehan/002 Penyedia_RekodBaru/005 Rekod Baru Inden Kerja/input_harga_seunit'

2019-03-13 11:50:39 - [MESSAGE][PASSED] - Text '1.58' is set on object 'Object Repository/Perolehan/002 Penyedia_RekodBaru/005 Rekod Baru Inden Kerja/input_harga_seunit'

2019-03-13 11:50:39 - [TEST_STEP][PASSED] - click(findTestObject("Perolehan/002 Penyedia_RekodBaru/005 Rekod Baru Inden Kerja/button_simpan_maklumat_terperinci")): Object: 'Object Repository/Perolehan/002 Penyedia_RekodBaru/005 Rekod Baru Inden Kerja/button_simpan_maklumat_terperinci' is clicked on

2019-03-13 11:50:39 - [MESSAGE][PASSED] - Object: 'Object Repository/Perolehan/002 Penyedia_RekodBaru/005 Rekod Baru Inden Kerja/button_simpan_maklumat_terperinci' is clicked on

2019-03-13 11:50:39 - [TEST_STEP][PASSED] - delay(3): Delayed 3 second(s)

2019-03-13 11:50:42 - [MESSAGE][PASSED] - Delayed 3 second(s)

2019-03-13 11:50:42 - [TEST_STEP][PASSED] - click(findTestObject("Perolehan/002 Penyedia_RekodBaru/005 Rekod Baru Inden Kerja/button_OK_peruntukan_mencukupi")): Object: 'Object Repository/Perolehan/002 Penyedia_RekodBaru/005 Rekod Baru Inden Kerja/button_OK_peruntukan_mencukupi' is clicked on

2019-03-13 11:50:42 - [MESSAGE][PASSED] - Object: 'Object Repository/Perolehan/002 Penyedia_RekodBaru/005 Rekod Baru Inden Kerja/button_OK_peruntukan_mencukupi' is clicked on

2019-03-13 11:50:42 - [TEST_STEP][PASSED] - delay(3): Delayed 3 second(s)

2019-03-13 11:50:45 - [MESSAGE][PASSED] - Delayed 3 second(s)

2019-03-13 11:50:45 - [TEST_STEP][PASSED] - click(findTestObject("Perolehan/002 Penyedia_RekodBaru/005 Rekod Baru Inden Kerja/button_Simpan")): Object: 'Object Repository/Perolehan/002 Penyedia_RekodBaru/005 Rekod Baru Inden Kerja/button_Simpan' is clicked on

2019-03-13 11:50:45 - [MESSAGE][PASSED] - Object: 'Object Repository/Perolehan/002 Penyedia_RekodBaru/005 Rekod Baru Inden Kerja/button_Simpan' is clicked on

2019-03-13 11:50:45 - [TEST_STEP][PASSED] - delay(3): Delayed 3 second(s)

2019-03-13 11:50:48 - [MESSAGE][PASSED] - Delayed 3 second(s)

2019-03-13 11:50:48 - [TEST_STEP][PASSED] - click(findTestObject("Perolehan/002 Penyedia_RekodBaru/005 Rekod Baru Inden Kerja/button_OK_rekod_berjaya_disimpan")): Object: 'Object Repository/Perolehan/002 Penyedia_RekodBaru/005 Rekod Baru Inden Kerja/button_OK_rekod_berjaya_disimpan' is clicked on

2019-03-13 11:50:48 - [MESSAGE][PASSED] - Object: 'Object Repository/Perolehan/002 Penyedia_RekodBaru/005 Rekod Baru Inden Kerja/button_OK_rekod_berjaya_disimpan' is clicked on

2019-03-13 11:50:48 - [TEST_STEP][PASSED] - click(findTestObject("Perolehan/002 Penyedia_RekodBaru/005 Rekod Baru Inden Kerja/button_Senarai_Semak")): Object: 'Object Repository/Perolehan/002 Penyedia_RekodBaru/005 Rekod Baru Inden Kerja/button_Senarai_Semak' is clicked on

2019-03-13 11:50:48 - [MESSAGE][PASSED] - Object: 'Object Repository/Perolehan/002 Penyedia_RekodBaru/005 Rekod Baru Inden Kerja/button_Senarai_Semak' is clicked on

2019-03-13 11:50:48 - [TEST_STEP][PASSED] - delay(3): Delayed 3 second(s)

2019-03-13 11:50:51 - [MESSAGE][PASSED] - Delayed 3 second(s)

2019-03-13 11:50:51 - [TEST_STEP][PASSED] - check(findTestObject("Perolehan/002 Penyedia_RekodBaru/005 Rekod Baru Inden Kerja/senarai_semak1")): Object 'Object Repository/Perolehan/002 Penyedia_RekodBaru/005 Rekod Baru Inden Kerja/senarai_semak1' is checked

2019-03-13 11:50:51 - [MESSAGE][PASSED] - Object 'Object Repository/Perolehan/002 Penyedia_RekodBaru/005 Rekod Baru Inden Kerja/senarai_semak1' is checked

2019-03-13 11:50:51 - [TEST_STEP][PASSED] - check(findTestObject("Perolehan/002 Penyedia_RekodBaru/005 Rekod Baru Inden Kerja/senarai_semak2")): Object 'Object Repository/Perolehan/002 Penyedia_RekodBaru/005 Rekod Baru Inden Kerja/senarai_semak2' is checked

2019-03-13 11:50:52 - [MESSAGE][PASSED] - Object 'Object Repository/Perolehan/002 Penyedia_RekodBaru/005 Rekod Baru Inden Kerja/senarai_semak2' is checked

2019-03-13 11:50:52 - [TEST_STEP][PASSED] - check(findTestObject("Perolehan/002 Penyedia_RekodBaru/005 Rekod Baru Inden Kerja/senarai_semak3")): Object 'Object Repository/Perolehan/002 Penyedia_RekodBaru/005 Rekod Baru Inden Kerja/senarai_semak3' is checked

2019-03-13 11:50:52 - [MESSAGE][PASSED] - Object 'Object Repository/Perolehan/002 Penyedia_RekodBaru/005 Rekod Baru Inden Kerja/senarai_semak3' is checked

2019-03-13 11:50:52 - [TEST_STEP][PASSED] - click(findTestObject("Perolehan/002 Penyedia_RekodBaru/005 Rekod Baru Inden Kerja/button_simpan_senarai_semak")): Object: 'Object Repository/Perolehan/002 Penyedia_RekodBaru/005 Rekod Baru Inden Kerja/button_simpan_senarai_semak' is clicked on

2019-03-13 11:50:52 - [MESSAGE][PASSED] - Object: 'Object Repository/Perolehan/002 Penyedia_RekodBaru/005 Rekod Baru Inden Kerja/button_simpan_senarai_semak' is clicked on

2019-03-13 11:50:52 - [TEST_STEP][PASSED] - click(findTestObject("Perolehan/002 Penyedia_RekodBaru/005 Rekod Baru Inden Kerja/button_OK_maklumat_berjaya_disimpan")): Object: 'Object Repository/Perolehan/002 Penyedia_RekodBaru/005 Rekod Baru Inden Kerja/button_OK_maklumat_berjaya_disimpan' is clicked on

2019-03-13 11:50:52 - [MESSAGE][PASSED] - Object: 'Object Repository/Perolehan/002 Penyedia_RekodBaru/005 Rekod Baru Inden Kerja/button_OK_maklumat_berjaya_disimpan' is clicked on

2019-03-13 11:50:52 - [TEST_STEP][PASSED] - click(findTestObject("Perolehan/002 Penyedia_RekodBaru/005 Rekod Baru Inden Kerja/button_X_close_senarai_semak")): Object: 'Object Repository/Perolehan/002 Penyedia_RekodBaru/005 Rekod Baru Inden Kerja/button_X_close_senarai_semak' is clicked on

2019-03-13 11:50:52 - [MESSAGE][PASSED] - Object: 'Object Repository/Perolehan/002 Penyedia_RekodBaru/005 Rekod Baru Inden Kerja/button_X_close_senarai_semak' is clicked on

2019-03-13 11:50:52 - [TEST_STEP][PASSED] - Total = getText(findTestObject("Perolehan/002 Penyedia_RekodBaru/0022 Sah_Simpan/TotalAmaunPT")): Text of object 'Object Repository/Perolehan/002 Penyedia_RekodBaru/0022 Sah_Simpan/TotalAmaunPT' is: '11.06'

2019-03-13 11:50:52 - [MESSAGE][PASSED] - Text of object 'Object Repository/Perolehan/002 Penyedia_RekodBaru/0022 Sah_Simpan/TotalAmaunPT' is: '11.06'

2019-03-13 11:50:52 - [TEST_STEP][PASSED] - println(Total): null

2019-03-13 11:50:52 - [TEST_STEP][PASSED] - TotalAmaunPT = Total: null

2019-03-13 11:50:52 - [TEST_STEP][PASSED] - click(findTestObject("Perolehan/002 Penyedia_RekodBaru/005 Rekod Baru Inden Kerja/button_sah_simpan")): Object: 'Object Repository/Perolehan/002 Penyedia_RekodBaru/005 Rekod Baru Inden Kerja/button_sah_simpan' is clicked on

2019-03-13 11:50:53 - [MESSAGE][PASSED] - Object: 'Object Repository/Perolehan/002 Penyedia_RekodBaru/005 Rekod Baru Inden Kerja/button_sah_simpan' is clicked on

2019-03-13 11:50:53 - [TEST_STEP][PASSED] - click(findTestObject("Perolehan/002 Penyedia_RekodBaru/005 Rekod Baru Inden Kerja/button_Ya_Sah_Simpan")): Object: 'Object Repository/Perolehan/002 Penyedia_RekodBaru/005 Rekod Baru Inden Kerja/button_Ya_Sah_Simpan' is clicked on

2019-03-13 11:50:53 - [MESSAGE][PASSED] - Object: 'Object Repository/Perolehan/002 Penyedia_RekodBaru/005 Rekod Baru Inden Kerja/button_Ya_Sah_Simpan' is clicked on

2019-03-13 11:50:53 - [TEST_STEP][PASSED] - PTRekodberjayaID = getText(findTestObject("Perolehan/002 Penyedia_RekodBaru/005 Rekod Baru Inden Kerja/Rekod_berjaya_No_Rekod")): Text of object 'Object Repository/Perolehan/002 Penyedia_RekodBaru/005 Rekod Baru Inden Kerja/Rekod_berjaya_No_Rekod' is: 'Rekod Telah Berjaya Di Sah Simpan. [ NO REKOD :19DAIK030100044 ]
Ok'

2019-03-13 11:50:53 - [MESSAGE][PASSED] - Text of object 'Object Repository/Perolehan/002 Penyedia_RekodBaru/005 Rekod Baru Inden Kerja/Rekod_berjaya_No_Rekod' is: 'Rekod Telah Berjaya Di Sah Simpan. [ NO REKOD :19DAIK030100044 ]
Ok'

2019-03-13 11:50:53 - [TEST_STEP][PASSED] - println(PTRekodberjayaID): null

2019-03-13 11:50:53 - [TEST_STEP][PASSED] - PTRekodID = PTRekodberjayaID[(47..61)]: null

2019-03-13 11:50:53 - [TEST_STEP][PASSED] - println(PTRekodID): null

2019-03-13 11:50:53 - [TEST_STEP][PASSED] - PesananTempatanRekodID = PTRekodID: null

2019-03-13 11:50:53 - [TEST_STEP][PASSED] - delay(3): Delayed 3 second(s)

2019-03-13 11:50:56 - [MESSAGE][PASSED] - Delayed 3 second(s)

2019-03-13 11:50:56 - [TEST_STEP][PASSED] - takeScreenshot(): Taking screenshot successfully

2019-03-13 11:50:57 - [MESSAGE][PASSED] - Taking screenshot successfully
[[ATTACHMENT|C:\\Users\\Consultant_MSPHitect\\Katalon Studio\\TrainingonKatalon\\Reports\\Perolehan\\03 Inden Kerja Cara Bayaran EFT Dengan Pemfaktoran\\20190313_114917\\1552449056858.png]]

2019-03-13 11:50:57 - [TEST_STEP][PASSED] - click(findTestObject("Perolehan/002 Penyedia_RekodBaru/005 Rekod Baru Inden Kerja/button_OK_berjaya_disah_simpan")): Object: 'Object Repository/Perolehan/002 Penyedia_RekodBaru/005 Rekod Baru Inden Kerja/button_OK_berjaya_disah_simpan' is clicked on

2019-03-13 11:50:57 - [MESSAGE][PASSED] - Object: 'Object Repository/Perolehan/002 Penyedia_RekodBaru/005 Rekod Baru Inden Kerja/button_OK_berjaya_disah_simpan' is clicked on

2019-03-13 11:50:57 - [TEST_STEP][PASSED] - closeBrowser(): Browser is closed

2019-03-13 11:50:57 - [MESSAGE][PASSED] - Browser is closed]]></system-out>
         <system-err><![CDATA[]]></system-err>
      </testcase>
      <testcase name="Test Cases/Perolehan/003 Pengesahan Pesanan Tempatan/Pengesahan" classname="Test Cases/Perolehan/003 Pengesahan Pesanan Tempatan/Pengesahan" status="PASSED">
         <system-out><![CDATA[2019-03-13 11:50:57 - [TEST_CASE][PASSED] - Test Cases/Perolehan/003 Pengesahan Pesanan Tempatan/Pengesahan: Test Cases/Perolehan/003 Pengesahan Pesanan Tempatan/Pengesahan

2019-03-13 11:50:58 - [TEST_STEP][PASSED] - reusablefunctions.reusablefunctions.openbrowser(): reusablefunctions.reusablefunctions.openbrowser is PASSED

2019-03-13 11:50:58 - [MESSAGE][INFO] - Starting 'Chrome' driver

2019-03-13 11:51:00 - [MESSAGE][PASSED] - Browser is opened with url: 'https://175.143.52.101:7011/1SPEKSv2/'

2019-03-13 11:51:00 - [MESSAGE][PASSED] - reusablefunctions.reusablefunctions.openbrowser is PASSED

2019-03-13 11:51:00 - [TEST_STEP][PASSED] - reusablefunctions.reusablefunctions.Login(findTestData("ispekstestdata").getValue(1, 2), findTestData("ispekstestdata").getValue(2, 2)): reusablefunctions.reusablefunctions.Login is PASSED

2019-03-13 11:51:01 - [MESSAGE][PASSED] - Text '601101955194' is set on object 'Object Repository/Login/input_NoKadPengenalan'

2019-03-13 11:51:01 - [MESSAGE][PASSED] - Text ****** has been set on object 'Object Repository/Login/input_Password'

2019-03-13 11:51:06 - [MESSAGE][PASSED] - Object: 'Object Repository/Login/input_ButtonLogMasuk' is clicked on

2019-03-13 11:51:16 - [MESSAGE][PASSED] - Delayed 10 second(s)

2019-03-13 11:51:16 - [MESSAGE][PASSED] - reusablefunctions.reusablefunctions.Login is PASSED

2019-03-13 11:51:16 - [TEST_STEP][PASSED] - reusablefunctions.reusablefunctions.PerananPengesahBN(): reusablefunctions.reusablefunctions.PerananPengesahBN is PASSED

2019-03-13 11:51:17 - [MESSAGE][PASSED] - Object: 'Object Repository/Perolehan/TukarPeranan/IconTukarPeranan' is clicked on

2019-03-13 11:51:17 - [MESSAGE][PASSED] - Object: 'Object Repository/Perolehan/TukarPeranan/input_TukarPengesahBN' is clicked on

2019-03-13 11:51:17 - [MESSAGE][PASSED] - Object: 'Object Repository/Perolehan/TukarPeranan/button_Ya' is clicked on

2019-03-13 11:51:37 - [MESSAGE][PASSED] - Delayed 20 second(s)

2019-03-13 11:51:39 - [MESSAGE][PASSED] - Text 'Peranan : [Pengesah] Peringkat : [BN]' is present on page 

2019-03-13 11:51:39 - [MESSAGE][PASSED] - reusablefunctions.reusablefunctions.PerananPengesahBN is PASSED

2019-03-13 11:51:39 - [TEST_STEP][PASSED] - doubleClick(findTestObject("Perolehan/003 Pengesah/Dashboard_To_Sah")): Object: 'Object Repository/Perolehan/003 Pengesah/Dashboard_To_Sah' is double clicked on

2019-03-13 11:51:40 - [MESSAGE][PASSED] - Object: 'Object Repository/Perolehan/003 Pengesah/Dashboard_To_Sah' is double clicked on

2019-03-13 11:51:40 - [TEST_STEP][PASSED] - delay(3): Delayed 3 second(s)

2019-03-13 11:51:43 - [MESSAGE][PASSED] - Delayed 3 second(s)

2019-03-13 11:51:43 - [TEST_STEP][PASSED] - setText(findTestObject("Perolehan/003 Pengesah/input_No_Rekod"), PesananTempatanRekodID): Text '19DAIK030100044' is set on object 'Object Repository/Perolehan/003 Pengesah/input_No_Rekod'

2019-03-13 11:51:43 - [MESSAGE][PASSED] - Text '19DAIK030100044' is set on object 'Object Repository/Perolehan/003 Pengesah/input_No_Rekod'

2019-03-13 11:51:43 - [TEST_STEP][PASSED] - doubleClick(findTestObject("Perolehan/003 Pengesah/Senarai_Tugas_Item_No_1", ["text":PesananTempatanRekodID])): Object: 'Object Repository/Perolehan/003 Pengesah/Senarai_Tugas_Item_No_1' is double clicked on

2019-03-13 11:51:43 - [MESSAGE][PASSED] - Object: 'Object Repository/Perolehan/003 Pengesah/Senarai_Tugas_Item_No_1' is double clicked on

2019-03-13 11:51:43 - [TEST_STEP][PASSED] - delay(3): Delayed 3 second(s)

2019-03-13 11:51:46 - [MESSAGE][PASSED] - Delayed 3 second(s)

2019-03-13 11:51:46 - [TEST_STEP][PASSED] - mydate = new java.util.Date(): null

2019-03-13 11:51:46 - [TEST_STEP][PASSED] - formattedDate = mydate.format("dd/MM/yyyy"): null

2019-03-13 11:51:46 - [TEST_STEP][PASSED] - formattedYear = mydate.format("yyyy"): null

2019-03-13 11:51:46 - [TEST_STEP][PASSED] - println(formattedDate): null

2019-03-13 11:51:46 - [TEST_STEP][PASSED] - println(formattedYear): null

2019-03-13 11:51:46 - [TEST_STEP][PASSED] - TahunKewangan = getText(findTestObject("Perolehan/003 Pengesah/Label_tahun_kewangan")): Text of object 'Object Repository/Perolehan/003 Pengesah/Label_tahun_kewangan' is: '2019'

2019-03-13 11:51:46 - [MESSAGE][PASSED] - Text of object 'Object Repository/Perolehan/003 Pengesah/Label_tahun_kewangan' is: '2019'

2019-03-13 11:51:46 - [TEST_STEP][PASSED] - verifyMatch(TahunKewangan, formattedYear, false): Actual text '2019' and expected text '2019' are matched 

2019-03-13 11:51:46 - [MESSAGE][PASSED] - Actual text '2019' and expected text '2019' are matched 

2019-03-13 11:51:46 - [TEST_STEP][PASSED] - TarikhSemasa = getText(findTestObject("Perolehan/003 Pengesah/Label_Tarikh_semasa")): Text of object 'Object Repository/Perolehan/003 Pengesah/Label_Tarikh_semasa' is: '13/03/2019'

2019-03-13 11:51:46 - [MESSAGE][PASSED] - Text of object 'Object Repository/Perolehan/003 Pengesah/Label_Tarikh_semasa' is: '13/03/2019'

2019-03-13 11:51:46 - [TEST_STEP][PASSED] - verifyMatch(TarikhSemasa, formattedDate, false): Actual text '13/03/2019' and expected text '13/03/2019' are matched 

2019-03-13 11:51:46 - [MESSAGE][PASSED] - Actual text '13/03/2019' and expected text '13/03/2019' are matched 

2019-03-13 11:51:46 - [TEST_STEP][PASSED] - delay(3): Delayed 3 second(s)

2019-03-13 11:51:49 - [MESSAGE][PASSED] - Delayed 3 second(s)

2019-03-13 11:51:49 - [TEST_STEP][PASSED] - jumlah = getText(findTestObject("Perolehan/003 Pengesah/label_Jumlah_pesanan_tempatan")): Text of object 'Object Repository/Perolehan/003 Pengesah/label_Jumlah_pesanan_tempatan' is: '11.06'

2019-03-13 11:51:49 - [MESSAGE][PASSED] - Text of object 'Object Repository/Perolehan/003 Pengesah/label_Jumlah_pesanan_tempatan' is: '11.06'

2019-03-13 11:51:49 - [TEST_STEP][PASSED] - println(jumlah): null

2019-03-13 11:51:49 - [TEST_STEP][PASSED] - verifyMatch(jumlah, TotalAmaunPT, false): Actual text '11.06' and expected text '11.06' are matched 

2019-03-13 11:51:49 - [MESSAGE][PASSED] - Actual text '11.06' and expected text '11.06' are matched 

2019-03-13 11:51:49 - [TEST_STEP][PASSED] - click(findTestObject("Perolehan/003 Pengesah/button_sah")): Object: 'Object Repository/Perolehan/003 Pengesah/button_sah' is clicked on

2019-03-13 11:51:50 - [MESSAGE][PASSED] - Object: 'Object Repository/Perolehan/003 Pengesah/button_sah' is clicked on

2019-03-13 11:51:50 - [TEST_STEP][PASSED] - delay(3): Delayed 3 second(s)

2019-03-13 11:51:53 - [MESSAGE][PASSED] - Delayed 3 second(s)

2019-03-13 11:51:53 - [TEST_STEP][PASSED] - click(findTestObject("Perolehan/003 Pengesah/Button_ya_sahkan")): Object: 'Object Repository/Perolehan/003 Pengesah/Button_ya_sahkan' is clicked on

2019-03-13 11:51:53 - [MESSAGE][PASSED] - Object: 'Object Repository/Perolehan/003 Pengesah/Button_ya_sahkan' is clicked on

2019-03-13 11:51:53 - [TEST_STEP][PASSED] - delay(5): Delayed 5 second(s)

2019-03-13 11:51:58 - [MESSAGE][PASSED] - Delayed 5 second(s)

2019-03-13 11:51:58 - [TEST_STEP][PASSED] - waitForElementClickable(findTestObject("Perolehan/003 Pengesah/button_OK_berjaya_disah"), 60): Object 'Object Repository/Perolehan/003 Pengesah/button_OK_berjaya_disah' is clickable

2019-03-13 11:51:58 - [MESSAGE][PASSED] - Object 'Object Repository/Perolehan/003 Pengesah/button_OK_berjaya_disah' is clickable

2019-03-13 11:51:58 - [TEST_STEP][PASSED] - delay(3): Delayed 3 second(s)

2019-03-13 11:52:01 - [MESSAGE][PASSED] - Delayed 3 second(s)

2019-03-13 11:52:01 - [TEST_STEP][PASSED] - click(findTestObject("Perolehan/003 Pengesah/button_OK_berjaya_disah")): Object: 'Object Repository/Perolehan/003 Pengesah/button_OK_berjaya_disah' is clicked on

2019-03-13 11:52:01 - [MESSAGE][PASSED] - Object: 'Object Repository/Perolehan/003 Pengesah/button_OK_berjaya_disah' is clicked on

2019-03-13 11:52:01 - [TEST_STEP][PASSED] - closeBrowser(): Browser is closed

2019-03-13 11:52:01 - [MESSAGE][PASSED] - Browser is closed]]></system-out>
         <system-err><![CDATA[]]></system-err>
      </testcase>
      <testcase name="Test Cases/Perolehan/004 Pelulus Pesanan Tempatan/Pelulus" classname="Test Cases/Perolehan/004 Pelulus Pesanan Tempatan/Pelulus" status="PASSED">
         <system-out><![CDATA[2019-03-13 11:52:01 - [TEST_CASE][PASSED] - Test Cases/Perolehan/004 Pelulus Pesanan Tempatan/Pelulus: Test Cases/Perolehan/004 Pelulus Pesanan Tempatan/Pelulus

2019-03-13 11:52:02 - [TEST_STEP][PASSED] - reusablefunctions.reusablefunctions.openbrowser(): reusablefunctions.reusablefunctions.openbrowser is PASSED

2019-03-13 11:52:02 - [MESSAGE][INFO] - Starting 'Chrome' driver

2019-03-13 11:52:04 - [MESSAGE][PASSED] - Browser is opened with url: 'https://175.143.52.101:7011/1SPEKSv2/'

2019-03-13 11:52:04 - [MESSAGE][PASSED] - reusablefunctions.reusablefunctions.openbrowser is PASSED

2019-03-13 11:52:04 - [TEST_STEP][PASSED] - reusablefunctions.reusablefunctions.Login(findTestData("ispekstestdata").getValue(1, 2), findTestData("ispekstestdata").getValue(2, 2)): reusablefunctions.reusablefunctions.Login is PASSED

2019-03-13 11:52:05 - [MESSAGE][PASSED] - Text '601101955194' is set on object 'Object Repository/Login/input_NoKadPengenalan'

2019-03-13 11:52:05 - [MESSAGE][PASSED] - Text ****** has been set on object 'Object Repository/Login/input_Password'

2019-03-13 11:52:12 - [MESSAGE][PASSED] - Object: 'Object Repository/Login/input_ButtonLogMasuk' is clicked on

2019-03-13 11:52:22 - [MESSAGE][PASSED] - Delayed 10 second(s)

2019-03-13 11:52:22 - [MESSAGE][PASSED] - reusablefunctions.reusablefunctions.Login is PASSED

2019-03-13 11:52:22 - [TEST_STEP][PASSED] - reusablefunctions.reusablefunctions.PerananPelulusPTJ(): reusablefunctions.reusablefunctions.PerananPelulusPTJ is PASSED

2019-03-13 11:52:22 - [MESSAGE][PASSED] - Object: 'Object Repository/Perolehan/TukarPeranan/IconTukarPeranan' is clicked on

2019-03-13 11:52:22 - [MESSAGE][PASSED] - Object: 'Object Repository/Perolehan/TukarPeranan/input_TukarPelulusPTJ' is clicked on

2019-03-13 11:52:22 - [MESSAGE][PASSED] - Object: 'Object Repository/Perolehan/TukarPeranan/button_Ya' is clicked on

2019-03-13 11:52:42 - [MESSAGE][PASSED] - Delayed 20 second(s)

2019-03-13 11:52:45 - [MESSAGE][PASSED] - Text 'Peranan : [Pelulus] Peringkat : [PTJ]' is present on page 

2019-03-13 11:52:45 - [MESSAGE][PASSED] - reusablefunctions.reusablefunctions.PerananPelulusPTJ is PASSED

2019-03-13 11:52:45 - [TEST_STEP][PASSED] - doubleClick(findTestObject("Perolehan/004 Pelulus/Dashboard_To_Lulus")): Object: 'Object Repository/Perolehan/004 Pelulus/Dashboard_To_Lulus' is double clicked on

2019-03-13 11:52:45 - [MESSAGE][PASSED] - Object: 'Object Repository/Perolehan/004 Pelulus/Dashboard_To_Lulus' is double clicked on

2019-03-13 11:52:45 - [TEST_STEP][PASSED] - delay(3): Delayed 3 second(s)

2019-03-13 11:52:48 - [MESSAGE][PASSED] - Delayed 3 second(s)

2019-03-13 11:52:48 - [TEST_STEP][PASSED] - setText(findTestObject("Perolehan/004 Pelulus/input_No_Rekod"), PesananTempatanRekodID): Text '19DAIK030100044' is set on object 'Object Repository/Perolehan/004 Pelulus/input_No_Rekod'

2019-03-13 11:52:49 - [MESSAGE][PASSED] - Text '19DAIK030100044' is set on object 'Object Repository/Perolehan/004 Pelulus/input_No_Rekod'

2019-03-13 11:52:49 - [TEST_STEP][PASSED] - doubleClick(findTestObject("Perolehan/004 Pelulus/Senarai_Tugas_Item_No_1", ["text":PesananTempatanRekodID])): Object: 'Object Repository/Perolehan/004 Pelulus/Senarai_Tugas_Item_No_1' is double clicked on

2019-03-13 11:52:49 - [MESSAGE][PASSED] - Object: 'Object Repository/Perolehan/004 Pelulus/Senarai_Tugas_Item_No_1' is double clicked on

2019-03-13 11:52:49 - [TEST_STEP][PASSED] - delay(3): Delayed 3 second(s)

2019-03-13 11:52:52 - [MESSAGE][PASSED] - Delayed 3 second(s)

2019-03-13 11:52:52 - [TEST_STEP][PASSED] - mydate = new java.util.Date(): null

2019-03-13 11:52:52 - [TEST_STEP][PASSED] - formattedDate = mydate.format("dd/MM/yyyy"): null

2019-03-13 11:52:52 - [TEST_STEP][PASSED] - formattedYear = mydate.format("yyyy"): null

2019-03-13 11:52:52 - [TEST_STEP][PASSED] - println(formattedDate): null

2019-03-13 11:52:52 - [TEST_STEP][PASSED] - println(formattedYear): null

2019-03-13 11:52:52 - [TEST_STEP][PASSED] - TahunKewangan = getText(findTestObject("Perolehan/003 Pengesah/Label_tahun_kewangan")): Text of object 'Object Repository/Perolehan/003 Pengesah/Label_tahun_kewangan' is: '2019'

2019-03-13 11:52:52 - [MESSAGE][PASSED] - Text of object 'Object Repository/Perolehan/003 Pengesah/Label_tahun_kewangan' is: '2019'

2019-03-13 11:52:52 - [TEST_STEP][PASSED] - verifyMatch(TahunKewangan, formattedYear, false): Actual text '2019' and expected text '2019' are matched 

2019-03-13 11:52:52 - [MESSAGE][PASSED] - Actual text '2019' and expected text '2019' are matched 

2019-03-13 11:52:52 - [TEST_STEP][PASSED] - TarikhSemasa = getText(findTestObject("Perolehan/003 Pengesah/Label_Tarikh_semasa")): Text of object 'Object Repository/Perolehan/003 Pengesah/Label_Tarikh_semasa' is: '13/03/2019'

2019-03-13 11:52:52 - [MESSAGE][PASSED] - Text of object 'Object Repository/Perolehan/003 Pengesah/Label_Tarikh_semasa' is: '13/03/2019'

2019-03-13 11:52:52 - [TEST_STEP][PASSED] - verifyMatch(TarikhSemasa, formattedDate, false): Actual text '13/03/2019' and expected text '13/03/2019' are matched 

2019-03-13 11:52:52 - [MESSAGE][PASSED] - Actual text '13/03/2019' and expected text '13/03/2019' are matched 

2019-03-13 11:52:52 - [TEST_STEP][PASSED] - delay(20): Delayed 20 second(s)

2019-03-13 11:53:12 - [MESSAGE][PASSED] - Delayed 20 second(s)

2019-03-13 11:53:12 - [TEST_STEP][PASSED] - jumlah = getText(findTestObject("Perolehan/003 Pengesah/label_Jumlah_pesanan_tempatan")): Text of object 'Object Repository/Perolehan/003 Pengesah/label_Jumlah_pesanan_tempatan' is: '11.06'

2019-03-13 11:53:12 - [MESSAGE][PASSED] - Text of object 'Object Repository/Perolehan/003 Pengesah/label_Jumlah_pesanan_tempatan' is: '11.06'

2019-03-13 11:53:12 - [TEST_STEP][PASSED] - delay(3): Delayed 3 second(s)

2019-03-13 11:53:15 - [MESSAGE][PASSED] - Delayed 3 second(s)

2019-03-13 11:53:15 - [TEST_STEP][PASSED] - println(jumlah): null

2019-03-13 11:53:15 - [TEST_STEP][PASSED] - verifyMatch(jumlah, TotalAmaunPT, false): Actual text '11.06' and expected text '11.06' are matched 

2019-03-13 11:53:15 - [MESSAGE][PASSED] - Actual text '11.06' and expected text '11.06' are matched 

2019-03-13 11:53:15 - [TEST_STEP][PASSED] - click(findTestObject("Perolehan/004 Pelulus/button_Lulus")): Object: 'Object Repository/Perolehan/004 Pelulus/button_Lulus' is clicked on

2019-03-13 11:53:15 - [MESSAGE][PASSED] - Object: 'Object Repository/Perolehan/004 Pelulus/button_Lulus' is clicked on

2019-03-13 11:53:15 - [TEST_STEP][PASSED] - click(findTestObject("Perolehan/004 Pelulus/button_ya_luluskan")): Object: 'Object Repository/Perolehan/004 Pelulus/button_ya_luluskan' is clicked on

2019-03-13 11:53:16 - [MESSAGE][PASSED] - Object: 'Object Repository/Perolehan/004 Pelulus/button_ya_luluskan' is clicked on

2019-03-13 11:53:16 - [TEST_STEP][PASSED] - delay(8): Delayed 8 second(s)

2019-03-13 11:53:24 - [MESSAGE][PASSED] - Delayed 8 second(s)

2019-03-13 11:53:24 - [TEST_STEP][PASSED] - waitForElementClickable(findTestObject("Perolehan/004 Pelulus/button_OK_Berjaya_lulus"), 180): Object 'Object Repository/Perolehan/004 Pelulus/button_OK_Berjaya_lulus' is clickable

2019-03-13 11:53:24 - [MESSAGE][PASSED] - Object 'Object Repository/Perolehan/004 Pelulus/button_OK_Berjaya_lulus' is clickable

2019-03-13 11:53:24 - [TEST_STEP][PASSED] - RekodBerjayaLulus = getText(findTestObject("Perolehan/004 Pelulus/RekodBerjayaLulus")): Text of object 'Object Repository/Perolehan/004 Pelulus/RekodBerjayaLulus' is: 'Rekod Telah Berjaya Diluluskan. [ NO DOKUMEN :19DAIK0300031 ]
Ok'

2019-03-13 11:53:24 - [MESSAGE][PASSED] - Text of object 'Object Repository/Perolehan/004 Pelulus/RekodBerjayaLulus' is: 'Rekod Telah Berjaya Diluluskan. [ NO DOKUMEN :19DAIK0300031 ]
Ok'

2019-03-13 11:53:24 - [TEST_STEP][PASSED] - println(RekodBerjayaLulus): null

2019-03-13 11:53:24 - [TEST_STEP][PASSED] - PTDokumenID = RekodBerjayaLulus[(46..58)]: null

2019-03-13 11:53:24 - [TEST_STEP][PASSED] - println(PTDokumenID): null

2019-03-13 11:53:24 - [TEST_STEP][PASSED] - PesananTempatanDokumenID = PTDokumenID: null

2019-03-13 11:53:24 - [TEST_STEP][PASSED] - delay(3): Delayed 3 second(s)

2019-03-13 11:53:27 - [MESSAGE][PASSED] - Delayed 3 second(s)

2019-03-13 11:53:27 - [TEST_STEP][PASSED] - click(findTestObject("Perolehan/004 Pelulus/button_OK_Berjaya_lulus")): Object: 'Object Repository/Perolehan/004 Pelulus/button_OK_Berjaya_lulus' is clicked on

2019-03-13 11:53:27 - [MESSAGE][PASSED] - Object: 'Object Repository/Perolehan/004 Pelulus/button_OK_Berjaya_lulus' is clicked on

2019-03-13 11:53:27 - [TEST_STEP][PASSED] - closeBrowser(): Browser is closed

2019-03-13 11:53:27 - [MESSAGE][PASSED] - Browser is closed]]></system-out>
         <system-err><![CDATA[]]></system-err>
      </testcase>
      <testcase name="Test Cases/Perolehan/005 Terimaan Barang Perkhidmatan/003 Proses Kemasukan Inden Kerja - EFT" classname="Test Cases/Perolehan/005 Terimaan Barang Perkhidmatan/003 Proses Kemasukan Inden Kerja - EFT" status="PASSED">
         <system-out><![CDATA[2019-03-13 11:53:27 - [TEST_CASE][PASSED] - Test Cases/Perolehan/005 Terimaan Barang Perkhidmatan/003 Proses Kemasukan Inden Kerja - EFT: Test Cases/Perolehan/005 Terimaan Barang Perkhidmatan/003 Proses Kemasukan Inden Kerja - EFT

2019-03-13 11:53:28 - [TEST_STEP][PASSED] - reusablefunctions.reusablefunctions.openbrowser(): reusablefunctions.reusablefunctions.openbrowser is PASSED

2019-03-13 11:53:28 - [MESSAGE][INFO] - Starting 'Chrome' driver

2019-03-13 11:53:31 - [MESSAGE][PASSED] - Browser is opened with url: 'https://175.143.52.101:7011/1SPEKSv2/'

2019-03-13 11:53:31 - [MESSAGE][PASSED] - reusablefunctions.reusablefunctions.openbrowser is PASSED

2019-03-13 11:53:31 - [TEST_STEP][PASSED] - reusablefunctions.reusablefunctions.Login(findTestData("ispekstestdata").getValue(1, 2), findTestData("ispekstestdata").getValue(2, 2)): reusablefunctions.reusablefunctions.Login is PASSED

2019-03-13 11:53:31 - [MESSAGE][PASSED] - Text '601101955194' is set on object 'Object Repository/Login/input_NoKadPengenalan'

2019-03-13 11:53:31 - [MESSAGE][PASSED] - Text ****** has been set on object 'Object Repository/Login/input_Password'

2019-03-13 11:53:36 - [MESSAGE][PASSED] - Object: 'Object Repository/Login/input_ButtonLogMasuk' is clicked on

2019-03-13 11:53:46 - [MESSAGE][PASSED] - Delayed 10 second(s)

2019-03-13 11:53:46 - [MESSAGE][PASSED] - reusablefunctions.reusablefunctions.Login is PASSED

2019-03-13 11:53:46 - [TEST_STEP][PASSED] - reusablefunctions.reusablefunctions.PerananPenyediaPTJ(): reusablefunctions.reusablefunctions.PerananPenyediaPTJ is PASSED

2019-03-13 11:53:47 - [MESSAGE][PASSED] - Object: 'Object Repository/Perolehan/TukarPeranan/IconTukarPeranan' is clicked on

2019-03-13 11:53:47 - [MESSAGE][PASSED] - Object: 'Object Repository/Perolehan/TukarPeranan/input_TukarPenyediaPTJ' is clicked on

2019-03-13 11:53:47 - [MESSAGE][PASSED] - Object: 'Object Repository/Perolehan/TukarPeranan/button_Ya' is clicked on

2019-03-13 11:54:07 - [MESSAGE][PASSED] - Delayed 20 second(s)

2019-03-13 11:54:09 - [MESSAGE][PASSED] - Text 'Peranan : [Penyedia] Peringkat : [PTJ]' is present on page 

2019-03-13 11:54:09 - [MESSAGE][PASSED] - reusablefunctions.reusablefunctions.PerananPenyediaPTJ is PASSED

2019-03-13 11:54:09 - [TEST_STEP][PASSED] - click(findTestObject("Perolehan/001 Left_Menu_Selection/a_ExpandMenuonLeft")): Object: 'Object Repository/Perolehan/001 Left_Menu_Selection/a_ExpandMenuonLeft' is clicked on

2019-03-13 11:54:10 - [MESSAGE][PASSED] - Object: 'Object Repository/Perolehan/001 Left_Menu_Selection/a_ExpandMenuonLeft' is clicked on

2019-03-13 11:54:10 - [TEST_STEP][PASSED] - delay(3, STOP_ON_FAILURE): Delayed 3 second(s)

2019-03-13 11:54:13 - [MESSAGE][PASSED] - Delayed 3 second(s)

2019-03-13 11:54:13 - [TEST_STEP][PASSED] - click(findTestObject("Perolehan/001 Left_Menu_Selection/div_ClickonPerolehan")): Object: 'Object Repository/Perolehan/001 Left_Menu_Selection/div_ClickonPerolehan' is clicked on

2019-03-13 11:54:13 - [MESSAGE][PASSED] - Object: 'Object Repository/Perolehan/001 Left_Menu_Selection/div_ClickonPerolehan' is clicked on

2019-03-13 11:54:13 - [TEST_STEP][PASSED] - delay(3, STOP_ON_FAILURE): Delayed 3 second(s)

2019-03-13 11:54:16 - [MESSAGE][PASSED] - Delayed 3 second(s)

2019-03-13 11:54:16 - [TEST_STEP][PASSED] - click(findTestObject("Perolehan/001 Left_Menu_Selection/div_Kemasukan_Terimaan_Barang")): Object: 'Object Repository/Perolehan/001 Left_Menu_Selection/div_Kemasukan_Terimaan_Barang' is clicked on

2019-03-13 11:54:16 - [MESSAGE][PASSED] - Object: 'Object Repository/Perolehan/001 Left_Menu_Selection/div_Kemasukan_Terimaan_Barang' is clicked on

2019-03-13 11:54:16 - [TEST_STEP][PASSED] - assert true: null

2019-03-13 11:54:16 - [TEST_STEP][PASSED] - delay(3): Delayed 3 second(s)

2019-03-13 11:54:19 - [MESSAGE][PASSED] - Delayed 3 second(s)

2019-03-13 11:54:19 - [TEST_STEP][PASSED] - click(findTestObject("Perolehan/005 Kemasukan Terimaan/button_REKOD BARU")): Object: 'Object Repository/Perolehan/005 Kemasukan Terimaan/button_REKOD BARU' is clicked on

2019-03-13 11:54:19 - [MESSAGE][PASSED] - Object: 'Object Repository/Perolehan/005 Kemasukan Terimaan/button_REKOD BARU' is clicked on

2019-03-13 11:54:19 - [TEST_STEP][PASSED] - delay(3): Delayed 3 second(s)

2019-03-13 11:54:22 - [MESSAGE][PASSED] - Delayed 3 second(s)

2019-03-13 11:54:22 - [TEST_STEP][PASSED] - click(findTestObject("Perolehan/005 Kemasukan Terimaan/Drop_down_No_Dokumen")): Object: 'Object Repository/Perolehan/005 Kemasukan Terimaan/Drop_down_No_Dokumen' is clicked on

2019-03-13 11:54:22 - [MESSAGE][PASSED] - Object: 'Object Repository/Perolehan/005 Kemasukan Terimaan/Drop_down_No_Dokumen' is clicked on

2019-03-13 11:54:22 - [TEST_STEP][PASSED] - delay(3): Delayed 3 second(s)

2019-03-13 11:54:25 - [MESSAGE][PASSED] - Delayed 3 second(s)

2019-03-13 11:54:25 - [TEST_STEP][PASSED] - setText(findTestObject("Perolehan/005 Kemasukan Terimaan/input_No_Dokumen_value"), PesananTempatanDokumenID): Text '19DAIK0300031' is set on object 'Object Repository/Perolehan/005 Kemasukan Terimaan/input_No_Dokumen_value'

2019-03-13 11:54:25 - [MESSAGE][PASSED] - Text '19DAIK0300031' is set on object 'Object Repository/Perolehan/005 Kemasukan Terimaan/input_No_Dokumen_value'

2019-03-13 11:54:25 - [TEST_STEP][PASSED] - delay(5): Delayed 5 second(s)

2019-03-13 11:54:30 - [MESSAGE][PASSED] - Delayed 5 second(s)

2019-03-13 11:54:30 - [TEST_STEP][PASSED] - click(findTestObject("Perolehan/005 Kemasukan Terimaan/select_No_Dokumen")): Object: 'Object Repository/Perolehan/005 Kemasukan Terimaan/select_No_Dokumen' is clicked on

2019-03-13 11:54:30 - [MESSAGE][PASSED] - Object: 'Object Repository/Perolehan/005 Kemasukan Terimaan/select_No_Dokumen' is clicked on

2019-03-13 11:54:30 - [TEST_STEP][PASSED] - delay(3): Delayed 3 second(s)

2019-03-13 11:54:33 - [MESSAGE][PASSED] - Delayed 3 second(s)

2019-03-13 11:54:33 - [TEST_STEP][PASSED] - click(findTestObject("Perolehan/005 Kemasukan Terimaan/button_Cari")): Object: 'Object Repository/Perolehan/005 Kemasukan Terimaan/button_Cari' is clicked on

2019-03-13 11:54:34 - [MESSAGE][PASSED] - Object: 'Object Repository/Perolehan/005 Kemasukan Terimaan/button_Cari' is clicked on

2019-03-13 11:54:34 - [TEST_STEP][PASSED] - delay(3): Delayed 3 second(s)

2019-03-13 11:54:37 - [MESSAGE][PASSED] - Delayed 3 second(s)

2019-03-13 11:54:37 - [TEST_STEP][PASSED] - click(findTestObject("Perolehan/005 Kemasukan Terimaan/OK_Rekod_Wujud")): Object: 'Object Repository/Perolehan/005 Kemasukan Terimaan/OK_Rekod_Wujud' is clicked on

2019-03-13 11:54:37 - [MESSAGE][PASSED] - Object: 'Object Repository/Perolehan/005 Kemasukan Terimaan/OK_Rekod_Wujud' is clicked on

2019-03-13 11:54:37 - [TEST_STEP][PASSED] - delay(3): Delayed 3 second(s)

2019-03-13 11:54:40 - [MESSAGE][PASSED] - Delayed 3 second(s)

2019-03-13 11:54:40 - [TEST_STEP][PASSED] - click(findTestObject("Perolehan/005 Kemasukan Terimaan/001 Kemasukan Inden Kerja/Drop_down_Jenis_Terimaan")): Object: 'Object Repository/Perolehan/005 Kemasukan Terimaan/001 Kemasukan Inden Kerja/Drop_down_Jenis_Terimaan' is clicked on

2019-03-13 11:54:40 - [MESSAGE][PASSED] - Object: 'Object Repository/Perolehan/005 Kemasukan Terimaan/001 Kemasukan Inden Kerja/Drop_down_Jenis_Terimaan' is clicked on

2019-03-13 11:54:40 - [TEST_STEP][PASSED] - click(findTestObject("Perolehan/005 Kemasukan Terimaan/001 Kemasukan Inden Kerja/select_TERIMAAN INDEN KERJA PENUH")): Object: 'Object Repository/Perolehan/005 Kemasukan Terimaan/001 Kemasukan Inden Kerja/select_TERIMAAN INDEN KERJA PENUH' is clicked on

2019-03-13 11:54:40 - [MESSAGE][PASSED] - Object: 'Object Repository/Perolehan/005 Kemasukan Terimaan/001 Kemasukan Inden Kerja/select_TERIMAAN INDEN KERJA PENUH' is clicked on

2019-03-13 11:54:40 - [TEST_STEP][PASSED] - setText(findTestObject("Perolehan/005 Kemasukan Terimaan/001 Kemasukan Inden Kerja/input_No_Rujukan"), "123456789012345"): Text '123456789012345' is set on object 'Object Repository/Perolehan/005 Kemasukan Terimaan/001 Kemasukan Inden Kerja/input_No_Rujukan'

2019-03-13 11:54:40 - [MESSAGE][PASSED] - Text '123456789012345' is set on object 'Object Repository/Perolehan/005 Kemasukan Terimaan/001 Kemasukan Inden Kerja/input_No_Rujukan'

2019-03-13 11:54:40 - [TEST_STEP][PASSED] - click(findTestObject("Perolehan/005 Kemasukan Terimaan/001 Kemasukan Inden Kerja/Date_Picker_Tarikh_No_Rujukan")): Object: 'Object Repository/Perolehan/005 Kemasukan Terimaan/001 Kemasukan Inden Kerja/Date_Picker_Tarikh_No_Rujukan' is clicked on

2019-03-13 11:54:40 - [MESSAGE][PASSED] - Object: 'Object Repository/Perolehan/005 Kemasukan Terimaan/001 Kemasukan Inden Kerja/Date_Picker_Tarikh_No_Rujukan' is clicked on

2019-03-13 11:54:40 - [TEST_STEP][PASSED] - click(findTestObject("Perolehan/005 Kemasukan Terimaan/001 Kemasukan Inden Kerja/Date_Picker_TR_Today")): Object: 'Object Repository/Perolehan/005 Kemasukan Terimaan/001 Kemasukan Inden Kerja/Date_Picker_TR_Today' is clicked on

2019-03-13 11:54:40 - [MESSAGE][PASSED] - Object: 'Object Repository/Perolehan/005 Kemasukan Terimaan/001 Kemasukan Inden Kerja/Date_Picker_TR_Today' is clicked on

2019-03-13 11:54:40 - [TEST_STEP][PASSED] - delay(3): Delayed 3 second(s)

2019-03-13 11:54:43 - [MESSAGE][PASSED] - Delayed 3 second(s)

2019-03-13 11:54:43 - [TEST_STEP][PASSED] - click(findTestObject("Perolehan/005 Kemasukan Terimaan/001 Kemasukan Inden Kerja/Date_Picker_Tarikh_Siap")): Object: 'Object Repository/Perolehan/005 Kemasukan Terimaan/001 Kemasukan Inden Kerja/Date_Picker_Tarikh_Siap' is clicked on

2019-03-13 11:54:43 - [MESSAGE][PASSED] - Object: 'Object Repository/Perolehan/005 Kemasukan Terimaan/001 Kemasukan Inden Kerja/Date_Picker_Tarikh_Siap' is clicked on

2019-03-13 11:54:43 - [TEST_STEP][PASSED] - click(findTestObject("Perolehan/005 Kemasukan Terimaan/001 Kemasukan Inden Kerja/Date_Picker_TS_Today")): Object: 'Object Repository/Perolehan/005 Kemasukan Terimaan/001 Kemasukan Inden Kerja/Date_Picker_TS_Today' is clicked on

2019-03-13 11:54:43 - [MESSAGE][PASSED] - Object: 'Object Repository/Perolehan/005 Kemasukan Terimaan/001 Kemasukan Inden Kerja/Date_Picker_TS_Today' is clicked on

2019-03-13 11:54:43 - [TEST_STEP][PASSED] - delay(3): Delayed 3 second(s)

2019-03-13 11:54:46 - [MESSAGE][PASSED] - Delayed 3 second(s)

2019-03-13 11:54:46 - [TEST_STEP][PASSED] - setText(findTestObject("Perolehan/005 Kemasukan Terimaan/001 Kemasukan Inden Kerja/input_Catatan"), "Test Catatan 000"): Text 'Test Catatan 000' is set on object 'Object Repository/Perolehan/005 Kemasukan Terimaan/001 Kemasukan Inden Kerja/input_Catatan'

2019-03-13 11:54:46 - [MESSAGE][PASSED] - Text 'Test Catatan 000' is set on object 'Object Repository/Perolehan/005 Kemasukan Terimaan/001 Kemasukan Inden Kerja/input_Catatan'

2019-03-13 11:54:46 - [TEST_STEP][PASSED] - click(findTestObject("Perolehan/005 Kemasukan Terimaan/001 Kemasukan Inden Kerja/button_Simpan")): Object: 'Object Repository/Perolehan/005 Kemasukan Terimaan/001 Kemasukan Inden Kerja/button_Simpan' is clicked on

2019-03-13 11:54:46 - [MESSAGE][PASSED] - Object: 'Object Repository/Perolehan/005 Kemasukan Terimaan/001 Kemasukan Inden Kerja/button_Simpan' is clicked on

2019-03-13 11:54:46 - [TEST_STEP][PASSED] - delay(3): Delayed 3 second(s)

2019-03-13 11:54:49 - [MESSAGE][PASSED] - Delayed 3 second(s)

2019-03-13 11:54:49 - [TEST_STEP][PASSED] - waitForElementClickable(findTestObject("Perolehan/005 Kemasukan Terimaan/001 Kemasukan Inden Kerja/button_OK_rekod_berjaya_disimpan"), 60): Object 'Object Repository/Perolehan/005 Kemasukan Terimaan/001 Kemasukan Inden Kerja/button_OK_rekod_berjaya_disimpan' is clickable

2019-03-13 11:54:50 - [MESSAGE][PASSED] - Object 'Object Repository/Perolehan/005 Kemasukan Terimaan/001 Kemasukan Inden Kerja/button_OK_rekod_berjaya_disimpan' is clickable

2019-03-13 11:54:50 - [TEST_STEP][PASSED] - click(findTestObject("Perolehan/005 Kemasukan Terimaan/001 Kemasukan Inden Kerja/button_OK_rekod_berjaya_disimpan")): Object: 'Object Repository/Perolehan/005 Kemasukan Terimaan/001 Kemasukan Inden Kerja/button_OK_rekod_berjaya_disimpan' is clicked on

2019-03-13 11:54:50 - [MESSAGE][PASSED] - Object: 'Object Repository/Perolehan/005 Kemasukan Terimaan/001 Kemasukan Inden Kerja/button_OK_rekod_berjaya_disimpan' is clicked on

2019-03-13 11:54:50 - [TEST_STEP][PASSED] - click(findTestObject("Perolehan/005 Kemasukan Terimaan/001 Kemasukan Inden Kerja/button_Sah_Simpan")): Object: 'Object Repository/Perolehan/005 Kemasukan Terimaan/001 Kemasukan Inden Kerja/button_Sah_Simpan' is clicked on

2019-03-13 11:54:50 - [MESSAGE][PASSED] - Object: 'Object Repository/Perolehan/005 Kemasukan Terimaan/001 Kemasukan Inden Kerja/button_Sah_Simpan' is clicked on

2019-03-13 11:54:50 - [TEST_STEP][PASSED] - click(findTestObject("Perolehan/005 Kemasukan Terimaan/001 Kemasukan Inden Kerja/button_Ya_Sah_Simpan")): Object: 'Object Repository/Perolehan/005 Kemasukan Terimaan/001 Kemasukan Inden Kerja/button_Ya_Sah_Simpan' is clicked on

2019-03-13 11:54:50 - [MESSAGE][PASSED] - Object: 'Object Repository/Perolehan/005 Kemasukan Terimaan/001 Kemasukan Inden Kerja/button_Ya_Sah_Simpan' is clicked on

2019-03-13 11:54:50 - [TEST_STEP][PASSED] - delay(3): Delayed 3 second(s)

2019-03-13 11:54:53 - [MESSAGE][PASSED] - Delayed 3 second(s)

2019-03-13 11:54:53 - [TEST_STEP][PASSED] - takeScreenshot(): Taking screenshot successfully

2019-03-13 11:54:53 - [MESSAGE][PASSED] - Taking screenshot successfully
[[ATTACHMENT|C:\\Users\\Consultant_MSPHitect\\Katalon Studio\\TrainingonKatalon\\Reports\\Perolehan\\03 Inden Kerja Cara Bayaran EFT Dengan Pemfaktoran\\20190313_114917\\1552449293244.png]]

2019-03-13 11:54:53 - [TEST_STEP][PASSED] - click(findTestObject("Perolehan/005 Kemasukan Terimaan/001 Kemasukan Inden Kerja/button_OK_close_rekod_berjaya")): Object: 'Object Repository/Perolehan/005 Kemasukan Terimaan/001 Kemasukan Inden Kerja/button_OK_close_rekod_berjaya' is clicked on

2019-03-13 11:54:53 - [MESSAGE][PASSED] - Object: 'Object Repository/Perolehan/005 Kemasukan Terimaan/001 Kemasukan Inden Kerja/button_OK_close_rekod_berjaya' is clicked on

2019-03-13 11:54:53 - [TEST_STEP][PASSED] - closeBrowser(): Browser is closed

2019-03-13 11:54:54 - [MESSAGE][PASSED] - Browser is closed]]></system-out>
         <system-err><![CDATA[]]></system-err>
      </testcase>
      <testcase name="Test Cases/Perolehan/006 Arahan Bayaran/003 Arahan Bayaran Inden Kerja - EFT" classname="Test Cases/Perolehan/006 Arahan Bayaran/003 Arahan Bayaran Inden Kerja - EFT" status="FAILED">
         <failure type="FAILED" message="Test Cases/Perolehan/006 Arahan Bayaran/003 Arahan Bayaran Inden Kerja - EFT FAILED.
Reason:
com.kms.katalon.core.exception.StepFailedException: Unable to click on object 'Object Repository/Perolehan/006 Arahan Bayaran/001 Inden Kerja - EFT/button_tambah_maklumat_penerima'
	at com.kms.katalon.core.keyword.internal.KeywordMain.stepFailed(KeywordMain.groovy:48)
	at com.kms.katalon.core.webui.keyword.internal.WebUIKeywordMain.stepFailed(WebUIKeywordMain.groovy:65)
	at com.kms.katalon.core.webui.keyword.internal.WebUIKeywordMain.runKeyword(WebUIKeywordMain.groovy:27)
	at com.kms.katalon.core.webui.keyword.builtin.ClickKeyword.click(ClickKeyword.groovy:86)
	at com.kms.katalon.core.webui.keyword.builtin.ClickKeyword.execute(ClickKeyword.groovy:67)
	at com.kms.katalon.core.keyword.internal.KeywordExecutor.executeKeywordForPlatform(KeywordExecutor.groovy:56)
	at com.kms.katalon.core.webui.keyword.WebUiBuiltInKeywords.click(WebUiBuiltInKeywords.groovy:616)
	at com.kms.katalon.core.webui.keyword.WebUiBuiltInKeywords$click$2.call(Unknown Source)
	at 003 Arahan Bayaran Inden Kerja - EFT.run(003 Arahan Bayaran Inden Kerja - EFT:131)
	at com.kms.katalon.core.main.ScriptEngine.run(ScriptEngine.java:194)
	at com.kms.katalon.core.main.ScriptEngine.runScriptAsRawText(ScriptEngine.java:119)
	at com.kms.katalon.core.main.TestCaseExecutor.runScript(TestCaseExecutor.java:331)
	at com.kms.katalon.core.main.TestCaseExecutor.doExecute(TestCaseExecutor.java:322)
	at com.kms.katalon.core.main.TestCaseExecutor.processExecutionPhase(TestCaseExecutor.java:301)
	at com.kms.katalon.core.main.TestCaseExecutor.accessMainPhase(TestCaseExecutor.java:293)
	at com.kms.katalon.core.main.TestCaseExecutor.execute(TestCaseExecutor.java:227)
	at com.kms.katalon.core.main.TestSuiteExecutor.accessTestCaseMainPhase(TestSuiteExecutor.java:129)
	at com.kms.katalon.core.main.TestSuiteExecutor.accessTestSuiteMainPhase(TestSuiteExecutor.java:112)
	at com.kms.katalon.core.main.TestSuiteExecutor.execute(TestSuiteExecutor.java:81)
	at com.kms.katalon.core.main.TestCaseMain.startTestSuite(TestCaseMain.java:157)
	at com.kms.katalon.core.main.TestCaseMain$startTestSuite$0.call(Unknown Source)
	at TempTestSuite1552448957811.run(TempTestSuite1552448957811.groovy:35)
"/>
         <system-out><![CDATA[2019-03-13 11:54:54 - [TEST_CASE][FAILED] - Test Cases/Perolehan/006 Arahan Bayaran/003 Arahan Bayaran Inden Kerja - EFT: Test Cases/Perolehan/006 Arahan Bayaran/003 Arahan Bayaran Inden Kerja - EFT FAILED.
Reason:
com.kms.katalon.core.exception.StepFailedException: Unable to click on object 'Object Repository/Perolehan/006 Arahan Bayaran/001 Inden Kerja - EFT/button_tambah_maklumat_penerima'
	at com.kms.katalon.core.keyword.internal.KeywordMain.stepFailed(KeywordMain.groovy:48)
	at com.kms.katalon.core.webui.keyword.internal.WebUIKeywordMain.stepFailed(WebUIKeywordMain.groovy:65)
	at com.kms.katalon.core.webui.keyword.internal.WebUIKeywordMain.runKeyword(WebUIKeywordMain.groovy:27)
	at com.kms.katalon.core.webui.keyword.builtin.ClickKeyword.click(ClickKeyword.groovy:86)
	at com.kms.katalon.core.webui.keyword.builtin.ClickKeyword.execute(ClickKeyword.groovy:67)
	at com.kms.katalon.core.keyword.internal.KeywordExecutor.executeKeywordForPlatform(KeywordExecutor.groovy:56)
	at com.kms.katalon.core.webui.keyword.WebUiBuiltInKeywords.click(WebUiBuiltInKeywords.groovy:616)
	at com.kms.katalon.core.webui.keyword.WebUiBuiltInKeywords$click$2.call(Unknown Source)
	at 003 Arahan Bayaran Inden Kerja - EFT.run(003 Arahan Bayaran Inden Kerja - EFT:131)
	at com.kms.katalon.core.main.ScriptEngine.run(ScriptEngine.java:194)
	at com.kms.katalon.core.main.ScriptEngine.runScriptAsRawText(ScriptEngine.java:119)
	at com.kms.katalon.core.main.TestCaseExecutor.runScript(TestCaseExecutor.java:331)
	at com.kms.katalon.core.main.TestCaseExecutor.doExecute(TestCaseExecutor.java:322)
	at com.kms.katalon.core.main.TestCaseExecutor.processExecutionPhase(TestCaseExecutor.java:301)
	at com.kms.katalon.core.main.TestCaseExecutor.accessMainPhase(TestCaseExecutor.java:293)
	at com.kms.katalon.core.main.TestCaseExecutor.execute(TestCaseExecutor.java:227)
	at com.kms.katalon.core.main.TestSuiteExecutor.accessTestCaseMainPhase(TestSuiteExecutor.java:129)
	at com.kms.katalon.core.main.TestSuiteExecutor.accessTestSuiteMainPhase(TestSuiteExecutor.java:112)
	at com.kms.katalon.core.main.TestSuiteExecutor.execute(TestSuiteExecutor.java:81)
	at com.kms.katalon.core.main.TestCaseMain.startTestSuite(TestCaseMain.java:157)
	at com.kms.katalon.core.main.TestCaseMain$startTestSuite$0.call(Unknown Source)
	at TempTestSuite1552448957811.run(TempTestSuite1552448957811.groovy:35)


2019-03-13 11:54:54 - [TEST_STEP][PASSED] - reusablefunctions.reusablefunctions.openbrowser(): reusablefunctions.reusablefunctions.openbrowser is PASSED

2019-03-13 11:54:54 - [MESSAGE][INFO] - Starting 'Chrome' driver

2019-03-13 11:54:57 - [MESSAGE][PASSED] - Browser is opened with url: 'https://175.143.52.101:7011/1SPEKSv2/'

2019-03-13 11:54:57 - [MESSAGE][PASSED] - reusablefunctions.reusablefunctions.openbrowser is PASSED

2019-03-13 11:54:57 - [TEST_STEP][PASSED] - reusablefunctions.reusablefunctions.Login(findTestData("ispekstestdata").getValue(1, 2), findTestData("ispekstestdata").getValue(2, 2)): reusablefunctions.reusablefunctions.Login is PASSED

2019-03-13 11:54:57 - [MESSAGE][PASSED] - Text '601101955194' is set on object 'Object Repository/Login/input_NoKadPengenalan'

2019-03-13 11:54:57 - [MESSAGE][PASSED] - Text ****** has been set on object 'Object Repository/Login/input_Password'

2019-03-13 11:54:58 - [MESSAGE][PASSED] - Object: 'Object Repository/Login/input_ButtonLogMasuk' is clicked on

2019-03-13 11:55:08 - [MESSAGE][PASSED] - Delayed 10 second(s)

2019-03-13 11:55:08 - [MESSAGE][PASSED] - reusablefunctions.reusablefunctions.Login is PASSED

2019-03-13 11:55:08 - [TEST_STEP][PASSED] - delay(3): Delayed 3 second(s)

2019-03-13 11:55:11 - [MESSAGE][PASSED] - Delayed 3 second(s)

2019-03-13 11:55:11 - [TEST_STEP][PASSED] - reusablefunctions.reusablefunctions.PerananPenyediaPTJ(): reusablefunctions.reusablefunctions.PerananPenyediaPTJ is PASSED

2019-03-13 11:55:11 - [MESSAGE][PASSED] - Object: 'Object Repository/Perolehan/TukarPeranan/IconTukarPeranan' is clicked on

2019-03-13 11:55:12 - [MESSAGE][PASSED] - Object: 'Object Repository/Perolehan/TukarPeranan/input_TukarPenyediaPTJ' is clicked on

2019-03-13 11:55:12 - [MESSAGE][PASSED] - Object: 'Object Repository/Perolehan/TukarPeranan/button_Ya' is clicked on

2019-03-13 11:55:32 - [MESSAGE][PASSED] - Delayed 20 second(s)

2019-03-13 11:55:34 - [MESSAGE][PASSED] - Text 'Peranan : [Penyedia] Peringkat : [PTJ]' is present on page 

2019-03-13 11:55:34 - [MESSAGE][PASSED] - reusablefunctions.reusablefunctions.PerananPenyediaPTJ is PASSED

2019-03-13 11:55:34 - [TEST_STEP][PASSED] - click(findTestObject("Perolehan/001 Left_Menu_Selection/a_ExpandMenuonLeft")): Object: 'Object Repository/Perolehan/001 Left_Menu_Selection/a_ExpandMenuonLeft' is clicked on

2019-03-13 11:55:35 - [MESSAGE][PASSED] - Object: 'Object Repository/Perolehan/001 Left_Menu_Selection/a_ExpandMenuonLeft' is clicked on

2019-03-13 11:55:35 - [TEST_STEP][PASSED] - delay(3, STOP_ON_FAILURE): Delayed 3 second(s)

2019-03-13 11:55:38 - [MESSAGE][PASSED] - Delayed 3 second(s)

2019-03-13 11:55:38 - [TEST_STEP][PASSED] - click(findTestObject("Perolehan/001 Left_Menu_Selection/div_PanelTitlePerolehan")): Object: 'Object Repository/Perolehan/001 Left_Menu_Selection/div_PanelTitlePerolehan' is clicked on

2019-03-13 11:55:38 - [MESSAGE][PASSED] - Object: 'Object Repository/Perolehan/001 Left_Menu_Selection/div_PanelTitlePerolehan' is clicked on

2019-03-13 11:55:38 - [TEST_STEP][PASSED] - delay(3, STOP_ON_FAILURE): Delayed 3 second(s)

2019-03-13 11:55:41 - [MESSAGE][PASSED] - Delayed 3 second(s)

2019-03-13 11:55:41 - [TEST_STEP][PASSED] - click(findTestObject("Perolehan/001 Left_Menu_Selection/div_Menu_ArahanBayaran")): Object: 'Object Repository/Perolehan/001 Left_Menu_Selection/div_Menu_ArahanBayaran' is clicked on

2019-03-13 11:55:41 - [MESSAGE][PASSED] - Object: 'Object Repository/Perolehan/001 Left_Menu_Selection/div_Menu_ArahanBayaran' is clicked on

2019-03-13 11:55:41 - [TEST_STEP][PASSED] - assert true: null

2019-03-13 11:55:41 - [TEST_STEP][PASSED] - delay(3): Delayed 3 second(s)

2019-03-13 11:55:44 - [MESSAGE][PASSED] - Delayed 3 second(s)

2019-03-13 11:55:44 - [TEST_STEP][PASSED] - click(findTestObject("Perolehan/006 Arahan Bayaran/button_REKOD_BARU")): Object: 'Object Repository/Perolehan/006 Arahan Bayaran/button_REKOD_BARU' is clicked on

2019-03-13 11:55:44 - [MESSAGE][PASSED] - Object: 'Object Repository/Perolehan/006 Arahan Bayaran/button_REKOD_BARU' is clicked on

2019-03-13 11:55:44 - [TEST_STEP][PASSED] - delay(3): Delayed 3 second(s)

2019-03-13 11:55:47 - [MESSAGE][PASSED] - Delayed 3 second(s)

2019-03-13 11:55:47 - [TEST_STEP][PASSED] - click(findTestObject("Perolehan/006 Arahan Bayaran/001 Inden Kerja - EFT/Drop_Down_Jenis_Baucar_Bayaran"), STOP_ON_FAILURE): Object: 'Object Repository/Perolehan/006 Arahan Bayaran/001 Inden Kerja - EFT/Drop_Down_Jenis_Baucar_Bayaran' is clicked on

2019-03-13 11:55:47 - [MESSAGE][PASSED] - Object: 'Object Repository/Perolehan/006 Arahan Bayaran/001 Inden Kerja - EFT/Drop_Down_Jenis_Baucar_Bayaran' is clicked on

2019-03-13 11:55:47 - [TEST_STEP][PASSED] - delay(3): Delayed 3 second(s)

2019-03-13 11:55:50 - [MESSAGE][PASSED] - Delayed 3 second(s)

2019-03-13 11:55:50 - [TEST_STEP][PASSED] - click(findTestObject("Perolehan/006 Arahan Bayaran/001 Inden Kerja - EFT/select_AB0303_Inden_Kerja")): Object: 'Object Repository/Perolehan/006 Arahan Bayaran/001 Inden Kerja - EFT/select_AB0303_Inden_Kerja' is clicked on

2019-03-13 11:55:50 - [MESSAGE][PASSED] - Object: 'Object Repository/Perolehan/006 Arahan Bayaran/001 Inden Kerja - EFT/select_AB0303_Inden_Kerja' is clicked on

2019-03-13 11:55:50 - [TEST_STEP][PASSED] - delay(3): Delayed 3 second(s)

2019-03-13 11:55:53 - [MESSAGE][PASSED] - Delayed 3 second(s)

2019-03-13 11:55:53 - [TEST_STEP][PASSED] - click(findTestObject("Perolehan/006 Arahan Bayaran/001 Inden Kerja - EFT/Drop_Down_Nama_Pembekal")): Object: 'Object Repository/Perolehan/006 Arahan Bayaran/001 Inden Kerja - EFT/Drop_Down_Nama_Pembekal' is clicked on

2019-03-13 11:55:53 - [MESSAGE][PASSED] - Object: 'Object Repository/Perolehan/006 Arahan Bayaran/001 Inden Kerja - EFT/Drop_Down_Nama_Pembekal' is clicked on

2019-03-13 11:55:53 - [TEST_STEP][PASSED] - delay(3): Delayed 3 second(s)

2019-03-13 11:55:56 - [MESSAGE][PASSED] - Delayed 3 second(s)

2019-03-13 11:55:56 - [TEST_STEP][PASSED] - click(findTestObject("Perolehan/006 Arahan Bayaran/001 Inden Kerja - EFT/select_G0804CM29379")): Object: 'Object Repository/Perolehan/006 Arahan Bayaran/001 Inden Kerja - EFT/select_G0804CM29379' is clicked on

2019-03-13 11:55:56 - [MESSAGE][PASSED] - Object: 'Object Repository/Perolehan/006 Arahan Bayaran/001 Inden Kerja - EFT/select_G0804CM29379' is clicked on

2019-03-13 11:55:56 - [TEST_STEP][PASSED] - delay(10): Delayed 10 second(s)

2019-03-13 11:56:06 - [MESSAGE][PASSED] - Delayed 10 second(s)

2019-03-13 11:56:06 - [TEST_STEP][PASSED] - click(findTestObject("Perolehan/006 Arahan Bayaran/001 Inden Kerja - EFT/Drop_Down_Jenis_Pemfaktoran")): Object: 'Object Repository/Perolehan/006 Arahan Bayaran/001 Inden Kerja - EFT/Drop_Down_Jenis_Pemfaktoran' is clicked on

2019-03-13 11:56:07 - [MESSAGE][PASSED] - Object: 'Object Repository/Perolehan/006 Arahan Bayaran/001 Inden Kerja - EFT/Drop_Down_Jenis_Pemfaktoran' is clicked on

2019-03-13 11:56:07 - [TEST_STEP][PASSED] - click(findTestObject("Perolehan/006 Arahan Bayaran/001 Inden Kerja - EFT/Dengan_Pemfaktoran_Ya")): Object: 'Object Repository/Perolehan/006 Arahan Bayaran/001 Inden Kerja - EFT/Dengan_Pemfaktoran_Ya' is clicked on

2019-03-13 11:56:07 - [MESSAGE][PASSED] - Object: 'Object Repository/Perolehan/006 Arahan Bayaran/001 Inden Kerja - EFT/Dengan_Pemfaktoran_Ya' is clicked on

2019-03-13 11:56:07 - [TEST_STEP][PASSED] - mydate = new java.util.Date(): null

2019-03-13 11:56:07 - [TEST_STEP][PASSED] - setText(findTestObject("Perolehan/006 Arahan Bayaran/001 Inden Kerja - EFT/input_Perihal"), "This is a test for Arahan Bayaran Julia " + mydate): Text 'This is a test for Arahan Bayaran Julia Wed Mar 13 11:56:07 SGT 2019' is set on object 'Object Repository/Perolehan/006 Arahan Bayaran/001 Inden Kerja - EFT/input_Perihal'

2019-03-13 11:56:07 - [MESSAGE][PASSED] - Text 'This is a test for Arahan Bayaran Julia Wed Mar 13 11:56:07 SGT 2019' is set on object 'Object Repository/Perolehan/006 Arahan Bayaran/001 Inden Kerja - EFT/input_Perihal'

2019-03-13 11:56:07 - [TEST_STEP][PASSED] - delay(3): Delayed 3 second(s)

2019-03-13 11:56:10 - [MESSAGE][PASSED] - Delayed 3 second(s)

2019-03-13 11:56:10 - [TEST_STEP][PASSED] - doubleClick(findTestObject("Perolehan/006 Arahan Bayaran/001 Inden Kerja - EFT/List_maklumat_terimaan_barang")): Object: 'Object Repository/Perolehan/006 Arahan Bayaran/001 Inden Kerja - EFT/List_maklumat_terimaan_barang' is double clicked on

2019-03-13 11:56:10 - [MESSAGE][PASSED] - Object: 'Object Repository/Perolehan/006 Arahan Bayaran/001 Inden Kerja - EFT/List_maklumat_terimaan_barang' is double clicked on

2019-03-13 11:56:10 - [TEST_STEP][PASSED] - delay(3): Delayed 3 second(s)

2019-03-13 11:56:13 - [MESSAGE][PASSED] - Delayed 3 second(s)

2019-03-13 11:56:13 - [TEST_STEP][PASSED] - click(findTestObject("Perolehan/006 Arahan Bayaran/001 Inden Kerja - EFT/Date_Picker_TI")): Object: 'Object Repository/Perolehan/006 Arahan Bayaran/001 Inden Kerja - EFT/Date_Picker_TI' is clicked on

2019-03-13 11:56:13 - [MESSAGE][PASSED] - Object: 'Object Repository/Perolehan/006 Arahan Bayaran/001 Inden Kerja - EFT/Date_Picker_TI' is clicked on

2019-03-13 11:56:13 - [TEST_STEP][PASSED] - click(findTestObject("Perolehan/006 Arahan Bayaran/001 Inden Kerja - EFT/Date_picker_TI_Today")): Object: 'Object Repository/Perolehan/006 Arahan Bayaran/001 Inden Kerja - EFT/Date_picker_TI_Today' is clicked on

2019-03-13 11:56:14 - [MESSAGE][PASSED] - Object: 'Object Repository/Perolehan/006 Arahan Bayaran/001 Inden Kerja - EFT/Date_picker_TI_Today' is clicked on

2019-03-13 11:56:14 - [TEST_STEP][PASSED] - click(findTestObject("Perolehan/006 Arahan Bayaran/001 Inden Kerja - EFT/Date_Picker_TTK"), STOP_ON_FAILURE): Object: 'Object Repository/Perolehan/006 Arahan Bayaran/001 Inden Kerja - EFT/Date_Picker_TTK' is clicked on

2019-03-13 11:56:14 - [MESSAGE][PASSED] - Object: 'Object Repository/Perolehan/006 Arahan Bayaran/001 Inden Kerja - EFT/Date_Picker_TTK' is clicked on

2019-03-13 11:56:14 - [TEST_STEP][PASSED] - click(findTestObject("Perolehan/006 Arahan Bayaran/001 Inden Kerja - EFT/Date_Picker_TTK_Today"), STOP_ON_FAILURE): Object: 'Object Repository/Perolehan/006 Arahan Bayaran/001 Inden Kerja - EFT/Date_Picker_TTK_Today' is clicked on

2019-03-13 11:56:14 - [MESSAGE][PASSED] - Object: 'Object Repository/Perolehan/006 Arahan Bayaran/001 Inden Kerja - EFT/Date_Picker_TTK_Today' is clicked on

2019-03-13 11:56:14 - [TEST_STEP][PASSED] - RN = Math.random() * 10000: null

2019-03-13 11:56:14 - [TEST_STEP][PASSED] - println(RN): null

2019-03-13 11:56:14 - [TEST_STEP][PASSED] - setText(findTestObject("Perolehan/006 Arahan Bayaran/001 Inden Kerja - EFT/input_No_Invois"), "INV0" + RN): Text 'INV08349' is set on object 'Object Repository/Perolehan/006 Arahan Bayaran/001 Inden Kerja - EFT/input_No_Invois'

2019-03-13 11:56:14 - [MESSAGE][PASSED] - Text 'INV08349' is set on object 'Object Repository/Perolehan/006 Arahan Bayaran/001 Inden Kerja - EFT/input_No_Invois'

2019-03-13 11:56:14 - [TEST_STEP][PASSED] - delay(5): Delayed 5 second(s)

2019-03-13 11:56:19 - [MESSAGE][PASSED] - Delayed 5 second(s)

2019-03-13 11:56:19 - [TEST_STEP][PASSED] - setText(findTestObject("Perolehan/006 Arahan Bayaran/001 Inden Kerja - EFT/input_Amaun_Invois"), TotalAmaunPT): Text '11.06' is set on object 'Object Repository/Perolehan/006 Arahan Bayaran/001 Inden Kerja - EFT/input_Amaun_Invois'

2019-03-13 11:56:19 - [MESSAGE][PASSED] - Text '11.06' is set on object 'Object Repository/Perolehan/006 Arahan Bayaran/001 Inden Kerja - EFT/input_Amaun_Invois'

2019-03-13 11:56:19 - [TEST_STEP][PASSED] - delay(2): Delayed 2 second(s)

2019-03-13 11:56:21 - [MESSAGE][PASSED] - Delayed 2 second(s)

2019-03-13 11:56:21 - [TEST_STEP][PASSED] - click(findTestObject("Perolehan/006 Arahan Bayaran/001 Inden Kerja - EFT/button_save_maklumat_terimaan_barang")): Object: 'Object Repository/Perolehan/006 Arahan Bayaran/001 Inden Kerja - EFT/button_save_maklumat_terimaan_barang' is clicked on

2019-03-13 11:56:21 - [MESSAGE][PASSED] - Object: 'Object Repository/Perolehan/006 Arahan Bayaran/001 Inden Kerja - EFT/button_save_maklumat_terimaan_barang' is clicked on

2019-03-13 11:56:21 - [TEST_STEP][PASSED] - delay(3): Delayed 3 second(s)

2019-03-13 11:56:24 - [MESSAGE][PASSED] - Delayed 3 second(s)

2019-03-13 11:56:24 - [TEST_STEP][FAILED] - click(findTestObject("Perolehan/006 Arahan Bayaran/001 Inden Kerja - EFT/button_tambah_maklumat_penerima")): click(findTestObject("Perolehan/006 Arahan Bayaran/001 Inden Kerja - EFT/button_tambah_maklumat_penerima")) FAILED.
Reason:
com.kms.katalon.core.exception.StepFailedException: Unable to click on object 'Object Repository/Perolehan/006 Arahan Bayaran/001 Inden Kerja - EFT/button_tambah_maklumat_penerima'
	at com.kms.katalon.core.keyword.internal.KeywordMain.stepFailed(KeywordMain.groovy:48)
	at com.kms.katalon.core.webui.keyword.internal.WebUIKeywordMain.stepFailed(WebUIKeywordMain.groovy:65)
	at com.kms.katalon.core.webui.keyword.internal.WebUIKeywordMain.runKeyword(WebUIKeywordMain.groovy:27)
	at com.kms.katalon.core.webui.keyword.builtin.ClickKeyword.click(ClickKeyword.groovy:86)
	at com.kms.katalon.core.webui.keyword.builtin.ClickKeyword.execute(ClickKeyword.groovy:67)
	at com.kms.katalon.core.keyword.internal.KeywordExecutor.executeKeywordForPlatform(KeywordExecutor.groovy:56)
	at com.kms.katalon.core.webui.keyword.WebUiBuiltInKeywords.click(WebUiBuiltInKeywords.groovy:616)
	at com.kms.katalon.core.webui.keyword.WebUiBuiltInKeywords$click$2.call(Unknown Source)
	at 003 Arahan Bayaran Inden Kerja - EFT.run(003 Arahan Bayaran Inden Kerja - EFT:131)
	at com.kms.katalon.core.main.ScriptEngine.run(ScriptEngine.java:194)
	at com.kms.katalon.core.main.ScriptEngine.runScriptAsRawText(ScriptEngine.java:119)
	at com.kms.katalon.core.main.TestCaseExecutor.runScript(TestCaseExecutor.java:331)
	at com.kms.katalon.core.main.TestCaseExecutor.doExecute(TestCaseExecutor.java:322)
	at com.kms.katalon.core.main.TestCaseExecutor.processExecutionPhase(TestCaseExecutor.java:301)
	at com.kms.katalon.core.main.TestCaseExecutor.accessMainPhase(TestCaseExecutor.java:293)
	at com.kms.katalon.core.main.TestCaseExecutor.execute(TestCaseExecutor.java:227)
	at com.kms.katalon.core.main.TestSuiteExecutor.accessTestCaseMainPhase(TestSuiteExecutor.java:129)
	at com.kms.katalon.core.main.TestSuiteExecutor.accessTestSuiteMainPhase(TestSuiteExecutor.java:112)
	at com.kms.katalon.core.main.TestSuiteExecutor.execute(TestSuiteExecutor.java:81)
	at com.kms.katalon.core.main.TestCaseMain.startTestSuite(TestCaseMain.java:157)
	at com.kms.katalon.core.main.TestCaseMain$startTestSuite$0.call(Unknown Source)
	at TempTestSuite1552448957811.run(TempTestSuite1552448957811.groovy:35)


2019-03-13 11:56:24 - [MESSAGE][FAILED] - Unable to click on object 'Object Repository/Perolehan/006 Arahan Bayaran/001 Inden Kerja - EFT/button_tambah_maklumat_penerima'
[[ATTACHMENT|C:\\Users\\Consultant_MSPHitect\\Katalon Studio\\TrainingonKatalon\\Reports\\Perolehan\\03 Inden Kerja Cara Bayaran EFT Dengan Pemfaktoran\\20190313_114917\\1552449384640.png]]

2019-03-13 11:56:24 - [MESSAGE][FAILED] - click(findTestObject("Perolehan/006 Arahan Bayaran/001 Inden Kerja - EFT/button_tambah_maklumat_penerima")) FAILED.
Reason:
com.kms.katalon.core.exception.StepFailedException: Unable to click on object 'Object Repository/Perolehan/006 Arahan Bayaran/001 Inden Kerja - EFT/button_tambah_maklumat_penerima'
	at com.kms.katalon.core.keyword.internal.KeywordMain.stepFailed(KeywordMain.groovy:48)
	at com.kms.katalon.core.webui.keyword.internal.WebUIKeywordMain.stepFailed(WebUIKeywordMain.groovy:65)
	at com.kms.katalon.core.webui.keyword.internal.WebUIKeywordMain.runKeyword(WebUIKeywordMain.groovy:27)
	at com.kms.katalon.core.webui.keyword.builtin.ClickKeyword.click(ClickKeyword.groovy:86)
	at com.kms.katalon.core.webui.keyword.builtin.ClickKeyword.execute(ClickKeyword.groovy:67)
	at com.kms.katalon.core.keyword.internal.KeywordExecutor.executeKeywordForPlatform(KeywordExecutor.groovy:56)
	at com.kms.katalon.core.webui.keyword.WebUiBuiltInKeywords.click(WebUiBuiltInKeywords.groovy:616)
	at com.kms.katalon.core.webui.keyword.WebUiBuiltInKeywords$click$2.call(Unknown Source)
	at 003 Arahan Bayaran Inden Kerja - EFT.run(003 Arahan Bayaran Inden Kerja - EFT:131)
	at com.kms.katalon.core.main.ScriptEngine.run(ScriptEngine.java:194)
	at com.kms.katalon.core.main.ScriptEngine.runScriptAsRawText(ScriptEngine.java:119)
	at com.kms.katalon.core.main.TestCaseExecutor.runScript(TestCaseExecutor.java:331)
	at com.kms.katalon.core.main.TestCaseExecutor.doExecute(TestCaseExecutor.java:322)
	at com.kms.katalon.core.main.TestCaseExecutor.processExecutionPhase(TestCaseExecutor.java:301)
	at com.kms.katalon.core.main.TestCaseExecutor.accessMainPhase(TestCaseExecutor.java:293)
	at com.kms.katalon.core.main.TestCaseExecutor.execute(TestCaseExecutor.java:227)
	at com.kms.katalon.core.main.TestSuiteExecutor.accessTestCaseMainPhase(TestSuiteExecutor.java:129)
	at com.kms.katalon.core.main.TestSuiteExecutor.accessTestSuiteMainPhase(TestSuiteExecutor.java:112)
	at com.kms.katalon.core.main.TestSuiteExecutor.execute(TestSuiteExecutor.java:81)
	at com.kms.katalon.core.main.TestCaseMain.startTestSuite(TestCaseMain.java:157)
	at com.kms.katalon.core.main.TestCaseMain$startTestSuite$0.call(Unknown Source)
	at TempTestSuite1552448957811.run(TempTestSuite1552448957811.groovy:35)]]></system-out>
         <system-err><![CDATA[2019-03-13 11:54:54 - [TEST_CASE][FAILED] - Test Cases/Perolehan/006 Arahan Bayaran/003 Arahan Bayaran Inden Kerja - EFT: Test Cases/Perolehan/006 Arahan Bayaran/003 Arahan Bayaran Inden Kerja - EFT FAILED.
Reason:
com.kms.katalon.core.exception.StepFailedException: Unable to click on object 'Object Repository/Perolehan/006 Arahan Bayaran/001 Inden Kerja - EFT/button_tambah_maklumat_penerima'
	at com.kms.katalon.core.keyword.internal.KeywordMain.stepFailed(KeywordMain.groovy:48)
	at com.kms.katalon.core.webui.keyword.internal.WebUIKeywordMain.stepFailed(WebUIKeywordMain.groovy:65)
	at com.kms.katalon.core.webui.keyword.internal.WebUIKeywordMain.runKeyword(WebUIKeywordMain.groovy:27)
	at com.kms.katalon.core.webui.keyword.builtin.ClickKeyword.click(ClickKeyword.groovy:86)
	at com.kms.katalon.core.webui.keyword.builtin.ClickKeyword.execute(ClickKeyword.groovy:67)
	at com.kms.katalon.core.keyword.internal.KeywordExecutor.executeKeywordForPlatform(KeywordExecutor.groovy:56)
	at com.kms.katalon.core.webui.keyword.WebUiBuiltInKeywords.click(WebUiBuiltInKeywords.groovy:616)
	at com.kms.katalon.core.webui.keyword.WebUiBuiltInKeywords$click$2.call(Unknown Source)
	at 003 Arahan Bayaran Inden Kerja - EFT.run(003 Arahan Bayaran Inden Kerja - EFT:131)
	at com.kms.katalon.core.main.ScriptEngine.run(ScriptEngine.java:194)
	at com.kms.katalon.core.main.ScriptEngine.runScriptAsRawText(ScriptEngine.java:119)
	at com.kms.katalon.core.main.TestCaseExecutor.runScript(TestCaseExecutor.java:331)
	at com.kms.katalon.core.main.TestCaseExecutor.doExecute(TestCaseExecutor.java:322)
	at com.kms.katalon.core.main.TestCaseExecutor.processExecutionPhase(TestCaseExecutor.java:301)
	at com.kms.katalon.core.main.TestCaseExecutor.accessMainPhase(TestCaseExecutor.java:293)
	at com.kms.katalon.core.main.TestCaseExecutor.execute(TestCaseExecutor.java:227)
	at com.kms.katalon.core.main.TestSuiteExecutor.accessTestCaseMainPhase(TestSuiteExecutor.java:129)
	at com.kms.katalon.core.main.TestSuiteExecutor.accessTestSuiteMainPhase(TestSuiteExecutor.java:112)
	at com.kms.katalon.core.main.TestSuiteExecutor.execute(TestSuiteExecutor.java:81)
	at com.kms.katalon.core.main.TestCaseMain.startTestSuite(TestCaseMain.java:157)
	at com.kms.katalon.core.main.TestCaseMain$startTestSuite$0.call(Unknown Source)
	at TempTestSuite1552448957811.run(TempTestSuite1552448957811.groovy:35)]]></system-err>
      </testcase>
      <system-out><![CDATA[2019-03-13 11:49:25 - [TEST_SUITE][FAILED] - 03 Inden Kerja Cara Bayaran EFT Dengan Pemfaktoran: Test Cases/Perolehan/006 Arahan Bayaran/003 Arahan Bayaran Inden Kerja - EFT FAILED.
Reason:
com.kms.katalon.core.exception.StepFailedException: Unable to click on object 'Object Repository/Perolehan/006 Arahan Bayaran/001 Inden Kerja - EFT/button_tambah_maklumat_penerima'
	at com.kms.katalon.core.keyword.internal.KeywordMain.stepFailed(KeywordMain.groovy:48)
	at com.kms.katalon.core.webui.keyword.internal.WebUIKeywordMain.stepFailed(WebUIKeywordMain.groovy:65)
	at com.kms.katalon.core.webui.keyword.internal.WebUIKeywordMain.runKeyword(WebUIKeywordMain.groovy:27)
	at com.kms.katalon.core.webui.keyword.builtin.ClickKeyword.click(ClickKeyword.groovy:86)
	at com.kms.katalon.core.webui.keyword.builtin.ClickKeyword.execute(ClickKeyword.groovy:67)
	at com.kms.katalon.core.keyword.internal.KeywordExecutor.executeKeywordForPlatform(KeywordExecutor.groovy:56)
	at com.kms.katalon.core.webui.keyword.WebUiBuiltInKeywords.click(WebUiBuiltInKeywords.groovy:616)
	at com.kms.katalon.core.webui.keyword.WebUiBuiltInKeywords$click$2.call(Unknown Source)
	at 003 Arahan Bayaran Inden Kerja - EFT.run(003 Arahan Bayaran Inden Kerja - EFT:131)
	at com.kms.katalon.core.main.ScriptEngine.run(ScriptEngine.java:194)
	at com.kms.katalon.core.main.ScriptEngine.runScriptAsRawText(ScriptEngine.java:119)
	at com.kms.katalon.core.main.TestCaseExecutor.runScript(TestCaseExecutor.java:331)
	at com.kms.katalon.core.main.TestCaseExecutor.doExecute(TestCaseExecutor.java:322)
	at com.kms.katalon.core.main.TestCaseExecutor.processExecutionPhase(TestCaseExecutor.java:301)
	at com.kms.katalon.core.main.TestCaseExecutor.accessMainPhase(TestCaseExecutor.java:293)
	at com.kms.katalon.core.main.TestCaseExecutor.execute(TestCaseExecutor.java:227)
	at com.kms.katalon.core.main.TestSuiteExecutor.accessTestCaseMainPhase(TestSuiteExecutor.java:129)
	at com.kms.katalon.core.main.TestSuiteExecutor.accessTestSuiteMainPhase(TestSuiteExecutor.java:112)
	at com.kms.katalon.core.main.TestSuiteExecutor.execute(TestSuiteExecutor.java:81)
	at com.kms.katalon.core.main.TestCaseMain.startTestSuite(TestCaseMain.java:157)
	at com.kms.katalon.core.main.TestCaseMain$startTestSuite$0.call(Unknown Source)
	at TempTestSuite1552448957811.run(TempTestSuite1552448957811.groovy:35)]]></system-out>
      <system-err><![CDATA[2019-03-13 11:49:25 - [TEST_SUITE][FAILED] - 03 Inden Kerja Cara Bayaran EFT Dengan Pemfaktoran: Test Cases/Perolehan/006 Arahan Bayaran/003 Arahan Bayaran Inden Kerja - EFT FAILED.
Reason:
com.kms.katalon.core.exception.StepFailedException: Unable to click on object 'Object Repository/Perolehan/006 Arahan Bayaran/001 Inden Kerja - EFT/button_tambah_maklumat_penerima'
	at com.kms.katalon.core.keyword.internal.KeywordMain.stepFailed(KeywordMain.groovy:48)
	at com.kms.katalon.core.webui.keyword.internal.WebUIKeywordMain.stepFailed(WebUIKeywordMain.groovy:65)
	at com.kms.katalon.core.webui.keyword.internal.WebUIKeywordMain.runKeyword(WebUIKeywordMain.groovy:27)
	at com.kms.katalon.core.webui.keyword.builtin.ClickKeyword.click(ClickKeyword.groovy:86)
	at com.kms.katalon.core.webui.keyword.builtin.ClickKeyword.execute(ClickKeyword.groovy:67)
	at com.kms.katalon.core.keyword.internal.KeywordExecutor.executeKeywordForPlatform(KeywordExecutor.groovy:56)
	at com.kms.katalon.core.webui.keyword.WebUiBuiltInKeywords.click(WebUiBuiltInKeywords.groovy:616)
	at com.kms.katalon.core.webui.keyword.WebUiBuiltInKeywords$click$2.call(Unknown Source)
	at 003 Arahan Bayaran Inden Kerja - EFT.run(003 Arahan Bayaran Inden Kerja - EFT:131)
	at com.kms.katalon.core.main.ScriptEngine.run(ScriptEngine.java:194)
	at com.kms.katalon.core.main.ScriptEngine.runScriptAsRawText(ScriptEngine.java:119)
	at com.kms.katalon.core.main.TestCaseExecutor.runScript(TestCaseExecutor.java:331)
	at com.kms.katalon.core.main.TestCaseExecutor.doExecute(TestCaseExecutor.java:322)
	at com.kms.katalon.core.main.TestCaseExecutor.processExecutionPhase(TestCaseExecutor.java:301)
	at com.kms.katalon.core.main.TestCaseExecutor.accessMainPhase(TestCaseExecutor.java:293)
	at com.kms.katalon.core.main.TestCaseExecutor.execute(TestCaseExecutor.java:227)
	at com.kms.katalon.core.main.TestSuiteExecutor.accessTestCaseMainPhase(TestSuiteExecutor.java:129)
	at com.kms.katalon.core.main.TestSuiteExecutor.accessTestSuiteMainPhase(TestSuiteExecutor.java:112)
	at com.kms.katalon.core.main.TestSuiteExecutor.execute(TestSuiteExecutor.java:81)
	at com.kms.katalon.core.main.TestCaseMain.startTestSuite(TestCaseMain.java:157)
	at com.kms.katalon.core.main.TestCaseMain$startTestSuite$0.call(Unknown Source)
	at TempTestSuite1552448957811.run(TempTestSuite1552448957811.groovy:35)]]></system-err>
   </testsuite>
</testsuites>
