<?xml version="1.0" encoding="UTF-8"?>
<testsuites name="Regression Test" time="337" tests="1" failures="0" errors="0">
   <testsuite name="Regression Test" tests="1" failures="0" errors="0" time="337" timestamp="2019-02-12 10:15:27" hostname="Consultant_MSPHitect - DESKTOP-V9TS2EM" id="Test Suites/Terimaan/Regression Test">
      <properties>
         <property name="deviceName" value=""/>
         <property name="devicePlatform" value=""/>
         <property name="logFolder" value="C:\\Users\\Consultant_MSPHitect\\Katalon Studio\\TrainingonKatalon\\Reports\\Terimaan\\Regression Test\\20190212_100951"/>
         <property name="logFiles" value="C:\\Users\\Consultant_MSPHitect\\Katalon Studio\\TrainingonKatalon\\Reports\\Terimaan\\Regression Test\\20190212_100951\\execution0.log"/>
         <property name="attachments" value="C:\\Users\\Consultant_MSPHitect\\Katalon Studio\\TrainingonKatalon\\Reports\\Terimaan\\Regression Test\\20190212_100951\\1549938055578.png"/>
         <property name="hostName" value="Consultant_MSPHitect - DESKTOP-V9TS2EM"/>
         <property name="os" value="Windows 10 64bit"/>
         <property name="katalonVersion" value="5.10.1.1"/>
         <property name="browser" value="Chrome 71.0.3578.98"/>
         <property name="hostAddress" value="192.168.180.121"/>
         <property name="sessionId" value="42d3e837e25cb0379e1049482ca02fa9"/>
         <property name="seleniumVersion" value="3.7.1"/>
         <property name="proxyInformation" value="ProxyInformation{proxyOption=NO_PROXY, proxyServerType=HTTP, password=, proxyServerAddress=, proxyServerPort=0}"/>
         <property name="platform" value="Windows 10"/>
      </properties>
      <testcase name="Test Cases/Terimaan/Terimaan Pelbagai" classname="Test Cases/Terimaan/Terimaan Pelbagai" status="PASSED">
         <system-out><![CDATA[2019-02-12 10:15:27 - [TEST_CASE][PASSED] - Test Cases/Terimaan/Terimaan Pelbagai: Test Cases/Terimaan/Terimaan Pelbagai

2019-02-12 10:15:28 - [TEST_STEP][PASSED] - openBrowser(""): Browser is opened with url: ''

2019-02-12 10:15:28 - [MESSAGE][INFO] - Starting 'Chrome' driver

2019-02-12 10:15:28 - [MESSAGE][INFO] - Action delay is set to 1 seconds

2019-02-12 10:15:33 - [MESSAGE][PASSED] - Browser is opened with url: ''

2019-02-12 10:15:33 - [TEST_STEP][PASSED] - navigateToUrl("https://175.143.52.101:7011/1SPEKSv2/"): Navigate to 'https://175.143.52.101:7011/1SPEKSv2/' successfully

2019-02-12 10:15:35 - [MESSAGE][PASSED] - Navigate to 'https://175.143.52.101:7011/1SPEKSv2/' successfully

2019-02-12 10:15:35 - [TEST_STEP][PASSED] - setText(findTestObject("Object Repository/RecordandPlay/input_LOG Masuk_textbox-text v"), "790214108888"): Text '790214108888' is set on object 'Object Repository/RecordandPlay/input_LOG Masuk_textbox-text v'

2019-02-12 10:15:40 - [MESSAGE][PASSED] - Text '790214108888' is set on object 'Object Repository/RecordandPlay/input_LOG Masuk_textbox-text v'

2019-02-12 10:15:40 - [TEST_STEP][PASSED] - setEncryptedText(findTestObject("RecordandPlay/input_LOG Masuk_textbox-text v_1"), "8SQVv/p9jVScEs4/2CZsLw=="): Text ****** has been set on object 'Object Repository/RecordandPlay/input_LOG Masuk_textbox-text v_1'

2019-02-12 10:15:43 - [MESSAGE][PASSED] - Text ****** has been set on object 'Object Repository/RecordandPlay/input_LOG Masuk_textbox-text v_1'

2019-02-12 10:15:43 - [TEST_STEP][PASSED] - click(findTestObject("Object Repository/RecordandPlay/input_LOG Masuk_button large b")): Object: 'Object Repository/RecordandPlay/input_LOG Masuk_button large b' is clicked on

2019-02-12 10:15:46 - [MESSAGE][PASSED] - Object: 'Object Repository/RecordandPlay/input_LOG Masuk_button large b' is clicked on

2019-02-12 10:15:46 - [TEST_STEP][PASSED] - delay(15): Delayed 15 second(s)

2019-02-12 10:16:01 - [MESSAGE][PASSED] - Delayed 15 second(s)

2019-02-12 10:16:01 - [TEST_STEP][PASSED] - click(findTestObject("Object Repository/RecordandPlay/a_Housekeeping_layout-button-r")): Object: 'Object Repository/RecordandPlay/a_Housekeeping_layout-button-r' is clicked on

2019-02-12 10:16:03 - [MESSAGE][PASSED] - Object: 'Object Repository/RecordandPlay/a_Housekeeping_layout-button-r' is clicked on

2019-02-12 10:16:03 - [TEST_STEP][PASSED] - delay(5): Delayed 5 second(s)

2019-02-12 10:16:08 - [MESSAGE][PASSED] - Delayed 5 second(s)

2019-02-12 10:16:08 - [TEST_STEP][PASSED] - click(findTestObject("Object Repository/RecordandPlay/div_Akaun Belum Terima")): Object: 'Object Repository/RecordandPlay/div_Akaun Belum Terima' is clicked on

2019-02-12 10:16:11 - [MESSAGE][PASSED] - Object: 'Object Repository/RecordandPlay/div_Akaun Belum Terima' is clicked on

2019-02-12 10:16:11 - [TEST_STEP][PASSED] - delay(5): Delayed 5 second(s)

2019-02-12 10:16:16 - [MESSAGE][PASSED] - Delayed 5 second(s)

2019-02-12 10:16:16 - [TEST_STEP][PASSED] - click(findTestObject("Object Repository/RecordandPlay/a_Tanpa Bil")): Object: 'Object Repository/RecordandPlay/a_Tanpa Bil' is clicked on

2019-02-12 10:16:18 - [MESSAGE][PASSED] - Object: 'Object Repository/RecordandPlay/a_Tanpa Bil' is clicked on

2019-02-12 10:16:18 - [TEST_STEP][PASSED] - delay(10): Delayed 10 second(s)

2019-02-12 10:16:28 - [MESSAGE][PASSED] - Delayed 10 second(s)

2019-02-12 10:16:28 - [TEST_STEP][PASSED] - ispeks.random.perananPenyediaPTJ(): ispeks.random.perananPenyediaPTJ is PASSED

2019-02-12 10:16:30 - [MESSAGE][PASSED] - Object: 'Object Repository/RecordandPlay/img_TukarPeranan' is clicked on

2019-02-12 10:16:32 - [MESSAGE][PASSED] - Object: 'Object Repository/RecordandPlay/input_Penyedia_PTJ' is clicked on

2019-02-12 10:16:34 - [MESSAGE][PASSED] - Object: 'Object Repository/RecordandPlay/a_YaTukarPeranan' is clicked on

2019-02-12 10:17:04 - [MESSAGE][PASSED] - Delayed 30 second(s)

2019-02-12 10:17:09 - [MESSAGE][PASSED] - Text 'Peranan : [Penyedia] Peringkat : [PTJ]' is present on page 

2019-02-12 10:17:09 - [MESSAGE][PASSED] - ispeks.random.perananPenyediaPTJ is PASSED

2019-02-12 10:17:09 - [TEST_STEP][PASSED] - delay(5): Delayed 5 second(s)

2019-02-12 10:17:14 - [MESSAGE][PASSED] - Delayed 5 second(s)

2019-02-12 10:17:14 - [TEST_STEP][PASSED] - verifyTextPresent("JABATAN KERJA RAYA [021000]", false): Text 'JABATAN KERJA RAYA [021000]' is present on page 

2019-02-12 10:17:18 - [MESSAGE][PASSED] - Text 'JABATAN KERJA RAYA [021000]' is present on page 

2019-02-12 10:17:18 - [TEST_STEP][PASSED] - click(findTestObject("Object Repository/RecordandPlay/div_Peranan  Penyedia Peringka")): Object: 'Object Repository/RecordandPlay/div_Peranan  Penyedia Peringka' is clicked on

2019-02-12 10:17:20 - [MESSAGE][PASSED] - Object: 'Object Repository/RecordandPlay/div_Peranan  Penyedia Peringka' is clicked on

2019-02-12 10:17:20 - [TEST_STEP][PASSED] - verifyTextPresent("Peranan : [Penyedia] Peringkat : [PTJ]", false): Text 'Peranan : [Penyedia] Peringkat : [PTJ]' is present on page 

2019-02-12 10:17:24 - [MESSAGE][PASSED] - Text 'Peranan : [Penyedia] Peringkat : [PTJ]' is present on page 

2019-02-12 10:17:24 - [TEST_STEP][PASSED] - click(findTestObject("Object Repository/RecordandPlay/a_Housekeeping_layout-button-r")): Object: 'Object Repository/RecordandPlay/a_Housekeeping_layout-button-r' is clicked on

2019-02-12 10:17:27 - [MESSAGE][PASSED] - Object: 'Object Repository/RecordandPlay/a_Housekeeping_layout-button-r' is clicked on

2019-02-12 10:17:27 - [TEST_STEP][PASSED] - delay(5): Delayed 5 second(s)

2019-02-12 10:17:32 - [MESSAGE][PASSED] - Delayed 5 second(s)

2019-02-12 10:17:32 - [TEST_STEP][PASSED] - click(findTestObject("Object Repository/RecordandPlay/div_Akaun Belum Terima")): Object: 'Object Repository/RecordandPlay/div_Akaun Belum Terima' is clicked on

2019-02-12 10:17:34 - [MESSAGE][PASSED] - Object: 'Object Repository/RecordandPlay/div_Akaun Belum Terima' is clicked on

2019-02-12 10:17:34 - [TEST_STEP][PASSED] - delay(5): Delayed 5 second(s)

2019-02-12 10:17:39 - [MESSAGE][PASSED] - Delayed 5 second(s)

2019-02-12 10:17:39 - [TEST_STEP][PASSED] - click(findTestObject("Object Repository/RecordandPlay/a_Tanpa Bil")): Object: 'Object Repository/RecordandPlay/a_Tanpa Bil' is clicked on

2019-02-12 10:17:41 - [MESSAGE][PASSED] - Object: 'Object Repository/RecordandPlay/a_Tanpa Bil' is clicked on

2019-02-12 10:17:41 - [TEST_STEP][PASSED] - delay(20): Delayed 20 second(s)

2019-02-12 10:18:01 - [MESSAGE][PASSED] - Delayed 20 second(s)

2019-02-12 10:18:01 - [TEST_STEP][PASSED] - click(findTestObject("Object Repository/RecordandPlay/span_REKOD BARU")): Object: 'Object Repository/RecordandPlay/span_REKOD BARU' is clicked on

2019-02-12 10:18:03 - [MESSAGE][PASSED] - Object: 'Object Repository/RecordandPlay/span_REKOD BARU' is clicked on

2019-02-12 10:18:03 - [TEST_STEP][PASSED] - delay(20): Delayed 20 second(s)

2019-02-12 10:18:23 - [MESSAGE][PASSED] - Delayed 20 second(s)

2019-02-12 10:18:23 - [TEST_STEP][PASSED] - click(findTestObject("Object Repository/RecordandPlay/a_OkSimpan")): Object: 'Object Repository/RecordandPlay/a_OkSimpan' is clicked on

2019-02-12 10:18:26 - [MESSAGE][PASSED] - Object: 'Object Repository/RecordandPlay/a_OkSimpan' is clicked on

2019-02-12 10:18:26 - [TEST_STEP][PASSED] - click(findTestObject("Object Repository/RecordandPlay/a__dropdownJenisterimaan")): Object: 'Object Repository/RecordandPlay/a__dropdownJenisterimaan' is clicked on

2019-02-12 10:18:28 - [MESSAGE][PASSED] - Object: 'Object Repository/RecordandPlay/a__dropdownJenisterimaan' is clicked on

2019-02-12 10:18:28 - [TEST_STEP][PASSED] - click(findTestObject("Object Repository/RecordandPlay/div_TERIMAAN BAYARAN PELBAGAI")): Object: 'Object Repository/RecordandPlay/div_TERIMAAN BAYARAN PELBAGAI' is clicked on

2019-02-12 10:18:30 - [MESSAGE][PASSED] - Object: 'Object Repository/RecordandPlay/div_TERIMAAN BAYARAN PELBAGAI' is clicked on

2019-02-12 10:18:30 - [TEST_STEP][PASSED] - RN = Math.random() * 10000: null

2019-02-12 10:18:30 - [TEST_STEP][PASSED] - setText(findTestObject("RecordandPlay/input__nodaftarsyarikat"), "123123999"): Text '123123999' is set on object 'Object Repository/RecordandPlay/input__nodaftarsyarikat'

2019-02-12 10:18:34 - [MESSAGE][PASSED] - Text '123123999' is set on object 'Object Repository/RecordandPlay/input__nodaftarsyarikat'

2019-02-12 10:18:34 - [TEST_STEP][PASSED] - setText(findTestObject("RecordandPlay/input__namapembayar"), "julia kadri"): Text 'julia kadri' is set on object 'Object Repository/RecordandPlay/input__namapembayar'

2019-02-12 10:18:38 - [MESSAGE][PASSED] - Text 'julia kadri' is set on object 'Object Repository/RecordandPlay/input__namapembayar'

2019-02-12 10:18:38 - [TEST_STEP][PASSED] - setText(findTestObject("RecordandPlay/input__alamat"), "sepang"): Text 'sepang' is set on object 'Object Repository/RecordandPlay/input__alamat'

2019-02-12 10:18:43 - [MESSAGE][PASSED] - Text 'sepang' is set on object 'Object Repository/RecordandPlay/input__alamat'

2019-02-12 10:18:43 - [TEST_STEP][PASSED] - setText(findTestObject("RecordandPlay/input__poskod"), "43000"): Text '43000' is set on object 'Object Repository/RecordandPlay/input__poskod'

2019-02-12 10:18:47 - [MESSAGE][PASSED] - Text '43000' is set on object 'Object Repository/RecordandPlay/input__poskod'

2019-02-12 10:18:47 - [TEST_STEP][PASSED] - click(findTestObject("RecordandPlay/Drop_down_negeri")): Object: 'Object Repository/RecordandPlay/Drop_down_negeri' is clicked on

2019-02-12 10:18:49 - [MESSAGE][PASSED] - Object: 'Object Repository/RecordandPlay/Drop_down_negeri' is clicked on

2019-02-12 10:18:49 - [TEST_STEP][PASSED] - click(findTestObject("RecordandPlay/Select_Negeri_Selangor")): Object: 'Object Repository/RecordandPlay/Select_Negeri_Selangor' is clicked on

2019-02-12 10:18:51 - [MESSAGE][PASSED] - Object: 'Object Repository/RecordandPlay/Select_Negeri_Selangor' is clicked on

2019-02-12 10:18:51 - [TEST_STEP][PASSED] - click(findTestObject("RecordandPlay/Drop_down_Daerah")): Object: 'Object Repository/RecordandPlay/Drop_down_Daerah' is clicked on

2019-02-12 10:18:53 - [MESSAGE][PASSED] - Object: 'Object Repository/RecordandPlay/Drop_down_Daerah' is clicked on

2019-02-12 10:18:53 - [TEST_STEP][PASSED] - click(findTestObject("RecordandPlay/Select_Daerah_Sepang")): Object: 'Object Repository/RecordandPlay/Select_Daerah_Sepang' is clicked on

2019-02-12 10:18:55 - [MESSAGE][PASSED] - Object: 'Object Repository/RecordandPlay/Select_Daerah_Sepang' is clicked on

2019-02-12 10:18:55 - [TEST_STEP][PASSED] - setText(findTestObject("RecordandPlay/input__perihal"), "this is a test for Terimaan"): Text 'this is a test for Terimaan' is set on object 'Object Repository/RecordandPlay/input__perihal'

2019-02-12 10:19:00 - [MESSAGE][PASSED] - Text 'this is a test for Terimaan' is set on object 'Object Repository/RecordandPlay/input__perihal'

2019-02-12 10:19:00 - [TEST_STEP][PASSED] - getText(findTestObject("Object Repository/RecordandPlay/span_29012019")): Text of object 'Object Repository/RecordandPlay/span_29012019' is: '12/02/2019'

2019-02-12 10:19:02 - [MESSAGE][PASSED] - Text of object 'Object Repository/RecordandPlay/span_29012019' is: '12/02/2019'

2019-02-12 10:19:02 - [TEST_STEP][PASSED] - click(findTestObject("RecordandPlay/a__tambahmaklumatterperinci")): Object: 'Object Repository/RecordandPlay/a__tambahmaklumatterperinci' is clicked on

2019-02-12 10:19:04 - [MESSAGE][PASSED] - Object: 'Object Repository/RecordandPlay/a__tambahmaklumatterperinci' is clicked on

2019-02-12 10:19:04 - [TEST_STEP][PASSED] - click(findTestObject("RecordandPlay/a_Cara_Bayaran")): Object: 'Object Repository/RecordandPlay/a_Cara_Bayaran' is clicked on

2019-02-12 10:19:06 - [MESSAGE][PASSED] - Object: 'Object Repository/RecordandPlay/a_Cara_Bayaran' is clicked on

2019-02-12 10:19:06 - [TEST_STEP][PASSED] - delay(3): Delayed 3 second(s)

2019-02-12 10:19:09 - [MESSAGE][PASSED] - Delayed 3 second(s)

2019-02-12 10:19:09 - [TEST_STEP][PASSED] - click(findTestObject("Object Repository/RecordandPlay/div_TUNAI")): Object: 'Object Repository/RecordandPlay/div_TUNAI' is clicked on

2019-02-12 10:19:11 - [MESSAGE][PASSED] - Object: 'Object Repository/RecordandPlay/div_TUNAI' is clicked on

2019-02-12 10:19:11 - [TEST_STEP][PASSED] - setText(findTestObject("RecordandPlay/input_amaun"), "20"): Text '20' is set on object 'Object Repository/RecordandPlay/input_amaun'

2019-02-12 10:19:15 - [MESSAGE][PASSED] - Text '20' is set on object 'Object Repository/RecordandPlay/input_amaun'

2019-02-12 10:19:15 - [TEST_STEP][PASSED] - click(findTestObject("Object Repository/RecordandPlay/span_Kemaskini")): Object: 'Object Repository/RecordandPlay/span_Kemaskini' is clicked on

2019-02-12 10:19:17 - [MESSAGE][PASSED] - Object: 'Object Repository/RecordandPlay/span_Kemaskini' is clicked on

2019-02-12 10:19:17 - [TEST_STEP][PASSED] - click(findTestObject("Object Repository/RecordandPlay/span_tambahmaklumatterperinci")): Object: 'Object Repository/RecordandPlay/span_tambahmaklumatterperinci' is clicked on

2019-02-12 10:19:20 - [MESSAGE][PASSED] - Object: 'Object Repository/RecordandPlay/span_tambahmaklumatterperinci' is clicked on

2019-02-12 10:19:20 - [TEST_STEP][PASSED] - click(findTestObject("Object Repository/RecordandPlay/a__dropdownKodAkaun")): Object: 'Object Repository/RecordandPlay/a__dropdownKodAkaun' is clicked on

2019-02-12 10:19:22 - [MESSAGE][PASSED] - Object: 'Object Repository/RecordandPlay/a__dropdownKodAkaun' is clicked on

2019-02-12 10:19:22 - [TEST_STEP][PASSED] - setText(findTestObject("Object Repository/RecordandPlay/input_Perihal_perihal"), "akaun amanah jabatan kerja raya"): Text 'akaun amanah jabatan kerja raya' is set on object 'Object Repository/RecordandPlay/input_Perihal_perihal'

2019-02-12 10:19:26 - [MESSAGE][PASSED] - Text 'akaun amanah jabatan kerja raya' is set on object 'Object Repository/RecordandPlay/input_Perihal_perihal'

2019-02-12 10:19:26 - [TEST_STEP][PASSED] - click(findTestObject("Object Repository/RecordandPlay/div_AKAUN AMANAH JABATAN KERJA")): Object: 'Object Repository/RecordandPlay/div_AKAUN AMANAH JABATAN KERJA' is clicked on

2019-02-12 10:19:28 - [MESSAGE][PASSED] - Object: 'Object Repository/RecordandPlay/div_AKAUN AMANAH JABATAN KERJA' is clicked on

2019-02-12 10:19:28 - [TEST_STEP][PASSED] - setText(findTestObject("Object Repository/RecordandPlay/input__amaunmaklumatterperinci"), "20"): Text '20' is set on object 'Object Repository/RecordandPlay/input__amaunmaklumatterperinci'

2019-02-12 10:19:33 - [MESSAGE][PASSED] - Text '20' is set on object 'Object Repository/RecordandPlay/input__amaunmaklumatterperinci'

2019-02-12 10:19:33 - [TEST_STEP][PASSED] - click(findTestObject("Object Repository/RecordandPlay/span_simpanmaklumatterperinci")): Object: 'Object Repository/RecordandPlay/span_simpanmaklumatterperinci' is clicked on

2019-02-12 10:19:35 - [MESSAGE][PASSED] - Object: 'Object Repository/RecordandPlay/span_simpanmaklumatterperinci' is clicked on

2019-02-12 10:19:35 - [TEST_STEP][PASSED] - click(findTestObject("Object Repository/RecordandPlay/span_Simpan")): Object: 'Object Repository/RecordandPlay/span_Simpan' is clicked on

2019-02-12 10:19:37 - [MESSAGE][PASSED] - Object: 'Object Repository/RecordandPlay/span_Simpan' is clicked on

2019-02-12 10:19:37 - [TEST_STEP][PASSED] - click(findTestObject("Object Repository/RecordandPlay/a_YaSimpan")): Object: 'Object Repository/RecordandPlay/a_YaSimpan' is clicked on

2019-02-12 10:19:39 - [MESSAGE][PASSED] - Object: 'Object Repository/RecordandPlay/a_YaSimpan' is clicked on

2019-02-12 10:19:39 - [TEST_STEP][PASSED] - delay(30): Delayed 30 second(s)

2019-02-12 10:20:09 - [MESSAGE][PASSED] - Delayed 30 second(s)

2019-02-12 10:20:09 - [TEST_STEP][PASSED] - click(findTestObject("Object Repository/RecordandPlay/a_OkSimpan")): Object: 'Object Repository/RecordandPlay/a_OkSimpan' is clicked on

2019-02-12 10:20:11 - [MESSAGE][PASSED] - Object: 'Object Repository/RecordandPlay/a_OkSimpan' is clicked on

2019-02-12 10:20:11 - [TEST_STEP][PASSED] - click(findTestObject("Object Repository/RecordandPlay/span_Sah Simpan")): Object: 'Object Repository/RecordandPlay/span_Sah Simpan' is clicked on

2019-02-12 10:20:13 - [MESSAGE][PASSED] - Object: 'Object Repository/RecordandPlay/span_Sah Simpan' is clicked on

2019-02-12 10:20:13 - [TEST_STEP][PASSED] - click(findTestObject("Object Repository/RecordandPlay/a_YaSahSimpan")): Object: 'Object Repository/RecordandPlay/a_YaSahSimpan' is clicked on

2019-02-12 10:20:15 - [MESSAGE][PASSED] - Object: 'Object Repository/RecordandPlay/a_YaSahSimpan' is clicked on

2019-02-12 10:20:15 - [TEST_STEP][PASSED] - delay(30): Delayed 30 second(s)

2019-02-12 10:20:45 - [MESSAGE][PASSED] - Delayed 30 second(s)

2019-02-12 10:20:45 - [TEST_STEP][PASSED] - click(findTestObject("Object Repository/RecordandPlay/a_OkSahSimpan")): Object: 'Object Repository/RecordandPlay/a_OkSahSimpan' is clicked on

2019-02-12 10:20:48 - [MESSAGE][PASSED] - Object: 'Object Repository/RecordandPlay/a_OkSahSimpan' is clicked on

2019-02-12 10:20:48 - [TEST_STEP][PASSED] - click(findTestObject("Object Repository/RecordandPlay/a_Cetak")): Object: 'Object Repository/RecordandPlay/a_Cetak' is clicked on

2019-02-12 10:20:50 - [MESSAGE][PASSED] - Object: 'Object Repository/RecordandPlay/a_Cetak' is clicked on

2019-02-12 10:20:50 - [TEST_STEP][PASSED] - switchToWindowIndex(1): Switched to window with index: '1'

2019-02-12 10:20:52 - [MESSAGE][PASSED] - Switched to window with index: '1'

2019-02-12 10:20:52 - [TEST_STEP][PASSED] - delay(3): Delayed 3 second(s)

2019-02-12 10:20:55 - [MESSAGE][PASSED] - Delayed 3 second(s)

2019-02-12 10:20:55 - [TEST_STEP][PASSED] - takeScreenshot(): Taking screenshot successfully

2019-02-12 10:20:57 - [MESSAGE][PASSED] - Taking screenshot successfully
[[ATTACHMENT|C:\\Users\\Consultant_MSPHitect\\Katalon Studio\\TrainingonKatalon\\Reports\\Terimaan\\Regression Test\\20190212_100951\\1549938055578.png]]

2019-02-12 10:20:57 - [TEST_STEP][PASSED] - switchToWindowIndex(0): Switched to window with index: '0'

2019-02-12 10:20:59 - [MESSAGE][PASSED] - Switched to window with index: '0'

2019-02-12 10:20:59 - [TEST_STEP][PASSED] - delay(3): Delayed 3 second(s)

2019-02-12 10:21:02 - [MESSAGE][PASSED] - Delayed 3 second(s)

2019-02-12 10:21:02 - [TEST_STEP][PASSED] - closeBrowser(): Browser is closed

2019-02-12 10:21:04 - [MESSAGE][PASSED] - Browser is closed]]></system-out>
         <system-err><![CDATA[]]></system-err>
      </testcase>
      <system-out><![CDATA[2019-02-12 10:15:27 - [TEST_SUITE][PASSED] - Regression Test: Test Cases/Terimaan/Terimaan Pelbagai]]></system-out>
      <system-err><![CDATA[]]></system-err>
   </testsuite>
</testsuites>
