<?xml version="1.0" encoding="UTF-8"?>
<testsuites name="04 Inden Kerja Cara Bayaran CEK Tiada Pemfaktoran" time="854" tests="9" failures="0" errors="0">
   <testsuite name="04 Inden Kerja Cara Bayaran CEK Tiada Pemfaktoran" tests="9" failures="0" errors="0" time="854" timestamp="2019-03-29 15:19:42" hostname="Consultant_MSPHitect - DESKTOP-V9TS2EM" id="Test Suites/Perolehan/04 Inden Kerja Cara Bayaran CEK Tiada Pemfaktoran">
      <properties>
         <property name="deviceName" value=""/>
         <property name="devicePlatform" value=""/>
         <property name="logFolder" value="C:\\Users\\Consultant_MSPHitect\\Katalon Studio\\TrainingonKatalon\\Reports\\Perolehan\\04 Inden Kerja Cara Bayaran CEK Tiada Pemfaktoran\\20190329_143520"/>
         <property name="logFiles" value="C:\\Users\\Consultant_MSPHitect\\Katalon Studio\\TrainingonKatalon\\Reports\\Perolehan\\04 Inden Kerja Cara Bayaran CEK Tiada Pemfaktoran\\20190329_143520\\execution0.log"/>
         <property name="attachments" value="C:\\Users\\Consultant_MSPHitect\\Katalon Studio\\TrainingonKatalon\\Reports\\Perolehan\\04 Inden Kerja Cara Bayaran CEK Tiada Pemfaktoran\\20190329_143520\\1553844064131.png, C:\\Users\\Consultant_MSPHitect\\Katalon Studio\\TrainingonKatalon\\Reports\\Perolehan\\04 Inden Kerja Cara Bayaran CEK Tiada Pemfaktoran\\20190329_143520\\1553844325530.png, C:\\Users\\Consultant_MSPHitect\\Katalon Studio\\TrainingonKatalon\\Reports\\Perolehan\\04 Inden Kerja Cara Bayaran CEK Tiada Pemfaktoran\\20190329_143520\\1553844438591.png, C:\\Users\\Consultant_MSPHitect\\Katalon Studio\\TrainingonKatalon\\Reports\\Perolehan\\04 Inden Kerja Cara Bayaran CEK Tiada Pemfaktoran\\20190329_143520\\1553844508975.png, C:\\Users\\Consultant_MSPHitect\\Katalon Studio\\TrainingonKatalon\\Reports\\Perolehan\\04 Inden Kerja Cara Bayaran CEK Tiada Pemfaktoran\\20190329_143520\\1553844641976.png, C:\\Users\\Consultant_MSPHitect\\Katalon Studio\\TrainingonKatalon\\Reports\\Perolehan\\04 Inden Kerja Cara Bayaran CEK Tiada Pemfaktoran\\20190329_143520\\1553844755084.png, C:\\Users\\Consultant_MSPHitect\\Katalon Studio\\TrainingonKatalon\\Reports\\Perolehan\\04 Inden Kerja Cara Bayaran CEK Tiada Pemfaktoran\\20190329_143520\\1553844833529.png"/>
         <property name="hostName" value="Consultant_MSPHitect - DESKTOP-V9TS2EM"/>
         <property name="os" value="Windows 10 64bit"/>
         <property name="katalonVersion" value="6.1.0.1"/>
         <property name="browser" value="Chrome 73.0.3683.86"/>
         <property name="hostAddress" value="192.168.172.132"/>
         <property name="sessionId" value="90df3c29d26a996128661cbc8ce63f02"/>
         <property name="seleniumVersion" value="3.7.1"/>
         <property name="proxyInformation" value="ProxyInformation{proxyOption=NO_PROXY, proxyServerType=HTTP, password=, proxyServerAddress=, proxyServerPort=0}"/>
         <property name="platform" value="Windows 10"/>
      </properties>
      <testcase name="Test Cases/Perolehan/002 Rekod Baru oleh Penyedia/006 Inden Kerja - CEK" classname="Test Cases/Perolehan/002 Rekod Baru oleh Penyedia/006 Inden Kerja - CEK" status="PASSED">
         <system-out><![CDATA[2019-03-29 15:19:42 - [TEST_CASE][PASSED] - Test Cases/Perolehan/002 Rekod Baru oleh Penyedia/006 Inden Kerja - CEK: Test Cases/Perolehan/002 Rekod Baru oleh Penyedia/006 Inden Kerja - CEK

2019-03-29 15:19:43 - [TEST_STEP][PASSED] - callTestCase(findTestCase("Perolehan/001 Left Menu Selection/Select Menu Pesanan Tempatan"), [:], STOP_ON_FAILURE): Call Test Case 'Test Cases/Perolehan/001 Left Menu Selection/Select Menu Pesanan Tempatan' successfully

2019-03-29 15:19:43 - [TEST_CASE][PASSED] - Test Cases/Perolehan/001 Left Menu Selection/Select Menu Pesanan Tempatan: Test Cases/Perolehan/001 Left Menu Selection/Select Menu Pesanan Tempatan

2019-03-29 15:19:43 - [TEST_STEP][PASSED] - openBrowser(""): Browser is opened with url: ''

2019-03-29 15:19:44 - [MESSAGE][INFO] - Starting 'Chrome' driver

2019-03-29 15:19:44 - [MESSAGE][INFO] - Action delay is set to 0 seconds

2019-03-29 15:19:46 - [MESSAGE][PASSED] - Browser is opened with url: ''

2019-03-29 15:19:46 - [TEST_STEP][PASSED] - navigateToUrl(URL_Homepage): Navigate to 'http://175.143.52.101:7010/1SPEKSv2/' successfully

2019-03-29 15:19:47 - [MESSAGE][PASSED] - Navigate to 'http://175.143.52.101:7010/1SPEKSv2/' successfully

2019-03-29 15:19:47 - [TEST_STEP][PASSED] - setText(findTestObject("Login/input_NoKadPengenalan"), findTestData("ispekstestdata").getValue(1, 4)): Text '810213016116' is set on object 'Object Repository/Login/input_NoKadPengenalan'

2019-03-29 15:19:48 - [MESSAGE][PASSED] - Text '810213016116' is set on object 'Object Repository/Login/input_NoKadPengenalan'

2019-03-29 15:19:48 - [TEST_STEP][PASSED] - setEncryptedText(findTestObject("Login/input_Password"), findTestData("ispekstestdata").getValue(2, 4)): Text ****** has been set on object 'Object Repository/Login/input_Password'

2019-03-29 15:19:48 - [MESSAGE][PASSED] - Text ****** has been set on object 'Object Repository/Login/input_Password'

2019-03-29 15:19:48 - [TEST_STEP][PASSED] - click(findTestObject("Login/input_ButtonLogMasuk")): Object: 'Object Repository/Login/input_ButtonLogMasuk' is clicked on

2019-03-29 15:19:49 - [MESSAGE][PASSED] - Object: 'Object Repository/Login/input_ButtonLogMasuk' is clicked on

2019-03-29 15:19:49 - [TEST_STEP][PASSED] - delay(5): Delayed 5 second(s)

2019-03-29 15:19:54 - [MESSAGE][PASSED] - Delayed 5 second(s)

2019-03-29 15:19:54 - [TEST_STEP][PASSED] - if (verifyTextPresent("Peranan : [Penyedia] Peringkat : [PTJ]", false)): Delayed 3 second(s)

2019-03-29 15:19:55 - [MESSAGE][PASSED] - Text 'Peranan : [Penyedia] Peringkat : [PTJ]' is present on page 

2019-03-29 15:19:55 - [TEST_STEP][PASSED] - click(findTestObject("Perolehan/001 Left_Menu_Selection/a_ExpandMenuonLeft")): Object: 'Object Repository/Perolehan/001 Left_Menu_Selection/a_ExpandMenuonLeft' is clicked on

2019-03-29 15:19:55 - [MESSAGE][PASSED] - Object: 'Object Repository/Perolehan/001 Left_Menu_Selection/a_ExpandMenuonLeft' is clicked on

2019-03-29 15:19:55 - [TEST_STEP][PASSED] - delay(3, STOP_ON_FAILURE): Delayed 3 second(s)

2019-03-29 15:19:58 - [MESSAGE][PASSED] - Delayed 3 second(s)

2019-03-29 15:19:58 - [TEST_STEP][PASSED] - click(findTestObject("Perolehan/001 Left_Menu_Selection/div_PanelTitlePerolehan")): Object: 'Object Repository/Perolehan/001 Left_Menu_Selection/div_PanelTitlePerolehan' is clicked on

2019-03-29 15:19:58 - [MESSAGE][PASSED] - Object: 'Object Repository/Perolehan/001 Left_Menu_Selection/div_PanelTitlePerolehan' is clicked on

2019-03-29 15:19:58 - [TEST_STEP][PASSED] - delay(3, STOP_ON_FAILURE): Delayed 3 second(s)

2019-03-29 15:20:01 - [MESSAGE][PASSED] - Delayed 3 second(s)

2019-03-29 15:20:01 - [TEST_STEP][PASSED] - click(findTestObject("Perolehan/001 Left_Menu_Selection/div_PesananTempatan")): Object: 'Object Repository/Perolehan/001 Left_Menu_Selection/div_PesananTempatan' is clicked on

2019-03-29 15:20:02 - [MESSAGE][PASSED] - Object: 'Object Repository/Perolehan/001 Left_Menu_Selection/div_PesananTempatan' is clicked on

2019-03-29 15:20:02 - [TEST_STEP][PASSED] - delay(3): Delayed 3 second(s)

2019-03-29 15:20:05 - [MESSAGE][PASSED] - Delayed 3 second(s)

2019-03-29 15:20:05 - [MESSAGE][PASSED] - Call Test Case 'Test Cases/Perolehan/001 Left Menu Selection/Select Menu Pesanan Tempatan' successfully

2019-03-29 15:20:05 - [TEST_STEP][PASSED] - delay(8): Delayed 8 second(s)

2019-03-29 15:20:13 - [MESSAGE][PASSED] - Delayed 8 second(s)

2019-03-29 15:20:13 - [TEST_STEP][PASSED] - click(findTestObject("Perolehan/002 Penyedia_RekodBaru/005 Rekod Baru Inden Kerja/button_Rekod_Baru")): Object: 'Object Repository/Perolehan/002 Penyedia_RekodBaru/005 Rekod Baru Inden Kerja/button_Rekod_Baru' is clicked on

2019-03-29 15:20:13 - [MESSAGE][PASSED] - Object: 'Object Repository/Perolehan/002 Penyedia_RekodBaru/005 Rekod Baru Inden Kerja/button_Rekod_Baru' is clicked on

2019-03-29 15:20:13 - [TEST_STEP][PASSED] - delay(3): Delayed 3 second(s)

2019-03-29 15:20:16 - [MESSAGE][PASSED] - Delayed 3 second(s)

2019-03-29 15:20:16 - [TEST_STEP][PASSED] - click(findTestObject("Perolehan/002 Penyedia_RekodBaru/005 Rekod Baru Inden Kerja/Drop_down_Jenis_Urusniaga")): Object: 'Object Repository/Perolehan/002 Penyedia_RekodBaru/005 Rekod Baru Inden Kerja/Drop_down_Jenis_Urusniaga' is clicked on

2019-03-29 15:20:16 - [MESSAGE][PASSED] - Object: 'Object Repository/Perolehan/002 Penyedia_RekodBaru/005 Rekod Baru Inden Kerja/Drop_down_Jenis_Urusniaga' is clicked on

2019-03-29 15:20:16 - [TEST_STEP][PASSED] - delay(2): Delayed 2 second(s)

2019-03-29 15:20:18 - [MESSAGE][PASSED] - Delayed 2 second(s)

2019-03-29 15:20:18 - [TEST_STEP][PASSED] - mydate = new java.util.Date(): null

2019-03-29 15:20:18 - [TEST_STEP][PASSED] - click(findTestObject("Perolehan/002 Penyedia_RekodBaru/005 Rekod Baru Inden Kerja/select_INDEN KERJA AUTO")): Object: 'Object Repository/Perolehan/002 Penyedia_RekodBaru/005 Rekod Baru Inden Kerja/select_INDEN KERJA AUTO' is clicked on

2019-03-29 15:20:18 - [MESSAGE][PASSED] - Object: 'Object Repository/Perolehan/002 Penyedia_RekodBaru/005 Rekod Baru Inden Kerja/select_INDEN KERJA AUTO' is clicked on

2019-03-29 15:20:18 - [TEST_STEP][PASSED] - click(findTestObject("Perolehan/002 Penyedia_RekodBaru/005 Rekod Baru Inden Kerja/Drop_down_Pembekal")): Object: 'Object Repository/Perolehan/002 Penyedia_RekodBaru/005 Rekod Baru Inden Kerja/Drop_down_Pembekal' is clicked on

2019-03-29 15:20:18 - [MESSAGE][PASSED] - Object: 'Object Repository/Perolehan/002 Penyedia_RekodBaru/005 Rekod Baru Inden Kerja/Drop_down_Pembekal' is clicked on

2019-03-29 15:20:18 - [TEST_STEP][PASSED] - setText(findTestObject("Perolehan/002 Penyedia_RekodBaru/005 Rekod Baru Inden Kerja/input_nama_Pembekal"), nama_pembekal_cek): Text 'LOVE ORCHID BIZ' is set on object 'Object Repository/Perolehan/002 Penyedia_RekodBaru/005 Rekod Baru Inden Kerja/input_nama_Pembekal'

2019-03-29 15:20:18 - [MESSAGE][PASSED] - Text 'LOVE ORCHID BIZ' is set on object 'Object Repository/Perolehan/002 Penyedia_RekodBaru/005 Rekod Baru Inden Kerja/input_nama_Pembekal'

2019-03-29 15:20:18 - [TEST_STEP][PASSED] - delay(0): Delayed 0 second(s)

2019-03-29 15:20:18 - [MESSAGE][PASSED] - Delayed 0 second(s)

2019-03-29 15:20:18 - [TEST_STEP][PASSED] - click(findTestObject("Perolehan/002 Penyedia_RekodBaru/001 Rekod Baru Pesanan Tempatan/Select_Pembekal", ["text":kod_pembekal_cek])): Object: 'Object Repository/Perolehan/002 Penyedia_RekodBaru/001 Rekod Baru Pesanan Tempatan/Select_Pembekal' is clicked on

2019-03-29 15:20:21 - [MESSAGE][PASSED] - Object: 'Object Repository/Perolehan/002 Penyedia_RekodBaru/001 Rekod Baru Pesanan Tempatan/Select_Pembekal' is clicked on

2019-03-29 15:20:21 - [TEST_STEP][PASSED] - click(findTestObject("Perolehan/002 Penyedia_RekodBaru/005 Rekod Baru Inden Kerja/Date_Picker_Sila_Bekalkan")): Object: 'Object Repository/Perolehan/002 Penyedia_RekodBaru/005 Rekod Baru Inden Kerja/Date_Picker_Sila_Bekalkan' is clicked on

2019-03-29 15:20:21 - [MESSAGE][PASSED] - Object: 'Object Repository/Perolehan/002 Penyedia_RekodBaru/005 Rekod Baru Inden Kerja/Date_Picker_Sila_Bekalkan' is clicked on

2019-03-29 15:20:21 - [TEST_STEP][PASSED] - delay(3): Delayed 3 second(s)

2019-03-29 15:20:24 - [MESSAGE][PASSED] - Delayed 3 second(s)

2019-03-29 15:20:24 - [TEST_STEP][PASSED] - click(findTestObject("Perolehan/002 Penyedia_RekodBaru/005 Rekod Baru Inden Kerja/Date_Picker_Next_month")): Object: 'Object Repository/Perolehan/002 Penyedia_RekodBaru/005 Rekod Baru Inden Kerja/Date_Picker_Next_month' is clicked on

2019-03-29 15:20:24 - [MESSAGE][PASSED] - Object: 'Object Repository/Perolehan/002 Penyedia_RekodBaru/005 Rekod Baru Inden Kerja/Date_Picker_Next_month' is clicked on

2019-03-29 15:20:24 - [TEST_STEP][PASSED] - click(findTestObject("Perolehan/002 Penyedia_RekodBaru/005 Rekod Baru Inden Kerja/Date_Picker_Select_date_26th")): Object: 'Object Repository/Perolehan/002 Penyedia_RekodBaru/005 Rekod Baru Inden Kerja/Date_Picker_Select_date_26th' is clicked on

2019-03-29 15:20:24 - [MESSAGE][PASSED] - Object: 'Object Repository/Perolehan/002 Penyedia_RekodBaru/005 Rekod Baru Inden Kerja/Date_Picker_Select_date_26th' is clicked on

2019-03-29 15:20:24 - [TEST_STEP][PASSED] - setText(findTestObject("Perolehan/002 Penyedia_RekodBaru/005 Rekod Baru Inden Kerja/input_no_tanggungan"), "1"): Text '1' is set on object 'Object Repository/Perolehan/002 Penyedia_RekodBaru/005 Rekod Baru Inden Kerja/input_no_tanggungan'

2019-03-29 15:20:24 - [MESSAGE][PASSED] - Text '1' is set on object 'Object Repository/Perolehan/002 Penyedia_RekodBaru/005 Rekod Baru Inden Kerja/input_no_tanggungan'

2019-03-29 15:20:24 - [TEST_STEP][PASSED] - setText(findTestObject("Perolehan/002 Penyedia_RekodBaru/005 Rekod Baru Inden Kerja/input_amaun_tanggungan"), "100"): Text '100' is set on object 'Object Repository/Perolehan/002 Penyedia_RekodBaru/005 Rekod Baru Inden Kerja/input_amaun_tanggungan'

2019-03-29 15:20:24 - [MESSAGE][PASSED] - Text '100' is set on object 'Object Repository/Perolehan/002 Penyedia_RekodBaru/005 Rekod Baru Inden Kerja/input_amaun_tanggungan'

2019-03-29 15:20:24 - [TEST_STEP][PASSED] - setText(findTestObject("Perolehan/002 Penyedia_RekodBaru/005 Rekod Baru Inden Kerja/input_ringkasan_kerja"), "ringkasan kerja untuk inden kerja"): Text 'ringkasan kerja untuk inden kerja' is set on object 'Object Repository/Perolehan/002 Penyedia_RekodBaru/005 Rekod Baru Inden Kerja/input_ringkasan_kerja'

2019-03-29 15:20:24 - [MESSAGE][PASSED] - Text 'ringkasan kerja untuk inden kerja' is set on object 'Object Repository/Perolehan/002 Penyedia_RekodBaru/005 Rekod Baru Inden Kerja/input_ringkasan_kerja'

2019-03-29 15:20:24 - [TEST_STEP][PASSED] - RN = Math.random() * 100000: null

2019-03-29 15:20:24 - [TEST_STEP][PASSED] - setText(findTestObject("Perolehan/002 Penyedia_RekodBaru/005 Rekod Baru Inden Kerja/input_rujukan_fail"), "IK000" + RN): Text 'IK00029249' is set on object 'Object Repository/Perolehan/002 Penyedia_RekodBaru/005 Rekod Baru Inden Kerja/input_rujukan_fail'

2019-03-29 15:20:24 - [MESSAGE][PASSED] - Text 'IK00029249' is set on object 'Object Repository/Perolehan/002 Penyedia_RekodBaru/005 Rekod Baru Inden Kerja/input_rujukan_fail'

2019-03-29 15:20:24 - [TEST_STEP][PASSED] - IKno_rujukan = "IK00" + RN: null

2019-03-29 15:20:24 - [TEST_STEP][PASSED] - println(IKno_rujukan): null

2019-03-29 15:20:24 - [TEST_STEP][PASSED] - setText(findTestObject("Perolehan/002 Penyedia_RekodBaru/005 Rekod Baru Inden Kerja/input_kerja_terperinci"), "kerja terperinci " + mydate): Text 'kerja terperinci Fri Mar 29 15:20:18 SGT 2019' is set on object 'Object Repository/Perolehan/002 Penyedia_RekodBaru/005 Rekod Baru Inden Kerja/input_kerja_terperinci'

2019-03-29 15:20:25 - [MESSAGE][PASSED] - Text 'kerja terperinci Fri Mar 29 15:20:18 SGT 2019' is set on object 'Object Repository/Perolehan/002 Penyedia_RekodBaru/005 Rekod Baru Inden Kerja/input_kerja_terperinci'

2019-03-29 15:20:25 - [TEST_STEP][PASSED] - setText(findTestObject("Perolehan/002 Penyedia_RekodBaru/005 Rekod Baru Inden Kerja/input_Perihal"), "test here " + mydate): Text 'test here Fri Mar 29 15:20:18 SGT 2019' is set on object 'Object Repository/Perolehan/002 Penyedia_RekodBaru/005 Rekod Baru Inden Kerja/input_Perihal'

2019-03-29 15:20:25 - [MESSAGE][PASSED] - Text 'test here Fri Mar 29 15:20:18 SGT 2019' is set on object 'Object Repository/Perolehan/002 Penyedia_RekodBaru/005 Rekod Baru Inden Kerja/input_Perihal'

2019-03-29 15:20:25 - [TEST_STEP][PASSED] - click(findTestObject("Perolehan/002 Penyedia_RekodBaru/005 Rekod Baru Inden Kerja/tambah_maklumat_terperinci")): Object: 'Object Repository/Perolehan/002 Penyedia_RekodBaru/005 Rekod Baru Inden Kerja/tambah_maklumat_terperinci' is clicked on

2019-03-29 15:20:25 - [MESSAGE][PASSED] - Object: 'Object Repository/Perolehan/002 Penyedia_RekodBaru/005 Rekod Baru Inden Kerja/tambah_maklumat_terperinci' is clicked on

2019-03-29 15:20:25 - [TEST_STEP][PASSED] - delay(3): Delayed 3 second(s)

2019-03-29 15:20:28 - [MESSAGE][PASSED] - Delayed 3 second(s)

2019-03-29 15:20:28 - [TEST_STEP][PASSED] - click(findTestObject("Perolehan/002 Penyedia_RekodBaru/001 Rekod Baru Pesanan Tempatan/Drop_down_Vot_Dana")): Object: 'Object Repository/Perolehan/002 Penyedia_RekodBaru/001 Rekod Baru Pesanan Tempatan/Drop_down_Vot_Dana' is clicked on

2019-03-29 15:20:28 - [MESSAGE][PASSED] - Object: 'Object Repository/Perolehan/002 Penyedia_RekodBaru/001 Rekod Baru Pesanan Tempatan/Drop_down_Vot_Dana' is clicked on

2019-03-29 15:20:28 - [TEST_STEP][PASSED] - delay(3): Delayed 3 second(s)

2019-03-29 15:20:31 - [MESSAGE][PASSED] - Delayed 3 second(s)

2019-03-29 15:20:31 - [TEST_STEP][PASSED] - setText(findTestObject("Perolehan/002 Penyedia_RekodBaru/001 Rekod Baru Pesanan Tempatan/Input_Vot_Dana"), Vot_dana): Text 'B04' is set on object 'Object Repository/Perolehan/002 Penyedia_RekodBaru/001 Rekod Baru Pesanan Tempatan/Input_Vot_Dana'

2019-03-29 15:20:31 - [MESSAGE][PASSED] - Text 'B04' is set on object 'Object Repository/Perolehan/002 Penyedia_RekodBaru/001 Rekod Baru Pesanan Tempatan/Input_Vot_Dana'

2019-03-29 15:20:31 - [TEST_STEP][PASSED] - click(findTestObject("Perolehan/002 Penyedia_RekodBaru/001 Rekod Baru Pesanan Tempatan/Select_Vot_Dana", ["text":Vot_dana])): Object: 'Object Repository/Perolehan/002 Penyedia_RekodBaru/001 Rekod Baru Pesanan Tempatan/Select_Vot_Dana' is clicked on

2019-03-29 15:20:31 - [MESSAGE][PASSED] - Object: 'Object Repository/Perolehan/002 Penyedia_RekodBaru/001 Rekod Baru Pesanan Tempatan/Select_Vot_Dana' is clicked on

2019-03-29 15:20:31 - [TEST_STEP][PASSED] - delay(3): Delayed 3 second(s)

2019-03-29 15:20:34 - [MESSAGE][PASSED] - Delayed 3 second(s)

2019-03-29 15:20:34 - [TEST_STEP][PASSED] - click(findTestObject("Perolehan/002 Penyedia_RekodBaru/001 Rekod Baru Pesanan Tempatan/Drop_down_Program_Aktiviti")): Object: 'Object Repository/Perolehan/002 Penyedia_RekodBaru/001 Rekod Baru Pesanan Tempatan/Drop_down_Program_Aktiviti' is clicked on

2019-03-29 15:20:35 - [MESSAGE][PASSED] - Object: 'Object Repository/Perolehan/002 Penyedia_RekodBaru/001 Rekod Baru Pesanan Tempatan/Drop_down_Program_Aktiviti' is clicked on

2019-03-29 15:20:35 - [TEST_STEP][PASSED] - setText(findTestObject("Perolehan/002 Penyedia_RekodBaru/001 Rekod Baru Pesanan Tempatan/input_Kod_Program_Aktiviti"), kod_program_aktiviti): Text '100100' is set on object 'Object Repository/Perolehan/002 Penyedia_RekodBaru/001 Rekod Baru Pesanan Tempatan/input_Kod_Program_Aktiviti'

2019-03-29 15:20:35 - [MESSAGE][PASSED] - Text '100100' is set on object 'Object Repository/Perolehan/002 Penyedia_RekodBaru/001 Rekod Baru Pesanan Tempatan/input_Kod_Program_Aktiviti'

2019-03-29 15:20:35 - [TEST_STEP][PASSED] - click(findTestObject("Perolehan/002 Penyedia_RekodBaru/001 Rekod Baru Pesanan Tempatan/Select_Program", ["text":kod_program_aktiviti])): Object: 'Object Repository/Perolehan/002 Penyedia_RekodBaru/001 Rekod Baru Pesanan Tempatan/Select_Program' is clicked on

2019-03-29 15:20:35 - [MESSAGE][PASSED] - Object: 'Object Repository/Perolehan/002 Penyedia_RekodBaru/001 Rekod Baru Pesanan Tempatan/Select_Program' is clicked on

2019-03-29 15:20:35 - [TEST_STEP][PASSED] - delay(3): Delayed 3 second(s)

2019-03-29 15:20:38 - [MESSAGE][PASSED] - Delayed 3 second(s)

2019-03-29 15:20:38 - [TEST_STEP][PASSED] - click(findTestObject("Perolehan/002 Penyedia_RekodBaru/001 Rekod Baru Pesanan Tempatan/Drop_down_Kod_Akaun")): Object: 'Object Repository/Perolehan/002 Penyedia_RekodBaru/001 Rekod Baru Pesanan Tempatan/Drop_down_Kod_Akaun' is clicked on

2019-03-29 15:20:38 - [MESSAGE][PASSED] - Object: 'Object Repository/Perolehan/002 Penyedia_RekodBaru/001 Rekod Baru Pesanan Tempatan/Drop_down_Kod_Akaun' is clicked on

2019-03-29 15:20:38 - [TEST_STEP][PASSED] - delay(3): Delayed 3 second(s)

2019-03-29 15:20:41 - [MESSAGE][PASSED] - Delayed 3 second(s)

2019-03-29 15:20:41 - [TEST_STEP][PASSED] - setText(findTestObject("Perolehan/002 Penyedia_RekodBaru/001 Rekod Baru Pesanan Tempatan/input_kod_akaun"), kod_akaun_cek): Text 'B0221101' is set on object 'Object Repository/Perolehan/002 Penyedia_RekodBaru/001 Rekod Baru Pesanan Tempatan/input_kod_akaun'

2019-03-29 15:20:41 - [MESSAGE][PASSED] - Text 'B0221101' is set on object 'Object Repository/Perolehan/002 Penyedia_RekodBaru/001 Rekod Baru Pesanan Tempatan/input_kod_akaun'

2019-03-29 15:20:41 - [TEST_STEP][PASSED] - delay(3): Delayed 3 second(s)

2019-03-29 15:20:44 - [MESSAGE][PASSED] - Delayed 3 second(s)

2019-03-29 15:20:44 - [TEST_STEP][PASSED] - click(findTestObject("Perolehan/002 Penyedia_RekodBaru/001 Rekod Baru Pesanan Tempatan/Select_Kod_Akaun", ["text":kod_akaun_cek])): Object: 'Object Repository/Perolehan/002 Penyedia_RekodBaru/001 Rekod Baru Pesanan Tempatan/Select_Kod_Akaun' is clicked on

2019-03-29 15:20:44 - [MESSAGE][PASSED] - Object: 'Object Repository/Perolehan/002 Penyedia_RekodBaru/001 Rekod Baru Pesanan Tempatan/Select_Kod_Akaun' is clicked on

2019-03-29 15:20:44 - [TEST_STEP][PASSED] - setText(findTestObject("Perolehan/002 Penyedia_RekodBaru/005 Rekod Baru Inden Kerja/input_kuantiti"), "4"): Text '4' is set on object 'Object Repository/Perolehan/002 Penyedia_RekodBaru/005 Rekod Baru Inden Kerja/input_kuantiti'

2019-03-29 15:20:45 - [MESSAGE][PASSED] - Text '4' is set on object 'Object Repository/Perolehan/002 Penyedia_RekodBaru/005 Rekod Baru Inden Kerja/input_kuantiti'

2019-03-29 15:20:45 - [TEST_STEP][PASSED] - setText(findTestObject("Perolehan/002 Penyedia_RekodBaru/005 Rekod Baru Inden Kerja/input_harga_seunit"), "1.58"): Text '1.58' is set on object 'Object Repository/Perolehan/002 Penyedia_RekodBaru/005 Rekod Baru Inden Kerja/input_harga_seunit'

2019-03-29 15:20:45 - [MESSAGE][PASSED] - Text '1.58' is set on object 'Object Repository/Perolehan/002 Penyedia_RekodBaru/005 Rekod Baru Inden Kerja/input_harga_seunit'

2019-03-29 15:20:45 - [TEST_STEP][PASSED] - click(findTestObject("Perolehan/002 Penyedia_RekodBaru/005 Rekod Baru Inden Kerja/button_simpan_maklumat_terperinci")): Object: 'Object Repository/Perolehan/002 Penyedia_RekodBaru/005 Rekod Baru Inden Kerja/button_simpan_maklumat_terperinci' is clicked on

2019-03-29 15:20:45 - [MESSAGE][PASSED] - Object: 'Object Repository/Perolehan/002 Penyedia_RekodBaru/005 Rekod Baru Inden Kerja/button_simpan_maklumat_terperinci' is clicked on

2019-03-29 15:20:45 - [TEST_STEP][PASSED] - delay(3): Delayed 3 second(s)

2019-03-29 15:20:48 - [MESSAGE][PASSED] - Delayed 3 second(s)

2019-03-29 15:20:48 - [TEST_STEP][PASSED] - click(findTestObject("Perolehan/002 Penyedia_RekodBaru/005 Rekod Baru Inden Kerja/button_OK_peruntukan_mencukupi")): Object: 'Object Repository/Perolehan/002 Penyedia_RekodBaru/005 Rekod Baru Inden Kerja/button_OK_peruntukan_mencukupi' is clicked on

2019-03-29 15:20:48 - [MESSAGE][PASSED] - Object: 'Object Repository/Perolehan/002 Penyedia_RekodBaru/005 Rekod Baru Inden Kerja/button_OK_peruntukan_mencukupi' is clicked on

2019-03-29 15:20:48 - [TEST_STEP][PASSED] - delay(3): Delayed 3 second(s)

2019-03-29 15:20:51 - [MESSAGE][PASSED] - Delayed 3 second(s)

2019-03-29 15:20:51 - [TEST_STEP][PASSED] - click(findTestObject("Perolehan/002 Penyedia_RekodBaru/005 Rekod Baru Inden Kerja/button_Simpan")): Object: 'Object Repository/Perolehan/002 Penyedia_RekodBaru/005 Rekod Baru Inden Kerja/button_Simpan' is clicked on

2019-03-29 15:20:51 - [MESSAGE][PASSED] - Object: 'Object Repository/Perolehan/002 Penyedia_RekodBaru/005 Rekod Baru Inden Kerja/button_Simpan' is clicked on

2019-03-29 15:20:51 - [TEST_STEP][PASSED] - delay(3): Delayed 3 second(s)

2019-03-29 15:20:54 - [MESSAGE][PASSED] - Delayed 3 second(s)

2019-03-29 15:20:54 - [TEST_STEP][PASSED] - click(findTestObject("Perolehan/002 Penyedia_RekodBaru/005 Rekod Baru Inden Kerja/button_OK_rekod_berjaya_disimpan")): Object: 'Object Repository/Perolehan/002 Penyedia_RekodBaru/005 Rekod Baru Inden Kerja/button_OK_rekod_berjaya_disimpan' is clicked on

2019-03-29 15:20:55 - [MESSAGE][PASSED] - Object: 'Object Repository/Perolehan/002 Penyedia_RekodBaru/005 Rekod Baru Inden Kerja/button_OK_rekod_berjaya_disimpan' is clicked on

2019-03-29 15:20:55 - [TEST_STEP][PASSED] - click(findTestObject("Perolehan/002 Penyedia_RekodBaru/005 Rekod Baru Inden Kerja/button_Senarai_Semak")): Object: 'Object Repository/Perolehan/002 Penyedia_RekodBaru/005 Rekod Baru Inden Kerja/button_Senarai_Semak' is clicked on

2019-03-29 15:20:55 - [MESSAGE][PASSED] - Object: 'Object Repository/Perolehan/002 Penyedia_RekodBaru/005 Rekod Baru Inden Kerja/button_Senarai_Semak' is clicked on

2019-03-29 15:20:55 - [TEST_STEP][PASSED] - delay(3): Delayed 3 second(s)

2019-03-29 15:20:58 - [MESSAGE][PASSED] - Delayed 3 second(s)

2019-03-29 15:20:58 - [TEST_STEP][PASSED] - check(findTestObject("Perolehan/002 Penyedia_RekodBaru/005 Rekod Baru Inden Kerja/senarai_semak1")): Object 'Object Repository/Perolehan/002 Penyedia_RekodBaru/005 Rekod Baru Inden Kerja/senarai_semak1' is checked

2019-03-29 15:20:58 - [MESSAGE][PASSED] - Object 'Object Repository/Perolehan/002 Penyedia_RekodBaru/005 Rekod Baru Inden Kerja/senarai_semak1' is checked

2019-03-29 15:20:58 - [TEST_STEP][PASSED] - check(findTestObject("Perolehan/002 Penyedia_RekodBaru/005 Rekod Baru Inden Kerja/senarai_semak2")): Object 'Object Repository/Perolehan/002 Penyedia_RekodBaru/005 Rekod Baru Inden Kerja/senarai_semak2' is checked

2019-03-29 15:20:59 - [MESSAGE][PASSED] - Object 'Object Repository/Perolehan/002 Penyedia_RekodBaru/005 Rekod Baru Inden Kerja/senarai_semak2' is checked

2019-03-29 15:20:59 - [TEST_STEP][PASSED] - check(findTestObject("Perolehan/002 Penyedia_RekodBaru/005 Rekod Baru Inden Kerja/senarai_semak3")): Object 'Object Repository/Perolehan/002 Penyedia_RekodBaru/005 Rekod Baru Inden Kerja/senarai_semak3' is checked

2019-03-29 15:20:59 - [MESSAGE][PASSED] - Object 'Object Repository/Perolehan/002 Penyedia_RekodBaru/005 Rekod Baru Inden Kerja/senarai_semak3' is checked

2019-03-29 15:20:59 - [TEST_STEP][PASSED] - click(findTestObject("Perolehan/002 Penyedia_RekodBaru/005 Rekod Baru Inden Kerja/button_simpan_senarai_semak")): Object: 'Object Repository/Perolehan/002 Penyedia_RekodBaru/005 Rekod Baru Inden Kerja/button_simpan_senarai_semak' is clicked on

2019-03-29 15:20:59 - [MESSAGE][PASSED] - Object: 'Object Repository/Perolehan/002 Penyedia_RekodBaru/005 Rekod Baru Inden Kerja/button_simpan_senarai_semak' is clicked on

2019-03-29 15:20:59 - [TEST_STEP][PASSED] - click(findTestObject("Perolehan/002 Penyedia_RekodBaru/005 Rekod Baru Inden Kerja/button_OK_maklumat_berjaya_disimpan")): Object: 'Object Repository/Perolehan/002 Penyedia_RekodBaru/005 Rekod Baru Inden Kerja/button_OK_maklumat_berjaya_disimpan' is clicked on

2019-03-29 15:20:59 - [MESSAGE][PASSED] - Object: 'Object Repository/Perolehan/002 Penyedia_RekodBaru/005 Rekod Baru Inden Kerja/button_OK_maklumat_berjaya_disimpan' is clicked on

2019-03-29 15:20:59 - [TEST_STEP][PASSED] - click(findTestObject("Perolehan/002 Penyedia_RekodBaru/005 Rekod Baru Inden Kerja/button_X_close_senarai_semak")): Object: 'Object Repository/Perolehan/002 Penyedia_RekodBaru/005 Rekod Baru Inden Kerja/button_X_close_senarai_semak' is clicked on

2019-03-29 15:20:59 - [MESSAGE][PASSED] - Object: 'Object Repository/Perolehan/002 Penyedia_RekodBaru/005 Rekod Baru Inden Kerja/button_X_close_senarai_semak' is clicked on

2019-03-29 15:20:59 - [TEST_STEP][PASSED] - Total = getText(findTestObject("Perolehan/002 Penyedia_RekodBaru/0022 Sah_Simpan/TotalAmaunPT")): Text of object 'Object Repository/Perolehan/002 Penyedia_RekodBaru/0022 Sah_Simpan/TotalAmaunPT' is: '6.30'

2019-03-29 15:20:59 - [MESSAGE][PASSED] - Text of object 'Object Repository/Perolehan/002 Penyedia_RekodBaru/0022 Sah_Simpan/TotalAmaunPT' is: '6.30'

2019-03-29 15:20:59 - [TEST_STEP][PASSED] - println(Total): null

2019-03-29 15:20:59 - [TEST_STEP][PASSED] - TotalAmaunPT = Total: null

2019-03-29 15:20:59 - [TEST_STEP][PASSED] - click(findTestObject("Perolehan/002 Penyedia_RekodBaru/005 Rekod Baru Inden Kerja/button_sah_simpan")): Object: 'Object Repository/Perolehan/002 Penyedia_RekodBaru/005 Rekod Baru Inden Kerja/button_sah_simpan' is clicked on

2019-03-29 15:20:59 - [MESSAGE][PASSED] - Object: 'Object Repository/Perolehan/002 Penyedia_RekodBaru/005 Rekod Baru Inden Kerja/button_sah_simpan' is clicked on

2019-03-29 15:20:59 - [TEST_STEP][PASSED] - click(findTestObject("Perolehan/002 Penyedia_RekodBaru/005 Rekod Baru Inden Kerja/button_Ya_Sah_Simpan")): Object: 'Object Repository/Perolehan/002 Penyedia_RekodBaru/005 Rekod Baru Inden Kerja/button_Ya_Sah_Simpan' is clicked on

2019-03-29 15:21:00 - [MESSAGE][PASSED] - Object: 'Object Repository/Perolehan/002 Penyedia_RekodBaru/005 Rekod Baru Inden Kerja/button_Ya_Sah_Simpan' is clicked on

2019-03-29 15:21:00 - [TEST_STEP][PASSED] - PTRekodberjayaID = getText(findTestObject("Perolehan/002 Penyedia_RekodBaru/005 Rekod Baru Inden Kerja/Rekod_berjaya_No_Rekod")): Text of object 'Object Repository/Perolehan/002 Penyedia_RekodBaru/005 Rekod Baru Inden Kerja/Rekod_berjaya_No_Rekod' is: 'Rekod Telah Berjaya Di Sah Simpan. [ NO REKOD :19CHIK030100019 ]
Ok'

2019-03-29 15:21:01 - [MESSAGE][PASSED] - Text of object 'Object Repository/Perolehan/002 Penyedia_RekodBaru/005 Rekod Baru Inden Kerja/Rekod_berjaya_No_Rekod' is: 'Rekod Telah Berjaya Di Sah Simpan. [ NO REKOD :19CHIK030100019 ]
Ok'

2019-03-29 15:21:01 - [TEST_STEP][PASSED] - println(PTRekodberjayaID): null

2019-03-29 15:21:01 - [TEST_STEP][PASSED] - PTRekodID = PTRekodberjayaID[(47..61)]: null

2019-03-29 15:21:01 - [TEST_STEP][PASSED] - println(PTRekodID): null

2019-03-29 15:21:01 - [TEST_STEP][PASSED] - PesananTempatanRekodID = PTRekodID: null

2019-03-29 15:21:01 - [TEST_STEP][PASSED] - delay(3): Delayed 3 second(s)

2019-03-29 15:21:04 - [MESSAGE][PASSED] - Delayed 3 second(s)

2019-03-29 15:21:04 - [TEST_STEP][PASSED] - takeScreenshot(): Taking screenshot successfully

2019-03-29 15:21:04 - [MESSAGE][PASSED] - Taking screenshot successfully
[[ATTACHMENT|C:\\Users\\Consultant_MSPHitect\\Katalon Studio\\TrainingonKatalon\\Reports\\Perolehan\\04 Inden Kerja Cara Bayaran CEK Tiada Pemfaktoran\\20190329_143520\\1553844064131.png]]

2019-03-29 15:21:04 - [TEST_STEP][PASSED] - waitForElementClickable(findTestObject("Perolehan/002 Penyedia_RekodBaru/001 Rekod Baru Pesanan Tempatan/button_OK_Rekod_Berjaya_disimpan"), 300): Object 'Object Repository/Perolehan/002 Penyedia_RekodBaru/001 Rekod Baru Pesanan Tempatan/button_OK_Rekod_Berjaya_disimpan' is clickable

2019-03-29 15:21:04 - [MESSAGE][PASSED] - Object 'Object Repository/Perolehan/002 Penyedia_RekodBaru/001 Rekod Baru Pesanan Tempatan/button_OK_Rekod_Berjaya_disimpan' is clickable

2019-03-29 15:21:04 - [TEST_STEP][PASSED] - element = findWebElement(findTestObject("Perolehan/002 Penyedia_RekodBaru/005 Rekod Baru Inden Kerja/button_OK_berjaya_disah_simpan"), 300): null

2019-03-29 15:21:04 - [TEST_STEP][PASSED] - executeJavaScript("arguments[0].click", Arrays.asList(element)): Execute JavaScript 'arguments[0].click' successfully

2019-03-29 15:21:04 - [MESSAGE][PASSED] - Execute JavaScript 'arguments[0].click' successfully

2019-03-29 15:21:04 - [TEST_STEP][PASSED] - click(findTestObject("Perolehan/002 Penyedia_RekodBaru/005 Rekod Baru Inden Kerja/button_OK_berjaya_disah_simpan")): Object: 'Object Repository/Perolehan/002 Penyedia_RekodBaru/005 Rekod Baru Inden Kerja/button_OK_berjaya_disah_simpan' is clicked on

2019-03-29 15:21:04 - [MESSAGE][PASSED] - Object: 'Object Repository/Perolehan/002 Penyedia_RekodBaru/005 Rekod Baru Inden Kerja/button_OK_berjaya_disah_simpan' is clicked on

2019-03-29 15:21:04 - [TEST_STEP][PASSED] - closeBrowser(): Browser is closed

2019-03-29 15:21:05 - [MESSAGE][PASSED] - Browser is closed]]></system-out>
         <system-err><![CDATA[]]></system-err>
      </testcase>
      <testcase name="Test Cases/Perolehan/003 Pengesahan Pesanan Tempatan/Pengesahan" classname="Test Cases/Perolehan/003 Pengesahan Pesanan Tempatan/Pengesahan" status="PASSED">
         <system-out><![CDATA[2019-03-29 15:21:05 - [TEST_CASE][PASSED] - Test Cases/Perolehan/003 Pengesahan Pesanan Tempatan/Pengesahan: Test Cases/Perolehan/003 Pengesahan Pesanan Tempatan/Pengesahan

2019-03-29 15:21:05 - [TEST_STEP][PASSED] - openBrowser(""): Browser is opened with url: ''

2019-03-29 15:21:05 - [MESSAGE][INFO] - Starting 'Chrome' driver

2019-03-29 15:21:07 - [MESSAGE][PASSED] - Browser is opened with url: ''

2019-03-29 15:21:07 - [TEST_STEP][PASSED] - navigateToUrl(URL_Homepage): Navigate to 'http://175.143.52.101:7010/1SPEKSv2/' successfully

2019-03-29 15:21:08 - [MESSAGE][PASSED] - Navigate to 'http://175.143.52.101:7010/1SPEKSv2/' successfully

2019-03-29 15:21:08 - [TEST_STEP][PASSED] - reusablefunctions.reusablefunctions.Login(findTestData("ispekstestdata").getValue(1, 6), findTestData("ispekstestdata").getValue(2, 6)): reusablefunctions.reusablefunctions.Login is PASSED

2019-03-29 15:21:08 - [MESSAGE][PASSED] - Text '820806015126' is set on object 'Object Repository/Login/input_NoKadPengenalan'

2019-03-29 15:21:08 - [MESSAGE][PASSED] - Text ****** has been set on object 'Object Repository/Login/input_Password'

2019-03-29 15:21:09 - [MESSAGE][PASSED] - Object: 'Object Repository/Login/input_ButtonLogMasuk' is clicked on

2019-03-29 15:21:19 - [MESSAGE][PASSED] - Delayed 10 second(s)

2019-03-29 15:21:19 - [MESSAGE][PASSED] - reusablefunctions.reusablefunctions.Login is PASSED

2019-03-29 15:21:19 - [TEST_STEP][PASSED] - click(findTestObject("Perolehan/TukarPeranan/IconTukarPeranan")): Object: 'Object Repository/Perolehan/TukarPeranan/IconTukarPeranan' is clicked on

2019-03-29 15:21:19 - [MESSAGE][PASSED] - Object: 'Object Repository/Perolehan/TukarPeranan/IconTukarPeranan' is clicked on

2019-03-29 15:21:19 - [TEST_STEP][PASSED] - click(findTestObject("Perolehan/TukarPeranan/input_TukarPeranan", ["value":"2933"])): Object: 'Object Repository/Perolehan/TukarPeranan/input_TukarPeranan' is clicked on

2019-03-29 15:21:19 - [MESSAGE][PASSED] - Object: 'Object Repository/Perolehan/TukarPeranan/input_TukarPeranan' is clicked on

2019-03-29 15:21:19 - [TEST_STEP][PASSED] - click(findTestObject("Perolehan/TukarPeranan/button_Ya")): Object: 'Object Repository/Perolehan/TukarPeranan/button_Ya' is clicked on

2019-03-29 15:21:19 - [MESSAGE][PASSED] - Object: 'Object Repository/Perolehan/TukarPeranan/button_Ya' is clicked on

2019-03-29 15:21:19 - [TEST_STEP][PASSED] - delay(20): Delayed 20 second(s)

2019-03-29 15:21:39 - [MESSAGE][PASSED] - Delayed 20 second(s)

2019-03-29 15:21:39 - [TEST_STEP][PASSED] - verifyTextPresent("Peranan : [Pengesah] Peringkat : [BN]", false): Text 'Peranan : [Pengesah] Peringkat : [BN]' is present on page 

2019-03-29 15:21:40 - [MESSAGE][PASSED] - Text 'Peranan : [Pengesah] Peringkat : [BN]' is present on page 

2019-03-29 15:21:40 - [TEST_STEP][PASSED] - delay(5): Delayed 5 second(s)

2019-03-29 15:21:45 - [MESSAGE][PASSED] - Delayed 5 second(s)

2019-03-29 15:21:45 - [TEST_STEP][PASSED] - click(findTestObject("Perolehan/001 Left_Menu_Selection/a_ExpandMenuonLeft")): Object: 'Object Repository/Perolehan/001 Left_Menu_Selection/a_ExpandMenuonLeft' is clicked on

2019-03-29 15:21:46 - [MESSAGE][PASSED] - Object: 'Object Repository/Perolehan/001 Left_Menu_Selection/a_ExpandMenuonLeft' is clicked on

2019-03-29 15:21:46 - [TEST_STEP][PASSED] - delay(3, STOP_ON_FAILURE): Delayed 3 second(s)

2019-03-29 15:21:49 - [MESSAGE][PASSED] - Delayed 3 second(s)

2019-03-29 15:21:49 - [TEST_STEP][PASSED] - click(findTestObject("Perolehan/001 Left_Menu_Selection/div_PanelTitlePerolehan")): Object: 'Object Repository/Perolehan/001 Left_Menu_Selection/div_PanelTitlePerolehan' is clicked on

2019-03-29 15:21:49 - [MESSAGE][PASSED] - Object: 'Object Repository/Perolehan/001 Left_Menu_Selection/div_PanelTitlePerolehan' is clicked on

2019-03-29 15:21:49 - [TEST_STEP][PASSED] - delay(3, STOP_ON_FAILURE): Delayed 3 second(s)

2019-03-29 15:21:52 - [MESSAGE][PASSED] - Delayed 3 second(s)

2019-03-29 15:21:52 - [TEST_STEP][PASSED] - click(findTestObject("Perolehan/001 Left_Menu_Selection/div_PesananTempatan")): Object: 'Object Repository/Perolehan/001 Left_Menu_Selection/div_PesananTempatan' is clicked on

2019-03-29 15:21:52 - [MESSAGE][PASSED] - Object: 'Object Repository/Perolehan/001 Left_Menu_Selection/div_PesananTempatan' is clicked on

2019-03-29 15:21:52 - [TEST_STEP][PASSED] - delay(3): Delayed 3 second(s)

2019-03-29 15:21:55 - [MESSAGE][PASSED] - Delayed 3 second(s)

2019-03-29 15:21:55 - [TEST_STEP][PASSED] - setText(findTestObject("Perolehan/003 Pengesah/input_No_Rekod"), PesananTempatanRekodID): Text '19CHIK030100019' is set on object 'Object Repository/Perolehan/003 Pengesah/input_No_Rekod'

2019-03-29 15:22:08 - [MESSAGE][PASSED] - Text '19CHIK030100019' is set on object 'Object Repository/Perolehan/003 Pengesah/input_No_Rekod'

2019-03-29 15:22:08 - [TEST_STEP][PASSED] - doubleClick(findTestObject("Perolehan/003 Pengesah/Senarai_Tugas_Item_No_1", ["text":PesananTempatanRekodID])): Object: 'Object Repository/Perolehan/003 Pengesah/Senarai_Tugas_Item_No_1' is double clicked on

2019-03-29 15:22:08 - [MESSAGE][PASSED] - Object: 'Object Repository/Perolehan/003 Pengesah/Senarai_Tugas_Item_No_1' is double clicked on

2019-03-29 15:22:08 - [TEST_STEP][PASSED] - delay(3): Delayed 3 second(s)

2019-03-29 15:22:11 - [MESSAGE][PASSED] - Delayed 3 second(s)

2019-03-29 15:22:11 - [TEST_STEP][PASSED] - mydate = new java.util.Date(): null

2019-03-29 15:22:11 - [TEST_STEP][PASSED] - formattedDate = mydate.format("dd/MM/yyyy"): null

2019-03-29 15:22:11 - [TEST_STEP][PASSED] - formattedYear = mydate.format("yyyy"): null

2019-03-29 15:22:11 - [TEST_STEP][PASSED] - println(formattedDate): null

2019-03-29 15:22:11 - [TEST_STEP][PASSED] - println(formattedYear): null

2019-03-29 15:22:11 - [TEST_STEP][PASSED] - TahunKewangan = getText(findTestObject("Perolehan/003 Pengesah/Label_tahun_kewangan")): Text of object 'Object Repository/Perolehan/003 Pengesah/Label_tahun_kewangan' is: '2019'

2019-03-29 15:22:12 - [MESSAGE][PASSED] - Text of object 'Object Repository/Perolehan/003 Pengesah/Label_tahun_kewangan' is: '2019'

2019-03-29 15:22:12 - [TEST_STEP][PASSED] - verifyMatch(TahunKewangan, formattedYear, false): Actual text '2019' and expected text '2019' are matched 

2019-03-29 15:22:12 - [MESSAGE][PASSED] - Actual text '2019' and expected text '2019' are matched 

2019-03-29 15:22:12 - [TEST_STEP][PASSED] - TarikhSemasa = getText(findTestObject("Perolehan/003 Pengesah/Label_Tarikh_semasa")): Text of object 'Object Repository/Perolehan/003 Pengesah/Label_Tarikh_semasa' is: '29/03/2019'

2019-03-29 15:22:12 - [MESSAGE][PASSED] - Text of object 'Object Repository/Perolehan/003 Pengesah/Label_Tarikh_semasa' is: '29/03/2019'

2019-03-29 15:22:12 - [TEST_STEP][PASSED] - verifyMatch(TarikhSemasa, formattedDate, false): Actual text '29/03/2019' and expected text '29/03/2019' are matched 

2019-03-29 15:22:12 - [MESSAGE][PASSED] - Actual text '29/03/2019' and expected text '29/03/2019' are matched 

2019-03-29 15:22:12 - [TEST_STEP][PASSED] - delay(3): Delayed 3 second(s)

2019-03-29 15:22:15 - [MESSAGE][PASSED] - Delayed 3 second(s)

2019-03-29 15:22:15 - [TEST_STEP][PASSED] - jumlah = getText(findTestObject("Perolehan/003 Pengesah/label_Jumlah_pesanan_tempatan")): Text of object 'Object Repository/Perolehan/003 Pengesah/label_Jumlah_pesanan_tempatan' is: '6.30'

2019-03-29 15:22:15 - [MESSAGE][PASSED] - Text of object 'Object Repository/Perolehan/003 Pengesah/label_Jumlah_pesanan_tempatan' is: '6.30'

2019-03-29 15:22:15 - [TEST_STEP][PASSED] - println(jumlah): null

2019-03-29 15:22:15 - [TEST_STEP][PASSED] - verifyMatch(jumlah, TotalAmaunPT, false): Actual text '6.30' and expected text '6.30' are matched 

2019-03-29 15:22:15 - [MESSAGE][PASSED] - Actual text '6.30' and expected text '6.30' are matched 

2019-03-29 15:22:15 - [TEST_STEP][PASSED] - click(findTestObject("Perolehan/003 Pengesah/button_sah")): Object: 'Object Repository/Perolehan/003 Pengesah/button_sah' is clicked on

2019-03-29 15:22:15 - [MESSAGE][PASSED] - Object: 'Object Repository/Perolehan/003 Pengesah/button_sah' is clicked on

2019-03-29 15:22:15 - [TEST_STEP][PASSED] - delay(3): Delayed 3 second(s)

2019-03-29 15:22:18 - [MESSAGE][PASSED] - Delayed 3 second(s)

2019-03-29 15:22:18 - [TEST_STEP][PASSED] - click(findTestObject("Perolehan/003 Pengesah/Button_ya_sahkan")): Object: 'Object Repository/Perolehan/003 Pengesah/Button_ya_sahkan' is clicked on

2019-03-29 15:22:18 - [MESSAGE][PASSED] - Object: 'Object Repository/Perolehan/003 Pengesah/Button_ya_sahkan' is clicked on

2019-03-29 15:22:18 - [TEST_STEP][PASSED] - delay(5): Delayed 5 second(s)

2019-03-29 15:22:23 - [MESSAGE][PASSED] - Delayed 5 second(s)

2019-03-29 15:22:23 - [TEST_STEP][PASSED] - waitForElementClickable(findTestObject("Perolehan/003 Pengesah/button_OK_berjaya_disah"), 60): Object 'Object Repository/Perolehan/003 Pengesah/button_OK_berjaya_disah' is clickable

2019-03-29 15:22:23 - [MESSAGE][PASSED] - Object 'Object Repository/Perolehan/003 Pengesah/button_OK_berjaya_disah' is clickable

2019-03-29 15:22:23 - [TEST_STEP][PASSED] - waitForElementClickable(findTestObject("Perolehan/002 Penyedia_RekodBaru/001 Rekod Baru Pesanan Tempatan/button_OK_Rekod_Berjaya_disimpan"), 300): Object 'Object Repository/Perolehan/002 Penyedia_RekodBaru/001 Rekod Baru Pesanan Tempatan/button_OK_Rekod_Berjaya_disimpan' is clickable

2019-03-29 15:22:23 - [MESSAGE][PASSED] - Object 'Object Repository/Perolehan/002 Penyedia_RekodBaru/001 Rekod Baru Pesanan Tempatan/button_OK_Rekod_Berjaya_disimpan' is clickable

2019-03-29 15:22:23 - [TEST_STEP][PASSED] - element = findWebElement(findTestObject("Perolehan/003 Pengesah/button_OK_berjaya_disah"), 300): null

2019-03-29 15:22:23 - [TEST_STEP][PASSED] - executeJavaScript("arguments[0].click", Arrays.asList(element)): Execute JavaScript 'arguments[0].click' successfully

2019-03-29 15:22:23 - [MESSAGE][PASSED] - Execute JavaScript 'arguments[0].click' successfully

2019-03-29 15:22:23 - [TEST_STEP][PASSED] - delay(5): Delayed 5 second(s)

2019-03-29 15:22:28 - [MESSAGE][PASSED] - Delayed 5 second(s)

2019-03-29 15:22:28 - [TEST_STEP][PASSED] - click(findTestObject("Perolehan/003 Pengesah/button_OK_berjaya_disah")): Object: 'Object Repository/Perolehan/003 Pengesah/button_OK_berjaya_disah' is clicked on

2019-03-29 15:22:28 - [MESSAGE][PASSED] - Object: 'Object Repository/Perolehan/003 Pengesah/button_OK_berjaya_disah' is clicked on

2019-03-29 15:22:28 - [TEST_STEP][PASSED] - closeBrowser(): Browser is closed

2019-03-29 15:22:29 - [MESSAGE][PASSED] - Browser is closed]]></system-out>
         <system-err><![CDATA[]]></system-err>
      </testcase>
      <testcase name="Test Cases/Perolehan/004 Pelulus Pesanan Tempatan/Pelulus" classname="Test Cases/Perolehan/004 Pelulus Pesanan Tempatan/Pelulus" status="PASSED">
         <system-out><![CDATA[2019-03-29 15:22:29 - [TEST_CASE][PASSED] - Test Cases/Perolehan/004 Pelulus Pesanan Tempatan/Pelulus: Test Cases/Perolehan/004 Pelulus Pesanan Tempatan/Pelulus

2019-03-29 15:22:29 - [TEST_STEP][PASSED] - openBrowser(""): Browser is opened with url: ''

2019-03-29 15:22:29 - [MESSAGE][INFO] - Starting 'Chrome' driver

2019-03-29 15:22:31 - [MESSAGE][PASSED] - Browser is opened with url: ''

2019-03-29 15:22:31 - [TEST_STEP][PASSED] - navigateToUrl(URL_Homepage): Navigate to 'http://175.143.52.101:7010/1SPEKSv2/' successfully

2019-03-29 15:22:32 - [MESSAGE][PASSED] - Navigate to 'http://175.143.52.101:7010/1SPEKSv2/' successfully

2019-03-29 15:22:32 - [TEST_STEP][PASSED] - reusablefunctions.reusablefunctions.Login(findTestData("ispekstestdata").getValue(1, 7), findTestData("ispekstestdata").getValue(2, 7)): reusablefunctions.reusablefunctions.Login is PASSED

2019-03-29 15:22:32 - [MESSAGE][PASSED] - Text '780613015177' is set on object 'Object Repository/Login/input_NoKadPengenalan'

2019-03-29 15:22:32 - [MESSAGE][PASSED] - Text ****** has been set on object 'Object Repository/Login/input_Password'

2019-03-29 15:22:33 - [MESSAGE][PASSED] - Object: 'Object Repository/Login/input_ButtonLogMasuk' is clicked on

2019-03-29 15:22:43 - [MESSAGE][PASSED] - Delayed 10 second(s)

2019-03-29 15:22:43 - [MESSAGE][PASSED] - reusablefunctions.reusablefunctions.Login is PASSED

2019-03-29 15:22:43 - [TEST_STEP][PASSED] - click(findTestObject("Perolehan/TukarPeranan/IconTukarPeranan")): Object: 'Object Repository/Perolehan/TukarPeranan/IconTukarPeranan' is clicked on

2019-03-29 15:22:43 - [MESSAGE][PASSED] - Object: 'Object Repository/Perolehan/TukarPeranan/IconTukarPeranan' is clicked on

2019-03-29 15:22:43 - [TEST_STEP][PASSED] - click(findTestObject("Perolehan/TukarPeranan/input_TukarPeranan", ["value":"220"])): Object: 'Object Repository/Perolehan/TukarPeranan/input_TukarPeranan' is clicked on

2019-03-29 15:22:43 - [MESSAGE][PASSED] - Object: 'Object Repository/Perolehan/TukarPeranan/input_TukarPeranan' is clicked on

2019-03-29 15:22:43 - [TEST_STEP][PASSED] - click(findTestObject("Perolehan/TukarPeranan/button_Ya")): Object: 'Object Repository/Perolehan/TukarPeranan/button_Ya' is clicked on

2019-03-29 15:22:43 - [MESSAGE][PASSED] - Object: 'Object Repository/Perolehan/TukarPeranan/button_Ya' is clicked on

2019-03-29 15:22:43 - [TEST_STEP][PASSED] - delay(20): Delayed 20 second(s)

2019-03-29 15:23:03 - [MESSAGE][PASSED] - Delayed 20 second(s)

2019-03-29 15:23:03 - [TEST_STEP][PASSED] - verifyTextPresent("Peranan : [Pelulus] Peringkat : [PTJ]", false): Text 'Peranan : [Pelulus] Peringkat : [PTJ]' is present on page 

2019-03-29 15:23:05 - [MESSAGE][PASSED] - Text 'Peranan : [Pelulus] Peringkat : [PTJ]' is present on page 

2019-03-29 15:23:05 - [TEST_STEP][PASSED] - delay(5): Delayed 5 second(s)

2019-03-29 15:23:10 - [MESSAGE][PASSED] - Delayed 5 second(s)

2019-03-29 15:23:10 - [TEST_STEP][PASSED] - click(findTestObject("Perolehan/001 Left_Menu_Selection/a_ExpandMenuonLeft")): Object: 'Object Repository/Perolehan/001 Left_Menu_Selection/a_ExpandMenuonLeft' is clicked on

2019-03-29 15:23:11 - [MESSAGE][PASSED] - Object: 'Object Repository/Perolehan/001 Left_Menu_Selection/a_ExpandMenuonLeft' is clicked on

2019-03-29 15:23:11 - [TEST_STEP][PASSED] - delay(3, STOP_ON_FAILURE): Delayed 3 second(s)

2019-03-29 15:23:14 - [MESSAGE][PASSED] - Delayed 3 second(s)

2019-03-29 15:23:14 - [TEST_STEP][PASSED] - click(findTestObject("Perolehan/001 Left_Menu_Selection/div_PanelTitlePerolehan")): Object: 'Object Repository/Perolehan/001 Left_Menu_Selection/div_PanelTitlePerolehan' is clicked on

2019-03-29 15:23:14 - [MESSAGE][PASSED] - Object: 'Object Repository/Perolehan/001 Left_Menu_Selection/div_PanelTitlePerolehan' is clicked on

2019-03-29 15:23:14 - [TEST_STEP][PASSED] - delay(3, STOP_ON_FAILURE): Delayed 3 second(s)

2019-03-29 15:23:17 - [MESSAGE][PASSED] - Delayed 3 second(s)

2019-03-29 15:23:17 - [TEST_STEP][PASSED] - click(findTestObject("Perolehan/001 Left_Menu_Selection/div_PesananTempatan")): Object: 'Object Repository/Perolehan/001 Left_Menu_Selection/div_PesananTempatan' is clicked on

2019-03-29 15:23:17 - [MESSAGE][PASSED] - Object: 'Object Repository/Perolehan/001 Left_Menu_Selection/div_PesananTempatan' is clicked on

2019-03-29 15:23:17 - [TEST_STEP][PASSED] - delay(3): Delayed 3 second(s)

2019-03-29 15:23:20 - [MESSAGE][PASSED] - Delayed 3 second(s)

2019-03-29 15:23:20 - [TEST_STEP][PASSED] - setText(findTestObject("Perolehan/004 Pelulus/input_No_Rekod"), PesananTempatanRekodID): Text '19CHIK030100019' is set on object 'Object Repository/Perolehan/004 Pelulus/input_No_Rekod'

2019-03-29 15:23:20 - [MESSAGE][PASSED] - Text '19CHIK030100019' is set on object 'Object Repository/Perolehan/004 Pelulus/input_No_Rekod'

2019-03-29 15:23:20 - [TEST_STEP][PASSED] - doubleClick(findTestObject("Perolehan/004 Pelulus/Senarai_Tugas_Item_No_1", ["text":PesananTempatanRekodID])): Object: 'Object Repository/Perolehan/004 Pelulus/Senarai_Tugas_Item_No_1' is double clicked on

2019-03-29 15:23:20 - [MESSAGE][PASSED] - Object: 'Object Repository/Perolehan/004 Pelulus/Senarai_Tugas_Item_No_1' is double clicked on

2019-03-29 15:23:20 - [TEST_STEP][PASSED] - delay(3): Delayed 3 second(s)

2019-03-29 15:23:23 - [MESSAGE][PASSED] - Delayed 3 second(s)

2019-03-29 15:23:23 - [TEST_STEP][PASSED] - mydate = new java.util.Date(): null

2019-03-29 15:23:23 - [TEST_STEP][PASSED] - formattedDate = mydate.format("dd/MM/yyyy"): null

2019-03-29 15:23:23 - [TEST_STEP][PASSED] - formattedYear = mydate.format("yyyy"): null

2019-03-29 15:23:23 - [TEST_STEP][PASSED] - println(formattedDate): null

2019-03-29 15:23:23 - [TEST_STEP][PASSED] - println(formattedYear): null

2019-03-29 15:23:23 - [TEST_STEP][PASSED] - TahunKewangan = getText(findTestObject("Perolehan/003 Pengesah/Label_tahun_kewangan")): Text of object 'Object Repository/Perolehan/003 Pengesah/Label_tahun_kewangan' is: '2019'

2019-03-29 15:23:23 - [MESSAGE][PASSED] - Text of object 'Object Repository/Perolehan/003 Pengesah/Label_tahun_kewangan' is: '2019'

2019-03-29 15:23:23 - [TEST_STEP][PASSED] - verifyMatch(TahunKewangan, formattedYear, false): Actual text '2019' and expected text '2019' are matched 

2019-03-29 15:23:23 - [MESSAGE][PASSED] - Actual text '2019' and expected text '2019' are matched 

2019-03-29 15:23:23 - [TEST_STEP][PASSED] - TarikhSemasa = getText(findTestObject("Perolehan/003 Pengesah/Label_Tarikh_semasa")): Text of object 'Object Repository/Perolehan/003 Pengesah/Label_Tarikh_semasa' is: '29/03/2019'

2019-03-29 15:23:23 - [MESSAGE][PASSED] - Text of object 'Object Repository/Perolehan/003 Pengesah/Label_Tarikh_semasa' is: '29/03/2019'

2019-03-29 15:23:23 - [TEST_STEP][PASSED] - verifyMatch(TarikhSemasa, formattedDate, false): Actual text '29/03/2019' and expected text '29/03/2019' are matched 

2019-03-29 15:23:23 - [MESSAGE][PASSED] - Actual text '29/03/2019' and expected text '29/03/2019' are matched 

2019-03-29 15:23:23 - [TEST_STEP][PASSED] - delay(20): Delayed 20 second(s)

2019-03-29 15:23:43 - [MESSAGE][PASSED] - Delayed 20 second(s)

2019-03-29 15:23:43 - [TEST_STEP][PASSED] - jumlah = getText(findTestObject("Perolehan/003 Pengesah/label_Jumlah_pesanan_tempatan")): Text of object 'Object Repository/Perolehan/003 Pengesah/label_Jumlah_pesanan_tempatan' is: '6.30'

2019-03-29 15:23:43 - [MESSAGE][PASSED] - Text of object 'Object Repository/Perolehan/003 Pengesah/label_Jumlah_pesanan_tempatan' is: '6.30'

2019-03-29 15:23:43 - [TEST_STEP][PASSED] - delay(3): Delayed 3 second(s)

2019-03-29 15:23:46 - [MESSAGE][PASSED] - Delayed 3 second(s)

2019-03-29 15:23:46 - [TEST_STEP][PASSED] - println(jumlah): null

2019-03-29 15:23:46 - [TEST_STEP][PASSED] - verifyMatch(jumlah, TotalAmaunPT, false): Actual text '6.30' and expected text '6.30' are matched 

2019-03-29 15:23:46 - [MESSAGE][PASSED] - Actual text '6.30' and expected text '6.30' are matched 

2019-03-29 15:23:46 - [TEST_STEP][PASSED] - click(findTestObject("Perolehan/004 Pelulus/button_Lulus")): Object: 'Object Repository/Perolehan/004 Pelulus/button_Lulus' is clicked on

2019-03-29 15:23:46 - [MESSAGE][PASSED] - Object: 'Object Repository/Perolehan/004 Pelulus/button_Lulus' is clicked on

2019-03-29 15:23:46 - [TEST_STEP][PASSED] - click(findTestObject("Perolehan/004 Pelulus/button_ya_luluskan")): Object: 'Object Repository/Perolehan/004 Pelulus/button_ya_luluskan' is clicked on

2019-03-29 15:23:46 - [MESSAGE][PASSED] - Object: 'Object Repository/Perolehan/004 Pelulus/button_ya_luluskan' is clicked on

2019-03-29 15:23:46 - [TEST_STEP][PASSED] - delay(8): Delayed 8 second(s)

2019-03-29 15:23:54 - [MESSAGE][PASSED] - Delayed 8 second(s)

2019-03-29 15:23:54 - [TEST_STEP][PASSED] - waitForElementClickable(findTestObject("Perolehan/004 Pelulus/button_OK_Berjaya_lulus"), 180): Object 'Object Repository/Perolehan/004 Pelulus/button_OK_Berjaya_lulus' is clickable

2019-03-29 15:23:54 - [MESSAGE][PASSED] - Object 'Object Repository/Perolehan/004 Pelulus/button_OK_Berjaya_lulus' is clickable

2019-03-29 15:23:54 - [TEST_STEP][PASSED] - RekodBerjayaLulus = getText(findTestObject("Perolehan/004 Pelulus/RekodBerjayaLulus")): Text of object 'Object Repository/Perolehan/004 Pelulus/RekodBerjayaLulus' is: 'Rekod Telah Berjaya Diluluskan. [ NO DOKUMEN :19CHIK0300014 ]
Ok'

2019-03-29 15:23:54 - [MESSAGE][PASSED] - Text of object 'Object Repository/Perolehan/004 Pelulus/RekodBerjayaLulus' is: 'Rekod Telah Berjaya Diluluskan. [ NO DOKUMEN :19CHIK0300014 ]
Ok'

2019-03-29 15:23:54 - [TEST_STEP][PASSED] - println(RekodBerjayaLulus): null

2019-03-29 15:23:54 - [TEST_STEP][PASSED] - PTDokumenID = RekodBerjayaLulus[(46..58)]: null

2019-03-29 15:23:54 - [TEST_STEP][PASSED] - println(PTDokumenID): null

2019-03-29 15:23:54 - [TEST_STEP][PASSED] - PesananTempatanDokumenID = PTDokumenID: null

2019-03-29 15:23:54 - [TEST_STEP][PASSED] - delay(3): Delayed 3 second(s)

2019-03-29 15:23:57 - [MESSAGE][PASSED] - Delayed 3 second(s)

2019-03-29 15:23:57 - [TEST_STEP][PASSED] - waitForElementClickable(findTestObject("Perolehan/002 Penyedia_RekodBaru/001 Rekod Baru Pesanan Tempatan/button_OK_Rekod_Berjaya_disimpan"), 300): Object 'Object Repository/Perolehan/002 Penyedia_RekodBaru/001 Rekod Baru Pesanan Tempatan/button_OK_Rekod_Berjaya_disimpan' is clickable

2019-03-29 15:23:57 - [MESSAGE][PASSED] - Object 'Object Repository/Perolehan/002 Penyedia_RekodBaru/001 Rekod Baru Pesanan Tempatan/button_OK_Rekod_Berjaya_disimpan' is clickable

2019-03-29 15:23:57 - [TEST_STEP][PASSED] - element = findWebElement(findTestObject("Perolehan/004 Pelulus/button_OK_Berjaya_lulus"), 300): null

2019-03-29 15:23:57 - [TEST_STEP][PASSED] - executeJavaScript("arguments[0].click", Arrays.asList(element)): Execute JavaScript 'arguments[0].click' successfully

2019-03-29 15:23:57 - [MESSAGE][PASSED] - Execute JavaScript 'arguments[0].click' successfully

2019-03-29 15:23:57 - [TEST_STEP][PASSED] - click(findTestObject("Perolehan/004 Pelulus/button_OK_Berjaya_lulus")): Object: 'Object Repository/Perolehan/004 Pelulus/button_OK_Berjaya_lulus' is clicked on

2019-03-29 15:23:58 - [MESSAGE][PASSED] - Object: 'Object Repository/Perolehan/004 Pelulus/button_OK_Berjaya_lulus' is clicked on

2019-03-29 15:23:58 - [TEST_STEP][PASSED] - closeBrowser(): Browser is closed

2019-03-29 15:23:58 - [MESSAGE][PASSED] - Browser is closed]]></system-out>
         <system-err><![CDATA[]]></system-err>
      </testcase>
      <testcase name="Test Cases/Perolehan/005 Terimaan Barang Perkhidmatan/004 Proses Kemasukan Inden Kerja - CEK" classname="Test Cases/Perolehan/005 Terimaan Barang Perkhidmatan/004 Proses Kemasukan Inden Kerja - CEK" status="PASSED">
         <system-out><![CDATA[2019-03-29 15:23:58 - [TEST_CASE][PASSED] - Test Cases/Perolehan/005 Terimaan Barang Perkhidmatan/004 Proses Kemasukan Inden Kerja - CEK: Test Cases/Perolehan/005 Terimaan Barang Perkhidmatan/004 Proses Kemasukan Inden Kerja - CEK

2019-03-29 15:23:58 - [TEST_STEP][PASSED] - reusablefunctions.reusablefunctions.openbrowser(): reusablefunctions.reusablefunctions.openbrowser is PASSED

2019-03-29 15:23:58 - [MESSAGE][INFO] - Starting 'Chrome' driver

2019-03-29 15:24:01 - [MESSAGE][PASSED] - Browser is opened with url: 'http://175.143.52.101:7010/1SPEKSv2/'

2019-03-29 15:24:01 - [MESSAGE][PASSED] - reusablefunctions.reusablefunctions.openbrowser is PASSED

2019-03-29 15:24:01 - [TEST_STEP][PASSED] - reusablefunctions.reusablefunctions.Login(findTestData("ispekstestdata").getValue(1, 4), findTestData("ispekstestdata").getValue(2, 4)): reusablefunctions.reusablefunctions.Login is PASSED

2019-03-29 15:24:01 - [MESSAGE][PASSED] - Text '810213016116' is set on object 'Object Repository/Login/input_NoKadPengenalan'

2019-03-29 15:24:02 - [MESSAGE][PASSED] - Text ****** has been set on object 'Object Repository/Login/input_Password'

2019-03-29 15:24:03 - [MESSAGE][PASSED] - Object: 'Object Repository/Login/input_ButtonLogMasuk' is clicked on

2019-03-29 15:24:13 - [MESSAGE][PASSED] - Delayed 10 second(s)

2019-03-29 15:24:13 - [MESSAGE][PASSED] - reusablefunctions.reusablefunctions.Login is PASSED

2019-03-29 15:24:13 - [TEST_STEP][PASSED] - reusablefunctions.reusablefunctions.PerananPenyediaPTJ(): reusablefunctions.reusablefunctions.PerananPenyediaPTJ is PASSED

2019-03-29 15:24:13 - [MESSAGE][PASSED] - Object: 'Object Repository/Perolehan/TukarPeranan/IconTukarPeranan' is clicked on

2019-03-29 15:24:13 - [MESSAGE][PASSED] - Object: 'Object Repository/Perolehan/TukarPeranan/input_TukarPenyediaPTJ' is clicked on

2019-03-29 15:24:13 - [MESSAGE][PASSED] - Object: 'Object Repository/Perolehan/TukarPeranan/button_Ya' is clicked on

2019-03-29 15:24:33 - [MESSAGE][PASSED] - Delayed 20 second(s)

2019-03-29 15:24:35 - [MESSAGE][PASSED] - Text 'Peranan : [Penyedia] Peringkat : [PTJ]' is present on page 

2019-03-29 15:24:35 - [MESSAGE][PASSED] - reusablefunctions.reusablefunctions.PerananPenyediaPTJ is PASSED

2019-03-29 15:24:35 - [TEST_STEP][PASSED] - click(findTestObject("Perolehan/001 Left_Menu_Selection/a_ExpandMenuonLeft")): Object: 'Object Repository/Perolehan/001 Left_Menu_Selection/a_ExpandMenuonLeft' is clicked on

2019-03-29 15:24:35 - [MESSAGE][PASSED] - Object: 'Object Repository/Perolehan/001 Left_Menu_Selection/a_ExpandMenuonLeft' is clicked on

2019-03-29 15:24:35 - [TEST_STEP][PASSED] - delay(3, STOP_ON_FAILURE): Delayed 3 second(s)

2019-03-29 15:24:38 - [MESSAGE][PASSED] - Delayed 3 second(s)

2019-03-29 15:24:38 - [TEST_STEP][PASSED] - click(findTestObject("Perolehan/001 Left_Menu_Selection/div_ClickonPerolehan")): Object: 'Object Repository/Perolehan/001 Left_Menu_Selection/div_ClickonPerolehan' is clicked on

2019-03-29 15:24:38 - [MESSAGE][PASSED] - Object: 'Object Repository/Perolehan/001 Left_Menu_Selection/div_ClickonPerolehan' is clicked on

2019-03-29 15:24:38 - [TEST_STEP][PASSED] - delay(3, STOP_ON_FAILURE): Delayed 3 second(s)

2019-03-29 15:24:41 - [MESSAGE][PASSED] - Delayed 3 second(s)

2019-03-29 15:24:41 - [TEST_STEP][PASSED] - click(findTestObject("Perolehan/001 Left_Menu_Selection/div_Kemasukan_Terimaan_Barang")): Object: 'Object Repository/Perolehan/001 Left_Menu_Selection/div_Kemasukan_Terimaan_Barang' is clicked on

2019-03-29 15:24:41 - [MESSAGE][PASSED] - Object: 'Object Repository/Perolehan/001 Left_Menu_Selection/div_Kemasukan_Terimaan_Barang' is clicked on

2019-03-29 15:24:41 - [TEST_STEP][PASSED] - assert true: null

2019-03-29 15:24:41 - [TEST_STEP][PASSED] - delay(3): Delayed 3 second(s)

2019-03-29 15:24:44 - [MESSAGE][PASSED] - Delayed 3 second(s)

2019-03-29 15:24:44 - [TEST_STEP][PASSED] - click(findTestObject("Perolehan/005 Kemasukan Terimaan/001 Kemasukan Pesanan Tempatan/button_REKOD BARU")): Object: 'Object Repository/Perolehan/005 Kemasukan Terimaan/001 Kemasukan Pesanan Tempatan/button_REKOD BARU' is clicked on

2019-03-29 15:24:44 - [MESSAGE][PASSED] - Object: 'Object Repository/Perolehan/005 Kemasukan Terimaan/001 Kemasukan Pesanan Tempatan/button_REKOD BARU' is clicked on

2019-03-29 15:24:44 - [TEST_STEP][PASSED] - delay(3): Delayed 3 second(s)

2019-03-29 15:24:47 - [MESSAGE][PASSED] - Delayed 3 second(s)

2019-03-29 15:24:47 - [TEST_STEP][PASSED] - click(findTestObject("Perolehan/005 Kemasukan Terimaan/001 Kemasukan Pesanan Tempatan/Drop_down_No_Dokumen")): Object: 'Object Repository/Perolehan/005 Kemasukan Terimaan/001 Kemasukan Pesanan Tempatan/Drop_down_No_Dokumen' is clicked on

2019-03-29 15:24:47 - [MESSAGE][PASSED] - Object: 'Object Repository/Perolehan/005 Kemasukan Terimaan/001 Kemasukan Pesanan Tempatan/Drop_down_No_Dokumen' is clicked on

2019-03-29 15:24:47 - [TEST_STEP][PASSED] - delay(3): Delayed 3 second(s)

2019-03-29 15:24:50 - [MESSAGE][PASSED] - Delayed 3 second(s)

2019-03-29 15:24:50 - [TEST_STEP][PASSED] - setText(findTestObject("Perolehan/005 Kemasukan Terimaan/001 Kemasukan Pesanan Tempatan/input_No_Dokumen_value"), PesananTempatanDokumenID): Text '19CHIK0300014' is set on object 'Object Repository/Perolehan/005 Kemasukan Terimaan/001 Kemasukan Pesanan Tempatan/input_No_Dokumen_value'

2019-03-29 15:24:51 - [MESSAGE][PASSED] - Text '19CHIK0300014' is set on object 'Object Repository/Perolehan/005 Kemasukan Terimaan/001 Kemasukan Pesanan Tempatan/input_No_Dokumen_value'

2019-03-29 15:24:51 - [TEST_STEP][PASSED] - delay(5): Delayed 5 second(s)

2019-03-29 15:24:56 - [MESSAGE][PASSED] - Delayed 5 second(s)

2019-03-29 15:24:56 - [TEST_STEP][PASSED] - click(findTestObject("Perolehan/005 Kemasukan Terimaan/001 Kemasukan Pesanan Tempatan/select_No_Dokumen")): Object: 'Object Repository/Perolehan/005 Kemasukan Terimaan/001 Kemasukan Pesanan Tempatan/select_No_Dokumen' is clicked on

2019-03-29 15:24:56 - [MESSAGE][PASSED] - Object: 'Object Repository/Perolehan/005 Kemasukan Terimaan/001 Kemasukan Pesanan Tempatan/select_No_Dokumen' is clicked on

2019-03-29 15:24:56 - [TEST_STEP][PASSED] - delay(3): Delayed 3 second(s)

2019-03-29 15:24:59 - [MESSAGE][PASSED] - Delayed 3 second(s)

2019-03-29 15:24:59 - [TEST_STEP][PASSED] - click(findTestObject("Perolehan/005 Kemasukan Terimaan/001 Kemasukan Pesanan Tempatan/button_Cari")): Object: 'Object Repository/Perolehan/005 Kemasukan Terimaan/001 Kemasukan Pesanan Tempatan/button_Cari' is clicked on

2019-03-29 15:24:59 - [MESSAGE][PASSED] - Object: 'Object Repository/Perolehan/005 Kemasukan Terimaan/001 Kemasukan Pesanan Tempatan/button_Cari' is clicked on

2019-03-29 15:24:59 - [TEST_STEP][PASSED] - delay(3): Delayed 3 second(s)

2019-03-29 15:25:02 - [MESSAGE][PASSED] - Delayed 3 second(s)

2019-03-29 15:25:02 - [TEST_STEP][PASSED] - click(findTestObject("Perolehan/005 Kemasukan Terimaan/001 Kemasukan Pesanan Tempatan/OK_Rekod_Wujud")): Object: 'Object Repository/Perolehan/005 Kemasukan Terimaan/001 Kemasukan Pesanan Tempatan/OK_Rekod_Wujud' is clicked on

2019-03-29 15:25:02 - [MESSAGE][PASSED] - Object: 'Object Repository/Perolehan/005 Kemasukan Terimaan/001 Kemasukan Pesanan Tempatan/OK_Rekod_Wujud' is clicked on

2019-03-29 15:25:02 - [TEST_STEP][PASSED] - delay(3): Delayed 3 second(s)

2019-03-29 15:25:05 - [MESSAGE][PASSED] - Delayed 3 second(s)

2019-03-29 15:25:05 - [TEST_STEP][PASSED] - click(findTestObject("Perolehan/005 Kemasukan Terimaan/002 Kemasukan Inden Kerja/Drop_down_Jenis_Terimaan")): Object: 'Object Repository/Perolehan/005 Kemasukan Terimaan/002 Kemasukan Inden Kerja/Drop_down_Jenis_Terimaan' is clicked on

2019-03-29 15:25:05 - [MESSAGE][PASSED] - Object: 'Object Repository/Perolehan/005 Kemasukan Terimaan/002 Kemasukan Inden Kerja/Drop_down_Jenis_Terimaan' is clicked on

2019-03-29 15:25:05 - [TEST_STEP][PASSED] - click(findTestObject("Perolehan/005 Kemasukan Terimaan/002 Kemasukan Inden Kerja/select_TERIMAAN INDEN KERJA PENUH")): Object: 'Object Repository/Perolehan/005 Kemasukan Terimaan/002 Kemasukan Inden Kerja/select_TERIMAAN INDEN KERJA PENUH' is clicked on

2019-03-29 15:25:05 - [MESSAGE][PASSED] - Object: 'Object Repository/Perolehan/005 Kemasukan Terimaan/002 Kemasukan Inden Kerja/select_TERIMAAN INDEN KERJA PENUH' is clicked on

2019-03-29 15:25:05 - [TEST_STEP][PASSED] - setText(findTestObject("Perolehan/005 Kemasukan Terimaan/002 Kemasukan Inden Kerja/input_No_Rujukan"), "9876543210543"): Text '9876543210543' is set on object 'Object Repository/Perolehan/005 Kemasukan Terimaan/002 Kemasukan Inden Kerja/input_No_Rujukan'

2019-03-29 15:25:05 - [MESSAGE][PASSED] - Text '9876543210543' is set on object 'Object Repository/Perolehan/005 Kemasukan Terimaan/002 Kemasukan Inden Kerja/input_No_Rujukan'

2019-03-29 15:25:05 - [TEST_STEP][PASSED] - click(findTestObject("Perolehan/005 Kemasukan Terimaan/002 Kemasukan Inden Kerja/Date_Picker_Tarikh_No_Rujukan")): Object: 'Object Repository/Perolehan/005 Kemasukan Terimaan/002 Kemasukan Inden Kerja/Date_Picker_Tarikh_No_Rujukan' is clicked on

2019-03-29 15:25:05 - [MESSAGE][PASSED] - Object: 'Object Repository/Perolehan/005 Kemasukan Terimaan/002 Kemasukan Inden Kerja/Date_Picker_Tarikh_No_Rujukan' is clicked on

2019-03-29 15:25:05 - [TEST_STEP][PASSED] - click(findTestObject("Perolehan/005 Kemasukan Terimaan/002 Kemasukan Inden Kerja/Date_Picker_TR_Today")): Object: 'Object Repository/Perolehan/005 Kemasukan Terimaan/002 Kemasukan Inden Kerja/Date_Picker_TR_Today' is clicked on

2019-03-29 15:25:05 - [MESSAGE][PASSED] - Object: 'Object Repository/Perolehan/005 Kemasukan Terimaan/002 Kemasukan Inden Kerja/Date_Picker_TR_Today' is clicked on

2019-03-29 15:25:05 - [TEST_STEP][PASSED] - delay(3): Delayed 3 second(s)

2019-03-29 15:25:08 - [MESSAGE][PASSED] - Delayed 3 second(s)

2019-03-29 15:25:08 - [TEST_STEP][PASSED] - click(findTestObject("Perolehan/005 Kemasukan Terimaan/002 Kemasukan Inden Kerja/Date_Picker_Tarikh_Siap")): Object: 'Object Repository/Perolehan/005 Kemasukan Terimaan/002 Kemasukan Inden Kerja/Date_Picker_Tarikh_Siap' is clicked on

2019-03-29 15:25:08 - [MESSAGE][PASSED] - Object: 'Object Repository/Perolehan/005 Kemasukan Terimaan/002 Kemasukan Inden Kerja/Date_Picker_Tarikh_Siap' is clicked on

2019-03-29 15:25:08 - [TEST_STEP][PASSED] - click(findTestObject("Perolehan/005 Kemasukan Terimaan/002 Kemasukan Inden Kerja/Date_Picker_TS_Today")): Object: 'Object Repository/Perolehan/005 Kemasukan Terimaan/002 Kemasukan Inden Kerja/Date_Picker_TS_Today' is clicked on

2019-03-29 15:25:09 - [MESSAGE][PASSED] - Object: 'Object Repository/Perolehan/005 Kemasukan Terimaan/002 Kemasukan Inden Kerja/Date_Picker_TS_Today' is clicked on

2019-03-29 15:25:09 - [TEST_STEP][PASSED] - delay(3): Delayed 3 second(s)

2019-03-29 15:25:12 - [MESSAGE][PASSED] - Delayed 3 second(s)

2019-03-29 15:25:12 - [TEST_STEP][PASSED] - setText(findTestObject("Perolehan/005 Kemasukan Terimaan/002 Kemasukan Inden Kerja/input_Catatan"), "Test Catatan 000"): Text 'Test Catatan 000' is set on object 'Object Repository/Perolehan/005 Kemasukan Terimaan/002 Kemasukan Inden Kerja/input_Catatan'

2019-03-29 15:25:12 - [MESSAGE][PASSED] - Text 'Test Catatan 000' is set on object 'Object Repository/Perolehan/005 Kemasukan Terimaan/002 Kemasukan Inden Kerja/input_Catatan'

2019-03-29 15:25:12 - [TEST_STEP][PASSED] - click(findTestObject("Perolehan/005 Kemasukan Terimaan/002 Kemasukan Inden Kerja/button_Simpan")): Object: 'Object Repository/Perolehan/005 Kemasukan Terimaan/002 Kemasukan Inden Kerja/button_Simpan' is clicked on

2019-03-29 15:25:12 - [MESSAGE][PASSED] - Object: 'Object Repository/Perolehan/005 Kemasukan Terimaan/002 Kemasukan Inden Kerja/button_Simpan' is clicked on

2019-03-29 15:25:12 - [TEST_STEP][PASSED] - delay(3): Delayed 3 second(s)

2019-03-29 15:25:15 - [MESSAGE][PASSED] - Delayed 3 second(s)

2019-03-29 15:25:15 - [TEST_STEP][PASSED] - waitForElementClickable(findTestObject("Perolehan/005 Kemasukan Terimaan/002 Kemasukan Inden Kerja/button_OK_rekod_berjaya_disimpan"), 60): Object 'Object Repository/Perolehan/005 Kemasukan Terimaan/002 Kemasukan Inden Kerja/button_OK_rekod_berjaya_disimpan' is clickable

2019-03-29 15:25:15 - [MESSAGE][PASSED] - Object 'Object Repository/Perolehan/005 Kemasukan Terimaan/002 Kemasukan Inden Kerja/button_OK_rekod_berjaya_disimpan' is clickable

2019-03-29 15:25:15 - [TEST_STEP][PASSED] - click(findTestObject("Perolehan/005 Kemasukan Terimaan/002 Kemasukan Inden Kerja/button_OK_rekod_berjaya_disimpan")): Object: 'Object Repository/Perolehan/005 Kemasukan Terimaan/002 Kemasukan Inden Kerja/button_OK_rekod_berjaya_disimpan' is clicked on

2019-03-29 15:25:15 - [MESSAGE][PASSED] - Object: 'Object Repository/Perolehan/005 Kemasukan Terimaan/002 Kemasukan Inden Kerja/button_OK_rekod_berjaya_disimpan' is clicked on

2019-03-29 15:25:15 - [TEST_STEP][PASSED] - click(findTestObject("Perolehan/005 Kemasukan Terimaan/002 Kemasukan Inden Kerja/button_Sah_Simpan")): Object: 'Object Repository/Perolehan/005 Kemasukan Terimaan/002 Kemasukan Inden Kerja/button_Sah_Simpan' is clicked on

2019-03-29 15:25:15 - [MESSAGE][PASSED] - Object: 'Object Repository/Perolehan/005 Kemasukan Terimaan/002 Kemasukan Inden Kerja/button_Sah_Simpan' is clicked on

2019-03-29 15:25:15 - [TEST_STEP][PASSED] - click(findTestObject("Perolehan/005 Kemasukan Terimaan/002 Kemasukan Inden Kerja/button_Ya_Sah_Simpan")): Object: 'Object Repository/Perolehan/005 Kemasukan Terimaan/002 Kemasukan Inden Kerja/button_Ya_Sah_Simpan' is clicked on

2019-03-29 15:25:15 - [MESSAGE][PASSED] - Object: 'Object Repository/Perolehan/005 Kemasukan Terimaan/002 Kemasukan Inden Kerja/button_Ya_Sah_Simpan' is clicked on

2019-03-29 15:25:15 - [TEST_STEP][PASSED] - delay(10): Delayed 10 second(s)

2019-03-29 15:25:25 - [MESSAGE][PASSED] - Delayed 10 second(s)

2019-03-29 15:25:25 - [TEST_STEP][PASSED] - waitForElementClickable(findTestObject("Perolehan/005 Kemasukan Terimaan/002 Kemasukan Inden Kerja/button_OK_close_rekod_berjaya"), 180): Object 'Object Repository/Perolehan/005 Kemasukan Terimaan/002 Kemasukan Inden Kerja/button_OK_close_rekod_berjaya' is clickable

2019-03-29 15:25:25 - [MESSAGE][PASSED] - Object 'Object Repository/Perolehan/005 Kemasukan Terimaan/002 Kemasukan Inden Kerja/button_OK_close_rekod_berjaya' is clickable

2019-03-29 15:25:25 - [TEST_STEP][PASSED] - waitForElementClickable(findTestObject("Perolehan/002 Penyedia_RekodBaru/001 Rekod Baru Pesanan Tempatan/button_OK_Rekod_Berjaya_disimpan"), 300): Object 'Object Repository/Perolehan/002 Penyedia_RekodBaru/001 Rekod Baru Pesanan Tempatan/button_OK_Rekod_Berjaya_disimpan' is clickable

2019-03-29 15:25:25 - [MESSAGE][PASSED] - Object 'Object Repository/Perolehan/002 Penyedia_RekodBaru/001 Rekod Baru Pesanan Tempatan/button_OK_Rekod_Berjaya_disimpan' is clickable

2019-03-29 15:25:25 - [TEST_STEP][PASSED] - element = findWebElement(findTestObject("Perolehan/005 Kemasukan Terimaan/002 Kemasukan Inden Kerja/button_OK_close_rekod_berjaya"), 300): null

2019-03-29 15:25:25 - [TEST_STEP][PASSED] - takeScreenshot(): Taking screenshot successfully

2019-03-29 15:25:25 - [MESSAGE][PASSED] - Taking screenshot successfully
[[ATTACHMENT|C:\\Users\\Consultant_MSPHitect\\Katalon Studio\\TrainingonKatalon\\Reports\\Perolehan\\04 Inden Kerja Cara Bayaran CEK Tiada Pemfaktoran\\20190329_143520\\1553844325530.png]]

2019-03-29 15:25:25 - [TEST_STEP][PASSED] - executeJavaScript("arguments[0].click", Arrays.asList(element)): Execute JavaScript 'arguments[0].click' successfully

2019-03-29 15:25:25 - [MESSAGE][PASSED] - Execute JavaScript 'arguments[0].click' successfully

2019-03-29 15:25:25 - [TEST_STEP][PASSED] - delay(3): Delayed 3 second(s)

2019-03-29 15:25:28 - [MESSAGE][PASSED] - Delayed 3 second(s)

2019-03-29 15:25:28 - [TEST_STEP][PASSED] - click(findTestObject("Perolehan/005 Kemasukan Terimaan/002 Kemasukan Inden Kerja/button_OK_close_rekod_berjaya")): Object: 'Object Repository/Perolehan/005 Kemasukan Terimaan/002 Kemasukan Inden Kerja/button_OK_close_rekod_berjaya' is clicked on

2019-03-29 15:25:28 - [MESSAGE][PASSED] - Object: 'Object Repository/Perolehan/005 Kemasukan Terimaan/002 Kemasukan Inden Kerja/button_OK_close_rekod_berjaya' is clicked on

2019-03-29 15:25:28 - [TEST_STEP][PASSED] - closeBrowser(): Browser is closed

2019-03-29 15:25:29 - [MESSAGE][PASSED] - Browser is closed]]></system-out>
         <system-err><![CDATA[]]></system-err>
      </testcase>
      <testcase name="Test Cases/Perolehan/006 Arahan Bayaran/004 Arahan Bayaran Inden Kerja - CEK" classname="Test Cases/Perolehan/006 Arahan Bayaran/004 Arahan Bayaran Inden Kerja - CEK" status="PASSED">
         <system-out><![CDATA[2019-03-29 15:25:29 - [TEST_CASE][PASSED] - Test Cases/Perolehan/006 Arahan Bayaran/004 Arahan Bayaran Inden Kerja - CEK: Test Cases/Perolehan/006 Arahan Bayaran/004 Arahan Bayaran Inden Kerja - CEK

2019-03-29 15:25:29 - [TEST_STEP][PASSED] - reusablefunctions.reusablefunctions.openbrowser(): reusablefunctions.reusablefunctions.openbrowser is PASSED

2019-03-29 15:25:29 - [MESSAGE][INFO] - Starting 'Chrome' driver

2019-03-29 15:25:32 - [MESSAGE][PASSED] - Browser is opened with url: 'http://175.143.52.101:7010/1SPEKSv2/'

2019-03-29 15:25:32 - [MESSAGE][PASSED] - reusablefunctions.reusablefunctions.openbrowser is PASSED

2019-03-29 15:25:32 - [TEST_STEP][PASSED] - reusablefunctions.reusablefunctions.Login(findTestData("ispekstestdata").getValue(1, 4), findTestData("ispekstestdata").getValue(2, 4)): reusablefunctions.reusablefunctions.Login is PASSED

2019-03-29 15:25:32 - [MESSAGE][PASSED] - Text '810213016116' is set on object 'Object Repository/Login/input_NoKadPengenalan'

2019-03-29 15:25:32 - [MESSAGE][PASSED] - Text ****** has been set on object 'Object Repository/Login/input_Password'

2019-03-29 15:25:33 - [MESSAGE][PASSED] - Object: 'Object Repository/Login/input_ButtonLogMasuk' is clicked on

2019-03-29 15:25:43 - [MESSAGE][PASSED] - Delayed 10 second(s)

2019-03-29 15:25:43 - [MESSAGE][PASSED] - reusablefunctions.reusablefunctions.Login is PASSED

2019-03-29 15:25:43 - [TEST_STEP][PASSED] - delay(3): Delayed 3 second(s)

2019-03-29 15:25:46 - [MESSAGE][PASSED] - Delayed 3 second(s)

2019-03-29 15:25:46 - [TEST_STEP][PASSED] - reusablefunctions.reusablefunctions.PerananPenyediaPTJ(): reusablefunctions.reusablefunctions.PerananPenyediaPTJ is PASSED

2019-03-29 15:25:47 - [MESSAGE][PASSED] - Object: 'Object Repository/Perolehan/TukarPeranan/IconTukarPeranan' is clicked on

2019-03-29 15:25:47 - [MESSAGE][PASSED] - Object: 'Object Repository/Perolehan/TukarPeranan/input_TukarPenyediaPTJ' is clicked on

2019-03-29 15:25:47 - [MESSAGE][PASSED] - Object: 'Object Repository/Perolehan/TukarPeranan/button_Ya' is clicked on

2019-03-29 15:26:07 - [MESSAGE][PASSED] - Delayed 20 second(s)

2019-03-29 15:26:09 - [MESSAGE][PASSED] - Text 'Peranan : [Penyedia] Peringkat : [PTJ]' is present on page 

2019-03-29 15:26:09 - [MESSAGE][PASSED] - reusablefunctions.reusablefunctions.PerananPenyediaPTJ is PASSED

2019-03-29 15:26:09 - [TEST_STEP][PASSED] - click(findTestObject("Perolehan/001 Left_Menu_Selection/a_ExpandMenuonLeft")): Object: 'Object Repository/Perolehan/001 Left_Menu_Selection/a_ExpandMenuonLeft' is clicked on

2019-03-29 15:26:09 - [MESSAGE][PASSED] - Object: 'Object Repository/Perolehan/001 Left_Menu_Selection/a_ExpandMenuonLeft' is clicked on

2019-03-29 15:26:09 - [TEST_STEP][PASSED] - delay(3, STOP_ON_FAILURE): Delayed 3 second(s)

2019-03-29 15:26:12 - [MESSAGE][PASSED] - Delayed 3 second(s)

2019-03-29 15:26:12 - [TEST_STEP][PASSED] - click(findTestObject("Perolehan/001 Left_Menu_Selection/div_PanelTitlePerolehan")): Object: 'Object Repository/Perolehan/001 Left_Menu_Selection/div_PanelTitlePerolehan' is clicked on

2019-03-29 15:26:12 - [MESSAGE][PASSED] - Object: 'Object Repository/Perolehan/001 Left_Menu_Selection/div_PanelTitlePerolehan' is clicked on

2019-03-29 15:26:12 - [TEST_STEP][PASSED] - delay(3, STOP_ON_FAILURE): Delayed 3 second(s)

2019-03-29 15:26:15 - [MESSAGE][PASSED] - Delayed 3 second(s)

2019-03-29 15:26:15 - [TEST_STEP][PASSED] - click(findTestObject("Perolehan/001 Left_Menu_Selection/div_Menu_ArahanBayaran")): Object: 'Object Repository/Perolehan/001 Left_Menu_Selection/div_Menu_ArahanBayaran' is clicked on

2019-03-29 15:26:15 - [MESSAGE][PASSED] - Object: 'Object Repository/Perolehan/001 Left_Menu_Selection/div_Menu_ArahanBayaran' is clicked on

2019-03-29 15:26:15 - [TEST_STEP][PASSED] - assert true: null

2019-03-29 15:26:15 - [TEST_STEP][PASSED] - delay(3): Delayed 3 second(s)

2019-03-29 15:26:18 - [MESSAGE][PASSED] - Delayed 3 second(s)

2019-03-29 15:26:18 - [TEST_STEP][PASSED] - click(findTestObject("Perolehan/006 Arahan Bayaran/001 Pesanan Tempatan/button_REKOD_BARU")): Object: 'Object Repository/Perolehan/006 Arahan Bayaran/001 Pesanan Tempatan/button_REKOD_BARU' is clicked on

2019-03-29 15:26:18 - [MESSAGE][PASSED] - Object: 'Object Repository/Perolehan/006 Arahan Bayaran/001 Pesanan Tempatan/button_REKOD_BARU' is clicked on

2019-03-29 15:26:18 - [TEST_STEP][PASSED] - delay(3): Delayed 3 second(s)

2019-03-29 15:26:21 - [MESSAGE][PASSED] - Delayed 3 second(s)

2019-03-29 15:26:21 - [TEST_STEP][PASSED] - click(findTestObject("Perolehan/006 Arahan Bayaran/002 Inden Kerja - EFT/Drop_Down_Jenis_Baucar_Bayaran"), STOP_ON_FAILURE): Object: 'Object Repository/Perolehan/006 Arahan Bayaran/002 Inden Kerja - EFT/Drop_Down_Jenis_Baucar_Bayaran' is clicked on

2019-03-29 15:26:21 - [MESSAGE][PASSED] - Object: 'Object Repository/Perolehan/006 Arahan Bayaran/002 Inden Kerja - EFT/Drop_Down_Jenis_Baucar_Bayaran' is clicked on

2019-03-29 15:26:21 - [TEST_STEP][PASSED] - delay(3): Delayed 3 second(s)

2019-03-29 15:26:24 - [MESSAGE][PASSED] - Delayed 3 second(s)

2019-03-29 15:26:24 - [TEST_STEP][PASSED] - click(findTestObject("Perolehan/006 Arahan Bayaran/002 Inden Kerja - EFT/select_AB0303_Inden_Kerja")): Object: 'Object Repository/Perolehan/006 Arahan Bayaran/002 Inden Kerja - EFT/select_AB0303_Inden_Kerja' is clicked on

2019-03-29 15:26:25 - [MESSAGE][PASSED] - Object: 'Object Repository/Perolehan/006 Arahan Bayaran/002 Inden Kerja - EFT/select_AB0303_Inden_Kerja' is clicked on

2019-03-29 15:26:25 - [TEST_STEP][PASSED] - delay(3): Delayed 3 second(s)

2019-03-29 15:26:28 - [MESSAGE][PASSED] - Delayed 3 second(s)

2019-03-29 15:26:28 - [TEST_STEP][PASSED] - click(findTestObject("Perolehan/006 Arahan Bayaran/002 Inden Kerja - EFT/Drop_Down_Nama_Pembekal")): Object: 'Object Repository/Perolehan/006 Arahan Bayaran/002 Inden Kerja - EFT/Drop_Down_Nama_Pembekal' is clicked on

2019-03-29 15:26:28 - [MESSAGE][PASSED] - Object: 'Object Repository/Perolehan/006 Arahan Bayaran/002 Inden Kerja - EFT/Drop_Down_Nama_Pembekal' is clicked on

2019-03-29 15:26:28 - [TEST_STEP][PASSED] - delay(3): Delayed 3 second(s)

2019-03-29 15:26:31 - [MESSAGE][PASSED] - Delayed 3 second(s)

2019-03-29 15:26:31 - [TEST_STEP][PASSED] - setText(findTestObject("Perolehan/006 Arahan Bayaran/001 Pesanan Tempatan/input_kod_pembekal"), nama_pembekal_cek): Text 'LOVE ORCHID BIZ' is set on object 'Object Repository/Perolehan/006 Arahan Bayaran/001 Pesanan Tempatan/input_kod_pembekal'

2019-03-29 15:26:31 - [MESSAGE][PASSED] - Text 'LOVE ORCHID BIZ' is set on object 'Object Repository/Perolehan/006 Arahan Bayaran/001 Pesanan Tempatan/input_kod_pembekal'

2019-03-29 15:26:31 - [TEST_STEP][PASSED] - delay(3): Delayed 3 second(s)

2019-03-29 15:26:34 - [MESSAGE][PASSED] - Delayed 3 second(s)

2019-03-29 15:26:34 - [TEST_STEP][PASSED] - click(findTestObject("Perolehan/006 Arahan Bayaran/003 Inden Kerja - CEK/select_nama_pembekal", ["text":nama_pembekal_cek]), STOP_ON_FAILURE): Object: 'Object Repository/Perolehan/006 Arahan Bayaran/003 Inden Kerja - CEK/select_nama_pembekal' is clicked on

2019-03-29 15:26:34 - [MESSAGE][PASSED] - Object: 'Object Repository/Perolehan/006 Arahan Bayaran/003 Inden Kerja - CEK/select_nama_pembekal' is clicked on

2019-03-29 15:26:34 - [TEST_STEP][PASSED] - delay(3): Delayed 3 second(s)

2019-03-29 15:26:37 - [MESSAGE][PASSED] - Delayed 3 second(s)

2019-03-29 15:26:37 - [TEST_STEP][PASSED] - click(findTestObject("Perolehan/006 Arahan Bayaran/001 Pesanan Tempatan/Drop_Down_Cara_Bayaran")): Object: 'Object Repository/Perolehan/006 Arahan Bayaran/001 Pesanan Tempatan/Drop_Down_Cara_Bayaran' is clicked on

2019-03-29 15:26:37 - [MESSAGE][PASSED] - Object: 'Object Repository/Perolehan/006 Arahan Bayaran/001 Pesanan Tempatan/Drop_Down_Cara_Bayaran' is clicked on

2019-03-29 15:26:37 - [TEST_STEP][PASSED] - click(findTestObject("Perolehan/006 Arahan Bayaran/003 Inden Kerja - CEK/Select_CEK")): Object: 'Object Repository/Perolehan/006 Arahan Bayaran/003 Inden Kerja - CEK/Select_CEK' is clicked on

2019-03-29 15:26:37 - [MESSAGE][PASSED] - Object: 'Object Repository/Perolehan/006 Arahan Bayaran/003 Inden Kerja - CEK/Select_CEK' is clicked on

2019-03-29 15:26:37 - [TEST_STEP][PASSED] - delay(3): Delayed 3 second(s)

2019-03-29 15:26:40 - [MESSAGE][PASSED] - Delayed 3 second(s)

2019-03-29 15:26:40 - [TEST_STEP][PASSED] - mydate = new java.util.Date(): null

2019-03-29 15:26:40 - [TEST_STEP][PASSED] - setText(findTestObject("Perolehan/006 Arahan Bayaran/002 Inden Kerja - EFT/input_Perihal"), "This is a test for Arahan Bayaran Julia " + mydate): Text 'This is a test for Arahan Bayaran Julia Fri Mar 29 15:26:40 SGT 2019' is set on object 'Object Repository/Perolehan/006 Arahan Bayaran/002 Inden Kerja - EFT/input_Perihal'

2019-03-29 15:26:41 - [MESSAGE][PASSED] - Text 'This is a test for Arahan Bayaran Julia Fri Mar 29 15:26:40 SGT 2019' is set on object 'Object Repository/Perolehan/006 Arahan Bayaran/002 Inden Kerja - EFT/input_Perihal'

2019-03-29 15:26:41 - [TEST_STEP][PASSED] - delay(3): Delayed 3 second(s)

2019-03-29 15:26:44 - [MESSAGE][PASSED] - Delayed 3 second(s)

2019-03-29 15:26:44 - [TEST_STEP][PASSED] - doubleClick(findTestObject("Perolehan/006 Arahan Bayaran/002 Inden Kerja - EFT/List_maklumat_terimaan_barang")): Object: 'Object Repository/Perolehan/006 Arahan Bayaran/002 Inden Kerja - EFT/List_maklumat_terimaan_barang' is double clicked on

2019-03-29 15:26:44 - [MESSAGE][PASSED] - Object: 'Object Repository/Perolehan/006 Arahan Bayaran/002 Inden Kerja - EFT/List_maklumat_terimaan_barang' is double clicked on

2019-03-29 15:26:44 - [TEST_STEP][PASSED] - delay(3): Delayed 3 second(s)

2019-03-29 15:26:47 - [MESSAGE][PASSED] - Delayed 3 second(s)

2019-03-29 15:26:47 - [TEST_STEP][PASSED] - RN = Math.random() * 10000: null

2019-03-29 15:26:47 - [TEST_STEP][PASSED] - println(RN): null

2019-03-29 15:26:47 - [TEST_STEP][PASSED] - setText(findTestObject("Perolehan/006 Arahan Bayaran/002 Inden Kerja - EFT/input_No_Invois"), "INV0" + RN): Text 'INV07998' is set on object 'Object Repository/Perolehan/006 Arahan Bayaran/002 Inden Kerja - EFT/input_No_Invois'

2019-03-29 15:26:47 - [MESSAGE][PASSED] - Text 'INV07998' is set on object 'Object Repository/Perolehan/006 Arahan Bayaran/002 Inden Kerja - EFT/input_No_Invois'

2019-03-29 15:26:47 - [TEST_STEP][PASSED] - delay(3): Delayed 3 second(s)

2019-03-29 15:26:50 - [MESSAGE][PASSED] - Delayed 3 second(s)

2019-03-29 15:26:50 - [TEST_STEP][PASSED] - setText(findTestObject("Perolehan/006 Arahan Bayaran/002 Inden Kerja - EFT/input_Amaun_Invois"), TotalAmaunPT): Text '6.30' is set on object 'Object Repository/Perolehan/006 Arahan Bayaran/002 Inden Kerja - EFT/input_Amaun_Invois'

2019-03-29 15:26:50 - [MESSAGE][PASSED] - Text '6.30' is set on object 'Object Repository/Perolehan/006 Arahan Bayaran/002 Inden Kerja - EFT/input_Amaun_Invois'

2019-03-29 15:26:50 - [TEST_STEP][PASSED] - delay(3): Delayed 3 second(s)

2019-03-29 15:26:53 - [MESSAGE][PASSED] - Delayed 3 second(s)

2019-03-29 15:26:53 - [TEST_STEP][PASSED] - click(findTestObject("Perolehan/006 Arahan Bayaran/003 Inden Kerja - CEK/Label_Tarikh_Invois")): Object: 'Object Repository/Perolehan/006 Arahan Bayaran/003 Inden Kerja - CEK/Label_Tarikh_Invois' is clicked on

2019-03-29 15:26:53 - [MESSAGE][PASSED] - Object: 'Object Repository/Perolehan/006 Arahan Bayaran/003 Inden Kerja - CEK/Label_Tarikh_Invois' is clicked on

2019-03-29 15:26:53 - [TEST_STEP][PASSED] - click(findTestObject("Perolehan/006 Arahan Bayaran/003 Inden Kerja - CEK/Date_Picker_TI")): Object: 'Object Repository/Perolehan/006 Arahan Bayaran/003 Inden Kerja - CEK/Date_Picker_TI' is clicked on

2019-03-29 15:26:53 - [MESSAGE][PASSED] - Object: 'Object Repository/Perolehan/006 Arahan Bayaran/003 Inden Kerja - CEK/Date_Picker_TI' is clicked on

2019-03-29 15:26:53 - [TEST_STEP][PASSED] - delay(3): Delayed 3 second(s)

2019-03-29 15:26:56 - [MESSAGE][PASSED] - Delayed 3 second(s)

2019-03-29 15:26:56 - [TEST_STEP][PASSED] - click(findTestObject("Perolehan/006 Arahan Bayaran/002 Inden Kerja - EFT/Date_picker_TI_Today")): Object: 'Object Repository/Perolehan/006 Arahan Bayaran/002 Inden Kerja - EFT/Date_picker_TI_Today' is clicked on

2019-03-29 15:26:56 - [MESSAGE][PASSED] - Object: 'Object Repository/Perolehan/006 Arahan Bayaran/002 Inden Kerja - EFT/Date_picker_TI_Today' is clicked on

2019-03-29 15:26:56 - [TEST_STEP][PASSED] - click(findTestObject("Perolehan/006 Arahan Bayaran/002 Inden Kerja - EFT/Date_Picker_TTK"), STOP_ON_FAILURE): Object: 'Object Repository/Perolehan/006 Arahan Bayaran/002 Inden Kerja - EFT/Date_Picker_TTK' is clicked on

2019-03-29 15:26:56 - [MESSAGE][PASSED] - Object: 'Object Repository/Perolehan/006 Arahan Bayaran/002 Inden Kerja - EFT/Date_Picker_TTK' is clicked on

2019-03-29 15:26:56 - [TEST_STEP][PASSED] - click(findTestObject("Perolehan/006 Arahan Bayaran/002 Inden Kerja - EFT/Date_Picker_TTK_Today"), STOP_ON_FAILURE): Object: 'Object Repository/Perolehan/006 Arahan Bayaran/002 Inden Kerja - EFT/Date_Picker_TTK_Today' is clicked on

2019-03-29 15:26:57 - [MESSAGE][PASSED] - Object: 'Object Repository/Perolehan/006 Arahan Bayaran/002 Inden Kerja - EFT/Date_Picker_TTK_Today' is clicked on

2019-03-29 15:26:57 - [TEST_STEP][PASSED] - delay(5): Delayed 5 second(s)

2019-03-29 15:27:02 - [MESSAGE][PASSED] - Delayed 5 second(s)

2019-03-29 15:27:02 - [TEST_STEP][PASSED] - click(findTestObject("Perolehan/006 Arahan Bayaran/002 Inden Kerja - EFT/button_save_maklumat_terimaan_barang")): Object: 'Object Repository/Perolehan/006 Arahan Bayaran/002 Inden Kerja - EFT/button_save_maklumat_terimaan_barang' is clicked on

2019-03-29 15:27:02 - [MESSAGE][PASSED] - Object: 'Object Repository/Perolehan/006 Arahan Bayaran/002 Inden Kerja - EFT/button_save_maklumat_terimaan_barang' is clicked on

2019-03-29 15:27:02 - [TEST_STEP][PASSED] - delay(3): Delayed 3 second(s)

2019-03-29 15:27:05 - [MESSAGE][PASSED] - Delayed 3 second(s)

2019-03-29 15:27:05 - [TEST_STEP][PASSED] - doubleClick(findTestObject("Perolehan/006 Arahan Bayaran/003 Inden Kerja - CEK/Maklumat_penerima", ["text":nama_pembekal_cek])): Object: 'Object Repository/Perolehan/006 Arahan Bayaran/003 Inden Kerja - CEK/Maklumat_penerima' is double clicked on

2019-03-29 15:27:05 - [MESSAGE][PASSED] - Object: 'Object Repository/Perolehan/006 Arahan Bayaran/003 Inden Kerja - CEK/Maklumat_penerima' is double clicked on

2019-03-29 15:27:05 - [TEST_STEP][PASSED] - delay(0): Delayed 0 second(s)

2019-03-29 15:27:05 - [MESSAGE][PASSED] - Delayed 0 second(s)

2019-03-29 15:27:05 - [TEST_STEP][PASSED] - click(findTestObject("Perolehan/006 Arahan Bayaran/003 Inden Kerja - CEK/maklumat_penerima_drop_down_no_akaun"), STOP_ON_FAILURE): Object: 'Object Repository/Perolehan/006 Arahan Bayaran/003 Inden Kerja - CEK/maklumat_penerima_drop_down_no_akaun' is clicked on

2019-03-29 15:27:05 - [MESSAGE][PASSED] - Object: 'Object Repository/Perolehan/006 Arahan Bayaran/003 Inden Kerja - CEK/maklumat_penerima_drop_down_no_akaun' is clicked on

2019-03-29 15:27:05 - [TEST_STEP][PASSED] - click(findTestObject("Perolehan/006 Arahan Bayaran/003 Inden Kerja - CEK/maklumat_penerima_no_akaun")): Object: 'Object Repository/Perolehan/006 Arahan Bayaran/003 Inden Kerja - CEK/maklumat_penerima_no_akaun' is clicked on

2019-03-29 15:27:05 - [MESSAGE][PASSED] - Object: 'Object Repository/Perolehan/006 Arahan Bayaran/003 Inden Kerja - CEK/maklumat_penerima_no_akaun' is clicked on

2019-03-29 15:27:05 - [TEST_STEP][PASSED] - click(findTestObject("Perolehan/006 Arahan Bayaran/003 Inden Kerja - CEK/Maklumat_penerima_save")): Object: 'Object Repository/Perolehan/006 Arahan Bayaran/003 Inden Kerja - CEK/Maklumat_penerima_save' is clicked on

2019-03-29 15:27:05 - [MESSAGE][PASSED] - Object: 'Object Repository/Perolehan/006 Arahan Bayaran/003 Inden Kerja - CEK/Maklumat_penerima_save' is clicked on

2019-03-29 15:27:05 - [TEST_STEP][PASSED] - delay(3): Delayed 3 second(s)

2019-03-29 15:27:08 - [MESSAGE][PASSED] - Delayed 3 second(s)

2019-03-29 15:27:08 - [TEST_STEP][PASSED] - click(findTestObject("Perolehan/006 Arahan Bayaran/002 Inden Kerja - EFT/button_Simpan")): Object: 'Object Repository/Perolehan/006 Arahan Bayaran/002 Inden Kerja - EFT/button_Simpan' is clicked on

2019-03-29 15:27:08 - [MESSAGE][PASSED] - Object: 'Object Repository/Perolehan/006 Arahan Bayaran/002 Inden Kerja - EFT/button_Simpan' is clicked on

2019-03-29 15:27:08 - [TEST_STEP][PASSED] - click(findTestObject("Perolehan/006 Arahan Bayaran/002 Inden Kerja - EFT/button_Ya_Simpan")): Object: 'Object Repository/Perolehan/006 Arahan Bayaran/002 Inden Kerja - EFT/button_Ya_Simpan' is clicked on

2019-03-29 15:27:08 - [MESSAGE][PASSED] - Object: 'Object Repository/Perolehan/006 Arahan Bayaran/002 Inden Kerja - EFT/button_Ya_Simpan' is clicked on

2019-03-29 15:27:08 - [TEST_STEP][PASSED] - delay(3): Delayed 3 second(s)

2019-03-29 15:27:11 - [MESSAGE][PASSED] - Delayed 3 second(s)

2019-03-29 15:27:11 - [TEST_STEP][PASSED] - click(findTestObject("Perolehan/006 Arahan Bayaran/002 Inden Kerja - EFT/button_OK_rekod_disimpan")): Object: 'Object Repository/Perolehan/006 Arahan Bayaran/002 Inden Kerja - EFT/button_OK_rekod_disimpan' is clicked on

2019-03-29 15:27:11 - [MESSAGE][PASSED] - Object: 'Object Repository/Perolehan/006 Arahan Bayaran/002 Inden Kerja - EFT/button_OK_rekod_disimpan' is clicked on

2019-03-29 15:27:11 - [TEST_STEP][PASSED] - click(findTestObject("Perolehan/006 Arahan Bayaran/002 Inden Kerja - EFT/button_Senarai Semak")): Object: 'Object Repository/Perolehan/006 Arahan Bayaran/002 Inden Kerja - EFT/button_Senarai Semak' is clicked on

2019-03-29 15:27:11 - [MESSAGE][PASSED] - Object: 'Object Repository/Perolehan/006 Arahan Bayaran/002 Inden Kerja - EFT/button_Senarai Semak' is clicked on

2019-03-29 15:27:11 - [TEST_STEP][PASSED] - check(findTestObject("Perolehan/006 Arahan Bayaran/002 Inden Kerja - EFT/Senarai_semak_1")): Object 'Object Repository/Perolehan/006 Arahan Bayaran/002 Inden Kerja - EFT/Senarai_semak_1' is checked

2019-03-29 15:27:12 - [MESSAGE][PASSED] - Object 'Object Repository/Perolehan/006 Arahan Bayaran/002 Inden Kerja - EFT/Senarai_semak_1' is checked

2019-03-29 15:27:12 - [TEST_STEP][PASSED] - check(findTestObject("Perolehan/006 Arahan Bayaran/002 Inden Kerja - EFT/Senarai_Semak_2")): Object 'Object Repository/Perolehan/006 Arahan Bayaran/002 Inden Kerja - EFT/Senarai_Semak_2' is checked

2019-03-29 15:27:12 - [MESSAGE][PASSED] - Object 'Object Repository/Perolehan/006 Arahan Bayaran/002 Inden Kerja - EFT/Senarai_Semak_2' is checked

2019-03-29 15:27:12 - [TEST_STEP][PASSED] - check(findTestObject("Perolehan/006 Arahan Bayaran/002 Inden Kerja - EFT/Senarai_semak_3")): Object 'Object Repository/Perolehan/006 Arahan Bayaran/002 Inden Kerja - EFT/Senarai_semak_3' is checked

2019-03-29 15:27:12 - [MESSAGE][PASSED] - Object 'Object Repository/Perolehan/006 Arahan Bayaran/002 Inden Kerja - EFT/Senarai_semak_3' is checked

2019-03-29 15:27:12 - [TEST_STEP][PASSED] - click(findTestObject("Perolehan/006 Arahan Bayaran/002 Inden Kerja - EFT/button_Simpan_Senarai_Semak")): Object: 'Object Repository/Perolehan/006 Arahan Bayaran/002 Inden Kerja - EFT/button_Simpan_Senarai_Semak' is clicked on

2019-03-29 15:27:12 - [MESSAGE][PASSED] - Object: 'Object Repository/Perolehan/006 Arahan Bayaran/002 Inden Kerja - EFT/button_Simpan_Senarai_Semak' is clicked on

2019-03-29 15:27:12 - [TEST_STEP][PASSED] - delay(3): Delayed 3 second(s)

2019-03-29 15:27:15 - [MESSAGE][PASSED] - Delayed 3 second(s)

2019-03-29 15:27:15 - [TEST_STEP][PASSED] - click(findTestObject("Perolehan/006 Arahan Bayaran/002 Inden Kerja - EFT/button_OK_maklumat_Senarai_Semak_disimpan")): Object: 'Object Repository/Perolehan/006 Arahan Bayaran/002 Inden Kerja - EFT/button_OK_maklumat_Senarai_Semak_disimpan' is clicked on

2019-03-29 15:27:15 - [MESSAGE][PASSED] - Object: 'Object Repository/Perolehan/006 Arahan Bayaran/002 Inden Kerja - EFT/button_OK_maklumat_Senarai_Semak_disimpan' is clicked on

2019-03-29 15:27:15 - [TEST_STEP][PASSED] - click(findTestObject("Perolehan/006 Arahan Bayaran/002 Inden Kerja - EFT/button_X_close_senarai_semak")): Object: 'Object Repository/Perolehan/006 Arahan Bayaran/002 Inden Kerja - EFT/button_X_close_senarai_semak' is clicked on

2019-03-29 15:27:15 - [MESSAGE][PASSED] - Object: 'Object Repository/Perolehan/006 Arahan Bayaran/002 Inden Kerja - EFT/button_X_close_senarai_semak' is clicked on

2019-03-29 15:27:15 - [TEST_STEP][PASSED] - click(findTestObject("Perolehan/006 Arahan Bayaran/002 Inden Kerja - EFT/button_Sah Simpan")): Object: 'Object Repository/Perolehan/006 Arahan Bayaran/002 Inden Kerja - EFT/button_Sah Simpan' is clicked on

2019-03-29 15:27:15 - [MESSAGE][PASSED] - Object: 'Object Repository/Perolehan/006 Arahan Bayaran/002 Inden Kerja - EFT/button_Sah Simpan' is clicked on

2019-03-29 15:27:15 - [TEST_STEP][PASSED] - click(findTestObject("Perolehan/006 Arahan Bayaran/002 Inden Kerja - EFT/button_Ya_Sah_Simpan")): Object: 'Object Repository/Perolehan/006 Arahan Bayaran/002 Inden Kerja - EFT/button_Ya_Sah_Simpan' is clicked on

2019-03-29 15:27:15 - [MESSAGE][PASSED] - Object: 'Object Repository/Perolehan/006 Arahan Bayaran/002 Inden Kerja - EFT/button_Ya_Sah_Simpan' is clicked on

2019-03-29 15:27:15 - [TEST_STEP][PASSED] - delay(3): Delayed 3 second(s)

2019-03-29 15:27:18 - [MESSAGE][PASSED] - Delayed 3 second(s)

2019-03-29 15:27:18 - [TEST_STEP][PASSED] - takeScreenshot(): Taking screenshot successfully

2019-03-29 15:27:18 - [MESSAGE][PASSED] - Taking screenshot successfully
[[ATTACHMENT|C:\\Users\\Consultant_MSPHitect\\Katalon Studio\\TrainingonKatalon\\Reports\\Perolehan\\04 Inden Kerja Cara Bayaran CEK Tiada Pemfaktoran\\20190329_143520\\1553844438591.png]]

2019-03-29 15:27:18 - [TEST_STEP][PASSED] - attribute = getText(findTestObject("Perolehan/006 Arahan Bayaran/002 Inden Kerja - EFT/Rekod Telah Berjaya Disah Simpan")): Text of object 'Object Repository/Perolehan/006 Arahan Bayaran/002 Inden Kerja - EFT/Rekod Telah Berjaya Disah Simpan' is: 'Rekod Telah Berjaya Disah Simpan. [ NO REKOD :19CHAB030300012 ]'

2019-03-29 15:27:18 - [MESSAGE][PASSED] - Text of object 'Object Repository/Perolehan/006 Arahan Bayaran/002 Inden Kerja - EFT/Rekod Telah Berjaya Disah Simpan' is: 'Rekod Telah Berjaya Disah Simpan. [ NO REKOD :19CHAB030300012 ]'

2019-03-29 15:27:18 - [TEST_STEP][PASSED] - println(attribute): null

2019-03-29 15:27:18 - [TEST_STEP][PASSED] - ArahanBayaranID = attribute[(46..60)]: null

2019-03-29 15:27:18 - [TEST_STEP][PASSED] - println(ArahanBayaranID): null

2019-03-29 15:27:18 - [TEST_STEP][PASSED] - ArahanBayaranRekodID = ArahanBayaranID: null

2019-03-29 15:27:18 - [TEST_STEP][PASSED] - delay(3): Delayed 3 second(s)

2019-03-29 15:27:21 - [MESSAGE][PASSED] - Delayed 3 second(s)

2019-03-29 15:27:21 - [TEST_STEP][PASSED] - waitForElementClickable(findTestObject("Perolehan/002 Penyedia_RekodBaru/001 Rekod Baru Pesanan Tempatan/button_OK_Rekod_Berjaya_disimpan"), 300): Object 'Object Repository/Perolehan/002 Penyedia_RekodBaru/001 Rekod Baru Pesanan Tempatan/button_OK_Rekod_Berjaya_disimpan' is clickable

2019-03-29 15:27:21 - [MESSAGE][PASSED] - Object 'Object Repository/Perolehan/002 Penyedia_RekodBaru/001 Rekod Baru Pesanan Tempatan/button_OK_Rekod_Berjaya_disimpan' is clickable

2019-03-29 15:27:21 - [TEST_STEP][PASSED] - element = findWebElement(findTestObject("Perolehan/006 Arahan Bayaran/002 Inden Kerja - EFT/button_OK_rekod_berjaya_sah_simpan"), 300): null

2019-03-29 15:27:21 - [TEST_STEP][PASSED] - executeJavaScript("arguments[0].click", Arrays.asList(element)): Execute JavaScript 'arguments[0].click' successfully

2019-03-29 15:27:21 - [MESSAGE][PASSED] - Execute JavaScript 'arguments[0].click' successfully

2019-03-29 15:27:21 - [TEST_STEP][PASSED] - click(findTestObject("Perolehan/006 Arahan Bayaran/002 Inden Kerja - EFT/button_OK_rekod_berjaya_sah_simpan")): Object: 'Object Repository/Perolehan/006 Arahan Bayaran/002 Inden Kerja - EFT/button_OK_rekod_berjaya_sah_simpan' is clicked on

2019-03-29 15:27:22 - [MESSAGE][PASSED] - Object: 'Object Repository/Perolehan/006 Arahan Bayaran/002 Inden Kerja - EFT/button_OK_rekod_berjaya_sah_simpan' is clicked on

2019-03-29 15:27:22 - [TEST_STEP][PASSED] - closeBrowser(): Browser is closed

2019-03-29 15:27:22 - [MESSAGE][PASSED] - Browser is closed]]></system-out>
         <system-err><![CDATA[]]></system-err>
      </testcase>
      <testcase name="Test Cases/Perolehan/006 Arahan Bayaran/006 Penyemak Inden Kerja" classname="Test Cases/Perolehan/006 Arahan Bayaran/006 Penyemak Inden Kerja" status="PASSED">
         <system-out><![CDATA[2019-03-29 15:27:22 - [TEST_CASE][PASSED] - Test Cases/Perolehan/006 Arahan Bayaran/006 Penyemak Inden Kerja: Test Cases/Perolehan/006 Arahan Bayaran/006 Penyemak Inden Kerja

2019-03-29 15:27:22 - [TEST_STEP][PASSED] - reusablefunctions.reusablefunctions.openbrowser(): reusablefunctions.reusablefunctions.openbrowser is PASSED

2019-03-29 15:27:22 - [MESSAGE][INFO] - Starting 'Chrome' driver

2019-03-29 15:27:25 - [MESSAGE][PASSED] - Browser is opened with url: 'http://175.143.52.101:7010/1SPEKSv2/'

2019-03-29 15:27:25 - [MESSAGE][PASSED] - reusablefunctions.reusablefunctions.openbrowser is PASSED

2019-03-29 15:27:25 - [TEST_STEP][PASSED] - reusablefunctions.reusablefunctions.Login(findTestData("ispekstestdata").getValue(1, 5), findTestData("ispekstestdata").getValue(2, 5)): reusablefunctions.reusablefunctions.Login is PASSED

2019-03-29 15:27:25 - [MESSAGE][PASSED] - Text '860828665169' is set on object 'Object Repository/Login/input_NoKadPengenalan'

2019-03-29 15:27:26 - [MESSAGE][PASSED] - Text ****** has been set on object 'Object Repository/Login/input_Password'

2019-03-29 15:27:27 - [MESSAGE][PASSED] - Object: 'Object Repository/Login/input_ButtonLogMasuk' is clicked on

2019-03-29 15:27:37 - [MESSAGE][PASSED] - Delayed 10 second(s)

2019-03-29 15:27:37 - [MESSAGE][PASSED] - reusablefunctions.reusablefunctions.Login is PASSED

2019-03-29 15:27:37 - [TEST_STEP][PASSED] - click(findTestObject("Perolehan/TukarPeranan/IconTukarPeranan")): Object: 'Object Repository/Perolehan/TukarPeranan/IconTukarPeranan' is clicked on

2019-03-29 15:27:37 - [MESSAGE][PASSED] - Object: 'Object Repository/Perolehan/TukarPeranan/IconTukarPeranan' is clicked on

2019-03-29 15:27:37 - [TEST_STEP][PASSED] - click(findTestObject("Perolehan/TukarPeranan/input_TukarPeranan", ["value":"372"])): Object: 'Object Repository/Perolehan/TukarPeranan/input_TukarPeranan' is clicked on

2019-03-29 15:27:37 - [MESSAGE][PASSED] - Object: 'Object Repository/Perolehan/TukarPeranan/input_TukarPeranan' is clicked on

2019-03-29 15:27:37 - [TEST_STEP][PASSED] - click(findTestObject("Perolehan/TukarPeranan/button_Ya")): Object: 'Object Repository/Perolehan/TukarPeranan/button_Ya' is clicked on

2019-03-29 15:27:37 - [MESSAGE][PASSED] - Object: 'Object Repository/Perolehan/TukarPeranan/button_Ya' is clicked on

2019-03-29 15:27:37 - [TEST_STEP][PASSED] - delay(20): Delayed 20 second(s)

2019-03-29 15:27:57 - [MESSAGE][PASSED] - Delayed 20 second(s)

2019-03-29 15:27:57 - [TEST_STEP][PASSED] - verifyTextPresent("Peranan : [Penyemak] Peringkat : [PTJ]", false): Text 'Peranan : [Penyemak] Peringkat : [PTJ]' is present on page 

2019-03-29 15:27:57 - [MESSAGE][PASSED] - Text 'Peranan : [Penyemak] Peringkat : [PTJ]' is present on page 

2019-03-29 15:27:57 - [TEST_STEP][PASSED] - delay(5): Delayed 5 second(s)

2019-03-29 15:28:02 - [MESSAGE][PASSED] - Delayed 5 second(s)

2019-03-29 15:28:02 - [TEST_STEP][PASSED] - click(findTestObject("Perolehan/001 Left_Menu_Selection/a_ExpandMenuonLeft")): Object: 'Object Repository/Perolehan/001 Left_Menu_Selection/a_ExpandMenuonLeft' is clicked on

2019-03-29 15:28:03 - [MESSAGE][PASSED] - Object: 'Object Repository/Perolehan/001 Left_Menu_Selection/a_ExpandMenuonLeft' is clicked on

2019-03-29 15:28:03 - [TEST_STEP][PASSED] - delay(3, STOP_ON_FAILURE): Delayed 3 second(s)

2019-03-29 15:28:06 - [MESSAGE][PASSED] - Delayed 3 second(s)

2019-03-29 15:28:06 - [TEST_STEP][PASSED] - click(findTestObject("Perolehan/001 Left_Menu_Selection/div_PanelTitlePerolehan")): Object: 'Object Repository/Perolehan/001 Left_Menu_Selection/div_PanelTitlePerolehan' is clicked on

2019-03-29 15:28:06 - [MESSAGE][PASSED] - Object: 'Object Repository/Perolehan/001 Left_Menu_Selection/div_PanelTitlePerolehan' is clicked on

2019-03-29 15:28:06 - [TEST_STEP][PASSED] - delay(3, STOP_ON_FAILURE): Delayed 3 second(s)

2019-03-29 15:28:09 - [MESSAGE][PASSED] - Delayed 3 second(s)

2019-03-29 15:28:09 - [TEST_STEP][PASSED] - click(findTestObject("Perolehan/001 Left_Menu_Selection/div_Menu_ArahanBayaran")): Object: 'Object Repository/Perolehan/001 Left_Menu_Selection/div_Menu_ArahanBayaran' is clicked on

2019-03-29 15:28:09 - [MESSAGE][PASSED] - Object: 'Object Repository/Perolehan/001 Left_Menu_Selection/div_Menu_ArahanBayaran' is clicked on

2019-03-29 15:28:09 - [TEST_STEP][PASSED] - assert true: null

2019-03-29 15:28:09 - [TEST_STEP][PASSED] - delay(3): Delayed 3 second(s)

2019-03-29 15:28:12 - [MESSAGE][PASSED] - Delayed 3 second(s)

2019-03-29 15:28:12 - [TEST_STEP][PASSED] - setText(findTestObject("Perolehan/006 Arahan Bayaran/004 Penyemak/input_TABLE_NAME_noRekod"), ArahanBayaranRekodID): Text '19CHAB030300012' is set on object 'Object Repository/Perolehan/006 Arahan Bayaran/004 Penyemak/input_TABLE_NAME_noRekod'

2019-03-29 15:28:12 - [MESSAGE][PASSED] - Text '19CHAB030300012' is set on object 'Object Repository/Perolehan/006 Arahan Bayaran/004 Penyemak/input_TABLE_NAME_noRekod'

2019-03-29 15:28:12 - [TEST_STEP][PASSED] - delay(3): Delayed 3 second(s)

2019-03-29 15:28:15 - [MESSAGE][PASSED] - Delayed 3 second(s)

2019-03-29 15:28:15 - [TEST_STEP][PASSED] - doubleClick(findTestObject("Perolehan/006 Arahan Bayaran/004 Penyemak/select_noRekod", ["text":ArahanBayaranRekodID])): Object: 'Object Repository/Perolehan/006 Arahan Bayaran/004 Penyemak/select_noRekod' is double clicked on

2019-03-29 15:28:15 - [MESSAGE][PASSED] - Object: 'Object Repository/Perolehan/006 Arahan Bayaran/004 Penyemak/select_noRekod' is double clicked on

2019-03-29 15:28:15 - [TEST_STEP][PASSED] - delay(3): Delayed 3 second(s)

2019-03-29 15:28:18 - [MESSAGE][PASSED] - Delayed 3 second(s)

2019-03-29 15:28:18 - [TEST_STEP][PASSED] - click(findTestObject("Perolehan/006 Arahan Bayaran/004 Penyemak/button_Senarai_Semak")): Object: 'Object Repository/Perolehan/006 Arahan Bayaran/004 Penyemak/button_Senarai_Semak' is clicked on

2019-03-29 15:28:18 - [MESSAGE][PASSED] - Object: 'Object Repository/Perolehan/006 Arahan Bayaran/004 Penyemak/button_Senarai_Semak' is clicked on

2019-03-29 15:28:18 - [TEST_STEP][PASSED] - delay(3): Delayed 3 second(s)

2019-03-29 15:28:21 - [MESSAGE][PASSED] - Delayed 3 second(s)

2019-03-29 15:28:21 - [TEST_STEP][PASSED] - verifyElementChecked(findTestObject("Perolehan/006 Arahan Bayaran/002 Inden Kerja - EFT/Senarai_semak_1"), 3): Object 'Object Repository/Perolehan/006 Arahan Bayaran/002 Inden Kerja - EFT/Senarai_semak_1' is checked

2019-03-29 15:28:21 - [MESSAGE][PASSED] - Object 'Object Repository/Perolehan/006 Arahan Bayaran/002 Inden Kerja - EFT/Senarai_semak_1' is checked

2019-03-29 15:28:21 - [TEST_STEP][PASSED] - verifyElementChecked(findTestObject("Perolehan/006 Arahan Bayaran/002 Inden Kerja - EFT/Senarai_Semak_2"), 3): Object 'Object Repository/Perolehan/006 Arahan Bayaran/002 Inden Kerja - EFT/Senarai_Semak_2' is checked

2019-03-29 15:28:22 - [MESSAGE][PASSED] - Object 'Object Repository/Perolehan/006 Arahan Bayaran/002 Inden Kerja - EFT/Senarai_Semak_2' is checked

2019-03-29 15:28:22 - [TEST_STEP][PASSED] - verifyElementChecked(findTestObject("Perolehan/006 Arahan Bayaran/002 Inden Kerja - EFT/Senarai_semak_3"), 3): Object 'Object Repository/Perolehan/006 Arahan Bayaran/002 Inden Kerja - EFT/Senarai_semak_3' is checked

2019-03-29 15:28:22 - [MESSAGE][PASSED] - Object 'Object Repository/Perolehan/006 Arahan Bayaran/002 Inden Kerja - EFT/Senarai_semak_3' is checked

2019-03-29 15:28:22 - [TEST_STEP][PASSED] - click(findTestObject("Perolehan/006 Arahan Bayaran/004 Penyemak/button_X_Close_Senarai_Semak")): Object: 'Object Repository/Perolehan/006 Arahan Bayaran/004 Penyemak/button_X_Close_Senarai_Semak' is clicked on

2019-03-29 15:28:22 - [MESSAGE][PASSED] - Object: 'Object Repository/Perolehan/006 Arahan Bayaran/004 Penyemak/button_X_Close_Senarai_Semak' is clicked on

2019-03-29 15:28:22 - [TEST_STEP][PASSED] - click(findTestObject("Perolehan/006 Arahan Bayaran/004 Penyemak/button_Semak")): Object: 'Object Repository/Perolehan/006 Arahan Bayaran/004 Penyemak/button_Semak' is clicked on

2019-03-29 15:28:22 - [MESSAGE][PASSED] - Object: 'Object Repository/Perolehan/006 Arahan Bayaran/004 Penyemak/button_Semak' is clicked on

2019-03-29 15:28:22 - [TEST_STEP][PASSED] - click(findTestObject("Perolehan/006 Arahan Bayaran/004 Penyemak/button_Ya_Semak")): Object: 'Object Repository/Perolehan/006 Arahan Bayaran/004 Penyemak/button_Ya_Semak' is clicked on

2019-03-29 15:28:22 - [MESSAGE][PASSED] - Object: 'Object Repository/Perolehan/006 Arahan Bayaran/004 Penyemak/button_Ya_Semak' is clicked on

2019-03-29 15:28:22 - [TEST_STEP][PASSED] - delay(3): Delayed 3 second(s)

2019-03-29 15:28:25 - [MESSAGE][PASSED] - Delayed 3 second(s)

2019-03-29 15:28:25 - [TEST_STEP][PASSED] - waitForElementClickable(findTestObject("Perolehan/002 Penyedia_RekodBaru/001 Rekod Baru Pesanan Tempatan/button_OK_Rekod_Berjaya_disimpan"), 300): Object 'Object Repository/Perolehan/002 Penyedia_RekodBaru/001 Rekod Baru Pesanan Tempatan/button_OK_Rekod_Berjaya_disimpan' is clickable

2019-03-29 15:28:28 - [MESSAGE][PASSED] - Object 'Object Repository/Perolehan/002 Penyedia_RekodBaru/001 Rekod Baru Pesanan Tempatan/button_OK_Rekod_Berjaya_disimpan' is clickable

2019-03-29 15:28:28 - [TEST_STEP][PASSED] - element = findWebElement(findTestObject("Perolehan/006 Arahan Bayaran/004 Penyemak/button_OK_berjaya_disemak"), 300): null

2019-03-29 15:28:28 - [TEST_STEP][PASSED] - takeScreenshot(): Taking screenshot successfully

2019-03-29 15:28:29 - [MESSAGE][PASSED] - Taking screenshot successfully
[[ATTACHMENT|C:\\Users\\Consultant_MSPHitect\\Katalon Studio\\TrainingonKatalon\\Reports\\Perolehan\\04 Inden Kerja Cara Bayaran CEK Tiada Pemfaktoran\\20190329_143520\\1553844508975.png]]

2019-03-29 15:28:29 - [TEST_STEP][PASSED] - delay(3): Delayed 3 second(s)

2019-03-29 15:28:32 - [MESSAGE][PASSED] - Delayed 3 second(s)

2019-03-29 15:28:32 - [TEST_STEP][PASSED] - executeJavaScript("arguments[0].click", Arrays.asList(element)): Execute JavaScript 'arguments[0].click' successfully

2019-03-29 15:28:32 - [MESSAGE][PASSED] - Execute JavaScript 'arguments[0].click' successfully

2019-03-29 15:28:32 - [TEST_STEP][PASSED] - closeBrowser(STOP_ON_FAILURE): Browser is closed

2019-03-29 15:28:32 - [MESSAGE][PASSED] - Browser is closed]]></system-out>
         <system-err><![CDATA[]]></system-err>
      </testcase>
      <testcase name="Test Cases/Perolehan/007 Proses Baucar Bayaran/004 Pelulus Baucar Bayaran IK - CEK" classname="Test Cases/Perolehan/007 Proses Baucar Bayaran/004 Pelulus Baucar Bayaran IK - CEK" status="PASSED">
         <system-out><![CDATA[2019-03-29 15:28:32 - [TEST_CASE][PASSED] - Test Cases/Perolehan/007 Proses Baucar Bayaran/004 Pelulus Baucar Bayaran IK - CEK: Test Cases/Perolehan/007 Proses Baucar Bayaran/004 Pelulus Baucar Bayaran IK - CEK

2019-03-29 15:28:33 - [TEST_STEP][PASSED] - reusablefunctions.reusablefunctions.openbrowser(): reusablefunctions.reusablefunctions.openbrowser is PASSED

2019-03-29 15:28:33 - [MESSAGE][INFO] - Starting 'Chrome' driver

2019-03-29 15:28:35 - [MESSAGE][PASSED] - Browser is opened with url: 'http://175.143.52.101:7010/1SPEKSv2/'

2019-03-29 15:28:35 - [MESSAGE][PASSED] - reusablefunctions.reusablefunctions.openbrowser is PASSED

2019-03-29 15:28:35 - [TEST_STEP][PASSED] - reusablefunctions.reusablefunctions.Login(findTestData("ispekstestdata").getValue(1, 7), findTestData("ispekstestdata").getValue(2, 7)): reusablefunctions.reusablefunctions.Login is PASSED

2019-03-29 15:28:36 - [MESSAGE][PASSED] - Text '780613015177' is set on object 'Object Repository/Login/input_NoKadPengenalan'

2019-03-29 15:28:36 - [MESSAGE][PASSED] - Text ****** has been set on object 'Object Repository/Login/input_Password'

2019-03-29 15:28:37 - [MESSAGE][PASSED] - Object: 'Object Repository/Login/input_ButtonLogMasuk' is clicked on

2019-03-29 15:28:47 - [MESSAGE][PASSED] - Delayed 10 second(s)

2019-03-29 15:28:47 - [MESSAGE][PASSED] - reusablefunctions.reusablefunctions.Login is PASSED

2019-03-29 15:28:47 - [TEST_STEP][PASSED] - click(findTestObject("Perolehan/TukarPeranan/IconTukarPeranan")): Object: 'Object Repository/Perolehan/TukarPeranan/IconTukarPeranan' is clicked on

2019-03-29 15:28:47 - [MESSAGE][PASSED] - Object: 'Object Repository/Perolehan/TukarPeranan/IconTukarPeranan' is clicked on

2019-03-29 15:28:47 - [TEST_STEP][PASSED] - click(findTestObject("Perolehan/TukarPeranan/input_TukarPeranan", ["value":"220"])): Object: 'Object Repository/Perolehan/TukarPeranan/input_TukarPeranan' is clicked on

2019-03-29 15:28:47 - [MESSAGE][PASSED] - Object: 'Object Repository/Perolehan/TukarPeranan/input_TukarPeranan' is clicked on

2019-03-29 15:28:47 - [TEST_STEP][PASSED] - click(findTestObject("Perolehan/TukarPeranan/button_Ya")): Object: 'Object Repository/Perolehan/TukarPeranan/button_Ya' is clicked on

2019-03-29 15:28:47 - [MESSAGE][PASSED] - Object: 'Object Repository/Perolehan/TukarPeranan/button_Ya' is clicked on

2019-03-29 15:28:47 - [TEST_STEP][PASSED] - delay(20): Delayed 20 second(s)

2019-03-29 15:29:07 - [MESSAGE][PASSED] - Delayed 20 second(s)

2019-03-29 15:29:07 - [TEST_STEP][PASSED] - verifyTextPresent("Peranan : [Pelulus] Peringkat : [PTJ]", false): Text 'Peranan : [Pelulus] Peringkat : [PTJ]' is present on page 

2019-03-29 15:29:09 - [MESSAGE][PASSED] - Text 'Peranan : [Pelulus] Peringkat : [PTJ]' is present on page 

2019-03-29 15:29:09 - [TEST_STEP][PASSED] - click(findTestObject("Perolehan/007 Proses Baucar Bayaran/001 Pelulus PT/Menu_Sisi")): Object: 'Object Repository/Perolehan/007 Proses Baucar Bayaran/001 Pelulus PT/Menu_Sisi' is clicked on

2019-03-29 15:29:09 - [MESSAGE][PASSED] - Object: 'Object Repository/Perolehan/007 Proses Baucar Bayaran/001 Pelulus PT/Menu_Sisi' is clicked on

2019-03-29 15:29:09 - [TEST_STEP][PASSED] - delay(3): Delayed 3 second(s)

2019-03-29 15:29:12 - [MESSAGE][PASSED] - Delayed 3 second(s)

2019-03-29 15:29:12 - [TEST_STEP][PASSED] - click(findTestObject("Perolehan/007 Proses Baucar Bayaran/001 Pelulus PT/Menu_Akaun Belum Bayar")): Object: 'Object Repository/Perolehan/007 Proses Baucar Bayaran/001 Pelulus PT/Menu_Akaun Belum Bayar' is clicked on

2019-03-29 15:29:12 - [MESSAGE][PASSED] - Object: 'Object Repository/Perolehan/007 Proses Baucar Bayaran/001 Pelulus PT/Menu_Akaun Belum Bayar' is clicked on

2019-03-29 15:29:12 - [TEST_STEP][PASSED] - delay(3): Delayed 3 second(s)

2019-03-29 15:29:15 - [MESSAGE][PASSED] - Delayed 3 second(s)

2019-03-29 15:29:15 - [TEST_STEP][PASSED] - click(findTestObject("Perolehan/007 Proses Baucar Bayaran/001 Pelulus PT/Menu_Expand_Baucar_Bayaran")): Object: 'Object Repository/Perolehan/007 Proses Baucar Bayaran/001 Pelulus PT/Menu_Expand_Baucar_Bayaran' is clicked on

2019-03-29 15:29:15 - [MESSAGE][PASSED] - Object: 'Object Repository/Perolehan/007 Proses Baucar Bayaran/001 Pelulus PT/Menu_Expand_Baucar_Bayaran' is clicked on

2019-03-29 15:29:15 - [TEST_STEP][PASSED] - delay(3): Delayed 3 second(s)

2019-03-29 15:29:18 - [MESSAGE][PASSED] - Delayed 3 second(s)

2019-03-29 15:29:18 - [TEST_STEP][PASSED] - click(findTestObject("Perolehan/007 Proses Baucar Bayaran/001 Pelulus PT/Menu_Integrasi_Dalaman")): Object: 'Object Repository/Perolehan/007 Proses Baucar Bayaran/001 Pelulus PT/Menu_Integrasi_Dalaman' is clicked on

2019-03-29 15:29:18 - [MESSAGE][PASSED] - Object: 'Object Repository/Perolehan/007 Proses Baucar Bayaran/001 Pelulus PT/Menu_Integrasi_Dalaman' is clicked on

2019-03-29 15:29:18 - [TEST_STEP][PASSED] - delay(3): Delayed 3 second(s)

2019-03-29 15:29:21 - [MESSAGE][PASSED] - Delayed 3 second(s)

2019-03-29 15:29:21 - [TEST_STEP][PASSED] - setText(findTestObject("Perolehan/007 Proses Baucar Bayaran/001 Pelulus PT/input_No_Rekod"), ArahanBayaranRekodID): Text '19CHAB030300012' is set on object 'Object Repository/Perolehan/007 Proses Baucar Bayaran/001 Pelulus PT/input_No_Rekod'

2019-03-29 15:29:23 - [MESSAGE][PASSED] - Text '19CHAB030300012' is set on object 'Object Repository/Perolehan/007 Proses Baucar Bayaran/001 Pelulus PT/input_No_Rekod'

2019-03-29 15:29:23 - [TEST_STEP][PASSED] - delay(3): Delayed 3 second(s)

2019-03-29 15:29:26 - [MESSAGE][PASSED] - Delayed 3 second(s)

2019-03-29 15:29:26 - [TEST_STEP][PASSED] - doubleClick(findTestObject("Perolehan/007 Proses Baucar Bayaran/001 Pelulus PT/select_No_Rekod", ["text":ArahanBayaranRekodID])): Object: 'Object Repository/Perolehan/007 Proses Baucar Bayaran/001 Pelulus PT/select_No_Rekod' is double clicked on

2019-03-29 15:29:26 - [MESSAGE][PASSED] - Object: 'Object Repository/Perolehan/007 Proses Baucar Bayaran/001 Pelulus PT/select_No_Rekod' is double clicked on

2019-03-29 15:29:26 - [TEST_STEP][PASSED] - delay(3): Delayed 3 second(s)

2019-03-29 15:29:29 - [MESSAGE][PASSED] - Delayed 3 second(s)

2019-03-29 15:29:29 - [TEST_STEP][PASSED] - namapembekal = getText(findTestObject("Perolehan/007 Proses Baucar Bayaran/002 Pelulus IK/pembekal_penerima - CEK", ["text":nama_pembekal_cek])): Text of object 'Object Repository/Perolehan/007 Proses Baucar Bayaran/002 Pelulus IK/pembekal_penerima - CEK' is: 'LOVE ORCHID BIZ'

2019-03-29 15:29:29 - [MESSAGE][PASSED] - Text of object 'Object Repository/Perolehan/007 Proses Baucar Bayaran/002 Pelulus IK/pembekal_penerima - CEK' is: 'LOVE ORCHID BIZ'

2019-03-29 15:29:29 - [TEST_STEP][PASSED] - delay(3): Delayed 3 second(s)

2019-03-29 15:29:32 - [MESSAGE][PASSED] - Delayed 3 second(s)

2019-03-29 15:29:32 - [TEST_STEP][PASSED] - verifyMatch(namapembekal, nama_pembekal_cek, false): Actual text 'LOVE ORCHID BIZ' and expected text 'LOVE ORCHID BIZ' are matched 

2019-03-29 15:29:32 - [MESSAGE][PASSED] - Actual text 'LOVE ORCHID BIZ' and expected text 'LOVE ORCHID BIZ' are matched 

2019-03-29 15:29:32 - [TEST_STEP][PASSED] - jumlahkeseluruhan = getText(findTestObject("Perolehan/007 Proses Baucar Bayaran/001 Pelulus PT/jumlah_amaun")): Text of object 'Object Repository/Perolehan/007 Proses Baucar Bayaran/001 Pelulus PT/jumlah_amaun' is: '6.30'

2019-03-29 15:29:32 - [MESSAGE][PASSED] - Text of object 'Object Repository/Perolehan/007 Proses Baucar Bayaran/001 Pelulus PT/jumlah_amaun' is: '6.30'

2019-03-29 15:29:32 - [TEST_STEP][PASSED] - delay(15): Delayed 15 second(s)

2019-03-29 15:29:47 - [MESSAGE][PASSED] - Delayed 15 second(s)

2019-03-29 15:29:47 - [TEST_STEP][PASSED] - verifyMatch(jumlahkeseluruhan, TotalAmaunPT, false): Actual text '6.30' and expected text '6.30' are matched 

2019-03-29 15:29:47 - [MESSAGE][PASSED] - Actual text '6.30' and expected text '6.30' are matched 

2019-03-29 15:29:47 - [TEST_STEP][PASSED] - click(findTestObject("Perolehan/007 Proses Baucar Bayaran/001 Pelulus PT/button_Lulus")): Object: 'Object Repository/Perolehan/007 Proses Baucar Bayaran/001 Pelulus PT/button_Lulus' is clicked on

2019-03-29 15:29:48 - [MESSAGE][PASSED] - Object: 'Object Repository/Perolehan/007 Proses Baucar Bayaran/001 Pelulus PT/button_Lulus' is clicked on

2019-03-29 15:29:48 - [TEST_STEP][PASSED] - delay(3): Delayed 3 second(s)

2019-03-29 15:29:51 - [MESSAGE][PASSED] - Delayed 3 second(s)

2019-03-29 15:29:51 - [TEST_STEP][PASSED] - click(findTestObject("Perolehan/007 Proses Baucar Bayaran/001 Pelulus PT/button_Ya_Lulus")): Object: 'Object Repository/Perolehan/007 Proses Baucar Bayaran/001 Pelulus PT/button_Ya_Lulus' is clicked on

2019-03-29 15:29:51 - [MESSAGE][PASSED] - Object: 'Object Repository/Perolehan/007 Proses Baucar Bayaran/001 Pelulus PT/button_Ya_Lulus' is clicked on

2019-03-29 15:29:51 - [TEST_STEP][PASSED] - delay(3): Delayed 3 second(s)

2019-03-29 15:29:54 - [MESSAGE][PASSED] - Delayed 3 second(s)

2019-03-29 15:29:54 - [TEST_STEP][PASSED] - No_Baucar = getText(findTestObject("Perolehan/007 Proses Baucar Bayaran/001 Pelulus PT/div_Rekod Berjaya Diluluskan")): Text of object 'Object Repository/Perolehan/007 Proses Baucar Bayaran/001 Pelulus PT/div_Rekod Berjaya Diluluskan' is: 'Rekod Berjaya Diluluskan.
No. Baucar : 19CHBB0400215
Adakah Anda Ingin Mencetak Rekod Ini?
YaTidak'

2019-03-29 15:30:07 - [MESSAGE][PASSED] - Text of object 'Object Repository/Perolehan/007 Proses Baucar Bayaran/001 Pelulus PT/div_Rekod Berjaya Diluluskan' is: 'Rekod Berjaya Diluluskan.
No. Baucar : 19CHBB0400215
Adakah Anda Ingin Mencetak Rekod Ini?
YaTidak'

2019-03-29 15:30:07 - [TEST_STEP][PASSED] - println(No_Baucar): null

2019-03-29 15:30:07 - [TEST_STEP][PASSED] - Baucar_id = No_Baucar[(39..51)]: null

2019-03-29 15:30:07 - [TEST_STEP][PASSED] - println(Baucar_id): null

2019-03-29 15:30:07 - [TEST_STEP][PASSED] - Nombor_Baucar = Baucar_id: null

2019-03-29 15:30:07 - [TEST_STEP][PASSED] - delay(3): Delayed 3 second(s)

2019-03-29 15:30:10 - [MESSAGE][PASSED] - Delayed 3 second(s)

2019-03-29 15:30:10 - [TEST_STEP][PASSED] - waitForElementClickable(findTestObject("Perolehan/007 Proses Baucar Bayaran/001 Pelulus PT/button_Ya_Cetak"), 300): Object 'Object Repository/Perolehan/007 Proses Baucar Bayaran/001 Pelulus PT/button_Ya_Cetak' is clickable

2019-03-29 15:30:10 - [MESSAGE][PASSED] - Object 'Object Repository/Perolehan/007 Proses Baucar Bayaran/001 Pelulus PT/button_Ya_Cetak' is clickable

2019-03-29 15:30:10 - [TEST_STEP][PASSED] - element = findWebElement(findTestObject("Perolehan/007 Proses Baucar Bayaran/001 Pelulus PT/button_Ya_Cetak"), 300): null

2019-03-29 15:30:10 - [TEST_STEP][PASSED] - executeJavaScript("arguments[0].click", Arrays.asList(element)): Execute JavaScript 'arguments[0].click' successfully

2019-03-29 15:30:10 - [MESSAGE][PASSED] - Execute JavaScript 'arguments[0].click' successfully

2019-03-29 15:30:10 - [TEST_STEP][PASSED] - click(findTestObject("Perolehan/007 Proses Baucar Bayaran/001 Pelulus PT/button_Ya_Cetak")): Object: 'Object Repository/Perolehan/007 Proses Baucar Bayaran/001 Pelulus PT/button_Ya_Cetak' is clicked on

2019-03-29 15:30:37 - [MESSAGE][PASSED] - Object: 'Object Repository/Perolehan/007 Proses Baucar Bayaran/001 Pelulus PT/button_Ya_Cetak' is clicked on

2019-03-29 15:30:37 - [TEST_STEP][PASSED] - switchToWindowIndex(1): Switched to window with index: '1'

2019-03-29 15:30:37 - [MESSAGE][PASSED] - Switched to window with index: '1'

2019-03-29 15:30:37 - [TEST_STEP][PASSED] - delay(3): Delayed 3 second(s)

2019-03-29 15:30:40 - [MESSAGE][PASSED] - Delayed 3 second(s)

2019-03-29 15:30:40 - [TEST_STEP][PASSED] - waitForPageLoad(180): Wait for page load successfully

2019-03-29 15:30:41 - [MESSAGE][PASSED] - Wait for page load successfully

2019-03-29 15:30:41 - [TEST_STEP][PASSED] - takeScreenshot(): Taking screenshot successfully

2019-03-29 15:30:42 - [MESSAGE][PASSED] - Taking screenshot successfully
[[ATTACHMENT|C:\\Users\\Consultant_MSPHitect\\Katalon Studio\\TrainingonKatalon\\Reports\\Perolehan\\04 Inden Kerja Cara Bayaran CEK Tiada Pemfaktoran\\20190329_143520\\1553844641976.png]]

2019-03-29 15:30:42 - [TEST_STEP][PASSED] - switchToWindowIndex(0): Switched to window with index: '0'

2019-03-29 15:30:42 - [MESSAGE][PASSED] - Switched to window with index: '0'

2019-03-29 15:30:42 - [TEST_STEP][PASSED] - delay(3): Delayed 3 second(s)

2019-03-29 15:30:45 - [MESSAGE][PASSED] - Delayed 3 second(s)

2019-03-29 15:30:45 - [TEST_STEP][PASSED] - closeBrowser(): Browser is closed

2019-03-29 15:30:46 - [MESSAGE][PASSED] - Browser is closed]]></system-out>
         <system-err><![CDATA[]]></system-err>
      </testcase>
      <testcase name="Test Cases/Perolehan/008 Posting Bayaran/002 Posting Bayaran - CEK" classname="Test Cases/Perolehan/008 Posting Bayaran/002 Posting Bayaran - CEK" status="PASSED">
         <system-out><![CDATA[2019-03-29 15:30:46 - [TEST_CASE][PASSED] - Test Cases/Perolehan/008 Posting Bayaran/002 Posting Bayaran - CEK: Test Cases/Perolehan/008 Posting Bayaran/002 Posting Bayaran - CEK

2019-03-29 15:30:46 - [TEST_STEP][PASSED] - reusablefunctions.reusablefunctions.openbrowser(): reusablefunctions.reusablefunctions.openbrowser is PASSED

2019-03-29 15:30:46 - [MESSAGE][INFO] - Starting 'Chrome' driver

2019-03-29 15:30:49 - [MESSAGE][PASSED] - Browser is opened with url: 'http://175.143.52.101:7010/1SPEKSv2/'

2019-03-29 15:30:49 - [MESSAGE][PASSED] - reusablefunctions.reusablefunctions.openbrowser is PASSED

2019-03-29 15:30:49 - [TEST_STEP][PASSED] - reusablefunctions.reusablefunctions.Login(findTestData("ispekstestdata").getValue(1, 7), findTestData("ispekstestdata").getValue(2, 7)): reusablefunctions.reusablefunctions.Login is PASSED

2019-03-29 15:30:49 - [MESSAGE][PASSED] - Text '780613015177' is set on object 'Object Repository/Login/input_NoKadPengenalan'

2019-03-29 15:30:49 - [MESSAGE][PASSED] - Text ****** has been set on object 'Object Repository/Login/input_Password'

2019-03-29 15:30:50 - [MESSAGE][PASSED] - Object: 'Object Repository/Login/input_ButtonLogMasuk' is clicked on

2019-03-29 15:31:00 - [MESSAGE][PASSED] - Delayed 10 second(s)

2019-03-29 15:31:00 - [MESSAGE][PASSED] - reusablefunctions.reusablefunctions.Login is PASSED

2019-03-29 15:31:00 - [TEST_STEP][PASSED] - click(findTestObject("Perolehan/TukarPeranan/IconTukarPeranan")): Object: 'Object Repository/Perolehan/TukarPeranan/IconTukarPeranan' is clicked on

2019-03-29 15:31:00 - [MESSAGE][PASSED] - Object: 'Object Repository/Perolehan/TukarPeranan/IconTukarPeranan' is clicked on

2019-03-29 15:31:00 - [TEST_STEP][PASSED] - click(findTestObject("Perolehan/TukarPeranan/input_TukarPeranan", ["value":"2474"])): Object: 'Object Repository/Perolehan/TukarPeranan/input_TukarPeranan' is clicked on

2019-03-29 15:31:00 - [MESSAGE][PASSED] - Object: 'Object Repository/Perolehan/TukarPeranan/input_TukarPeranan' is clicked on

2019-03-29 15:31:00 - [TEST_STEP][PASSED] - click(findTestObject("Perolehan/TukarPeranan/button_Ya")): Object: 'Object Repository/Perolehan/TukarPeranan/button_Ya' is clicked on

2019-03-29 15:31:00 - [MESSAGE][PASSED] - Object: 'Object Repository/Perolehan/TukarPeranan/button_Ya' is clicked on

2019-03-29 15:31:00 - [TEST_STEP][PASSED] - delay(25): Delayed 25 second(s)

2019-03-29 15:31:25 - [MESSAGE][PASSED] - Delayed 25 second(s)

2019-03-29 15:31:25 - [TEST_STEP][PASSED] - verifyTextPresent("Peranan : [Pelulus] Peringkat : [BN]", false): Text 'Peranan : [Pelulus] Peringkat : [BN]' is present on page 

2019-03-29 15:31:26 - [MESSAGE][PASSED] - Text 'Peranan : [Pelulus] Peringkat : [BN]' is present on page 

2019-03-29 15:31:26 - [TEST_STEP][PASSED] - click(findTestObject("Perolehan/001 Left_Menu_Selection/a_ExpandMenuonLeft")): Object: 'Object Repository/Perolehan/001 Left_Menu_Selection/a_ExpandMenuonLeft' is clicked on

2019-03-29 15:31:26 - [MESSAGE][PASSED] - Object: 'Object Repository/Perolehan/001 Left_Menu_Selection/a_ExpandMenuonLeft' is clicked on

2019-03-29 15:31:26 - [TEST_STEP][PASSED] - delay(3): Delayed 3 second(s)

2019-03-29 15:31:29 - [MESSAGE][PASSED] - Delayed 3 second(s)

2019-03-29 15:31:29 - [TEST_STEP][PASSED] - click(findTestObject("Perolehan/001 Left_Menu_Selection/div_PanelTitlePengurusanTunai")): Object: 'Object Repository/Perolehan/001 Left_Menu_Selection/div_PanelTitlePengurusanTunai' is clicked on

2019-03-29 15:31:29 - [MESSAGE][PASSED] - Object: 'Object Repository/Perolehan/001 Left_Menu_Selection/div_PanelTitlePengurusanTunai' is clicked on

2019-03-29 15:31:29 - [TEST_STEP][PASSED] - delay(3): Delayed 3 second(s)

2019-03-29 15:31:32 - [MESSAGE][PASSED] - Delayed 3 second(s)

2019-03-29 15:31:32 - [TEST_STEP][PASSED] - click(findTestObject("Perolehan/001 Left_Menu_Selection/div_PostBayaran")): Object: 'Object Repository/Perolehan/001 Left_Menu_Selection/div_PostBayaran' is clicked on

2019-03-29 15:31:32 - [MESSAGE][PASSED] - Object: 'Object Repository/Perolehan/001 Left_Menu_Selection/div_PostBayaran' is clicked on

2019-03-29 15:31:32 - [TEST_STEP][PASSED] - delay(3): Delayed 3 second(s)

2019-03-29 15:31:35 - [MESSAGE][PASSED] - Delayed 3 second(s)

2019-03-29 15:31:35 - [TEST_STEP][PASSED] - click(findTestObject("Perolehan/008 Post Bayaran/Drop_Down_Cara_Bayaran")): Object: 'Object Repository/Perolehan/008 Post Bayaran/Drop_Down_Cara_Bayaran' is clicked on

2019-03-29 15:31:35 - [MESSAGE][PASSED] - Object: 'Object Repository/Perolehan/008 Post Bayaran/Drop_Down_Cara_Bayaran' is clicked on

2019-03-29 15:31:35 - [TEST_STEP][PASSED] - click(findTestObject("Perolehan/008 Post Bayaran/Select_Cara_Bayaran_CEK")): Object: 'Object Repository/Perolehan/008 Post Bayaran/Select_Cara_Bayaran_CEK' is clicked on

2019-03-29 15:31:35 - [MESSAGE][PASSED] - Object: 'Object Repository/Perolehan/008 Post Bayaran/Select_Cara_Bayaran_CEK' is clicked on

2019-03-29 15:31:35 - [TEST_STEP][PASSED] - delay(3): Delayed 3 second(s)

2019-03-29 15:31:38 - [MESSAGE][PASSED] - Delayed 3 second(s)

2019-03-29 15:31:38 - [TEST_STEP][PASSED] - click(findTestObject("Perolehan/008 Post Bayaran/Drop_down_No_Baucar")): Object: 'Object Repository/Perolehan/008 Post Bayaran/Drop_down_No_Baucar' is clicked on

2019-03-29 15:31:39 - [MESSAGE][PASSED] - Object: 'Object Repository/Perolehan/008 Post Bayaran/Drop_down_No_Baucar' is clicked on

2019-03-29 15:31:39 - [TEST_STEP][PASSED] - delay(3): Delayed 3 second(s)

2019-03-29 15:31:42 - [MESSAGE][PASSED] - Delayed 3 second(s)

2019-03-29 15:31:42 - [TEST_STEP][PASSED] - setText(findTestObject("Perolehan/008 Post Bayaran/input_No. Baucar_noBaucar"), Nombor_Baucar): Text '19CHBB0400215' is set on object 'Object Repository/Perolehan/008 Post Bayaran/input_No. Baucar_noBaucar'

2019-03-29 15:31:42 - [MESSAGE][PASSED] - Text '19CHBB0400215' is set on object 'Object Repository/Perolehan/008 Post Bayaran/input_No. Baucar_noBaucar'

2019-03-29 15:31:42 - [TEST_STEP][PASSED] - delay(3): Delayed 3 second(s)

2019-03-29 15:31:45 - [MESSAGE][PASSED] - Delayed 3 second(s)

2019-03-29 15:31:45 - [TEST_STEP][PASSED] - click(findTestObject("Perolehan/008 Post Bayaran/select_No_Baucar", ["text":Nombor_Baucar])): Object: 'Object Repository/Perolehan/008 Post Bayaran/select_No_Baucar' is clicked on

2019-03-29 15:31:45 - [MESSAGE][PASSED] - Object: 'Object Repository/Perolehan/008 Post Bayaran/select_No_Baucar' is clicked on

2019-03-29 15:31:45 - [TEST_STEP][PASSED] - delay(3): Delayed 3 second(s)

2019-03-29 15:31:48 - [MESSAGE][PASSED] - Delayed 3 second(s)

2019-03-29 15:31:48 - [TEST_STEP][PASSED] - click(findTestObject("Perolehan/008 Post Bayaran/button_Cari")): Object: 'Object Repository/Perolehan/008 Post Bayaran/button_Cari' is clicked on

2019-03-29 15:31:48 - [MESSAGE][PASSED] - Object: 'Object Repository/Perolehan/008 Post Bayaran/button_Cari' is clicked on

2019-03-29 15:31:48 - [TEST_STEP][PASSED] - delay(25): Delayed 25 second(s)

2019-03-29 15:32:13 - [MESSAGE][PASSED] - Delayed 25 second(s)

2019-03-29 15:32:13 - [TEST_STEP][PASSED] - waitForElementClickable(findTestObject("Perolehan/008 Post Bayaran/checkbox_proses"), 180): Object 'Object Repository/Perolehan/008 Post Bayaran/checkbox_proses' is clickable

2019-03-29 15:32:13 - [MESSAGE][PASSED] - Object 'Object Repository/Perolehan/008 Post Bayaran/checkbox_proses' is clickable

2019-03-29 15:32:13 - [TEST_STEP][PASSED] - check(findTestObject("Perolehan/008 Post Bayaran/checkbox_proses")): Object 'Object Repository/Perolehan/008 Post Bayaran/checkbox_proses' is checked

2019-03-29 15:32:13 - [MESSAGE][PASSED] - Object 'Object Repository/Perolehan/008 Post Bayaran/checkbox_proses' is checked

2019-03-29 15:32:13 - [TEST_STEP][PASSED] - click(findTestObject("Perolehan/008 Post Bayaran/button_proses")): Object: 'Object Repository/Perolehan/008 Post Bayaran/button_proses' is clicked on

2019-03-29 15:32:13 - [MESSAGE][PASSED] - Object: 'Object Repository/Perolehan/008 Post Bayaran/button_proses' is clicked on

2019-03-29 15:32:13 - [TEST_STEP][PASSED] - delay(3): Delayed 3 second(s)

2019-03-29 15:32:16 - [MESSAGE][PASSED] - Delayed 3 second(s)

2019-03-29 15:32:16 - [TEST_STEP][PASSED] - click(findTestObject("Perolehan/008 Post Bayaran/button_Ya_Proses")): Object: 'Object Repository/Perolehan/008 Post Bayaran/button_Ya_Proses' is clicked on

2019-03-29 15:32:17 - [MESSAGE][PASSED] - Object: 'Object Repository/Perolehan/008 Post Bayaran/button_Ya_Proses' is clicked on

2019-03-29 15:32:17 - [TEST_STEP][PASSED] - delay(10): Delayed 10 second(s)

2019-03-29 15:32:27 - [MESSAGE][PASSED] - Delayed 10 second(s)

2019-03-29 15:32:27 - [TEST_STEP][PASSED] - waitForElementPresent(findTestObject("Perolehan/008 Post Bayaran/button_OK"), 180): Object 'Object Repository/Perolehan/008 Post Bayaran/button_OK' is present

2019-03-29 15:32:34 - [MESSAGE][PASSED] - Object 'Object Repository/Perolehan/008 Post Bayaran/button_OK' is present

2019-03-29 15:32:34 - [TEST_STEP][PASSED] - verifyTextPresent("Proses Posting Berjaya.", false): Text 'Proses Posting Berjaya.' is present on page 

2019-03-29 15:32:35 - [MESSAGE][PASSED] - Text 'Proses Posting Berjaya.' is present on page 

2019-03-29 15:32:35 - [TEST_STEP][PASSED] - takeScreenshot(): Taking screenshot successfully

2019-03-29 15:32:35 - [MESSAGE][PASSED] - Taking screenshot successfully
[[ATTACHMENT|C:\\Users\\Consultant_MSPHitect\\Katalon Studio\\TrainingonKatalon\\Reports\\Perolehan\\04 Inden Kerja Cara Bayaran CEK Tiada Pemfaktoran\\20190329_143520\\1553844755084.png]]

2019-03-29 15:32:35 - [TEST_STEP][PASSED] - waitForElementClickable(findTestObject("Perolehan/002 Penyedia_RekodBaru/001 Rekod Baru Pesanan Tempatan/button_OK_Rekod_Berjaya_disimpan"), 300): Object 'Object Repository/Perolehan/002 Penyedia_RekodBaru/001 Rekod Baru Pesanan Tempatan/button_OK_Rekod_Berjaya_disimpan' is clickable

2019-03-29 15:32:35 - [MESSAGE][PASSED] - Object 'Object Repository/Perolehan/002 Penyedia_RekodBaru/001 Rekod Baru Pesanan Tempatan/button_OK_Rekod_Berjaya_disimpan' is clickable

2019-03-29 15:32:35 - [TEST_STEP][PASSED] - element = findWebElement(findTestObject("Perolehan/008 Post Bayaran/button_OK"), 300): null

2019-03-29 15:32:35 - [TEST_STEP][PASSED] - executeJavaScript("arguments[0].click", Arrays.asList(element)): Execute JavaScript 'arguments[0].click' successfully

2019-03-29 15:32:35 - [MESSAGE][PASSED] - Execute JavaScript 'arguments[0].click' successfully

2019-03-29 15:32:35 - [TEST_STEP][PASSED] - click(findTestObject("Perolehan/008 Post Bayaran/button_OK")): Object: 'Object Repository/Perolehan/008 Post Bayaran/button_OK' is clicked on

2019-03-29 15:32:35 - [MESSAGE][PASSED] - Object: 'Object Repository/Perolehan/008 Post Bayaran/button_OK' is clicked on

2019-03-29 15:32:35 - [TEST_STEP][PASSED] - delay(3): Delayed 3 second(s)

2019-03-29 15:32:38 - [MESSAGE][PASSED] - Delayed 3 second(s)

2019-03-29 15:32:38 - [TEST_STEP][PASSED] - closeBrowser(): Browser is closed

2019-03-29 15:32:39 - [MESSAGE][PASSED] - Browser is closed]]></system-out>
         <system-err><![CDATA[]]></system-err>
      </testcase>
      <testcase name="Test Cases/Perolehan/009 Penyedia Cetak Baucar Bayaran/001 Penyedia Cetak Baucar Bayaran" classname="Test Cases/Perolehan/009 Penyedia Cetak Baucar Bayaran/001 Penyedia Cetak Baucar Bayaran" status="PASSED">
         <system-out><![CDATA[2019-03-29 15:32:39 - [TEST_CASE][PASSED] - Test Cases/Perolehan/009 Penyedia Cetak Baucar Bayaran/001 Penyedia Cetak Baucar Bayaran: Test Cases/Perolehan/009 Penyedia Cetak Baucar Bayaran/001 Penyedia Cetak Baucar Bayaran

2019-03-29 15:32:39 - [TEST_STEP][PASSED] - reusablefunctions.reusablefunctions.openbrowser(): reusablefunctions.reusablefunctions.openbrowser is PASSED

2019-03-29 15:32:39 - [MESSAGE][INFO] - Starting 'Chrome' driver

2019-03-29 15:32:42 - [MESSAGE][PASSED] - Browser is opened with url: 'http://175.143.52.101:7010/1SPEKSv2/'

2019-03-29 15:32:42 - [MESSAGE][PASSED] - reusablefunctions.reusablefunctions.openbrowser is PASSED

2019-03-29 15:32:42 - [TEST_STEP][PASSED] - reusablefunctions.reusablefunctions.Login(findTestData("ispekstestdata").getValue(1, 4), findTestData("ispekstestdata").getValue(2, 4)): reusablefunctions.reusablefunctions.Login is PASSED

2019-03-29 15:32:42 - [MESSAGE][PASSED] - Text '810213016116' is set on object 'Object Repository/Login/input_NoKadPengenalan'

2019-03-29 15:32:42 - [MESSAGE][PASSED] - Text ****** has been set on object 'Object Repository/Login/input_Password'

2019-03-29 15:32:43 - [MESSAGE][PASSED] - Object: 'Object Repository/Login/input_ButtonLogMasuk' is clicked on

2019-03-29 15:32:53 - [MESSAGE][PASSED] - Delayed 10 second(s)

2019-03-29 15:32:53 - [MESSAGE][PASSED] - reusablefunctions.reusablefunctions.Login is PASSED

2019-03-29 15:32:53 - [TEST_STEP][PASSED] - click(findTestObject("Perolehan/TukarPeranan/IconTukarPeranan")): Object: 'Object Repository/Perolehan/TukarPeranan/IconTukarPeranan' is clicked on

2019-03-29 15:32:53 - [MESSAGE][PASSED] - Object: 'Object Repository/Perolehan/TukarPeranan/IconTukarPeranan' is clicked on

2019-03-29 15:32:53 - [TEST_STEP][PASSED] - click(findTestObject("Perolehan/TukarPeranan/input_TukarPeranan", ["value":"255"])): Object: 'Object Repository/Perolehan/TukarPeranan/input_TukarPeranan' is clicked on

2019-03-29 15:32:53 - [MESSAGE][PASSED] - Object: 'Object Repository/Perolehan/TukarPeranan/input_TukarPeranan' is clicked on

2019-03-29 15:32:53 - [TEST_STEP][PASSED] - click(findTestObject("Perolehan/TukarPeranan/button_Ya")): Object: 'Object Repository/Perolehan/TukarPeranan/button_Ya' is clicked on

2019-03-29 15:32:53 - [MESSAGE][PASSED] - Object: 'Object Repository/Perolehan/TukarPeranan/button_Ya' is clicked on

2019-03-29 15:32:53 - [TEST_STEP][PASSED] - delay(20): Delayed 20 second(s)

2019-03-29 15:33:13 - [MESSAGE][PASSED] - Delayed 20 second(s)

2019-03-29 15:33:13 - [TEST_STEP][PASSED] - verifyTextPresent("Peranan : [Penyedia] Peringkat : [PTJ]", false): Text 'Peranan : [Penyedia] Peringkat : [PTJ]' is present on page 

2019-03-29 15:33:15 - [MESSAGE][PASSED] - Text 'Peranan : [Penyedia] Peringkat : [PTJ]' is present on page 

2019-03-29 15:33:15 - [TEST_STEP][PASSED] - click(findTestObject("Perolehan/001 Left_Menu_Selection/a_ExpandMenuonLeft")): Object: 'Object Repository/Perolehan/001 Left_Menu_Selection/a_ExpandMenuonLeft' is clicked on

2019-03-29 15:33:16 - [MESSAGE][PASSED] - Object: 'Object Repository/Perolehan/001 Left_Menu_Selection/a_ExpandMenuonLeft' is clicked on

2019-03-29 15:33:16 - [TEST_STEP][PASSED] - delay(3): Delayed 3 second(s)

2019-03-29 15:33:19 - [MESSAGE][PASSED] - Delayed 3 second(s)

2019-03-29 15:33:19 - [TEST_STEP][PASSED] - click(findTestObject("Perolehan/001 Left_Menu_Selection/Menu_Akaun Belum Bayar")): Object: 'Object Repository/Perolehan/001 Left_Menu_Selection/Menu_Akaun Belum Bayar' is clicked on

2019-03-29 15:33:19 - [MESSAGE][PASSED] - Object: 'Object Repository/Perolehan/001 Left_Menu_Selection/Menu_Akaun Belum Bayar' is clicked on

2019-03-29 15:33:19 - [TEST_STEP][PASSED] - delay(3): Delayed 3 second(s)

2019-03-29 15:33:22 - [MESSAGE][PASSED] - Delayed 3 second(s)

2019-03-29 15:33:22 - [TEST_STEP][PASSED] - click(findTestObject("Perolehan/001 Left_Menu_Selection/div_Carian_Akaun_Belum_Bayar")): Object: 'Object Repository/Perolehan/001 Left_Menu_Selection/div_Carian_Akaun_Belum_Bayar' is clicked on

2019-03-29 15:33:22 - [MESSAGE][PASSED] - Object: 'Object Repository/Perolehan/001 Left_Menu_Selection/div_Carian_Akaun_Belum_Bayar' is clicked on

2019-03-29 15:33:22 - [TEST_STEP][PASSED] - delay(3): Delayed 3 second(s)

2019-03-29 15:33:25 - [MESSAGE][PASSED] - Delayed 3 second(s)

2019-03-29 15:33:25 - [TEST_STEP][PASSED] - click(findTestObject("Perolehan/009 Penyedia Cetak Baucar Bayaran/Drop_down_Jenis_Carian")): Object: 'Object Repository/Perolehan/009 Penyedia Cetak Baucar Bayaran/Drop_down_Jenis_Carian' is clicked on

2019-03-29 15:33:25 - [MESSAGE][PASSED] - Object: 'Object Repository/Perolehan/009 Penyedia Cetak Baucar Bayaran/Drop_down_Jenis_Carian' is clicked on

2019-03-29 15:33:25 - [TEST_STEP][PASSED] - click(findTestObject("Perolehan/009 Penyedia Cetak Baucar Bayaran/Select_No_Baucar")): Object: 'Object Repository/Perolehan/009 Penyedia Cetak Baucar Bayaran/Select_No_Baucar' is clicked on

2019-03-29 15:33:25 - [MESSAGE][PASSED] - Object: 'Object Repository/Perolehan/009 Penyedia Cetak Baucar Bayaran/Select_No_Baucar' is clicked on

2019-03-29 15:33:25 - [TEST_STEP][PASSED] - setText(findTestObject("Perolehan/009 Penyedia Cetak Baucar Bayaran/Input_No_Baucar"), Nombor_Baucar): Text '19CHBB0400215' is set on object 'Object Repository/Perolehan/009 Penyedia Cetak Baucar Bayaran/Input_No_Baucar'

2019-03-29 15:33:25 - [MESSAGE][PASSED] - Text '19CHBB0400215' is set on object 'Object Repository/Perolehan/009 Penyedia Cetak Baucar Bayaran/Input_No_Baucar'

2019-03-29 15:33:25 - [TEST_STEP][PASSED] - click(findTestObject("Perolehan/009 Penyedia Cetak Baucar Bayaran/button_Cari")): Object: 'Object Repository/Perolehan/009 Penyedia Cetak Baucar Bayaran/button_Cari' is clicked on

2019-03-29 15:33:25 - [MESSAGE][PASSED] - Object: 'Object Repository/Perolehan/009 Penyedia Cetak Baucar Bayaran/button_Cari' is clicked on

2019-03-29 15:33:25 - [TEST_STEP][PASSED] - delay(3): Delayed 3 second(s)

2019-03-29 15:33:28 - [MESSAGE][PASSED] - Delayed 3 second(s)

2019-03-29 15:33:28 - [TEST_STEP][PASSED] - click(findTestObject("Perolehan/009 Penyedia Cetak Baucar Bayaran/button_Cetak")): Object: 'Object Repository/Perolehan/009 Penyedia Cetak Baucar Bayaran/button_Cetak' is clicked on

2019-03-29 15:33:28 - [MESSAGE][PASSED] - Object: 'Object Repository/Perolehan/009 Penyedia Cetak Baucar Bayaran/button_Cetak' is clicked on

2019-03-29 15:33:28 - [TEST_STEP][PASSED] - delay(5): Delayed 5 second(s)

2019-03-29 15:33:33 - [MESSAGE][PASSED] - Delayed 5 second(s)

2019-03-29 15:33:33 - [TEST_STEP][PASSED] - switchToWindowIndex(1): Switched to window with index: '1'

2019-03-29 15:33:33 - [MESSAGE][PASSED] - Switched to window with index: '1'

2019-03-29 15:33:33 - [TEST_STEP][PASSED] - waitForPageLoad(180, STOP_ON_FAILURE): Wait for page load successfully

2019-03-29 15:33:50 - [MESSAGE][PASSED] - Wait for page load successfully

2019-03-29 15:33:50 - [TEST_STEP][PASSED] - delay(3): Delayed 3 second(s)

2019-03-29 15:33:53 - [MESSAGE][PASSED] - Delayed 3 second(s)

2019-03-29 15:33:53 - [TEST_STEP][PASSED] - takeScreenshot(): Taking screenshot successfully

2019-03-29 15:33:53 - [MESSAGE][PASSED] - Taking screenshot successfully
[[ATTACHMENT|C:\\Users\\Consultant_MSPHitect\\Katalon Studio\\TrainingonKatalon\\Reports\\Perolehan\\04 Inden Kerja Cara Bayaran CEK Tiada Pemfaktoran\\20190329_143520\\1553844833529.png]]

2019-03-29 15:33:53 - [TEST_STEP][PASSED] - switchToWindowIndex(0): Switched to window with index: '0'

2019-03-29 15:33:53 - [MESSAGE][PASSED] - Switched to window with index: '0'

2019-03-29 15:33:53 - [TEST_STEP][PASSED] - delay(3): Delayed 3 second(s)

2019-03-29 15:33:56 - [MESSAGE][PASSED] - Delayed 3 second(s)

2019-03-29 15:33:56 - [TEST_STEP][PASSED] - closeBrowser(): Browser is closed

2019-03-29 15:33:57 - [MESSAGE][PASSED] - Browser is closed]]></system-out>
         <system-err><![CDATA[]]></system-err>
      </testcase>
      <system-out><![CDATA[2019-03-29 15:19:42 - [TEST_SUITE][PASSED] - 04 Inden Kerja Cara Bayaran CEK Tiada Pemfaktoran: Test Cases/Perolehan/009 Penyedia Cetak Baucar Bayaran/001 Penyedia Cetak Baucar Bayaran]]></system-out>
      <system-err><![CDATA[]]></system-err>
   </testsuite>
</testsuites>
