<?xml version="1.0" encoding="UTF-8"?>
<testsuites name="04 Inden Kerja Cara Bayaran CEK Tiada Pemfaktoran" time="263" tests="3" failures="0" errors="0">
   <testsuite name="04 Inden Kerja Cara Bayaran CEK Tiada Pemfaktoran" tests="3" failures="0" errors="0" time="263" timestamp="2019-03-15 14:44:21" hostname="Consultant_MSPHitect - DESKTOP-V9TS2EM" id="Test Suites/Perolehan/04 Inden Kerja Cara Bayaran CEK Tiada Pemfaktoran">
      <properties>
         <property name="deviceName" value=""/>
         <property name="devicePlatform" value=""/>
         <property name="logFolder" value="C:\\Users\\Consultant_MSPHitect\\Katalon Studio\\TrainingonKatalon\\Reports\\Perolehan\\04 Inden Kerja Cara Bayaran CEK Tiada Pemfaktoran\\20190315_144412"/>
         <property name="logFiles" value="C:\\Users\\Consultant_MSPHitect\\Katalon Studio\\TrainingonKatalon\\Reports\\Perolehan\\04 Inden Kerja Cara Bayaran CEK Tiada Pemfaktoran\\20190315_144412\\execution0.log"/>
         <property name="attachments" value="C:\\Users\\Consultant_MSPHitect\\Katalon Studio\\TrainingonKatalon\\Reports\\Perolehan\\04 Inden Kerja Cara Bayaran CEK Tiada Pemfaktoran\\20190315_144412\\1552632350223.png, C:\\Users\\Consultant_MSPHitect\\Katalon Studio\\TrainingonKatalon\\Reports\\Perolehan\\04 Inden Kerja Cara Bayaran CEK Tiada Pemfaktoran\\20190315_144412\\1552632451712.png, C:\\Users\\Consultant_MSPHitect\\Katalon Studio\\TrainingonKatalon\\Reports\\Perolehan\\04 Inden Kerja Cara Bayaran CEK Tiada Pemfaktoran\\20190315_144412\\1552632521478.png"/>
         <property name="hostName" value="Consultant_MSPHitect - DESKTOP-V9TS2EM"/>
         <property name="os" value="Windows 10 64bit"/>
         <property name="katalonVersion" value="6.0.5.4"/>
         <property name="browser" value="Chrome 72.0.3626.121"/>
         <property name="hostAddress" value="192.168.172.132"/>
         <property name="sessionId" value="6c1c1bb77d7e86195cb79f6fc9f06d38"/>
         <property name="seleniumVersion" value="3.7.1"/>
         <property name="proxyInformation" value="ProxyInformation{proxyOption=NO_PROXY, proxyServerType=HTTP, password=, proxyServerAddress=, proxyServerPort=0}"/>
         <property name="platform" value="Windows 10"/>
      </properties>
      <testcase name="Test Cases/Perolehan/007 Proses Baucar Bayaran/004 Pelulus Baucar Bayaran IK - CEK" classname="Test Cases/Perolehan/007 Proses Baucar Bayaran/004 Pelulus Baucar Bayaran IK - CEK" status="PASSED">
         <system-out><![CDATA[2019-03-15 14:44:22 - [TEST_CASE][PASSED] - Test Cases/Perolehan/007 Proses Baucar Bayaran/004 Pelulus Baucar Bayaran IK - CEK: Test Cases/Perolehan/007 Proses Baucar Bayaran/004 Pelulus Baucar Bayaran IK - CEK

2019-03-15 14:44:22 - [TEST_STEP][PASSED] - reusablefunctions.reusablefunctions.openbrowser(): reusablefunctions.reusablefunctions.openbrowser is PASSED

2019-03-15 14:44:22 - [MESSAGE][INFO] - Starting 'Chrome' driver

2019-03-15 14:44:22 - [MESSAGE][INFO] - Action delay is set to 0 seconds

2019-03-15 14:44:27 - [MESSAGE][PASSED] - Browser is opened with url: 'https://175.143.52.101:7011/1SPEKSv2/'

2019-03-15 14:44:27 - [MESSAGE][PASSED] - reusablefunctions.reusablefunctions.openbrowser is PASSED

2019-03-15 14:44:27 - [TEST_STEP][PASSED] - reusablefunctions.reusablefunctions.Login(findTestData("ispekstestdata").getValue(1, 2), findTestData("ispekstestdata").getValue(2, 2)): reusablefunctions.reusablefunctions.Login is PASSED

2019-03-15 14:44:27 - [MESSAGE][PASSED] - Text '601101955194' is set on object 'Object Repository/Login/input_NoKadPengenalan'

2019-03-15 14:44:28 - [MESSAGE][PASSED] - Text ****** has been set on object 'Object Repository/Login/input_Password'

2019-03-15 14:44:29 - [MESSAGE][PASSED] - Object: 'Object Repository/Login/input_ButtonLogMasuk' is clicked on

2019-03-15 14:44:39 - [MESSAGE][PASSED] - Delayed 10 second(s)

2019-03-15 14:44:39 - [MESSAGE][PASSED] - reusablefunctions.reusablefunctions.Login is PASSED

2019-03-15 14:44:39 - [TEST_STEP][PASSED] - reusablefunctions.reusablefunctions.PerananPelulusPTJ(): reusablefunctions.reusablefunctions.PerananPelulusPTJ is PASSED

2019-03-15 14:44:39 - [MESSAGE][PASSED] - Object: 'Object Repository/Perolehan/TukarPeranan/IconTukarPeranan' is clicked on

2019-03-15 14:44:39 - [MESSAGE][PASSED] - Object: 'Object Repository/Perolehan/TukarPeranan/input_TukarPelulusPTJ' is clicked on

2019-03-15 14:44:39 - [MESSAGE][PASSED] - Object: 'Object Repository/Perolehan/TukarPeranan/button_Ya' is clicked on

2019-03-15 14:44:59 - [MESSAGE][PASSED] - Delayed 20 second(s)

2019-03-15 14:45:01 - [MESSAGE][PASSED] - Text 'Peranan : [Pelulus] Peringkat : [PTJ]' is present on page 

2019-03-15 14:45:01 - [MESSAGE][PASSED] - reusablefunctions.reusablefunctions.PerananPelulusPTJ is PASSED

2019-03-15 14:45:01 - [TEST_STEP][PASSED] - click(findTestObject("Perolehan/007 Proses Baucar Bayaran/Menu_Sisi")): Object: 'Object Repository/Perolehan/007 Proses Baucar Bayaran/Menu_Sisi' is clicked on

2019-03-15 14:45:02 - [MESSAGE][PASSED] - Object: 'Object Repository/Perolehan/007 Proses Baucar Bayaran/Menu_Sisi' is clicked on

2019-03-15 14:45:02 - [TEST_STEP][PASSED] - delay(3): Delayed 3 second(s)

2019-03-15 14:45:05 - [MESSAGE][PASSED] - Delayed 3 second(s)

2019-03-15 14:45:05 - [TEST_STEP][PASSED] - click(findTestObject("Object Repository/Perolehan/007 Proses Baucar Bayaran/Menu_Akaun Belum Bayar")): Object: 'Object Repository/Perolehan/007 Proses Baucar Bayaran/Menu_Akaun Belum Bayar' is clicked on

2019-03-15 14:45:05 - [MESSAGE][PASSED] - Object: 'Object Repository/Perolehan/007 Proses Baucar Bayaran/Menu_Akaun Belum Bayar' is clicked on

2019-03-15 14:45:05 - [TEST_STEP][PASSED] - delay(3): Delayed 3 second(s)

2019-03-15 14:45:08 - [MESSAGE][PASSED] - Delayed 3 second(s)

2019-03-15 14:45:08 - [TEST_STEP][PASSED] - click(findTestObject("Perolehan/007 Proses Baucar Bayaran/Menu_Expand_Baucar_Bayaran")): Object: 'Object Repository/Perolehan/007 Proses Baucar Bayaran/Menu_Expand_Baucar_Bayaran' is clicked on

2019-03-15 14:45:08 - [MESSAGE][PASSED] - Object: 'Object Repository/Perolehan/007 Proses Baucar Bayaran/Menu_Expand_Baucar_Bayaran' is clicked on

2019-03-15 14:45:08 - [TEST_STEP][PASSED] - delay(3): Delayed 3 second(s)

2019-03-15 14:45:11 - [MESSAGE][PASSED] - Delayed 3 second(s)

2019-03-15 14:45:11 - [TEST_STEP][PASSED] - click(findTestObject("Perolehan/007 Proses Baucar Bayaran/Menu_Integrasi_Dalaman")): Object: 'Object Repository/Perolehan/007 Proses Baucar Bayaran/Menu_Integrasi_Dalaman' is clicked on

2019-03-15 14:45:11 - [MESSAGE][PASSED] - Object: 'Object Repository/Perolehan/007 Proses Baucar Bayaran/Menu_Integrasi_Dalaman' is clicked on

2019-03-15 14:45:11 - [TEST_STEP][PASSED] - delay(3): Delayed 3 second(s)

2019-03-15 14:45:14 - [MESSAGE][PASSED] - Delayed 3 second(s)

2019-03-15 14:45:14 - [TEST_STEP][PASSED] - setText(findTestObject("Perolehan/007 Proses Baucar Bayaran/input_No_Rekod"), ArahanBayaranRekodID): Text '19DAAB030300031' is set on object 'Object Repository/Perolehan/007 Proses Baucar Bayaran/input_No_Rekod'

2019-03-15 14:45:15 - [MESSAGE][PASSED] - Text '19DAAB030300031' is set on object 'Object Repository/Perolehan/007 Proses Baucar Bayaran/input_No_Rekod'

2019-03-15 14:45:15 - [TEST_STEP][PASSED] - delay(3): Delayed 3 second(s)

2019-03-15 14:45:18 - [MESSAGE][PASSED] - Delayed 3 second(s)

2019-03-15 14:45:18 - [TEST_STEP][PASSED] - doubleClick(findTestObject("Perolehan/007 Proses Baucar Bayaran/select_No_Rekod", ["text":ArahanBayaranRekodID])): Object: 'Object Repository/Perolehan/007 Proses Baucar Bayaran/select_No_Rekod' is double clicked on

2019-03-15 14:45:18 - [MESSAGE][PASSED] - Object: 'Object Repository/Perolehan/007 Proses Baucar Bayaran/select_No_Rekod' is double clicked on

2019-03-15 14:45:18 - [TEST_STEP][PASSED] - delay(3): Delayed 3 second(s)

2019-03-15 14:45:21 - [MESSAGE][PASSED] - Delayed 3 second(s)

2019-03-15 14:45:21 - [TEST_STEP][PASSED] - namapenerima = getText(findTestObject("Perolehan/007 Proses Baucar Bayaran/001 Pelulus IK/Nama_Penerima - CEK")): Text of object 'Object Repository/Perolehan/007 Proses Baucar Bayaran/001 Pelulus IK/Nama_Penerima - CEK' is: 'JULIA COMPETENCY TRAINING & SERVICES'

2019-03-15 14:45:21 - [MESSAGE][PASSED] - Text of object 'Object Repository/Perolehan/007 Proses Baucar Bayaran/001 Pelulus IK/Nama_Penerima - CEK' is: 'JULIA COMPETENCY TRAINING & SERVICES'

2019-03-15 14:45:21 - [TEST_STEP][PASSED] - delay(3): Delayed 3 second(s)

2019-03-15 14:45:24 - [MESSAGE][PASSED] - Delayed 3 second(s)

2019-03-15 14:45:24 - [TEST_STEP][PASSED] - verifyMatch(namapenerima, "JULIA COMPETENCY TRAINING & SERVICES", false): Actual text 'JULIA COMPETENCY TRAINING & SERVICES' and expected text 'JULIA COMPETENCY TRAINING & SERVICES' are matched 

2019-03-15 14:45:24 - [MESSAGE][PASSED] - Actual text 'JULIA COMPETENCY TRAINING & SERVICES' and expected text 'JULIA COMPETENCY TRAINING & SERVICES' are matched 

2019-03-15 14:45:24 - [TEST_STEP][PASSED] - jumlahkeseluruhan = getText(findTestObject("Perolehan/007 Proses Baucar Bayaran/jumlah_amaun")): Text of object 'Object Repository/Perolehan/007 Proses Baucar Bayaran/jumlah_amaun' is: '6.30'

2019-03-15 14:45:24 - [MESSAGE][PASSED] - Text of object 'Object Repository/Perolehan/007 Proses Baucar Bayaran/jumlah_amaun' is: '6.30'

2019-03-15 14:45:24 - [TEST_STEP][PASSED] - delay(3): Delayed 3 second(s)

2019-03-15 14:45:27 - [MESSAGE][PASSED] - Delayed 3 second(s)

2019-03-15 14:45:27 - [TEST_STEP][PASSED] - verifyMatch(jumlahkeseluruhan, "6.30", false): Actual text '6.30' and expected text '6.30' are matched 

2019-03-15 14:45:27 - [MESSAGE][PASSED] - Actual text '6.30' and expected text '6.30' are matched 

2019-03-15 14:45:27 - [TEST_STEP][PASSED] - click(findTestObject("Perolehan/007 Proses Baucar Bayaran/button_Lulus")): Object: 'Object Repository/Perolehan/007 Proses Baucar Bayaran/button_Lulus' is clicked on

2019-03-15 14:45:27 - [MESSAGE][PASSED] - Object: 'Object Repository/Perolehan/007 Proses Baucar Bayaran/button_Lulus' is clicked on

2019-03-15 14:45:27 - [TEST_STEP][PASSED] - delay(3): Delayed 3 second(s)

2019-03-15 14:45:30 - [MESSAGE][PASSED] - Delayed 3 second(s)

2019-03-15 14:45:30 - [TEST_STEP][PASSED] - click(findTestObject("Perolehan/007 Proses Baucar Bayaran/button_Ya_Lulus")): Object: 'Object Repository/Perolehan/007 Proses Baucar Bayaran/button_Ya_Lulus' is clicked on

2019-03-15 14:45:30 - [MESSAGE][PASSED] - Object: 'Object Repository/Perolehan/007 Proses Baucar Bayaran/button_Ya_Lulus' is clicked on

2019-03-15 14:45:30 - [TEST_STEP][PASSED] - delay(3): Delayed 3 second(s)

2019-03-15 14:45:33 - [MESSAGE][PASSED] - Delayed 3 second(s)

2019-03-15 14:45:33 - [TEST_STEP][PASSED] - No_Baucar = getText(findTestObject("Perolehan/007 Proses Baucar Bayaran/div_Rekod Berjaya Diluluskan")): Text of object 'Object Repository/Perolehan/007 Proses Baucar Bayaran/div_Rekod Berjaya Diluluskan' is: 'Rekod Berjaya Diluluskan.
No. Baucar : 19DABB0400120
Adakah Anda Ingin Mencetak Rekod Ini?
YaTidak'

2019-03-15 14:45:33 - [MESSAGE][PASSED] - Text of object 'Object Repository/Perolehan/007 Proses Baucar Bayaran/div_Rekod Berjaya Diluluskan' is: 'Rekod Berjaya Diluluskan.
No. Baucar : 19DABB0400120
Adakah Anda Ingin Mencetak Rekod Ini?
YaTidak'

2019-03-15 14:45:33 - [TEST_STEP][PASSED] - println(No_Baucar): null

2019-03-15 14:45:33 - [TEST_STEP][PASSED] - Baucar_id = No_Baucar[(39..51)]: null

2019-03-15 14:45:33 - [TEST_STEP][PASSED] - println(Baucar_id): null

2019-03-15 14:45:33 - [TEST_STEP][PASSED] - Nombor_Baucar = Baucar_id: null

2019-03-15 14:45:33 - [TEST_STEP][PASSED] - delay(3): Delayed 3 second(s)

2019-03-15 14:45:36 - [MESSAGE][PASSED] - Delayed 3 second(s)

2019-03-15 14:45:36 - [TEST_STEP][PASSED] - click(findTestObject("Perolehan/007 Proses Baucar Bayaran/button_Ya_Cetak")): Object: 'Object Repository/Perolehan/007 Proses Baucar Bayaran/button_Ya_Cetak' is clicked on

2019-03-15 14:45:46 - [MESSAGE][PASSED] - Object: 'Object Repository/Perolehan/007 Proses Baucar Bayaran/button_Ya_Cetak' is clicked on

2019-03-15 14:45:46 - [TEST_STEP][PASSED] - switchToWindowIndex(1): Switched to window with index: '1'

2019-03-15 14:45:46 - [MESSAGE][PASSED] - Switched to window with index: '1'

2019-03-15 14:45:46 - [TEST_STEP][PASSED] - delay(3): Delayed 3 second(s)

2019-03-15 14:45:49 - [MESSAGE][PASSED] - Delayed 3 second(s)

2019-03-15 14:45:49 - [TEST_STEP][PASSED] - waitForPageLoad(180): Wait for page load successfully

2019-03-15 14:45:50 - [MESSAGE][PASSED] - Wait for page load successfully

2019-03-15 14:45:50 - [TEST_STEP][PASSED] - takeScreenshot(): Taking screenshot successfully

2019-03-15 14:45:50 - [MESSAGE][PASSED] - Taking screenshot successfully
[[ATTACHMENT|C:\\Users\\Consultant_MSPHitect\\Katalon Studio\\TrainingonKatalon\\Reports\\Perolehan\\04 Inden Kerja Cara Bayaran CEK Tiada Pemfaktoran\\20190315_144412\\1552632350223.png]]

2019-03-15 14:45:50 - [TEST_STEP][PASSED] - switchToWindowIndex(0): Switched to window with index: '0'

2019-03-15 14:45:50 - [MESSAGE][PASSED] - Switched to window with index: '0'

2019-03-15 14:45:50 - [TEST_STEP][PASSED] - delay(3): Delayed 3 second(s)

2019-03-15 14:45:53 - [MESSAGE][PASSED] - Delayed 3 second(s)

2019-03-15 14:45:53 - [TEST_STEP][PASSED] - closeBrowser(): Browser is closed

2019-03-15 14:45:54 - [MESSAGE][PASSED] - Browser is closed]]></system-out>
         <system-err><![CDATA[]]></system-err>
      </testcase>
      <testcase name="Test Cases/Perolehan/008 Posting Bayaran/002 Posting Bayaran - CEK" classname="Test Cases/Perolehan/008 Posting Bayaran/002 Posting Bayaran - CEK" status="PASSED">
         <system-out><![CDATA[2019-03-15 14:45:54 - [TEST_CASE][PASSED] - Test Cases/Perolehan/008 Posting Bayaran/002 Posting Bayaran - CEK: Test Cases/Perolehan/008 Posting Bayaran/002 Posting Bayaran - CEK

2019-03-15 14:45:54 - [TEST_STEP][PASSED] - reusablefunctions.reusablefunctions.openbrowser(): reusablefunctions.reusablefunctions.openbrowser is PASSED

2019-03-15 14:45:54 - [MESSAGE][INFO] - Starting 'Chrome' driver

2019-03-15 14:45:57 - [MESSAGE][PASSED] - Browser is opened with url: 'https://175.143.52.101:7011/1SPEKSv2/'

2019-03-15 14:45:57 - [MESSAGE][PASSED] - reusablefunctions.reusablefunctions.openbrowser is PASSED

2019-03-15 14:45:57 - [TEST_STEP][PASSED] - reusablefunctions.reusablefunctions.Login(findTestData("ispekstestdata").getValue(1, 2), findTestData("ispekstestdata").getValue(2, 2)): reusablefunctions.reusablefunctions.Login is PASSED

2019-03-15 14:45:57 - [MESSAGE][PASSED] - Text '601101955194' is set on object 'Object Repository/Login/input_NoKadPengenalan'

2019-03-15 14:45:57 - [MESSAGE][PASSED] - Text ****** has been set on object 'Object Repository/Login/input_Password'

2019-03-15 14:45:59 - [MESSAGE][PASSED] - Object: 'Object Repository/Login/input_ButtonLogMasuk' is clicked on

2019-03-15 14:46:09 - [MESSAGE][PASSED] - Delayed 10 second(s)

2019-03-15 14:46:09 - [MESSAGE][PASSED] - reusablefunctions.reusablefunctions.Login is PASSED

2019-03-15 14:46:09 - [TEST_STEP][PASSED] - reusablefunctions.reusablefunctions.PerananPelulusBN(): reusablefunctions.reusablefunctions.PerananPelulusBN is PASSED

2019-03-15 14:46:09 - [MESSAGE][PASSED] - Object: 'Object Repository/Perolehan/TukarPeranan/IconTukarPeranan' is clicked on

2019-03-15 14:46:09 - [MESSAGE][PASSED] - Object: 'Object Repository/Perolehan/TukarPeranan/input_TukarPelulusBN' is clicked on

2019-03-15 14:46:09 - [MESSAGE][PASSED] - Object: 'Object Repository/Perolehan/TukarPeranan/button_Ya' is clicked on

2019-03-15 14:46:29 - [MESSAGE][PASSED] - Delayed 20 second(s)

2019-03-15 14:46:31 - [MESSAGE][PASSED] - Text 'Peranan : [Pelulus] Peringkat : [BN]' is present on page 

2019-03-15 14:46:31 - [MESSAGE][PASSED] - reusablefunctions.reusablefunctions.PerananPelulusBN is PASSED

2019-03-15 14:46:31 - [TEST_STEP][PASSED] - click(findTestObject("Perolehan/001 Left_Menu_Selection/a_ExpandMenuonLeft")): Object: 'Object Repository/Perolehan/001 Left_Menu_Selection/a_ExpandMenuonLeft' is clicked on

2019-03-15 14:46:32 - [MESSAGE][PASSED] - Object: 'Object Repository/Perolehan/001 Left_Menu_Selection/a_ExpandMenuonLeft' is clicked on

2019-03-15 14:46:32 - [TEST_STEP][PASSED] - delay(3): Delayed 3 second(s)

2019-03-15 14:46:35 - [MESSAGE][PASSED] - Delayed 3 second(s)

2019-03-15 14:46:35 - [TEST_STEP][PASSED] - click(findTestObject("Perolehan/001 Left_Menu_Selection/div_PanelTitlePengurusanTunai")): Object: 'Object Repository/Perolehan/001 Left_Menu_Selection/div_PanelTitlePengurusanTunai' is clicked on

2019-03-15 14:46:35 - [MESSAGE][PASSED] - Object: 'Object Repository/Perolehan/001 Left_Menu_Selection/div_PanelTitlePengurusanTunai' is clicked on

2019-03-15 14:46:35 - [TEST_STEP][PASSED] - delay(3): Delayed 3 second(s)

2019-03-15 14:46:38 - [MESSAGE][PASSED] - Delayed 3 second(s)

2019-03-15 14:46:38 - [TEST_STEP][PASSED] - click(findTestObject("Perolehan/001 Left_Menu_Selection/div_PostBayaran")): Object: 'Object Repository/Perolehan/001 Left_Menu_Selection/div_PostBayaran' is clicked on

2019-03-15 14:46:38 - [MESSAGE][PASSED] - Object: 'Object Repository/Perolehan/001 Left_Menu_Selection/div_PostBayaran' is clicked on

2019-03-15 14:46:38 - [TEST_STEP][PASSED] - delay(3): Delayed 3 second(s)

2019-03-15 14:46:41 - [MESSAGE][PASSED] - Delayed 3 second(s)

2019-03-15 14:46:41 - [TEST_STEP][PASSED] - click(findTestObject("Perolehan/008 Post Bayaran/Drop_Down_Cara_Bayaran")): Object: 'Object Repository/Perolehan/008 Post Bayaran/Drop_Down_Cara_Bayaran' is clicked on

2019-03-15 14:46:41 - [MESSAGE][PASSED] - Object: 'Object Repository/Perolehan/008 Post Bayaran/Drop_Down_Cara_Bayaran' is clicked on

2019-03-15 14:46:41 - [TEST_STEP][PASSED] - click(findTestObject("Perolehan/008 Post Bayaran/Select_Cara_Bayaran_CEK")): Object: 'Object Repository/Perolehan/008 Post Bayaran/Select_Cara_Bayaran_CEK' is clicked on

2019-03-15 14:46:41 - [MESSAGE][PASSED] - Object: 'Object Repository/Perolehan/008 Post Bayaran/Select_Cara_Bayaran_CEK' is clicked on

2019-03-15 14:46:41 - [TEST_STEP][PASSED] - delay(3): Delayed 3 second(s)

2019-03-15 14:46:44 - [MESSAGE][PASSED] - Delayed 3 second(s)

2019-03-15 14:46:44 - [TEST_STEP][PASSED] - click(findTestObject("Perolehan/008 Post Bayaran/Drop_down_No_Baucar")): Object: 'Object Repository/Perolehan/008 Post Bayaran/Drop_down_No_Baucar' is clicked on

2019-03-15 14:46:44 - [MESSAGE][PASSED] - Object: 'Object Repository/Perolehan/008 Post Bayaran/Drop_down_No_Baucar' is clicked on

2019-03-15 14:46:44 - [TEST_STEP][PASSED] - delay(3): Delayed 3 second(s)

2019-03-15 14:46:47 - [MESSAGE][PASSED] - Delayed 3 second(s)

2019-03-15 14:46:47 - [TEST_STEP][PASSED] - setText(findTestObject("Perolehan/008 Post Bayaran/input_No. Baucar_noBaucar"), Nombor_Baucar): Text '19DABB0400120' is set on object 'Object Repository/Perolehan/008 Post Bayaran/input_No. Baucar_noBaucar'

2019-03-15 14:46:48 - [MESSAGE][PASSED] - Text '19DABB0400120' is set on object 'Object Repository/Perolehan/008 Post Bayaran/input_No. Baucar_noBaucar'

2019-03-15 14:46:48 - [TEST_STEP][PASSED] - delay(3): Delayed 3 second(s)

2019-03-15 14:46:51 - [MESSAGE][PASSED] - Delayed 3 second(s)

2019-03-15 14:46:51 - [TEST_STEP][PASSED] - click(findTestObject("Perolehan/008 Post Bayaran/select_No_Baucar", ["text":Nombor_Baucar])): Object: 'Object Repository/Perolehan/008 Post Bayaran/select_No_Baucar' is clicked on

2019-03-15 14:46:51 - [MESSAGE][PASSED] - Object: 'Object Repository/Perolehan/008 Post Bayaran/select_No_Baucar' is clicked on

2019-03-15 14:46:51 - [TEST_STEP][PASSED] - delay(3): Delayed 3 second(s)

2019-03-15 14:46:54 - [MESSAGE][PASSED] - Delayed 3 second(s)

2019-03-15 14:46:54 - [TEST_STEP][PASSED] - click(findTestObject("Perolehan/008 Post Bayaran/button_Cari")): Object: 'Object Repository/Perolehan/008 Post Bayaran/button_Cari' is clicked on

2019-03-15 14:46:54 - [MESSAGE][PASSED] - Object: 'Object Repository/Perolehan/008 Post Bayaran/button_Cari' is clicked on

2019-03-15 14:46:54 - [TEST_STEP][PASSED] - delay(23): Delayed 23 second(s)

2019-03-15 14:47:17 - [MESSAGE][PASSED] - Delayed 23 second(s)

2019-03-15 14:47:17 - [TEST_STEP][PASSED] - check(findTestObject("Perolehan/008 Post Bayaran/checkbox_proses")): Object 'Object Repository/Perolehan/008 Post Bayaran/checkbox_proses' is checked

2019-03-15 14:47:17 - [MESSAGE][PASSED] - Object 'Object Repository/Perolehan/008 Post Bayaran/checkbox_proses' is checked

2019-03-15 14:47:17 - [TEST_STEP][PASSED] - click(findTestObject("Perolehan/008 Post Bayaran/button_proses")): Object: 'Object Repository/Perolehan/008 Post Bayaran/button_proses' is clicked on

2019-03-15 14:47:17 - [MESSAGE][PASSED] - Object: 'Object Repository/Perolehan/008 Post Bayaran/button_proses' is clicked on

2019-03-15 14:47:17 - [TEST_STEP][PASSED] - delay(3): Delayed 3 second(s)

2019-03-15 14:47:20 - [MESSAGE][PASSED] - Delayed 3 second(s)

2019-03-15 14:47:20 - [TEST_STEP][PASSED] - click(findTestObject("Perolehan/008 Post Bayaran/button_Ya_Proses")): Object: 'Object Repository/Perolehan/008 Post Bayaran/button_Ya_Proses' is clicked on

2019-03-15 14:47:20 - [MESSAGE][PASSED] - Object: 'Object Repository/Perolehan/008 Post Bayaran/button_Ya_Proses' is clicked on

2019-03-15 14:47:20 - [TEST_STEP][PASSED] - delay(10): Delayed 10 second(s)

2019-03-15 14:47:30 - [MESSAGE][PASSED] - Delayed 10 second(s)

2019-03-15 14:47:30 - [TEST_STEP][PASSED] - waitForElementPresent(findTestObject("Perolehan/008 Post Bayaran/button_OK"), 180): Object 'Object Repository/Perolehan/008 Post Bayaran/button_OK' is present

2019-03-15 14:47:31 - [MESSAGE][PASSED] - Object 'Object Repository/Perolehan/008 Post Bayaran/button_OK' is present

2019-03-15 14:47:31 - [TEST_STEP][PASSED] - verifyTextPresent("Proses Posting Berjaya.", false): Text 'Proses Posting Berjaya.' is present on page 

2019-03-15 14:47:31 - [MESSAGE][PASSED] - Text 'Proses Posting Berjaya.' is present on page 

2019-03-15 14:47:31 - [TEST_STEP][PASSED] - takeScreenshot(): Taking screenshot successfully

2019-03-15 14:47:32 - [MESSAGE][PASSED] - Taking screenshot successfully
[[ATTACHMENT|C:\\Users\\Consultant_MSPHitect\\Katalon Studio\\TrainingonKatalon\\Reports\\Perolehan\\04 Inden Kerja Cara Bayaran CEK Tiada Pemfaktoran\\20190315_144412\\1552632451712.png]]

2019-03-15 14:47:32 - [TEST_STEP][PASSED] - click(findTestObject("Perolehan/008 Post Bayaran/button_OK")): Object: 'Object Repository/Perolehan/008 Post Bayaran/button_OK' is clicked on

2019-03-15 14:47:32 - [MESSAGE][PASSED] - Object: 'Object Repository/Perolehan/008 Post Bayaran/button_OK' is clicked on

2019-03-15 14:47:32 - [TEST_STEP][PASSED] - delay(3): Delayed 3 second(s)

2019-03-15 14:47:35 - [MESSAGE][PASSED] - Delayed 3 second(s)

2019-03-15 14:47:35 - [TEST_STEP][PASSED] - closeBrowser(): Browser is closed

2019-03-15 14:47:35 - [MESSAGE][PASSED] - Browser is closed]]></system-out>
         <system-err><![CDATA[]]></system-err>
      </testcase>
      <testcase name="Test Cases/Perolehan/009 Penyedia Cetak Baucar Bayaran/001 Penyedia Cetak Baucar Bayaran" classname="Test Cases/Perolehan/009 Penyedia Cetak Baucar Bayaran/001 Penyedia Cetak Baucar Bayaran" status="PASSED">
         <system-out><![CDATA[2019-03-15 14:47:35 - [TEST_CASE][PASSED] - Test Cases/Perolehan/009 Penyedia Cetak Baucar Bayaran/001 Penyedia Cetak Baucar Bayaran: Test Cases/Perolehan/009 Penyedia Cetak Baucar Bayaran/001 Penyedia Cetak Baucar Bayaran

2019-03-15 14:47:36 - [TEST_STEP][PASSED] - reusablefunctions.reusablefunctions.openbrowser(): reusablefunctions.reusablefunctions.openbrowser is PASSED

2019-03-15 14:47:36 - [MESSAGE][INFO] - Starting 'Chrome' driver

2019-03-15 14:47:38 - [MESSAGE][PASSED] - Browser is opened with url: 'https://175.143.52.101:7011/1SPEKSv2/'

2019-03-15 14:47:38 - [MESSAGE][PASSED] - reusablefunctions.reusablefunctions.openbrowser is PASSED

2019-03-15 14:47:38 - [TEST_STEP][PASSED] - reusablefunctions.reusablefunctions.Login(findTestData("ispekstestdata").getValue(1, 2), findTestData("ispekstestdata").getValue(2, 2)): reusablefunctions.reusablefunctions.Login is PASSED

2019-03-15 14:47:39 - [MESSAGE][PASSED] - Text '601101955194' is set on object 'Object Repository/Login/input_NoKadPengenalan'

2019-03-15 14:47:39 - [MESSAGE][PASSED] - Text ****** has been set on object 'Object Repository/Login/input_Password'

2019-03-15 14:47:40 - [MESSAGE][PASSED] - Object: 'Object Repository/Login/input_ButtonLogMasuk' is clicked on

2019-03-15 14:47:50 - [MESSAGE][PASSED] - Delayed 10 second(s)

2019-03-15 14:47:50 - [MESSAGE][PASSED] - reusablefunctions.reusablefunctions.Login is PASSED

2019-03-15 14:47:50 - [TEST_STEP][PASSED] - reusablefunctions.reusablefunctions.PerananPenyediaPTJ(): reusablefunctions.reusablefunctions.PerananPenyediaPTJ is PASSED

2019-03-15 14:47:50 - [MESSAGE][PASSED] - Object: 'Object Repository/Perolehan/TukarPeranan/IconTukarPeranan' is clicked on

2019-03-15 14:47:50 - [MESSAGE][PASSED] - Object: 'Object Repository/Perolehan/TukarPeranan/input_TukarPenyediaPTJ' is clicked on

2019-03-15 14:47:50 - [MESSAGE][PASSED] - Object: 'Object Repository/Perolehan/TukarPeranan/button_Ya' is clicked on

2019-03-15 14:48:10 - [MESSAGE][PASSED] - Delayed 20 second(s)

2019-03-15 14:48:13 - [MESSAGE][PASSED] - Text 'Peranan : [Penyedia] Peringkat : [PTJ]' is present on page 

2019-03-15 14:48:13 - [MESSAGE][PASSED] - reusablefunctions.reusablefunctions.PerananPenyediaPTJ is PASSED

2019-03-15 14:48:13 - [TEST_STEP][PASSED] - click(findTestObject("Perolehan/001 Left_Menu_Selection/a_ExpandMenuonLeft")): Object: 'Object Repository/Perolehan/001 Left_Menu_Selection/a_ExpandMenuonLeft' is clicked on

2019-03-15 14:48:13 - [MESSAGE][PASSED] - Object: 'Object Repository/Perolehan/001 Left_Menu_Selection/a_ExpandMenuonLeft' is clicked on

2019-03-15 14:48:13 - [TEST_STEP][PASSED] - delay(3): Delayed 3 second(s)

2019-03-15 14:48:16 - [MESSAGE][PASSED] - Delayed 3 second(s)

2019-03-15 14:48:16 - [TEST_STEP][PASSED] - click(findTestObject("Perolehan/001 Left_Menu_Selection/Menu_Akaun Belum Bayar")): Object: 'Object Repository/Perolehan/001 Left_Menu_Selection/Menu_Akaun Belum Bayar' is clicked on

2019-03-15 14:48:16 - [MESSAGE][PASSED] - Object: 'Object Repository/Perolehan/001 Left_Menu_Selection/Menu_Akaun Belum Bayar' is clicked on

2019-03-15 14:48:16 - [TEST_STEP][PASSED] - delay(3): Delayed 3 second(s)

2019-03-15 14:48:19 - [MESSAGE][PASSED] - Delayed 3 second(s)

2019-03-15 14:48:19 - [TEST_STEP][PASSED] - click(findTestObject("Perolehan/001 Left_Menu_Selection/div_Carian_Akaun_Belum_Bayar")): Object: 'Object Repository/Perolehan/001 Left_Menu_Selection/div_Carian_Akaun_Belum_Bayar' is clicked on

2019-03-15 14:48:19 - [MESSAGE][PASSED] - Object: 'Object Repository/Perolehan/001 Left_Menu_Selection/div_Carian_Akaun_Belum_Bayar' is clicked on

2019-03-15 14:48:19 - [TEST_STEP][PASSED] - delay(3): Delayed 3 second(s)

2019-03-15 14:48:22 - [MESSAGE][PASSED] - Delayed 3 second(s)

2019-03-15 14:48:22 - [TEST_STEP][PASSED] - click(findTestObject("Perolehan/009 Penyedia Cetak Baucar Bayaran/Drop_down_Jenis_Carian")): Object: 'Object Repository/Perolehan/009 Penyedia Cetak Baucar Bayaran/Drop_down_Jenis_Carian' is clicked on

2019-03-15 14:48:22 - [MESSAGE][PASSED] - Object: 'Object Repository/Perolehan/009 Penyedia Cetak Baucar Bayaran/Drop_down_Jenis_Carian' is clicked on

2019-03-15 14:48:22 - [TEST_STEP][PASSED] - click(findTestObject("Perolehan/009 Penyedia Cetak Baucar Bayaran/Select_No_Baucar")): Object: 'Object Repository/Perolehan/009 Penyedia Cetak Baucar Bayaran/Select_No_Baucar' is clicked on

2019-03-15 14:48:23 - [MESSAGE][PASSED] - Object: 'Object Repository/Perolehan/009 Penyedia Cetak Baucar Bayaran/Select_No_Baucar' is clicked on

2019-03-15 14:48:23 - [TEST_STEP][PASSED] - setText(findTestObject("Perolehan/009 Penyedia Cetak Baucar Bayaran/Input_No_Baucar"), Nombor_Baucar): Text '19DABB0400120' is set on object 'Object Repository/Perolehan/009 Penyedia Cetak Baucar Bayaran/Input_No_Baucar'

2019-03-15 14:48:23 - [MESSAGE][PASSED] - Text '19DABB0400120' is set on object 'Object Repository/Perolehan/009 Penyedia Cetak Baucar Bayaran/Input_No_Baucar'

2019-03-15 14:48:23 - [TEST_STEP][PASSED] - click(findTestObject("Perolehan/009 Penyedia Cetak Baucar Bayaran/button_Cari")): Object: 'Object Repository/Perolehan/009 Penyedia Cetak Baucar Bayaran/button_Cari' is clicked on

2019-03-15 14:48:23 - [MESSAGE][PASSED] - Object: 'Object Repository/Perolehan/009 Penyedia Cetak Baucar Bayaran/button_Cari' is clicked on

2019-03-15 14:48:23 - [TEST_STEP][PASSED] - delay(15): Delayed 15 second(s)

2019-03-15 14:48:38 - [MESSAGE][PASSED] - Delayed 15 second(s)

2019-03-15 14:48:38 - [TEST_STEP][PASSED] - click(findTestObject("Perolehan/009 Penyedia Cetak Baucar Bayaran/button_Cetak")): Object: 'Object Repository/Perolehan/009 Penyedia Cetak Baucar Bayaran/button_Cetak' is clicked on

2019-03-15 14:48:38 - [MESSAGE][PASSED] - Object: 'Object Repository/Perolehan/009 Penyedia Cetak Baucar Bayaran/button_Cetak' is clicked on

2019-03-15 14:48:38 - [TEST_STEP][PASSED] - delay(3): Delayed 3 second(s)

2019-03-15 14:48:41 - [MESSAGE][PASSED] - Delayed 3 second(s)

2019-03-15 14:48:41 - [TEST_STEP][PASSED] - waitForPageLoad(180): Wait for page load successfully

2019-03-15 14:48:41 - [MESSAGE][PASSED] - Wait for page load successfully

2019-03-15 14:48:41 - [TEST_STEP][PASSED] - takeScreenshot(): Taking screenshot successfully

2019-03-15 14:48:41 - [MESSAGE][PASSED] - Taking screenshot successfully
[[ATTACHMENT|C:\\Users\\Consultant_MSPHitect\\Katalon Studio\\TrainingonKatalon\\Reports\\Perolehan\\04 Inden Kerja Cara Bayaran CEK Tiada Pemfaktoran\\20190315_144412\\1552632521478.png]]

2019-03-15 14:48:41 - [TEST_STEP][PASSED] - switchToWindowIndex(0): Switched to window with index: '0'

2019-03-15 14:48:41 - [MESSAGE][PASSED] - Switched to window with index: '0'

2019-03-15 14:48:41 - [TEST_STEP][PASSED] - delay(3): Delayed 3 second(s)

2019-03-15 14:48:44 - [MESSAGE][PASSED] - Delayed 3 second(s)

2019-03-15 14:48:44 - [TEST_STEP][PASSED] - closeBrowser(): Browser is closed

2019-03-15 14:48:45 - [MESSAGE][PASSED] - Browser is closed]]></system-out>
         <system-err><![CDATA[]]></system-err>
      </testcase>
      <system-out><![CDATA[2019-03-15 14:44:21 - [TEST_SUITE][PASSED] - 04 Inden Kerja Cara Bayaran CEK Tiada Pemfaktoran: Test Cases/Perolehan/009 Penyedia Cetak Baucar Bayaran/001 Penyedia Cetak Baucar Bayaran]]></system-out>
      <system-err><![CDATA[]]></system-err>
   </testsuite>
</testsuites>
