<?xml version="1.0" encoding="UTF-8"?>
<testsuites name="01 Pesanan Tempatan Cara Bayaran EFT Tiada Pemfaktoran" time="879" tests="12" failures="0" errors="0">
   <testsuite name="01 Pesanan Tempatan Cara Bayaran EFT Tiada Pemfaktoran" tests="12" failures="0" errors="0" time="879" timestamp="2019-03-19 11:56:06" hostname="Consultant_MSPHitect - DESKTOP-V9TS2EM" id="Test Suites/Perolehan/01 Pesanan Tempatan Cara Bayaran EFT Tiada Pemfaktoran">
      <properties>
         <property name="deviceName" value=""/>
         <property name="devicePlatform" value=""/>
         <property name="logFolder" value="C:\\Users\\Consultant_MSPHitect\\Katalon Studio\\TrainingonKatalon\\Reports\\Perolehan\\01 Pesanan Tempatan Cara Bayaran EFT Tiada Pemfaktoran\\20190319_115557"/>
         <property name="logFiles" value="C:\\Users\\Consultant_MSPHitect\\Katalon Studio\\TrainingonKatalon\\Reports\\Perolehan\\01 Pesanan Tempatan Cara Bayaran EFT Tiada Pemfaktoran\\20190319_115557\\execution0.log"/>
         <property name="attachments" value="C:\\Users\\Consultant_MSPHitect\\Katalon Studio\\TrainingonKatalon\\Reports\\Perolehan\\01 Pesanan Tempatan Cara Bayaran EFT Tiada Pemfaktoran\\20190319_115557\\1552967902639.png, C:\\Users\\Consultant_MSPHitect\\Katalon Studio\\TrainingonKatalon\\Reports\\Perolehan\\01 Pesanan Tempatan Cara Bayaran EFT Tiada Pemfaktoran\\20190319_115557\\1552967925778.png, C:\\Users\\Consultant_MSPHitect\\Katalon Studio\\TrainingonKatalon\\Reports\\Perolehan\\01 Pesanan Tempatan Cara Bayaran EFT Tiada Pemfaktoran\\20190319_115557\\1552968169872.png, C:\\Users\\Consultant_MSPHitect\\Katalon Studio\\TrainingonKatalon\\Reports\\Perolehan\\01 Pesanan Tempatan Cara Bayaran EFT Tiada Pemfaktoran\\20190319_115557\\1552968275661.png, C:\\Users\\Consultant_MSPHitect\\Katalon Studio\\TrainingonKatalon\\Reports\\Perolehan\\01 Pesanan Tempatan Cara Bayaran EFT Tiada Pemfaktoran\\20190319_115557\\1552968344110.png, C:\\Users\\Consultant_MSPHitect\\Katalon Studio\\TrainingonKatalon\\Reports\\Perolehan\\01 Pesanan Tempatan Cara Bayaran EFT Tiada Pemfaktoran\\20190319_115557\\1552968459786.png, C:\\Users\\Consultant_MSPHitect\\Katalon Studio\\TrainingonKatalon\\Reports\\Perolehan\\01 Pesanan Tempatan Cara Bayaran EFT Tiada Pemfaktoran\\20190319_115557\\1552968562660.png, C:\\Users\\Consultant_MSPHitect\\Katalon Studio\\TrainingonKatalon\\Reports\\Perolehan\\01 Pesanan Tempatan Cara Bayaran EFT Tiada Pemfaktoran\\20190319_115557\\1552968641985.png"/>
         <property name="hostName" value="Consultant_MSPHitect - DESKTOP-V9TS2EM"/>
         <property name="os" value="Windows 10 64bit"/>
         <property name="katalonVersion" value="6.0.5.4"/>
         <property name="browser" value="Chrome 72.0.3626.121"/>
         <property name="hostAddress" value="192.168.172.132"/>
         <property name="sessionId" value="fb0098e59540c3adec6df01c2ee1cd68"/>
         <property name="seleniumVersion" value="3.7.1"/>
         <property name="proxyInformation" value="ProxyInformation{proxyOption=NO_PROXY, proxyServerType=HTTP, password=, proxyServerAddress=, proxyServerPort=0}"/>
         <property name="platform" value="Windows 10"/>
      </properties>
      <testcase name="Test Cases/Perolehan/001 Left Menu Selection/Select Menu Pesanan Tempatan" classname="Test Cases/Perolehan/001 Left Menu Selection/Select Menu Pesanan Tempatan" status="PASSED">
         <system-out><![CDATA[2019-03-19 11:56:06 - [TEST_CASE][PASSED] - Test Cases/Perolehan/001 Left Menu Selection/Select Menu Pesanan Tempatan: Test Cases/Perolehan/001 Left Menu Selection/Select Menu Pesanan Tempatan

2019-03-19 11:56:07 - [TEST_STEP][PASSED] - openBrowser("https://175.143.52.101:7011/1SPEKSv2/"): Browser is opened with url: 'https://175.143.52.101:7011/1SPEKSv2/'

2019-03-19 11:56:07 - [MESSAGE][INFO] - Starting 'Chrome' driver

2019-03-19 11:56:07 - [MESSAGE][INFO] - Action delay is set to 0 seconds

2019-03-19 11:56:16 - [MESSAGE][PASSED] - Browser is opened with url: 'https://175.143.52.101:7011/1SPEKSv2/'

2019-03-19 11:56:16 - [TEST_STEP][PASSED] - setText(findTestObject("Login/input_NoKadPengenalan"), findTestData("ispekstestdata").getValue(1, 2)): Text '601101955194' is set on object 'Object Repository/Login/input_NoKadPengenalan'

2019-03-19 11:56:16 - [MESSAGE][PASSED] - Text '601101955194' is set on object 'Object Repository/Login/input_NoKadPengenalan'

2019-03-19 11:56:16 - [TEST_STEP][PASSED] - setEncryptedText(findTestObject("Login/input_Password"), findTestData("ispekstestdata").getValue(2, 2)): Text ****** has been set on object 'Object Repository/Login/input_Password'

2019-03-19 11:56:17 - [MESSAGE][PASSED] - Text ****** has been set on object 'Object Repository/Login/input_Password'

2019-03-19 11:56:17 - [TEST_STEP][PASSED] - click(findTestObject("Login/input_ButtonLogMasuk")): Object: 'Object Repository/Login/input_ButtonLogMasuk' is clicked on

2019-03-19 11:56:20 - [MESSAGE][PASSED] - Object: 'Object Repository/Login/input_ButtonLogMasuk' is clicked on

2019-03-19 11:56:20 - [TEST_STEP][PASSED] - delay(3): Delayed 3 second(s)

2019-03-19 11:56:23 - [MESSAGE][PASSED] - Delayed 3 second(s)

2019-03-19 11:56:23 - [TEST_STEP][PASSED] - reusablefunctions.reusablefunctions.PerananPenyediaPTJ(): reusablefunctions.reusablefunctions.PerananPenyediaPTJ is PASSED

2019-03-19 11:56:23 - [MESSAGE][PASSED] - Object: 'Object Repository/Perolehan/TukarPeranan/IconTukarPeranan' is clicked on

2019-03-19 11:56:23 - [MESSAGE][PASSED] - Object: 'Object Repository/Perolehan/TukarPeranan/input_TukarPenyediaPTJ' is clicked on

2019-03-19 11:56:23 - [MESSAGE][PASSED] - Object: 'Object Repository/Perolehan/TukarPeranan/button_Ya' is clicked on

2019-03-19 11:56:43 - [MESSAGE][PASSED] - Delayed 20 second(s)

2019-03-19 11:56:45 - [MESSAGE][PASSED] - Text 'Peranan : [Penyedia] Peringkat : [PTJ]' is present on page 

2019-03-19 11:56:45 - [MESSAGE][PASSED] - reusablefunctions.reusablefunctions.PerananPenyediaPTJ is PASSED

2019-03-19 11:56:45 - [TEST_STEP][PASSED] - click(findTestObject("Perolehan/001 Left_Menu_Selection/a_ExpandMenuonLeft")): Object: 'Object Repository/Perolehan/001 Left_Menu_Selection/a_ExpandMenuonLeft' is clicked on

2019-03-19 11:56:46 - [MESSAGE][PASSED] - Object: 'Object Repository/Perolehan/001 Left_Menu_Selection/a_ExpandMenuonLeft' is clicked on

2019-03-19 11:56:46 - [TEST_STEP][PASSED] - delay(3, STOP_ON_FAILURE): Delayed 3 second(s)

2019-03-19 11:56:49 - [MESSAGE][PASSED] - Delayed 3 second(s)

2019-03-19 11:56:49 - [TEST_STEP][PASSED] - click(findTestObject("Perolehan/001 Left_Menu_Selection/div_PanelTitlePerolehan")): Object: 'Object Repository/Perolehan/001 Left_Menu_Selection/div_PanelTitlePerolehan' is clicked on

2019-03-19 11:56:49 - [MESSAGE][PASSED] - Object: 'Object Repository/Perolehan/001 Left_Menu_Selection/div_PanelTitlePerolehan' is clicked on

2019-03-19 11:56:49 - [TEST_STEP][PASSED] - delay(3, STOP_ON_FAILURE): Delayed 3 second(s)

2019-03-19 11:56:52 - [MESSAGE][PASSED] - Delayed 3 second(s)

2019-03-19 11:56:52 - [TEST_STEP][PASSED] - click(findTestObject("Perolehan/001 Left_Menu_Selection/div_PesananTempatan")): Object: 'Object Repository/Perolehan/001 Left_Menu_Selection/div_PesananTempatan' is clicked on

2019-03-19 11:56:52 - [MESSAGE][PASSED] - Object: 'Object Repository/Perolehan/001 Left_Menu_Selection/div_PesananTempatan' is clicked on

2019-03-19 11:56:52 - [TEST_STEP][PASSED] - assert true: null

2019-03-19 11:56:52 - [TEST_STEP][PASSED] - delay(3): Delayed 3 second(s)

2019-03-19 11:56:55 - [MESSAGE][PASSED] - Delayed 3 second(s)]]></system-out>
         <system-err><![CDATA[]]></system-err>
      </testcase>
      <testcase name="Test Cases/Perolehan/002 Rekod Baru oleh Penyedia/001 Penyedia Rekod Baru - EFT" classname="Test Cases/Perolehan/002 Rekod Baru oleh Penyedia/001 Penyedia Rekod Baru - EFT" status="PASSED">
         <system-out><![CDATA[2019-03-19 11:56:55 - [TEST_CASE][PASSED] - Test Cases/Perolehan/002 Rekod Baru oleh Penyedia/001 Penyedia Rekod Baru - EFT: Test Cases/Perolehan/002 Rekod Baru oleh Penyedia/001 Penyedia Rekod Baru - EFT

2019-03-19 11:56:55 - [TEST_STEP][PASSED] - click(findTestObject("Perolehan/002 Penyedia_RekodBaru/button_REKODBARU")): Object: 'Object Repository/Perolehan/002 Penyedia_RekodBaru/button_REKODBARU' is clicked on

2019-03-19 11:56:56 - [MESSAGE][PASSED] - Object: 'Object Repository/Perolehan/002 Penyedia_RekodBaru/button_REKODBARU' is clicked on

2019-03-19 11:56:56 - [TEST_STEP][PASSED] - delay(3): Delayed 3 second(s)

2019-03-19 11:56:59 - [MESSAGE][PASSED] - Delayed 3 second(s)

2019-03-19 11:56:59 - [TEST_STEP][PASSED] - mydate = new java.util.Date(): null

2019-03-19 11:56:59 - [TEST_STEP][PASSED] - formattedDate = mydate.format("dd/MM/yyyy"): null

2019-03-19 11:56:59 - [TEST_STEP][PASSED] - formattedYear = mydate.format("yyyy"): null

2019-03-19 11:56:59 - [TEST_STEP][PASSED] - println(formattedDate): null

2019-03-19 11:56:59 - [TEST_STEP][PASSED] - println(formattedYear): null

2019-03-19 11:56:59 - [TEST_STEP][PASSED] - TahunKewangan = getText(findTestObject("Perolehan/002 Penyedia_RekodBaru/span_tahun_kewangan")): Text of object 'Object Repository/Perolehan/002 Penyedia_RekodBaru/span_tahun_kewangan' is: '2019'

2019-03-19 11:56:59 - [MESSAGE][PASSED] - Text of object 'Object Repository/Perolehan/002 Penyedia_RekodBaru/span_tahun_kewangan' is: '2019'

2019-03-19 11:56:59 - [TEST_STEP][PASSED] - verifyMatch(TahunKewangan, formattedYear, false): Actual text '2019' and expected text '2019' are matched 

2019-03-19 11:56:59 - [MESSAGE][PASSED] - Actual text '2019' and expected text '2019' are matched 

2019-03-19 11:56:59 - [TEST_STEP][PASSED] - assert true: null

2019-03-19 11:56:59 - [TEST_STEP][PASSED] - TarikhSemasa = getText(findTestObject("Perolehan/002 Penyedia_RekodBaru/span_tarikhSemasa")): Text of object 'Object Repository/Perolehan/002 Penyedia_RekodBaru/span_tarikhSemasa' is: '19/03/2019'

2019-03-19 11:56:59 - [MESSAGE][PASSED] - Text of object 'Object Repository/Perolehan/002 Penyedia_RekodBaru/span_tarikhSemasa' is: '19/03/2019'

2019-03-19 11:56:59 - [TEST_STEP][PASSED] - verifyMatch(formattedDate, TarikhSemasa, false): Actual text '19/03/2019' and expected text '19/03/2019' are matched 

2019-03-19 11:56:59 - [MESSAGE][PASSED] - Actual text '19/03/2019' and expected text '19/03/2019' are matched 

2019-03-19 11:56:59 - [TEST_STEP][PASSED] - verifyElementVisible(findTestObject("Perolehan/002 Penyedia_RekodBaru/label_Jenis Urusniaga")): Object 'Object Repository/Perolehan/002 Penyedia_RekodBaru/label_Jenis Urusniaga' is visible

2019-03-19 11:56:59 - [MESSAGE][PASSED] - Object 'Object Repository/Perolehan/002 Penyedia_RekodBaru/label_Jenis Urusniaga' is visible

2019-03-19 11:56:59 - [TEST_STEP][PASSED] - click(findTestObject("Perolehan/002 Penyedia_RekodBaru/a_Jenis Urusniaga _textbox-ico")): Object: 'Object Repository/Perolehan/002 Penyedia_RekodBaru/a_Jenis Urusniaga _textbox-ico' is clicked on

2019-03-19 11:56:59 - [MESSAGE][PASSED] - Object: 'Object Repository/Perolehan/002 Penyedia_RekodBaru/a_Jenis Urusniaga _textbox-ico' is clicked on

2019-03-19 11:56:59 - [TEST_STEP][PASSED] - delay(2): Delayed 2 second(s)

2019-03-19 11:57:01 - [MESSAGE][PASSED] - Delayed 2 second(s)

2019-03-19 11:57:01 - [TEST_STEP][PASSED] - click(findTestObject("Perolehan/002 Penyedia_RekodBaru/div_Pesanan_Tempatan_Auto")): Object: 'Object Repository/Perolehan/002 Penyedia_RekodBaru/div_Pesanan_Tempatan_Auto' is clicked on

2019-03-19 11:57:01 - [MESSAGE][PASSED] - Object: 'Object Repository/Perolehan/002 Penyedia_RekodBaru/div_Pesanan_Tempatan_Auto' is clicked on

2019-03-19 11:57:01 - [TEST_STEP][PASSED] - verifyElementPresent(findTestObject("Perolehan/002 Penyedia_RekodBaru/label_No. Dokumen"), 0): Object 'Object Repository/Perolehan/002 Penyedia_RekodBaru/label_No. Dokumen' is present

2019-03-19 11:57:01 - [MESSAGE][WARNING] - Timeout '0' is invalid. Using default page load timeout: '120'

2019-03-19 11:57:01 - [MESSAGE][PASSED] - Object 'Object Repository/Perolehan/002 Penyedia_RekodBaru/label_No. Dokumen' is present

2019-03-19 11:57:01 - [TEST_STEP][PASSED] - verifyElementPresent(findTestObject("Perolehan/002 Penyedia_RekodBaru/label_Tarikh Dokumen"), 0): Object 'Object Repository/Perolehan/002 Penyedia_RekodBaru/label_Tarikh Dokumen' is present

2019-03-19 11:57:01 - [MESSAGE][WARNING] - Timeout '0' is invalid. Using default page load timeout: '120'

2019-03-19 11:57:01 - [MESSAGE][PASSED] - Object 'Object Repository/Perolehan/002 Penyedia_RekodBaru/label_Tarikh Dokumen' is present

2019-03-19 11:57:01 - [TEST_STEP][PASSED] - verifyElementPresent(findTestObject("Perolehan/002 Penyedia_RekodBaru/label_Pembekal"), 0): Object 'Object Repository/Perolehan/002 Penyedia_RekodBaru/label_Pembekal' is present

2019-03-19 11:57:01 - [MESSAGE][WARNING] - Timeout '0' is invalid. Using default page load timeout: '120'

2019-03-19 11:57:01 - [MESSAGE][PASSED] - Object 'Object Repository/Perolehan/002 Penyedia_RekodBaru/label_Pembekal' is present

2019-03-19 11:57:01 - [TEST_STEP][PASSED] - verifyElementPresent(findTestObject("Perolehan/002 Penyedia_RekodBaru/label_Cawangan Pembekal"), 0): Object 'Object Repository/Perolehan/002 Penyedia_RekodBaru/label_Cawangan Pembekal' is present

2019-03-19 11:57:01 - [MESSAGE][WARNING] - Timeout '0' is invalid. Using default page load timeout: '120'

2019-03-19 11:57:01 - [MESSAGE][PASSED] - Object 'Object Repository/Perolehan/002 Penyedia_RekodBaru/label_Cawangan Pembekal' is present

2019-03-19 11:57:01 - [TEST_STEP][PASSED] - verifyElementPresent(findTestObject("Perolehan/002 Penyedia_RekodBaru/label_Sila Bekalkan Sebelum at"), 0): Object 'Object Repository/Perolehan/002 Penyedia_RekodBaru/label_Sila Bekalkan Sebelum at' is present

2019-03-19 11:57:01 - [MESSAGE][WARNING] - Timeout '0' is invalid. Using default page load timeout: '120'

2019-03-19 11:57:01 - [MESSAGE][PASSED] - Object 'Object Repository/Perolehan/002 Penyedia_RekodBaru/label_Sila Bekalkan Sebelum at' is present

2019-03-19 11:57:01 - [TEST_STEP][PASSED] - click(findTestObject("Perolehan/002 Penyedia_RekodBaru/a_Pembekal _textbox-icon combo")): Object: 'Object Repository/Perolehan/002 Penyedia_RekodBaru/a_Pembekal _textbox-icon combo' is clicked on

2019-03-19 11:57:01 - [MESSAGE][PASSED] - Object: 'Object Repository/Perolehan/002 Penyedia_RekodBaru/a_Pembekal _textbox-icon combo' is clicked on

2019-03-19 11:57:01 - [TEST_STEP][PASSED] - click(findTestObject("Perolehan/002 Penyedia_RekodBaru/Select_Pembekal_AA_DUA")): Object: 'Object Repository/Perolehan/002 Penyedia_RekodBaru/Select_Pembekal_AA_DUA' is clicked on

2019-03-19 11:57:01 - [MESSAGE][PASSED] - Object: 'Object Repository/Perolehan/002 Penyedia_RekodBaru/Select_Pembekal_AA_DUA' is clicked on

2019-03-19 11:57:01 - [TEST_STEP][PASSED] - delay(5): Delayed 5 second(s)

2019-03-19 11:57:06 - [MESSAGE][PASSED] - Delayed 5 second(s)

2019-03-19 11:57:06 - [TEST_STEP][PASSED] - getText(findTestObject("Perolehan/002 Penyedia_RekodBaru/input_No.Akaun Pembekal _textb"), STOP_ON_FAILURE): Text of object 'Object Repository/Perolehan/002 Penyedia_RekodBaru/input_No.Akaun Pembekal _textb' is: ''

2019-03-19 11:57:06 - [MESSAGE][PASSED] - Text of object 'Object Repository/Perolehan/002 Penyedia_RekodBaru/input_No.Akaun Pembekal _textb' is: ''

2019-03-19 11:57:06 - [TEST_STEP][PASSED] - getText(findTestObject("Perolehan/002 Penyedia_RekodBaru/input_Cawangan Pembekal _textb"), STOP_ON_FAILURE): Text of object 'Object Repository/Perolehan/002 Penyedia_RekodBaru/input_Cawangan Pembekal _textb' is: ''

2019-03-19 11:57:06 - [MESSAGE][PASSED] - Text of object 'Object Repository/Perolehan/002 Penyedia_RekodBaru/input_Cawangan Pembekal _textb' is: ''

2019-03-19 11:57:06 - [TEST_STEP][PASSED] - click(findTestObject("Perolehan/002 Penyedia_RekodBaru/Date_Picker_Bekal_Kerja")): Object: 'Object Repository/Perolehan/002 Penyedia_RekodBaru/Date_Picker_Bekal_Kerja' is clicked on

2019-03-19 11:57:07 - [MESSAGE][PASSED] - Object: 'Object Repository/Perolehan/002 Penyedia_RekodBaru/Date_Picker_Bekal_Kerja' is clicked on

2019-03-19 11:57:07 - [TEST_STEP][PASSED] - delay(1): Delayed 1 second(s)

2019-03-19 11:57:08 - [MESSAGE][PASSED] - Delayed 1 second(s)

2019-03-19 11:57:08 - [TEST_STEP][PASSED] - click(findTestObject("Perolehan/002 Penyedia_RekodBaru/Date_Picker_Bekal_Kerja_Next_Month")): Object: 'Object Repository/Perolehan/002 Penyedia_RekodBaru/Date_Picker_Bekal_Kerja_Next_Month' is clicked on

2019-03-19 11:57:08 - [MESSAGE][PASSED] - Object: 'Object Repository/Perolehan/002 Penyedia_RekodBaru/Date_Picker_Bekal_Kerja_Next_Month' is clicked on

2019-03-19 11:57:08 - [TEST_STEP][PASSED] - delay(1): Delayed 1 second(s)

2019-03-19 11:57:09 - [MESSAGE][PASSED] - Delayed 1 second(s)

2019-03-19 11:57:09 - [TEST_STEP][PASSED] - click(findTestObject("Perolehan/002 Penyedia_RekodBaru/Date_Picker_Bekal_Kerja_Date")): Object: 'Object Repository/Perolehan/002 Penyedia_RekodBaru/Date_Picker_Bekal_Kerja_Date' is clicked on

2019-03-19 11:57:09 - [MESSAGE][PASSED] - Object: 'Object Repository/Perolehan/002 Penyedia_RekodBaru/Date_Picker_Bekal_Kerja_Date' is clicked on

2019-03-19 11:57:09 - [TEST_STEP][PASSED] - setText(findTestObject("Perolehan/002 Penyedia_RekodBaru/Text_box_Perihal"), "This is a test for PT - EFT automation scripts - Julia " + mydate): Text 'This is a test for PT - EFT automation scripts - Julia Tue Mar 19 11:56:59 SGT 2019' is set on object 'Object Repository/Perolehan/002 Penyedia_RekodBaru/Text_box_Perihal'

2019-03-19 11:57:09 - [MESSAGE][PASSED] - Text 'This is a test for PT - EFT automation scripts - Julia Tue Mar 19 11:56:59 SGT 2019' is set on object 'Object Repository/Perolehan/002 Penyedia_RekodBaru/Text_box_Perihal'

2019-03-19 11:57:09 - [TEST_STEP][PASSED] - delay(3): Delayed 3 second(s)

2019-03-19 11:57:12 - [MESSAGE][PASSED] - Delayed 3 second(s)

2019-03-19 11:57:12 - [TEST_STEP][PASSED] - click(findTestObject("Perolehan/002 Penyedia_RekodBaru/button_TambahCajLine")): Object: 'Object Repository/Perolehan/002 Penyedia_RekodBaru/button_TambahCajLine' is clicked on

2019-03-19 11:57:12 - [MESSAGE][PASSED] - Object: 'Object Repository/Perolehan/002 Penyedia_RekodBaru/button_TambahCajLine' is clicked on

2019-03-19 11:57:12 - [TEST_STEP][PASSED] - delay(3): Delayed 3 second(s)

2019-03-19 11:57:15 - [MESSAGE][PASSED] - Delayed 3 second(s)

2019-03-19 11:57:15 - [TEST_STEP][PASSED] - click(findTestObject("Perolehan/002 Penyedia_RekodBaru/Drop_down_Vot_Dana")): Object: 'Object Repository/Perolehan/002 Penyedia_RekodBaru/Drop_down_Vot_Dana' is clicked on

2019-03-19 11:57:15 - [MESSAGE][PASSED] - Object: 'Object Repository/Perolehan/002 Penyedia_RekodBaru/Drop_down_Vot_Dana' is clicked on

2019-03-19 11:57:15 - [TEST_STEP][PASSED] - delay(8): Delayed 8 second(s)

2019-03-19 11:57:23 - [MESSAGE][PASSED] - Delayed 8 second(s)

2019-03-19 11:57:23 - [TEST_STEP][PASSED] - waitForElementVisible(findTestObject("Perolehan/002 Penyedia_RekodBaru/Input_Vot_Dana"), 60): Object 'Object Repository/Perolehan/002 Penyedia_RekodBaru/Input_Vot_Dana' is visible

2019-03-19 11:57:23 - [MESSAGE][PASSED] - Object 'Object Repository/Perolehan/002 Penyedia_RekodBaru/Input_Vot_Dana' is visible

2019-03-19 11:57:23 - [TEST_STEP][PASSED] - setText(findTestObject("Perolehan/002 Penyedia_RekodBaru/Input_Vot_Dana"), "B31"): Text 'B31' is set on object 'Object Repository/Perolehan/002 Penyedia_RekodBaru/Input_Vot_Dana'

2019-03-19 11:57:24 - [MESSAGE][PASSED] - Text 'B31' is set on object 'Object Repository/Perolehan/002 Penyedia_RekodBaru/Input_Vot_Dana'

2019-03-19 11:57:24 - [TEST_STEP][PASSED] - waitForElementVisible(findTestObject("Perolehan/002 Penyedia_RekodBaru/Select_Vot_Dana_B31"), 60): Object 'Object Repository/Perolehan/002 Penyedia_RekodBaru/Select_Vot_Dana_B31' is visible

2019-03-19 11:57:24 - [MESSAGE][PASSED] - Object 'Object Repository/Perolehan/002 Penyedia_RekodBaru/Select_Vot_Dana_B31' is visible

2019-03-19 11:57:24 - [TEST_STEP][PASSED] - click(findTestObject("Perolehan/002 Penyedia_RekodBaru/Select_Vot_Dana_B31")): Object: 'Object Repository/Perolehan/002 Penyedia_RekodBaru/Select_Vot_Dana_B31' is clicked on

2019-03-19 11:57:24 - [MESSAGE][PASSED] - Object: 'Object Repository/Perolehan/002 Penyedia_RekodBaru/Select_Vot_Dana_B31' is clicked on

2019-03-19 11:57:24 - [TEST_STEP][PASSED] - delay(3): Delayed 3 second(s)

2019-03-19 11:57:27 - [MESSAGE][PASSED] - Delayed 3 second(s)

2019-03-19 11:57:27 - [TEST_STEP][PASSED] - click(findTestObject("Perolehan/002 Penyedia_RekodBaru/Drop_down_Program_Aktiviti")): Object: 'Object Repository/Perolehan/002 Penyedia_RekodBaru/Drop_down_Program_Aktiviti' is clicked on

2019-03-19 11:57:27 - [MESSAGE][PASSED] - Object: 'Object Repository/Perolehan/002 Penyedia_RekodBaru/Drop_down_Program_Aktiviti' is clicked on

2019-03-19 11:57:27 - [TEST_STEP][PASSED] - delay(3): Delayed 3 second(s)

2019-03-19 11:57:30 - [MESSAGE][PASSED] - Delayed 3 second(s)

2019-03-19 11:57:30 - [TEST_STEP][PASSED] - click(findTestObject("Perolehan/002 Penyedia_RekodBaru/Select_Program_010080")): Object: 'Object Repository/Perolehan/002 Penyedia_RekodBaru/Select_Program_010080' is clicked on

2019-03-19 11:57:30 - [MESSAGE][PASSED] - Object: 'Object Repository/Perolehan/002 Penyedia_RekodBaru/Select_Program_010080' is clicked on

2019-03-19 11:57:30 - [TEST_STEP][PASSED] - delay(3): Delayed 3 second(s)

2019-03-19 11:57:33 - [MESSAGE][PASSED] - Delayed 3 second(s)

2019-03-19 11:57:33 - [TEST_STEP][PASSED] - click(findTestObject("Perolehan/002 Penyedia_RekodBaru/Drop_down_Kod_Akaun")): Object: 'Object Repository/Perolehan/002 Penyedia_RekodBaru/Drop_down_Kod_Akaun' is clicked on

2019-03-19 11:57:33 - [MESSAGE][PASSED] - Object: 'Object Repository/Perolehan/002 Penyedia_RekodBaru/Drop_down_Kod_Akaun' is clicked on

2019-03-19 11:57:33 - [TEST_STEP][PASSED] - delay(3): Delayed 3 second(s)

2019-03-19 11:57:36 - [MESSAGE][PASSED] - Delayed 3 second(s)

2019-03-19 11:57:36 - [TEST_STEP][PASSED] - setText(findTestObject("Perolehan/002 Penyedia_RekodBaru/input_kod_akaun"), "B0221101"): Text 'B0221101' is set on object 'Object Repository/Perolehan/002 Penyedia_RekodBaru/input_kod_akaun'

2019-03-19 11:57:36 - [MESSAGE][PASSED] - Text 'B0221101' is set on object 'Object Repository/Perolehan/002 Penyedia_RekodBaru/input_kod_akaun'

2019-03-19 11:57:36 - [TEST_STEP][PASSED] - delay(3): Delayed 3 second(s)

2019-03-19 11:57:39 - [MESSAGE][PASSED] - Delayed 3 second(s)

2019-03-19 11:57:39 - [TEST_STEP][PASSED] - click(findTestObject("Perolehan/002 Penyedia_RekodBaru/Select_Kod_Akaun_B0221101")): Object: 'Object Repository/Perolehan/002 Penyedia_RekodBaru/Select_Kod_Akaun_B0221101' is clicked on

2019-03-19 11:57:40 - [MESSAGE][PASSED] - Object: 'Object Repository/Perolehan/002 Penyedia_RekodBaru/Select_Kod_Akaun_B0221101' is clicked on

2019-03-19 11:57:40 - [TEST_STEP][PASSED] - click(findTestObject("Perolehan/002 Penyedia_RekodBaru/Drop_down_Kod_Barang")): Object: 'Object Repository/Perolehan/002 Penyedia_RekodBaru/Drop_down_Kod_Barang' is clicked on

2019-03-19 11:57:40 - [MESSAGE][PASSED] - Object: 'Object Repository/Perolehan/002 Penyedia_RekodBaru/Drop_down_Kod_Barang' is clicked on

2019-03-19 11:57:40 - [TEST_STEP][PASSED] - delay(8): Delayed 8 second(s)

2019-03-19 11:57:48 - [MESSAGE][PASSED] - Delayed 8 second(s)

2019-03-19 11:57:48 - [TEST_STEP][PASSED] - click(findTestObject("Perolehan/002 Penyedia_RekodBaru/SelectKod_Barang")): Object: 'Object Repository/Perolehan/002 Penyedia_RekodBaru/SelectKod_Barang' is clicked on

2019-03-19 11:57:48 - [MESSAGE][PASSED] - Object: 'Object Repository/Perolehan/002 Penyedia_RekodBaru/SelectKod_Barang' is clicked on

2019-03-19 11:57:48 - [TEST_STEP][PASSED] - click(findTestObject("Perolehan/002 Penyedia_RekodBaru/Drop_down_Kategori_Pesanan_Tempatan")): Object: 'Object Repository/Perolehan/002 Penyedia_RekodBaru/Drop_down_Kategori_Pesanan_Tempatan' is clicked on

2019-03-19 11:57:48 - [MESSAGE][PASSED] - Object: 'Object Repository/Perolehan/002 Penyedia_RekodBaru/Drop_down_Kategori_Pesanan_Tempatan' is clicked on

2019-03-19 11:57:48 - [TEST_STEP][PASSED] - click(findTestObject("Perolehan/002 Penyedia_RekodBaru/Select_Kategori_Pesanan_BARANG")): Object: 'Object Repository/Perolehan/002 Penyedia_RekodBaru/Select_Kategori_Pesanan_BARANG' is clicked on

2019-03-19 11:57:48 - [MESSAGE][PASSED] - Object: 'Object Repository/Perolehan/002 Penyedia_RekodBaru/Select_Kategori_Pesanan_BARANG' is clicked on

2019-03-19 11:57:48 - [TEST_STEP][PASSED] - setText(findTestObject("Perolehan/002 Penyedia_RekodBaru/input_kuantiti"), "4"): Text '4' is set on object 'Object Repository/Perolehan/002 Penyedia_RekodBaru/input_kuantiti'

2019-03-19 11:57:48 - [MESSAGE][PASSED] - Text '4' is set on object 'Object Repository/Perolehan/002 Penyedia_RekodBaru/input_kuantiti'

2019-03-19 11:57:48 - [TEST_STEP][PASSED] - click(findTestObject("Perolehan/002 Penyedia_RekodBaru/Drop_down_Unit_Ukuran")): Object: 'Object Repository/Perolehan/002 Penyedia_RekodBaru/Drop_down_Unit_Ukuran' is clicked on

2019-03-19 11:57:48 - [MESSAGE][PASSED] - Object: 'Object Repository/Perolehan/002 Penyedia_RekodBaru/Drop_down_Unit_Ukuran' is clicked on

2019-03-19 11:57:48 - [TEST_STEP][PASSED] - delay(3): Delayed 3 second(s)

2019-03-19 11:57:51 - [MESSAGE][PASSED] - Delayed 3 second(s)

2019-03-19 11:57:51 - [TEST_STEP][PASSED] - click(findTestObject("Perolehan/002 Penyedia_RekodBaru/select_unit_ukuran_buah")): Object: 'Object Repository/Perolehan/002 Penyedia_RekodBaru/select_unit_ukuran_buah' is clicked on

2019-03-19 11:57:51 - [MESSAGE][PASSED] - Object: 'Object Repository/Perolehan/002 Penyedia_RekodBaru/select_unit_ukuran_buah' is clicked on

2019-03-19 11:57:51 - [TEST_STEP][PASSED] - setText(findTestObject("Perolehan/002 Penyedia_RekodBaru/input_harga_seunit"), "1.22"): Text '1.22' is set on object 'Object Repository/Perolehan/002 Penyedia_RekodBaru/input_harga_seunit'

2019-03-19 11:57:52 - [MESSAGE][PASSED] - Text '1.22' is set on object 'Object Repository/Perolehan/002 Penyedia_RekodBaru/input_harga_seunit'

2019-03-19 11:57:52 - [TEST_STEP][PASSED] - click(findTestObject("Perolehan/002 Penyedia_RekodBaru/button_simpan_caj_line")): Object: 'Object Repository/Perolehan/002 Penyedia_RekodBaru/button_simpan_caj_line' is clicked on

2019-03-19 11:57:52 - [MESSAGE][PASSED] - Object: 'Object Repository/Perolehan/002 Penyedia_RekodBaru/button_simpan_caj_line' is clicked on

2019-03-19 11:57:52 - [TEST_STEP][PASSED] - delay(3): Delayed 3 second(s)

2019-03-19 11:57:55 - [MESSAGE][PASSED] - Delayed 3 second(s)

2019-03-19 11:57:55 - [TEST_STEP][PASSED] - waitForElementClickable(findTestObject("Perolehan/002 Penyedia_RekodBaru/button_OK_Peruntukan_cukup"), 3): Object 'Object Repository/Perolehan/002 Penyedia_RekodBaru/button_OK_Peruntukan_cukup' is clickable

2019-03-19 11:57:55 - [MESSAGE][PASSED] - Object 'Object Repository/Perolehan/002 Penyedia_RekodBaru/button_OK_Peruntukan_cukup' is clickable

2019-03-19 11:57:55 - [TEST_STEP][PASSED] - click(findTestObject("Perolehan/002 Penyedia_RekodBaru/button_OK_Peruntukan_cukup")): Object: 'Object Repository/Perolehan/002 Penyedia_RekodBaru/button_OK_Peruntukan_cukup' is clicked on

2019-03-19 11:57:55 - [MESSAGE][PASSED] - Object: 'Object Repository/Perolehan/002 Penyedia_RekodBaru/button_OK_Peruntukan_cukup' is clicked on

2019-03-19 11:57:55 - [TEST_STEP][PASSED] - click(findTestObject("Perolehan/002 Penyedia_RekodBaru/button_Simpan_Rekod")): Object: 'Object Repository/Perolehan/002 Penyedia_RekodBaru/button_Simpan_Rekod' is clicked on

2019-03-19 11:57:55 - [MESSAGE][PASSED] - Object: 'Object Repository/Perolehan/002 Penyedia_RekodBaru/button_Simpan_Rekod' is clicked on

2019-03-19 11:57:55 - [TEST_STEP][PASSED] - delay(3): Delayed 3 second(s)

2019-03-19 11:57:58 - [MESSAGE][PASSED] - Delayed 3 second(s)

2019-03-19 11:57:58 - [TEST_STEP][PASSED] - waitForElementClickable(findTestObject("Perolehan/002 Penyedia_RekodBaru/button_OK_Rekod_Berjaya_disimpan"), 60): Object 'Object Repository/Perolehan/002 Penyedia_RekodBaru/button_OK_Rekod_Berjaya_disimpan' is clickable

2019-03-19 11:57:58 - [MESSAGE][PASSED] - Object 'Object Repository/Perolehan/002 Penyedia_RekodBaru/button_OK_Rekod_Berjaya_disimpan' is clickable

2019-03-19 11:57:58 - [TEST_STEP][PASSED] - click(findTestObject("Perolehan/002 Penyedia_RekodBaru/button_OK_Rekod_Berjaya_disimpan")): Object: 'Object Repository/Perolehan/002 Penyedia_RekodBaru/button_OK_Rekod_Berjaya_disimpan' is clicked on

2019-03-19 11:57:58 - [MESSAGE][PASSED] - Object: 'Object Repository/Perolehan/002 Penyedia_RekodBaru/button_OK_Rekod_Berjaya_disimpan' is clicked on

2019-03-19 11:57:58 - [TEST_STEP][PASSED] - JumlahPesananTempatan = getText(findTestObject("Perolehan/002 Penyedia_RekodBaru/Jumlah_pesanan_tempatan")): Text of object 'Object Repository/Perolehan/002 Penyedia_RekodBaru/Jumlah_pesanan_tempatan' is: '4.88'

2019-03-19 11:57:58 - [MESSAGE][PASSED] - Text of object 'Object Repository/Perolehan/002 Penyedia_RekodBaru/Jumlah_pesanan_tempatan' is: '4.88'

2019-03-19 11:57:58 - [TEST_STEP][PASSED] - println(JumlahPesananTempatan): null

2019-03-19 11:57:58 - [TEST_STEP][PASSED] - click(findTestObject("Perolehan/002 Penyedia_RekodBaru/Tab_Penghantaran_Barang")): Object: 'Object Repository/Perolehan/002 Penyedia_RekodBaru/Tab_Penghantaran_Barang' is clicked on

2019-03-19 11:57:59 - [MESSAGE][PASSED] - Object: 'Object Repository/Perolehan/002 Penyedia_RekodBaru/Tab_Penghantaran_Barang' is clicked on

2019-03-19 11:57:59 - [TEST_STEP][PASSED] - click(findTestObject("Perolehan/002 Penyedia_RekodBaru/button_tambah_master_barang")): Object: 'Object Repository/Perolehan/002 Penyedia_RekodBaru/button_tambah_master_barang' is clicked on

2019-03-19 11:57:59 - [MESSAGE][PASSED] - Object: 'Object Repository/Perolehan/002 Penyedia_RekodBaru/button_tambah_master_barang' is clicked on

2019-03-19 11:57:59 - [TEST_STEP][PASSED] - setText(findTestObject("Perolehan/002 Penyedia_RekodBaru/input_untuk_perhatian"), "Yang Berkenaan"): Text 'Yang Berkenaan' is set on object 'Object Repository/Perolehan/002 Penyedia_RekodBaru/input_untuk_perhatian'

2019-03-19 11:57:59 - [MESSAGE][PASSED] - Text 'Yang Berkenaan' is set on object 'Object Repository/Perolehan/002 Penyedia_RekodBaru/input_untuk_perhatian'

2019-03-19 11:57:59 - [TEST_STEP][PASSED] - click(findTestObject("Perolehan/002 Penyedia_RekodBaru/Drop_down_bekal_kepada_Jabatan")): Object: 'Object Repository/Perolehan/002 Penyedia_RekodBaru/Drop_down_bekal_kepada_Jabatan' is clicked on

2019-03-19 11:57:59 - [MESSAGE][PASSED] - Object: 'Object Repository/Perolehan/002 Penyedia_RekodBaru/Drop_down_bekal_kepada_Jabatan' is clicked on

2019-03-19 11:57:59 - [TEST_STEP][PASSED] - setText(findTestObject("Perolehan/002 Penyedia_RekodBaru/input_bekal_kepada_jabatan"), "004000"): Text '004000' is set on object 'Object Repository/Perolehan/002 Penyedia_RekodBaru/input_bekal_kepada_jabatan'

2019-03-19 11:57:59 - [MESSAGE][PASSED] - Text '004000' is set on object 'Object Repository/Perolehan/002 Penyedia_RekodBaru/input_bekal_kepada_jabatan'

2019-03-19 11:57:59 - [TEST_STEP][PASSED] - delay(3): Delayed 3 second(s)

2019-03-19 11:58:03 - [MESSAGE][PASSED] - Delayed 3 second(s)

2019-03-19 11:58:03 - [TEST_STEP][PASSED] - click(findTestObject("Perolehan/002 Penyedia_RekodBaru/select_jabatan_004000")): Object: 'Object Repository/Perolehan/002 Penyedia_RekodBaru/select_jabatan_004000' is clicked on

2019-03-19 11:58:03 - [MESSAGE][PASSED] - Object: 'Object Repository/Perolehan/002 Penyedia_RekodBaru/select_jabatan_004000' is clicked on

2019-03-19 11:58:03 - [TEST_STEP][PASSED] - delay(3): Delayed 3 second(s)

2019-03-19 11:58:06 - [MESSAGE][PASSED] - Delayed 3 second(s)

2019-03-19 11:58:06 - [TEST_STEP][PASSED] - click(findTestObject("Perolehan/002 Penyedia_RekodBaru/Drop_down_master_PTJ")): Object: 'Object Repository/Perolehan/002 Penyedia_RekodBaru/Drop_down_master_PTJ' is clicked on

2019-03-19 11:58:06 - [MESSAGE][PASSED] - Object: 'Object Repository/Perolehan/002 Penyedia_RekodBaru/Drop_down_master_PTJ' is clicked on

2019-03-19 11:58:06 - [TEST_STEP][PASSED] - delay(3): Delayed 3 second(s)

2019-03-19 11:58:09 - [MESSAGE][PASSED] - Delayed 3 second(s)

2019-03-19 11:58:09 - [TEST_STEP][PASSED] - waitForElementVisible(findTestObject("Perolehan/002 Penyedia_RekodBaru/select_master_PTJ"), 60): Object 'Object Repository/Perolehan/002 Penyedia_RekodBaru/select_master_PTJ' is visible

2019-03-19 11:58:09 - [MESSAGE][PASSED] - Object 'Object Repository/Perolehan/002 Penyedia_RekodBaru/select_master_PTJ' is visible

2019-03-19 11:58:09 - [TEST_STEP][PASSED] - click(findTestObject("Perolehan/002 Penyedia_RekodBaru/select_master_PTJ")): Object: 'Object Repository/Perolehan/002 Penyedia_RekodBaru/select_master_PTJ' is clicked on

2019-03-19 11:58:09 - [MESSAGE][PASSED] - Object: 'Object Repository/Perolehan/002 Penyedia_RekodBaru/select_master_PTJ' is clicked on

2019-03-19 11:58:09 - [TEST_STEP][PASSED] - delay(3): Delayed 3 second(s)

2019-03-19 11:58:12 - [MESSAGE][PASSED] - Delayed 3 second(s)

2019-03-19 11:58:12 - [TEST_STEP][PASSED] - check(findTestObject("Perolehan/002 Penyedia_RekodBaru/checkbox_alamat_utama")): Object 'Object Repository/Perolehan/002 Penyedia_RekodBaru/checkbox_alamat_utama' is checked

2019-03-19 11:58:12 - [MESSAGE][PASSED] - Object 'Object Repository/Perolehan/002 Penyedia_RekodBaru/checkbox_alamat_utama' is checked

2019-03-19 11:58:12 - [TEST_STEP][PASSED] - click(findTestObject("Perolehan/002 Penyedia_RekodBaru/button_tambah_senarai_barang")): Object: 'Object Repository/Perolehan/002 Penyedia_RekodBaru/button_tambah_senarai_barang' is clicked on

2019-03-19 11:58:12 - [MESSAGE][PASSED] - Object: 'Object Repository/Perolehan/002 Penyedia_RekodBaru/button_tambah_senarai_barang' is clicked on

2019-03-19 11:58:12 - [TEST_STEP][PASSED] - delay(3): Delayed 3 second(s)

2019-03-19 11:58:15 - [MESSAGE][PASSED] - Delayed 3 second(s)

2019-03-19 11:58:15 - [TEST_STEP][PASSED] - click(findTestObject("Perolehan/002 Penyedia_RekodBaru/Drop_down_senarai_barang")): Object: 'Object Repository/Perolehan/002 Penyedia_RekodBaru/Drop_down_senarai_barang' is clicked on

2019-03-19 11:58:15 - [MESSAGE][PASSED] - Object: 'Object Repository/Perolehan/002 Penyedia_RekodBaru/Drop_down_senarai_barang' is clicked on

2019-03-19 11:58:15 - [TEST_STEP][PASSED] - delay(3): Delayed 3 second(s)

2019-03-19 11:58:18 - [MESSAGE][PASSED] - Delayed 3 second(s)

2019-03-19 11:58:18 - [TEST_STEP][PASSED] - click(findTestObject("Perolehan/002 Penyedia_RekodBaru/Drop_down_Barang_1")): Object: 'Object Repository/Perolehan/002 Penyedia_RekodBaru/Drop_down_Barang_1' is clicked on

2019-03-19 11:58:18 - [MESSAGE][PASSED] - Object: 'Object Repository/Perolehan/002 Penyedia_RekodBaru/Drop_down_Barang_1' is clicked on

2019-03-19 11:58:18 - [TEST_STEP][PASSED] - setText(findTestObject("Perolehan/002 Penyedia_RekodBaru/input_Kuantiti_senarai_barang"), "4"): Text '4' is set on object 'Object Repository/Perolehan/002 Penyedia_RekodBaru/input_Kuantiti_senarai_barang'

2019-03-19 11:58:18 - [MESSAGE][PASSED] - Text '4' is set on object 'Object Repository/Perolehan/002 Penyedia_RekodBaru/input_Kuantiti_senarai_barang'

2019-03-19 11:58:18 - [TEST_STEP][PASSED] - click(findTestObject("Perolehan/002 Penyedia_RekodBaru/button_save_senarai_barang")): Object: 'Object Repository/Perolehan/002 Penyedia_RekodBaru/button_save_senarai_barang' is clicked on

2019-03-19 11:58:18 - [MESSAGE][PASSED] - Object: 'Object Repository/Perolehan/002 Penyedia_RekodBaru/button_save_senarai_barang' is clicked on

2019-03-19 11:58:18 - [TEST_STEP][PASSED] - click(findTestObject("Perolehan/002 Penyedia_RekodBaru/button_simpan_maklumat_bekalan")): Object: 'Object Repository/Perolehan/002 Penyedia_RekodBaru/button_simpan_maklumat_bekalan' is clicked on

2019-03-19 11:58:19 - [MESSAGE][PASSED] - Object: 'Object Repository/Perolehan/002 Penyedia_RekodBaru/button_simpan_maklumat_bekalan' is clicked on

2019-03-19 11:58:19 - [TEST_STEP][PASSED] - click(findTestObject("Perolehan/002 Penyedia_RekodBaru/Tab_Pesanan_Tempatan")): Object: 'Object Repository/Perolehan/002 Penyedia_RekodBaru/Tab_Pesanan_Tempatan' is clicked on

2019-03-19 11:58:19 - [MESSAGE][PASSED] - Object: 'Object Repository/Perolehan/002 Penyedia_RekodBaru/Tab_Pesanan_Tempatan' is clicked on

2019-03-19 11:58:19 - [TEST_STEP][PASSED] - click(findTestObject("Perolehan/002 Penyedia_RekodBaru/button_Simpan_Rekod")): Object: 'Object Repository/Perolehan/002 Penyedia_RekodBaru/button_Simpan_Rekod' is clicked on

2019-03-19 11:58:19 - [MESSAGE][PASSED] - Object: 'Object Repository/Perolehan/002 Penyedia_RekodBaru/button_Simpan_Rekod' is clicked on

2019-03-19 11:58:19 - [TEST_STEP][PASSED] - delay(3): Delayed 3 second(s)

2019-03-19 11:58:22 - [MESSAGE][PASSED] - Delayed 3 second(s)

2019-03-19 11:58:22 - [TEST_STEP][PASSED] - waitForElementClickable(findTestObject("Perolehan/002 Penyedia_RekodBaru/button_OK_Rekod_Berjaya_disimpan"), 60): Object 'Object Repository/Perolehan/002 Penyedia_RekodBaru/button_OK_Rekod_Berjaya_disimpan' is clickable

2019-03-19 11:58:22 - [MESSAGE][PASSED] - Object 'Object Repository/Perolehan/002 Penyedia_RekodBaru/button_OK_Rekod_Berjaya_disimpan' is clickable

2019-03-19 11:58:22 - [TEST_STEP][PASSED] - takeScreenshot(): Taking screenshot successfully

2019-03-19 11:58:22 - [MESSAGE][PASSED] - Taking screenshot successfully
[[ATTACHMENT|C:\\Users\\Consultant_MSPHitect\\Katalon Studio\\TrainingonKatalon\\Reports\\Perolehan\\01 Pesanan Tempatan Cara Bayaran EFT Tiada Pemfaktoran\\20190319_115557\\1552967902639.png]]

2019-03-19 11:58:22 - [TEST_STEP][PASSED] - click(findTestObject("Perolehan/002 Penyedia_RekodBaru/button_OK_Rekod_Berjaya_disimpan")): Object: 'Object Repository/Perolehan/002 Penyedia_RekodBaru/button_OK_Rekod_Berjaya_disimpan' is clicked on

2019-03-19 11:58:23 - [MESSAGE][PASSED] - Object: 'Object Repository/Perolehan/002 Penyedia_RekodBaru/button_OK_Rekod_Berjaya_disimpan' is clicked on]]></system-out>
         <system-err><![CDATA[]]></system-err>
      </testcase>
      <testcase name="Test Cases/Perolehan/002 Rekod Baru oleh Penyedia/002 Senarai Semak" classname="Test Cases/Perolehan/002 Rekod Baru oleh Penyedia/002 Senarai Semak" status="PASSED">
         <system-out><![CDATA[2019-03-19 11:58:23 - [TEST_CASE][PASSED] - Test Cases/Perolehan/002 Rekod Baru oleh Penyedia/002 Senarai Semak: Test Cases/Perolehan/002 Rekod Baru oleh Penyedia/002 Senarai Semak

2019-03-19 11:58:23 - [TEST_STEP][PASSED] - delay(3): Delayed 3 second(s)

2019-03-19 11:58:26 - [MESSAGE][PASSED] - Delayed 3 second(s)

2019-03-19 11:58:26 - [TEST_STEP][PASSED] - click(findTestObject("Perolehan/002 Penyedia_RekodBaru/0021 Senarai Semak/button_Senarai Semak")): Object: 'Object Repository/Perolehan/002 Penyedia_RekodBaru/0021 Senarai Semak/button_Senarai Semak' is clicked on

2019-03-19 11:58:26 - [MESSAGE][PASSED] - Object: 'Object Repository/Perolehan/002 Penyedia_RekodBaru/0021 Senarai Semak/button_Senarai Semak' is clicked on

2019-03-19 11:58:26 - [TEST_STEP][PASSED] - delay(3): Delayed 3 second(s)

2019-03-19 11:58:29 - [MESSAGE][PASSED] - Delayed 3 second(s)

2019-03-19 11:58:29 - [TEST_STEP][PASSED] - check(findTestObject("Perolehan/002 Penyedia_RekodBaru/0021 Senarai Semak/Senarai_semak_IC")): Object 'Object Repository/Perolehan/002 Penyedia_RekodBaru/0021 Senarai Semak/Senarai_semak_IC' is checked

2019-03-19 11:58:29 - [MESSAGE][PASSED] - Object 'Object Repository/Perolehan/002 Penyedia_RekodBaru/0021 Senarai Semak/Senarai_semak_IC' is checked

2019-03-19 11:58:29 - [TEST_STEP][PASSED] - check(findTestObject("Perolehan/002 Penyedia_RekodBaru/0021 Senarai Semak/Senarai_semak_Pesanan_Tempatan")): Object 'Object Repository/Perolehan/002 Penyedia_RekodBaru/0021 Senarai Semak/Senarai_semak_Pesanan_Tempatan' is checked

2019-03-19 11:58:29 - [MESSAGE][PASSED] - Object 'Object Repository/Perolehan/002 Penyedia_RekodBaru/0021 Senarai Semak/Senarai_semak_Pesanan_Tempatan' is checked

2019-03-19 11:58:29 - [TEST_STEP][PASSED] - check(findTestObject("Perolehan/002 Penyedia_RekodBaru/0021 Senarai Semak/Senarai_semak_Perihal_Perolehan")): Object 'Object Repository/Perolehan/002 Penyedia_RekodBaru/0021 Senarai Semak/Senarai_semak_Perihal_Perolehan' is checked

2019-03-19 11:58:29 - [MESSAGE][PASSED] - Object 'Object Repository/Perolehan/002 Penyedia_RekodBaru/0021 Senarai Semak/Senarai_semak_Perihal_Perolehan' is checked

2019-03-19 11:58:29 - [TEST_STEP][PASSED] - click(findTestObject("Perolehan/002 Penyedia_RekodBaru/0021 Senarai Semak/button_simpan_senarai_semak")): Object: 'Object Repository/Perolehan/002 Penyedia_RekodBaru/0021 Senarai Semak/button_simpan_senarai_semak' is clicked on

2019-03-19 11:58:29 - [MESSAGE][PASSED] - Object: 'Object Repository/Perolehan/002 Penyedia_RekodBaru/0021 Senarai Semak/button_simpan_senarai_semak' is clicked on

2019-03-19 11:58:29 - [TEST_STEP][PASSED] - waitForElementClickable(findTestObject("Perolehan/002 Penyedia_RekodBaru/0021 Senarai Semak/button_OK_Senarai_Semak_berjaya_disimpan"), 60): Object 'Object Repository/Perolehan/002 Penyedia_RekodBaru/0021 Senarai Semak/button_OK_Senarai_Semak_berjaya_disimpan' is clickable

2019-03-19 11:58:30 - [MESSAGE][PASSED] - Object 'Object Repository/Perolehan/002 Penyedia_RekodBaru/0021 Senarai Semak/button_OK_Senarai_Semak_berjaya_disimpan' is clickable

2019-03-19 11:58:30 - [TEST_STEP][PASSED] - click(findTestObject("Perolehan/002 Penyedia_RekodBaru/0021 Senarai Semak/button_OK_Senarai_Semak_berjaya_disimpan")): Object: 'Object Repository/Perolehan/002 Penyedia_RekodBaru/0021 Senarai Semak/button_OK_Senarai_Semak_berjaya_disimpan' is clicked on

2019-03-19 11:58:30 - [MESSAGE][PASSED] - Object: 'Object Repository/Perolehan/002 Penyedia_RekodBaru/0021 Senarai Semak/button_OK_Senarai_Semak_berjaya_disimpan' is clicked on

2019-03-19 11:58:30 - [TEST_STEP][PASSED] - click(findTestObject("Perolehan/002 Penyedia_RekodBaru/0021 Senarai Semak/Senarai_semak_close_X")): Object: 'Object Repository/Perolehan/002 Penyedia_RekodBaru/0021 Senarai Semak/Senarai_semak_close_X' is clicked on

2019-03-19 11:58:30 - [MESSAGE][PASSED] - Object: 'Object Repository/Perolehan/002 Penyedia_RekodBaru/0021 Senarai Semak/Senarai_semak_close_X' is clicked on

2019-03-19 11:58:30 - [TEST_STEP][PASSED] - click(findTestObject("Perolehan/002 Penyedia_RekodBaru/button_Simpan_Rekod")): Object: 'Object Repository/Perolehan/002 Penyedia_RekodBaru/button_Simpan_Rekod' is clicked on

2019-03-19 11:58:30 - [MESSAGE][PASSED] - Object: 'Object Repository/Perolehan/002 Penyedia_RekodBaru/button_Simpan_Rekod' is clicked on

2019-03-19 11:58:30 - [TEST_STEP][PASSED] - delay(3): Delayed 3 second(s)

2019-03-19 11:58:33 - [MESSAGE][PASSED] - Delayed 3 second(s)

2019-03-19 11:58:33 - [TEST_STEP][PASSED] - waitForElementClickable(findTestObject("Perolehan/002 Penyedia_RekodBaru/button_OK_Rekod_Berjaya_disimpan"), 60): Object 'Object Repository/Perolehan/002 Penyedia_RekodBaru/button_OK_Rekod_Berjaya_disimpan' is clickable

2019-03-19 11:58:33 - [MESSAGE][PASSED] - Object 'Object Repository/Perolehan/002 Penyedia_RekodBaru/button_OK_Rekod_Berjaya_disimpan' is clickable

2019-03-19 11:58:33 - [TEST_STEP][PASSED] - click(findTestObject("Perolehan/002 Penyedia_RekodBaru/button_OK_Rekod_Berjaya_disimpan")): Object: 'Object Repository/Perolehan/002 Penyedia_RekodBaru/button_OK_Rekod_Berjaya_disimpan' is clicked on

2019-03-19 11:58:33 - [MESSAGE][PASSED] - Object: 'Object Repository/Perolehan/002 Penyedia_RekodBaru/button_OK_Rekod_Berjaya_disimpan' is clicked on]]></system-out>
         <system-err><![CDATA[]]></system-err>
      </testcase>
      <testcase name="Test Cases/Perolehan/002 Rekod Baru oleh Penyedia/003 Sah Simpan" classname="Test Cases/Perolehan/002 Rekod Baru oleh Penyedia/003 Sah Simpan" status="PASSED">
         <system-out><![CDATA[2019-03-19 11:58:33 - [TEST_CASE][PASSED] - Test Cases/Perolehan/002 Rekod Baru oleh Penyedia/003 Sah Simpan: Test Cases/Perolehan/002 Rekod Baru oleh Penyedia/003 Sah Simpan

2019-03-19 11:58:33 - [TEST_STEP][PASSED] - delay(5): Delayed 5 second(s)

2019-03-19 11:58:38 - [MESSAGE][PASSED] - Delayed 5 second(s)

2019-03-19 11:58:38 - [TEST_STEP][PASSED] - Total = getText(findTestObject("Perolehan/002 Penyedia_RekodBaru/0022 Sah_Simpan/TotalAmaunPT")): Text of object 'Object Repository/Perolehan/002 Penyedia_RekodBaru/0022 Sah_Simpan/TotalAmaunPT' is: '4.88'

2019-03-19 11:58:38 - [MESSAGE][PASSED] - Text of object 'Object Repository/Perolehan/002 Penyedia_RekodBaru/0022 Sah_Simpan/TotalAmaunPT' is: '4.88'

2019-03-19 11:58:38 - [TEST_STEP][PASSED] - println(Total): null

2019-03-19 11:58:38 - [TEST_STEP][PASSED] - TotalAmaunPT = Total: null

2019-03-19 11:58:39 - [TEST_STEP][PASSED] - delay(3): Delayed 3 second(s)

2019-03-19 11:58:42 - [MESSAGE][PASSED] - Delayed 3 second(s)

2019-03-19 11:58:42 - [TEST_STEP][PASSED] - click(findTestObject("Perolehan/002 Penyedia_RekodBaru/0022 Sah_Simpan/button_Sah Simpan")): Object: 'Object Repository/Perolehan/002 Penyedia_RekodBaru/0022 Sah_Simpan/button_Sah Simpan' is clicked on

2019-03-19 11:58:42 - [MESSAGE][PASSED] - Object: 'Object Repository/Perolehan/002 Penyedia_RekodBaru/0022 Sah_Simpan/button_Sah Simpan' is clicked on

2019-03-19 11:58:42 - [TEST_STEP][PASSED] - click(findTestObject("Perolehan/002 Penyedia_RekodBaru/0022 Sah_Simpan/button_Ya_Sah_Simpan")): Object: 'Object Repository/Perolehan/002 Penyedia_RekodBaru/0022 Sah_Simpan/button_Ya_Sah_Simpan' is clicked on

2019-03-19 11:58:42 - [MESSAGE][PASSED] - Object: 'Object Repository/Perolehan/002 Penyedia_RekodBaru/0022 Sah_Simpan/button_Ya_Sah_Simpan' is clicked on

2019-03-19 11:58:42 - [TEST_STEP][PASSED] - delay(3): Delayed 3 second(s)

2019-03-19 11:58:45 - [MESSAGE][PASSED] - Delayed 3 second(s)

2019-03-19 11:58:45 - [TEST_STEP][PASSED] - waitForElementClickable(findTestObject("Perolehan/002 Penyedia_RekodBaru/0022 Sah_Simpan/button_OK_Sah_Simpan"), 60): Object 'Object Repository/Perolehan/002 Penyedia_RekodBaru/0022 Sah_Simpan/button_OK_Sah_Simpan' is clickable

2019-03-19 11:58:45 - [MESSAGE][PASSED] - Object 'Object Repository/Perolehan/002 Penyedia_RekodBaru/0022 Sah_Simpan/button_OK_Sah_Simpan' is clickable

2019-03-19 11:58:45 - [TEST_STEP][PASSED] - takeScreenshot(): Taking screenshot successfully

2019-03-19 11:58:46 - [MESSAGE][PASSED] - Taking screenshot successfully
[[ATTACHMENT|C:\\Users\\Consultant_MSPHitect\\Katalon Studio\\TrainingonKatalon\\Reports\\Perolehan\\01 Pesanan Tempatan Cara Bayaran EFT Tiada Pemfaktoran\\20190319_115557\\1552967925778.png]]

2019-03-19 11:58:46 - [TEST_STEP][PASSED] - PTRekodberjayaID = getText(findTestObject("Perolehan/002 Penyedia_RekodBaru/0022 Sah_Simpan/RekodBerjayadiSahSimpan")): Text of object 'Object Repository/Perolehan/002 Penyedia_RekodBaru/0022 Sah_Simpan/RekodBerjayadiSahSimpan' is: 'Rekod Telah Berjaya Di Sah Simpan. [ NO REKOD :19DAPT030100208 ]
Ok'

2019-03-19 11:58:46 - [MESSAGE][PASSED] - Text of object 'Object Repository/Perolehan/002 Penyedia_RekodBaru/0022 Sah_Simpan/RekodBerjayadiSahSimpan' is: 'Rekod Telah Berjaya Di Sah Simpan. [ NO REKOD :19DAPT030100208 ]
Ok'

2019-03-19 11:58:46 - [TEST_STEP][PASSED] - println(PTRekodberjayaID): null

2019-03-19 11:58:46 - [TEST_STEP][PASSED] - PTRekodID = PTRekodberjayaID[(47..61)]: null

2019-03-19 11:58:46 - [TEST_STEP][PASSED] - println(PTRekodID): null

2019-03-19 11:58:46 - [TEST_STEP][PASSED] - PesananTempatanRekodID = PTRekodID: null

2019-03-19 11:58:46 - [TEST_STEP][PASSED] - delay(3): Delayed 3 second(s)

2019-03-19 11:58:49 - [MESSAGE][PASSED] - Delayed 3 second(s)

2019-03-19 11:58:49 - [TEST_STEP][PASSED] - click(findTestObject("Perolehan/002 Penyedia_RekodBaru/0022 Sah_Simpan/button_OK_Sah_Simpan")): Object: 'Object Repository/Perolehan/002 Penyedia_RekodBaru/0022 Sah_Simpan/button_OK_Sah_Simpan' is clicked on

2019-03-19 11:58:49 - [MESSAGE][PASSED] - Object: 'Object Repository/Perolehan/002 Penyedia_RekodBaru/0022 Sah_Simpan/button_OK_Sah_Simpan' is clicked on

2019-03-19 11:58:49 - [TEST_STEP][PASSED] - closeBrowser(): Browser is closed

2019-03-19 11:58:49 - [MESSAGE][PASSED] - Browser is closed]]></system-out>
         <system-err><![CDATA[]]></system-err>
      </testcase>
      <testcase name="Test Cases/Perolehan/003 Pengesahan Pesanan Tempatan/Pengesahan" classname="Test Cases/Perolehan/003 Pengesahan Pesanan Tempatan/Pengesahan" status="PASSED">
         <system-out><![CDATA[2019-03-19 11:58:49 - [TEST_CASE][PASSED] - Test Cases/Perolehan/003 Pengesahan Pesanan Tempatan/Pengesahan: Test Cases/Perolehan/003 Pengesahan Pesanan Tempatan/Pengesahan

2019-03-19 11:58:50 - [TEST_STEP][PASSED] - reusablefunctions.reusablefunctions.openbrowser(): reusablefunctions.reusablefunctions.openbrowser is PASSED

2019-03-19 11:58:50 - [MESSAGE][INFO] - Starting 'Chrome' driver

2019-03-19 11:58:53 - [MESSAGE][PASSED] - Browser is opened with url: 'https://175.143.52.101:7011/1SPEKSv2/'

2019-03-19 11:58:53 - [MESSAGE][PASSED] - reusablefunctions.reusablefunctions.openbrowser is PASSED

2019-03-19 11:58:53 - [TEST_STEP][PASSED] - reusablefunctions.reusablefunctions.Login(findTestData("ispekstestdata").getValue(1, 2), findTestData("ispekstestdata").getValue(2, 2)): reusablefunctions.reusablefunctions.Login is PASSED

2019-03-19 11:58:53 - [MESSAGE][PASSED] - Text '601101955194' is set on object 'Object Repository/Login/input_NoKadPengenalan'

2019-03-19 11:58:53 - [MESSAGE][PASSED] - Text ****** has been set on object 'Object Repository/Login/input_Password'

2019-03-19 11:59:00 - [MESSAGE][PASSED] - Object: 'Object Repository/Login/input_ButtonLogMasuk' is clicked on

2019-03-19 11:59:10 - [MESSAGE][PASSED] - Delayed 10 second(s)

2019-03-19 11:59:10 - [MESSAGE][PASSED] - reusablefunctions.reusablefunctions.Login is PASSED

2019-03-19 11:59:10 - [TEST_STEP][PASSED] - reusablefunctions.reusablefunctions.PerananPengesahBN(): reusablefunctions.reusablefunctions.PerananPengesahBN is PASSED

2019-03-19 11:59:10 - [MESSAGE][PASSED] - Object: 'Object Repository/Perolehan/TukarPeranan/IconTukarPeranan' is clicked on

2019-03-19 11:59:10 - [MESSAGE][PASSED] - Object: 'Object Repository/Perolehan/TukarPeranan/input_TukarPengesahBN' is clicked on

2019-03-19 11:59:10 - [MESSAGE][PASSED] - Object: 'Object Repository/Perolehan/TukarPeranan/button_Ya' is clicked on

2019-03-19 11:59:30 - [MESSAGE][PASSED] - Delayed 20 second(s)

2019-03-19 11:59:33 - [MESSAGE][PASSED] - Text 'Peranan : [Pengesah] Peringkat : [BN]' is present on page 

2019-03-19 11:59:33 - [MESSAGE][PASSED] - reusablefunctions.reusablefunctions.PerananPengesahBN is PASSED

2019-03-19 11:59:33 - [TEST_STEP][PASSED] - doubleClick(findTestObject("Perolehan/003 Pengesah/Dashboard_To_Sah")): Object: 'Object Repository/Perolehan/003 Pengesah/Dashboard_To_Sah' is double clicked on

2019-03-19 11:59:33 - [MESSAGE][PASSED] - Object: 'Object Repository/Perolehan/003 Pengesah/Dashboard_To_Sah' is double clicked on

2019-03-19 11:59:33 - [TEST_STEP][PASSED] - delay(3): Delayed 3 second(s)

2019-03-19 11:59:36 - [MESSAGE][PASSED] - Delayed 3 second(s)

2019-03-19 11:59:36 - [TEST_STEP][PASSED] - setText(findTestObject("Perolehan/003 Pengesah/input_No_Rekod"), PesananTempatanRekodID): Text '19DAPT030100208' is set on object 'Object Repository/Perolehan/003 Pengesah/input_No_Rekod'

2019-03-19 11:59:36 - [MESSAGE][PASSED] - Text '19DAPT030100208' is set on object 'Object Repository/Perolehan/003 Pengesah/input_No_Rekod'

2019-03-19 11:59:36 - [TEST_STEP][PASSED] - doubleClick(findTestObject("Perolehan/003 Pengesah/Senarai_Tugas_Item_No_1", ["text":PesananTempatanRekodID])): Object: 'Object Repository/Perolehan/003 Pengesah/Senarai_Tugas_Item_No_1' is double clicked on

2019-03-19 11:59:37 - [MESSAGE][PASSED] - Object: 'Object Repository/Perolehan/003 Pengesah/Senarai_Tugas_Item_No_1' is double clicked on

2019-03-19 11:59:37 - [TEST_STEP][PASSED] - delay(3): Delayed 3 second(s)

2019-03-19 11:59:40 - [MESSAGE][PASSED] - Delayed 3 second(s)

2019-03-19 11:59:40 - [TEST_STEP][PASSED] - mydate = new java.util.Date(): null

2019-03-19 11:59:40 - [TEST_STEP][PASSED] - formattedDate = mydate.format("dd/MM/yyyy"): null

2019-03-19 11:59:40 - [TEST_STEP][PASSED] - formattedYear = mydate.format("yyyy"): null

2019-03-19 11:59:40 - [TEST_STEP][PASSED] - println(formattedDate): null

2019-03-19 11:59:40 - [TEST_STEP][PASSED] - println(formattedYear): null

2019-03-19 11:59:40 - [TEST_STEP][PASSED] - TahunKewangan = getText(findTestObject("Perolehan/003 Pengesah/Label_tahun_kewangan")): Text of object 'Object Repository/Perolehan/003 Pengesah/Label_tahun_kewangan' is: '2019'

2019-03-19 11:59:40 - [MESSAGE][PASSED] - Text of object 'Object Repository/Perolehan/003 Pengesah/Label_tahun_kewangan' is: '2019'

2019-03-19 11:59:40 - [TEST_STEP][PASSED] - verifyMatch(TahunKewangan, formattedYear, false): Actual text '2019' and expected text '2019' are matched 

2019-03-19 11:59:40 - [MESSAGE][PASSED] - Actual text '2019' and expected text '2019' are matched 

2019-03-19 11:59:40 - [TEST_STEP][PASSED] - TarikhSemasa = getText(findTestObject("Perolehan/003 Pengesah/Label_Tarikh_semasa")): Text of object 'Object Repository/Perolehan/003 Pengesah/Label_Tarikh_semasa' is: '19/03/2019'

2019-03-19 11:59:40 - [MESSAGE][PASSED] - Text of object 'Object Repository/Perolehan/003 Pengesah/Label_Tarikh_semasa' is: '19/03/2019'

2019-03-19 11:59:40 - [TEST_STEP][PASSED] - verifyMatch(TarikhSemasa, formattedDate, false): Actual text '19/03/2019' and expected text '19/03/2019' are matched 

2019-03-19 11:59:40 - [MESSAGE][PASSED] - Actual text '19/03/2019' and expected text '19/03/2019' are matched 

2019-03-19 11:59:40 - [TEST_STEP][PASSED] - delay(3): Delayed 3 second(s)

2019-03-19 11:59:43 - [MESSAGE][PASSED] - Delayed 3 second(s)

2019-03-19 11:59:43 - [TEST_STEP][PASSED] - jumlah = getText(findTestObject("Perolehan/003 Pengesah/label_Jumlah_pesanan_tempatan")): Text of object 'Object Repository/Perolehan/003 Pengesah/label_Jumlah_pesanan_tempatan' is: '4.88'

2019-03-19 11:59:43 - [MESSAGE][PASSED] - Text of object 'Object Repository/Perolehan/003 Pengesah/label_Jumlah_pesanan_tempatan' is: '4.88'

2019-03-19 11:59:43 - [TEST_STEP][PASSED] - println(jumlah): null

2019-03-19 11:59:43 - [TEST_STEP][PASSED] - verifyMatch(jumlah, TotalAmaunPT, false): Actual text '4.88' and expected text '4.88' are matched 

2019-03-19 11:59:43 - [MESSAGE][PASSED] - Actual text '4.88' and expected text '4.88' are matched 

2019-03-19 11:59:43 - [TEST_STEP][PASSED] - click(findTestObject("Perolehan/003 Pengesah/button_sah")): Object: 'Object Repository/Perolehan/003 Pengesah/button_sah' is clicked on

2019-03-19 11:59:43 - [MESSAGE][PASSED] - Object: 'Object Repository/Perolehan/003 Pengesah/button_sah' is clicked on

2019-03-19 11:59:43 - [TEST_STEP][PASSED] - delay(3): Delayed 3 second(s)

2019-03-19 11:59:46 - [MESSAGE][PASSED] - Delayed 3 second(s)

2019-03-19 11:59:46 - [TEST_STEP][PASSED] - click(findTestObject("Perolehan/003 Pengesah/Button_ya_sahkan")): Object: 'Object Repository/Perolehan/003 Pengesah/Button_ya_sahkan' is clicked on

2019-03-19 11:59:46 - [MESSAGE][PASSED] - Object: 'Object Repository/Perolehan/003 Pengesah/Button_ya_sahkan' is clicked on

2019-03-19 11:59:46 - [TEST_STEP][PASSED] - delay(5): Delayed 5 second(s)

2019-03-19 11:59:51 - [MESSAGE][PASSED] - Delayed 5 second(s)

2019-03-19 11:59:51 - [TEST_STEP][PASSED] - waitForElementClickable(findTestObject("Perolehan/003 Pengesah/button_OK_berjaya_disah"), 60): Object 'Object Repository/Perolehan/003 Pengesah/button_OK_berjaya_disah' is clickable

2019-03-19 11:59:51 - [MESSAGE][PASSED] - Object 'Object Repository/Perolehan/003 Pengesah/button_OK_berjaya_disah' is clickable

2019-03-19 11:59:51 - [TEST_STEP][PASSED] - delay(5): Delayed 5 second(s)

2019-03-19 11:59:56 - [MESSAGE][PASSED] - Delayed 5 second(s)

2019-03-19 11:59:56 - [TEST_STEP][PASSED] - click(findTestObject("Perolehan/003 Pengesah/button_OK_berjaya_disah")): Object: 'Object Repository/Perolehan/003 Pengesah/button_OK_berjaya_disah' is clicked on

2019-03-19 11:59:56 - [MESSAGE][PASSED] - Object: 'Object Repository/Perolehan/003 Pengesah/button_OK_berjaya_disah' is clicked on

2019-03-19 11:59:56 - [TEST_STEP][PASSED] - closeBrowser(): Browser is closed

2019-03-19 11:59:57 - [MESSAGE][PASSED] - Browser is closed]]></system-out>
         <system-err><![CDATA[]]></system-err>
      </testcase>
      <testcase name="Test Cases/Perolehan/004 Pelulus Pesanan Tempatan/Pelulus" classname="Test Cases/Perolehan/004 Pelulus Pesanan Tempatan/Pelulus" status="PASSED">
         <system-out><![CDATA[2019-03-19 11:59:57 - [TEST_CASE][PASSED] - Test Cases/Perolehan/004 Pelulus Pesanan Tempatan/Pelulus: Test Cases/Perolehan/004 Pelulus Pesanan Tempatan/Pelulus

2019-03-19 11:59:57 - [TEST_STEP][PASSED] - reusablefunctions.reusablefunctions.openbrowser(): reusablefunctions.reusablefunctions.openbrowser is PASSED

2019-03-19 11:59:57 - [MESSAGE][INFO] - Starting 'Chrome' driver

2019-03-19 12:00:00 - [MESSAGE][PASSED] - Browser is opened with url: 'https://175.143.52.101:7011/1SPEKSv2/'

2019-03-19 12:00:00 - [MESSAGE][PASSED] - reusablefunctions.reusablefunctions.openbrowser is PASSED

2019-03-19 12:00:00 - [TEST_STEP][PASSED] - reusablefunctions.reusablefunctions.Login(findTestData("ispekstestdata").getValue(1, 2), findTestData("ispekstestdata").getValue(2, 2)): reusablefunctions.reusablefunctions.Login is PASSED

2019-03-19 12:00:00 - [MESSAGE][PASSED] - Text '601101955194' is set on object 'Object Repository/Login/input_NoKadPengenalan'

2019-03-19 12:00:00 - [MESSAGE][PASSED] - Text ****** has been set on object 'Object Repository/Login/input_Password'

2019-03-19 12:00:07 - [MESSAGE][PASSED] - Object: 'Object Repository/Login/input_ButtonLogMasuk' is clicked on

2019-03-19 12:00:17 - [MESSAGE][PASSED] - Delayed 10 second(s)

2019-03-19 12:00:17 - [MESSAGE][PASSED] - reusablefunctions.reusablefunctions.Login is PASSED

2019-03-19 12:00:17 - [TEST_STEP][PASSED] - reusablefunctions.reusablefunctions.PerananPelulusPTJ(): reusablefunctions.reusablefunctions.PerananPelulusPTJ is PASSED

2019-03-19 12:00:17 - [MESSAGE][PASSED] - Object: 'Object Repository/Perolehan/TukarPeranan/IconTukarPeranan' is clicked on

2019-03-19 12:00:17 - [MESSAGE][PASSED] - Object: 'Object Repository/Perolehan/TukarPeranan/input_TukarPelulusPTJ' is clicked on

2019-03-19 12:00:17 - [MESSAGE][PASSED] - Object: 'Object Repository/Perolehan/TukarPeranan/button_Ya' is clicked on

2019-03-19 12:00:37 - [MESSAGE][PASSED] - Delayed 20 second(s)

2019-03-19 12:00:40 - [MESSAGE][PASSED] - Text 'Peranan : [Pelulus] Peringkat : [PTJ]' is present on page 

2019-03-19 12:00:40 - [MESSAGE][PASSED] - reusablefunctions.reusablefunctions.PerananPelulusPTJ is PASSED

2019-03-19 12:00:40 - [TEST_STEP][PASSED] - doubleClick(findTestObject("Perolehan/004 Pelulus/Dashboard_To_Lulus")): Object: 'Object Repository/Perolehan/004 Pelulus/Dashboard_To_Lulus' is double clicked on

2019-03-19 12:00:40 - [MESSAGE][PASSED] - Object: 'Object Repository/Perolehan/004 Pelulus/Dashboard_To_Lulus' is double clicked on

2019-03-19 12:00:40 - [TEST_STEP][PASSED] - delay(3): Delayed 3 second(s)

2019-03-19 12:00:43 - [MESSAGE][PASSED] - Delayed 3 second(s)

2019-03-19 12:00:43 - [TEST_STEP][PASSED] - setText(findTestObject("Perolehan/004 Pelulus/input_No_Rekod"), PesananTempatanRekodID): Text '19DAPT030100208' is set on object 'Object Repository/Perolehan/004 Pelulus/input_No_Rekod'

2019-03-19 12:00:44 - [MESSAGE][PASSED] - Text '19DAPT030100208' is set on object 'Object Repository/Perolehan/004 Pelulus/input_No_Rekod'

2019-03-19 12:00:44 - [TEST_STEP][PASSED] - doubleClick(findTestObject("Perolehan/004 Pelulus/Senarai_Tugas_Item_No_1", ["text":PesananTempatanRekodID])): Object: 'Object Repository/Perolehan/004 Pelulus/Senarai_Tugas_Item_No_1' is double clicked on

2019-03-19 12:00:44 - [MESSAGE][PASSED] - Object: 'Object Repository/Perolehan/004 Pelulus/Senarai_Tugas_Item_No_1' is double clicked on

2019-03-19 12:00:44 - [TEST_STEP][PASSED] - delay(3): Delayed 3 second(s)

2019-03-19 12:00:47 - [MESSAGE][PASSED] - Delayed 3 second(s)

2019-03-19 12:00:47 - [TEST_STEP][PASSED] - mydate = new java.util.Date(): null

2019-03-19 12:00:47 - [TEST_STEP][PASSED] - formattedDate = mydate.format("dd/MM/yyyy"): null

2019-03-19 12:00:47 - [TEST_STEP][PASSED] - formattedYear = mydate.format("yyyy"): null

2019-03-19 12:00:47 - [TEST_STEP][PASSED] - println(formattedDate): null

2019-03-19 12:00:47 - [TEST_STEP][PASSED] - println(formattedYear): null

2019-03-19 12:00:47 - [TEST_STEP][PASSED] - TahunKewangan = getText(findTestObject("Perolehan/003 Pengesah/Label_tahun_kewangan")): Text of object 'Object Repository/Perolehan/003 Pengesah/Label_tahun_kewangan' is: '2019'

2019-03-19 12:00:49 - [MESSAGE][PASSED] - Text of object 'Object Repository/Perolehan/003 Pengesah/Label_tahun_kewangan' is: '2019'

2019-03-19 12:00:49 - [TEST_STEP][PASSED] - verifyMatch(TahunKewangan, formattedYear, false): Actual text '2019' and expected text '2019' are matched 

2019-03-19 12:00:49 - [MESSAGE][PASSED] - Actual text '2019' and expected text '2019' are matched 

2019-03-19 12:00:49 - [TEST_STEP][PASSED] - TarikhSemasa = getText(findTestObject("Perolehan/003 Pengesah/Label_Tarikh_semasa")): Text of object 'Object Repository/Perolehan/003 Pengesah/Label_Tarikh_semasa' is: '19/03/2019'

2019-03-19 12:00:49 - [MESSAGE][PASSED] - Text of object 'Object Repository/Perolehan/003 Pengesah/Label_Tarikh_semasa' is: '19/03/2019'

2019-03-19 12:00:49 - [TEST_STEP][PASSED] - verifyMatch(TarikhSemasa, formattedDate, false): Actual text '19/03/2019' and expected text '19/03/2019' are matched 

2019-03-19 12:00:49 - [MESSAGE][PASSED] - Actual text '19/03/2019' and expected text '19/03/2019' are matched 

2019-03-19 12:00:49 - [TEST_STEP][PASSED] - delay(20): Delayed 20 second(s)

2019-03-19 12:01:09 - [MESSAGE][PASSED] - Delayed 20 second(s)

2019-03-19 12:01:09 - [TEST_STEP][PASSED] - jumlah = getText(findTestObject("Perolehan/003 Pengesah/label_Jumlah_pesanan_tempatan")): Text of object 'Object Repository/Perolehan/003 Pengesah/label_Jumlah_pesanan_tempatan' is: '4.88'

2019-03-19 12:01:09 - [MESSAGE][PASSED] - Text of object 'Object Repository/Perolehan/003 Pengesah/label_Jumlah_pesanan_tempatan' is: '4.88'

2019-03-19 12:01:09 - [TEST_STEP][PASSED] - delay(3): Delayed 3 second(s)

2019-03-19 12:01:12 - [MESSAGE][PASSED] - Delayed 3 second(s)

2019-03-19 12:01:12 - [TEST_STEP][PASSED] - println(jumlah): null

2019-03-19 12:01:12 - [TEST_STEP][PASSED] - verifyMatch(jumlah, TotalAmaunPT, false): Actual text '4.88' and expected text '4.88' are matched 

2019-03-19 12:01:12 - [MESSAGE][PASSED] - Actual text '4.88' and expected text '4.88' are matched 

2019-03-19 12:01:12 - [TEST_STEP][PASSED] - click(findTestObject("Perolehan/004 Pelulus/button_Lulus")): Object: 'Object Repository/Perolehan/004 Pelulus/button_Lulus' is clicked on

2019-03-19 12:01:12 - [MESSAGE][PASSED] - Object: 'Object Repository/Perolehan/004 Pelulus/button_Lulus' is clicked on

2019-03-19 12:01:12 - [TEST_STEP][PASSED] - click(findTestObject("Perolehan/004 Pelulus/button_ya_luluskan")): Object: 'Object Repository/Perolehan/004 Pelulus/button_ya_luluskan' is clicked on

2019-03-19 12:01:12 - [MESSAGE][PASSED] - Object: 'Object Repository/Perolehan/004 Pelulus/button_ya_luluskan' is clicked on

2019-03-19 12:01:12 - [TEST_STEP][PASSED] - delay(8): Delayed 8 second(s)

2019-03-19 12:01:20 - [MESSAGE][PASSED] - Delayed 8 second(s)

2019-03-19 12:01:20 - [TEST_STEP][PASSED] - waitForElementClickable(findTestObject("Perolehan/004 Pelulus/button_OK_Berjaya_lulus"), 180): Object 'Object Repository/Perolehan/004 Pelulus/button_OK_Berjaya_lulus' is clickable

2019-03-19 12:01:20 - [MESSAGE][PASSED] - Object 'Object Repository/Perolehan/004 Pelulus/button_OK_Berjaya_lulus' is clickable

2019-03-19 12:01:20 - [TEST_STEP][PASSED] - RekodBerjayaLulus = getText(findTestObject("Perolehan/004 Pelulus/RekodBerjayaLulus")): Text of object 'Object Repository/Perolehan/004 Pelulus/RekodBerjayaLulus' is: 'Rekod Telah Berjaya Diluluskan. [ NO DOKUMEN :19DAPT0300154 ]
Ok'

2019-03-19 12:01:21 - [MESSAGE][PASSED] - Text of object 'Object Repository/Perolehan/004 Pelulus/RekodBerjayaLulus' is: 'Rekod Telah Berjaya Diluluskan. [ NO DOKUMEN :19DAPT0300154 ]
Ok'

2019-03-19 12:01:21 - [TEST_STEP][PASSED] - println(RekodBerjayaLulus): null

2019-03-19 12:01:21 - [TEST_STEP][PASSED] - PTDokumenID = RekodBerjayaLulus[(46..58)]: null

2019-03-19 12:01:21 - [TEST_STEP][PASSED] - println(PTDokumenID): null

2019-03-19 12:01:21 - [TEST_STEP][PASSED] - PesananTempatanDokumenID = PTDokumenID: null

2019-03-19 12:01:21 - [TEST_STEP][PASSED] - delay(3): Delayed 3 second(s)

2019-03-19 12:01:24 - [MESSAGE][PASSED] - Delayed 3 second(s)

2019-03-19 12:01:24 - [TEST_STEP][PASSED] - click(findTestObject("Perolehan/004 Pelulus/button_OK_Berjaya_lulus")): Object: 'Object Repository/Perolehan/004 Pelulus/button_OK_Berjaya_lulus' is clicked on

2019-03-19 12:01:24 - [MESSAGE][PASSED] - Object: 'Object Repository/Perolehan/004 Pelulus/button_OK_Berjaya_lulus' is clicked on

2019-03-19 12:01:24 - [TEST_STEP][PASSED] - closeBrowser(): Browser is closed

2019-03-19 12:01:24 - [MESSAGE][PASSED] - Browser is closed]]></system-out>
         <system-err><![CDATA[]]></system-err>
      </testcase>
      <testcase name="Test Cases/Perolehan/005 Terimaan Barang Perkhidmatan/001 Proses Kemasukan Terimaan Barang - EFT" classname="Test Cases/Perolehan/005 Terimaan Barang Perkhidmatan/001 Proses Kemasukan Terimaan Barang - EFT" status="PASSED">
         <system-out><![CDATA[2019-03-19 12:01:24 - [TEST_CASE][PASSED] - Test Cases/Perolehan/005 Terimaan Barang Perkhidmatan/001 Proses Kemasukan Terimaan Barang - EFT: Test Cases/Perolehan/005 Terimaan Barang Perkhidmatan/001 Proses Kemasukan Terimaan Barang - EFT

2019-03-19 12:01:24 - [TEST_STEP][PASSED] - reusablefunctions.reusablefunctions.openbrowser(): reusablefunctions.reusablefunctions.openbrowser is PASSED

2019-03-19 12:01:24 - [MESSAGE][INFO] - Starting 'Chrome' driver

2019-03-19 12:01:27 - [MESSAGE][PASSED] - Browser is opened with url: 'https://175.143.52.101:7011/1SPEKSv2/'

2019-03-19 12:01:27 - [MESSAGE][PASSED] - reusablefunctions.reusablefunctions.openbrowser is PASSED

2019-03-19 12:01:27 - [TEST_STEP][PASSED] - reusablefunctions.reusablefunctions.Login(findTestData("ispekstestdata").getValue(1, 2), findTestData("ispekstestdata").getValue(2, 2)): reusablefunctions.reusablefunctions.Login is PASSED

2019-03-19 12:01:28 - [MESSAGE][PASSED] - Text '601101955194' is set on object 'Object Repository/Login/input_NoKadPengenalan'

2019-03-19 12:01:28 - [MESSAGE][PASSED] - Text ****** has been set on object 'Object Repository/Login/input_Password'

2019-03-19 12:01:34 - [MESSAGE][PASSED] - Object: 'Object Repository/Login/input_ButtonLogMasuk' is clicked on

2019-03-19 12:01:44 - [MESSAGE][PASSED] - Delayed 10 second(s)

2019-03-19 12:01:44 - [MESSAGE][PASSED] - reusablefunctions.reusablefunctions.Login is PASSED

2019-03-19 12:01:44 - [TEST_STEP][PASSED] - reusablefunctions.reusablefunctions.PerananPenyediaPTJ(): reusablefunctions.reusablefunctions.PerananPenyediaPTJ is PASSED

2019-03-19 12:01:44 - [MESSAGE][PASSED] - Object: 'Object Repository/Perolehan/TukarPeranan/IconTukarPeranan' is clicked on

2019-03-19 12:01:44 - [MESSAGE][PASSED] - Object: 'Object Repository/Perolehan/TukarPeranan/input_TukarPenyediaPTJ' is clicked on

2019-03-19 12:01:44 - [MESSAGE][PASSED] - Object: 'Object Repository/Perolehan/TukarPeranan/button_Ya' is clicked on

2019-03-19 12:02:04 - [MESSAGE][PASSED] - Delayed 20 second(s)

2019-03-19 12:02:06 - [MESSAGE][PASSED] - Text 'Peranan : [Penyedia] Peringkat : [PTJ]' is present on page 

2019-03-19 12:02:06 - [MESSAGE][PASSED] - reusablefunctions.reusablefunctions.PerananPenyediaPTJ is PASSED

2019-03-19 12:02:06 - [TEST_STEP][PASSED] - click(findTestObject("Perolehan/001 Left_Menu_Selection/a_ExpandMenuonLeft")): Object: 'Object Repository/Perolehan/001 Left_Menu_Selection/a_ExpandMenuonLeft' is clicked on

2019-03-19 12:02:07 - [MESSAGE][PASSED] - Object: 'Object Repository/Perolehan/001 Left_Menu_Selection/a_ExpandMenuonLeft' is clicked on

2019-03-19 12:02:07 - [TEST_STEP][PASSED] - delay(3, STOP_ON_FAILURE): Delayed 3 second(s)

2019-03-19 12:02:10 - [MESSAGE][PASSED] - Delayed 3 second(s)

2019-03-19 12:02:10 - [TEST_STEP][PASSED] - click(findTestObject("Perolehan/001 Left_Menu_Selection/div_ClickonPerolehan")): Object: 'Object Repository/Perolehan/001 Left_Menu_Selection/div_ClickonPerolehan' is clicked on

2019-03-19 12:02:10 - [MESSAGE][PASSED] - Object: 'Object Repository/Perolehan/001 Left_Menu_Selection/div_ClickonPerolehan' is clicked on

2019-03-19 12:02:10 - [TEST_STEP][PASSED] - delay(3, STOP_ON_FAILURE): Delayed 3 second(s)

2019-03-19 12:02:13 - [MESSAGE][PASSED] - Delayed 3 second(s)

2019-03-19 12:02:13 - [TEST_STEP][PASSED] - click(findTestObject("Perolehan/001 Left_Menu_Selection/div_Kemasukan_Terimaan_Barang")): Object: 'Object Repository/Perolehan/001 Left_Menu_Selection/div_Kemasukan_Terimaan_Barang' is clicked on

2019-03-19 12:02:13 - [MESSAGE][PASSED] - Object: 'Object Repository/Perolehan/001 Left_Menu_Selection/div_Kemasukan_Terimaan_Barang' is clicked on

2019-03-19 12:02:13 - [TEST_STEP][PASSED] - assert true: null

2019-03-19 12:02:13 - [TEST_STEP][PASSED] - delay(5): Delayed 5 second(s)

2019-03-19 12:02:18 - [MESSAGE][PASSED] - Delayed 5 second(s)

2019-03-19 12:02:18 - [TEST_STEP][PASSED] - click(findTestObject("Perolehan/005 Kemasukan Terimaan/button_REKOD BARU")): Object: 'Object Repository/Perolehan/005 Kemasukan Terimaan/button_REKOD BARU' is clicked on

2019-03-19 12:02:18 - [MESSAGE][PASSED] - Object: 'Object Repository/Perolehan/005 Kemasukan Terimaan/button_REKOD BARU' is clicked on

2019-03-19 12:02:18 - [TEST_STEP][PASSED] - delay(3): Delayed 3 second(s)

2019-03-19 12:02:21 - [MESSAGE][PASSED] - Delayed 3 second(s)

2019-03-19 12:02:21 - [TEST_STEP][PASSED] - click(findTestObject("Perolehan/005 Kemasukan Terimaan/Drop_down_No_Dokumen")): Object: 'Object Repository/Perolehan/005 Kemasukan Terimaan/Drop_down_No_Dokumen' is clicked on

2019-03-19 12:02:21 - [MESSAGE][PASSED] - Object: 'Object Repository/Perolehan/005 Kemasukan Terimaan/Drop_down_No_Dokumen' is clicked on

2019-03-19 12:02:21 - [TEST_STEP][PASSED] - delay(3): Delayed 3 second(s)

2019-03-19 12:02:24 - [MESSAGE][PASSED] - Delayed 3 second(s)

2019-03-19 12:02:24 - [TEST_STEP][PASSED] - setText(findTestObject("Perolehan/005 Kemasukan Terimaan/input_No_Dokumen_value"), PesananTempatanDokumenID): Text '19DAPT0300154' is set on object 'Object Repository/Perolehan/005 Kemasukan Terimaan/input_No_Dokumen_value'

2019-03-19 12:02:25 - [MESSAGE][PASSED] - Text '19DAPT0300154' is set on object 'Object Repository/Perolehan/005 Kemasukan Terimaan/input_No_Dokumen_value'

2019-03-19 12:02:25 - [TEST_STEP][PASSED] - delay(5): Delayed 5 second(s)

2019-03-19 12:02:30 - [MESSAGE][PASSED] - Delayed 5 second(s)

2019-03-19 12:02:30 - [TEST_STEP][PASSED] - click(findTestObject("Perolehan/005 Kemasukan Terimaan/select_No_Dokumen")): Object: 'Object Repository/Perolehan/005 Kemasukan Terimaan/select_No_Dokumen' is clicked on

2019-03-19 12:02:30 - [MESSAGE][PASSED] - Object: 'Object Repository/Perolehan/005 Kemasukan Terimaan/select_No_Dokumen' is clicked on

2019-03-19 12:02:30 - [TEST_STEP][PASSED] - delay(3): Delayed 3 second(s)

2019-03-19 12:02:33 - [MESSAGE][PASSED] - Delayed 3 second(s)

2019-03-19 12:02:33 - [TEST_STEP][PASSED] - click(findTestObject("Perolehan/005 Kemasukan Terimaan/button_Cari")): Object: 'Object Repository/Perolehan/005 Kemasukan Terimaan/button_Cari' is clicked on

2019-03-19 12:02:33 - [MESSAGE][PASSED] - Object: 'Object Repository/Perolehan/005 Kemasukan Terimaan/button_Cari' is clicked on

2019-03-19 12:02:33 - [TEST_STEP][PASSED] - delay(3): Delayed 3 second(s)

2019-03-19 12:02:36 - [MESSAGE][PASSED] - Delayed 3 second(s)

2019-03-19 12:02:36 - [TEST_STEP][PASSED] - click(findTestObject("Perolehan/005 Kemasukan Terimaan/OK_Rekod_Wujud")): Object: 'Object Repository/Perolehan/005 Kemasukan Terimaan/OK_Rekod_Wujud' is clicked on

2019-03-19 12:02:36 - [MESSAGE][PASSED] - Object: 'Object Repository/Perolehan/005 Kemasukan Terimaan/OK_Rekod_Wujud' is clicked on

2019-03-19 12:02:36 - [TEST_STEP][PASSED] - delay(3): Delayed 3 second(s)

2019-03-19 12:02:39 - [MESSAGE][PASSED] - Delayed 3 second(s)

2019-03-19 12:02:39 - [TEST_STEP][PASSED] - click(findTestObject("Perolehan/005 Kemasukan Terimaan/Drop_down_Jenis_Terimaan")): Object: 'Object Repository/Perolehan/005 Kemasukan Terimaan/Drop_down_Jenis_Terimaan' is clicked on

2019-03-19 12:02:39 - [MESSAGE][PASSED] - Object: 'Object Repository/Perolehan/005 Kemasukan Terimaan/Drop_down_Jenis_Terimaan' is clicked on

2019-03-19 12:02:39 - [TEST_STEP][PASSED] - click(findTestObject("Perolehan/005 Kemasukan Terimaan/select_TERIMAAN_BARANG_PENUH")): Object: 'Object Repository/Perolehan/005 Kemasukan Terimaan/select_TERIMAAN_BARANG_PENUH' is clicked on

2019-03-19 12:02:39 - [MESSAGE][PASSED] - Object: 'Object Repository/Perolehan/005 Kemasukan Terimaan/select_TERIMAAN_BARANG_PENUH' is clicked on

2019-03-19 12:02:39 - [TEST_STEP][PASSED] - setText(findTestObject("Perolehan/005 Kemasukan Terimaan/input_No_nota_penghantaran"), "Test Nota No 123"): Text 'Test Nota No 123' is set on object 'Object Repository/Perolehan/005 Kemasukan Terimaan/input_No_nota_penghantaran'

2019-03-19 12:02:39 - [MESSAGE][PASSED] - Text 'Test Nota No 123' is set on object 'Object Repository/Perolehan/005 Kemasukan Terimaan/input_No_nota_penghantaran'

2019-03-19 12:02:39 - [TEST_STEP][PASSED] - click(findTestObject("Perolehan/005 Kemasukan Terimaan/Date_Picker_Tarikh_Terimaan")): Object: 'Object Repository/Perolehan/005 Kemasukan Terimaan/Date_Picker_Tarikh_Terimaan' is clicked on

2019-03-19 12:02:39 - [MESSAGE][PASSED] - Object: 'Object Repository/Perolehan/005 Kemasukan Terimaan/Date_Picker_Tarikh_Terimaan' is clicked on

2019-03-19 12:02:39 - [TEST_STEP][PASSED] - click(findTestObject("Perolehan/005 Kemasukan Terimaan/Select_Today")): Object: 'Object Repository/Perolehan/005 Kemasukan Terimaan/Select_Today' is clicked on

2019-03-19 12:02:39 - [MESSAGE][PASSED] - Object: 'Object Repository/Perolehan/005 Kemasukan Terimaan/Select_Today' is clicked on

2019-03-19 12:02:39 - [TEST_STEP][PASSED] - delay(3): Delayed 3 second(s)

2019-03-19 12:02:42 - [MESSAGE][PASSED] - Delayed 3 second(s)

2019-03-19 12:02:42 - [TEST_STEP][PASSED] - doubleClick(findTestObject("Perolehan/005 Kemasukan Terimaan/Perihal_Barang - EFT")): Object: 'Object Repository/Perolehan/005 Kemasukan Terimaan/Perihal_Barang - EFT' is double clicked on

2019-03-19 12:02:42 - [MESSAGE][PASSED] - Object: 'Object Repository/Perolehan/005 Kemasukan Terimaan/Perihal_Barang - EFT' is double clicked on

2019-03-19 12:02:42 - [TEST_STEP][PASSED] - for (def index : (1..4)): Object: 'Object Repository/Perolehan/005 Kemasukan Terimaan/Spinner_up_Dihantar' is clicked on

2019-03-19 12:02:42 - [TEST_STEP][PASSED] - click(findTestObject("Perolehan/005 Kemasukan Terimaan/Spinner_up_Dihantar")): Object: 'Object Repository/Perolehan/005 Kemasukan Terimaan/Spinner_up_Dihantar' is clicked on

2019-03-19 12:02:43 - [MESSAGE][PASSED] - Object: 'Object Repository/Perolehan/005 Kemasukan Terimaan/Spinner_up_Dihantar' is clicked on

2019-03-19 12:02:43 - [TEST_STEP][PASSED] - click(findTestObject("Perolehan/005 Kemasukan Terimaan/Spinner_up_Dihantar")): Object: 'Object Repository/Perolehan/005 Kemasukan Terimaan/Spinner_up_Dihantar' is clicked on

2019-03-19 12:02:43 - [MESSAGE][PASSED] - Object: 'Object Repository/Perolehan/005 Kemasukan Terimaan/Spinner_up_Dihantar' is clicked on

2019-03-19 12:02:43 - [TEST_STEP][PASSED] - click(findTestObject("Perolehan/005 Kemasukan Terimaan/Spinner_up_Dihantar")): Object: 'Object Repository/Perolehan/005 Kemasukan Terimaan/Spinner_up_Dihantar' is clicked on

2019-03-19 12:02:43 - [MESSAGE][PASSED] - Object: 'Object Repository/Perolehan/005 Kemasukan Terimaan/Spinner_up_Dihantar' is clicked on

2019-03-19 12:02:43 - [TEST_STEP][PASSED] - click(findTestObject("Perolehan/005 Kemasukan Terimaan/Spinner_up_Dihantar")): Object: 'Object Repository/Perolehan/005 Kemasukan Terimaan/Spinner_up_Dihantar' is clicked on

2019-03-19 12:02:43 - [MESSAGE][PASSED] - Object: 'Object Repository/Perolehan/005 Kemasukan Terimaan/Spinner_up_Dihantar' is clicked on

2019-03-19 12:02:43 - [TEST_STEP][PASSED] - for (def index : (1..4)): Object: 'Object Repository/Perolehan/005 Kemasukan Terimaan/Spinner_up_Diterima' is clicked on

2019-03-19 12:02:43 - [TEST_STEP][PASSED] - click(findTestObject("Perolehan/005 Kemasukan Terimaan/Spinner_up_Diterima")): Object: 'Object Repository/Perolehan/005 Kemasukan Terimaan/Spinner_up_Diterima' is clicked on

2019-03-19 12:02:43 - [MESSAGE][PASSED] - Object: 'Object Repository/Perolehan/005 Kemasukan Terimaan/Spinner_up_Diterima' is clicked on

2019-03-19 12:02:43 - [TEST_STEP][PASSED] - click(findTestObject("Perolehan/005 Kemasukan Terimaan/Spinner_up_Diterima")): Object: 'Object Repository/Perolehan/005 Kemasukan Terimaan/Spinner_up_Diterima' is clicked on

2019-03-19 12:02:43 - [MESSAGE][PASSED] - Object: 'Object Repository/Perolehan/005 Kemasukan Terimaan/Spinner_up_Diterima' is clicked on

2019-03-19 12:02:43 - [TEST_STEP][PASSED] - click(findTestObject("Perolehan/005 Kemasukan Terimaan/Spinner_up_Diterima")): Object: 'Object Repository/Perolehan/005 Kemasukan Terimaan/Spinner_up_Diterima' is clicked on

2019-03-19 12:02:43 - [MESSAGE][PASSED] - Object: 'Object Repository/Perolehan/005 Kemasukan Terimaan/Spinner_up_Diterima' is clicked on

2019-03-19 12:02:43 - [TEST_STEP][PASSED] - click(findTestObject("Perolehan/005 Kemasukan Terimaan/Spinner_up_Diterima")): Object: 'Object Repository/Perolehan/005 Kemasukan Terimaan/Spinner_up_Diterima' is clicked on

2019-03-19 12:02:43 - [MESSAGE][PASSED] - Object: 'Object Repository/Perolehan/005 Kemasukan Terimaan/Spinner_up_Diterima' is clicked on

2019-03-19 12:02:43 - [TEST_STEP][PASSED] - click(findTestObject("Perolehan/005 Kemasukan Terimaan/button_Simpan")): Object: 'Object Repository/Perolehan/005 Kemasukan Terimaan/button_Simpan' is clicked on

2019-03-19 12:02:43 - [MESSAGE][PASSED] - Object: 'Object Repository/Perolehan/005 Kemasukan Terimaan/button_Simpan' is clicked on

2019-03-19 12:02:43 - [TEST_STEP][PASSED] - delay(3): Delayed 3 second(s)

2019-03-19 12:02:46 - [MESSAGE][PASSED] - Delayed 3 second(s)

2019-03-19 12:02:46 - [TEST_STEP][PASSED] - waitForElementClickable(findTestObject("Perolehan/005 Kemasukan Terimaan/button_OK_Rekod_disimpan"), 60): Object 'Object Repository/Perolehan/005 Kemasukan Terimaan/button_OK_Rekod_disimpan' is clickable

2019-03-19 12:02:46 - [MESSAGE][PASSED] - Object 'Object Repository/Perolehan/005 Kemasukan Terimaan/button_OK_Rekod_disimpan' is clickable

2019-03-19 12:02:46 - [TEST_STEP][PASSED] - click(findTestObject("Perolehan/005 Kemasukan Terimaan/button_OK_Rekod_disimpan")): Object: 'Object Repository/Perolehan/005 Kemasukan Terimaan/button_OK_Rekod_disimpan' is clicked on

2019-03-19 12:02:46 - [MESSAGE][PASSED] - Object: 'Object Repository/Perolehan/005 Kemasukan Terimaan/button_OK_Rekod_disimpan' is clicked on

2019-03-19 12:02:46 - [TEST_STEP][PASSED] - click(findTestObject("Perolehan/005 Kemasukan Terimaan/button_Sah_Simpan")): Object: 'Object Repository/Perolehan/005 Kemasukan Terimaan/button_Sah_Simpan' is clicked on

2019-03-19 12:02:46 - [MESSAGE][PASSED] - Object: 'Object Repository/Perolehan/005 Kemasukan Terimaan/button_Sah_Simpan' is clicked on

2019-03-19 12:02:46 - [TEST_STEP][PASSED] - click(findTestObject("Perolehan/005 Kemasukan Terimaan/button_Ya_Sah_Simpan")): Object: 'Object Repository/Perolehan/005 Kemasukan Terimaan/button_Ya_Sah_Simpan' is clicked on

2019-03-19 12:02:46 - [MESSAGE][PASSED] - Object: 'Object Repository/Perolehan/005 Kemasukan Terimaan/button_Ya_Sah_Simpan' is clicked on

2019-03-19 12:02:46 - [TEST_STEP][PASSED] - delay(3): Delayed 3 second(s)

2019-03-19 12:02:49 - [MESSAGE][PASSED] - Delayed 3 second(s)

2019-03-19 12:02:49 - [TEST_STEP][PASSED] - waitForElementClickable(findTestObject("Perolehan/005 Kemasukan Terimaan/button_OK_Rekod_disimpan"), 60): Object 'Object Repository/Perolehan/005 Kemasukan Terimaan/button_OK_Rekod_disimpan' is clickable

2019-03-19 12:02:49 - [MESSAGE][PASSED] - Object 'Object Repository/Perolehan/005 Kemasukan Terimaan/button_OK_Rekod_disimpan' is clickable

2019-03-19 12:02:49 - [TEST_STEP][PASSED] - takeScreenshot(): Taking screenshot successfully

2019-03-19 12:02:50 - [MESSAGE][PASSED] - Taking screenshot successfully
[[ATTACHMENT|C:\\Users\\Consultant_MSPHitect\\Katalon Studio\\TrainingonKatalon\\Reports\\Perolehan\\01 Pesanan Tempatan Cara Bayaran EFT Tiada Pemfaktoran\\20190319_115557\\1552968169872.png]]

2019-03-19 12:02:50 - [TEST_STEP][PASSED] - delay(3): Delayed 3 second(s)

2019-03-19 12:02:53 - [MESSAGE][PASSED] - Delayed 3 second(s)

2019-03-19 12:02:53 - [TEST_STEP][PASSED] - click(findTestObject("Perolehan/005 Kemasukan Terimaan/button_OK_Rekod_disimpan")): Object: 'Object Repository/Perolehan/005 Kemasukan Terimaan/button_OK_Rekod_disimpan' is clicked on

2019-03-19 12:02:53 - [MESSAGE][PASSED] - Object: 'Object Repository/Perolehan/005 Kemasukan Terimaan/button_OK_Rekod_disimpan' is clicked on

2019-03-19 12:02:53 - [TEST_STEP][PASSED] - closeBrowser(): Browser is closed

2019-03-19 12:02:53 - [MESSAGE][PASSED] - Browser is closed]]></system-out>
         <system-err><![CDATA[]]></system-err>
      </testcase>
      <testcase name="Test Cases/Perolehan/006 Arahan Bayaran/001 Arahan Bayaran - EFT" classname="Test Cases/Perolehan/006 Arahan Bayaran/001 Arahan Bayaran - EFT" status="PASSED">
         <system-out><![CDATA[2019-03-19 12:02:53 - [TEST_CASE][PASSED] - Test Cases/Perolehan/006 Arahan Bayaran/001 Arahan Bayaran - EFT: Test Cases/Perolehan/006 Arahan Bayaran/001 Arahan Bayaran - EFT

2019-03-19 12:02:54 - [TEST_STEP][PASSED] - reusablefunctions.reusablefunctions.openbrowser(): reusablefunctions.reusablefunctions.openbrowser is PASSED

2019-03-19 12:02:54 - [MESSAGE][INFO] - Starting 'Chrome' driver

2019-03-19 12:02:57 - [MESSAGE][PASSED] - Browser is opened with url: 'https://175.143.52.101:7011/1SPEKSv2/'

2019-03-19 12:02:57 - [MESSAGE][PASSED] - reusablefunctions.reusablefunctions.openbrowser is PASSED

2019-03-19 12:02:57 - [TEST_STEP][PASSED] - reusablefunctions.reusablefunctions.Login(findTestData("ispekstestdata").getValue(1, 2), findTestData("ispekstestdata").getValue(2, 2)): reusablefunctions.reusablefunctions.Login is PASSED

2019-03-19 12:02:57 - [MESSAGE][PASSED] - Text '601101955194' is set on object 'Object Repository/Login/input_NoKadPengenalan'

2019-03-19 12:02:57 - [MESSAGE][PASSED] - Text ****** has been set on object 'Object Repository/Login/input_Password'

2019-03-19 12:03:04 - [MESSAGE][PASSED] - Object: 'Object Repository/Login/input_ButtonLogMasuk' is clicked on

2019-03-19 12:03:14 - [MESSAGE][PASSED] - Delayed 10 second(s)

2019-03-19 12:03:14 - [MESSAGE][PASSED] - reusablefunctions.reusablefunctions.Login is PASSED

2019-03-19 12:03:14 - [TEST_STEP][PASSED] - delay(3): Delayed 3 second(s)

2019-03-19 12:03:17 - [MESSAGE][PASSED] - Delayed 3 second(s)

2019-03-19 12:03:17 - [TEST_STEP][PASSED] - reusablefunctions.reusablefunctions.PerananPenyediaPTJ(): reusablefunctions.reusablefunctions.PerananPenyediaPTJ is PASSED

2019-03-19 12:03:17 - [MESSAGE][PASSED] - Object: 'Object Repository/Perolehan/TukarPeranan/IconTukarPeranan' is clicked on

2019-03-19 12:03:17 - [MESSAGE][PASSED] - Object: 'Object Repository/Perolehan/TukarPeranan/input_TukarPenyediaPTJ' is clicked on

2019-03-19 12:03:17 - [MESSAGE][PASSED] - Object: 'Object Repository/Perolehan/TukarPeranan/button_Ya' is clicked on

2019-03-19 12:03:37 - [MESSAGE][PASSED] - Delayed 20 second(s)

2019-03-19 12:03:40 - [MESSAGE][PASSED] - Text 'Peranan : [Penyedia] Peringkat : [PTJ]' is present on page 

2019-03-19 12:03:40 - [MESSAGE][PASSED] - reusablefunctions.reusablefunctions.PerananPenyediaPTJ is PASSED

2019-03-19 12:03:40 - [TEST_STEP][PASSED] - click(findTestObject("Perolehan/001 Left_Menu_Selection/a_ExpandMenuonLeft")): Object: 'Object Repository/Perolehan/001 Left_Menu_Selection/a_ExpandMenuonLeft' is clicked on

2019-03-19 12:03:40 - [MESSAGE][PASSED] - Object: 'Object Repository/Perolehan/001 Left_Menu_Selection/a_ExpandMenuonLeft' is clicked on

2019-03-19 12:03:40 - [TEST_STEP][PASSED] - delay(3, STOP_ON_FAILURE): Delayed 3 second(s)

2019-03-19 12:03:43 - [MESSAGE][PASSED] - Delayed 3 second(s)

2019-03-19 12:03:43 - [TEST_STEP][PASSED] - click(findTestObject("Perolehan/001 Left_Menu_Selection/div_PanelTitlePerolehan")): Object: 'Object Repository/Perolehan/001 Left_Menu_Selection/div_PanelTitlePerolehan' is clicked on

2019-03-19 12:03:43 - [MESSAGE][PASSED] - Object: 'Object Repository/Perolehan/001 Left_Menu_Selection/div_PanelTitlePerolehan' is clicked on

2019-03-19 12:03:43 - [TEST_STEP][PASSED] - delay(3, STOP_ON_FAILURE): Delayed 3 second(s)

2019-03-19 12:03:46 - [MESSAGE][PASSED] - Delayed 3 second(s)

2019-03-19 12:03:46 - [TEST_STEP][PASSED] - click(findTestObject("Perolehan/001 Left_Menu_Selection/div_Menu_ArahanBayaran")): Object: 'Object Repository/Perolehan/001 Left_Menu_Selection/div_Menu_ArahanBayaran' is clicked on

2019-03-19 12:03:46 - [MESSAGE][PASSED] - Object: 'Object Repository/Perolehan/001 Left_Menu_Selection/div_Menu_ArahanBayaran' is clicked on

2019-03-19 12:03:46 - [TEST_STEP][PASSED] - assert true: null

2019-03-19 12:03:46 - [TEST_STEP][PASSED] - delay(3): Delayed 3 second(s)

2019-03-19 12:03:49 - [MESSAGE][PASSED] - Delayed 3 second(s)

2019-03-19 12:03:49 - [TEST_STEP][PASSED] - click(findTestObject("Perolehan/006 Arahan Bayaran/button_REKOD_BARU")): Object: 'Object Repository/Perolehan/006 Arahan Bayaran/button_REKOD_BARU' is clicked on

2019-03-19 12:03:49 - [MESSAGE][PASSED] - Object: 'Object Repository/Perolehan/006 Arahan Bayaran/button_REKOD_BARU' is clicked on

2019-03-19 12:03:49 - [TEST_STEP][PASSED] - delay(3): Delayed 3 second(s)

2019-03-19 12:03:52 - [MESSAGE][PASSED] - Delayed 3 second(s)

2019-03-19 12:03:52 - [TEST_STEP][PASSED] - click(findTestObject("Perolehan/006 Arahan Bayaran/Drop_Down_Jenis_Baucar_Bayaran"), STOP_ON_FAILURE): Object: 'Object Repository/Perolehan/006 Arahan Bayaran/Drop_Down_Jenis_Baucar_Bayaran' is clicked on

2019-03-19 12:03:52 - [MESSAGE][PASSED] - Object: 'Object Repository/Perolehan/006 Arahan Bayaran/Drop_Down_Jenis_Baucar_Bayaran' is clicked on

2019-03-19 12:03:52 - [TEST_STEP][PASSED] - delay(3): Delayed 3 second(s)

2019-03-19 12:03:55 - [MESSAGE][PASSED] - Delayed 3 second(s)

2019-03-19 12:03:55 - [TEST_STEP][PASSED] - click(findTestObject("Perolehan/006 Arahan Bayaran/Select_Kod_Jenis_Baucar_Bayaran")): Object: 'Object Repository/Perolehan/006 Arahan Bayaran/Select_Kod_Jenis_Baucar_Bayaran' is clicked on

2019-03-19 12:03:56 - [MESSAGE][PASSED] - Object: 'Object Repository/Perolehan/006 Arahan Bayaran/Select_Kod_Jenis_Baucar_Bayaran' is clicked on

2019-03-19 12:03:56 - [TEST_STEP][PASSED] - delay(3): Delayed 3 second(s)

2019-03-19 12:03:59 - [MESSAGE][PASSED] - Delayed 3 second(s)

2019-03-19 12:03:59 - [TEST_STEP][PASSED] - click(findTestObject("Perolehan/006 Arahan Bayaran/Drop_Down_Nama_Pembekal")): Object: 'Object Repository/Perolehan/006 Arahan Bayaran/Drop_Down_Nama_Pembekal' is clicked on

2019-03-19 12:03:59 - [MESSAGE][PASSED] - Object: 'Object Repository/Perolehan/006 Arahan Bayaran/Drop_Down_Nama_Pembekal' is clicked on

2019-03-19 12:03:59 - [TEST_STEP][PASSED] - delay(3): Delayed 3 second(s)

2019-03-19 12:04:02 - [MESSAGE][PASSED] - Delayed 3 second(s)

2019-03-19 12:04:02 - [TEST_STEP][PASSED] - click(findTestObject("Perolehan/006 Arahan Bayaran/Select_Nama_Pembekal")): Object: 'Object Repository/Perolehan/006 Arahan Bayaran/Select_Nama_Pembekal' is clicked on

2019-03-19 12:04:02 - [MESSAGE][PASSED] - Object: 'Object Repository/Perolehan/006 Arahan Bayaran/Select_Nama_Pembekal' is clicked on

2019-03-19 12:04:02 - [TEST_STEP][PASSED] - delay(5): Delayed 5 second(s)

2019-03-19 12:04:07 - [MESSAGE][PASSED] - Delayed 5 second(s)

2019-03-19 12:04:07 - [TEST_STEP][PASSED] - mydate = new java.util.Date(): null

2019-03-19 12:04:07 - [TEST_STEP][PASSED] - setText(findTestObject("Perolehan/006 Arahan Bayaran/input_Perihal"), "This is a test for Arahan Bayaran Julia " + mydate): Text 'This is a test for Arahan Bayaran Julia Tue Mar 19 12:04:07 SGT 2019' is set on object 'Object Repository/Perolehan/006 Arahan Bayaran/input_Perihal'

2019-03-19 12:04:07 - [MESSAGE][PASSED] - Text 'This is a test for Arahan Bayaran Julia Tue Mar 19 12:04:07 SGT 2019' is set on object 'Object Repository/Perolehan/006 Arahan Bayaran/input_Perihal'

2019-03-19 12:04:07 - [TEST_STEP][PASSED] - delay(3): Delayed 3 second(s)

2019-03-19 12:04:10 - [MESSAGE][PASSED] - Delayed 3 second(s)

2019-03-19 12:04:10 - [TEST_STEP][PASSED] - doubleClick(findTestObject("Perolehan/006 Arahan Bayaran/Maklumat_Terimaan_Barang_line_1")): Object: 'Object Repository/Perolehan/006 Arahan Bayaran/Maklumat_Terimaan_Barang_line_1' is double clicked on

2019-03-19 12:04:11 - [MESSAGE][PASSED] - Object: 'Object Repository/Perolehan/006 Arahan Bayaran/Maklumat_Terimaan_Barang_line_1' is double clicked on

2019-03-19 12:04:11 - [TEST_STEP][PASSED] - delay(3): Delayed 3 second(s)

2019-03-19 12:04:14 - [MESSAGE][PASSED] - Delayed 3 second(s)

2019-03-19 12:04:14 - [TEST_STEP][PASSED] - RN = Math.random() * 10000: null

2019-03-19 12:04:14 - [TEST_STEP][PASSED] - println(RN): null

2019-03-19 12:04:14 - [TEST_STEP][PASSED] - setText(findTestObject("Perolehan/006 Arahan Bayaran/input_No_Invois"), "INV0" + RN): Text 'INV06995' is set on object 'Object Repository/Perolehan/006 Arahan Bayaran/input_No_Invois'

2019-03-19 12:04:14 - [MESSAGE][PASSED] - Text 'INV06995' is set on object 'Object Repository/Perolehan/006 Arahan Bayaran/input_No_Invois'

2019-03-19 12:04:14 - [TEST_STEP][PASSED] - delay(3): Delayed 3 second(s)

2019-03-19 12:04:17 - [MESSAGE][PASSED] - Delayed 3 second(s)

2019-03-19 12:04:17 - [TEST_STEP][PASSED] - setText(findTestObject("Perolehan/006 Arahan Bayaran/input_Amaun_Invois_RM"), TotalAmaunPT): Text '4.88' is set on object 'Object Repository/Perolehan/006 Arahan Bayaran/input_Amaun_Invois_RM'

2019-03-19 12:04:17 - [MESSAGE][PASSED] - Text '4.88' is set on object 'Object Repository/Perolehan/006 Arahan Bayaran/input_Amaun_Invois_RM'

2019-03-19 12:04:17 - [TEST_STEP][PASSED] - delay(3): Delayed 3 second(s)

2019-03-19 12:04:20 - [MESSAGE][PASSED] - Delayed 3 second(s)

2019-03-19 12:04:20 - [TEST_STEP][PASSED] - click(findTestObject("Perolehan/006 Arahan Bayaran/Label_Tarikh_Invois")): Object: 'Object Repository/Perolehan/006 Arahan Bayaran/Label_Tarikh_Invois' is clicked on

2019-03-19 12:04:20 - [MESSAGE][PASSED] - Object: 'Object Repository/Perolehan/006 Arahan Bayaran/Label_Tarikh_Invois' is clicked on

2019-03-19 12:04:20 - [TEST_STEP][PASSED] - click(findTestObject("Perolehan/006 Arahan Bayaran/a_Tarikh_Invois"), STOP_ON_FAILURE): Object: 'Object Repository/Perolehan/006 Arahan Bayaran/a_Tarikh_Invois' is clicked on

2019-03-19 12:04:20 - [MESSAGE][PASSED] - Object: 'Object Repository/Perolehan/006 Arahan Bayaran/a_Tarikh_Invois' is clicked on

2019-03-19 12:04:20 - [TEST_STEP][PASSED] - delay(2): Delayed 2 second(s)

2019-03-19 12:04:22 - [MESSAGE][PASSED] - Delayed 2 second(s)

2019-03-19 12:04:22 - [TEST_STEP][PASSED] - click(findTestObject("Perolehan/006 Arahan Bayaran/a_Today_Tarikh_Invois"), STOP_ON_FAILURE): Object: 'Object Repository/Perolehan/006 Arahan Bayaran/a_Today_Tarikh_Invois' is clicked on

2019-03-19 12:04:22 - [MESSAGE][PASSED] - Object: 'Object Repository/Perolehan/006 Arahan Bayaran/a_Today_Tarikh_Invois' is clicked on

2019-03-19 12:04:22 - [TEST_STEP][PASSED] - click(findTestObject("Perolehan/006 Arahan Bayaran/a_Tarikh Terima Oleh Kewangan"), STOP_ON_FAILURE): Object: 'Object Repository/Perolehan/006 Arahan Bayaran/a_Tarikh Terima Oleh Kewangan' is clicked on

2019-03-19 12:04:22 - [MESSAGE][PASSED] - Object: 'Object Repository/Perolehan/006 Arahan Bayaran/a_Tarikh Terima Oleh Kewangan' is clicked on

2019-03-19 12:04:22 - [TEST_STEP][PASSED] - delay(2): Delayed 2 second(s)

2019-03-19 12:04:24 - [MESSAGE][PASSED] - Delayed 2 second(s)

2019-03-19 12:04:24 - [TEST_STEP][PASSED] - click(findTestObject("Perolehan/006 Arahan Bayaran/a_Today_Tarikh_Terima_Oleh_Kewangan"), STOP_ON_FAILURE): Object: 'Object Repository/Perolehan/006 Arahan Bayaran/a_Today_Tarikh_Terima_Oleh_Kewangan' is clicked on

2019-03-19 12:04:24 - [MESSAGE][PASSED] - Object: 'Object Repository/Perolehan/006 Arahan Bayaran/a_Today_Tarikh_Terima_Oleh_Kewangan' is clicked on

2019-03-19 12:04:24 - [TEST_STEP][PASSED] - click(findTestObject("Perolehan/006 Arahan Bayaran/button_Save_Maklumat_Terima_Barang")): Object: 'Object Repository/Perolehan/006 Arahan Bayaran/button_Save_Maklumat_Terima_Barang' is clicked on

2019-03-19 12:04:24 - [MESSAGE][PASSED] - Object: 'Object Repository/Perolehan/006 Arahan Bayaran/button_Save_Maklumat_Terima_Barang' is clicked on

2019-03-19 12:04:24 - [TEST_STEP][PASSED] - click(findTestObject("Perolehan/006 Arahan Bayaran/button_Simpan")): Object: 'Object Repository/Perolehan/006 Arahan Bayaran/button_Simpan' is clicked on

2019-03-19 12:04:25 - [MESSAGE][PASSED] - Object: 'Object Repository/Perolehan/006 Arahan Bayaran/button_Simpan' is clicked on

2019-03-19 12:04:25 - [TEST_STEP][PASSED] - click(findTestObject("Perolehan/006 Arahan Bayaran/button_Ya_Simpan")): Object: 'Object Repository/Perolehan/006 Arahan Bayaran/button_Ya_Simpan' is clicked on

2019-03-19 12:04:25 - [MESSAGE][PASSED] - Object: 'Object Repository/Perolehan/006 Arahan Bayaran/button_Ya_Simpan' is clicked on

2019-03-19 12:04:25 - [TEST_STEP][PASSED] - delay(3): Delayed 3 second(s)

2019-03-19 12:04:28 - [MESSAGE][PASSED] - Delayed 3 second(s)

2019-03-19 12:04:28 - [TEST_STEP][PASSED] - click(findTestObject("Perolehan/006 Arahan Bayaran/button_OK_Rekod_telah_simpan")): Object: 'Object Repository/Perolehan/006 Arahan Bayaran/button_OK_Rekod_telah_simpan' is clicked on

2019-03-19 12:04:28 - [MESSAGE][PASSED] - Object: 'Object Repository/Perolehan/006 Arahan Bayaran/button_OK_Rekod_telah_simpan' is clicked on

2019-03-19 12:04:28 - [TEST_STEP][PASSED] - click(findTestObject("Perolehan/006 Arahan Bayaran/button_Senarai_Semak")): Object: 'Object Repository/Perolehan/006 Arahan Bayaran/button_Senarai_Semak' is clicked on

2019-03-19 12:04:28 - [MESSAGE][PASSED] - Object: 'Object Repository/Perolehan/006 Arahan Bayaran/button_Senarai_Semak' is clicked on

2019-03-19 12:04:28 - [TEST_STEP][PASSED] - check(findTestObject("Perolehan/006 Arahan Bayaran/Senarai_Semak_check_no_1")): Object 'Object Repository/Perolehan/006 Arahan Bayaran/Senarai_Semak_check_no_1' is checked

2019-03-19 12:04:29 - [MESSAGE][PASSED] - Object 'Object Repository/Perolehan/006 Arahan Bayaran/Senarai_Semak_check_no_1' is checked

2019-03-19 12:04:29 - [TEST_STEP][PASSED] - click(findTestObject("Perolehan/006 Arahan Bayaran/button_senarai_Semak_simpan")): Object: 'Object Repository/Perolehan/006 Arahan Bayaran/button_senarai_Semak_simpan' is clicked on

2019-03-19 12:04:29 - [MESSAGE][PASSED] - Object: 'Object Repository/Perolehan/006 Arahan Bayaran/button_senarai_Semak_simpan' is clicked on

2019-03-19 12:04:29 - [TEST_STEP][PASSED] - delay(3): Delayed 3 second(s)

2019-03-19 12:04:32 - [MESSAGE][PASSED] - Delayed 3 second(s)

2019-03-19 12:04:32 - [TEST_STEP][PASSED] - click(findTestObject("Perolehan/006 Arahan Bayaran/button_OK_Rekod_telah_simpan")): Object: 'Object Repository/Perolehan/006 Arahan Bayaran/button_OK_Rekod_telah_simpan' is clicked on

2019-03-19 12:04:32 - [MESSAGE][PASSED] - Object: 'Object Repository/Perolehan/006 Arahan Bayaran/button_OK_Rekod_telah_simpan' is clicked on

2019-03-19 12:04:32 - [TEST_STEP][PASSED] - click(findTestObject("Perolehan/006 Arahan Bayaran/Senarai_Semak_X_close")): Object: 'Object Repository/Perolehan/006 Arahan Bayaran/Senarai_Semak_X_close' is clicked on

2019-03-19 12:04:32 - [MESSAGE][PASSED] - Object: 'Object Repository/Perolehan/006 Arahan Bayaran/Senarai_Semak_X_close' is clicked on

2019-03-19 12:04:32 - [TEST_STEP][PASSED] - click(findTestObject("Perolehan/006 Arahan Bayaran/button_Sah_Simpan")): Object: 'Object Repository/Perolehan/006 Arahan Bayaran/button_Sah_Simpan' is clicked on

2019-03-19 12:04:32 - [MESSAGE][PASSED] - Object: 'Object Repository/Perolehan/006 Arahan Bayaran/button_Sah_Simpan' is clicked on

2019-03-19 12:04:32 - [TEST_STEP][PASSED] - click(findTestObject("Perolehan/006 Arahan Bayaran/button_Ya_Simpan")): Object: 'Object Repository/Perolehan/006 Arahan Bayaran/button_Ya_Simpan' is clicked on

2019-03-19 12:04:32 - [MESSAGE][PASSED] - Object: 'Object Repository/Perolehan/006 Arahan Bayaran/button_Ya_Simpan' is clicked on

2019-03-19 12:04:32 - [TEST_STEP][PASSED] - delay(3): Delayed 3 second(s)

2019-03-19 12:04:35 - [MESSAGE][PASSED] - Delayed 3 second(s)

2019-03-19 12:04:35 - [TEST_STEP][PASSED] - takeScreenshot(): Taking screenshot successfully

2019-03-19 12:04:36 - [MESSAGE][PASSED] - Taking screenshot successfully
[[ATTACHMENT|C:\\Users\\Consultant_MSPHitect\\Katalon Studio\\TrainingonKatalon\\Reports\\Perolehan\\01 Pesanan Tempatan Cara Bayaran EFT Tiada Pemfaktoran\\20190319_115557\\1552968275661.png]]

2019-03-19 12:04:36 - [TEST_STEP][PASSED] - attribute = getText(findTestObject("Perolehan/006 Arahan Bayaran/Get_Arahan_Bayaran_RekodID")): Text of object 'Object Repository/Perolehan/006 Arahan Bayaran/Get_Arahan_Bayaran_RekodID' is: 'Rekod Telah Berjaya Disah Simpan. [ NO REKOD :19DAAB030100107 ]
Ok'

2019-03-19 12:04:36 - [MESSAGE][PASSED] - Text of object 'Object Repository/Perolehan/006 Arahan Bayaran/Get_Arahan_Bayaran_RekodID' is: 'Rekod Telah Berjaya Disah Simpan. [ NO REKOD :19DAAB030100107 ]
Ok'

2019-03-19 12:04:36 - [TEST_STEP][PASSED] - println(attribute): null

2019-03-19 12:04:36 - [TEST_STEP][PASSED] - ArahanBayaranID = attribute[(46..60)]: null

2019-03-19 12:04:36 - [TEST_STEP][PASSED] - println(ArahanBayaranID): null

2019-03-19 12:04:36 - [TEST_STEP][PASSED] - ArahanBayaranRekodID = ArahanBayaranID: null

2019-03-19 12:04:36 - [TEST_STEP][PASSED] - delay(3): Delayed 3 second(s)

2019-03-19 12:04:39 - [MESSAGE][PASSED] - Delayed 3 second(s)

2019-03-19 12:04:39 - [TEST_STEP][PASSED] - click(findTestObject("Perolehan/006 Arahan Bayaran/button_OK_Rekod_telah_simpan")): Object: 'Object Repository/Perolehan/006 Arahan Bayaran/button_OK_Rekod_telah_simpan' is clicked on

2019-03-19 12:04:39 - [MESSAGE][PASSED] - Object: 'Object Repository/Perolehan/006 Arahan Bayaran/button_OK_Rekod_telah_simpan' is clicked on

2019-03-19 12:04:39 - [TEST_STEP][PASSED] - closeBrowser(): Browser is closed

2019-03-19 12:04:40 - [MESSAGE][PASSED] - Browser is closed]]></system-out>
         <system-err><![CDATA[]]></system-err>
      </testcase>
      <testcase name="Test Cases/Perolehan/006 Arahan Bayaran/005 Penyemak Pesanan Tempatan" classname="Test Cases/Perolehan/006 Arahan Bayaran/005 Penyemak Pesanan Tempatan" status="PASSED">
         <system-out><![CDATA[2019-03-19 12:04:40 - [TEST_CASE][PASSED] - Test Cases/Perolehan/006 Arahan Bayaran/005 Penyemak Pesanan Tempatan: Test Cases/Perolehan/006 Arahan Bayaran/005 Penyemak Pesanan Tempatan

2019-03-19 12:04:40 - [TEST_STEP][PASSED] - reusablefunctions.reusablefunctions.openbrowser(): reusablefunctions.reusablefunctions.openbrowser is PASSED

2019-03-19 12:04:40 - [MESSAGE][INFO] - Starting 'Chrome' driver

2019-03-19 12:04:43 - [MESSAGE][PASSED] - Browser is opened with url: 'https://175.143.52.101:7011/1SPEKSv2/'

2019-03-19 12:04:43 - [MESSAGE][PASSED] - reusablefunctions.reusablefunctions.openbrowser is PASSED

2019-03-19 12:04:43 - [TEST_STEP][PASSED] - reusablefunctions.reusablefunctions.Login(findTestData("ispekstestdata").getValue(1, 2), findTestData("ispekstestdata").getValue(2, 2)): reusablefunctions.reusablefunctions.Login is PASSED

2019-03-19 12:04:43 - [MESSAGE][PASSED] - Text '601101955194' is set on object 'Object Repository/Login/input_NoKadPengenalan'

2019-03-19 12:04:43 - [MESSAGE][PASSED] - Text ****** has been set on object 'Object Repository/Login/input_Password'

2019-03-19 12:04:50 - [MESSAGE][PASSED] - Object: 'Object Repository/Login/input_ButtonLogMasuk' is clicked on

2019-03-19 12:05:00 - [MESSAGE][PASSED] - Delayed 10 second(s)

2019-03-19 12:05:00 - [MESSAGE][PASSED] - reusablefunctions.reusablefunctions.Login is PASSED

2019-03-19 12:05:00 - [TEST_STEP][PASSED] - reusablefunctions.reusablefunctions.PerananPenyemakPTJ(): reusablefunctions.reusablefunctions.PerananPenyemakPTJ is PASSED

2019-03-19 12:05:00 - [MESSAGE][PASSED] - Object: 'Object Repository/Perolehan/TukarPeranan/IconTukarPeranan' is clicked on

2019-03-19 12:05:00 - [MESSAGE][PASSED] - Object: 'Object Repository/Perolehan/TukarPeranan/input_TukarPenyemakPTJ' is clicked on

2019-03-19 12:05:00 - [MESSAGE][PASSED] - Object: 'Object Repository/Perolehan/TukarPeranan/button_Ya' is clicked on

2019-03-19 12:05:20 - [MESSAGE][PASSED] - Delayed 20 second(s)

2019-03-19 12:05:23 - [MESSAGE][PASSED] - Text 'Peranan : [Penyemak] Peringkat : [PTJ]' is present on page 

2019-03-19 12:05:23 - [MESSAGE][PASSED] - reusablefunctions.reusablefunctions.PerananPenyemakPTJ is PASSED

2019-03-19 12:05:23 - [TEST_STEP][PASSED] - doubleClick(findTestObject("Perolehan/006 Arahan Bayaran/003 Penyemak/Dashboard_Senarai_Semak")): Object: 'Object Repository/Perolehan/006 Arahan Bayaran/003 Penyemak/Dashboard_Senarai_Semak' is double clicked on

2019-03-19 12:05:23 - [MESSAGE][PASSED] - Object: 'Object Repository/Perolehan/006 Arahan Bayaran/003 Penyemak/Dashboard_Senarai_Semak' is double clicked on

2019-03-19 12:05:23 - [TEST_STEP][PASSED] - delay(3): Delayed 3 second(s)

2019-03-19 12:05:26 - [MESSAGE][PASSED] - Delayed 3 second(s)

2019-03-19 12:05:26 - [TEST_STEP][PASSED] - setText(findTestObject("Perolehan/006 Arahan Bayaran/003 Penyemak/input_TABLE_NAME_noRekod"), ArahanBayaranRekodID): Text '19DAAB030100107' is set on object 'Object Repository/Perolehan/006 Arahan Bayaran/003 Penyemak/input_TABLE_NAME_noRekod'

2019-03-19 12:05:26 - [MESSAGE][PASSED] - Text '19DAAB030100107' is set on object 'Object Repository/Perolehan/006 Arahan Bayaran/003 Penyemak/input_TABLE_NAME_noRekod'

2019-03-19 12:05:26 - [TEST_STEP][PASSED] - delay(3): Delayed 3 second(s)

2019-03-19 12:05:29 - [MESSAGE][PASSED] - Delayed 3 second(s)

2019-03-19 12:05:29 - [TEST_STEP][PASSED] - doubleClick(findTestObject("Perolehan/006 Arahan Bayaran/003 Penyemak/select_noRekod", ["text":ArahanBayaranRekodID])): Object: 'Object Repository/Perolehan/006 Arahan Bayaran/003 Penyemak/select_noRekod' is double clicked on

2019-03-19 12:05:30 - [MESSAGE][PASSED] - Object: 'Object Repository/Perolehan/006 Arahan Bayaran/003 Penyemak/select_noRekod' is double clicked on

2019-03-19 12:05:30 - [TEST_STEP][PASSED] - delay(3): Delayed 3 second(s)

2019-03-19 12:05:33 - [MESSAGE][PASSED] - Delayed 3 second(s)

2019-03-19 12:05:33 - [TEST_STEP][PASSED] - click(findTestObject("Perolehan/006 Arahan Bayaran/003 Penyemak/button_Senarai_Semak")): Object: 'Object Repository/Perolehan/006 Arahan Bayaran/003 Penyemak/button_Senarai_Semak' is clicked on

2019-03-19 12:05:37 - [MESSAGE][PASSED] - Object: 'Object Repository/Perolehan/006 Arahan Bayaran/003 Penyemak/button_Senarai_Semak' is clicked on

2019-03-19 12:05:37 - [TEST_STEP][PASSED] - delay(3): Delayed 3 second(s)

2019-03-19 12:05:40 - [MESSAGE][PASSED] - Delayed 3 second(s)

2019-03-19 12:05:40 - [TEST_STEP][PASSED] - verifyElementChecked(findTestObject("Perolehan/006 Arahan Bayaran/003 Penyemak/Check_Senarai_Semak_Item"), 3): Object 'Object Repository/Perolehan/006 Arahan Bayaran/003 Penyemak/Check_Senarai_Semak_Item' is checked

2019-03-19 12:05:40 - [MESSAGE][PASSED] - Object 'Object Repository/Perolehan/006 Arahan Bayaran/003 Penyemak/Check_Senarai_Semak_Item' is checked

2019-03-19 12:05:40 - [TEST_STEP][PASSED] - click(findTestObject("Perolehan/006 Arahan Bayaran/003 Penyemak/button_X_Close_Senarai_Semak")): Object: 'Object Repository/Perolehan/006 Arahan Bayaran/003 Penyemak/button_X_Close_Senarai_Semak' is clicked on

2019-03-19 12:05:40 - [MESSAGE][PASSED] - Object: 'Object Repository/Perolehan/006 Arahan Bayaran/003 Penyemak/button_X_Close_Senarai_Semak' is clicked on

2019-03-19 12:05:40 - [TEST_STEP][PASSED] - click(findTestObject("Perolehan/006 Arahan Bayaran/003 Penyemak/button_Semak")): Object: 'Object Repository/Perolehan/006 Arahan Bayaran/003 Penyemak/button_Semak' is clicked on

2019-03-19 12:05:41 - [MESSAGE][PASSED] - Object: 'Object Repository/Perolehan/006 Arahan Bayaran/003 Penyemak/button_Semak' is clicked on

2019-03-19 12:05:41 - [TEST_STEP][PASSED] - click(findTestObject("Perolehan/006 Arahan Bayaran/003 Penyemak/button_Ya_Semak")): Object: 'Object Repository/Perolehan/006 Arahan Bayaran/003 Penyemak/button_Ya_Semak' is clicked on

2019-03-19 12:05:41 - [MESSAGE][PASSED] - Object: 'Object Repository/Perolehan/006 Arahan Bayaran/003 Penyemak/button_Ya_Semak' is clicked on

2019-03-19 12:05:41 - [TEST_STEP][PASSED] - delay(3): Delayed 3 second(s)

2019-03-19 12:05:44 - [MESSAGE][PASSED] - Delayed 3 second(s)

2019-03-19 12:05:44 - [TEST_STEP][PASSED] - takeScreenshot(): Taking screenshot successfully

2019-03-19 12:05:44 - [MESSAGE][PASSED] - Taking screenshot successfully
[[ATTACHMENT|C:\\Users\\Consultant_MSPHitect\\Katalon Studio\\TrainingonKatalon\\Reports\\Perolehan\\01 Pesanan Tempatan Cara Bayaran EFT Tiada Pemfaktoran\\20190319_115557\\1552968344110.png]]

2019-03-19 12:05:44 - [TEST_STEP][PASSED] - delay(3): Delayed 3 second(s)

2019-03-19 12:05:47 - [MESSAGE][PASSED] - Delayed 3 second(s)

2019-03-19 12:05:47 - [TEST_STEP][PASSED] - click(findTestObject("Perolehan/006 Arahan Bayaran/003 Penyemak/button_OK_berjaya_disemak")): Object: 'Object Repository/Perolehan/006 Arahan Bayaran/003 Penyemak/button_OK_berjaya_disemak' is clicked on

2019-03-19 12:05:47 - [MESSAGE][PASSED] - Object: 'Object Repository/Perolehan/006 Arahan Bayaran/003 Penyemak/button_OK_berjaya_disemak' is clicked on

2019-03-19 12:05:47 - [TEST_STEP][PASSED] - closeBrowser(STOP_ON_FAILURE): Browser is closed

2019-03-19 12:05:48 - [MESSAGE][PASSED] - Browser is closed]]></system-out>
         <system-err><![CDATA[]]></system-err>
      </testcase>
      <testcase name="Test Cases/Perolehan/007 Proses Baucar Bayaran/001 Pelulus Proses Baucar Bayaran - EFT" classname="Test Cases/Perolehan/007 Proses Baucar Bayaran/001 Pelulus Proses Baucar Bayaran - EFT" status="PASSED">
         <system-out><![CDATA[2019-03-19 12:05:48 - [TEST_CASE][PASSED] - Test Cases/Perolehan/007 Proses Baucar Bayaran/001 Pelulus Proses Baucar Bayaran - EFT: Test Cases/Perolehan/007 Proses Baucar Bayaran/001 Pelulus Proses Baucar Bayaran - EFT

2019-03-19 12:05:48 - [TEST_STEP][PASSED] - reusablefunctions.reusablefunctions.openbrowser(): reusablefunctions.reusablefunctions.openbrowser is PASSED

2019-03-19 12:05:48 - [MESSAGE][INFO] - Starting 'Chrome' driver

2019-03-19 12:05:51 - [MESSAGE][PASSED] - Browser is opened with url: 'https://175.143.52.101:7011/1SPEKSv2/'

2019-03-19 12:05:51 - [MESSAGE][PASSED] - reusablefunctions.reusablefunctions.openbrowser is PASSED

2019-03-19 12:05:51 - [TEST_STEP][PASSED] - reusablefunctions.reusablefunctions.Login(findTestData("ispekstestdata").getValue(1, 2), findTestData("ispekstestdata").getValue(2, 2)): reusablefunctions.reusablefunctions.Login is PASSED

2019-03-19 12:05:51 - [MESSAGE][PASSED] - Text '601101955194' is set on object 'Object Repository/Login/input_NoKadPengenalan'

2019-03-19 12:05:51 - [MESSAGE][PASSED] - Text ****** has been set on object 'Object Repository/Login/input_Password'

2019-03-19 12:05:56 - [MESSAGE][PASSED] - Object: 'Object Repository/Login/input_ButtonLogMasuk' is clicked on

2019-03-19 12:06:06 - [MESSAGE][PASSED] - Delayed 10 second(s)

2019-03-19 12:06:06 - [MESSAGE][PASSED] - reusablefunctions.reusablefunctions.Login is PASSED

2019-03-19 12:06:06 - [TEST_STEP][PASSED] - reusablefunctions.reusablefunctions.PerananPelulusPTJ(): reusablefunctions.reusablefunctions.PerananPelulusPTJ is PASSED

2019-03-19 12:06:06 - [MESSAGE][PASSED] - Object: 'Object Repository/Perolehan/TukarPeranan/IconTukarPeranan' is clicked on

2019-03-19 12:06:06 - [MESSAGE][PASSED] - Object: 'Object Repository/Perolehan/TukarPeranan/input_TukarPelulusPTJ' is clicked on

2019-03-19 12:06:06 - [MESSAGE][PASSED] - Object: 'Object Repository/Perolehan/TukarPeranan/button_Ya' is clicked on

2019-03-19 12:06:26 - [MESSAGE][PASSED] - Delayed 20 second(s)

2019-03-19 12:06:28 - [MESSAGE][PASSED] - Text 'Peranan : [Pelulus] Peringkat : [PTJ]' is present on page 

2019-03-19 12:06:28 - [MESSAGE][PASSED] - reusablefunctions.reusablefunctions.PerananPelulusPTJ is PASSED

2019-03-19 12:06:28 - [TEST_STEP][PASSED] - click(findTestObject("Perolehan/007 Proses Baucar Bayaran/Menu_Sisi")): Object: 'Object Repository/Perolehan/007 Proses Baucar Bayaran/Menu_Sisi' is clicked on

2019-03-19 12:06:29 - [MESSAGE][PASSED] - Object: 'Object Repository/Perolehan/007 Proses Baucar Bayaran/Menu_Sisi' is clicked on

2019-03-19 12:06:29 - [TEST_STEP][PASSED] - delay(3): Delayed 3 second(s)

2019-03-19 12:06:32 - [MESSAGE][PASSED] - Delayed 3 second(s)

2019-03-19 12:06:32 - [TEST_STEP][PASSED] - click(findTestObject("Object Repository/Perolehan/007 Proses Baucar Bayaran/Menu_Akaun Belum Bayar")): Object: 'Object Repository/Perolehan/007 Proses Baucar Bayaran/Menu_Akaun Belum Bayar' is clicked on

2019-03-19 12:06:32 - [MESSAGE][PASSED] - Object: 'Object Repository/Perolehan/007 Proses Baucar Bayaran/Menu_Akaun Belum Bayar' is clicked on

2019-03-19 12:06:32 - [TEST_STEP][PASSED] - delay(3): Delayed 3 second(s)

2019-03-19 12:06:35 - [MESSAGE][PASSED] - Delayed 3 second(s)

2019-03-19 12:06:35 - [TEST_STEP][PASSED] - click(findTestObject("Perolehan/007 Proses Baucar Bayaran/Menu_Expand_Baucar_Bayaran")): Object: 'Object Repository/Perolehan/007 Proses Baucar Bayaran/Menu_Expand_Baucar_Bayaran' is clicked on

2019-03-19 12:06:35 - [MESSAGE][PASSED] - Object: 'Object Repository/Perolehan/007 Proses Baucar Bayaran/Menu_Expand_Baucar_Bayaran' is clicked on

2019-03-19 12:06:35 - [TEST_STEP][PASSED] - delay(3): Delayed 3 second(s)

2019-03-19 12:06:38 - [MESSAGE][PASSED] - Delayed 3 second(s)

2019-03-19 12:06:38 - [TEST_STEP][PASSED] - click(findTestObject("Perolehan/007 Proses Baucar Bayaran/Menu_Integrasi_Dalaman")): Object: 'Object Repository/Perolehan/007 Proses Baucar Bayaran/Menu_Integrasi_Dalaman' is clicked on

2019-03-19 12:06:38 - [MESSAGE][PASSED] - Object: 'Object Repository/Perolehan/007 Proses Baucar Bayaran/Menu_Integrasi_Dalaman' is clicked on

2019-03-19 12:06:38 - [TEST_STEP][PASSED] - delay(3): Delayed 3 second(s)

2019-03-19 12:06:41 - [MESSAGE][PASSED] - Delayed 3 second(s)

2019-03-19 12:06:41 - [TEST_STEP][PASSED] - setText(findTestObject("Perolehan/007 Proses Baucar Bayaran/input_No_Rekod"), ArahanBayaranRekodID): Text '19DAAB030100107' is set on object 'Object Repository/Perolehan/007 Proses Baucar Bayaran/input_No_Rekod'

2019-03-19 12:06:41 - [MESSAGE][PASSED] - Text '19DAAB030100107' is set on object 'Object Repository/Perolehan/007 Proses Baucar Bayaran/input_No_Rekod'

2019-03-19 12:06:42 - [TEST_STEP][PASSED] - delay(3): Delayed 3 second(s)

2019-03-19 12:06:45 - [MESSAGE][PASSED] - Delayed 3 second(s)

2019-03-19 12:06:45 - [TEST_STEP][PASSED] - doubleClick(findTestObject("Perolehan/007 Proses Baucar Bayaran/select_No_Rekod", ["text":ArahanBayaranRekodID])): Object: 'Object Repository/Perolehan/007 Proses Baucar Bayaran/select_No_Rekod' is double clicked on

2019-03-19 12:06:45 - [MESSAGE][PASSED] - Object: 'Object Repository/Perolehan/007 Proses Baucar Bayaran/select_No_Rekod' is double clicked on

2019-03-19 12:06:45 - [TEST_STEP][PASSED] - delay(3): Delayed 3 second(s)

2019-03-19 12:06:48 - [MESSAGE][PASSED] - Delayed 3 second(s)

2019-03-19 12:06:48 - [TEST_STEP][PASSED] - jumlahkeseluruhan = getText(findTestObject("Perolehan/007 Proses Baucar Bayaran/jumlah_amaun")): Text of object 'Object Repository/Perolehan/007 Proses Baucar Bayaran/jumlah_amaun' is: '4.90'

2019-03-19 12:06:48 - [MESSAGE][PASSED] - Text of object 'Object Repository/Perolehan/007 Proses Baucar Bayaran/jumlah_amaun' is: '4.90'

2019-03-19 12:06:48 - [TEST_STEP][PASSED] - delay(15): Delayed 15 second(s)

2019-03-19 12:07:03 - [MESSAGE][PASSED] - Delayed 15 second(s)

2019-03-19 12:07:03 - [TEST_STEP][PASSED] - verifyMatch(jumlahkeseluruhan, "4.90", false): Actual text '4.90' and expected text '4.90' are matched 

2019-03-19 12:07:03 - [MESSAGE][PASSED] - Actual text '4.90' and expected text '4.90' are matched 

2019-03-19 12:07:03 - [TEST_STEP][PASSED] - click(findTestObject("Perolehan/007 Proses Baucar Bayaran/button_Lulus")): Object: 'Object Repository/Perolehan/007 Proses Baucar Bayaran/button_Lulus' is clicked on

2019-03-19 12:07:03 - [MESSAGE][PASSED] - Object: 'Object Repository/Perolehan/007 Proses Baucar Bayaran/button_Lulus' is clicked on

2019-03-19 12:07:03 - [TEST_STEP][PASSED] - delay(3): Delayed 3 second(s)

2019-03-19 12:07:06 - [MESSAGE][PASSED] - Delayed 3 second(s)

2019-03-19 12:07:06 - [TEST_STEP][PASSED] - click(findTestObject("Perolehan/007 Proses Baucar Bayaran/button_Ya_Lulus")): Object: 'Object Repository/Perolehan/007 Proses Baucar Bayaran/button_Ya_Lulus' is clicked on

2019-03-19 12:07:06 - [MESSAGE][PASSED] - Object: 'Object Repository/Perolehan/007 Proses Baucar Bayaran/button_Ya_Lulus' is clicked on

2019-03-19 12:07:06 - [TEST_STEP][PASSED] - delay(3): Delayed 3 second(s)

2019-03-19 12:07:09 - [MESSAGE][PASSED] - Delayed 3 second(s)

2019-03-19 12:07:09 - [TEST_STEP][PASSED] - No_Baucar = getText(findTestObject("Perolehan/007 Proses Baucar Bayaran/div_Rekod Berjaya Diluluskan")): Text of object 'Object Repository/Perolehan/007 Proses Baucar Bayaran/div_Rekod Berjaya Diluluskan' is: 'Rekod Berjaya Diluluskan.
No. Baucar : 19DABB0400130
Adakah Anda Ingin Mencetak Rekod Ini?
YaTidak'

2019-03-19 12:07:09 - [MESSAGE][PASSED] - Text of object 'Object Repository/Perolehan/007 Proses Baucar Bayaran/div_Rekod Berjaya Diluluskan' is: 'Rekod Berjaya Diluluskan.
No. Baucar : 19DABB0400130
Adakah Anda Ingin Mencetak Rekod Ini?
YaTidak'

2019-03-19 12:07:09 - [TEST_STEP][PASSED] - println(No_Baucar): null

2019-03-19 12:07:09 - [TEST_STEP][PASSED] - Baucar_id = No_Baucar[(39..51)]: null

2019-03-19 12:07:09 - [TEST_STEP][PASSED] - println(Baucar_id): null

2019-03-19 12:07:09 - [TEST_STEP][PASSED] - Nombor_Baucar = Baucar_id: null

2019-03-19 12:07:09 - [TEST_STEP][PASSED] - delay(3): Delayed 3 second(s)

2019-03-19 12:07:12 - [MESSAGE][PASSED] - Delayed 3 second(s)

2019-03-19 12:07:12 - [TEST_STEP][PASSED] - click(findTestObject("Perolehan/007 Proses Baucar Bayaran/button_Ya_Cetak")): Object: 'Object Repository/Perolehan/007 Proses Baucar Bayaran/button_Ya_Cetak' is clicked on

2019-03-19 12:07:35 - [MESSAGE][PASSED] - Object: 'Object Repository/Perolehan/007 Proses Baucar Bayaran/button_Ya_Cetak' is clicked on

2019-03-19 12:07:35 - [TEST_STEP][PASSED] - switchToWindowIndex(1): Switched to window with index: '1'

2019-03-19 12:07:35 - [MESSAGE][PASSED] - Switched to window with index: '1'

2019-03-19 12:07:35 - [TEST_STEP][PASSED] - delay(3): Delayed 3 second(s)

2019-03-19 12:07:38 - [MESSAGE][PASSED] - Delayed 3 second(s)

2019-03-19 12:07:38 - [TEST_STEP][PASSED] - waitForPageLoad(180): Wait for page load successfully

2019-03-19 12:07:39 - [MESSAGE][PASSED] - Wait for page load successfully

2019-03-19 12:07:39 - [TEST_STEP][PASSED] - takeScreenshot(): Taking screenshot successfully

2019-03-19 12:07:40 - [MESSAGE][PASSED] - Taking screenshot successfully
[[ATTACHMENT|C:\\Users\\Consultant_MSPHitect\\Katalon Studio\\TrainingonKatalon\\Reports\\Perolehan\\01 Pesanan Tempatan Cara Bayaran EFT Tiada Pemfaktoran\\20190319_115557\\1552968459786.png]]

2019-03-19 12:07:40 - [TEST_STEP][PASSED] - switchToWindowIndex(0): Switched to window with index: '0'

2019-03-19 12:07:40 - [MESSAGE][PASSED] - Switched to window with index: '0'

2019-03-19 12:07:40 - [TEST_STEP][PASSED] - delay(3): Delayed 3 second(s)

2019-03-19 12:07:43 - [MESSAGE][PASSED] - Delayed 3 second(s)

2019-03-19 12:07:43 - [TEST_STEP][PASSED] - closeBrowser(): Browser is closed

2019-03-19 12:07:43 - [MESSAGE][PASSED] - Browser is closed]]></system-out>
         <system-err><![CDATA[]]></system-err>
      </testcase>
      <testcase name="Test Cases/Perolehan/008 Posting Bayaran/001 Posting Bayaran - EFT" classname="Test Cases/Perolehan/008 Posting Bayaran/001 Posting Bayaran - EFT" status="PASSED">
         <system-out><![CDATA[2019-03-19 12:07:43 - [TEST_CASE][PASSED] - Test Cases/Perolehan/008 Posting Bayaran/001 Posting Bayaran - EFT: Test Cases/Perolehan/008 Posting Bayaran/001 Posting Bayaran - EFT

2019-03-19 12:07:43 - [TEST_STEP][PASSED] - reusablefunctions.reusablefunctions.openbrowser(): reusablefunctions.reusablefunctions.openbrowser is PASSED

2019-03-19 12:07:43 - [MESSAGE][INFO] - Starting 'Chrome' driver

2019-03-19 12:07:46 - [MESSAGE][PASSED] - Browser is opened with url: 'https://175.143.52.101:7011/1SPEKSv2/'

2019-03-19 12:07:46 - [MESSAGE][PASSED] - reusablefunctions.reusablefunctions.openbrowser is PASSED

2019-03-19 12:07:46 - [TEST_STEP][PASSED] - reusablefunctions.reusablefunctions.Login(findTestData("ispekstestdata").getValue(1, 2), findTestData("ispekstestdata").getValue(2, 2)): reusablefunctions.reusablefunctions.Login is PASSED

2019-03-19 12:07:46 - [MESSAGE][PASSED] - Text '601101955194' is set on object 'Object Repository/Login/input_NoKadPengenalan'

2019-03-19 12:07:47 - [MESSAGE][PASSED] - Text ****** has been set on object 'Object Repository/Login/input_Password'

2019-03-19 12:07:52 - [MESSAGE][PASSED] - Object: 'Object Repository/Login/input_ButtonLogMasuk' is clicked on

2019-03-19 12:08:02 - [MESSAGE][PASSED] - Delayed 10 second(s)

2019-03-19 12:08:02 - [MESSAGE][PASSED] - reusablefunctions.reusablefunctions.Login is PASSED

2019-03-19 12:08:02 - [TEST_STEP][PASSED] - reusablefunctions.reusablefunctions.PerananPelulusBN(): reusablefunctions.reusablefunctions.PerananPelulusBN is PASSED

2019-03-19 12:08:02 - [MESSAGE][PASSED] - Object: 'Object Repository/Perolehan/TukarPeranan/IconTukarPeranan' is clicked on

2019-03-19 12:08:02 - [MESSAGE][PASSED] - Object: 'Object Repository/Perolehan/TukarPeranan/input_TukarPelulusBN' is clicked on

2019-03-19 12:08:02 - [MESSAGE][PASSED] - Object: 'Object Repository/Perolehan/TukarPeranan/button_Ya' is clicked on

2019-03-19 12:08:22 - [MESSAGE][PASSED] - Delayed 20 second(s)

2019-03-19 12:08:25 - [MESSAGE][PASSED] - Text 'Peranan : [Pelulus] Peringkat : [BN]' is present on page 

2019-03-19 12:08:25 - [MESSAGE][PASSED] - reusablefunctions.reusablefunctions.PerananPelulusBN is PASSED

2019-03-19 12:08:25 - [TEST_STEP][PASSED] - click(findTestObject("Perolehan/001 Left_Menu_Selection/a_ExpandMenuonLeft")): Object: 'Object Repository/Perolehan/001 Left_Menu_Selection/a_ExpandMenuonLeft' is clicked on

2019-03-19 12:08:25 - [MESSAGE][PASSED] - Object: 'Object Repository/Perolehan/001 Left_Menu_Selection/a_ExpandMenuonLeft' is clicked on

2019-03-19 12:08:25 - [TEST_STEP][PASSED] - delay(3): Delayed 3 second(s)

2019-03-19 12:08:28 - [MESSAGE][PASSED] - Delayed 3 second(s)

2019-03-19 12:08:28 - [TEST_STEP][PASSED] - click(findTestObject("Perolehan/001 Left_Menu_Selection/div_PanelTitlePengurusanTunai")): Object: 'Object Repository/Perolehan/001 Left_Menu_Selection/div_PanelTitlePengurusanTunai' is clicked on

2019-03-19 12:08:28 - [MESSAGE][PASSED] - Object: 'Object Repository/Perolehan/001 Left_Menu_Selection/div_PanelTitlePengurusanTunai' is clicked on

2019-03-19 12:08:28 - [TEST_STEP][PASSED] - delay(3): Delayed 3 second(s)

2019-03-19 12:08:31 - [MESSAGE][PASSED] - Delayed 3 second(s)

2019-03-19 12:08:31 - [TEST_STEP][PASSED] - click(findTestObject("Perolehan/001 Left_Menu_Selection/div_PostBayaran")): Object: 'Object Repository/Perolehan/001 Left_Menu_Selection/div_PostBayaran' is clicked on

2019-03-19 12:08:31 - [MESSAGE][PASSED] - Object: 'Object Repository/Perolehan/001 Left_Menu_Selection/div_PostBayaran' is clicked on

2019-03-19 12:08:31 - [TEST_STEP][PASSED] - delay(3): Delayed 3 second(s)

2019-03-19 12:08:34 - [MESSAGE][PASSED] - Delayed 3 second(s)

2019-03-19 12:08:34 - [TEST_STEP][PASSED] - click(findTestObject("Perolehan/008 Post Bayaran/Drop_down_No_Baucar")): Object: 'Object Repository/Perolehan/008 Post Bayaran/Drop_down_No_Baucar' is clicked on

2019-03-19 12:08:35 - [MESSAGE][PASSED] - Object: 'Object Repository/Perolehan/008 Post Bayaran/Drop_down_No_Baucar' is clicked on

2019-03-19 12:08:35 - [TEST_STEP][PASSED] - delay(3): Delayed 3 second(s)

2019-03-19 12:08:38 - [MESSAGE][PASSED] - Delayed 3 second(s)

2019-03-19 12:08:38 - [TEST_STEP][PASSED] - setText(findTestObject("Perolehan/008 Post Bayaran/input_No. Baucar_noBaucar"), Nombor_Baucar): Text '19DABB0400130' is set on object 'Object Repository/Perolehan/008 Post Bayaran/input_No. Baucar_noBaucar'

2019-03-19 12:08:39 - [MESSAGE][PASSED] - Text '19DABB0400130' is set on object 'Object Repository/Perolehan/008 Post Bayaran/input_No. Baucar_noBaucar'

2019-03-19 12:08:39 - [TEST_STEP][PASSED] - delay(3): Delayed 3 second(s)

2019-03-19 12:08:42 - [MESSAGE][PASSED] - Delayed 3 second(s)

2019-03-19 12:08:42 - [TEST_STEP][PASSED] - click(findTestObject("Perolehan/008 Post Bayaran/select_No_Baucar", ["text":Nombor_Baucar])): Object: 'Object Repository/Perolehan/008 Post Bayaran/select_No_Baucar' is clicked on

2019-03-19 12:08:42 - [MESSAGE][PASSED] - Object: 'Object Repository/Perolehan/008 Post Bayaran/select_No_Baucar' is clicked on

2019-03-19 12:08:42 - [TEST_STEP][PASSED] - delay(3): Delayed 3 second(s)

2019-03-19 12:08:45 - [MESSAGE][PASSED] - Delayed 3 second(s)

2019-03-19 12:08:45 - [TEST_STEP][PASSED] - click(findTestObject("Perolehan/008 Post Bayaran/button_Cari")): Object: 'Object Repository/Perolehan/008 Post Bayaran/button_Cari' is clicked on

2019-03-19 12:08:45 - [MESSAGE][PASSED] - Object: 'Object Repository/Perolehan/008 Post Bayaran/button_Cari' is clicked on

2019-03-19 12:08:45 - [TEST_STEP][PASSED] - delay(23): Delayed 23 second(s)

2019-03-19 12:09:08 - [MESSAGE][PASSED] - Delayed 23 second(s)

2019-03-19 12:09:08 - [TEST_STEP][PASSED] - check(findTestObject("Perolehan/008 Post Bayaran/checkbox_proses")): Object 'Object Repository/Perolehan/008 Post Bayaran/checkbox_proses' is checked

2019-03-19 12:09:08 - [MESSAGE][PASSED] - Object 'Object Repository/Perolehan/008 Post Bayaran/checkbox_proses' is checked

2019-03-19 12:09:08 - [TEST_STEP][PASSED] - click(findTestObject("Perolehan/008 Post Bayaran/button_proses")): Object: 'Object Repository/Perolehan/008 Post Bayaran/button_proses' is clicked on

2019-03-19 12:09:08 - [MESSAGE][PASSED] - Object: 'Object Repository/Perolehan/008 Post Bayaran/button_proses' is clicked on

2019-03-19 12:09:08 - [TEST_STEP][PASSED] - delay(3): Delayed 3 second(s)

2019-03-19 12:09:11 - [MESSAGE][PASSED] - Delayed 3 second(s)

2019-03-19 12:09:11 - [TEST_STEP][PASSED] - click(findTestObject("Perolehan/008 Post Bayaran/button_Ya_Proses")): Object: 'Object Repository/Perolehan/008 Post Bayaran/button_Ya_Proses' is clicked on

2019-03-19 12:09:11 - [MESSAGE][PASSED] - Object: 'Object Repository/Perolehan/008 Post Bayaran/button_Ya_Proses' is clicked on

2019-03-19 12:09:11 - [TEST_STEP][PASSED] - delay(10): Delayed 10 second(s)

2019-03-19 12:09:21 - [MESSAGE][PASSED] - Delayed 10 second(s)

2019-03-19 12:09:21 - [TEST_STEP][PASSED] - waitForElementPresent(findTestObject("Perolehan/008 Post Bayaran/button_OK"), 180): Object 'Object Repository/Perolehan/008 Post Bayaran/button_OK' is present

2019-03-19 12:09:21 - [MESSAGE][PASSED] - Object 'Object Repository/Perolehan/008 Post Bayaran/button_OK' is present

2019-03-19 12:09:21 - [TEST_STEP][PASSED] - verifyTextPresent("Proses Posting Berjaya.", false): Text 'Proses Posting Berjaya.' is present on page 

2019-03-19 12:09:22 - [MESSAGE][PASSED] - Text 'Proses Posting Berjaya.' is present on page 

2019-03-19 12:09:22 - [TEST_STEP][PASSED] - takeScreenshot(): Taking screenshot successfully

2019-03-19 12:09:22 - [MESSAGE][PASSED] - Taking screenshot successfully
[[ATTACHMENT|C:\\Users\\Consultant_MSPHitect\\Katalon Studio\\TrainingonKatalon\\Reports\\Perolehan\\01 Pesanan Tempatan Cara Bayaran EFT Tiada Pemfaktoran\\20190319_115557\\1552968562660.png]]

2019-03-19 12:09:22 - [TEST_STEP][PASSED] - click(findTestObject("Perolehan/008 Post Bayaran/button_OK")): Object: 'Object Repository/Perolehan/008 Post Bayaran/button_OK' is clicked on

2019-03-19 12:09:23 - [MESSAGE][PASSED] - Object: 'Object Repository/Perolehan/008 Post Bayaran/button_OK' is clicked on

2019-03-19 12:09:23 - [TEST_STEP][PASSED] - delay(3): Delayed 3 second(s)

2019-03-19 12:09:26 - [MESSAGE][PASSED] - Delayed 3 second(s)

2019-03-19 12:09:26 - [TEST_STEP][PASSED] - closeBrowser(): Browser is closed

2019-03-19 12:09:26 - [MESSAGE][PASSED] - Browser is closed]]></system-out>
         <system-err><![CDATA[]]></system-err>
      </testcase>
      <testcase name="Test Cases/Perolehan/009 Penyedia Cetak Baucar Bayaran/001 Penyedia Cetak Baucar Bayaran" classname="Test Cases/Perolehan/009 Penyedia Cetak Baucar Bayaran/001 Penyedia Cetak Baucar Bayaran" status="PASSED">
         <system-out><![CDATA[2019-03-19 12:09:26 - [TEST_CASE][PASSED] - Test Cases/Perolehan/009 Penyedia Cetak Baucar Bayaran/001 Penyedia Cetak Baucar Bayaran: Test Cases/Perolehan/009 Penyedia Cetak Baucar Bayaran/001 Penyedia Cetak Baucar Bayaran

2019-03-19 12:09:27 - [TEST_STEP][PASSED] - reusablefunctions.reusablefunctions.openbrowser(): reusablefunctions.reusablefunctions.openbrowser is PASSED

2019-03-19 12:09:27 - [MESSAGE][INFO] - Starting 'Chrome' driver

2019-03-19 12:09:29 - [MESSAGE][PASSED] - Browser is opened with url: 'https://175.143.52.101:7011/1SPEKSv2/'

2019-03-19 12:09:29 - [MESSAGE][PASSED] - reusablefunctions.reusablefunctions.openbrowser is PASSED

2019-03-19 12:09:29 - [TEST_STEP][PASSED] - reusablefunctions.reusablefunctions.Login(findTestData("ispekstestdata").getValue(1, 2), findTestData("ispekstestdata").getValue(2, 2)): reusablefunctions.reusablefunctions.Login is PASSED

2019-03-19 12:09:30 - [MESSAGE][PASSED] - Text '601101955194' is set on object 'Object Repository/Login/input_NoKadPengenalan'

2019-03-19 12:09:30 - [MESSAGE][PASSED] - Text ****** has been set on object 'Object Repository/Login/input_Password'

2019-03-19 12:09:36 - [MESSAGE][PASSED] - Object: 'Object Repository/Login/input_ButtonLogMasuk' is clicked on

2019-03-19 12:09:46 - [MESSAGE][PASSED] - Delayed 10 second(s)

2019-03-19 12:09:46 - [MESSAGE][PASSED] - reusablefunctions.reusablefunctions.Login is PASSED

2019-03-19 12:09:46 - [TEST_STEP][PASSED] - reusablefunctions.reusablefunctions.PerananPenyediaPTJ(): reusablefunctions.reusablefunctions.PerananPenyediaPTJ is PASSED

2019-03-19 12:09:46 - [MESSAGE][PASSED] - Object: 'Object Repository/Perolehan/TukarPeranan/IconTukarPeranan' is clicked on

2019-03-19 12:09:46 - [MESSAGE][PASSED] - Object: 'Object Repository/Perolehan/TukarPeranan/input_TukarPenyediaPTJ' is clicked on

2019-03-19 12:09:46 - [MESSAGE][PASSED] - Object: 'Object Repository/Perolehan/TukarPeranan/button_Ya' is clicked on

2019-03-19 12:10:06 - [MESSAGE][PASSED] - Delayed 20 second(s)

2019-03-19 12:10:09 - [MESSAGE][PASSED] - Text 'Peranan : [Penyedia] Peringkat : [PTJ]' is present on page 

2019-03-19 12:10:09 - [MESSAGE][PASSED] - reusablefunctions.reusablefunctions.PerananPenyediaPTJ is PASSED

2019-03-19 12:10:09 - [TEST_STEP][PASSED] - click(findTestObject("Perolehan/001 Left_Menu_Selection/a_ExpandMenuonLeft")): Object: 'Object Repository/Perolehan/001 Left_Menu_Selection/a_ExpandMenuonLeft' is clicked on

2019-03-19 12:10:09 - [MESSAGE][PASSED] - Object: 'Object Repository/Perolehan/001 Left_Menu_Selection/a_ExpandMenuonLeft' is clicked on

2019-03-19 12:10:09 - [TEST_STEP][PASSED] - delay(3): Delayed 3 second(s)

2019-03-19 12:10:12 - [MESSAGE][PASSED] - Delayed 3 second(s)

2019-03-19 12:10:12 - [TEST_STEP][PASSED] - click(findTestObject("Perolehan/001 Left_Menu_Selection/Menu_Akaun Belum Bayar")): Object: 'Object Repository/Perolehan/001 Left_Menu_Selection/Menu_Akaun Belum Bayar' is clicked on

2019-03-19 12:10:12 - [MESSAGE][PASSED] - Object: 'Object Repository/Perolehan/001 Left_Menu_Selection/Menu_Akaun Belum Bayar' is clicked on

2019-03-19 12:10:12 - [TEST_STEP][PASSED] - delay(3): Delayed 3 second(s)

2019-03-19 12:10:15 - [MESSAGE][PASSED] - Delayed 3 second(s)

2019-03-19 12:10:15 - [TEST_STEP][PASSED] - click(findTestObject("Perolehan/001 Left_Menu_Selection/div_Carian_Akaun_Belum_Bayar")): Object: 'Object Repository/Perolehan/001 Left_Menu_Selection/div_Carian_Akaun_Belum_Bayar' is clicked on

2019-03-19 12:10:15 - [MESSAGE][PASSED] - Object: 'Object Repository/Perolehan/001 Left_Menu_Selection/div_Carian_Akaun_Belum_Bayar' is clicked on

2019-03-19 12:10:15 - [TEST_STEP][PASSED] - delay(3): Delayed 3 second(s)

2019-03-19 12:10:18 - [MESSAGE][PASSED] - Delayed 3 second(s)

2019-03-19 12:10:18 - [TEST_STEP][PASSED] - click(findTestObject("Perolehan/009 Penyedia Cetak Baucar Bayaran/Drop_down_Jenis_Carian")): Object: 'Object Repository/Perolehan/009 Penyedia Cetak Baucar Bayaran/Drop_down_Jenis_Carian' is clicked on

2019-03-19 12:10:23 - [MESSAGE][PASSED] - Object: 'Object Repository/Perolehan/009 Penyedia Cetak Baucar Bayaran/Drop_down_Jenis_Carian' is clicked on

2019-03-19 12:10:23 - [TEST_STEP][PASSED] - click(findTestObject("Perolehan/009 Penyedia Cetak Baucar Bayaran/Select_No_Baucar")): Object: 'Object Repository/Perolehan/009 Penyedia Cetak Baucar Bayaran/Select_No_Baucar' is clicked on

2019-03-19 12:10:23 - [MESSAGE][PASSED] - Object: 'Object Repository/Perolehan/009 Penyedia Cetak Baucar Bayaran/Select_No_Baucar' is clicked on

2019-03-19 12:10:23 - [TEST_STEP][PASSED] - setText(findTestObject("Perolehan/009 Penyedia Cetak Baucar Bayaran/Input_No_Baucar"), Nombor_Baucar): Text '19DABB0400130' is set on object 'Object Repository/Perolehan/009 Penyedia Cetak Baucar Bayaran/Input_No_Baucar'

2019-03-19 12:10:23 - [MESSAGE][PASSED] - Text '19DABB0400130' is set on object 'Object Repository/Perolehan/009 Penyedia Cetak Baucar Bayaran/Input_No_Baucar'

2019-03-19 12:10:23 - [TEST_STEP][PASSED] - click(findTestObject("Perolehan/009 Penyedia Cetak Baucar Bayaran/button_Cari")): Object: 'Object Repository/Perolehan/009 Penyedia Cetak Baucar Bayaran/button_Cari' is clicked on

2019-03-19 12:10:23 - [MESSAGE][PASSED] - Object: 'Object Repository/Perolehan/009 Penyedia Cetak Baucar Bayaran/button_Cari' is clicked on

2019-03-19 12:10:23 - [TEST_STEP][PASSED] - delay(15): Delayed 15 second(s)

2019-03-19 12:10:38 - [MESSAGE][PASSED] - Delayed 15 second(s)

2019-03-19 12:10:38 - [TEST_STEP][PASSED] - click(findTestObject("Perolehan/009 Penyedia Cetak Baucar Bayaran/button_Cetak")): Object: 'Object Repository/Perolehan/009 Penyedia Cetak Baucar Bayaran/button_Cetak' is clicked on

2019-03-19 12:10:38 - [MESSAGE][PASSED] - Object: 'Object Repository/Perolehan/009 Penyedia Cetak Baucar Bayaran/button_Cetak' is clicked on

2019-03-19 12:10:38 - [TEST_STEP][PASSED] - delay(3): Delayed 3 second(s)

2019-03-19 12:10:41 - [MESSAGE][PASSED] - Delayed 3 second(s)

2019-03-19 12:10:41 - [TEST_STEP][PASSED] - waitForPageLoad(180): Wait for page load successfully

2019-03-19 12:10:41 - [MESSAGE][PASSED] - Wait for page load successfully

2019-03-19 12:10:41 - [TEST_STEP][PASSED] - takeScreenshot(): Taking screenshot successfully

2019-03-19 12:10:42 - [MESSAGE][PASSED] - Taking screenshot successfully
[[ATTACHMENT|C:\\Users\\Consultant_MSPHitect\\Katalon Studio\\TrainingonKatalon\\Reports\\Perolehan\\01 Pesanan Tempatan Cara Bayaran EFT Tiada Pemfaktoran\\20190319_115557\\1552968641985.png]]

2019-03-19 12:10:42 - [TEST_STEP][PASSED] - switchToWindowIndex(0): Switched to window with index: '0'

2019-03-19 12:10:42 - [MESSAGE][PASSED] - Switched to window with index: '0'

2019-03-19 12:10:42 - [TEST_STEP][PASSED] - delay(3): Delayed 3 second(s)

2019-03-19 12:10:45 - [MESSAGE][PASSED] - Delayed 3 second(s)

2019-03-19 12:10:45 - [TEST_STEP][PASSED] - closeBrowser(): Browser is closed

2019-03-19 12:10:45 - [MESSAGE][PASSED] - Browser is closed]]></system-out>
         <system-err><![CDATA[]]></system-err>
      </testcase>
      <system-out><![CDATA[2019-03-19 11:56:06 - [TEST_SUITE][PASSED] - 01 Pesanan Tempatan Cara Bayaran EFT Tiada Pemfaktoran: Test Cases/Perolehan/009 Penyedia Cetak Baucar Bayaran/001 Penyedia Cetak Baucar Bayaran]]></system-out>
      <system-err><![CDATA[]]></system-err>
   </testsuite>
</testsuites>
