<?xml version="1.0" encoding="UTF-8"?>
<testsuites name="06 Pesanan Tempatan - CEK - Perak" time="935" tests="11" failures="0" errors="0">
   <testsuite name="06 Pesanan Tempatan - CEK - Perak" tests="11" failures="0" errors="0" time="935" timestamp="2019-04-09 12:45:25" hostname="Consultant_MSPHitect - DESKTOP-V9TS2EM" id="Test Suites/Perolehan/06 Pesanan Tempatan - CEK - Perak">
      <properties>
         <property name="deviceName" value=""/>
         <property name="devicePlatform" value=""/>
         <property name="logFolder" value="C:\\Users\\Consultant_MSPHitect\\Katalon Studio\\TrainingonKatalon\\Reports\\Perolehan\\06 Pesanan Tempatan - CEK - Perak\\20190409_122750"/>
         <property name="logFiles" value="C:\\Users\\Consultant_MSPHitect\\Katalon Studio\\TrainingonKatalon\\Reports\\Perolehan\\06 Pesanan Tempatan - CEK - Perak\\20190409_122750\\execution0.log"/>
         <property name="attachments" value="C:\\Users\\Consultant_MSPHitect\\Katalon Studio\\TrainingonKatalon\\Reports\\Perolehan\\06 Pesanan Tempatan - CEK - Perak\\20190409_122750\\1554785258406.png, C:\\Users\\Consultant_MSPHitect\\Katalon Studio\\TrainingonKatalon\\Reports\\Perolehan\\06 Pesanan Tempatan - CEK - Perak\\20190409_122750\\1554785283297.png, C:\\Users\\Consultant_MSPHitect\\Katalon Studio\\TrainingonKatalon\\Reports\\Perolehan\\06 Pesanan Tempatan - CEK - Perak\\20190409_122750\\1554785546368.png, C:\\Users\\Consultant_MSPHitect\\Katalon Studio\\TrainingonKatalon\\Reports\\Perolehan\\06 Pesanan Tempatan - CEK - Perak\\20190409_122750\\1554785674151.png, C:\\Users\\Consultant_MSPHitect\\Katalon Studio\\TrainingonKatalon\\Reports\\Perolehan\\06 Pesanan Tempatan - CEK - Perak\\20190409_122750\\1554785758234.png, C:\\Users\\Consultant_MSPHitect\\Katalon Studio\\TrainingonKatalon\\Reports\\Perolehan\\06 Pesanan Tempatan - CEK - Perak\\20190409_122750\\1554785864409.png, C:\\Users\\Consultant_MSPHitect\\Katalon Studio\\TrainingonKatalon\\Reports\\Perolehan\\06 Pesanan Tempatan - CEK - Perak\\20190409_122750\\1554785972124.png, C:\\Users\\Consultant_MSPHitect\\Katalon Studio\\TrainingonKatalon\\Reports\\Perolehan\\06 Pesanan Tempatan - CEK - Perak\\20190409_122750\\1554786056364.png"/>
         <property name="hostName" value="Consultant_MSPHitect - DESKTOP-V9TS2EM"/>
         <property name="os" value="Windows 10 64bit"/>
         <property name="katalonVersion" value="6.1.0.1"/>
         <property name="browser" value="Chrome 73.0.3683.103"/>
         <property name="hostAddress" value="192.168.182.160"/>
         <property name="sessionId" value="1a8c4e01ccd966bc7ec6d37fd0a0abe3"/>
         <property name="seleniumVersion" value="3.7.1"/>
         <property name="proxyInformation" value="ProxyInformation{proxyOption=NO_PROXY, proxyServerType=HTTP, password=, proxyServerAddress=, proxyServerPort=0}"/>
         <property name="platform" value="Windows 10"/>
      </properties>
      <testcase name="Test Cases/Perolehan/002 Rekod Baru oleh Penyedia/008 Penyedia Rekod Baru - CEK" classname="Test Cases/Perolehan/002 Rekod Baru oleh Penyedia/008 Penyedia Rekod Baru - CEK" status="PASSED">
         <system-out><![CDATA[2019-04-09 12:45:25 - [TEST_CASE][PASSED] - Test Cases/Perolehan/002 Rekod Baru oleh Penyedia/008 Penyedia Rekod Baru - CEK: Test Cases/Perolehan/002 Rekod Baru oleh Penyedia/008 Penyedia Rekod Baru - CEK

2019-04-09 12:45:25 - [TEST_STEP][PASSED] - callTestCase(findTestCase("Perolehan/001 Left Menu Selection/Select Menu Pesanan Tempatan"), [:], STOP_ON_FAILURE): Call Test Case 'Test Cases/Perolehan/001 Left Menu Selection/Select Menu Pesanan Tempatan' successfully

2019-04-09 12:45:25 - [TEST_CASE][PASSED] - Test Cases/Perolehan/001 Left Menu Selection/Select Menu Pesanan Tempatan: Test Cases/Perolehan/001 Left Menu Selection/Select Menu Pesanan Tempatan

2019-04-09 12:45:26 - [TEST_STEP][PASSED] - openBrowser(""): Browser is opened with url: ''

2019-04-09 12:45:26 - [MESSAGE][INFO] - Starting 'Chrome' driver

2019-04-09 12:45:26 - [MESSAGE][INFO] - Action delay is set to 0 seconds

2019-04-09 12:45:29 - [MESSAGE][PASSED] - Browser is opened with url: ''

2019-04-09 12:45:29 - [TEST_STEP][PASSED] - navigateToUrl(URL_Homepage): Navigate to 'https://175.143.52.101:7011/1SPEKSv2/' successfully

2019-04-09 12:45:31 - [MESSAGE][PASSED] - Navigate to 'https://175.143.52.101:7011/1SPEKSv2/' successfully

2019-04-09 12:45:31 - [TEST_STEP][PASSED] - setText(findTestObject("Login/input_NoKadPengenalan"), PenyediaPTJ): Text '601101955194' is set on object 'Object Repository/Login/input_NoKadPengenalan'

2019-04-09 12:45:31 - [MESSAGE][PASSED] - Text '601101955194' is set on object 'Object Repository/Login/input_NoKadPengenalan'

2019-04-09 12:45:31 - [TEST_STEP][PASSED] - setEncryptedText(findTestObject("Login/input_Password"), findTestData("ispekstestdata").getValue(2, 4)): Text ****** has been set on object 'Object Repository/Login/input_Password'

2019-04-09 12:45:31 - [MESSAGE][PASSED] - Text ****** has been set on object 'Object Repository/Login/input_Password'

2019-04-09 12:45:31 - [TEST_STEP][PASSED] - click(findTestObject("Login/input_ButtonLogMasuk")): Object: 'Object Repository/Login/input_ButtonLogMasuk' is clicked on

2019-04-09 12:45:32 - [MESSAGE][PASSED] - Object: 'Object Repository/Login/input_ButtonLogMasuk' is clicked on

2019-04-09 12:45:32 - [TEST_STEP][PASSED] - delay(5): Delayed 5 second(s)

2019-04-09 12:45:37 - [MESSAGE][PASSED] - Delayed 5 second(s)

2019-04-09 12:45:37 - [TEST_STEP][PASSED] - click(findTestObject("Perolehan/TukarPeranan/IconTukarPeranan")): Object: 'Object Repository/Perolehan/TukarPeranan/IconTukarPeranan' is clicked on

2019-04-09 12:45:37 - [MESSAGE][PASSED] - Object: 'Object Repository/Perolehan/TukarPeranan/IconTukarPeranan' is clicked on

2019-04-09 12:45:37 - [TEST_STEP][PASSED] - click(findTestObject("Perolehan/TukarPeranan/input_TukarPeranan", ["value":RBPenyediaPTJ])): Object: 'Object Repository/Perolehan/TukarPeranan/input_TukarPeranan' is clicked on

2019-04-09 12:45:37 - [MESSAGE][PASSED] - Object: 'Object Repository/Perolehan/TukarPeranan/input_TukarPeranan' is clicked on

2019-04-09 12:45:37 - [TEST_STEP][PASSED] - click(findTestObject("Perolehan/TukarPeranan/button_Ya")): Object: 'Object Repository/Perolehan/TukarPeranan/button_Ya' is clicked on

2019-04-09 12:45:37 - [MESSAGE][PASSED] - Object: 'Object Repository/Perolehan/TukarPeranan/button_Ya' is clicked on

2019-04-09 12:45:37 - [TEST_STEP][PASSED] - delay(20): Delayed 20 second(s)

2019-04-09 12:45:57 - [MESSAGE][PASSED] - Delayed 20 second(s)

2019-04-09 12:45:57 - [TEST_STEP][PASSED] - verifyTextPresent("Peranan : [Penyedia] Peringkat : [PTJ]", false): Text 'Peranan : [Penyedia] Peringkat : [PTJ]' is present on page 

2019-04-09 12:46:00 - [MESSAGE][PASSED] - Text 'Peranan : [Penyedia] Peringkat : [PTJ]' is present on page 

2019-04-09 12:46:00 - [TEST_STEP][PASSED] - click(findTestObject("Perolehan/001 Left_Menu_Selection/a_ExpandMenuonLeft")): Object: 'Object Repository/Perolehan/001 Left_Menu_Selection/a_ExpandMenuonLeft' is clicked on

2019-04-09 12:46:00 - [MESSAGE][PASSED] - Object: 'Object Repository/Perolehan/001 Left_Menu_Selection/a_ExpandMenuonLeft' is clicked on

2019-04-09 12:46:00 - [TEST_STEP][PASSED] - delay(3, STOP_ON_FAILURE): Delayed 3 second(s)

2019-04-09 12:46:03 - [MESSAGE][PASSED] - Delayed 3 second(s)

2019-04-09 12:46:03 - [TEST_STEP][PASSED] - click(findTestObject("Perolehan/001 Left_Menu_Selection/div_PanelTitlePerolehan")): Object: 'Object Repository/Perolehan/001 Left_Menu_Selection/div_PanelTitlePerolehan' is clicked on

2019-04-09 12:46:03 - [MESSAGE][PASSED] - Object: 'Object Repository/Perolehan/001 Left_Menu_Selection/div_PanelTitlePerolehan' is clicked on

2019-04-09 12:46:03 - [TEST_STEP][PASSED] - delay(3, STOP_ON_FAILURE): Delayed 3 second(s)

2019-04-09 12:46:06 - [MESSAGE][PASSED] - Delayed 3 second(s)

2019-04-09 12:46:06 - [TEST_STEP][PASSED] - click(findTestObject("Perolehan/001 Left_Menu_Selection/div_PesananTempatan")): Object: 'Object Repository/Perolehan/001 Left_Menu_Selection/div_PesananTempatan' is clicked on

2019-04-09 12:46:07 - [MESSAGE][PASSED] - Object: 'Object Repository/Perolehan/001 Left_Menu_Selection/div_PesananTempatan' is clicked on

2019-04-09 12:46:07 - [TEST_STEP][PASSED] - delay(3): Delayed 3 second(s)

2019-04-09 12:46:10 - [MESSAGE][PASSED] - Delayed 3 second(s)

2019-04-09 12:46:10 - [MESSAGE][PASSED] - Call Test Case 'Test Cases/Perolehan/001 Left Menu Selection/Select Menu Pesanan Tempatan' successfully

2019-04-09 12:46:10 - [TEST_STEP][PASSED] - delay(5): Delayed 5 second(s)

2019-04-09 12:46:15 - [MESSAGE][PASSED] - Delayed 5 second(s)

2019-04-09 12:46:15 - [TEST_STEP][PASSED] - waitForElementVisible(findTestObject("Perolehan/002 Penyedia_RekodBaru/001 Rekod Baru Pesanan Tempatan/button_REKODBARU"), 0): Object 'Object Repository/Perolehan/002 Penyedia_RekodBaru/001 Rekod Baru Pesanan Tempatan/button_REKODBARU' is visible

2019-04-09 12:46:15 - [MESSAGE][WARNING] - Timeout '0' is invalid. Using default page load timeout: '120'

2019-04-09 12:46:15 - [MESSAGE][PASSED] - Object 'Object Repository/Perolehan/002 Penyedia_RekodBaru/001 Rekod Baru Pesanan Tempatan/button_REKODBARU' is visible

2019-04-09 12:46:15 - [TEST_STEP][PASSED] - click(findTestObject("Perolehan/002 Penyedia_RekodBaru/001 Rekod Baru Pesanan Tempatan/button_REKODBARU")): Object: 'Object Repository/Perolehan/002 Penyedia_RekodBaru/001 Rekod Baru Pesanan Tempatan/button_REKODBARU' is clicked on

2019-04-09 12:46:15 - [MESSAGE][PASSED] - Object: 'Object Repository/Perolehan/002 Penyedia_RekodBaru/001 Rekod Baru Pesanan Tempatan/button_REKODBARU' is clicked on

2019-04-09 12:46:15 - [TEST_STEP][PASSED] - delay(3): Delayed 3 second(s)

2019-04-09 12:46:18 - [MESSAGE][PASSED] - Delayed 3 second(s)

2019-04-09 12:46:18 - [TEST_STEP][PASSED] - mydate = new java.util.Date(): null

2019-04-09 12:46:18 - [TEST_STEP][PASSED] - formattedDate = mydate.format("dd/MM/yyyy"): null

2019-04-09 12:46:18 - [TEST_STEP][PASSED] - formattedYear = mydate.format("yyyy"): null

2019-04-09 12:46:18 - [TEST_STEP][PASSED] - println(formattedDate): null

2019-04-09 12:46:18 - [TEST_STEP][PASSED] - println(formattedYear): null

2019-04-09 12:46:18 - [TEST_STEP][PASSED] - tarikh_perakaunan = "Tarikh Perakaunan : " + formattedDate: null

2019-04-09 12:46:18 - [TEST_STEP][PASSED] - TahunKewangan = getText(findTestObject("Perolehan/002 Penyedia_RekodBaru/001 Rekod Baru Pesanan Tempatan/span_tahun_kewangan")): Text of object 'Object Repository/Perolehan/002 Penyedia_RekodBaru/001 Rekod Baru Pesanan Tempatan/span_tahun_kewangan' is: '2019'

2019-04-09 12:46:20 - [MESSAGE][PASSED] - Text of object 'Object Repository/Perolehan/002 Penyedia_RekodBaru/001 Rekod Baru Pesanan Tempatan/span_tahun_kewangan' is: '2019'

2019-04-09 12:46:20 - [TEST_STEP][PASSED] - verifyMatch(TahunKewangan, formattedYear, false): Actual text '2019' and expected text '2019' are matched 

2019-04-09 12:46:20 - [MESSAGE][PASSED] - Actual text '2019' and expected text '2019' are matched 

2019-04-09 12:46:20 - [TEST_STEP][PASSED] - TarikhSemasa = getText(findTestObject("Perolehan/002 Penyedia_RekodBaru/001 Rekod Baru Pesanan Tempatan/span_tarikhSemasa")): Text of object 'Object Repository/Perolehan/002 Penyedia_RekodBaru/001 Rekod Baru Pesanan Tempatan/span_tarikhSemasa' is: '09/04/2019'

2019-04-09 12:46:20 - [MESSAGE][PASSED] - Text of object 'Object Repository/Perolehan/002 Penyedia_RekodBaru/001 Rekod Baru Pesanan Tempatan/span_tarikhSemasa' is: '09/04/2019'

2019-04-09 12:46:20 - [TEST_STEP][PASSED] - verifyMatch(formattedDate, TarikhSemasa, false): Actual text '09/04/2019' and expected text '09/04/2019' are matched 

2019-04-09 12:46:20 - [MESSAGE][PASSED] - Actual text '09/04/2019' and expected text '09/04/2019' are matched 

2019-04-09 12:46:20 - [TEST_STEP][PASSED] - TarikhPerakaunan = getText(findTestObject("Perolehan/002 Penyedia_RekodBaru/001 Rekod Baru Pesanan Tempatan/tarikh_perakaunan")): Text of object 'Object Repository/Perolehan/002 Penyedia_RekodBaru/001 Rekod Baru Pesanan Tempatan/tarikh_perakaunan' is: 'Tarikh Perakaunan : 09/04/2019'

2019-04-09 12:46:20 - [MESSAGE][PASSED] - Text of object 'Object Repository/Perolehan/002 Penyedia_RekodBaru/001 Rekod Baru Pesanan Tempatan/tarikh_perakaunan' is: 'Tarikh Perakaunan : 09/04/2019'

2019-04-09 12:46:20 - [TEST_STEP][PASSED] - verifyMatch(tarikh_perakaunan, TarikhPerakaunan, false): Actual text 'Tarikh Perakaunan : 09/04/2019' and expected text 'Tarikh Perakaunan : 09/04/2019' are matched 

2019-04-09 12:46:20 - [MESSAGE][PASSED] - Actual text 'Tarikh Perakaunan : 09/04/2019' and expected text 'Tarikh Perakaunan : 09/04/2019' are matched 

2019-04-09 12:46:20 - [TEST_STEP][PASSED] - verifyElementVisible(findTestObject("Perolehan/002 Penyedia_RekodBaru/001 Rekod Baru Pesanan Tempatan/label_Jenis Urusniaga")): Object 'Object Repository/Perolehan/002 Penyedia_RekodBaru/001 Rekod Baru Pesanan Tempatan/label_Jenis Urusniaga' is visible

2019-04-09 12:46:20 - [MESSAGE][PASSED] - Object 'Object Repository/Perolehan/002 Penyedia_RekodBaru/001 Rekod Baru Pesanan Tempatan/label_Jenis Urusniaga' is visible

2019-04-09 12:46:20 - [TEST_STEP][PASSED] - click(findTestObject("Perolehan/002 Penyedia_RekodBaru/001 Rekod Baru Pesanan Tempatan/a_Jenis Urusniaga _textbox-ico")): Object: 'Object Repository/Perolehan/002 Penyedia_RekodBaru/001 Rekod Baru Pesanan Tempatan/a_Jenis Urusniaga _textbox-ico' is clicked on

2019-04-09 12:46:20 - [MESSAGE][PASSED] - Object: 'Object Repository/Perolehan/002 Penyedia_RekodBaru/001 Rekod Baru Pesanan Tempatan/a_Jenis Urusniaga _textbox-ico' is clicked on

2019-04-09 12:46:20 - [TEST_STEP][PASSED] - delay(2): Delayed 2 second(s)

2019-04-09 12:46:22 - [MESSAGE][PASSED] - Delayed 2 second(s)

2019-04-09 12:46:22 - [TEST_STEP][PASSED] - click(findTestObject("Perolehan/002 Penyedia_RekodBaru/001 Rekod Baru Pesanan Tempatan/div_Pesanan_Tempatan_Auto")): Object: 'Object Repository/Perolehan/002 Penyedia_RekodBaru/001 Rekod Baru Pesanan Tempatan/div_Pesanan_Tempatan_Auto' is clicked on

2019-04-09 12:46:22 - [MESSAGE][PASSED] - Object: 'Object Repository/Perolehan/002 Penyedia_RekodBaru/001 Rekod Baru Pesanan Tempatan/div_Pesanan_Tempatan_Auto' is clicked on

2019-04-09 12:46:22 - [TEST_STEP][PASSED] - verifyElementPresent(findTestObject("Perolehan/002 Penyedia_RekodBaru/001 Rekod Baru Pesanan Tempatan/label_No. Dokumen"), 0): Object 'Object Repository/Perolehan/002 Penyedia_RekodBaru/001 Rekod Baru Pesanan Tempatan/label_No. Dokumen' is present

2019-04-09 12:46:22 - [MESSAGE][WARNING] - Timeout '0' is invalid. Using default page load timeout: '120'

2019-04-09 12:46:22 - [MESSAGE][PASSED] - Object 'Object Repository/Perolehan/002 Penyedia_RekodBaru/001 Rekod Baru Pesanan Tempatan/label_No. Dokumen' is present

2019-04-09 12:46:22 - [TEST_STEP][PASSED] - verifyElementPresent(findTestObject("Perolehan/002 Penyedia_RekodBaru/001 Rekod Baru Pesanan Tempatan/label_Tarikh Dokumen"), 0): Object 'Object Repository/Perolehan/002 Penyedia_RekodBaru/001 Rekod Baru Pesanan Tempatan/label_Tarikh Dokumen' is present

2019-04-09 12:46:22 - [MESSAGE][WARNING] - Timeout '0' is invalid. Using default page load timeout: '120'

2019-04-09 12:46:22 - [MESSAGE][PASSED] - Object 'Object Repository/Perolehan/002 Penyedia_RekodBaru/001 Rekod Baru Pesanan Tempatan/label_Tarikh Dokumen' is present

2019-04-09 12:46:22 - [TEST_STEP][PASSED] - verifyElementPresent(findTestObject("Perolehan/002 Penyedia_RekodBaru/001 Rekod Baru Pesanan Tempatan/label_Pembekal"), 0): Object 'Object Repository/Perolehan/002 Penyedia_RekodBaru/001 Rekod Baru Pesanan Tempatan/label_Pembekal' is present

2019-04-09 12:46:22 - [MESSAGE][WARNING] - Timeout '0' is invalid. Using default page load timeout: '120'

2019-04-09 12:46:22 - [MESSAGE][PASSED] - Object 'Object Repository/Perolehan/002 Penyedia_RekodBaru/001 Rekod Baru Pesanan Tempatan/label_Pembekal' is present

2019-04-09 12:46:22 - [TEST_STEP][PASSED] - verifyElementPresent(findTestObject("Perolehan/002 Penyedia_RekodBaru/001 Rekod Baru Pesanan Tempatan/label_Cawangan Pembekal"), 0): Object 'Object Repository/Perolehan/002 Penyedia_RekodBaru/001 Rekod Baru Pesanan Tempatan/label_Cawangan Pembekal' is present

2019-04-09 12:46:22 - [MESSAGE][WARNING] - Timeout '0' is invalid. Using default page load timeout: '120'

2019-04-09 12:46:22 - [MESSAGE][PASSED] - Object 'Object Repository/Perolehan/002 Penyedia_RekodBaru/001 Rekod Baru Pesanan Tempatan/label_Cawangan Pembekal' is present

2019-04-09 12:46:22 - [TEST_STEP][PASSED] - verifyElementPresent(findTestObject("Perolehan/002 Penyedia_RekodBaru/001 Rekod Baru Pesanan Tempatan/label_Sila Bekalkan Sebelum at"), 0): Object 'Object Repository/Perolehan/002 Penyedia_RekodBaru/001 Rekod Baru Pesanan Tempatan/label_Sila Bekalkan Sebelum at' is present

2019-04-09 12:46:22 - [MESSAGE][WARNING] - Timeout '0' is invalid. Using default page load timeout: '120'

2019-04-09 12:46:22 - [MESSAGE][PASSED] - Object 'Object Repository/Perolehan/002 Penyedia_RekodBaru/001 Rekod Baru Pesanan Tempatan/label_Sila Bekalkan Sebelum at' is present

2019-04-09 12:46:22 - [TEST_STEP][PASSED] - click(findTestObject("Perolehan/002 Penyedia_RekodBaru/001 Rekod Baru Pesanan Tempatan/a_Pembekal _textbox-icon combo")): Object: 'Object Repository/Perolehan/002 Penyedia_RekodBaru/001 Rekod Baru Pesanan Tempatan/a_Pembekal _textbox-icon combo' is clicked on

2019-04-09 12:46:22 - [MESSAGE][PASSED] - Object: 'Object Repository/Perolehan/002 Penyedia_RekodBaru/001 Rekod Baru Pesanan Tempatan/a_Pembekal _textbox-icon combo' is clicked on

2019-04-09 12:46:22 - [TEST_STEP][PASSED] - delay(3): Delayed 3 second(s)

2019-04-09 12:46:25 - [MESSAGE][PASSED] - Delayed 3 second(s)

2019-04-09 12:46:25 - [TEST_STEP][PASSED] - setText(findTestObject("Perolehan/002 Penyedia_RekodBaru/007 Rekod Baru Pesanan Tempatan/input_kod_pembekal"), kod_pembekal_cek): Text 'Z0807BK44959' is set on object 'Object Repository/Perolehan/002 Penyedia_RekodBaru/007 Rekod Baru Pesanan Tempatan/input_kod_pembekal'

2019-04-09 12:46:26 - [MESSAGE][PASSED] - Text 'Z0807BK44959' is set on object 'Object Repository/Perolehan/002 Penyedia_RekodBaru/007 Rekod Baru Pesanan Tempatan/input_kod_pembekal'

2019-04-09 12:46:26 - [TEST_STEP][PASSED] - delay(3): Delayed 3 second(s)

2019-04-09 12:46:29 - [MESSAGE][PASSED] - Delayed 3 second(s)

2019-04-09 12:46:29 - [TEST_STEP][PASSED] - click(findTestObject("Perolehan/002 Penyedia_RekodBaru/001 Rekod Baru Pesanan Tempatan/Select_Pembekal", ["text":kod_pembekal_cek])): Object: 'Object Repository/Perolehan/002 Penyedia_RekodBaru/001 Rekod Baru Pesanan Tempatan/Select_Pembekal' is clicked on

2019-04-09 12:46:29 - [MESSAGE][PASSED] - Object: 'Object Repository/Perolehan/002 Penyedia_RekodBaru/001 Rekod Baru Pesanan Tempatan/Select_Pembekal' is clicked on

2019-04-09 12:46:29 - [TEST_STEP][PASSED] - delay(3): Delayed 3 second(s)

2019-04-09 12:46:32 - [MESSAGE][PASSED] - Delayed 3 second(s)

2019-04-09 12:46:32 - [TEST_STEP][PASSED] - click(findTestObject("Perolehan/002 Penyedia_RekodBaru/001 Rekod Baru Pesanan Tempatan/Date_Picker_Bekal_Kerja")): Object: 'Object Repository/Perolehan/002 Penyedia_RekodBaru/001 Rekod Baru Pesanan Tempatan/Date_Picker_Bekal_Kerja' is clicked on

2019-04-09 12:46:32 - [MESSAGE][PASSED] - Object: 'Object Repository/Perolehan/002 Penyedia_RekodBaru/001 Rekod Baru Pesanan Tempatan/Date_Picker_Bekal_Kerja' is clicked on

2019-04-09 12:46:32 - [TEST_STEP][PASSED] - delay(1): Delayed 1 second(s)

2019-04-09 12:46:33 - [MESSAGE][PASSED] - Delayed 1 second(s)

2019-04-09 12:46:33 - [TEST_STEP][PASSED] - click(findTestObject("Perolehan/002 Penyedia_RekodBaru/001 Rekod Baru Pesanan Tempatan/Date_Picker_Bekal_Kerja_Next_Month")): Object: 'Object Repository/Perolehan/002 Penyedia_RekodBaru/001 Rekod Baru Pesanan Tempatan/Date_Picker_Bekal_Kerja_Next_Month' is clicked on

2019-04-09 12:46:33 - [MESSAGE][PASSED] - Object: 'Object Repository/Perolehan/002 Penyedia_RekodBaru/001 Rekod Baru Pesanan Tempatan/Date_Picker_Bekal_Kerja_Next_Month' is clicked on

2019-04-09 12:46:33 - [TEST_STEP][PASSED] - delay(1): Delayed 1 second(s)

2019-04-09 12:46:34 - [MESSAGE][PASSED] - Delayed 1 second(s)

2019-04-09 12:46:34 - [TEST_STEP][PASSED] - click(findTestObject("Perolehan/002 Penyedia_RekodBaru/001 Rekod Baru Pesanan Tempatan/Date_Picker_Bekal_Kerja_Date")): Object: 'Object Repository/Perolehan/002 Penyedia_RekodBaru/001 Rekod Baru Pesanan Tempatan/Date_Picker_Bekal_Kerja_Date' is clicked on

2019-04-09 12:46:34 - [MESSAGE][PASSED] - Object: 'Object Repository/Perolehan/002 Penyedia_RekodBaru/001 Rekod Baru Pesanan Tempatan/Date_Picker_Bekal_Kerja_Date' is clicked on

2019-04-09 12:46:34 - [TEST_STEP][PASSED] - setText(findTestObject("Perolehan/002 Penyedia_RekodBaru/001 Rekod Baru Pesanan Tempatan/Text_box_Perihal"), "This is a test for PT - Cek automation scripts - Julia " + mydate): Text 'This is a test for PT - Cek automation scripts - Julia Tue Apr 09 12:46:18 SGT 2019' is set on object 'Object Repository/Perolehan/002 Penyedia_RekodBaru/001 Rekod Baru Pesanan Tempatan/Text_box_Perihal'

2019-04-09 12:46:34 - [MESSAGE][PASSED] - Text 'This is a test for PT - Cek automation scripts - Julia Tue Apr 09 12:46:18 SGT 2019' is set on object 'Object Repository/Perolehan/002 Penyedia_RekodBaru/001 Rekod Baru Pesanan Tempatan/Text_box_Perihal'

2019-04-09 12:46:34 - [TEST_STEP][PASSED] - delay(3): Delayed 3 second(s)

2019-04-09 12:46:37 - [MESSAGE][PASSED] - Delayed 3 second(s)

2019-04-09 12:46:37 - [TEST_STEP][PASSED] - click(findTestObject("Perolehan/002 Penyedia_RekodBaru/001 Rekod Baru Pesanan Tempatan/button_TambahCajLine")): Object: 'Object Repository/Perolehan/002 Penyedia_RekodBaru/001 Rekod Baru Pesanan Tempatan/button_TambahCajLine' is clicked on

2019-04-09 12:46:37 - [MESSAGE][PASSED] - Object: 'Object Repository/Perolehan/002 Penyedia_RekodBaru/001 Rekod Baru Pesanan Tempatan/button_TambahCajLine' is clicked on

2019-04-09 12:46:37 - [TEST_STEP][PASSED] - delay(3): Delayed 3 second(s)

2019-04-09 12:46:40 - [MESSAGE][PASSED] - Delayed 3 second(s)

2019-04-09 12:46:40 - [TEST_STEP][PASSED] - click(findTestObject("Perolehan/002 Penyedia_RekodBaru/001 Rekod Baru Pesanan Tempatan/Drop_down_Vot_Dana")): Object: 'Object Repository/Perolehan/002 Penyedia_RekodBaru/001 Rekod Baru Pesanan Tempatan/Drop_down_Vot_Dana' is clicked on

2019-04-09 12:46:40 - [MESSAGE][PASSED] - Object: 'Object Repository/Perolehan/002 Penyedia_RekodBaru/001 Rekod Baru Pesanan Tempatan/Drop_down_Vot_Dana' is clicked on

2019-04-09 12:46:40 - [TEST_STEP][PASSED] - delay(3): Delayed 3 second(s)

2019-04-09 12:46:43 - [MESSAGE][PASSED] - Delayed 3 second(s)

2019-04-09 12:46:43 - [TEST_STEP][PASSED] - setText(findTestObject("Perolehan/002 Penyedia_RekodBaru/007 Rekod Baru Pesanan Tempatan/Input_Vot_Dana"), Vot_dana): Text 'B31' is set on object 'Object Repository/Perolehan/002 Penyedia_RekodBaru/007 Rekod Baru Pesanan Tempatan/Input_Vot_Dana'

2019-04-09 12:46:44 - [MESSAGE][PASSED] - Text 'B31' is set on object 'Object Repository/Perolehan/002 Penyedia_RekodBaru/007 Rekod Baru Pesanan Tempatan/Input_Vot_Dana'

2019-04-09 12:46:44 - [TEST_STEP][PASSED] - click(findTestObject("Perolehan/002 Penyedia_RekodBaru/001 Rekod Baru Pesanan Tempatan/Select_Vot_Dana", ["text":Vot_dana])): Object: 'Object Repository/Perolehan/002 Penyedia_RekodBaru/001 Rekod Baru Pesanan Tempatan/Select_Vot_Dana' is clicked on

2019-04-09 12:46:44 - [MESSAGE][PASSED] - Object: 'Object Repository/Perolehan/002 Penyedia_RekodBaru/001 Rekod Baru Pesanan Tempatan/Select_Vot_Dana' is clicked on

2019-04-09 12:46:44 - [TEST_STEP][PASSED] - delay(3): Delayed 3 second(s)

2019-04-09 12:46:47 - [MESSAGE][PASSED] - Delayed 3 second(s)

2019-04-09 12:46:47 - [TEST_STEP][PASSED] - click(findTestObject("Perolehan/002 Penyedia_RekodBaru/001 Rekod Baru Pesanan Tempatan/Drop_down_Program_Aktiviti")): Object: 'Object Repository/Perolehan/002 Penyedia_RekodBaru/001 Rekod Baru Pesanan Tempatan/Drop_down_Program_Aktiviti' is clicked on

2019-04-09 12:46:47 - [MESSAGE][PASSED] - Object: 'Object Repository/Perolehan/002 Penyedia_RekodBaru/001 Rekod Baru Pesanan Tempatan/Drop_down_Program_Aktiviti' is clicked on

2019-04-09 12:46:47 - [TEST_STEP][PASSED] - setText(findTestObject("Perolehan/002 Penyedia_RekodBaru/007 Rekod Baru Pesanan Tempatan/input_Kod_Program_Aktiviti"), kod_program_aktiviti): Text '160080' is set on object 'Object Repository/Perolehan/002 Penyedia_RekodBaru/007 Rekod Baru Pesanan Tempatan/input_Kod_Program_Aktiviti'

2019-04-09 12:46:47 - [MESSAGE][PASSED] - Text '160080' is set on object 'Object Repository/Perolehan/002 Penyedia_RekodBaru/007 Rekod Baru Pesanan Tempatan/input_Kod_Program_Aktiviti'

2019-04-09 12:46:47 - [TEST_STEP][PASSED] - click(findTestObject("Perolehan/002 Penyedia_RekodBaru/001 Rekod Baru Pesanan Tempatan/Select_Program", ["text":kod_program_aktiviti])): Object: 'Object Repository/Perolehan/002 Penyedia_RekodBaru/001 Rekod Baru Pesanan Tempatan/Select_Program' is clicked on

2019-04-09 12:46:47 - [MESSAGE][PASSED] - Object: 'Object Repository/Perolehan/002 Penyedia_RekodBaru/001 Rekod Baru Pesanan Tempatan/Select_Program' is clicked on

2019-04-09 12:46:47 - [TEST_STEP][PASSED] - delay(3): Delayed 3 second(s)

2019-04-09 12:46:50 - [MESSAGE][PASSED] - Delayed 3 second(s)

2019-04-09 12:46:50 - [TEST_STEP][PASSED] - click(findTestObject("Perolehan/002 Penyedia_RekodBaru/001 Rekod Baru Pesanan Tempatan/Drop_down_Kod_Akaun")): Object: 'Object Repository/Perolehan/002 Penyedia_RekodBaru/001 Rekod Baru Pesanan Tempatan/Drop_down_Kod_Akaun' is clicked on

2019-04-09 12:46:50 - [MESSAGE][PASSED] - Object: 'Object Repository/Perolehan/002 Penyedia_RekodBaru/001 Rekod Baru Pesanan Tempatan/Drop_down_Kod_Akaun' is clicked on

2019-04-09 12:46:50 - [TEST_STEP][PASSED] - delay(3): Delayed 3 second(s)

2019-04-09 12:46:53 - [MESSAGE][PASSED] - Delayed 3 second(s)

2019-04-09 12:46:53 - [TEST_STEP][PASSED] - setText(findTestObject("Perolehan/002 Penyedia_RekodBaru/007 Rekod Baru Pesanan Tempatan/input_kod_Akaun"), kod_akaun_cek): Text 'B0227102' is set on object 'Object Repository/Perolehan/002 Penyedia_RekodBaru/007 Rekod Baru Pesanan Tempatan/input_kod_Akaun'

2019-04-09 12:46:54 - [MESSAGE][PASSED] - Text 'B0227102' is set on object 'Object Repository/Perolehan/002 Penyedia_RekodBaru/007 Rekod Baru Pesanan Tempatan/input_kod_Akaun'

2019-04-09 12:46:54 - [TEST_STEP][PASSED] - delay(3): Delayed 3 second(s)

2019-04-09 12:46:57 - [MESSAGE][PASSED] - Delayed 3 second(s)

2019-04-09 12:46:57 - [TEST_STEP][PASSED] - click(findTestObject("Perolehan/002 Penyedia_RekodBaru/001 Rekod Baru Pesanan Tempatan/Select_Kod_Akaun", ["text":kod_akaun_cek])): Object: 'Object Repository/Perolehan/002 Penyedia_RekodBaru/001 Rekod Baru Pesanan Tempatan/Select_Kod_Akaun' is clicked on

2019-04-09 12:46:57 - [MESSAGE][PASSED] - Object: 'Object Repository/Perolehan/002 Penyedia_RekodBaru/001 Rekod Baru Pesanan Tempatan/Select_Kod_Akaun' is clicked on

2019-04-09 12:46:57 - [TEST_STEP][PASSED] - click(findTestObject("Perolehan/002 Penyedia_RekodBaru/001 Rekod Baru Pesanan Tempatan/Drop_down_Kod_Barang")): Object: 'Object Repository/Perolehan/002 Penyedia_RekodBaru/001 Rekod Baru Pesanan Tempatan/Drop_down_Kod_Barang' is clicked on

2019-04-09 12:46:57 - [MESSAGE][PASSED] - Object: 'Object Repository/Perolehan/002 Penyedia_RekodBaru/001 Rekod Baru Pesanan Tempatan/Drop_down_Kod_Barang' is clicked on

2019-04-09 12:46:57 - [TEST_STEP][PASSED] - delay(3): Delayed 3 second(s)

2019-04-09 12:47:00 - [MESSAGE][PASSED] - Delayed 3 second(s)

2019-04-09 12:47:00 - [TEST_STEP][PASSED] - setText(findTestObject("Perolehan/002 Penyedia_RekodBaru/007 Rekod Baru Pesanan Tempatan/input_kod_barang"), kod_barang_cek): Text '2710200000000000000' is set on object 'Object Repository/Perolehan/002 Penyedia_RekodBaru/007 Rekod Baru Pesanan Tempatan/input_kod_barang'

2019-04-09 12:47:01 - [MESSAGE][PASSED] - Text '2710200000000000000' is set on object 'Object Repository/Perolehan/002 Penyedia_RekodBaru/007 Rekod Baru Pesanan Tempatan/input_kod_barang'

2019-04-09 12:47:01 - [TEST_STEP][PASSED] - click(findTestObject("Perolehan/002 Penyedia_RekodBaru/001 Rekod Baru Pesanan Tempatan/SelectKod_Barang", ["text":kod_barang_cek])): Object: 'Object Repository/Perolehan/002 Penyedia_RekodBaru/001 Rekod Baru Pesanan Tempatan/SelectKod_Barang' is clicked on

2019-04-09 12:47:01 - [MESSAGE][PASSED] - Object: 'Object Repository/Perolehan/002 Penyedia_RekodBaru/001 Rekod Baru Pesanan Tempatan/SelectKod_Barang' is clicked on

2019-04-09 12:47:01 - [TEST_STEP][PASSED] - click(findTestObject("Perolehan/002 Penyedia_RekodBaru/001 Rekod Baru Pesanan Tempatan/Drop_down_Kategori_Pesanan_Tempatan")): Object: 'Object Repository/Perolehan/002 Penyedia_RekodBaru/001 Rekod Baru Pesanan Tempatan/Drop_down_Kategori_Pesanan_Tempatan' is clicked on

2019-04-09 12:47:01 - [MESSAGE][PASSED] - Object: 'Object Repository/Perolehan/002 Penyedia_RekodBaru/001 Rekod Baru Pesanan Tempatan/Drop_down_Kategori_Pesanan_Tempatan' is clicked on

2019-04-09 12:47:01 - [TEST_STEP][PASSED] - click(findTestObject("Perolehan/002 Penyedia_RekodBaru/001 Rekod Baru Pesanan Tempatan/Select_Kategori_Pesanan_PERKHIDMATAN")): Object: 'Object Repository/Perolehan/002 Penyedia_RekodBaru/001 Rekod Baru Pesanan Tempatan/Select_Kategori_Pesanan_PERKHIDMATAN' is clicked on

2019-04-09 12:47:01 - [MESSAGE][PASSED] - Object: 'Object Repository/Perolehan/002 Penyedia_RekodBaru/001 Rekod Baru Pesanan Tempatan/Select_Kategori_Pesanan_PERKHIDMATAN' is clicked on

2019-04-09 12:47:01 - [TEST_STEP][PASSED] - setText(findTestObject("Perolehan/002 Penyedia_RekodBaru/001 Rekod Baru Pesanan Tempatan/input_kuantiti"), "3"): Text '3' is set on object 'Object Repository/Perolehan/002 Penyedia_RekodBaru/001 Rekod Baru Pesanan Tempatan/input_kuantiti'

2019-04-09 12:47:01 - [MESSAGE][PASSED] - Text '3' is set on object 'Object Repository/Perolehan/002 Penyedia_RekodBaru/001 Rekod Baru Pesanan Tempatan/input_kuantiti'

2019-04-09 12:47:01 - [TEST_STEP][PASSED] - click(findTestObject("Perolehan/002 Penyedia_RekodBaru/001 Rekod Baru Pesanan Tempatan/Drop_down_Unit_Ukuran")): Object: 'Object Repository/Perolehan/002 Penyedia_RekodBaru/001 Rekod Baru Pesanan Tempatan/Drop_down_Unit_Ukuran' is clicked on

2019-04-09 12:47:01 - [MESSAGE][PASSED] - Object: 'Object Repository/Perolehan/002 Penyedia_RekodBaru/001 Rekod Baru Pesanan Tempatan/Drop_down_Unit_Ukuran' is clicked on

2019-04-09 12:47:01 - [TEST_STEP][PASSED] - delay(3): Delayed 3 second(s)

2019-04-09 12:47:04 - [MESSAGE][PASSED] - Delayed 3 second(s)

2019-04-09 12:47:04 - [TEST_STEP][PASSED] - click(findTestObject("Perolehan/002 Penyedia_RekodBaru/001 Rekod Baru Pesanan Tempatan/select_unit_ukuran_buah")): Object: 'Object Repository/Perolehan/002 Penyedia_RekodBaru/001 Rekod Baru Pesanan Tempatan/select_unit_ukuran_buah' is clicked on

2019-04-09 12:47:04 - [MESSAGE][PASSED] - Object: 'Object Repository/Perolehan/002 Penyedia_RekodBaru/001 Rekod Baru Pesanan Tempatan/select_unit_ukuran_buah' is clicked on

2019-04-09 12:47:04 - [TEST_STEP][PASSED] - setText(findTestObject("Perolehan/002 Penyedia_RekodBaru/001 Rekod Baru Pesanan Tempatan/input_harga_seunit"), "1.77"): Text '1.77' is set on object 'Object Repository/Perolehan/002 Penyedia_RekodBaru/001 Rekod Baru Pesanan Tempatan/input_harga_seunit'

2019-04-09 12:47:05 - [MESSAGE][PASSED] - Text '1.77' is set on object 'Object Repository/Perolehan/002 Penyedia_RekodBaru/001 Rekod Baru Pesanan Tempatan/input_harga_seunit'

2019-04-09 12:47:05 - [TEST_STEP][PASSED] - click(findTestObject("Perolehan/002 Penyedia_RekodBaru/001 Rekod Baru Pesanan Tempatan/button_simpan_caj_line")): Object: 'Object Repository/Perolehan/002 Penyedia_RekodBaru/001 Rekod Baru Pesanan Tempatan/button_simpan_caj_line' is clicked on

2019-04-09 12:47:05 - [MESSAGE][PASSED] - Object: 'Object Repository/Perolehan/002 Penyedia_RekodBaru/001 Rekod Baru Pesanan Tempatan/button_simpan_caj_line' is clicked on

2019-04-09 12:47:05 - [TEST_STEP][PASSED] - delay(3): Delayed 3 second(s)

2019-04-09 12:47:08 - [MESSAGE][PASSED] - Delayed 3 second(s)

2019-04-09 12:47:08 - [TEST_STEP][PASSED] - waitForElementClickable(findTestObject("Perolehan/002 Penyedia_RekodBaru/001 Rekod Baru Pesanan Tempatan/button_OK_Peruntukan_cukup"), 3): Object 'Object Repository/Perolehan/002 Penyedia_RekodBaru/001 Rekod Baru Pesanan Tempatan/button_OK_Peruntukan_cukup' is clickable

2019-04-09 12:47:08 - [MESSAGE][PASSED] - Object 'Object Repository/Perolehan/002 Penyedia_RekodBaru/001 Rekod Baru Pesanan Tempatan/button_OK_Peruntukan_cukup' is clickable

2019-04-09 12:47:08 - [TEST_STEP][PASSED] - click(findTestObject("Perolehan/002 Penyedia_RekodBaru/001 Rekod Baru Pesanan Tempatan/button_OK_Peruntukan_cukup")): Object: 'Object Repository/Perolehan/002 Penyedia_RekodBaru/001 Rekod Baru Pesanan Tempatan/button_OK_Peruntukan_cukup' is clicked on

2019-04-09 12:47:08 - [MESSAGE][PASSED] - Object: 'Object Repository/Perolehan/002 Penyedia_RekodBaru/001 Rekod Baru Pesanan Tempatan/button_OK_Peruntukan_cukup' is clicked on

2019-04-09 12:47:08 - [TEST_STEP][PASSED] - click(findTestObject("Perolehan/002 Penyedia_RekodBaru/001 Rekod Baru Pesanan Tempatan/button_Simpan_Rekod")): Object: 'Object Repository/Perolehan/002 Penyedia_RekodBaru/001 Rekod Baru Pesanan Tempatan/button_Simpan_Rekod' is clicked on

2019-04-09 12:47:08 - [MESSAGE][PASSED] - Object: 'Object Repository/Perolehan/002 Penyedia_RekodBaru/001 Rekod Baru Pesanan Tempatan/button_Simpan_Rekod' is clicked on

2019-04-09 12:47:08 - [TEST_STEP][PASSED] - delay(3): Delayed 3 second(s)

2019-04-09 12:47:11 - [MESSAGE][PASSED] - Delayed 3 second(s)

2019-04-09 12:47:11 - [TEST_STEP][PASSED] - waitForElementClickable(findTestObject("Perolehan/002 Penyedia_RekodBaru/001 Rekod Baru Pesanan Tempatan/button_OK_Rekod_Berjaya_disimpan"), 60): Object 'Object Repository/Perolehan/002 Penyedia_RekodBaru/001 Rekod Baru Pesanan Tempatan/button_OK_Rekod_Berjaya_disimpan' is clickable

2019-04-09 12:47:11 - [MESSAGE][PASSED] - Object 'Object Repository/Perolehan/002 Penyedia_RekodBaru/001 Rekod Baru Pesanan Tempatan/button_OK_Rekod_Berjaya_disimpan' is clickable

2019-04-09 12:47:11 - [TEST_STEP][PASSED] - click(findTestObject("Perolehan/002 Penyedia_RekodBaru/001 Rekod Baru Pesanan Tempatan/button_OK_Rekod_Berjaya_disimpan")): Object: 'Object Repository/Perolehan/002 Penyedia_RekodBaru/001 Rekod Baru Pesanan Tempatan/button_OK_Rekod_Berjaya_disimpan' is clicked on

2019-04-09 12:47:11 - [MESSAGE][PASSED] - Object: 'Object Repository/Perolehan/002 Penyedia_RekodBaru/001 Rekod Baru Pesanan Tempatan/button_OK_Rekod_Berjaya_disimpan' is clicked on

2019-04-09 12:47:11 - [TEST_STEP][PASSED] - delay(3): Delayed 3 second(s)

2019-04-09 12:47:14 - [MESSAGE][PASSED] - Delayed 3 second(s)

2019-04-09 12:47:14 - [TEST_STEP][PASSED] - JumlahPesananTempatan = getText(findTestObject("Perolehan/002 Penyedia_RekodBaru/001 Rekod Baru Pesanan Tempatan/Jumlah_pesanan_tempatan")): Text of object 'Object Repository/Perolehan/002 Penyedia_RekodBaru/001 Rekod Baru Pesanan Tempatan/Jumlah_pesanan_tempatan' is: '5.31'

2019-04-09 12:47:14 - [MESSAGE][PASSED] - Text of object 'Object Repository/Perolehan/002 Penyedia_RekodBaru/001 Rekod Baru Pesanan Tempatan/Jumlah_pesanan_tempatan' is: '5.31'

2019-04-09 12:47:14 - [TEST_STEP][PASSED] - println(JumlahPesananTempatan): null

2019-04-09 12:47:14 - [TEST_STEP][PASSED] - click(findTestObject("Perolehan/002 Penyedia_RekodBaru/001 Rekod Baru Pesanan Tempatan/Tab_Penghantaran_Barang")): Object: 'Object Repository/Perolehan/002 Penyedia_RekodBaru/001 Rekod Baru Pesanan Tempatan/Tab_Penghantaran_Barang' is clicked on

2019-04-09 12:47:14 - [MESSAGE][PASSED] - Object: 'Object Repository/Perolehan/002 Penyedia_RekodBaru/001 Rekod Baru Pesanan Tempatan/Tab_Penghantaran_Barang' is clicked on

2019-04-09 12:47:14 - [TEST_STEP][PASSED] - click(findTestObject("Perolehan/002 Penyedia_RekodBaru/001 Rekod Baru Pesanan Tempatan/button_tambah_master_barang")): Object: 'Object Repository/Perolehan/002 Penyedia_RekodBaru/001 Rekod Baru Pesanan Tempatan/button_tambah_master_barang' is clicked on

2019-04-09 12:47:14 - [MESSAGE][PASSED] - Object: 'Object Repository/Perolehan/002 Penyedia_RekodBaru/001 Rekod Baru Pesanan Tempatan/button_tambah_master_barang' is clicked on

2019-04-09 12:47:14 - [TEST_STEP][PASSED] - setText(findTestObject("Perolehan/002 Penyedia_RekodBaru/001 Rekod Baru Pesanan Tempatan/input_untuk_perhatian"), "Yang Berkenaan"): Text 'Yang Berkenaan' is set on object 'Object Repository/Perolehan/002 Penyedia_RekodBaru/001 Rekod Baru Pesanan Tempatan/input_untuk_perhatian'

2019-04-09 12:47:15 - [MESSAGE][PASSED] - Text 'Yang Berkenaan' is set on object 'Object Repository/Perolehan/002 Penyedia_RekodBaru/001 Rekod Baru Pesanan Tempatan/input_untuk_perhatian'

2019-04-09 12:47:15 - [TEST_STEP][PASSED] - click(findTestObject("Perolehan/002 Penyedia_RekodBaru/001 Rekod Baru Pesanan Tempatan/Drop_down_bekal_kepada_Jabatan")): Object: 'Object Repository/Perolehan/002 Penyedia_RekodBaru/001 Rekod Baru Pesanan Tempatan/Drop_down_bekal_kepada_Jabatan' is clicked on

2019-04-09 12:47:15 - [MESSAGE][PASSED] - Object: 'Object Repository/Perolehan/002 Penyedia_RekodBaru/001 Rekod Baru Pesanan Tempatan/Drop_down_bekal_kepada_Jabatan' is clicked on

2019-04-09 12:47:15 - [TEST_STEP][PASSED] - setText(findTestObject("Perolehan/002 Penyedia_RekodBaru/007 Rekod Baru Pesanan Tempatan/input_bekal_kepada_jabatan"), kod_jabatan): Text '004000' is set on object 'Object Repository/Perolehan/002 Penyedia_RekodBaru/007 Rekod Baru Pesanan Tempatan/input_bekal_kepada_jabatan'

2019-04-09 12:47:15 - [MESSAGE][PASSED] - Text '004000' is set on object 'Object Repository/Perolehan/002 Penyedia_RekodBaru/007 Rekod Baru Pesanan Tempatan/input_bekal_kepada_jabatan'

2019-04-09 12:47:15 - [TEST_STEP][PASSED] - delay(3): Delayed 3 second(s)

2019-04-09 12:47:18 - [MESSAGE][PASSED] - Delayed 3 second(s)

2019-04-09 12:47:18 - [TEST_STEP][PASSED] - click(findTestObject("Perolehan/002 Penyedia_RekodBaru/001 Rekod Baru Pesanan Tempatan/select_jabatan", ["text":kod_jabatan])): Object: 'Object Repository/Perolehan/002 Penyedia_RekodBaru/001 Rekod Baru Pesanan Tempatan/select_jabatan' is clicked on

2019-04-09 12:47:18 - [MESSAGE][PASSED] - Object: 'Object Repository/Perolehan/002 Penyedia_RekodBaru/001 Rekod Baru Pesanan Tempatan/select_jabatan' is clicked on

2019-04-09 12:47:18 - [TEST_STEP][PASSED] - delay(3): Delayed 3 second(s)

2019-04-09 12:47:21 - [MESSAGE][PASSED] - Delayed 3 second(s)

2019-04-09 12:47:21 - [TEST_STEP][PASSED] - click(findTestObject("Perolehan/002 Penyedia_RekodBaru/001 Rekod Baru Pesanan Tempatan/Drop_down_master_PTJ")): Object: 'Object Repository/Perolehan/002 Penyedia_RekodBaru/001 Rekod Baru Pesanan Tempatan/Drop_down_master_PTJ' is clicked on

2019-04-09 12:47:21 - [MESSAGE][PASSED] - Object: 'Object Repository/Perolehan/002 Penyedia_RekodBaru/001 Rekod Baru Pesanan Tempatan/Drop_down_master_PTJ' is clicked on

2019-04-09 12:47:21 - [TEST_STEP][PASSED] - delay(3): Delayed 3 second(s)

2019-04-09 12:47:24 - [MESSAGE][PASSED] - Delayed 3 second(s)

2019-04-09 12:47:24 - [TEST_STEP][PASSED] - setText(findTestObject("Perolehan/002 Penyedia_RekodBaru/007 Rekod Baru Pesanan Tempatan/input_kod_PTJ"), kod_PTJ): Text '00400101' is set on object 'Object Repository/Perolehan/002 Penyedia_RekodBaru/007 Rekod Baru Pesanan Tempatan/input_kod_PTJ'

2019-04-09 12:47:25 - [MESSAGE][PASSED] - Text '00400101' is set on object 'Object Repository/Perolehan/002 Penyedia_RekodBaru/007 Rekod Baru Pesanan Tempatan/input_kod_PTJ'

2019-04-09 12:47:25 - [TEST_STEP][PASSED] - click(findTestObject("Perolehan/002 Penyedia_RekodBaru/001 Rekod Baru Pesanan Tempatan/select_master_PTJ", ["text":kod_PTJ])): Object: 'Object Repository/Perolehan/002 Penyedia_RekodBaru/001 Rekod Baru Pesanan Tempatan/select_master_PTJ' is clicked on

2019-04-09 12:47:25 - [MESSAGE][PASSED] - Object: 'Object Repository/Perolehan/002 Penyedia_RekodBaru/001 Rekod Baru Pesanan Tempatan/select_master_PTJ' is clicked on

2019-04-09 12:47:25 - [TEST_STEP][PASSED] - delay(3): Delayed 3 second(s)

2019-04-09 12:47:28 - [MESSAGE][PASSED] - Delayed 3 second(s)

2019-04-09 12:47:28 - [TEST_STEP][PASSED] - check(findTestObject("Perolehan/002 Penyedia_RekodBaru/001 Rekod Baru Pesanan Tempatan/checkbox_alamat_utama")): Object 'Object Repository/Perolehan/002 Penyedia_RekodBaru/001 Rekod Baru Pesanan Tempatan/checkbox_alamat_utama' is checked

2019-04-09 12:47:28 - [MESSAGE][PASSED] - Object 'Object Repository/Perolehan/002 Penyedia_RekodBaru/001 Rekod Baru Pesanan Tempatan/checkbox_alamat_utama' is checked

2019-04-09 12:47:28 - [TEST_STEP][PASSED] - click(findTestObject("Perolehan/002 Penyedia_RekodBaru/001 Rekod Baru Pesanan Tempatan/button_tambah_senarai_barang")): Object: 'Object Repository/Perolehan/002 Penyedia_RekodBaru/001 Rekod Baru Pesanan Tempatan/button_tambah_senarai_barang' is clicked on

2019-04-09 12:47:28 - [MESSAGE][PASSED] - Object: 'Object Repository/Perolehan/002 Penyedia_RekodBaru/001 Rekod Baru Pesanan Tempatan/button_tambah_senarai_barang' is clicked on

2019-04-09 12:47:28 - [TEST_STEP][PASSED] - delay(3): Delayed 3 second(s)

2019-04-09 12:47:31 - [MESSAGE][PASSED] - Delayed 3 second(s)

2019-04-09 12:47:31 - [TEST_STEP][PASSED] - click(findTestObject("Perolehan/002 Penyedia_RekodBaru/001 Rekod Baru Pesanan Tempatan/Drop_down_senarai_barang")): Object: 'Object Repository/Perolehan/002 Penyedia_RekodBaru/001 Rekod Baru Pesanan Tempatan/Drop_down_senarai_barang' is clicked on

2019-04-09 12:47:31 - [MESSAGE][PASSED] - Object: 'Object Repository/Perolehan/002 Penyedia_RekodBaru/001 Rekod Baru Pesanan Tempatan/Drop_down_senarai_barang' is clicked on

2019-04-09 12:47:31 - [TEST_STEP][PASSED] - delay(3): Delayed 3 second(s)

2019-04-09 12:47:34 - [MESSAGE][PASSED] - Delayed 3 second(s)

2019-04-09 12:47:34 - [TEST_STEP][PASSED] - click(findTestObject("Perolehan/002 Penyedia_RekodBaru/001 Rekod Baru Pesanan Tempatan/Drop_down_Barang_1", ["text":kod_barang_cek])): Object: 'Object Repository/Perolehan/002 Penyedia_RekodBaru/001 Rekod Baru Pesanan Tempatan/Drop_down_Barang_1' is clicked on

2019-04-09 12:47:34 - [MESSAGE][PASSED] - Object: 'Object Repository/Perolehan/002 Penyedia_RekodBaru/001 Rekod Baru Pesanan Tempatan/Drop_down_Barang_1' is clicked on

2019-04-09 12:47:34 - [TEST_STEP][PASSED] - setText(findTestObject("Perolehan/002 Penyedia_RekodBaru/001 Rekod Baru Pesanan Tempatan/input_Kuantiti_senarai_barang"), "3"): Text '3' is set on object 'Object Repository/Perolehan/002 Penyedia_RekodBaru/001 Rekod Baru Pesanan Tempatan/input_Kuantiti_senarai_barang'

2019-04-09 12:47:34 - [MESSAGE][PASSED] - Text '3' is set on object 'Object Repository/Perolehan/002 Penyedia_RekodBaru/001 Rekod Baru Pesanan Tempatan/input_Kuantiti_senarai_barang'

2019-04-09 12:47:34 - [TEST_STEP][PASSED] - click(findTestObject("Perolehan/002 Penyedia_RekodBaru/001 Rekod Baru Pesanan Tempatan/button_save_senarai_barang")): Object: 'Object Repository/Perolehan/002 Penyedia_RekodBaru/001 Rekod Baru Pesanan Tempatan/button_save_senarai_barang' is clicked on

2019-04-09 12:47:34 - [MESSAGE][PASSED] - Object: 'Object Repository/Perolehan/002 Penyedia_RekodBaru/001 Rekod Baru Pesanan Tempatan/button_save_senarai_barang' is clicked on

2019-04-09 12:47:34 - [TEST_STEP][PASSED] - click(findTestObject("Perolehan/002 Penyedia_RekodBaru/001 Rekod Baru Pesanan Tempatan/button_simpan_maklumat_bekalan")): Object: 'Object Repository/Perolehan/002 Penyedia_RekodBaru/001 Rekod Baru Pesanan Tempatan/button_simpan_maklumat_bekalan' is clicked on

2019-04-09 12:47:35 - [MESSAGE][PASSED] - Object: 'Object Repository/Perolehan/002 Penyedia_RekodBaru/001 Rekod Baru Pesanan Tempatan/button_simpan_maklumat_bekalan' is clicked on

2019-04-09 12:47:35 - [TEST_STEP][PASSED] - click(findTestObject("Perolehan/002 Penyedia_RekodBaru/001 Rekod Baru Pesanan Tempatan/Tab_Pesanan_Tempatan")): Object: 'Object Repository/Perolehan/002 Penyedia_RekodBaru/001 Rekod Baru Pesanan Tempatan/Tab_Pesanan_Tempatan' is clicked on

2019-04-09 12:47:35 - [MESSAGE][PASSED] - Object: 'Object Repository/Perolehan/002 Penyedia_RekodBaru/001 Rekod Baru Pesanan Tempatan/Tab_Pesanan_Tempatan' is clicked on

2019-04-09 12:47:35 - [TEST_STEP][PASSED] - click(findTestObject("Perolehan/002 Penyedia_RekodBaru/001 Rekod Baru Pesanan Tempatan/button_Simpan_Rekod")): Object: 'Object Repository/Perolehan/002 Penyedia_RekodBaru/001 Rekod Baru Pesanan Tempatan/button_Simpan_Rekod' is clicked on

2019-04-09 12:47:35 - [MESSAGE][PASSED] - Object: 'Object Repository/Perolehan/002 Penyedia_RekodBaru/001 Rekod Baru Pesanan Tempatan/button_Simpan_Rekod' is clicked on

2019-04-09 12:47:35 - [TEST_STEP][PASSED] - delay(3): Delayed 3 second(s)

2019-04-09 12:47:38 - [MESSAGE][PASSED] - Delayed 3 second(s)

2019-04-09 12:47:38 - [TEST_STEP][PASSED] - waitForElementClickable(findTestObject("Perolehan/002 Penyedia_RekodBaru/001 Rekod Baru Pesanan Tempatan/button_OK_Rekod_Berjaya_disimpan"), 60): Object 'Object Repository/Perolehan/002 Penyedia_RekodBaru/001 Rekod Baru Pesanan Tempatan/button_OK_Rekod_Berjaya_disimpan' is clickable

2019-04-09 12:47:38 - [MESSAGE][PASSED] - Object 'Object Repository/Perolehan/002 Penyedia_RekodBaru/001 Rekod Baru Pesanan Tempatan/button_OK_Rekod_Berjaya_disimpan' is clickable

2019-04-09 12:47:38 - [TEST_STEP][PASSED] - waitForElementClickable(findTestObject("Perolehan/002 Penyedia_RekodBaru/001 Rekod Baru Pesanan Tempatan/button_OK_Rekod_Berjaya_disimpan"), 300): Object 'Object Repository/Perolehan/002 Penyedia_RekodBaru/001 Rekod Baru Pesanan Tempatan/button_OK_Rekod_Berjaya_disimpan' is clickable

2019-04-09 12:47:38 - [MESSAGE][PASSED] - Object 'Object Repository/Perolehan/002 Penyedia_RekodBaru/001 Rekod Baru Pesanan Tempatan/button_OK_Rekod_Berjaya_disimpan' is clickable

2019-04-09 12:47:38 - [TEST_STEP][PASSED] - element = findWebElement(findTestObject("Perolehan/002 Penyedia_RekodBaru/001 Rekod Baru Pesanan Tempatan/button_OK_Rekod_Berjaya_disimpan"), 300): null

2019-04-09 12:47:38 - [TEST_STEP][PASSED] - takeScreenshot(): Taking screenshot successfully

2019-04-09 12:47:38 - [MESSAGE][PASSED] - Taking screenshot successfully
[[ATTACHMENT|C:\\Users\\Consultant_MSPHitect\\Katalon Studio\\TrainingonKatalon\\Reports\\Perolehan\\06 Pesanan Tempatan - CEK - Perak\\20190409_122750\\1554785258406.png]]

2019-04-09 12:47:38 - [TEST_STEP][PASSED] - click(findTestObject("Perolehan/002 Penyedia_RekodBaru/001 Rekod Baru Pesanan Tempatan/button_OK_Rekod_Berjaya_disimpan")): Object: 'Object Repository/Perolehan/002 Penyedia_RekodBaru/001 Rekod Baru Pesanan Tempatan/button_OK_Rekod_Berjaya_disimpan' is clicked on

2019-04-09 12:47:38 - [MESSAGE][PASSED] - Object: 'Object Repository/Perolehan/002 Penyedia_RekodBaru/001 Rekod Baru Pesanan Tempatan/button_OK_Rekod_Berjaya_disimpan' is clicked on]]></system-out>
         <system-err><![CDATA[]]></system-err>
      </testcase>
      <testcase name="Test Cases/Perolehan/002 Rekod Baru oleh Penyedia/002 Senarai Semak" classname="Test Cases/Perolehan/002 Rekod Baru oleh Penyedia/002 Senarai Semak" status="PASSED">
         <system-out><![CDATA[2019-04-09 12:47:38 - [TEST_CASE][PASSED] - Test Cases/Perolehan/002 Rekod Baru oleh Penyedia/002 Senarai Semak: Test Cases/Perolehan/002 Rekod Baru oleh Penyedia/002 Senarai Semak

2019-04-09 12:47:38 - [TEST_STEP][PASSED] - delay(5): Delayed 5 second(s)

2019-04-09 12:47:43 - [MESSAGE][PASSED] - Delayed 5 second(s)

2019-04-09 12:47:43 - [TEST_STEP][PASSED] - click(findTestObject("Perolehan/002 Penyedia_RekodBaru/0021 Senarai Semak/button_Senarai Semak")): Object: 'Object Repository/Perolehan/002 Penyedia_RekodBaru/0021 Senarai Semak/button_Senarai Semak' is clicked on

2019-04-09 12:47:44 - [MESSAGE][PASSED] - Object: 'Object Repository/Perolehan/002 Penyedia_RekodBaru/0021 Senarai Semak/button_Senarai Semak' is clicked on

2019-04-09 12:47:44 - [TEST_STEP][PASSED] - delay(3): Delayed 3 second(s)

2019-04-09 12:47:47 - [MESSAGE][PASSED] - Delayed 3 second(s)

2019-04-09 12:47:47 - [TEST_STEP][PASSED] - check(findTestObject("Perolehan/002 Penyedia_RekodBaru/0021 Senarai Semak/Senarai_semak_IC")): Object 'Object Repository/Perolehan/002 Penyedia_RekodBaru/0021 Senarai Semak/Senarai_semak_IC' is checked

2019-04-09 12:47:47 - [MESSAGE][PASSED] - Object 'Object Repository/Perolehan/002 Penyedia_RekodBaru/0021 Senarai Semak/Senarai_semak_IC' is checked

2019-04-09 12:47:47 - [TEST_STEP][PASSED] - check(findTestObject("Perolehan/002 Penyedia_RekodBaru/0021 Senarai Semak/Senarai_semak_Pesanan_Tempatan")): Object 'Object Repository/Perolehan/002 Penyedia_RekodBaru/0021 Senarai Semak/Senarai_semak_Pesanan_Tempatan' is checked

2019-04-09 12:47:47 - [MESSAGE][PASSED] - Object 'Object Repository/Perolehan/002 Penyedia_RekodBaru/0021 Senarai Semak/Senarai_semak_Pesanan_Tempatan' is checked

2019-04-09 12:47:47 - [TEST_STEP][PASSED] - check(findTestObject("Perolehan/002 Penyedia_RekodBaru/0021 Senarai Semak/Senarai_semak_Perihal_Perolehan")): Object 'Object Repository/Perolehan/002 Penyedia_RekodBaru/0021 Senarai Semak/Senarai_semak_Perihal_Perolehan' is checked

2019-04-09 12:47:47 - [MESSAGE][PASSED] - Object 'Object Repository/Perolehan/002 Penyedia_RekodBaru/0021 Senarai Semak/Senarai_semak_Perihal_Perolehan' is checked

2019-04-09 12:47:47 - [TEST_STEP][PASSED] - click(findTestObject("Perolehan/002 Penyedia_RekodBaru/0021 Senarai Semak/button_simpan_senarai_semak")): Object: 'Object Repository/Perolehan/002 Penyedia_RekodBaru/0021 Senarai Semak/button_simpan_senarai_semak' is clicked on

2019-04-09 12:47:47 - [MESSAGE][PASSED] - Object: 'Object Repository/Perolehan/002 Penyedia_RekodBaru/0021 Senarai Semak/button_simpan_senarai_semak' is clicked on

2019-04-09 12:47:47 - [TEST_STEP][PASSED] - waitForElementClickable(findTestObject("Perolehan/002 Penyedia_RekodBaru/0021 Senarai Semak/button_OK_Senarai_Semak_berjaya_disimpan"), 60): Object 'Object Repository/Perolehan/002 Penyedia_RekodBaru/0021 Senarai Semak/button_OK_Senarai_Semak_berjaya_disimpan' is clickable

2019-04-09 12:47:47 - [MESSAGE][PASSED] - Object 'Object Repository/Perolehan/002 Penyedia_RekodBaru/0021 Senarai Semak/button_OK_Senarai_Semak_berjaya_disimpan' is clickable

2019-04-09 12:47:47 - [TEST_STEP][PASSED] - click(findTestObject("Perolehan/002 Penyedia_RekodBaru/0021 Senarai Semak/button_OK_Senarai_Semak_berjaya_disimpan")): Object: 'Object Repository/Perolehan/002 Penyedia_RekodBaru/0021 Senarai Semak/button_OK_Senarai_Semak_berjaya_disimpan' is clicked on

2019-04-09 12:47:47 - [MESSAGE][PASSED] - Object: 'Object Repository/Perolehan/002 Penyedia_RekodBaru/0021 Senarai Semak/button_OK_Senarai_Semak_berjaya_disimpan' is clicked on

2019-04-09 12:47:47 - [TEST_STEP][PASSED] - click(findTestObject("Perolehan/002 Penyedia_RekodBaru/0021 Senarai Semak/Senarai_semak_close_X")): Object: 'Object Repository/Perolehan/002 Penyedia_RekodBaru/0021 Senarai Semak/Senarai_semak_close_X' is clicked on

2019-04-09 12:47:48 - [MESSAGE][PASSED] - Object: 'Object Repository/Perolehan/002 Penyedia_RekodBaru/0021 Senarai Semak/Senarai_semak_close_X' is clicked on

2019-04-09 12:47:48 - [TEST_STEP][PASSED] - click(findTestObject("Perolehan/002 Penyedia_RekodBaru/001 Rekod Baru Pesanan Tempatan/button_Simpan_Rekod")): Object: 'Object Repository/Perolehan/002 Penyedia_RekodBaru/001 Rekod Baru Pesanan Tempatan/button_Simpan_Rekod' is clicked on

2019-04-09 12:47:48 - [MESSAGE][PASSED] - Object: 'Object Repository/Perolehan/002 Penyedia_RekodBaru/001 Rekod Baru Pesanan Tempatan/button_Simpan_Rekod' is clicked on

2019-04-09 12:47:48 - [TEST_STEP][PASSED] - delay(3): Delayed 3 second(s)

2019-04-09 12:47:51 - [MESSAGE][PASSED] - Delayed 3 second(s)

2019-04-09 12:47:51 - [TEST_STEP][PASSED] - waitForElementClickable(findTestObject("Perolehan/002 Penyedia_RekodBaru/001 Rekod Baru Pesanan Tempatan/button_OK_Rekod_Berjaya_disimpan"), 60): Object 'Object Repository/Perolehan/002 Penyedia_RekodBaru/001 Rekod Baru Pesanan Tempatan/button_OK_Rekod_Berjaya_disimpan' is clickable

2019-04-09 12:47:51 - [MESSAGE][PASSED] - Object 'Object Repository/Perolehan/002 Penyedia_RekodBaru/001 Rekod Baru Pesanan Tempatan/button_OK_Rekod_Berjaya_disimpan' is clickable

2019-04-09 12:47:51 - [TEST_STEP][PASSED] - waitForElementClickable(findTestObject("Perolehan/002 Penyedia_RekodBaru/001 Rekod Baru Pesanan Tempatan/button_OK_Rekod_Berjaya_disimpan"), 300): Object 'Object Repository/Perolehan/002 Penyedia_RekodBaru/001 Rekod Baru Pesanan Tempatan/button_OK_Rekod_Berjaya_disimpan' is clickable

2019-04-09 12:47:51 - [MESSAGE][PASSED] - Object 'Object Repository/Perolehan/002 Penyedia_RekodBaru/001 Rekod Baru Pesanan Tempatan/button_OK_Rekod_Berjaya_disimpan' is clickable

2019-04-09 12:47:51 - [TEST_STEP][PASSED] - element = findWebElement(findTestObject("Perolehan/002 Penyedia_RekodBaru/001 Rekod Baru Pesanan Tempatan/button_OK_Rekod_Berjaya_disimpan"), 300): null

2019-04-09 12:47:51 - [TEST_STEP][PASSED] - click(findTestObject("Perolehan/002 Penyedia_RekodBaru/001 Rekod Baru Pesanan Tempatan/button_OK_Rekod_Berjaya_disimpan")): Object: 'Object Repository/Perolehan/002 Penyedia_RekodBaru/001 Rekod Baru Pesanan Tempatan/button_OK_Rekod_Berjaya_disimpan' is clicked on

2019-04-09 12:47:51 - [MESSAGE][PASSED] - Object: 'Object Repository/Perolehan/002 Penyedia_RekodBaru/001 Rekod Baru Pesanan Tempatan/button_OK_Rekod_Berjaya_disimpan' is clicked on]]></system-out>
         <system-err><![CDATA[]]></system-err>
      </testcase>
      <testcase name="Test Cases/Perolehan/002 Rekod Baru oleh Penyedia/003 Sah Simpan" classname="Test Cases/Perolehan/002 Rekod Baru oleh Penyedia/003 Sah Simpan" status="PASSED">
         <system-out><![CDATA[2019-04-09 12:47:51 - [TEST_CASE][PASSED] - Test Cases/Perolehan/002 Rekod Baru oleh Penyedia/003 Sah Simpan: Test Cases/Perolehan/002 Rekod Baru oleh Penyedia/003 Sah Simpan

2019-04-09 12:47:51 - [TEST_STEP][PASSED] - delay(5): Delayed 5 second(s)

2019-04-09 12:47:56 - [MESSAGE][PASSED] - Delayed 5 second(s)

2019-04-09 12:47:56 - [TEST_STEP][PASSED] - Total = getText(findTestObject("Perolehan/002 Penyedia_RekodBaru/0022 Sah_Simpan/TotalAmaunPT")): Text of object 'Object Repository/Perolehan/002 Penyedia_RekodBaru/0022 Sah_Simpan/TotalAmaunPT' is: '5.31'

2019-04-09 12:47:56 - [MESSAGE][PASSED] - Text of object 'Object Repository/Perolehan/002 Penyedia_RekodBaru/0022 Sah_Simpan/TotalAmaunPT' is: '5.31'

2019-04-09 12:47:56 - [TEST_STEP][PASSED] - println(Total): null

2019-04-09 12:47:56 - [TEST_STEP][PASSED] - TotalAmaunPT = Total: null

2019-04-09 12:47:56 - [TEST_STEP][PASSED] - delay(3): Delayed 3 second(s)

2019-04-09 12:47:59 - [MESSAGE][PASSED] - Delayed 3 second(s)

2019-04-09 12:47:59 - [TEST_STEP][PASSED] - click(findTestObject("Perolehan/002 Penyedia_RekodBaru/0022 Sah_Simpan/button_Sah Simpan")): Object: 'Object Repository/Perolehan/002 Penyedia_RekodBaru/0022 Sah_Simpan/button_Sah Simpan' is clicked on

2019-04-09 12:47:59 - [MESSAGE][PASSED] - Object: 'Object Repository/Perolehan/002 Penyedia_RekodBaru/0022 Sah_Simpan/button_Sah Simpan' is clicked on

2019-04-09 12:47:59 - [TEST_STEP][PASSED] - click(findTestObject("Perolehan/002 Penyedia_RekodBaru/0022 Sah_Simpan/button_Ya_Sah_Simpan")): Object: 'Object Repository/Perolehan/002 Penyedia_RekodBaru/0022 Sah_Simpan/button_Ya_Sah_Simpan' is clicked on

2019-04-09 12:48:00 - [MESSAGE][PASSED] - Object: 'Object Repository/Perolehan/002 Penyedia_RekodBaru/0022 Sah_Simpan/button_Ya_Sah_Simpan' is clicked on

2019-04-09 12:48:00 - [TEST_STEP][PASSED] - delay(3): Delayed 3 second(s)

2019-04-09 12:48:03 - [MESSAGE][PASSED] - Delayed 3 second(s)

2019-04-09 12:48:03 - [TEST_STEP][PASSED] - waitForElementClickable(findTestObject("Perolehan/002 Penyedia_RekodBaru/0022 Sah_Simpan/button_OK_Sah_Simpan"), 60): Object 'Object Repository/Perolehan/002 Penyedia_RekodBaru/0022 Sah_Simpan/button_OK_Sah_Simpan' is clickable

2019-04-09 12:48:03 - [MESSAGE][PASSED] - Object 'Object Repository/Perolehan/002 Penyedia_RekodBaru/0022 Sah_Simpan/button_OK_Sah_Simpan' is clickable

2019-04-09 12:48:03 - [TEST_STEP][PASSED] - takeScreenshot(): Taking screenshot successfully

2019-04-09 12:48:03 - [MESSAGE][PASSED] - Taking screenshot successfully
[[ATTACHMENT|C:\\Users\\Consultant_MSPHitect\\Katalon Studio\\TrainingonKatalon\\Reports\\Perolehan\\06 Pesanan Tempatan - CEK - Perak\\20190409_122750\\1554785283297.png]]

2019-04-09 12:48:03 - [TEST_STEP][PASSED] - PTRekodberjayaID = getText(findTestObject("Perolehan/002 Penyedia_RekodBaru/0022 Sah_Simpan/RekodBerjayadiSahSimpan")): Text of object 'Object Repository/Perolehan/002 Penyedia_RekodBaru/0022 Sah_Simpan/RekodBerjayadiSahSimpan' is: 'Rekod Telah Berjaya Di Sah Simpan. [ NO REKOD :19DAPT030100259 ]
Ok'

2019-04-09 12:48:03 - [MESSAGE][PASSED] - Text of object 'Object Repository/Perolehan/002 Penyedia_RekodBaru/0022 Sah_Simpan/RekodBerjayadiSahSimpan' is: 'Rekod Telah Berjaya Di Sah Simpan. [ NO REKOD :19DAPT030100259 ]
Ok'

2019-04-09 12:48:03 - [TEST_STEP][PASSED] - println(PTRekodberjayaID): null

2019-04-09 12:48:03 - [TEST_STEP][PASSED] - PTRekodID = PTRekodberjayaID[(47..61)]: null

2019-04-09 12:48:03 - [TEST_STEP][PASSED] - println(PTRekodID): null

2019-04-09 12:48:03 - [TEST_STEP][PASSED] - PesananTempatanRekodID = PTRekodID: null

2019-04-09 12:48:03 - [TEST_STEP][PASSED] - delay(3): Delayed 3 second(s)

2019-04-09 12:48:06 - [MESSAGE][PASSED] - Delayed 3 second(s)

2019-04-09 12:48:06 - [TEST_STEP][PASSED] - waitForElementClickable(findTestObject("Perolehan/002 Penyedia_RekodBaru/001 Rekod Baru Pesanan Tempatan/button_OK_Rekod_Berjaya_disimpan"), 300): Object 'Object Repository/Perolehan/002 Penyedia_RekodBaru/001 Rekod Baru Pesanan Tempatan/button_OK_Rekod_Berjaya_disimpan' is clickable

2019-04-09 12:48:06 - [MESSAGE][PASSED] - Object 'Object Repository/Perolehan/002 Penyedia_RekodBaru/001 Rekod Baru Pesanan Tempatan/button_OK_Rekod_Berjaya_disimpan' is clickable

2019-04-09 12:48:06 - [TEST_STEP][PASSED] - element = findWebElement(findTestObject("Perolehan/002 Penyedia_RekodBaru/0022 Sah_Simpan/button_OK_Sah_Simpan"), 300): null

2019-04-09 12:48:06 - [TEST_STEP][PASSED] - click(findTestObject("Perolehan/002 Penyedia_RekodBaru/0022 Sah_Simpan/button_OK_Sah_Simpan")): Object: 'Object Repository/Perolehan/002 Penyedia_RekodBaru/0022 Sah_Simpan/button_OK_Sah_Simpan' is clicked on

2019-04-09 12:48:06 - [MESSAGE][PASSED] - Object: 'Object Repository/Perolehan/002 Penyedia_RekodBaru/0022 Sah_Simpan/button_OK_Sah_Simpan' is clicked on

2019-04-09 12:48:06 - [TEST_STEP][PASSED] - closeBrowser(): Browser is closed

2019-04-09 12:48:07 - [MESSAGE][PASSED] - Browser is closed]]></system-out>
         <system-err><![CDATA[]]></system-err>
      </testcase>
      <testcase name="Test Cases/Perolehan/003 Pengesahan Pesanan Tempatan/Pengesahan" classname="Test Cases/Perolehan/003 Pengesahan Pesanan Tempatan/Pengesahan" status="PASSED">
         <system-out><![CDATA[2019-04-09 12:48:07 - [TEST_CASE][PASSED] - Test Cases/Perolehan/003 Pengesahan Pesanan Tempatan/Pengesahan: Test Cases/Perolehan/003 Pengesahan Pesanan Tempatan/Pengesahan

2019-04-09 12:48:07 - [TEST_STEP][PASSED] - openBrowser(""): Browser is opened with url: ''

2019-04-09 12:48:07 - [MESSAGE][INFO] - Starting 'Chrome' driver

2019-04-09 12:48:09 - [MESSAGE][PASSED] - Browser is opened with url: ''

2019-04-09 12:48:09 - [TEST_STEP][PASSED] - navigateToUrl(URL_Homepage): Navigate to 'https://175.143.52.101:7011/1SPEKSv2/' successfully

2019-04-09 12:48:10 - [MESSAGE][PASSED] - Navigate to 'https://175.143.52.101:7011/1SPEKSv2/' successfully

2019-04-09 12:48:10 - [TEST_STEP][PASSED] - reusablefunctions.reusablefunctions.Login(PengesahBN, findTestData("ispekstestdata").getValue(2, 6)): reusablefunctions.reusablefunctions.Login is PASSED

2019-04-09 12:48:10 - [MESSAGE][PASSED] - Text '601101955194' is set on object 'Object Repository/Login/input_NoKadPengenalan'

2019-04-09 12:48:10 - [MESSAGE][PASSED] - Text ****** has been set on object 'Object Repository/Login/input_Password'

2019-04-09 12:48:11 - [MESSAGE][PASSED] - Object: 'Object Repository/Login/input_ButtonLogMasuk' is clicked on

2019-04-09 12:48:21 - [MESSAGE][PASSED] - Delayed 10 second(s)

2019-04-09 12:48:21 - [MESSAGE][PASSED] - reusablefunctions.reusablefunctions.Login is PASSED

2019-04-09 12:48:21 - [TEST_STEP][PASSED] - click(findTestObject("Perolehan/TukarPeranan/IconTukarPeranan")): Object: 'Object Repository/Perolehan/TukarPeranan/IconTukarPeranan' is clicked on

2019-04-09 12:48:21 - [MESSAGE][PASSED] - Object: 'Object Repository/Perolehan/TukarPeranan/IconTukarPeranan' is clicked on

2019-04-09 12:48:21 - [TEST_STEP][PASSED] - click(findTestObject("Perolehan/TukarPeranan/input_TukarPeranan", ["value":RBPengesahBN])): Object: 'Object Repository/Perolehan/TukarPeranan/input_TukarPeranan' is clicked on

2019-04-09 12:48:21 - [MESSAGE][PASSED] - Object: 'Object Repository/Perolehan/TukarPeranan/input_TukarPeranan' is clicked on

2019-04-09 12:48:21 - [TEST_STEP][PASSED] - click(findTestObject("Perolehan/TukarPeranan/button_Ya")): Object: 'Object Repository/Perolehan/TukarPeranan/button_Ya' is clicked on

2019-04-09 12:48:21 - [MESSAGE][PASSED] - Object: 'Object Repository/Perolehan/TukarPeranan/button_Ya' is clicked on

2019-04-09 12:48:21 - [TEST_STEP][PASSED] - delay(20): Delayed 20 second(s)

2019-04-09 12:48:41 - [MESSAGE][PASSED] - Delayed 20 second(s)

2019-04-09 12:48:41 - [TEST_STEP][PASSED] - verifyTextPresent("Peranan : [Pengesah] Peringkat : [BN]", false): Text 'Peranan : [Pengesah] Peringkat : [BN]' is present on page 

2019-04-09 12:48:44 - [MESSAGE][PASSED] - Text 'Peranan : [Pengesah] Peringkat : [BN]' is present on page 

2019-04-09 12:48:44 - [TEST_STEP][PASSED] - delay(5): Delayed 5 second(s)

2019-04-09 12:48:49 - [MESSAGE][PASSED] - Delayed 5 second(s)

2019-04-09 12:48:49 - [TEST_STEP][PASSED] - click(findTestObject("Perolehan/001 Left_Menu_Selection/a_ExpandMenuonLeft")): Object: 'Object Repository/Perolehan/001 Left_Menu_Selection/a_ExpandMenuonLeft' is clicked on

2019-04-09 12:48:49 - [MESSAGE][PASSED] - Object: 'Object Repository/Perolehan/001 Left_Menu_Selection/a_ExpandMenuonLeft' is clicked on

2019-04-09 12:48:49 - [TEST_STEP][PASSED] - delay(3, STOP_ON_FAILURE): Delayed 3 second(s)

2019-04-09 12:48:52 - [MESSAGE][PASSED] - Delayed 3 second(s)

2019-04-09 12:48:52 - [TEST_STEP][PASSED] - click(findTestObject("Perolehan/001 Left_Menu_Selection/div_PanelTitlePerolehan")): Object: 'Object Repository/Perolehan/001 Left_Menu_Selection/div_PanelTitlePerolehan' is clicked on

2019-04-09 12:48:53 - [MESSAGE][PASSED] - Object: 'Object Repository/Perolehan/001 Left_Menu_Selection/div_PanelTitlePerolehan' is clicked on

2019-04-09 12:48:53 - [TEST_STEP][PASSED] - delay(3, STOP_ON_FAILURE): Delayed 3 second(s)

2019-04-09 12:48:56 - [MESSAGE][PASSED] - Delayed 3 second(s)

2019-04-09 12:48:56 - [TEST_STEP][PASSED] - click(findTestObject("Perolehan/001 Left_Menu_Selection/div_PesananTempatan")): Object: 'Object Repository/Perolehan/001 Left_Menu_Selection/div_PesananTempatan' is clicked on

2019-04-09 12:48:56 - [MESSAGE][PASSED] - Object: 'Object Repository/Perolehan/001 Left_Menu_Selection/div_PesananTempatan' is clicked on

2019-04-09 12:48:56 - [TEST_STEP][PASSED] - delay(3): Delayed 3 second(s)

2019-04-09 12:48:59 - [MESSAGE][PASSED] - Delayed 3 second(s)

2019-04-09 12:48:59 - [TEST_STEP][PASSED] - setText(findTestObject("Perolehan/003 Pengesah/input_No_Rekod"), PesananTempatanRekodID): Text '19DAPT030100259' is set on object 'Object Repository/Perolehan/003 Pengesah/input_No_Rekod'

2019-04-09 12:48:59 - [MESSAGE][PASSED] - Text '19DAPT030100259' is set on object 'Object Repository/Perolehan/003 Pengesah/input_No_Rekod'

2019-04-09 12:48:59 - [TEST_STEP][PASSED] - doubleClick(findTestObject("Perolehan/003 Pengesah/Senarai_Tugas_Item_No_1", ["text":PesananTempatanRekodID])): Object: 'Object Repository/Perolehan/003 Pengesah/Senarai_Tugas_Item_No_1' is double clicked on

2019-04-09 12:48:59 - [MESSAGE][PASSED] - Object: 'Object Repository/Perolehan/003 Pengesah/Senarai_Tugas_Item_No_1' is double clicked on

2019-04-09 12:48:59 - [TEST_STEP][PASSED] - delay(3): Delayed 3 second(s)

2019-04-09 12:49:02 - [MESSAGE][PASSED] - Delayed 3 second(s)

2019-04-09 12:49:02 - [TEST_STEP][PASSED] - mydate = new java.util.Date(): null

2019-04-09 12:49:02 - [TEST_STEP][PASSED] - formattedDate = mydate.format("dd/MM/yyyy"): null

2019-04-09 12:49:02 - [TEST_STEP][PASSED] - formattedYear = mydate.format("yyyy"): null

2019-04-09 12:49:02 - [TEST_STEP][PASSED] - println(formattedDate): null

2019-04-09 12:49:02 - [TEST_STEP][PASSED] - println(formattedYear): null

2019-04-09 12:49:02 - [TEST_STEP][PASSED] - TahunKewangan = getText(findTestObject("Perolehan/003 Pengesah/Label_tahun_kewangan")): Text of object 'Object Repository/Perolehan/003 Pengesah/Label_tahun_kewangan' is: '2019'

2019-04-09 12:49:02 - [MESSAGE][PASSED] - Text of object 'Object Repository/Perolehan/003 Pengesah/Label_tahun_kewangan' is: '2019'

2019-04-09 12:49:02 - [TEST_STEP][PASSED] - verifyMatch(TahunKewangan, formattedYear, false): Actual text '2019' and expected text '2019' are matched 

2019-04-09 12:49:02 - [MESSAGE][PASSED] - Actual text '2019' and expected text '2019' are matched 

2019-04-09 12:49:02 - [TEST_STEP][PASSED] - TarikhSemasa = getText(findTestObject("Perolehan/003 Pengesah/Label_Tarikh_semasa")): Text of object 'Object Repository/Perolehan/003 Pengesah/Label_Tarikh_semasa' is: '09/04/2019'

2019-04-09 12:49:02 - [MESSAGE][PASSED] - Text of object 'Object Repository/Perolehan/003 Pengesah/Label_Tarikh_semasa' is: '09/04/2019'

2019-04-09 12:49:02 - [TEST_STEP][PASSED] - verifyMatch(TarikhSemasa, formattedDate, false): Actual text '09/04/2019' and expected text '09/04/2019' are matched 

2019-04-09 12:49:02 - [MESSAGE][PASSED] - Actual text '09/04/2019' and expected text '09/04/2019' are matched 

2019-04-09 12:49:02 - [TEST_STEP][PASSED] - delay(3): Delayed 3 second(s)

2019-04-09 12:49:05 - [MESSAGE][PASSED] - Delayed 3 second(s)

2019-04-09 12:49:05 - [TEST_STEP][PASSED] - jumlah = getText(findTestObject("Perolehan/003 Pengesah/label_Jumlah_pesanan_tempatan")): Text of object 'Object Repository/Perolehan/003 Pengesah/label_Jumlah_pesanan_tempatan' is: '5.31'

2019-04-09 12:49:05 - [MESSAGE][PASSED] - Text of object 'Object Repository/Perolehan/003 Pengesah/label_Jumlah_pesanan_tempatan' is: '5.31'

2019-04-09 12:49:05 - [TEST_STEP][PASSED] - println(jumlah): null

2019-04-09 12:49:05 - [TEST_STEP][PASSED] - verifyMatch(jumlah, TotalAmaunPT, false): Actual text '5.31' and expected text '5.31' are matched 

2019-04-09 12:49:05 - [MESSAGE][PASSED] - Actual text '5.31' and expected text '5.31' are matched 

2019-04-09 12:49:05 - [TEST_STEP][PASSED] - click(findTestObject("Perolehan/003 Pengesah/button_sah")): Object: 'Object Repository/Perolehan/003 Pengesah/button_sah' is clicked on

2019-04-09 12:49:05 - [MESSAGE][PASSED] - Object: 'Object Repository/Perolehan/003 Pengesah/button_sah' is clicked on

2019-04-09 12:49:05 - [TEST_STEP][PASSED] - delay(3): Delayed 3 second(s)

2019-04-09 12:49:08 - [MESSAGE][PASSED] - Delayed 3 second(s)

2019-04-09 12:49:08 - [TEST_STEP][PASSED] - click(findTestObject("Perolehan/003 Pengesah/Button_ya_sahkan")): Object: 'Object Repository/Perolehan/003 Pengesah/Button_ya_sahkan' is clicked on

2019-04-09 12:49:08 - [MESSAGE][PASSED] - Object: 'Object Repository/Perolehan/003 Pengesah/Button_ya_sahkan' is clicked on

2019-04-09 12:49:08 - [TEST_STEP][PASSED] - delay(5): Delayed 5 second(s)

2019-04-09 12:49:13 - [MESSAGE][PASSED] - Delayed 5 second(s)

2019-04-09 12:49:13 - [TEST_STEP][PASSED] - waitForElementClickable(findTestObject("Perolehan/003 Pengesah/button_OK_berjaya_disah"), 60): Object 'Object Repository/Perolehan/003 Pengesah/button_OK_berjaya_disah' is clickable

2019-04-09 12:49:13 - [MESSAGE][PASSED] - Object 'Object Repository/Perolehan/003 Pengesah/button_OK_berjaya_disah' is clickable

2019-04-09 12:49:13 - [TEST_STEP][PASSED] - waitForElementClickable(findTestObject("Perolehan/002 Penyedia_RekodBaru/001 Rekod Baru Pesanan Tempatan/button_OK_Rekod_Berjaya_disimpan"), 300): Object 'Object Repository/Perolehan/002 Penyedia_RekodBaru/001 Rekod Baru Pesanan Tempatan/button_OK_Rekod_Berjaya_disimpan' is clickable

2019-04-09 12:49:13 - [MESSAGE][PASSED] - Object 'Object Repository/Perolehan/002 Penyedia_RekodBaru/001 Rekod Baru Pesanan Tempatan/button_OK_Rekod_Berjaya_disimpan' is clickable

2019-04-09 12:49:13 - [TEST_STEP][PASSED] - element = findWebElement(findTestObject("Perolehan/003 Pengesah/button_OK_berjaya_disah"), 300): null

2019-04-09 12:49:14 - [TEST_STEP][PASSED] - executeJavaScript("arguments[0].click", Arrays.asList(element)): Execute JavaScript 'arguments[0].click' successfully

2019-04-09 12:49:14 - [MESSAGE][PASSED] - Execute JavaScript 'arguments[0].click' successfully

2019-04-09 12:49:14 - [TEST_STEP][PASSED] - delay(5): Delayed 5 second(s)

2019-04-09 12:49:19 - [MESSAGE][PASSED] - Delayed 5 second(s)

2019-04-09 12:49:19 - [TEST_STEP][PASSED] - click(findTestObject("Perolehan/003 Pengesah/button_OK_berjaya_disah")): Object: 'Object Repository/Perolehan/003 Pengesah/button_OK_berjaya_disah' is clicked on

2019-04-09 12:49:19 - [MESSAGE][PASSED] - Object: 'Object Repository/Perolehan/003 Pengesah/button_OK_berjaya_disah' is clicked on

2019-04-09 12:49:19 - [TEST_STEP][PASSED] - closeBrowser(): Browser is closed

2019-04-09 12:49:19 - [MESSAGE][PASSED] - Browser is closed]]></system-out>
         <system-err><![CDATA[]]></system-err>
      </testcase>
      <testcase name="Test Cases/Perolehan/004 Pelulus Pesanan Tempatan/Pelulus" classname="Test Cases/Perolehan/004 Pelulus Pesanan Tempatan/Pelulus" status="PASSED">
         <system-out><![CDATA[2019-04-09 12:49:19 - [TEST_CASE][PASSED] - Test Cases/Perolehan/004 Pelulus Pesanan Tempatan/Pelulus: Test Cases/Perolehan/004 Pelulus Pesanan Tempatan/Pelulus

2019-04-09 12:49:19 - [TEST_STEP][PASSED] - openBrowser(""): Browser is opened with url: ''

2019-04-09 12:49:19 - [MESSAGE][INFO] - Starting 'Chrome' driver

2019-04-09 12:49:22 - [MESSAGE][PASSED] - Browser is opened with url: ''

2019-04-09 12:49:22 - [TEST_STEP][PASSED] - navigateToUrl(URL_Homepage): Navigate to 'https://175.143.52.101:7011/1SPEKSv2/' successfully

2019-04-09 12:49:22 - [MESSAGE][PASSED] - Navigate to 'https://175.143.52.101:7011/1SPEKSv2/' successfully

2019-04-09 12:49:22 - [TEST_STEP][PASSED] - reusablefunctions.reusablefunctions.Login(PelulusPTJ, findTestData("ispekstestdata").getValue(2, 7)): reusablefunctions.reusablefunctions.Login is PASSED

2019-04-09 12:49:22 - [MESSAGE][PASSED] - Text '601101955194' is set on object 'Object Repository/Login/input_NoKadPengenalan'

2019-04-09 12:49:22 - [MESSAGE][PASSED] - Text ****** has been set on object 'Object Repository/Login/input_Password'

2019-04-09 12:49:29 - [MESSAGE][PASSED] - Object: 'Object Repository/Login/input_ButtonLogMasuk' is clicked on

2019-04-09 12:49:39 - [MESSAGE][PASSED] - Delayed 10 second(s)

2019-04-09 12:49:39 - [MESSAGE][PASSED] - reusablefunctions.reusablefunctions.Login is PASSED

2019-04-09 12:49:39 - [TEST_STEP][PASSED] - click(findTestObject("Perolehan/TukarPeranan/IconTukarPeranan")): Object: 'Object Repository/Perolehan/TukarPeranan/IconTukarPeranan' is clicked on

2019-04-09 12:49:39 - [MESSAGE][PASSED] - Object: 'Object Repository/Perolehan/TukarPeranan/IconTukarPeranan' is clicked on

2019-04-09 12:49:39 - [TEST_STEP][PASSED] - click(findTestObject("Perolehan/TukarPeranan/input_TukarPeranan", ["value":RBPelulusPTJ])): Object: 'Object Repository/Perolehan/TukarPeranan/input_TukarPeranan' is clicked on

2019-04-09 12:49:39 - [MESSAGE][PASSED] - Object: 'Object Repository/Perolehan/TukarPeranan/input_TukarPeranan' is clicked on

2019-04-09 12:49:39 - [TEST_STEP][PASSED] - click(findTestObject("Perolehan/TukarPeranan/button_Ya")): Object: 'Object Repository/Perolehan/TukarPeranan/button_Ya' is clicked on

2019-04-09 12:49:40 - [MESSAGE][PASSED] - Object: 'Object Repository/Perolehan/TukarPeranan/button_Ya' is clicked on

2019-04-09 12:49:40 - [TEST_STEP][PASSED] - delay(20): Delayed 20 second(s)

2019-04-09 12:50:00 - [MESSAGE][PASSED] - Delayed 20 second(s)

2019-04-09 12:50:00 - [TEST_STEP][PASSED] - verifyTextPresent("Peranan : [Pelulus] Peringkat : [PTJ]", false): Text 'Peranan : [Pelulus] Peringkat : [PTJ]' is present on page 

2019-04-09 12:50:02 - [MESSAGE][PASSED] - Text 'Peranan : [Pelulus] Peringkat : [PTJ]' is present on page 

2019-04-09 12:50:02 - [TEST_STEP][PASSED] - delay(5): Delayed 5 second(s)

2019-04-09 12:50:07 - [MESSAGE][PASSED] - Delayed 5 second(s)

2019-04-09 12:50:07 - [TEST_STEP][PASSED] - click(findTestObject("Perolehan/001 Left_Menu_Selection/a_ExpandMenuonLeft")): Object: 'Object Repository/Perolehan/001 Left_Menu_Selection/a_ExpandMenuonLeft' is clicked on

2019-04-09 12:50:08 - [MESSAGE][PASSED] - Object: 'Object Repository/Perolehan/001 Left_Menu_Selection/a_ExpandMenuonLeft' is clicked on

2019-04-09 12:50:08 - [TEST_STEP][PASSED] - delay(3, STOP_ON_FAILURE): Delayed 3 second(s)

2019-04-09 12:50:11 - [MESSAGE][PASSED] - Delayed 3 second(s)

2019-04-09 12:50:11 - [TEST_STEP][PASSED] - click(findTestObject("Perolehan/001 Left_Menu_Selection/div_PanelTitlePerolehan")): Object: 'Object Repository/Perolehan/001 Left_Menu_Selection/div_PanelTitlePerolehan' is clicked on

2019-04-09 12:50:11 - [MESSAGE][PASSED] - Object: 'Object Repository/Perolehan/001 Left_Menu_Selection/div_PanelTitlePerolehan' is clicked on

2019-04-09 12:50:11 - [TEST_STEP][PASSED] - delay(3, STOP_ON_FAILURE): Delayed 3 second(s)

2019-04-09 12:50:14 - [MESSAGE][PASSED] - Delayed 3 second(s)

2019-04-09 12:50:14 - [TEST_STEP][PASSED] - click(findTestObject("Perolehan/001 Left_Menu_Selection/div_PesananTempatan")): Object: 'Object Repository/Perolehan/001 Left_Menu_Selection/div_PesananTempatan' is clicked on

2019-04-09 12:50:14 - [MESSAGE][PASSED] - Object: 'Object Repository/Perolehan/001 Left_Menu_Selection/div_PesananTempatan' is clicked on

2019-04-09 12:50:14 - [TEST_STEP][PASSED] - delay(3): Delayed 3 second(s)

2019-04-09 12:50:17 - [MESSAGE][PASSED] - Delayed 3 second(s)

2019-04-09 12:50:17 - [TEST_STEP][PASSED] - setText(findTestObject("Perolehan/004 Pelulus/input_No_Rekod"), PesananTempatanRekodID): Text '19DAPT030100259' is set on object 'Object Repository/Perolehan/004 Pelulus/input_No_Rekod'

2019-04-09 12:50:18 - [MESSAGE][PASSED] - Text '19DAPT030100259' is set on object 'Object Repository/Perolehan/004 Pelulus/input_No_Rekod'

2019-04-09 12:50:18 - [TEST_STEP][PASSED] - doubleClick(findTestObject("Perolehan/004 Pelulus/Senarai_Tugas_Item_No_1", ["text":PesananTempatanRekodID])): Object: 'Object Repository/Perolehan/004 Pelulus/Senarai_Tugas_Item_No_1' is double clicked on

2019-04-09 12:50:18 - [MESSAGE][PASSED] - Object: 'Object Repository/Perolehan/004 Pelulus/Senarai_Tugas_Item_No_1' is double clicked on

2019-04-09 12:50:18 - [TEST_STEP][PASSED] - delay(3): Delayed 3 second(s)

2019-04-09 12:50:21 - [MESSAGE][PASSED] - Delayed 3 second(s)

2019-04-09 12:50:21 - [TEST_STEP][PASSED] - mydate = new java.util.Date(): null

2019-04-09 12:50:21 - [TEST_STEP][PASSED] - formattedDate = mydate.format("dd/MM/yyyy"): null

2019-04-09 12:50:21 - [TEST_STEP][PASSED] - formattedYear = mydate.format("yyyy"): null

2019-04-09 12:50:21 - [TEST_STEP][PASSED] - println(formattedDate): null

2019-04-09 12:50:21 - [TEST_STEP][PASSED] - println(formattedYear): null

2019-04-09 12:50:21 - [TEST_STEP][PASSED] - TahunKewangan = getText(findTestObject("Perolehan/003 Pengesah/Label_tahun_kewangan")): Text of object 'Object Repository/Perolehan/003 Pengesah/Label_tahun_kewangan' is: '2019'

2019-04-09 12:50:21 - [MESSAGE][PASSED] - Text of object 'Object Repository/Perolehan/003 Pengesah/Label_tahun_kewangan' is: '2019'

2019-04-09 12:50:21 - [TEST_STEP][PASSED] - verifyMatch(TahunKewangan, formattedYear, false): Actual text '2019' and expected text '2019' are matched 

2019-04-09 12:50:21 - [MESSAGE][PASSED] - Actual text '2019' and expected text '2019' are matched 

2019-04-09 12:50:21 - [TEST_STEP][PASSED] - TarikhSemasa = getText(findTestObject("Perolehan/003 Pengesah/Label_Tarikh_semasa")): Text of object 'Object Repository/Perolehan/003 Pengesah/Label_Tarikh_semasa' is: '09/04/2019'

2019-04-09 12:50:21 - [MESSAGE][PASSED] - Text of object 'Object Repository/Perolehan/003 Pengesah/Label_Tarikh_semasa' is: '09/04/2019'

2019-04-09 12:50:21 - [TEST_STEP][PASSED] - verifyMatch(TarikhSemasa, formattedDate, false): Actual text '09/04/2019' and expected text '09/04/2019' are matched 

2019-04-09 12:50:21 - [MESSAGE][PASSED] - Actual text '09/04/2019' and expected text '09/04/2019' are matched 

2019-04-09 12:50:21 - [TEST_STEP][PASSED] - delay(20): Delayed 20 second(s)

2019-04-09 12:50:41 - [MESSAGE][PASSED] - Delayed 20 second(s)

2019-04-09 12:50:41 - [TEST_STEP][PASSED] - jumlah = getText(findTestObject("Perolehan/003 Pengesah/label_Jumlah_pesanan_tempatan")): Text of object 'Object Repository/Perolehan/003 Pengesah/label_Jumlah_pesanan_tempatan' is: '5.31'

2019-04-09 12:50:41 - [MESSAGE][PASSED] - Text of object 'Object Repository/Perolehan/003 Pengesah/label_Jumlah_pesanan_tempatan' is: '5.31'

2019-04-09 12:50:41 - [TEST_STEP][PASSED] - delay(3): Delayed 3 second(s)

2019-04-09 12:50:44 - [MESSAGE][PASSED] - Delayed 3 second(s)

2019-04-09 12:50:44 - [TEST_STEP][PASSED] - println(jumlah): null

2019-04-09 12:50:44 - [TEST_STEP][PASSED] - verifyMatch(jumlah, TotalAmaunPT, false): Actual text '5.31' and expected text '5.31' are matched 

2019-04-09 12:50:44 - [MESSAGE][PASSED] - Actual text '5.31' and expected text '5.31' are matched 

2019-04-09 12:50:44 - [TEST_STEP][PASSED] - click(findTestObject("Perolehan/004 Pelulus/button_Lulus")): Object: 'Object Repository/Perolehan/004 Pelulus/button_Lulus' is clicked on

2019-04-09 12:50:44 - [MESSAGE][PASSED] - Object: 'Object Repository/Perolehan/004 Pelulus/button_Lulus' is clicked on

2019-04-09 12:50:44 - [TEST_STEP][PASSED] - click(findTestObject("Perolehan/004 Pelulus/button_ya_luluskan")): Object: 'Object Repository/Perolehan/004 Pelulus/button_ya_luluskan' is clicked on

2019-04-09 12:50:44 - [MESSAGE][PASSED] - Object: 'Object Repository/Perolehan/004 Pelulus/button_ya_luluskan' is clicked on

2019-04-09 12:50:44 - [TEST_STEP][PASSED] - delay(8): Delayed 8 second(s)

2019-04-09 12:50:52 - [MESSAGE][PASSED] - Delayed 8 second(s)

2019-04-09 12:50:52 - [TEST_STEP][PASSED] - waitForElementClickable(findTestObject("Perolehan/004 Pelulus/button_OK_Berjaya_lulus"), 180): Object 'Object Repository/Perolehan/004 Pelulus/button_OK_Berjaya_lulus' is clickable

2019-04-09 12:50:52 - [MESSAGE][PASSED] - Object 'Object Repository/Perolehan/004 Pelulus/button_OK_Berjaya_lulus' is clickable

2019-04-09 12:50:52 - [TEST_STEP][PASSED] - RekodBerjayaLulus = getText(findTestObject("Perolehan/004 Pelulus/RekodBerjayaLulus")): Text of object 'Object Repository/Perolehan/004 Pelulus/RekodBerjayaLulus' is: 'Rekod Telah Berjaya Diluluskan. [ NO DOKUMEN :19DAPT0300196 ]
Ok'

2019-04-09 12:50:52 - [MESSAGE][PASSED] - Text of object 'Object Repository/Perolehan/004 Pelulus/RekodBerjayaLulus' is: 'Rekod Telah Berjaya Diluluskan. [ NO DOKUMEN :19DAPT0300196 ]
Ok'

2019-04-09 12:50:52 - [TEST_STEP][PASSED] - println(RekodBerjayaLulus): null

2019-04-09 12:50:52 - [TEST_STEP][PASSED] - PTDokumenID = RekodBerjayaLulus[(46..58)]: null

2019-04-09 12:50:52 - [TEST_STEP][PASSED] - println(PTDokumenID): null

2019-04-09 12:50:52 - [TEST_STEP][PASSED] - PesananTempatanDokumenID = PTDokumenID: null

2019-04-09 12:50:52 - [TEST_STEP][PASSED] - delay(3): Delayed 3 second(s)

2019-04-09 12:50:55 - [MESSAGE][PASSED] - Delayed 3 second(s)

2019-04-09 12:50:55 - [TEST_STEP][PASSED] - waitForElementClickable(findTestObject("Perolehan/002 Penyedia_RekodBaru/001 Rekod Baru Pesanan Tempatan/button_OK_Rekod_Berjaya_disimpan"), 300): Object 'Object Repository/Perolehan/002 Penyedia_RekodBaru/001 Rekod Baru Pesanan Tempatan/button_OK_Rekod_Berjaya_disimpan' is clickable

2019-04-09 12:50:55 - [MESSAGE][PASSED] - Object 'Object Repository/Perolehan/002 Penyedia_RekodBaru/001 Rekod Baru Pesanan Tempatan/button_OK_Rekod_Berjaya_disimpan' is clickable

2019-04-09 12:50:55 - [TEST_STEP][PASSED] - element = findWebElement(findTestObject("Perolehan/004 Pelulus/button_OK_Berjaya_lulus"), 300): null

2019-04-09 12:50:55 - [TEST_STEP][PASSED] - executeJavaScript("arguments[0].click", Arrays.asList(element)): Execute JavaScript 'arguments[0].click' successfully

2019-04-09 12:50:55 - [MESSAGE][PASSED] - Execute JavaScript 'arguments[0].click' successfully

2019-04-09 12:50:55 - [TEST_STEP][PASSED] - click(findTestObject("Perolehan/004 Pelulus/button_OK_Berjaya_lulus")): Object: 'Object Repository/Perolehan/004 Pelulus/button_OK_Berjaya_lulus' is clicked on

2019-04-09 12:50:55 - [MESSAGE][PASSED] - Object: 'Object Repository/Perolehan/004 Pelulus/button_OK_Berjaya_lulus' is clicked on

2019-04-09 12:50:55 - [TEST_STEP][PASSED] - closeBrowser(): Browser is closed

2019-04-09 12:50:56 - [MESSAGE][PASSED] - Browser is closed]]></system-out>
         <system-err><![CDATA[]]></system-err>
      </testcase>
      <testcase name="Test Cases/Perolehan/005 Terimaan Barang Perkhidmatan/002 Proses Kemasukan Terimaan Barang - CEK" classname="Test Cases/Perolehan/005 Terimaan Barang Perkhidmatan/002 Proses Kemasukan Terimaan Barang - CEK" status="PASSED">
         <system-out><![CDATA[2019-04-09 12:50:56 - [TEST_CASE][PASSED] - Test Cases/Perolehan/005 Terimaan Barang Perkhidmatan/002 Proses Kemasukan Terimaan Barang - CEK: Test Cases/Perolehan/005 Terimaan Barang Perkhidmatan/002 Proses Kemasukan Terimaan Barang - CEK

2019-04-09 12:50:56 - [TEST_STEP][PASSED] - reusablefunctions.reusablefunctions.openbrowser(): reusablefunctions.reusablefunctions.openbrowser is PASSED

2019-04-09 12:50:56 - [MESSAGE][INFO] - Starting 'Chrome' driver

2019-04-09 12:50:59 - [MESSAGE][PASSED] - Browser is opened with url: 'https://175.143.52.101:7011/1SPEKSv2/'

2019-04-09 12:50:59 - [MESSAGE][PASSED] - reusablefunctions.reusablefunctions.openbrowser is PASSED

2019-04-09 12:50:59 - [TEST_STEP][PASSED] - reusablefunctions.reusablefunctions.Login(PenyediaPTJ, findTestData("ispekstestdata").getValue(2, 4)): reusablefunctions.reusablefunctions.Login is PASSED

2019-04-09 12:50:59 - [MESSAGE][PASSED] - Text '601101955194' is set on object 'Object Repository/Login/input_NoKadPengenalan'

2019-04-09 12:50:59 - [MESSAGE][PASSED] - Text ****** has been set on object 'Object Repository/Login/input_Password'

2019-04-09 12:51:05 - [MESSAGE][PASSED] - Object: 'Object Repository/Login/input_ButtonLogMasuk' is clicked on

2019-04-09 12:51:15 - [MESSAGE][PASSED] - Delayed 10 second(s)

2019-04-09 12:51:15 - [MESSAGE][PASSED] - reusablefunctions.reusablefunctions.Login is PASSED

2019-04-09 12:51:15 - [TEST_STEP][PASSED] - click(findTestObject("Perolehan/TukarPeranan/IconTukarPeranan")): Object: 'Object Repository/Perolehan/TukarPeranan/IconTukarPeranan' is clicked on

2019-04-09 12:51:15 - [MESSAGE][PASSED] - Object: 'Object Repository/Perolehan/TukarPeranan/IconTukarPeranan' is clicked on

2019-04-09 12:51:15 - [TEST_STEP][PASSED] - click(findTestObject("Perolehan/TukarPeranan/input_TukarPeranan", ["value":RBPenyediaPTJ])): Object: 'Object Repository/Perolehan/TukarPeranan/input_TukarPeranan' is clicked on

2019-04-09 12:51:16 - [MESSAGE][PASSED] - Object: 'Object Repository/Perolehan/TukarPeranan/input_TukarPeranan' is clicked on

2019-04-09 12:51:16 - [TEST_STEP][PASSED] - click(findTestObject("Perolehan/TukarPeranan/button_Ya")): Object: 'Object Repository/Perolehan/TukarPeranan/button_Ya' is clicked on

2019-04-09 12:51:16 - [MESSAGE][PASSED] - Object: 'Object Repository/Perolehan/TukarPeranan/button_Ya' is clicked on

2019-04-09 12:51:16 - [TEST_STEP][PASSED] - delay(20): Delayed 20 second(s)

2019-04-09 12:51:36 - [MESSAGE][PASSED] - Delayed 20 second(s)

2019-04-09 12:51:36 - [TEST_STEP][PASSED] - verifyTextPresent("Peranan : [Penyedia] Peringkat : [PTJ]", false): Text 'Peranan : [Penyedia] Peringkat : [PTJ]' is present on page 

2019-04-09 12:51:38 - [MESSAGE][PASSED] - Text 'Peranan : [Penyedia] Peringkat : [PTJ]' is present on page 

2019-04-09 12:51:38 - [TEST_STEP][PASSED] - click(findTestObject("Perolehan/001 Left_Menu_Selection/a_ExpandMenuonLeft")): Object: 'Object Repository/Perolehan/001 Left_Menu_Selection/a_ExpandMenuonLeft' is clicked on

2019-04-09 12:51:39 - [MESSAGE][PASSED] - Object: 'Object Repository/Perolehan/001 Left_Menu_Selection/a_ExpandMenuonLeft' is clicked on

2019-04-09 12:51:39 - [TEST_STEP][PASSED] - delay(3, STOP_ON_FAILURE): Delayed 3 second(s)

2019-04-09 12:51:42 - [MESSAGE][PASSED] - Delayed 3 second(s)

2019-04-09 12:51:42 - [TEST_STEP][PASSED] - click(findTestObject("Perolehan/001 Left_Menu_Selection/div_ClickonPerolehan")): Object: 'Object Repository/Perolehan/001 Left_Menu_Selection/div_ClickonPerolehan' is clicked on

2019-04-09 12:51:42 - [MESSAGE][PASSED] - Object: 'Object Repository/Perolehan/001 Left_Menu_Selection/div_ClickonPerolehan' is clicked on

2019-04-09 12:51:42 - [TEST_STEP][PASSED] - delay(3, STOP_ON_FAILURE): Delayed 3 second(s)

2019-04-09 12:51:45 - [MESSAGE][PASSED] - Delayed 3 second(s)

2019-04-09 12:51:45 - [TEST_STEP][PASSED] - click(findTestObject("Perolehan/001 Left_Menu_Selection/div_Kemasukan_Terimaan_Barang")): Object: 'Object Repository/Perolehan/001 Left_Menu_Selection/div_Kemasukan_Terimaan_Barang' is clicked on

2019-04-09 12:51:45 - [MESSAGE][PASSED] - Object: 'Object Repository/Perolehan/001 Left_Menu_Selection/div_Kemasukan_Terimaan_Barang' is clicked on

2019-04-09 12:51:45 - [TEST_STEP][PASSED] - assert true: null

2019-04-09 12:51:45 - [TEST_STEP][PASSED] - delay(5): Delayed 5 second(s)

2019-04-09 12:51:50 - [MESSAGE][PASSED] - Delayed 5 second(s)

2019-04-09 12:51:50 - [TEST_STEP][PASSED] - click(findTestObject("Perolehan/005 Kemasukan Terimaan/001 Kemasukan Pesanan Tempatan/button_REKOD BARU")): Object: 'Object Repository/Perolehan/005 Kemasukan Terimaan/001 Kemasukan Pesanan Tempatan/button_REKOD BARU' is clicked on

2019-04-09 12:51:50 - [MESSAGE][PASSED] - Object: 'Object Repository/Perolehan/005 Kemasukan Terimaan/001 Kemasukan Pesanan Tempatan/button_REKOD BARU' is clicked on

2019-04-09 12:51:50 - [TEST_STEP][PASSED] - delay(3): Delayed 3 second(s)

2019-04-09 12:51:53 - [MESSAGE][PASSED] - Delayed 3 second(s)

2019-04-09 12:51:53 - [TEST_STEP][PASSED] - click(findTestObject("Perolehan/005 Kemasukan Terimaan/001 Kemasukan Pesanan Tempatan/Drop_down_No_Dokumen")): Object: 'Object Repository/Perolehan/005 Kemasukan Terimaan/001 Kemasukan Pesanan Tempatan/Drop_down_No_Dokumen' is clicked on

2019-04-09 12:51:53 - [MESSAGE][PASSED] - Object: 'Object Repository/Perolehan/005 Kemasukan Terimaan/001 Kemasukan Pesanan Tempatan/Drop_down_No_Dokumen' is clicked on

2019-04-09 12:51:53 - [TEST_STEP][PASSED] - delay(3): Delayed 3 second(s)

2019-04-09 12:51:56 - [MESSAGE][PASSED] - Delayed 3 second(s)

2019-04-09 12:51:56 - [TEST_STEP][PASSED] - setText(findTestObject("Perolehan/005 Kemasukan Terimaan/001 Kemasukan Pesanan Tempatan/input_No_Dokumen_value"), PesananTempatanDokumenID): Text '19DAPT0300196' is set on object 'Object Repository/Perolehan/005 Kemasukan Terimaan/001 Kemasukan Pesanan Tempatan/input_No_Dokumen_value'

2019-04-09 12:51:56 - [MESSAGE][PASSED] - Text '19DAPT0300196' is set on object 'Object Repository/Perolehan/005 Kemasukan Terimaan/001 Kemasukan Pesanan Tempatan/input_No_Dokumen_value'

2019-04-09 12:51:56 - [TEST_STEP][PASSED] - delay(5): Delayed 5 second(s)

2019-04-09 12:52:01 - [MESSAGE][PASSED] - Delayed 5 second(s)

2019-04-09 12:52:01 - [TEST_STEP][PASSED] - click(findTestObject("Perolehan/005 Kemasukan Terimaan/001 Kemasukan Pesanan Tempatan/select_No_Dokumen")): Object: 'Object Repository/Perolehan/005 Kemasukan Terimaan/001 Kemasukan Pesanan Tempatan/select_No_Dokumen' is clicked on

2019-04-09 12:52:01 - [MESSAGE][PASSED] - Object: 'Object Repository/Perolehan/005 Kemasukan Terimaan/001 Kemasukan Pesanan Tempatan/select_No_Dokumen' is clicked on

2019-04-09 12:52:01 - [TEST_STEP][PASSED] - delay(3): Delayed 3 second(s)

2019-04-09 12:52:04 - [MESSAGE][PASSED] - Delayed 3 second(s)

2019-04-09 12:52:04 - [TEST_STEP][PASSED] - click(findTestObject("Perolehan/005 Kemasukan Terimaan/001 Kemasukan Pesanan Tempatan/button_Cari")): Object: 'Object Repository/Perolehan/005 Kemasukan Terimaan/001 Kemasukan Pesanan Tempatan/button_Cari' is clicked on

2019-04-09 12:52:04 - [MESSAGE][PASSED] - Object: 'Object Repository/Perolehan/005 Kemasukan Terimaan/001 Kemasukan Pesanan Tempatan/button_Cari' is clicked on

2019-04-09 12:52:04 - [TEST_STEP][PASSED] - delay(3): Delayed 3 second(s)

2019-04-09 12:52:07 - [MESSAGE][PASSED] - Delayed 3 second(s)

2019-04-09 12:52:07 - [TEST_STEP][PASSED] - click(findTestObject("Perolehan/005 Kemasukan Terimaan/001 Kemasukan Pesanan Tempatan/OK_Rekod_Wujud")): Object: 'Object Repository/Perolehan/005 Kemasukan Terimaan/001 Kemasukan Pesanan Tempatan/OK_Rekod_Wujud' is clicked on

2019-04-09 12:52:08 - [MESSAGE][PASSED] - Object: 'Object Repository/Perolehan/005 Kemasukan Terimaan/001 Kemasukan Pesanan Tempatan/OK_Rekod_Wujud' is clicked on

2019-04-09 12:52:08 - [TEST_STEP][PASSED] - delay(3): Delayed 3 second(s)

2019-04-09 12:52:11 - [MESSAGE][PASSED] - Delayed 3 second(s)

2019-04-09 12:52:11 - [TEST_STEP][PASSED] - click(findTestObject("Perolehan/005 Kemasukan Terimaan/001 Kemasukan Pesanan Tempatan/Drop_down_Jenis_Terimaan")): Object: 'Object Repository/Perolehan/005 Kemasukan Terimaan/001 Kemasukan Pesanan Tempatan/Drop_down_Jenis_Terimaan' is clicked on

2019-04-09 12:52:11 - [MESSAGE][PASSED] - Object: 'Object Repository/Perolehan/005 Kemasukan Terimaan/001 Kemasukan Pesanan Tempatan/Drop_down_Jenis_Terimaan' is clicked on

2019-04-09 12:52:11 - [TEST_STEP][PASSED] - click(findTestObject("Perolehan/005 Kemasukan Terimaan/001 Kemasukan Pesanan Tempatan/select_TERIMAAN_BARANG_PENUH")): Object: 'Object Repository/Perolehan/005 Kemasukan Terimaan/001 Kemasukan Pesanan Tempatan/select_TERIMAAN_BARANG_PENUH' is clicked on

2019-04-09 12:52:11 - [MESSAGE][PASSED] - Object: 'Object Repository/Perolehan/005 Kemasukan Terimaan/001 Kemasukan Pesanan Tempatan/select_TERIMAAN_BARANG_PENUH' is clicked on

2019-04-09 12:52:11 - [TEST_STEP][PASSED] - setText(findTestObject("Perolehan/005 Kemasukan Terimaan/001 Kemasukan Pesanan Tempatan/input_No_nota_penghantaran"), "Test Nota No 123"): Text 'Test Nota No 123' is set on object 'Object Repository/Perolehan/005 Kemasukan Terimaan/001 Kemasukan Pesanan Tempatan/input_No_nota_penghantaran'

2019-04-09 12:52:11 - [MESSAGE][PASSED] - Text 'Test Nota No 123' is set on object 'Object Repository/Perolehan/005 Kemasukan Terimaan/001 Kemasukan Pesanan Tempatan/input_No_nota_penghantaran'

2019-04-09 12:52:11 - [TEST_STEP][PASSED] - click(findTestObject("Perolehan/005 Kemasukan Terimaan/001 Kemasukan Pesanan Tempatan/Date_Picker_Tarikh_Terimaan")): Object: 'Object Repository/Perolehan/005 Kemasukan Terimaan/001 Kemasukan Pesanan Tempatan/Date_Picker_Tarikh_Terimaan' is clicked on

2019-04-09 12:52:11 - [MESSAGE][PASSED] - Object: 'Object Repository/Perolehan/005 Kemasukan Terimaan/001 Kemasukan Pesanan Tempatan/Date_Picker_Tarikh_Terimaan' is clicked on

2019-04-09 12:52:11 - [TEST_STEP][PASSED] - click(findTestObject("Perolehan/005 Kemasukan Terimaan/001 Kemasukan Pesanan Tempatan/Select_Today")): Object: 'Object Repository/Perolehan/005 Kemasukan Terimaan/001 Kemasukan Pesanan Tempatan/Select_Today' is clicked on

2019-04-09 12:52:11 - [MESSAGE][PASSED] - Object: 'Object Repository/Perolehan/005 Kemasukan Terimaan/001 Kemasukan Pesanan Tempatan/Select_Today' is clicked on

2019-04-09 12:52:11 - [TEST_STEP][PASSED] - delay(3): Delayed 3 second(s)

2019-04-09 12:52:14 - [MESSAGE][PASSED] - Delayed 3 second(s)

2019-04-09 12:52:14 - [TEST_STEP][PASSED] - doubleClick(findTestObject("Perolehan/005 Kemasukan Terimaan/001 Kemasukan Pesanan Tempatan/Perihal_Barang - CEK", ["text":kod_barang_cek])): Object: 'Object Repository/Perolehan/005 Kemasukan Terimaan/001 Kemasukan Pesanan Tempatan/Perihal_Barang - CEK' is double clicked on

2019-04-09 12:52:14 - [MESSAGE][PASSED] - Object: 'Object Repository/Perolehan/005 Kemasukan Terimaan/001 Kemasukan Pesanan Tempatan/Perihal_Barang - CEK' is double clicked on

2019-04-09 12:52:14 - [TEST_STEP][PASSED] - for (def index : (1..3)): Object: 'Object Repository/Perolehan/005 Kemasukan Terimaan/001 Kemasukan Pesanan Tempatan/Spinner_up_Dihantar' is clicked on

2019-04-09 12:52:14 - [TEST_STEP][PASSED] - click(findTestObject("Perolehan/005 Kemasukan Terimaan/001 Kemasukan Pesanan Tempatan/Spinner_up_Dihantar")): Object: 'Object Repository/Perolehan/005 Kemasukan Terimaan/001 Kemasukan Pesanan Tempatan/Spinner_up_Dihantar' is clicked on

2019-04-09 12:52:14 - [MESSAGE][PASSED] - Object: 'Object Repository/Perolehan/005 Kemasukan Terimaan/001 Kemasukan Pesanan Tempatan/Spinner_up_Dihantar' is clicked on

2019-04-09 12:52:14 - [TEST_STEP][PASSED] - click(findTestObject("Perolehan/005 Kemasukan Terimaan/001 Kemasukan Pesanan Tempatan/Spinner_up_Dihantar")): Object: 'Object Repository/Perolehan/005 Kemasukan Terimaan/001 Kemasukan Pesanan Tempatan/Spinner_up_Dihantar' is clicked on

2019-04-09 12:52:14 - [MESSAGE][PASSED] - Object: 'Object Repository/Perolehan/005 Kemasukan Terimaan/001 Kemasukan Pesanan Tempatan/Spinner_up_Dihantar' is clicked on

2019-04-09 12:52:14 - [TEST_STEP][PASSED] - click(findTestObject("Perolehan/005 Kemasukan Terimaan/001 Kemasukan Pesanan Tempatan/Spinner_up_Dihantar")): Object: 'Object Repository/Perolehan/005 Kemasukan Terimaan/001 Kemasukan Pesanan Tempatan/Spinner_up_Dihantar' is clicked on

2019-04-09 12:52:14 - [MESSAGE][PASSED] - Object: 'Object Repository/Perolehan/005 Kemasukan Terimaan/001 Kemasukan Pesanan Tempatan/Spinner_up_Dihantar' is clicked on

2019-04-09 12:52:14 - [TEST_STEP][PASSED] - for (def index : (1..3)): Object: 'Object Repository/Perolehan/005 Kemasukan Terimaan/001 Kemasukan Pesanan Tempatan/Spinner_up_Diterima' is clicked on

2019-04-09 12:52:14 - [TEST_STEP][PASSED] - click(findTestObject("Perolehan/005 Kemasukan Terimaan/001 Kemasukan Pesanan Tempatan/Spinner_up_Diterima")): Object: 'Object Repository/Perolehan/005 Kemasukan Terimaan/001 Kemasukan Pesanan Tempatan/Spinner_up_Diterima' is clicked on

2019-04-09 12:52:14 - [MESSAGE][PASSED] - Object: 'Object Repository/Perolehan/005 Kemasukan Terimaan/001 Kemasukan Pesanan Tempatan/Spinner_up_Diterima' is clicked on

2019-04-09 12:52:14 - [TEST_STEP][PASSED] - click(findTestObject("Perolehan/005 Kemasukan Terimaan/001 Kemasukan Pesanan Tempatan/Spinner_up_Diterima")): Object: 'Object Repository/Perolehan/005 Kemasukan Terimaan/001 Kemasukan Pesanan Tempatan/Spinner_up_Diterima' is clicked on

2019-04-09 12:52:14 - [MESSAGE][PASSED] - Object: 'Object Repository/Perolehan/005 Kemasukan Terimaan/001 Kemasukan Pesanan Tempatan/Spinner_up_Diterima' is clicked on

2019-04-09 12:52:14 - [TEST_STEP][PASSED] - click(findTestObject("Perolehan/005 Kemasukan Terimaan/001 Kemasukan Pesanan Tempatan/Spinner_up_Diterima")): Object: 'Object Repository/Perolehan/005 Kemasukan Terimaan/001 Kemasukan Pesanan Tempatan/Spinner_up_Diterima' is clicked on

2019-04-09 12:52:14 - [MESSAGE][PASSED] - Object: 'Object Repository/Perolehan/005 Kemasukan Terimaan/001 Kemasukan Pesanan Tempatan/Spinner_up_Diterima' is clicked on

2019-04-09 12:52:14 - [TEST_STEP][PASSED] - click(findTestObject("Perolehan/005 Kemasukan Terimaan/001 Kemasukan Pesanan Tempatan/button_Simpan")): Object: 'Object Repository/Perolehan/005 Kemasukan Terimaan/001 Kemasukan Pesanan Tempatan/button_Simpan' is clicked on

2019-04-09 12:52:15 - [MESSAGE][PASSED] - Object: 'Object Repository/Perolehan/005 Kemasukan Terimaan/001 Kemasukan Pesanan Tempatan/button_Simpan' is clicked on

2019-04-09 12:52:15 - [TEST_STEP][PASSED] - delay(3): Delayed 3 second(s)

2019-04-09 12:52:18 - [MESSAGE][PASSED] - Delayed 3 second(s)

2019-04-09 12:52:18 - [TEST_STEP][PASSED] - waitForElementClickable(findTestObject("Perolehan/005 Kemasukan Terimaan/001 Kemasukan Pesanan Tempatan/button_OK_Rekod_disimpan"), 60): Object 'Object Repository/Perolehan/005 Kemasukan Terimaan/001 Kemasukan Pesanan Tempatan/button_OK_Rekod_disimpan' is clickable

2019-04-09 12:52:18 - [MESSAGE][PASSED] - Object 'Object Repository/Perolehan/005 Kemasukan Terimaan/001 Kemasukan Pesanan Tempatan/button_OK_Rekod_disimpan' is clickable

2019-04-09 12:52:18 - [TEST_STEP][PASSED] - click(findTestObject("Perolehan/005 Kemasukan Terimaan/001 Kemasukan Pesanan Tempatan/button_OK_Rekod_disimpan")): Object: 'Object Repository/Perolehan/005 Kemasukan Terimaan/001 Kemasukan Pesanan Tempatan/button_OK_Rekod_disimpan' is clicked on

2019-04-09 12:52:18 - [MESSAGE][PASSED] - Object: 'Object Repository/Perolehan/005 Kemasukan Terimaan/001 Kemasukan Pesanan Tempatan/button_OK_Rekod_disimpan' is clicked on

2019-04-09 12:52:18 - [TEST_STEP][PASSED] - click(findTestObject("Perolehan/005 Kemasukan Terimaan/001 Kemasukan Pesanan Tempatan/button_Sah_Simpan")): Object: 'Object Repository/Perolehan/005 Kemasukan Terimaan/001 Kemasukan Pesanan Tempatan/button_Sah_Simpan' is clicked on

2019-04-09 12:52:18 - [MESSAGE][PASSED] - Object: 'Object Repository/Perolehan/005 Kemasukan Terimaan/001 Kemasukan Pesanan Tempatan/button_Sah_Simpan' is clicked on

2019-04-09 12:52:18 - [TEST_STEP][PASSED] - click(findTestObject("Perolehan/005 Kemasukan Terimaan/001 Kemasukan Pesanan Tempatan/button_Ya_Sah_Simpan")): Object: 'Object Repository/Perolehan/005 Kemasukan Terimaan/001 Kemasukan Pesanan Tempatan/button_Ya_Sah_Simpan' is clicked on

2019-04-09 12:52:18 - [MESSAGE][PASSED] - Object: 'Object Repository/Perolehan/005 Kemasukan Terimaan/001 Kemasukan Pesanan Tempatan/button_Ya_Sah_Simpan' is clicked on

2019-04-09 12:52:18 - [TEST_STEP][PASSED] - delay(8): Delayed 8 second(s)

2019-04-09 12:52:26 - [MESSAGE][PASSED] - Delayed 8 second(s)

2019-04-09 12:52:26 - [TEST_STEP][PASSED] - waitForElementClickable(findTestObject("Perolehan/005 Kemasukan Terimaan/001 Kemasukan Pesanan Tempatan/button_OK_Rekod_disimpan"), 180): Object 'Object Repository/Perolehan/005 Kemasukan Terimaan/001 Kemasukan Pesanan Tempatan/button_OK_Rekod_disimpan' is clickable

2019-04-09 12:52:26 - [MESSAGE][PASSED] - Object 'Object Repository/Perolehan/005 Kemasukan Terimaan/001 Kemasukan Pesanan Tempatan/button_OK_Rekod_disimpan' is clickable

2019-04-09 12:52:26 - [TEST_STEP][PASSED] - waitForElementClickable(findTestObject("Perolehan/002 Penyedia_RekodBaru/001 Rekod Baru Pesanan Tempatan/button_OK_Rekod_Berjaya_disimpan"), 300): Object 'Object Repository/Perolehan/002 Penyedia_RekodBaru/001 Rekod Baru Pesanan Tempatan/button_OK_Rekod_Berjaya_disimpan' is clickable

2019-04-09 12:52:26 - [MESSAGE][PASSED] - Object 'Object Repository/Perolehan/002 Penyedia_RekodBaru/001 Rekod Baru Pesanan Tempatan/button_OK_Rekod_Berjaya_disimpan' is clickable

2019-04-09 12:52:26 - [TEST_STEP][PASSED] - element = findWebElement(findTestObject("Perolehan/005 Kemasukan Terimaan/001 Kemasukan Pesanan Tempatan/button_OK_Rekod_disimpan"), 300): null

2019-04-09 12:52:26 - [TEST_STEP][PASSED] - takeScreenshot(): Taking screenshot successfully

2019-04-09 12:52:26 - [MESSAGE][PASSED] - Taking screenshot successfully
[[ATTACHMENT|C:\\Users\\Consultant_MSPHitect\\Katalon Studio\\TrainingonKatalon\\Reports\\Perolehan\\06 Pesanan Tempatan - CEK - Perak\\20190409_122750\\1554785546368.png]]

2019-04-09 12:52:26 - [TEST_STEP][PASSED] - executeJavaScript("arguments[0].click", Arrays.asList(element)): Execute JavaScript 'arguments[0].click' successfully

2019-04-09 12:52:26 - [MESSAGE][PASSED] - Execute JavaScript 'arguments[0].click' successfully

2019-04-09 12:52:26 - [TEST_STEP][PASSED] - delay(5): Delayed 5 second(s)

2019-04-09 12:52:31 - [MESSAGE][PASSED] - Delayed 5 second(s)

2019-04-09 12:52:31 - [TEST_STEP][PASSED] - click(findTestObject("Perolehan/005 Kemasukan Terimaan/001 Kemasukan Pesanan Tempatan/button_OK_Rekod_disimpan")): Object: 'Object Repository/Perolehan/005 Kemasukan Terimaan/001 Kemasukan Pesanan Tempatan/button_OK_Rekod_disimpan' is clicked on

2019-04-09 12:52:31 - [MESSAGE][PASSED] - Object: 'Object Repository/Perolehan/005 Kemasukan Terimaan/001 Kemasukan Pesanan Tempatan/button_OK_Rekod_disimpan' is clicked on

2019-04-09 12:52:31 - [TEST_STEP][PASSED] - closeBrowser(): Browser is closed

2019-04-09 12:52:32 - [MESSAGE][PASSED] - Browser is closed]]></system-out>
         <system-err><![CDATA[]]></system-err>
      </testcase>
      <testcase name="Test Cases/Perolehan/006 Arahan Bayaran/006 Arahan Bayaran - CEK" classname="Test Cases/Perolehan/006 Arahan Bayaran/006 Arahan Bayaran - CEK" status="PASSED">
         <system-out><![CDATA[2019-04-09 12:52:32 - [TEST_CASE][PASSED] - Test Cases/Perolehan/006 Arahan Bayaran/006 Arahan Bayaran - CEK: Test Cases/Perolehan/006 Arahan Bayaran/006 Arahan Bayaran - CEK

2019-04-09 12:52:32 - [TEST_STEP][PASSED] - reusablefunctions.reusablefunctions.openbrowser(): reusablefunctions.reusablefunctions.openbrowser is PASSED

2019-04-09 12:52:32 - [MESSAGE][INFO] - Starting 'Chrome' driver

2019-04-09 12:52:35 - [MESSAGE][PASSED] - Browser is opened with url: 'https://175.143.52.101:7011/1SPEKSv2/'

2019-04-09 12:52:35 - [MESSAGE][PASSED] - reusablefunctions.reusablefunctions.openbrowser is PASSED

2019-04-09 12:52:35 - [TEST_STEP][PASSED] - reusablefunctions.reusablefunctions.Login(PenyediaPTJ, findTestData("ispekstestdata").getValue(2, 4)): reusablefunctions.reusablefunctions.Login is PASSED

2019-04-09 12:52:35 - [MESSAGE][PASSED] - Text '601101955194' is set on object 'Object Repository/Login/input_NoKadPengenalan'

2019-04-09 12:52:35 - [MESSAGE][PASSED] - Text ****** has been set on object 'Object Repository/Login/input_Password'

2019-04-09 12:52:41 - [MESSAGE][PASSED] - Object: 'Object Repository/Login/input_ButtonLogMasuk' is clicked on

2019-04-09 12:52:51 - [MESSAGE][PASSED] - Delayed 10 second(s)

2019-04-09 12:52:51 - [MESSAGE][PASSED] - reusablefunctions.reusablefunctions.Login is PASSED

2019-04-09 12:52:51 - [TEST_STEP][PASSED] - delay(3): Delayed 3 second(s)

2019-04-09 12:52:54 - [MESSAGE][PASSED] - Delayed 3 second(s)

2019-04-09 12:52:54 - [TEST_STEP][PASSED] - reusablefunctions.reusablefunctions.PerananPenyediaPTJ(): reusablefunctions.reusablefunctions.PerananPenyediaPTJ is PASSED

2019-04-09 12:52:54 - [MESSAGE][PASSED] - Object: 'Object Repository/Perolehan/TukarPeranan/IconTukarPeranan' is clicked on

2019-04-09 12:52:55 - [MESSAGE][PASSED] - Object: 'Object Repository/Perolehan/TukarPeranan/input_TukarPeranan' is clicked on

2019-04-09 12:52:55 - [MESSAGE][PASSED] - Object: 'Object Repository/Perolehan/TukarPeranan/button_Ya' is clicked on

2019-04-09 12:53:15 - [MESSAGE][PASSED] - Delayed 20 second(s)

2019-04-09 12:53:17 - [MESSAGE][PASSED] - Text 'Peranan : [Penyedia] Peringkat : [PTJ]' is present on page 

2019-04-09 12:53:17 - [MESSAGE][PASSED] - reusablefunctions.reusablefunctions.PerananPenyediaPTJ is PASSED

2019-04-09 12:53:17 - [TEST_STEP][PASSED] - click(findTestObject("Perolehan/001 Left_Menu_Selection/a_ExpandMenuonLeft")): Object: 'Object Repository/Perolehan/001 Left_Menu_Selection/a_ExpandMenuonLeft' is clicked on

2019-04-09 12:53:18 - [MESSAGE][PASSED] - Object: 'Object Repository/Perolehan/001 Left_Menu_Selection/a_ExpandMenuonLeft' is clicked on

2019-04-09 12:53:18 - [TEST_STEP][PASSED] - delay(3, STOP_ON_FAILURE): Delayed 3 second(s)

2019-04-09 12:53:21 - [MESSAGE][PASSED] - Delayed 3 second(s)

2019-04-09 12:53:21 - [TEST_STEP][PASSED] - click(findTestObject("Perolehan/001 Left_Menu_Selection/div_PanelTitlePerolehan")): Object: 'Object Repository/Perolehan/001 Left_Menu_Selection/div_PanelTitlePerolehan' is clicked on

2019-04-09 12:53:21 - [MESSAGE][PASSED] - Object: 'Object Repository/Perolehan/001 Left_Menu_Selection/div_PanelTitlePerolehan' is clicked on

2019-04-09 12:53:21 - [TEST_STEP][PASSED] - delay(3, STOP_ON_FAILURE): Delayed 3 second(s)

2019-04-09 12:53:24 - [MESSAGE][PASSED] - Delayed 3 second(s)

2019-04-09 12:53:24 - [TEST_STEP][PASSED] - click(findTestObject("Perolehan/001 Left_Menu_Selection/div_Menu_ArahanBayaran")): Object: 'Object Repository/Perolehan/001 Left_Menu_Selection/div_Menu_ArahanBayaran' is clicked on

2019-04-09 12:53:24 - [MESSAGE][PASSED] - Object: 'Object Repository/Perolehan/001 Left_Menu_Selection/div_Menu_ArahanBayaran' is clicked on

2019-04-09 12:53:24 - [TEST_STEP][PASSED] - delay(3): Delayed 3 second(s)

2019-04-09 12:53:27 - [MESSAGE][PASSED] - Delayed 3 second(s)

2019-04-09 12:53:27 - [TEST_STEP][PASSED] - click(findTestObject("Perolehan/006 Arahan Bayaran/001 Pesanan Tempatan/button_REKOD_BARU")): Object: 'Object Repository/Perolehan/006 Arahan Bayaran/001 Pesanan Tempatan/button_REKOD_BARU' is clicked on

2019-04-09 12:53:27 - [MESSAGE][PASSED] - Object: 'Object Repository/Perolehan/006 Arahan Bayaran/001 Pesanan Tempatan/button_REKOD_BARU' is clicked on

2019-04-09 12:53:27 - [TEST_STEP][PASSED] - delay(3): Delayed 3 second(s)

2019-04-09 12:53:30 - [MESSAGE][PASSED] - Delayed 3 second(s)

2019-04-09 12:53:30 - [TEST_STEP][PASSED] - click(findTestObject("Perolehan/006 Arahan Bayaran/001 Pesanan Tempatan/Drop_Down_Jenis_Baucar_Bayaran"), STOP_ON_FAILURE): Object: 'Object Repository/Perolehan/006 Arahan Bayaran/001 Pesanan Tempatan/Drop_Down_Jenis_Baucar_Bayaran' is clicked on

2019-04-09 12:53:30 - [MESSAGE][PASSED] - Object: 'Object Repository/Perolehan/006 Arahan Bayaran/001 Pesanan Tempatan/Drop_Down_Jenis_Baucar_Bayaran' is clicked on

2019-04-09 12:53:30 - [TEST_STEP][PASSED] - delay(3): Delayed 3 second(s)

2019-04-09 12:53:33 - [MESSAGE][PASSED] - Delayed 3 second(s)

2019-04-09 12:53:33 - [TEST_STEP][PASSED] - click(findTestObject("Perolehan/006 Arahan Bayaran/001 Pesanan Tempatan/Select_Kod_Jenis_Baucar_Bayaran")): Object: 'Object Repository/Perolehan/006 Arahan Bayaran/001 Pesanan Tempatan/Select_Kod_Jenis_Baucar_Bayaran' is clicked on

2019-04-09 12:53:33 - [MESSAGE][PASSED] - Object: 'Object Repository/Perolehan/006 Arahan Bayaran/001 Pesanan Tempatan/Select_Kod_Jenis_Baucar_Bayaran' is clicked on

2019-04-09 12:53:33 - [TEST_STEP][PASSED] - delay(3): Delayed 3 second(s)

2019-04-09 12:53:36 - [MESSAGE][PASSED] - Delayed 3 second(s)

2019-04-09 12:53:36 - [TEST_STEP][PASSED] - click(findTestObject("Perolehan/006 Arahan Bayaran/001 Pesanan Tempatan/Drop_Down_Nama_Pembekal")): Object: 'Object Repository/Perolehan/006 Arahan Bayaran/001 Pesanan Tempatan/Drop_Down_Nama_Pembekal' is clicked on

2019-04-09 12:53:36 - [MESSAGE][PASSED] - Object: 'Object Repository/Perolehan/006 Arahan Bayaran/001 Pesanan Tempatan/Drop_Down_Nama_Pembekal' is clicked on

2019-04-09 12:53:36 - [TEST_STEP][PASSED] - delay(3): Delayed 3 second(s)

2019-04-09 12:53:39 - [MESSAGE][PASSED] - Delayed 3 second(s)

2019-04-09 12:53:39 - [TEST_STEP][PASSED] - setText(findTestObject("Perolehan/006 Arahan Bayaran/001 Pesanan Tempatan/input_kod_pembekal"), nama_pembekal_cek): Text 'ZAM MEDITRADE' is set on object 'Object Repository/Perolehan/006 Arahan Bayaran/001 Pesanan Tempatan/input_kod_pembekal'

2019-04-09 12:53:40 - [MESSAGE][PASSED] - Text 'ZAM MEDITRADE' is set on object 'Object Repository/Perolehan/006 Arahan Bayaran/001 Pesanan Tempatan/input_kod_pembekal'

2019-04-09 12:53:40 - [TEST_STEP][PASSED] - delay(3): Delayed 3 second(s)

2019-04-09 12:53:43 - [MESSAGE][PASSED] - Delayed 3 second(s)

2019-04-09 12:53:43 - [TEST_STEP][PASSED] - click(findTestObject("Perolehan/006 Arahan Bayaran/001 Pesanan Tempatan/Select_Nama_Pembekal", ["text":nama_pembekal_cek])): Object: 'Object Repository/Perolehan/006 Arahan Bayaran/001 Pesanan Tempatan/Select_Nama_Pembekal' is clicked on

2019-04-09 12:53:43 - [MESSAGE][PASSED] - Object: 'Object Repository/Perolehan/006 Arahan Bayaran/001 Pesanan Tempatan/Select_Nama_Pembekal' is clicked on

2019-04-09 12:53:43 - [TEST_STEP][PASSED] - delay(5): Delayed 5 second(s)

2019-04-09 12:53:48 - [MESSAGE][PASSED] - Delayed 5 second(s)

2019-04-09 12:53:48 - [TEST_STEP][PASSED] - click(findTestObject("Perolehan/006 Arahan Bayaran/005 Pesanan Tempatan dan Inden Kerja/Drop_Down_Cara_Bayaran")): Object: 'Object Repository/Perolehan/006 Arahan Bayaran/005 Pesanan Tempatan dan Inden Kerja/Drop_Down_Cara_Bayaran' is clicked on

2019-04-09 12:53:48 - [MESSAGE][PASSED] - Object: 'Object Repository/Perolehan/006 Arahan Bayaran/005 Pesanan Tempatan dan Inden Kerja/Drop_Down_Cara_Bayaran' is clicked on

2019-04-09 12:53:48 - [TEST_STEP][PASSED] - click(findTestObject("Perolehan/006 Arahan Bayaran/005 Pesanan Tempatan dan Inden Kerja/Select_CEK")): Object: 'Object Repository/Perolehan/006 Arahan Bayaran/005 Pesanan Tempatan dan Inden Kerja/Select_CEK' is clicked on

2019-04-09 12:53:48 - [MESSAGE][PASSED] - Object: 'Object Repository/Perolehan/006 Arahan Bayaran/005 Pesanan Tempatan dan Inden Kerja/Select_CEK' is clicked on

2019-04-09 12:53:48 - [TEST_STEP][PASSED] - click(findTestObject("Perolehan/006 Arahan Bayaran/005 Pesanan Tempatan dan Inden Kerja/Drop_Down_Dengan_Pemfaktoran")): Object: 'Object Repository/Perolehan/006 Arahan Bayaran/005 Pesanan Tempatan dan Inden Kerja/Drop_Down_Dengan_Pemfaktoran' is clicked on

2019-04-09 12:53:48 - [MESSAGE][PASSED] - Object: 'Object Repository/Perolehan/006 Arahan Bayaran/005 Pesanan Tempatan dan Inden Kerja/Drop_Down_Dengan_Pemfaktoran' is clicked on

2019-04-09 12:53:48 - [TEST_STEP][PASSED] - click(findTestObject("Perolehan/006 Arahan Bayaran/001 Pesanan Tempatan/Select_Ya_Dengan_Pemfaktoran")): Object: 'Object Repository/Perolehan/006 Arahan Bayaran/001 Pesanan Tempatan/Select_Ya_Dengan_Pemfaktoran' is clicked on

2019-04-09 12:53:48 - [MESSAGE][PASSED] - Object: 'Object Repository/Perolehan/006 Arahan Bayaran/001 Pesanan Tempatan/Select_Ya_Dengan_Pemfaktoran' is clicked on

2019-04-09 12:53:48 - [TEST_STEP][PASSED] - delay(3): Delayed 3 second(s)

2019-04-09 12:53:51 - [MESSAGE][PASSED] - Delayed 3 second(s)

2019-04-09 12:53:51 - [TEST_STEP][PASSED] - mydate = new java.util.Date(): null

2019-04-09 12:53:51 - [TEST_STEP][PASSED] - setText(findTestObject("Perolehan/006 Arahan Bayaran/001 Pesanan Tempatan/input_Perihal"), "This is a test for Pesanan Tempatan Cara Bayaran CEK " + mydate): Text 'This is a test for Pesanan Tempatan Cara Bayaran CEK Tue Apr 09 12:53:51 SGT 2019' is set on object 'Object Repository/Perolehan/006 Arahan Bayaran/001 Pesanan Tempatan/input_Perihal'

2019-04-09 12:53:52 - [MESSAGE][PASSED] - Text 'This is a test for Pesanan Tempatan Cara Bayaran CEK Tue Apr 09 12:53:51 SGT 2019' is set on object 'Object Repository/Perolehan/006 Arahan Bayaran/001 Pesanan Tempatan/input_Perihal'

2019-04-09 12:53:52 - [TEST_STEP][PASSED] - delay(3): Delayed 3 second(s)

2019-04-09 12:53:55 - [MESSAGE][PASSED] - Delayed 3 second(s)

2019-04-09 12:53:55 - [TEST_STEP][PASSED] - doubleClick(findTestObject("Perolehan/006 Arahan Bayaran/001 Pesanan Tempatan/Maklumat_Terimaan_Barang_line_1")): Object: 'Object Repository/Perolehan/006 Arahan Bayaran/001 Pesanan Tempatan/Maklumat_Terimaan_Barang_line_1' is double clicked on

2019-04-09 12:53:55 - [MESSAGE][PASSED] - Object: 'Object Repository/Perolehan/006 Arahan Bayaran/001 Pesanan Tempatan/Maklumat_Terimaan_Barang_line_1' is double clicked on

2019-04-09 12:53:55 - [TEST_STEP][PASSED] - delay(3): Delayed 3 second(s)

2019-04-09 12:53:58 - [MESSAGE][PASSED] - Delayed 3 second(s)

2019-04-09 12:53:58 - [TEST_STEP][PASSED] - RN = Math.random() * 10000: null

2019-04-09 12:53:58 - [TEST_STEP][PASSED] - println(RN): null

2019-04-09 12:53:58 - [TEST_STEP][PASSED] - setText(findTestObject("Perolehan/006 Arahan Bayaran/001 Pesanan Tempatan/input_No_Invois"), "INV0" + RN): Text 'INV06621' is set on object 'Object Repository/Perolehan/006 Arahan Bayaran/001 Pesanan Tempatan/input_No_Invois'

2019-04-09 12:53:58 - [MESSAGE][PASSED] - Text 'INV06621' is set on object 'Object Repository/Perolehan/006 Arahan Bayaran/001 Pesanan Tempatan/input_No_Invois'

2019-04-09 12:53:58 - [TEST_STEP][PASSED] - setText(findTestObject("Perolehan/006 Arahan Bayaran/001 Pesanan Tempatan/input_Amaun_Invois_RM"), TotalAmaunPT): Text '5.31' is set on object 'Object Repository/Perolehan/006 Arahan Bayaran/001 Pesanan Tempatan/input_Amaun_Invois_RM'

2019-04-09 12:53:58 - [MESSAGE][PASSED] - Text '5.31' is set on object 'Object Repository/Perolehan/006 Arahan Bayaran/001 Pesanan Tempatan/input_Amaun_Invois_RM'

2019-04-09 12:53:58 - [TEST_STEP][PASSED] - click(findTestObject("Perolehan/006 Arahan Bayaran/001 Pesanan Tempatan/a_Tarikh_Invois"), STOP_ON_FAILURE): Object: 'Object Repository/Perolehan/006 Arahan Bayaran/001 Pesanan Tempatan/a_Tarikh_Invois' is clicked on

2019-04-09 12:53:58 - [MESSAGE][PASSED] - Object: 'Object Repository/Perolehan/006 Arahan Bayaran/001 Pesanan Tempatan/a_Tarikh_Invois' is clicked on

2019-04-09 12:53:58 - [TEST_STEP][PASSED] - delay(2): Delayed 2 second(s)

2019-04-09 12:54:00 - [MESSAGE][PASSED] - Delayed 2 second(s)

2019-04-09 12:54:00 - [TEST_STEP][PASSED] - click(findTestObject("Perolehan/006 Arahan Bayaran/001 Pesanan Tempatan/a_Today_Tarikh_Invois"), STOP_ON_FAILURE): Object: 'Object Repository/Perolehan/006 Arahan Bayaran/001 Pesanan Tempatan/a_Today_Tarikh_Invois' is clicked on

2019-04-09 12:54:00 - [MESSAGE][PASSED] - Object: 'Object Repository/Perolehan/006 Arahan Bayaran/001 Pesanan Tempatan/a_Today_Tarikh_Invois' is clicked on

2019-04-09 12:54:00 - [TEST_STEP][PASSED] - click(findTestObject("Perolehan/006 Arahan Bayaran/001 Pesanan Tempatan/a_Tarikh Terima Oleh Kewangan"), STOP_ON_FAILURE): Object: 'Object Repository/Perolehan/006 Arahan Bayaran/001 Pesanan Tempatan/a_Tarikh Terima Oleh Kewangan' is clicked on

2019-04-09 12:54:00 - [MESSAGE][PASSED] - Object: 'Object Repository/Perolehan/006 Arahan Bayaran/001 Pesanan Tempatan/a_Tarikh Terima Oleh Kewangan' is clicked on

2019-04-09 12:54:00 - [TEST_STEP][PASSED] - delay(2): Delayed 2 second(s)

2019-04-09 12:54:02 - [MESSAGE][PASSED] - Delayed 2 second(s)

2019-04-09 12:54:02 - [TEST_STEP][PASSED] - click(findTestObject("Perolehan/006 Arahan Bayaran/001 Pesanan Tempatan/a_Today_Tarikh_Terima_Oleh_Kewangan"), STOP_ON_FAILURE): Object: 'Object Repository/Perolehan/006 Arahan Bayaran/001 Pesanan Tempatan/a_Today_Tarikh_Terima_Oleh_Kewangan' is clicked on

2019-04-09 12:54:02 - [MESSAGE][PASSED] - Object: 'Object Repository/Perolehan/006 Arahan Bayaran/001 Pesanan Tempatan/a_Today_Tarikh_Terima_Oleh_Kewangan' is clicked on

2019-04-09 12:54:02 - [TEST_STEP][PASSED] - click(findTestObject("Perolehan/006 Arahan Bayaran/001 Pesanan Tempatan/button_Save_Maklumat_Terima_Barang")): Object: 'Object Repository/Perolehan/006 Arahan Bayaran/001 Pesanan Tempatan/button_Save_Maklumat_Terima_Barang' is clicked on

2019-04-09 12:54:02 - [MESSAGE][PASSED] - Object: 'Object Repository/Perolehan/006 Arahan Bayaran/001 Pesanan Tempatan/button_Save_Maklumat_Terima_Barang' is clicked on

2019-04-09 12:54:02 - [TEST_STEP][PASSED] - delay(3): Delayed 3 second(s)

2019-04-09 12:54:05 - [MESSAGE][PASSED] - Delayed 3 second(s)

2019-04-09 12:54:05 - [TEST_STEP][PASSED] - click(findTestObject("Perolehan/006 Arahan Bayaran/001 Pesanan Tempatan/button_Tambah_Maklumat_Penerima")): Object: 'Object Repository/Perolehan/006 Arahan Bayaran/001 Pesanan Tempatan/button_Tambah_Maklumat_Penerima' is clicked on

2019-04-09 12:54:06 - [MESSAGE][PASSED] - Object: 'Object Repository/Perolehan/006 Arahan Bayaran/001 Pesanan Tempatan/button_Tambah_Maklumat_Penerima' is clicked on

2019-04-09 12:54:06 - [TEST_STEP][PASSED] - click(findTestObject("Perolehan/006 Arahan Bayaran/001 Pesanan Tempatan/Drop_Down_Penerima_No_Daftar")): Object: 'Object Repository/Perolehan/006 Arahan Bayaran/001 Pesanan Tempatan/Drop_Down_Penerima_No_Daftar' is clicked on

2019-04-09 12:54:06 - [MESSAGE][PASSED] - Object: 'Object Repository/Perolehan/006 Arahan Bayaran/001 Pesanan Tempatan/Drop_Down_Penerima_No_Daftar' is clicked on

2019-04-09 12:54:06 - [TEST_STEP][PASSED] - delay(3): Delayed 3 second(s)

2019-04-09 12:54:09 - [MESSAGE][PASSED] - Delayed 3 second(s)

2019-04-09 12:54:09 - [TEST_STEP][PASSED] - setText(findTestObject("Perolehan/006 Arahan Bayaran/001 Pesanan Tempatan/input_name_kod Pembekal"), kod_pembekal_pemfaktoran): Text 'I0801SK29724' is set on object 'Object Repository/Perolehan/006 Arahan Bayaran/001 Pesanan Tempatan/input_name_kod Pembekal'

2019-04-09 12:54:09 - [MESSAGE][PASSED] - Text 'I0801SK29724' is set on object 'Object Repository/Perolehan/006 Arahan Bayaran/001 Pesanan Tempatan/input_name_kod Pembekal'

2019-04-09 12:54:09 - [TEST_STEP][PASSED] - delay(3): Delayed 3 second(s)

2019-04-09 12:54:12 - [MESSAGE][PASSED] - Delayed 3 second(s)

2019-04-09 12:54:12 - [TEST_STEP][PASSED] - click(findTestObject("Perolehan/006 Arahan Bayaran/001 Pesanan Tempatan/select_Maklumat_Penerima_Armada", ["text":kod_pembekal_pemfaktoran])): Object: 'Object Repository/Perolehan/006 Arahan Bayaran/001 Pesanan Tempatan/select_Maklumat_Penerima_Armada' is clicked on

2019-04-09 12:54:12 - [MESSAGE][PASSED] - Object: 'Object Repository/Perolehan/006 Arahan Bayaran/001 Pesanan Tempatan/select_Maklumat_Penerima_Armada' is clicked on

2019-04-09 12:54:12 - [TEST_STEP][PASSED] - delay(5): Delayed 5 second(s)

2019-04-09 12:54:17 - [MESSAGE][PASSED] - Delayed 5 second(s)

2019-04-09 12:54:17 - [TEST_STEP][PASSED] - setText(findTestObject("Perolehan/006 Arahan Bayaran/001 Pesanan Tempatan/input_Penerima_Amaun"), TotalAmaunPT): Text '5.31' is set on object 'Object Repository/Perolehan/006 Arahan Bayaran/001 Pesanan Tempatan/input_Penerima_Amaun'

2019-04-09 12:54:17 - [MESSAGE][PASSED] - Text '5.31' is set on object 'Object Repository/Perolehan/006 Arahan Bayaran/001 Pesanan Tempatan/input_Penerima_Amaun'

2019-04-09 12:54:17 - [TEST_STEP][PASSED] - click(findTestObject("Perolehan/006 Arahan Bayaran/001 Pesanan Tempatan/button_Save_Maklumat_Penerima")): Object: 'Object Repository/Perolehan/006 Arahan Bayaran/001 Pesanan Tempatan/button_Save_Maklumat_Penerima' is clicked on

2019-04-09 12:54:18 - [MESSAGE][PASSED] - Object: 'Object Repository/Perolehan/006 Arahan Bayaran/001 Pesanan Tempatan/button_Save_Maklumat_Penerima' is clicked on

2019-04-09 12:54:18 - [TEST_STEP][PASSED] - delay(3): Delayed 3 second(s)

2019-04-09 12:54:21 - [MESSAGE][PASSED] - Delayed 3 second(s)

2019-04-09 12:54:21 - [TEST_STEP][PASSED] - click(findTestObject("Perolehan/006 Arahan Bayaran/001 Pesanan Tempatan/button_Simpan"), STOP_ON_FAILURE): Object: 'Object Repository/Perolehan/006 Arahan Bayaran/001 Pesanan Tempatan/button_Simpan' is clicked on

2019-04-09 12:54:21 - [MESSAGE][PASSED] - Object: 'Object Repository/Perolehan/006 Arahan Bayaran/001 Pesanan Tempatan/button_Simpan' is clicked on

2019-04-09 12:54:21 - [TEST_STEP][PASSED] - click(findTestObject("Perolehan/006 Arahan Bayaran/001 Pesanan Tempatan/button_Ya_Simpan")): Object: 'Object Repository/Perolehan/006 Arahan Bayaran/001 Pesanan Tempatan/button_Ya_Simpan' is clicked on

2019-04-09 12:54:21 - [MESSAGE][PASSED] - Object: 'Object Repository/Perolehan/006 Arahan Bayaran/001 Pesanan Tempatan/button_Ya_Simpan' is clicked on

2019-04-09 12:54:21 - [TEST_STEP][PASSED] - delay(3): Delayed 3 second(s)

2019-04-09 12:54:24 - [MESSAGE][PASSED] - Delayed 3 second(s)

2019-04-09 12:54:24 - [TEST_STEP][PASSED] - click(findTestObject("Perolehan/006 Arahan Bayaran/001 Pesanan Tempatan/button_OK_Rekod_telah_simpan")): Object: 'Object Repository/Perolehan/006 Arahan Bayaran/001 Pesanan Tempatan/button_OK_Rekod_telah_simpan' is clicked on

2019-04-09 12:54:24 - [MESSAGE][PASSED] - Object: 'Object Repository/Perolehan/006 Arahan Bayaran/001 Pesanan Tempatan/button_OK_Rekod_telah_simpan' is clicked on

2019-04-09 12:54:24 - [TEST_STEP][PASSED] - click(findTestObject("Perolehan/006 Arahan Bayaran/001 Pesanan Tempatan/button_Senarai_Semak")): Object: 'Object Repository/Perolehan/006 Arahan Bayaran/001 Pesanan Tempatan/button_Senarai_Semak' is clicked on

2019-04-09 12:54:24 - [MESSAGE][PASSED] - Object: 'Object Repository/Perolehan/006 Arahan Bayaran/001 Pesanan Tempatan/button_Senarai_Semak' is clicked on

2019-04-09 12:54:24 - [TEST_STEP][PASSED] - check(findTestObject("Perolehan/006 Arahan Bayaran/001 Pesanan Tempatan/Senarai_Semak_check_no_1")): Object 'Object Repository/Perolehan/006 Arahan Bayaran/001 Pesanan Tempatan/Senarai_Semak_check_no_1' is checked

2019-04-09 12:54:24 - [MESSAGE][PASSED] - Object 'Object Repository/Perolehan/006 Arahan Bayaran/001 Pesanan Tempatan/Senarai_Semak_check_no_1' is checked

2019-04-09 12:54:24 - [TEST_STEP][PASSED] - click(findTestObject("Perolehan/006 Arahan Bayaran/001 Pesanan Tempatan/button_senarai_Semak_simpan")): Object: 'Object Repository/Perolehan/006 Arahan Bayaran/001 Pesanan Tempatan/button_senarai_Semak_simpan' is clicked on

2019-04-09 12:54:24 - [MESSAGE][PASSED] - Object: 'Object Repository/Perolehan/006 Arahan Bayaran/001 Pesanan Tempatan/button_senarai_Semak_simpan' is clicked on

2019-04-09 12:54:24 - [TEST_STEP][PASSED] - delay(3): Delayed 3 second(s)

2019-04-09 12:54:27 - [MESSAGE][PASSED] - Delayed 3 second(s)

2019-04-09 12:54:27 - [TEST_STEP][PASSED] - click(findTestObject("Perolehan/006 Arahan Bayaran/001 Pesanan Tempatan/button_OK_Rekod_telah_simpan")): Object: 'Object Repository/Perolehan/006 Arahan Bayaran/001 Pesanan Tempatan/button_OK_Rekod_telah_simpan' is clicked on

2019-04-09 12:54:27 - [MESSAGE][PASSED] - Object: 'Object Repository/Perolehan/006 Arahan Bayaran/001 Pesanan Tempatan/button_OK_Rekod_telah_simpan' is clicked on

2019-04-09 12:54:27 - [TEST_STEP][PASSED] - click(findTestObject("Perolehan/006 Arahan Bayaran/001 Pesanan Tempatan/Senarai_Semak_X_close")): Object: 'Object Repository/Perolehan/006 Arahan Bayaran/001 Pesanan Tempatan/Senarai_Semak_X_close' is clicked on

2019-04-09 12:54:27 - [MESSAGE][PASSED] - Object: 'Object Repository/Perolehan/006 Arahan Bayaran/001 Pesanan Tempatan/Senarai_Semak_X_close' is clicked on

2019-04-09 12:54:27 - [TEST_STEP][PASSED] - delay(3): Delayed 3 second(s)

2019-04-09 12:54:30 - [MESSAGE][PASSED] - Delayed 3 second(s)

2019-04-09 12:54:30 - [TEST_STEP][PASSED] - jumlahbaucarbayaran = getText(findTestObject("Perolehan/006 Arahan Bayaran/005 Pesanan Tempatan dan Inden Kerja/jumlah_baucar_bayaran")): Text of object 'Object Repository/Perolehan/006 Arahan Bayaran/005 Pesanan Tempatan dan Inden Kerja/jumlah_baucar_bayaran' is: '5.30'

2019-04-09 12:54:30 - [MESSAGE][PASSED] - Text of object 'Object Repository/Perolehan/006 Arahan Bayaran/005 Pesanan Tempatan dan Inden Kerja/jumlah_baucar_bayaran' is: '5.30'

2019-04-09 12:54:30 - [TEST_STEP][PASSED] - println(jumlahbaucarbayaran): null

2019-04-09 12:54:30 - [TEST_STEP][PASSED] - jumlah_baucar_bayaran = jumlahbaucarbayaran: null

2019-04-09 12:54:30 - [TEST_STEP][PASSED] - click(findTestObject("Perolehan/006 Arahan Bayaran/001 Pesanan Tempatan/button_Sah_Simpan")): Object: 'Object Repository/Perolehan/006 Arahan Bayaran/001 Pesanan Tempatan/button_Sah_Simpan' is clicked on

2019-04-09 12:54:31 - [MESSAGE][PASSED] - Object: 'Object Repository/Perolehan/006 Arahan Bayaran/001 Pesanan Tempatan/button_Sah_Simpan' is clicked on

2019-04-09 12:54:31 - [TEST_STEP][PASSED] - click(findTestObject("Perolehan/006 Arahan Bayaran/001 Pesanan Tempatan/button_Ya_Simpan")): Object: 'Object Repository/Perolehan/006 Arahan Bayaran/001 Pesanan Tempatan/button_Ya_Simpan' is clicked on

2019-04-09 12:54:31 - [MESSAGE][PASSED] - Object: 'Object Repository/Perolehan/006 Arahan Bayaran/001 Pesanan Tempatan/button_Ya_Simpan' is clicked on

2019-04-09 12:54:31 - [TEST_STEP][PASSED] - delay(3): Delayed 3 second(s)

2019-04-09 12:54:34 - [MESSAGE][PASSED] - Delayed 3 second(s)

2019-04-09 12:54:34 - [TEST_STEP][PASSED] - takeScreenshot(): Taking screenshot successfully

2019-04-09 12:54:34 - [MESSAGE][PASSED] - Taking screenshot successfully
[[ATTACHMENT|C:\\Users\\Consultant_MSPHitect\\Katalon Studio\\TrainingonKatalon\\Reports\\Perolehan\\06 Pesanan Tempatan - CEK - Perak\\20190409_122750\\1554785674151.png]]

2019-04-09 12:54:34 - [TEST_STEP][PASSED] - attribute = getText(findTestObject("Perolehan/006 Arahan Bayaran/001 Pesanan Tempatan/Get_Arahan_Bayaran_RekodID")): Text of object 'Object Repository/Perolehan/006 Arahan Bayaran/001 Pesanan Tempatan/Get_Arahan_Bayaran_RekodID' is: 'Rekod Telah Berjaya Disah Simpan. [ NO REKOD :19DAAB030100130 ]
Ok'

2019-04-09 12:54:34 - [MESSAGE][PASSED] - Text of object 'Object Repository/Perolehan/006 Arahan Bayaran/001 Pesanan Tempatan/Get_Arahan_Bayaran_RekodID' is: 'Rekod Telah Berjaya Disah Simpan. [ NO REKOD :19DAAB030100130 ]
Ok'

2019-04-09 12:54:34 - [TEST_STEP][PASSED] - println(attribute): null

2019-04-09 12:54:34 - [TEST_STEP][PASSED] - ArahanBayaranID = attribute[(46..60)]: null

2019-04-09 12:54:34 - [TEST_STEP][PASSED] - println(ArahanBayaranID): null

2019-04-09 12:54:34 - [TEST_STEP][PASSED] - ArahanBayaranRekodID = ArahanBayaranID: null

2019-04-09 12:54:34 - [TEST_STEP][PASSED] - delay(3): Delayed 3 second(s)

2019-04-09 12:54:37 - [MESSAGE][PASSED] - Delayed 3 second(s)

2019-04-09 12:54:37 - [TEST_STEP][PASSED] - waitForElementClickable(findTestObject("Perolehan/002 Penyedia_RekodBaru/001 Rekod Baru Pesanan Tempatan/button_OK_Rekod_Berjaya_disimpan"), 300): Object 'Object Repository/Perolehan/002 Penyedia_RekodBaru/001 Rekod Baru Pesanan Tempatan/button_OK_Rekod_Berjaya_disimpan' is clickable

2019-04-09 12:54:37 - [MESSAGE][PASSED] - Object 'Object Repository/Perolehan/002 Penyedia_RekodBaru/001 Rekod Baru Pesanan Tempatan/button_OK_Rekod_Berjaya_disimpan' is clickable

2019-04-09 12:54:37 - [TEST_STEP][PASSED] - element = findWebElement(findTestObject("Perolehan/006 Arahan Bayaran/001 Pesanan Tempatan/button_OK_Rekod_telah_simpan"), 300): null

2019-04-09 12:54:37 - [TEST_STEP][PASSED] - executeJavaScript("arguments[0].click", Arrays.asList(element)): Execute JavaScript 'arguments[0].click' successfully

2019-04-09 12:54:37 - [MESSAGE][PASSED] - Execute JavaScript 'arguments[0].click' successfully

2019-04-09 12:54:37 - [TEST_STEP][PASSED] - click(findTestObject("Perolehan/006 Arahan Bayaran/001 Pesanan Tempatan/button_OK_Rekod_telah_simpan")): Object: 'Object Repository/Perolehan/006 Arahan Bayaran/001 Pesanan Tempatan/button_OK_Rekod_telah_simpan' is clicked on

2019-04-09 12:54:37 - [MESSAGE][PASSED] - Object: 'Object Repository/Perolehan/006 Arahan Bayaran/001 Pesanan Tempatan/button_OK_Rekod_telah_simpan' is clicked on

2019-04-09 12:54:37 - [TEST_STEP][PASSED] - closeBrowser(): Browser is closed

2019-04-09 12:54:38 - [MESSAGE][PASSED] - Browser is closed]]></system-out>
         <system-err><![CDATA[]]></system-err>
      </testcase>
      <testcase name="Test Cases/Perolehan/006 Arahan Bayaran/011 Penyemak Pesanan Tempatan" classname="Test Cases/Perolehan/006 Arahan Bayaran/011 Penyemak Pesanan Tempatan" status="PASSED">
         <system-out><![CDATA[2019-04-09 12:54:38 - [TEST_CASE][PASSED] - Test Cases/Perolehan/006 Arahan Bayaran/011 Penyemak Pesanan Tempatan: Test Cases/Perolehan/006 Arahan Bayaran/011 Penyemak Pesanan Tempatan

2019-04-09 12:54:38 - [TEST_STEP][PASSED] - reusablefunctions.reusablefunctions.openbrowser(): reusablefunctions.reusablefunctions.openbrowser is PASSED

2019-04-09 12:54:38 - [MESSAGE][INFO] - Starting 'Chrome' driver

2019-04-09 12:54:41 - [MESSAGE][PASSED] - Browser is opened with url: 'https://175.143.52.101:7011/1SPEKSv2/'

2019-04-09 12:54:41 - [MESSAGE][PASSED] - reusablefunctions.reusablefunctions.openbrowser is PASSED

2019-04-09 12:54:41 - [TEST_STEP][PASSED] - reusablefunctions.reusablefunctions.Login(PenyemakPTJ, findTestData("ispekstestdata").getValue(2, 5)): reusablefunctions.reusablefunctions.Login is PASSED

2019-04-09 12:54:41 - [MESSAGE][PASSED] - Text '601101955194' is set on object 'Object Repository/Login/input_NoKadPengenalan'

2019-04-09 12:54:41 - [MESSAGE][PASSED] - Text ****** has been set on object 'Object Repository/Login/input_Password'

2019-04-09 12:54:47 - [MESSAGE][PASSED] - Object: 'Object Repository/Login/input_ButtonLogMasuk' is clicked on

2019-04-09 12:54:57 - [MESSAGE][PASSED] - Delayed 10 second(s)

2019-04-09 12:54:57 - [MESSAGE][PASSED] - reusablefunctions.reusablefunctions.Login is PASSED

2019-04-09 12:54:57 - [TEST_STEP][PASSED] - click(findTestObject("Perolehan/TukarPeranan/IconTukarPeranan")): Object: 'Object Repository/Perolehan/TukarPeranan/IconTukarPeranan' is clicked on

2019-04-09 12:54:57 - [MESSAGE][PASSED] - Object: 'Object Repository/Perolehan/TukarPeranan/IconTukarPeranan' is clicked on

2019-04-09 12:54:57 - [TEST_STEP][PASSED] - click(findTestObject("Perolehan/TukarPeranan/input_TukarPeranan", ["value":RBPenyemakPTJ])): Object: 'Object Repository/Perolehan/TukarPeranan/input_TukarPeranan' is clicked on

2019-04-09 12:54:58 - [MESSAGE][PASSED] - Object: 'Object Repository/Perolehan/TukarPeranan/input_TukarPeranan' is clicked on

2019-04-09 12:54:58 - [TEST_STEP][PASSED] - click(findTestObject("Perolehan/TukarPeranan/button_Ya")): Object: 'Object Repository/Perolehan/TukarPeranan/button_Ya' is clicked on

2019-04-09 12:54:58 - [MESSAGE][PASSED] - Object: 'Object Repository/Perolehan/TukarPeranan/button_Ya' is clicked on

2019-04-09 12:54:58 - [TEST_STEP][PASSED] - delay(20): Delayed 20 second(s)

2019-04-09 12:55:18 - [MESSAGE][PASSED] - Delayed 20 second(s)

2019-04-09 12:55:18 - [TEST_STEP][PASSED] - verifyTextPresent("Peranan : [Penyemak] Peringkat : [PTJ]", false): Text 'Peranan : [Penyemak] Peringkat : [PTJ]' is present on page 

2019-04-09 12:55:20 - [MESSAGE][PASSED] - Text 'Peranan : [Penyemak] Peringkat : [PTJ]' is present on page 

2019-04-09 12:55:20 - [TEST_STEP][PASSED] - delay(5): Delayed 5 second(s)

2019-04-09 12:55:25 - [MESSAGE][PASSED] - Delayed 5 second(s)

2019-04-09 12:55:25 - [TEST_STEP][PASSED] - click(findTestObject("Perolehan/001 Left_Menu_Selection/a_ExpandMenuonLeft")): Object: 'Object Repository/Perolehan/001 Left_Menu_Selection/a_ExpandMenuonLeft' is clicked on

2019-04-09 12:55:26 - [MESSAGE][PASSED] - Object: 'Object Repository/Perolehan/001 Left_Menu_Selection/a_ExpandMenuonLeft' is clicked on

2019-04-09 12:55:26 - [TEST_STEP][PASSED] - delay(3, STOP_ON_FAILURE): Delayed 3 second(s)

2019-04-09 12:55:29 - [MESSAGE][PASSED] - Delayed 3 second(s)

2019-04-09 12:55:29 - [TEST_STEP][PASSED] - click(findTestObject("Perolehan/001 Left_Menu_Selection/div_PanelTitlePerolehan")): Object: 'Object Repository/Perolehan/001 Left_Menu_Selection/div_PanelTitlePerolehan' is clicked on

2019-04-09 12:55:29 - [MESSAGE][PASSED] - Object: 'Object Repository/Perolehan/001 Left_Menu_Selection/div_PanelTitlePerolehan' is clicked on

2019-04-09 12:55:29 - [TEST_STEP][PASSED] - delay(3, STOP_ON_FAILURE): Delayed 3 second(s)

2019-04-09 12:55:32 - [MESSAGE][PASSED] - Delayed 3 second(s)

2019-04-09 12:55:32 - [TEST_STEP][PASSED] - click(findTestObject("Perolehan/001 Left_Menu_Selection/div_Menu_ArahanBayaran")): Object: 'Object Repository/Perolehan/001 Left_Menu_Selection/div_Menu_ArahanBayaran' is clicked on

2019-04-09 12:55:32 - [MESSAGE][PASSED] - Object: 'Object Repository/Perolehan/001 Left_Menu_Selection/div_Menu_ArahanBayaran' is clicked on

2019-04-09 12:55:32 - [TEST_STEP][PASSED] - assert true: null

2019-04-09 12:55:32 - [TEST_STEP][PASSED] - delay(3): Delayed 3 second(s)

2019-04-09 12:55:35 - [MESSAGE][PASSED] - Delayed 3 second(s)

2019-04-09 12:55:35 - [TEST_STEP][PASSED] - setText(findTestObject("Perolehan/006 Arahan Bayaran/004 Penyemak/input_TABLE_NAME_noRekod"), ArahanBayaranRekodID): Text '19DAAB030100130' is set on object 'Object Repository/Perolehan/006 Arahan Bayaran/004 Penyemak/input_TABLE_NAME_noRekod'

2019-04-09 12:55:35 - [MESSAGE][PASSED] - Text '19DAAB030100130' is set on object 'Object Repository/Perolehan/006 Arahan Bayaran/004 Penyemak/input_TABLE_NAME_noRekod'

2019-04-09 12:55:35 - [TEST_STEP][PASSED] - delay(3): Delayed 3 second(s)

2019-04-09 12:55:38 - [MESSAGE][PASSED] - Delayed 3 second(s)

2019-04-09 12:55:38 - [TEST_STEP][PASSED] - doubleClick(findTestObject("Perolehan/006 Arahan Bayaran/004 Penyemak/select_noRekod", ["text":ArahanBayaranRekodID])): Object: 'Object Repository/Perolehan/006 Arahan Bayaran/004 Penyemak/select_noRekod' is double clicked on

2019-04-09 12:55:38 - [MESSAGE][PASSED] - Object: 'Object Repository/Perolehan/006 Arahan Bayaran/004 Penyemak/select_noRekod' is double clicked on

2019-04-09 12:55:38 - [TEST_STEP][PASSED] - delay(5): Delayed 5 second(s)

2019-04-09 12:55:43 - [MESSAGE][PASSED] - Delayed 5 second(s)

2019-04-09 12:55:43 - [TEST_STEP][PASSED] - jumlah = getText(findTestObject("Perolehan/006 Arahan Bayaran/005 Pesanan Tempatan dan Inden Kerja/jumlah_PT")): Text of object 'Object Repository/Perolehan/006 Arahan Bayaran/005 Pesanan Tempatan dan Inden Kerja/jumlah_PT' is: '5.30'

2019-04-09 12:55:43 - [MESSAGE][PASSED] - Text of object 'Object Repository/Perolehan/006 Arahan Bayaran/005 Pesanan Tempatan dan Inden Kerja/jumlah_PT' is: '5.30'

2019-04-09 12:55:43 - [TEST_STEP][PASSED] - verifyMatch(jumlah, jumlah_baucar_bayaran, false): Actual text '5.30' and expected text '5.30' are matched 

2019-04-09 12:55:43 - [MESSAGE][PASSED] - Actual text '5.30' and expected text '5.30' are matched 

2019-04-09 12:55:43 - [TEST_STEP][PASSED] - delay(3): Delayed 3 second(s)

2019-04-09 12:55:46 - [MESSAGE][PASSED] - Delayed 3 second(s)

2019-04-09 12:55:46 - [TEST_STEP][PASSED] - click(findTestObject("Perolehan/006 Arahan Bayaran/004 Penyemak/button_Senarai_Semak")): Object: 'Object Repository/Perolehan/006 Arahan Bayaran/004 Penyemak/button_Senarai_Semak' is clicked on

2019-04-09 12:55:46 - [MESSAGE][PASSED] - Object: 'Object Repository/Perolehan/006 Arahan Bayaran/004 Penyemak/button_Senarai_Semak' is clicked on

2019-04-09 12:55:46 - [TEST_STEP][PASSED] - delay(3): Delayed 3 second(s)

2019-04-09 12:55:49 - [MESSAGE][PASSED] - Delayed 3 second(s)

2019-04-09 12:55:49 - [TEST_STEP][PASSED] - verifyElementChecked(findTestObject("Perolehan/006 Arahan Bayaran/004 Penyemak/Check_Senarai_Semak_Item"), 3): Object 'Object Repository/Perolehan/006 Arahan Bayaran/004 Penyemak/Check_Senarai_Semak_Item' is checked

2019-04-09 12:55:50 - [MESSAGE][PASSED] - Object 'Object Repository/Perolehan/006 Arahan Bayaran/004 Penyemak/Check_Senarai_Semak_Item' is checked

2019-04-09 12:55:50 - [TEST_STEP][PASSED] - click(findTestObject("Perolehan/006 Arahan Bayaran/004 Penyemak/button_X_Close_Senarai_Semak")): Object: 'Object Repository/Perolehan/006 Arahan Bayaran/004 Penyemak/button_X_Close_Senarai_Semak' is clicked on

2019-04-09 12:55:50 - [MESSAGE][PASSED] - Object: 'Object Repository/Perolehan/006 Arahan Bayaran/004 Penyemak/button_X_Close_Senarai_Semak' is clicked on

2019-04-09 12:55:50 - [TEST_STEP][PASSED] - click(findTestObject("Perolehan/006 Arahan Bayaran/004 Penyemak/button_Semak")): Object: 'Object Repository/Perolehan/006 Arahan Bayaran/004 Penyemak/button_Semak' is clicked on

2019-04-09 12:55:50 - [MESSAGE][PASSED] - Object: 'Object Repository/Perolehan/006 Arahan Bayaran/004 Penyemak/button_Semak' is clicked on

2019-04-09 12:55:50 - [TEST_STEP][PASSED] - click(findTestObject("Perolehan/006 Arahan Bayaran/004 Penyemak/button_Ya_Semak")): Object: 'Object Repository/Perolehan/006 Arahan Bayaran/004 Penyemak/button_Ya_Semak' is clicked on

2019-04-09 12:55:50 - [MESSAGE][PASSED] - Object: 'Object Repository/Perolehan/006 Arahan Bayaran/004 Penyemak/button_Ya_Semak' is clicked on

2019-04-09 12:55:50 - [TEST_STEP][PASSED] - delay(8): Delayed 8 second(s)

2019-04-09 12:55:58 - [MESSAGE][PASSED] - Delayed 8 second(s)

2019-04-09 12:55:58 - [TEST_STEP][PASSED] - takeScreenshot(): Taking screenshot successfully

2019-04-09 12:55:58 - [MESSAGE][PASSED] - Taking screenshot successfully
[[ATTACHMENT|C:\\Users\\Consultant_MSPHitect\\Katalon Studio\\TrainingonKatalon\\Reports\\Perolehan\\06 Pesanan Tempatan - CEK - Perak\\20190409_122750\\1554785758234.png]]

2019-04-09 12:55:58 - [TEST_STEP][PASSED] - delay(3): Delayed 3 second(s)

2019-04-09 12:56:01 - [MESSAGE][PASSED] - Delayed 3 second(s)

2019-04-09 12:56:01 - [TEST_STEP][PASSED] - waitForElementClickable(findTestObject("Perolehan/006 Arahan Bayaran/004 Penyemak/button_OK_berjaya_disemak"), 240): Object 'Object Repository/Perolehan/006 Arahan Bayaran/004 Penyemak/button_OK_berjaya_disemak' is clickable

2019-04-09 12:56:01 - [MESSAGE][PASSED] - Object 'Object Repository/Perolehan/006 Arahan Bayaran/004 Penyemak/button_OK_berjaya_disemak' is clickable

2019-04-09 12:56:01 - [TEST_STEP][PASSED] - waitForElementClickable(findTestObject("Perolehan/002 Penyedia_RekodBaru/001 Rekod Baru Pesanan Tempatan/button_OK_Rekod_Berjaya_disimpan"), 300): Object 'Object Repository/Perolehan/002 Penyedia_RekodBaru/001 Rekod Baru Pesanan Tempatan/button_OK_Rekod_Berjaya_disimpan' is clickable

2019-04-09 12:56:01 - [MESSAGE][PASSED] - Object 'Object Repository/Perolehan/002 Penyedia_RekodBaru/001 Rekod Baru Pesanan Tempatan/button_OK_Rekod_Berjaya_disimpan' is clickable

2019-04-09 12:56:01 - [TEST_STEP][PASSED] - element = findWebElement(findTestObject("Perolehan/006 Arahan Bayaran/004 Penyemak/button_OK_berjaya_disemak"), 300): null

2019-04-09 12:56:01 - [TEST_STEP][PASSED] - executeJavaScript("arguments[0].click", Arrays.asList(element)): Execute JavaScript 'arguments[0].click' successfully

2019-04-09 12:56:01 - [MESSAGE][PASSED] - Execute JavaScript 'arguments[0].click' successfully

2019-04-09 12:56:01 - [TEST_STEP][PASSED] - click(findTestObject("Perolehan/006 Arahan Bayaran/004 Penyemak/button_OK_berjaya_disemak")): Object: 'Object Repository/Perolehan/006 Arahan Bayaran/004 Penyemak/button_OK_berjaya_disemak' is clicked on

2019-04-09 12:56:01 - [MESSAGE][PASSED] - Object: 'Object Repository/Perolehan/006 Arahan Bayaran/004 Penyemak/button_OK_berjaya_disemak' is clicked on

2019-04-09 12:56:01 - [TEST_STEP][PASSED] - closeBrowser(STOP_ON_FAILURE): Browser is closed

2019-04-09 12:56:02 - [MESSAGE][PASSED] - Browser is closed]]></system-out>
         <system-err><![CDATA[]]></system-err>
      </testcase>
      <testcase name="Test Cases/Perolehan/007 Proses Baucar Bayaran/002 Pelulus Proses Baucar Bayaran - CEK" classname="Test Cases/Perolehan/007 Proses Baucar Bayaran/002 Pelulus Proses Baucar Bayaran - CEK" status="PASSED">
         <system-out><![CDATA[2019-04-09 12:56:02 - [TEST_CASE][PASSED] - Test Cases/Perolehan/007 Proses Baucar Bayaran/002 Pelulus Proses Baucar Bayaran - CEK: Test Cases/Perolehan/007 Proses Baucar Bayaran/002 Pelulus Proses Baucar Bayaran - CEK

2019-04-09 12:56:02 - [TEST_STEP][PASSED] - reusablefunctions.reusablefunctions.openbrowser(): reusablefunctions.reusablefunctions.openbrowser is PASSED

2019-04-09 12:56:02 - [MESSAGE][INFO] - Starting 'Chrome' driver

2019-04-09 12:56:05 - [MESSAGE][PASSED] - Browser is opened with url: 'https://175.143.52.101:7011/1SPEKSv2/'

2019-04-09 12:56:05 - [MESSAGE][PASSED] - reusablefunctions.reusablefunctions.openbrowser is PASSED

2019-04-09 12:56:05 - [TEST_STEP][PASSED] - reusablefunctions.reusablefunctions.Login(PelulusPTJ, findTestData("ispekstestdata").getValue(2, 7)): reusablefunctions.reusablefunctions.Login is PASSED

2019-04-09 12:56:05 - [MESSAGE][PASSED] - Text '601101955194' is set on object 'Object Repository/Login/input_NoKadPengenalan'

2019-04-09 12:56:05 - [MESSAGE][PASSED] - Text ****** has been set on object 'Object Repository/Login/input_Password'

2019-04-09 12:56:11 - [MESSAGE][PASSED] - Object: 'Object Repository/Login/input_ButtonLogMasuk' is clicked on

2019-04-09 12:56:21 - [MESSAGE][PASSED] - Delayed 10 second(s)

2019-04-09 12:56:21 - [MESSAGE][PASSED] - reusablefunctions.reusablefunctions.Login is PASSED

2019-04-09 12:56:21 - [TEST_STEP][PASSED] - click(findTestObject("Perolehan/TukarPeranan/IconTukarPeranan")): Object: 'Object Repository/Perolehan/TukarPeranan/IconTukarPeranan' is clicked on

2019-04-09 12:56:21 - [MESSAGE][PASSED] - Object: 'Object Repository/Perolehan/TukarPeranan/IconTukarPeranan' is clicked on

2019-04-09 12:56:21 - [TEST_STEP][PASSED] - click(findTestObject("Perolehan/TukarPeranan/input_TukarPeranan", ["value":RBPelulusPTJ])): Object: 'Object Repository/Perolehan/TukarPeranan/input_TukarPeranan' is clicked on

2019-04-09 12:56:22 - [MESSAGE][PASSED] - Object: 'Object Repository/Perolehan/TukarPeranan/input_TukarPeranan' is clicked on

2019-04-09 12:56:22 - [TEST_STEP][PASSED] - click(findTestObject("Perolehan/TukarPeranan/button_Ya")): Object: 'Object Repository/Perolehan/TukarPeranan/button_Ya' is clicked on

2019-04-09 12:56:22 - [MESSAGE][PASSED] - Object: 'Object Repository/Perolehan/TukarPeranan/button_Ya' is clicked on

2019-04-09 12:56:22 - [TEST_STEP][PASSED] - delay(20): Delayed 20 second(s)

2019-04-09 12:56:42 - [MESSAGE][PASSED] - Delayed 20 second(s)

2019-04-09 12:56:42 - [TEST_STEP][PASSED] - verifyTextPresent("Peranan : [Pelulus] Peringkat : [PTJ]", false): Text 'Peranan : [Pelulus] Peringkat : [PTJ]' is present on page 

2019-04-09 12:56:44 - [MESSAGE][PASSED] - Text 'Peranan : [Pelulus] Peringkat : [PTJ]' is present on page 

2019-04-09 12:56:44 - [TEST_STEP][PASSED] - click(findTestObject("Perolehan/007 Proses Baucar Bayaran/001 Pelulus PT/Menu_Sisi")): Object: 'Object Repository/Perolehan/007 Proses Baucar Bayaran/001 Pelulus PT/Menu_Sisi' is clicked on

2019-04-09 12:56:45 - [MESSAGE][PASSED] - Object: 'Object Repository/Perolehan/007 Proses Baucar Bayaran/001 Pelulus PT/Menu_Sisi' is clicked on

2019-04-09 12:56:45 - [TEST_STEP][PASSED] - delay(3): Delayed 3 second(s)

2019-04-09 12:56:48 - [MESSAGE][PASSED] - Delayed 3 second(s)

2019-04-09 12:56:48 - [TEST_STEP][PASSED] - click(findTestObject("Perolehan/007 Proses Baucar Bayaran/001 Pelulus PT/Menu_Akaun Belum Bayar")): Object: 'Object Repository/Perolehan/007 Proses Baucar Bayaran/001 Pelulus PT/Menu_Akaun Belum Bayar' is clicked on

2019-04-09 12:56:48 - [MESSAGE][PASSED] - Object: 'Object Repository/Perolehan/007 Proses Baucar Bayaran/001 Pelulus PT/Menu_Akaun Belum Bayar' is clicked on

2019-04-09 12:56:48 - [TEST_STEP][PASSED] - delay(3): Delayed 3 second(s)

2019-04-09 12:56:51 - [MESSAGE][PASSED] - Delayed 3 second(s)

2019-04-09 12:56:51 - [TEST_STEP][PASSED] - click(findTestObject("Perolehan/007 Proses Baucar Bayaran/001 Pelulus PT/Menu_Expand_Baucar_Bayaran")): Object: 'Object Repository/Perolehan/007 Proses Baucar Bayaran/001 Pelulus PT/Menu_Expand_Baucar_Bayaran' is clicked on

2019-04-09 12:56:51 - [MESSAGE][PASSED] - Object: 'Object Repository/Perolehan/007 Proses Baucar Bayaran/001 Pelulus PT/Menu_Expand_Baucar_Bayaran' is clicked on

2019-04-09 12:56:51 - [TEST_STEP][PASSED] - delay(3): Delayed 3 second(s)

2019-04-09 12:56:54 - [MESSAGE][PASSED] - Delayed 3 second(s)

2019-04-09 12:56:54 - [TEST_STEP][PASSED] - click(findTestObject("Perolehan/007 Proses Baucar Bayaran/001 Pelulus PT/Menu_Integrasi_Dalaman")): Object: 'Object Repository/Perolehan/007 Proses Baucar Bayaran/001 Pelulus PT/Menu_Integrasi_Dalaman' is clicked on

2019-04-09 12:56:54 - [MESSAGE][PASSED] - Object: 'Object Repository/Perolehan/007 Proses Baucar Bayaran/001 Pelulus PT/Menu_Integrasi_Dalaman' is clicked on

2019-04-09 12:56:54 - [TEST_STEP][PASSED] - delay(3): Delayed 3 second(s)

2019-04-09 12:56:57 - [MESSAGE][PASSED] - Delayed 3 second(s)

2019-04-09 12:56:57 - [TEST_STEP][PASSED] - setText(findTestObject("Perolehan/007 Proses Baucar Bayaran/001 Pelulus PT/input_No_Rekod"), ArahanBayaranRekodID): Text '19DAAB030100130' is set on object 'Object Repository/Perolehan/007 Proses Baucar Bayaran/001 Pelulus PT/input_No_Rekod'

2019-04-09 12:56:57 - [MESSAGE][PASSED] - Text '19DAAB030100130' is set on object 'Object Repository/Perolehan/007 Proses Baucar Bayaran/001 Pelulus PT/input_No_Rekod'

2019-04-09 12:56:57 - [TEST_STEP][PASSED] - delay(3): Delayed 3 second(s)

2019-04-09 12:57:00 - [MESSAGE][PASSED] - Delayed 3 second(s)

2019-04-09 12:57:00 - [TEST_STEP][PASSED] - doubleClick(findTestObject("Perolehan/007 Proses Baucar Bayaran/001 Pelulus PT/select_No_Rekod", ["text":ArahanBayaranRekodID])): Object: 'Object Repository/Perolehan/007 Proses Baucar Bayaran/001 Pelulus PT/select_No_Rekod' is double clicked on

2019-04-09 12:57:00 - [MESSAGE][PASSED] - Object: 'Object Repository/Perolehan/007 Proses Baucar Bayaran/001 Pelulus PT/select_No_Rekod' is double clicked on

2019-04-09 12:57:00 - [TEST_STEP][PASSED] - delay(3): Delayed 3 second(s)

2019-04-09 12:57:03 - [MESSAGE][PASSED] - Delayed 3 second(s)

2019-04-09 12:57:03 - [TEST_STEP][PASSED] - kodpembekal = getText(findTestObject("Perolehan/007 Proses Baucar Bayaran/001 Pelulus PT/kod_pembekal_Penerima", ["text":nama_pembekal_pemfaktoran])): Text of object 'Object Repository/Perolehan/007 Proses Baucar Bayaran/001 Pelulus PT/kod_pembekal_Penerima' is: 'I CLASSICS NETWORK'

2019-04-09 12:57:03 - [MESSAGE][PASSED] - Text of object 'Object Repository/Perolehan/007 Proses Baucar Bayaran/001 Pelulus PT/kod_pembekal_Penerima' is: 'I CLASSICS NETWORK'

2019-04-09 12:57:03 - [TEST_STEP][PASSED] - delay(3): Delayed 3 second(s)

2019-04-09 12:57:06 - [MESSAGE][PASSED] - Delayed 3 second(s)

2019-04-09 12:57:06 - [TEST_STEP][PASSED] - verifyMatch(kodpembekal, nama_pembekal_pemfaktoran, false): Actual text 'I CLASSICS NETWORK' and expected text 'I CLASSICS NETWORK' are matched 

2019-04-09 12:57:06 - [MESSAGE][PASSED] - Actual text 'I CLASSICS NETWORK' and expected text 'I CLASSICS NETWORK' are matched 

2019-04-09 12:57:06 - [TEST_STEP][PASSED] - jumlahkeseluruhan = getText(findTestObject("Perolehan/007 Proses Baucar Bayaran/001 Pelulus PT/jumlah_amaun")): Text of object 'Object Repository/Perolehan/007 Proses Baucar Bayaran/001 Pelulus PT/jumlah_amaun' is: '5.30'

2019-04-09 12:57:07 - [MESSAGE][PASSED] - Text of object 'Object Repository/Perolehan/007 Proses Baucar Bayaran/001 Pelulus PT/jumlah_amaun' is: '5.30'

2019-04-09 12:57:07 - [TEST_STEP][PASSED] - delay(15): Delayed 15 second(s)

2019-04-09 12:57:22 - [MESSAGE][PASSED] - Delayed 15 second(s)

2019-04-09 12:57:22 - [TEST_STEP][PASSED] - verifyMatch(jumlahkeseluruhan, jumlah_baucar_bayaran, false): Actual text '5.30' and expected text '5.30' are matched 

2019-04-09 12:57:22 - [MESSAGE][PASSED] - Actual text '5.30' and expected text '5.30' are matched 

2019-04-09 12:57:22 - [TEST_STEP][PASSED] - click(findTestObject("Perolehan/007 Proses Baucar Bayaran/001 Pelulus PT/button_Lulus")): Object: 'Object Repository/Perolehan/007 Proses Baucar Bayaran/001 Pelulus PT/button_Lulus' is clicked on

2019-04-09 12:57:22 - [MESSAGE][PASSED] - Object: 'Object Repository/Perolehan/007 Proses Baucar Bayaran/001 Pelulus PT/button_Lulus' is clicked on

2019-04-09 12:57:22 - [TEST_STEP][PASSED] - delay(3): Delayed 3 second(s)

2019-04-09 12:57:25 - [MESSAGE][PASSED] - Delayed 3 second(s)

2019-04-09 12:57:25 - [TEST_STEP][PASSED] - click(findTestObject("Perolehan/007 Proses Baucar Bayaran/001 Pelulus PT/button_Ya_Lulus")): Object: 'Object Repository/Perolehan/007 Proses Baucar Bayaran/001 Pelulus PT/button_Ya_Lulus' is clicked on

2019-04-09 12:57:25 - [MESSAGE][PASSED] - Object: 'Object Repository/Perolehan/007 Proses Baucar Bayaran/001 Pelulus PT/button_Ya_Lulus' is clicked on

2019-04-09 12:57:25 - [TEST_STEP][PASSED] - delay(3): Delayed 3 second(s)

2019-04-09 12:57:28 - [MESSAGE][PASSED] - Delayed 3 second(s)

2019-04-09 12:57:28 - [TEST_STEP][PASSED] - No_Baucar = getText(findTestObject("Perolehan/007 Proses Baucar Bayaran/001 Pelulus PT/div_Rekod Berjaya Diluluskan")): Text of object 'Object Repository/Perolehan/007 Proses Baucar Bayaran/001 Pelulus PT/div_Rekod Berjaya Diluluskan' is: 'Rekod Berjaya Diluluskan.
No. Baucar : 19DABB0400160
Adakah Anda Ingin Mencetak Rekod Ini?
YaTidak'

2019-04-09 12:57:28 - [MESSAGE][PASSED] - Text of object 'Object Repository/Perolehan/007 Proses Baucar Bayaran/001 Pelulus PT/div_Rekod Berjaya Diluluskan' is: 'Rekod Berjaya Diluluskan.
No. Baucar : 19DABB0400160
Adakah Anda Ingin Mencetak Rekod Ini?
YaTidak'

2019-04-09 12:57:28 - [TEST_STEP][PASSED] - println(No_Baucar): null

2019-04-09 12:57:28 - [TEST_STEP][PASSED] - Baucar_id = No_Baucar[(39..51)]: null

2019-04-09 12:57:28 - [TEST_STEP][PASSED] - println(Baucar_id): null

2019-04-09 12:57:28 - [TEST_STEP][PASSED] - Nombor_Baucar = Baucar_id: null

2019-04-09 12:57:28 - [TEST_STEP][PASSED] - delay(3): Delayed 3 second(s)

2019-04-09 12:57:31 - [MESSAGE][PASSED] - Delayed 3 second(s)

2019-04-09 12:57:31 - [TEST_STEP][PASSED] - waitForElementClickable(findTestObject("Perolehan/007 Proses Baucar Bayaran/001 Pelulus PT/button_Ya_Cetak"), 300): Object 'Object Repository/Perolehan/007 Proses Baucar Bayaran/001 Pelulus PT/button_Ya_Cetak' is clickable

2019-04-09 12:57:31 - [MESSAGE][PASSED] - Object 'Object Repository/Perolehan/007 Proses Baucar Bayaran/001 Pelulus PT/button_Ya_Cetak' is clickable

2019-04-09 12:57:31 - [TEST_STEP][PASSED] - element = findWebElement(findTestObject("Perolehan/007 Proses Baucar Bayaran/001 Pelulus PT/button_Ya_Cetak"), 300): null

2019-04-09 12:57:31 - [TEST_STEP][PASSED] - executeJavaScript("arguments[0].click", Arrays.asList(element)): Execute JavaScript 'arguments[0].click' successfully

2019-04-09 12:57:31 - [MESSAGE][PASSED] - Execute JavaScript 'arguments[0].click' successfully

2019-04-09 12:57:31 - [TEST_STEP][PASSED] - click(findTestObject("Perolehan/007 Proses Baucar Bayaran/001 Pelulus PT/button_Ya_Cetak")): Object: 'Object Repository/Perolehan/007 Proses Baucar Bayaran/001 Pelulus PT/button_Ya_Cetak' is clicked on

2019-04-09 12:57:40 - [MESSAGE][PASSED] - Object: 'Object Repository/Perolehan/007 Proses Baucar Bayaran/001 Pelulus PT/button_Ya_Cetak' is clicked on

2019-04-09 12:57:40 - [TEST_STEP][PASSED] - switchToWindowIndex(1): Switched to window with index: '1'

2019-04-09 12:57:40 - [MESSAGE][PASSED] - Switched to window with index: '1'

2019-04-09 12:57:40 - [TEST_STEP][PASSED] - delay(3): Delayed 3 second(s)

2019-04-09 12:57:43 - [MESSAGE][PASSED] - Delayed 3 second(s)

2019-04-09 12:57:43 - [TEST_STEP][PASSED] - waitForPageLoad(180): Wait for page load successfully

2019-04-09 12:57:44 - [MESSAGE][PASSED] - Wait for page load successfully

2019-04-09 12:57:44 - [TEST_STEP][PASSED] - takeScreenshot(): Taking screenshot successfully

2019-04-09 12:57:44 - [MESSAGE][PASSED] - Taking screenshot successfully
[[ATTACHMENT|C:\\Users\\Consultant_MSPHitect\\Katalon Studio\\TrainingonKatalon\\Reports\\Perolehan\\06 Pesanan Tempatan - CEK - Perak\\20190409_122750\\1554785864409.png]]

2019-04-09 12:57:44 - [TEST_STEP][PASSED] - switchToWindowIndex(0): Switched to window with index: '0'

2019-04-09 12:57:44 - [MESSAGE][PASSED] - Switched to window with index: '0'

2019-04-09 12:57:44 - [TEST_STEP][PASSED] - delay(3): Delayed 3 second(s)

2019-04-09 12:57:47 - [MESSAGE][PASSED] - Delayed 3 second(s)

2019-04-09 12:57:47 - [TEST_STEP][PASSED] - closeBrowser(): Browser is closed

2019-04-09 12:57:48 - [MESSAGE][PASSED] - Browser is closed]]></system-out>
         <system-err><![CDATA[]]></system-err>
      </testcase>
      <testcase name="Test Cases/Perolehan/008 Posting Bayaran/002 Posting Bayaran - CEK" classname="Test Cases/Perolehan/008 Posting Bayaran/002 Posting Bayaran - CEK" status="PASSED">
         <system-out><![CDATA[2019-04-09 12:57:48 - [TEST_CASE][PASSED] - Test Cases/Perolehan/008 Posting Bayaran/002 Posting Bayaran - CEK: Test Cases/Perolehan/008 Posting Bayaran/002 Posting Bayaran - CEK

2019-04-09 12:57:48 - [TEST_STEP][PASSED] - reusablefunctions.reusablefunctions.openbrowser(): reusablefunctions.reusablefunctions.openbrowser is PASSED

2019-04-09 12:57:48 - [MESSAGE][INFO] - Starting 'Chrome' driver

2019-04-09 12:57:51 - [MESSAGE][PASSED] - Browser is opened with url: 'https://175.143.52.101:7011/1SPEKSv2/'

2019-04-09 12:57:51 - [MESSAGE][PASSED] - reusablefunctions.reusablefunctions.openbrowser is PASSED

2019-04-09 12:57:51 - [TEST_STEP][PASSED] - reusablefunctions.reusablefunctions.Login(PelulusPTJ, findTestData("ispekstestdata").getValue(2, 7)): reusablefunctions.reusablefunctions.Login is PASSED

2019-04-09 12:57:51 - [MESSAGE][PASSED] - Text '601101955194' is set on object 'Object Repository/Login/input_NoKadPengenalan'

2019-04-09 12:57:51 - [MESSAGE][PASSED] - Text ****** has been set on object 'Object Repository/Login/input_Password'

2019-04-09 12:57:52 - [MESSAGE][PASSED] - Object: 'Object Repository/Login/input_ButtonLogMasuk' is clicked on

2019-04-09 12:58:02 - [MESSAGE][PASSED] - Delayed 10 second(s)

2019-04-09 12:58:02 - [MESSAGE][PASSED] - reusablefunctions.reusablefunctions.Login is PASSED

2019-04-09 12:58:02 - [TEST_STEP][PASSED] - click(findTestObject("Perolehan/TukarPeranan/IconTukarPeranan")): Object: 'Object Repository/Perolehan/TukarPeranan/IconTukarPeranan' is clicked on

2019-04-09 12:58:02 - [MESSAGE][PASSED] - Object: 'Object Repository/Perolehan/TukarPeranan/IconTukarPeranan' is clicked on

2019-04-09 12:58:02 - [TEST_STEP][PASSED] - click(findTestObject("Perolehan/TukarPeranan/input_TukarPeranan", ["value":RBPelulusBN])): Object: 'Object Repository/Perolehan/TukarPeranan/input_TukarPeranan' is clicked on

2019-04-09 12:58:02 - [MESSAGE][PASSED] - Object: 'Object Repository/Perolehan/TukarPeranan/input_TukarPeranan' is clicked on

2019-04-09 12:58:02 - [TEST_STEP][PASSED] - click(findTestObject("Perolehan/TukarPeranan/button_Ya")): Object: 'Object Repository/Perolehan/TukarPeranan/button_Ya' is clicked on

2019-04-09 12:58:02 - [MESSAGE][PASSED] - Object: 'Object Repository/Perolehan/TukarPeranan/button_Ya' is clicked on

2019-04-09 12:58:02 - [TEST_STEP][PASSED] - delay(25): Delayed 25 second(s)

2019-04-09 12:58:27 - [MESSAGE][PASSED] - Delayed 25 second(s)

2019-04-09 12:58:27 - [TEST_STEP][PASSED] - verifyTextPresent("Peranan : [Pelulus] Peringkat : [BN]", false): Text 'Peranan : [Pelulus] Peringkat : [BN]' is present on page 

2019-04-09 12:58:30 - [MESSAGE][PASSED] - Text 'Peranan : [Pelulus] Peringkat : [BN]' is present on page 

2019-04-09 12:58:30 - [TEST_STEP][PASSED] - click(findTestObject("Perolehan/001 Left_Menu_Selection/a_ExpandMenuonLeft")): Object: 'Object Repository/Perolehan/001 Left_Menu_Selection/a_ExpandMenuonLeft' is clicked on

2019-04-09 12:58:30 - [MESSAGE][PASSED] - Object: 'Object Repository/Perolehan/001 Left_Menu_Selection/a_ExpandMenuonLeft' is clicked on

2019-04-09 12:58:30 - [TEST_STEP][PASSED] - delay(3): Delayed 3 second(s)

2019-04-09 12:58:33 - [MESSAGE][PASSED] - Delayed 3 second(s)

2019-04-09 12:58:33 - [TEST_STEP][PASSED] - click(findTestObject("Perolehan/001 Left_Menu_Selection/div_PanelTitlePengurusanTunai")): Object: 'Object Repository/Perolehan/001 Left_Menu_Selection/div_PanelTitlePengurusanTunai' is clicked on

2019-04-09 12:58:33 - [MESSAGE][PASSED] - Object: 'Object Repository/Perolehan/001 Left_Menu_Selection/div_PanelTitlePengurusanTunai' is clicked on

2019-04-09 12:58:33 - [TEST_STEP][PASSED] - delay(3): Delayed 3 second(s)

2019-04-09 12:58:36 - [MESSAGE][PASSED] - Delayed 3 second(s)

2019-04-09 12:58:36 - [TEST_STEP][PASSED] - click(findTestObject("Perolehan/001 Left_Menu_Selection/div_PostBayaran")): Object: 'Object Repository/Perolehan/001 Left_Menu_Selection/div_PostBayaran' is clicked on

2019-04-09 12:58:37 - [MESSAGE][PASSED] - Object: 'Object Repository/Perolehan/001 Left_Menu_Selection/div_PostBayaran' is clicked on

2019-04-09 12:58:37 - [TEST_STEP][PASSED] - delay(3): Delayed 3 second(s)

2019-04-09 12:58:40 - [MESSAGE][PASSED] - Delayed 3 second(s)

2019-04-09 12:58:40 - [TEST_STEP][PASSED] - click(findTestObject("Perolehan/008 Post Bayaran/Drop_Down_Cara_Bayaran")): Object: 'Object Repository/Perolehan/008 Post Bayaran/Drop_Down_Cara_Bayaran' is clicked on

2019-04-09 12:58:40 - [MESSAGE][PASSED] - Object: 'Object Repository/Perolehan/008 Post Bayaran/Drop_Down_Cara_Bayaran' is clicked on

2019-04-09 12:58:40 - [TEST_STEP][PASSED] - click(findTestObject("Perolehan/008 Post Bayaran/Select_Cara_Bayaran_CEK")): Object: 'Object Repository/Perolehan/008 Post Bayaran/Select_Cara_Bayaran_CEK' is clicked on

2019-04-09 12:58:40 - [MESSAGE][PASSED] - Object: 'Object Repository/Perolehan/008 Post Bayaran/Select_Cara_Bayaran_CEK' is clicked on

2019-04-09 12:58:40 - [TEST_STEP][PASSED] - delay(3): Delayed 3 second(s)

2019-04-09 12:58:43 - [MESSAGE][PASSED] - Delayed 3 second(s)

2019-04-09 12:58:43 - [TEST_STEP][PASSED] - click(findTestObject("Perolehan/008 Post Bayaran/Drop_down_No_Baucar")): Object: 'Object Repository/Perolehan/008 Post Bayaran/Drop_down_No_Baucar' is clicked on

2019-04-09 12:58:43 - [MESSAGE][PASSED] - Object: 'Object Repository/Perolehan/008 Post Bayaran/Drop_down_No_Baucar' is clicked on

2019-04-09 12:58:43 - [TEST_STEP][PASSED] - delay(3): Delayed 3 second(s)

2019-04-09 12:58:46 - [MESSAGE][PASSED] - Delayed 3 second(s)

2019-04-09 12:58:46 - [TEST_STEP][PASSED] - setText(findTestObject("Perolehan/008 Post Bayaran/input_No. Baucar_noBaucar"), Nombor_Baucar): Text '19DABB0400160' is set on object 'Object Repository/Perolehan/008 Post Bayaran/input_No. Baucar_noBaucar'

2019-04-09 12:58:46 - [MESSAGE][PASSED] - Text '19DABB0400160' is set on object 'Object Repository/Perolehan/008 Post Bayaran/input_No. Baucar_noBaucar'

2019-04-09 12:58:46 - [TEST_STEP][PASSED] - delay(3): Delayed 3 second(s)

2019-04-09 12:58:49 - [MESSAGE][PASSED] - Delayed 3 second(s)

2019-04-09 12:58:49 - [TEST_STEP][PASSED] - click(findTestObject("Perolehan/008 Post Bayaran/select_No_Baucar", ["text":Nombor_Baucar])): Object: 'Object Repository/Perolehan/008 Post Bayaran/select_No_Baucar' is clicked on

2019-04-09 12:58:49 - [MESSAGE][PASSED] - Object: 'Object Repository/Perolehan/008 Post Bayaran/select_No_Baucar' is clicked on

2019-04-09 12:58:49 - [TEST_STEP][PASSED] - delay(3): Delayed 3 second(s)

2019-04-09 12:58:52 - [MESSAGE][PASSED] - Delayed 3 second(s)

2019-04-09 12:58:52 - [TEST_STEP][PASSED] - click(findTestObject("Perolehan/008 Post Bayaran/button_Cari")): Object: 'Object Repository/Perolehan/008 Post Bayaran/button_Cari' is clicked on

2019-04-09 12:58:52 - [MESSAGE][PASSED] - Object: 'Object Repository/Perolehan/008 Post Bayaran/button_Cari' is clicked on

2019-04-09 12:58:52 - [TEST_STEP][PASSED] - delay(25): Delayed 25 second(s)

2019-04-09 12:59:17 - [MESSAGE][PASSED] - Delayed 25 second(s)

2019-04-09 12:59:17 - [TEST_STEP][PASSED] - waitForElementClickable(findTestObject("Perolehan/008 Post Bayaran/checkbox_proses"), 180): Object 'Object Repository/Perolehan/008 Post Bayaran/checkbox_proses' is clickable

2019-04-09 12:59:17 - [MESSAGE][PASSED] - Object 'Object Repository/Perolehan/008 Post Bayaran/checkbox_proses' is clickable

2019-04-09 12:59:17 - [TEST_STEP][PASSED] - check(findTestObject("Perolehan/008 Post Bayaran/checkbox_proses")): Object 'Object Repository/Perolehan/008 Post Bayaran/checkbox_proses' is checked

2019-04-09 12:59:18 - [MESSAGE][PASSED] - Object 'Object Repository/Perolehan/008 Post Bayaran/checkbox_proses' is checked

2019-04-09 12:59:18 - [TEST_STEP][PASSED] - click(findTestObject("Perolehan/008 Post Bayaran/button_proses")): Object: 'Object Repository/Perolehan/008 Post Bayaran/button_proses' is clicked on

2019-04-09 12:59:18 - [MESSAGE][PASSED] - Object: 'Object Repository/Perolehan/008 Post Bayaran/button_proses' is clicked on

2019-04-09 12:59:18 - [TEST_STEP][PASSED] - delay(3): Delayed 3 second(s)

2019-04-09 12:59:21 - [MESSAGE][PASSED] - Delayed 3 second(s)

2019-04-09 12:59:21 - [TEST_STEP][PASSED] - click(findTestObject("Perolehan/008 Post Bayaran/button_Ya_Proses")): Object: 'Object Repository/Perolehan/008 Post Bayaran/button_Ya_Proses' is clicked on

2019-04-09 12:59:21 - [MESSAGE][PASSED] - Object: 'Object Repository/Perolehan/008 Post Bayaran/button_Ya_Proses' is clicked on

2019-04-09 12:59:21 - [TEST_STEP][PASSED] - delay(10): Delayed 10 second(s)

2019-04-09 12:59:31 - [MESSAGE][PASSED] - Delayed 10 second(s)

2019-04-09 12:59:31 - [TEST_STEP][PASSED] - waitForElementPresent(findTestObject("Perolehan/008 Post Bayaran/button_OK"), 180): Object 'Object Repository/Perolehan/008 Post Bayaran/button_OK' is present

2019-04-09 12:59:31 - [MESSAGE][PASSED] - Object 'Object Repository/Perolehan/008 Post Bayaran/button_OK' is present

2019-04-09 12:59:31 - [TEST_STEP][PASSED] - verifyTextPresent("Proses Posting Berjaya.", false): Text 'Proses Posting Berjaya.' is present on page 

2019-04-09 12:59:32 - [MESSAGE][PASSED] - Text 'Proses Posting Berjaya.' is present on page 

2019-04-09 12:59:32 - [TEST_STEP][PASSED] - takeScreenshot(): Taking screenshot successfully

2019-04-09 12:59:32 - [MESSAGE][PASSED] - Taking screenshot successfully
[[ATTACHMENT|C:\\Users\\Consultant_MSPHitect\\Katalon Studio\\TrainingonKatalon\\Reports\\Perolehan\\06 Pesanan Tempatan - CEK - Perak\\20190409_122750\\1554785972124.png]]

2019-04-09 12:59:32 - [TEST_STEP][PASSED] - waitForElementClickable(findTestObject("Perolehan/002 Penyedia_RekodBaru/001 Rekod Baru Pesanan Tempatan/button_OK_Rekod_Berjaya_disimpan"), 300): Object 'Object Repository/Perolehan/002 Penyedia_RekodBaru/001 Rekod Baru Pesanan Tempatan/button_OK_Rekod_Berjaya_disimpan' is clickable

2019-04-09 12:59:32 - [MESSAGE][PASSED] - Object 'Object Repository/Perolehan/002 Penyedia_RekodBaru/001 Rekod Baru Pesanan Tempatan/button_OK_Rekod_Berjaya_disimpan' is clickable

2019-04-09 12:59:32 - [TEST_STEP][PASSED] - element = findWebElement(findTestObject("Perolehan/008 Post Bayaran/button_OK"), 300): null

2019-04-09 12:59:32 - [TEST_STEP][PASSED] - executeJavaScript("arguments[0].click", Arrays.asList(element)): Execute JavaScript 'arguments[0].click' successfully

2019-04-09 12:59:32 - [MESSAGE][PASSED] - Execute JavaScript 'arguments[0].click' successfully

2019-04-09 12:59:32 - [TEST_STEP][PASSED] - click(findTestObject("Perolehan/008 Post Bayaran/button_OK")): Object: 'Object Repository/Perolehan/008 Post Bayaran/button_OK' is clicked on

2019-04-09 12:59:33 - [MESSAGE][PASSED] - Object: 'Object Repository/Perolehan/008 Post Bayaran/button_OK' is clicked on

2019-04-09 12:59:33 - [TEST_STEP][PASSED] - delay(3): Delayed 3 second(s)

2019-04-09 12:59:36 - [MESSAGE][PASSED] - Delayed 3 second(s)

2019-04-09 12:59:36 - [TEST_STEP][PASSED] - closeBrowser(): Browser is closed

2019-04-09 12:59:37 - [MESSAGE][PASSED] - Browser is closed]]></system-out>
         <system-err><![CDATA[]]></system-err>
      </testcase>
      <testcase name="Test Cases/Perolehan/009 Penyedia Cetak Baucar Bayaran/001 Penyedia Cetak Baucar Bayaran" classname="Test Cases/Perolehan/009 Penyedia Cetak Baucar Bayaran/001 Penyedia Cetak Baucar Bayaran" status="PASSED">
         <system-out><![CDATA[2019-04-09 12:59:37 - [TEST_CASE][PASSED] - Test Cases/Perolehan/009 Penyedia Cetak Baucar Bayaran/001 Penyedia Cetak Baucar Bayaran: Test Cases/Perolehan/009 Penyedia Cetak Baucar Bayaran/001 Penyedia Cetak Baucar Bayaran

2019-04-09 12:59:37 - [TEST_STEP][PASSED] - reusablefunctions.reusablefunctions.openbrowser(): reusablefunctions.reusablefunctions.openbrowser is PASSED

2019-04-09 12:59:37 - [MESSAGE][INFO] - Starting 'Chrome' driver

2019-04-09 12:59:40 - [MESSAGE][PASSED] - Browser is opened with url: 'https://175.143.52.101:7011/1SPEKSv2/'

2019-04-09 12:59:40 - [MESSAGE][PASSED] - reusablefunctions.reusablefunctions.openbrowser is PASSED

2019-04-09 12:59:40 - [TEST_STEP][PASSED] - reusablefunctions.reusablefunctions.Login(PenyediaPTJ, findTestData("ispekstestdata").getValue(2, 4)): reusablefunctions.reusablefunctions.Login is PASSED

2019-04-09 12:59:40 - [MESSAGE][PASSED] - Text '601101955194' is set on object 'Object Repository/Login/input_NoKadPengenalan'

2019-04-09 12:59:40 - [MESSAGE][PASSED] - Text ****** has been set on object 'Object Repository/Login/input_Password'

2019-04-09 12:59:43 - [MESSAGE][PASSED] - Object: 'Object Repository/Login/input_ButtonLogMasuk' is clicked on

2019-04-09 12:59:53 - [MESSAGE][PASSED] - Delayed 10 second(s)

2019-04-09 12:59:53 - [MESSAGE][PASSED] - reusablefunctions.reusablefunctions.Login is PASSED

2019-04-09 12:59:53 - [TEST_STEP][PASSED] - click(findTestObject("Perolehan/TukarPeranan/IconTukarPeranan")): Object: 'Object Repository/Perolehan/TukarPeranan/IconTukarPeranan' is clicked on

2019-04-09 12:59:54 - [MESSAGE][PASSED] - Object: 'Object Repository/Perolehan/TukarPeranan/IconTukarPeranan' is clicked on

2019-04-09 12:59:54 - [TEST_STEP][PASSED] - click(findTestObject("Perolehan/TukarPeranan/input_TukarPeranan", ["value":RBPenyediaPTJ])): Object: 'Object Repository/Perolehan/TukarPeranan/input_TukarPeranan' is clicked on

2019-04-09 12:59:54 - [MESSAGE][PASSED] - Object: 'Object Repository/Perolehan/TukarPeranan/input_TukarPeranan' is clicked on

2019-04-09 12:59:54 - [TEST_STEP][PASSED] - click(findTestObject("Perolehan/TukarPeranan/button_Ya")): Object: 'Object Repository/Perolehan/TukarPeranan/button_Ya' is clicked on

2019-04-09 12:59:54 - [MESSAGE][PASSED] - Object: 'Object Repository/Perolehan/TukarPeranan/button_Ya' is clicked on

2019-04-09 12:59:54 - [TEST_STEP][PASSED] - delay(20): Delayed 20 second(s)

2019-04-09 13:00:14 - [MESSAGE][PASSED] - Delayed 20 second(s)

2019-04-09 13:00:14 - [TEST_STEP][PASSED] - verifyTextPresent("Peranan : [Penyedia] Peringkat : [PTJ]", false): Text 'Peranan : [Penyedia] Peringkat : [PTJ]' is present on page 

2019-04-09 13:00:16 - [MESSAGE][PASSED] - Text 'Peranan : [Penyedia] Peringkat : [PTJ]' is present on page 

2019-04-09 13:00:16 - [TEST_STEP][PASSED] - click(findTestObject("Perolehan/001 Left_Menu_Selection/a_ExpandMenuonLeft")): Object: 'Object Repository/Perolehan/001 Left_Menu_Selection/a_ExpandMenuonLeft' is clicked on

2019-04-09 13:00:17 - [MESSAGE][PASSED] - Object: 'Object Repository/Perolehan/001 Left_Menu_Selection/a_ExpandMenuonLeft' is clicked on

2019-04-09 13:00:17 - [TEST_STEP][PASSED] - delay(3): Delayed 3 second(s)

2019-04-09 13:00:20 - [MESSAGE][PASSED] - Delayed 3 second(s)

2019-04-09 13:00:20 - [TEST_STEP][PASSED] - click(findTestObject("Perolehan/001 Left_Menu_Selection/Menu_Akaun Belum Bayar")): Object: 'Object Repository/Perolehan/001 Left_Menu_Selection/Menu_Akaun Belum Bayar' is clicked on

2019-04-09 13:00:20 - [MESSAGE][PASSED] - Object: 'Object Repository/Perolehan/001 Left_Menu_Selection/Menu_Akaun Belum Bayar' is clicked on

2019-04-09 13:00:20 - [TEST_STEP][PASSED] - delay(3): Delayed 3 second(s)

2019-04-09 13:00:23 - [MESSAGE][PASSED] - Delayed 3 second(s)

2019-04-09 13:00:23 - [TEST_STEP][PASSED] - click(findTestObject("Perolehan/001 Left_Menu_Selection/div_Carian_Akaun_Belum_Bayar")): Object: 'Object Repository/Perolehan/001 Left_Menu_Selection/div_Carian_Akaun_Belum_Bayar' is clicked on

2019-04-09 13:00:23 - [MESSAGE][PASSED] - Object: 'Object Repository/Perolehan/001 Left_Menu_Selection/div_Carian_Akaun_Belum_Bayar' is clicked on

2019-04-09 13:00:23 - [TEST_STEP][PASSED] - delay(3): Delayed 3 second(s)

2019-04-09 13:00:26 - [MESSAGE][PASSED] - Delayed 3 second(s)

2019-04-09 13:00:26 - [TEST_STEP][PASSED] - click(findTestObject("Perolehan/009 Penyedia Cetak Baucar Bayaran/Drop_down_Jenis_Carian")): Object: 'Object Repository/Perolehan/009 Penyedia Cetak Baucar Bayaran/Drop_down_Jenis_Carian' is clicked on

2019-04-09 13:00:30 - [MESSAGE][PASSED] - Object: 'Object Repository/Perolehan/009 Penyedia Cetak Baucar Bayaran/Drop_down_Jenis_Carian' is clicked on

2019-04-09 13:00:30 - [TEST_STEP][PASSED] - click(findTestObject("Perolehan/009 Penyedia Cetak Baucar Bayaran/Select_No_Baucar")): Object: 'Object Repository/Perolehan/009 Penyedia Cetak Baucar Bayaran/Select_No_Baucar' is clicked on

2019-04-09 13:00:30 - [MESSAGE][PASSED] - Object: 'Object Repository/Perolehan/009 Penyedia Cetak Baucar Bayaran/Select_No_Baucar' is clicked on

2019-04-09 13:00:30 - [TEST_STEP][PASSED] - setText(findTestObject("Perolehan/009 Penyedia Cetak Baucar Bayaran/Input_No_Baucar"), Nombor_Baucar): Text '19DABB0400160' is set on object 'Object Repository/Perolehan/009 Penyedia Cetak Baucar Bayaran/Input_No_Baucar'

2019-04-09 13:00:31 - [MESSAGE][PASSED] - Text '19DABB0400160' is set on object 'Object Repository/Perolehan/009 Penyedia Cetak Baucar Bayaran/Input_No_Baucar'

2019-04-09 13:00:31 - [TEST_STEP][PASSED] - click(findTestObject("Perolehan/009 Penyedia Cetak Baucar Bayaran/button_Cari")): Object: 'Object Repository/Perolehan/009 Penyedia Cetak Baucar Bayaran/button_Cari' is clicked on

2019-04-09 13:00:31 - [MESSAGE][PASSED] - Object: 'Object Repository/Perolehan/009 Penyedia Cetak Baucar Bayaran/button_Cari' is clicked on

2019-04-09 13:00:31 - [TEST_STEP][PASSED] - delay(10): Delayed 10 second(s)

2019-04-09 13:00:41 - [MESSAGE][PASSED] - Delayed 10 second(s)

2019-04-09 13:00:41 - [TEST_STEP][PASSED] - click(findTestObject("Perolehan/009 Penyedia Cetak Baucar Bayaran/button_Cetak")): Object: 'Object Repository/Perolehan/009 Penyedia Cetak Baucar Bayaran/button_Cetak' is clicked on

2019-04-09 13:00:41 - [MESSAGE][PASSED] - Object: 'Object Repository/Perolehan/009 Penyedia Cetak Baucar Bayaran/button_Cetak' is clicked on

2019-04-09 13:00:41 - [TEST_STEP][PASSED] - delay(5): Delayed 5 second(s)

2019-04-09 13:00:46 - [MESSAGE][PASSED] - Delayed 5 second(s)

2019-04-09 13:00:46 - [TEST_STEP][PASSED] - waitForPageLoad(180): Wait for page load successfully

2019-04-09 13:00:46 - [MESSAGE][PASSED] - Wait for page load successfully

2019-04-09 13:00:46 - [TEST_STEP][PASSED] - delay(10): Delayed 10 second(s)

2019-04-09 13:00:56 - [MESSAGE][PASSED] - Delayed 10 second(s)

2019-04-09 13:00:56 - [TEST_STEP][PASSED] - takeScreenshot(): Taking screenshot successfully

2019-04-09 13:00:56 - [MESSAGE][PASSED] - Taking screenshot successfully
[[ATTACHMENT|C:\\Users\\Consultant_MSPHitect\\Katalon Studio\\TrainingonKatalon\\Reports\\Perolehan\\06 Pesanan Tempatan - CEK - Perak\\20190409_122750\\1554786056364.png]]

2019-04-09 13:00:56 - [TEST_STEP][PASSED] - closeWindowIndex(1): Window with index 1 is closed

2019-04-09 13:00:56 - [MESSAGE][PASSED] - Window with index 1 is closed

2019-04-09 13:00:56 - [TEST_STEP][PASSED] - delay(3): Delayed 3 second(s)

2019-04-09 13:00:59 - [MESSAGE][PASSED] - Delayed 3 second(s)

2019-04-09 13:00:59 - [TEST_STEP][PASSED] - closeBrowser(): Browser is closed

2019-04-09 13:01:00 - [MESSAGE][PASSED] - Browser is closed]]></system-out>
         <system-err><![CDATA[]]></system-err>
      </testcase>
      <system-out><![CDATA[2019-04-09 12:45:25 - [TEST_SUITE][PASSED] - 06 Pesanan Tempatan - CEK - Perak: Test Cases/Perolehan/009 Penyedia Cetak Baucar Bayaran/001 Penyedia Cetak Baucar Bayaran]]></system-out>
      <system-err><![CDATA[]]></system-err>
   </testsuite>
</testsuites>
