<?xml version="1.0" encoding="UTF-8"?>
<testsuites name="02 Pesanan Tempatan Cara Bayaran CEK Dengan Pemfaktoran" time="1057" tests="10" failures="2" errors="0">
   <testsuite name="02 Pesanan Tempatan Cara Bayaran CEK Dengan Pemfaktoran" tests="10" failures="2" errors="0" time="1057" timestamp="2019-03-12 09:49:57" hostname="DESKTOP-V9TS2EM$ - DESKTOP-V9TS2EM" id="Test Suites/Perolehan/02 Pesanan Tempatan Cara Bayaran CEK Dengan Pemfaktoran">
      <properties>
         <property name="deviceName" value=""/>
         <property name="devicePlatform" value=""/>
         <property name="logFolder" value="C:\\Users\\Consultant_MSPHitect\\Katalon Studio\\TrainingonKatalon\\Reports\\Perolehan\\02 Pesanan Tempatan Cara Bayaran CEK Dengan Pemfaktoran\\20190312_094949"/>
         <property name="logFiles" value="C:\\Users\\Consultant_MSPHitect\\Katalon Studio\\TrainingonKatalon\\Reports\\Perolehan\\02 Pesanan Tempatan Cara Bayaran CEK Dengan Pemfaktoran\\20190312_094949\\execution0.log"/>
         <property name="attachments" value="C:\\Users\\Consultant_MSPHitect\\Katalon Studio\\TrainingonKatalon\\Reports\\Perolehan\\02 Pesanan Tempatan Cara Bayaran CEK Dengan Pemfaktoran\\20190312_094949\\1552355655603.png, C:\\Users\\Consultant_MSPHitect\\Katalon Studio\\TrainingonKatalon\\Reports\\Perolehan\\02 Pesanan Tempatan Cara Bayaran CEK Dengan Pemfaktoran\\20190312_094949\\1552355688357.png, C:\\Users\\Consultant_MSPHitect\\Katalon Studio\\TrainingonKatalon\\Reports\\Perolehan\\02 Pesanan Tempatan Cara Bayaran CEK Dengan Pemfaktoran\\20190312_094949\\1552355955918.png, C:\\Users\\Consultant_MSPHitect\\Katalon Studio\\TrainingonKatalon\\Reports\\Perolehan\\02 Pesanan Tempatan Cara Bayaran CEK Dengan Pemfaktoran\\20190312_094949\\1552355956207.png, C:\\Users\\Consultant_MSPHitect\\Katalon Studio\\TrainingonKatalon\\Reports\\Perolehan\\02 Pesanan Tempatan Cara Bayaran CEK Dengan Pemfaktoran\\20190312_094949\\1552356084793.png, C:\\Users\\Consultant_MSPHitect\\Katalon Studio\\TrainingonKatalon\\Reports\\Perolehan\\02 Pesanan Tempatan Cara Bayaran CEK Dengan Pemfaktoran\\20190312_094949\\1552356144159.png, C:\\Users\\Consultant_MSPHitect\\Katalon Studio\\TrainingonKatalon\\Reports\\Perolehan\\02 Pesanan Tempatan Cara Bayaran CEK Dengan Pemfaktoran\\20190312_094949\\1552356148484.png, C:\\Users\\Consultant_MSPHitect\\Katalon Studio\\TrainingonKatalon\\Reports\\Perolehan\\02 Pesanan Tempatan Cara Bayaran CEK Dengan Pemfaktoran\\20190312_094949\\1552356248381.png, C:\\Users\\Consultant_MSPHitect\\Katalon Studio\\TrainingonKatalon\\Reports\\Perolehan\\02 Pesanan Tempatan Cara Bayaran CEK Dengan Pemfaktoran\\20190312_094949\\1552356351251.png, C:\\Users\\Consultant_MSPHitect\\Katalon Studio\\TrainingonKatalon\\Reports\\Perolehan\\02 Pesanan Tempatan Cara Bayaran CEK Dengan Pemfaktoran\\20190312_094949\\1552356451208.png"/>
         <property name="hostName" value="DESKTOP-V9TS2EM$ - DESKTOP-V9TS2EM"/>
         <property name="os" value="Windows 10 64bit"/>
         <property name="katalonVersion" value="6.0.5.10"/>
         <property name="browser" value="Chrome 72.0.3626.121"/>
         <property name="hostAddress" value="192.168.172.132"/>
         <property name="sessionId" value="f457faf39b98bb13a332544f8387301f"/>
         <property name="seleniumVersion" value="3.7.1"/>
         <property name="proxyInformation" value="ProxyInformation{proxyOption=NO_PROXY, proxyServerType=HTTP, password=, proxyServerAddress=, proxyServerPort=0}"/>
         <property name="platform" value="Windows 10"/>
      </properties>
      <testcase name="Test Cases/Perolehan/001 Left Menu Selection/Select Menu Pesanan Tempatan" classname="Test Cases/Perolehan/001 Left Menu Selection/Select Menu Pesanan Tempatan" status="PASSED">
         <system-out><![CDATA[2019-03-12 09:49:57 - [TEST_CASE][PASSED] - Test Cases/Perolehan/001 Left Menu Selection/Select Menu Pesanan Tempatan: Test Cases/Perolehan/001 Left Menu Selection/Select Menu Pesanan Tempatan

2019-03-12 09:49:57 - [TEST_STEP][PASSED] - openBrowser("https://175.143.52.101:7011/1SPEKSv2/"): Browser is opened with url: 'https://175.143.52.101:7011/1SPEKSv2/'

2019-03-12 09:49:58 - [MESSAGE][INFO] - Starting 'Chrome' driver

2019-03-12 09:49:58 - [MESSAGE][INFO] - Action delay is set to 0 seconds

2019-03-12 09:50:02 - [MESSAGE][PASSED] - Browser is opened with url: 'https://175.143.52.101:7011/1SPEKSv2/'

2019-03-12 09:50:02 - [TEST_STEP][PASSED] - setText(findTestObject("Login/input_NoKadPengenalan"), findTestData("ispekstestdata").getValue(1, 2)): Text '601101955194' is set on object 'Object Repository/Login/input_NoKadPengenalan'

2019-03-12 09:50:02 - [MESSAGE][PASSED] - Text '601101955194' is set on object 'Object Repository/Login/input_NoKadPengenalan'

2019-03-12 09:50:02 - [TEST_STEP][PASSED] - setEncryptedText(findTestObject("Login/input_Password"), findTestData("ispekstestdata").getValue(2, 2)): Text ****** has been set on object 'Object Repository/Login/input_Password'

2019-03-12 09:50:03 - [MESSAGE][PASSED] - Text ****** has been set on object 'Object Repository/Login/input_Password'

2019-03-12 09:50:03 - [TEST_STEP][PASSED] - click(findTestObject("Login/input_ButtonLogMasuk")): Object: 'Object Repository/Login/input_ButtonLogMasuk' is clicked on

2019-03-12 09:50:11 - [MESSAGE][PASSED] - Object: 'Object Repository/Login/input_ButtonLogMasuk' is clicked on

2019-03-12 09:50:11 - [TEST_STEP][PASSED] - delay(3): Delayed 3 second(s)

2019-03-12 09:50:14 - [MESSAGE][PASSED] - Delayed 3 second(s)

2019-03-12 09:50:14 - [TEST_STEP][PASSED] - reusablefunctions.reusablefunctions.PerananPenyediaPTJ(): reusablefunctions.reusablefunctions.PerananPenyediaPTJ is PASSED

2019-03-12 09:50:14 - [MESSAGE][PASSED] - Object: 'Object Repository/Perolehan/TukarPeranan/IconTukarPeranan' is clicked on

2019-03-12 09:50:14 - [MESSAGE][PASSED] - Object: 'Object Repository/Perolehan/TukarPeranan/input_TukarPenyediaPTJ' is clicked on

2019-03-12 09:50:14 - [MESSAGE][PASSED] - Object: 'Object Repository/Perolehan/TukarPeranan/button_Ya' is clicked on

2019-03-12 09:50:44 - [MESSAGE][PASSED] - Delayed 30 second(s)

2019-03-12 09:50:47 - [MESSAGE][PASSED] - Text 'Peranan : [Penyedia] Peringkat : [PTJ]' is present on page 

2019-03-12 09:50:47 - [MESSAGE][PASSED] - reusablefunctions.reusablefunctions.PerananPenyediaPTJ is PASSED

2019-03-12 09:50:47 - [TEST_STEP][PASSED] - click(findTestObject("Perolehan/001 Left_Menu_Selection/a_ExpandMenuonLeft")): Object: 'Object Repository/Perolehan/001 Left_Menu_Selection/a_ExpandMenuonLeft' is clicked on

2019-03-12 09:50:47 - [MESSAGE][PASSED] - Object: 'Object Repository/Perolehan/001 Left_Menu_Selection/a_ExpandMenuonLeft' is clicked on

2019-03-12 09:50:47 - [TEST_STEP][PASSED] - delay(3, STOP_ON_FAILURE): Delayed 3 second(s)

2019-03-12 09:50:50 - [MESSAGE][PASSED] - Delayed 3 second(s)

2019-03-12 09:50:50 - [TEST_STEP][PASSED] - click(findTestObject("Perolehan/001 Left_Menu_Selection/div_PanelTitlePerolehan")): Object: 'Object Repository/Perolehan/001 Left_Menu_Selection/div_PanelTitlePerolehan' is clicked on

2019-03-12 09:50:50 - [MESSAGE][PASSED] - Object: 'Object Repository/Perolehan/001 Left_Menu_Selection/div_PanelTitlePerolehan' is clicked on

2019-03-12 09:50:50 - [TEST_STEP][PASSED] - delay(3, STOP_ON_FAILURE): Delayed 3 second(s)

2019-03-12 09:50:53 - [MESSAGE][PASSED] - Delayed 3 second(s)

2019-03-12 09:50:53 - [TEST_STEP][PASSED] - click(findTestObject("Perolehan/001 Left_Menu_Selection/div_PesananTempatan")): Object: 'Object Repository/Perolehan/001 Left_Menu_Selection/div_PesananTempatan' is clicked on

2019-03-12 09:50:54 - [MESSAGE][PASSED] - Object: 'Object Repository/Perolehan/001 Left_Menu_Selection/div_PesananTempatan' is clicked on

2019-03-12 09:50:54 - [TEST_STEP][PASSED] - assert true: null

2019-03-12 09:50:54 - [TEST_STEP][PASSED] - delay(3): Delayed 3 second(s)

2019-03-12 09:50:57 - [MESSAGE][PASSED] - Delayed 3 second(s)]]></system-out>
         <system-err><![CDATA[]]></system-err>
      </testcase>
      <testcase name="Test Cases/Perolehan/002 Rekod Baru oleh Penyedia/004 Penyedia Rekod Baru - CEK" classname="Test Cases/Perolehan/002 Rekod Baru oleh Penyedia/004 Penyedia Rekod Baru - CEK" status="PASSED">
         <system-out><![CDATA[2019-03-12 09:50:57 - [TEST_CASE][PASSED] - Test Cases/Perolehan/002 Rekod Baru oleh Penyedia/004 Penyedia Rekod Baru - CEK: Test Cases/Perolehan/002 Rekod Baru oleh Penyedia/004 Penyedia Rekod Baru - CEK

2019-03-12 09:50:57 - [TEST_STEP][PASSED] - click(findTestObject("Perolehan/002 Penyedia_RekodBaru/button_REKODBARU")): Object: 'Object Repository/Perolehan/002 Penyedia_RekodBaru/button_REKODBARU' is clicked on

2019-03-12 09:50:57 - [MESSAGE][PASSED] - Object: 'Object Repository/Perolehan/002 Penyedia_RekodBaru/button_REKODBARU' is clicked on

2019-03-12 09:50:57 - [TEST_STEP][PASSED] - delay(3): Delayed 3 second(s)

2019-03-12 09:51:00 - [MESSAGE][PASSED] - Delayed 3 second(s)

2019-03-12 09:51:00 - [TEST_STEP][PASSED] - mydate = new java.util.Date(): null

2019-03-12 09:51:00 - [TEST_STEP][PASSED] - formattedDate = mydate.format("dd/MM/yyyy"): null

2019-03-12 09:51:00 - [TEST_STEP][PASSED] - formattedYear = mydate.format("yyyy"): null

2019-03-12 09:51:00 - [TEST_STEP][PASSED] - println(formattedDate): null

2019-03-12 09:51:00 - [TEST_STEP][PASSED] - println(formattedYear): null

2019-03-12 09:51:00 - [TEST_STEP][PASSED] - TahunKewangan = getText(findTestObject("Perolehan/002 Penyedia_RekodBaru/span_tahun_kewangan")): Text of object 'Object Repository/Perolehan/002 Penyedia_RekodBaru/span_tahun_kewangan' is: '2019'

2019-03-12 09:51:00 - [MESSAGE][PASSED] - Text of object 'Object Repository/Perolehan/002 Penyedia_RekodBaru/span_tahun_kewangan' is: '2019'

2019-03-12 09:51:00 - [TEST_STEP][PASSED] - verifyMatch(TahunKewangan, formattedYear, false): Actual text '2019' and expected text '2019' are matched 

2019-03-12 09:51:00 - [MESSAGE][PASSED] - Actual text '2019' and expected text '2019' are matched 

2019-03-12 09:51:00 - [TEST_STEP][PASSED] - assert true: null

2019-03-12 09:51:00 - [TEST_STEP][PASSED] - TarikhSemasa = getText(findTestObject("Perolehan/002 Penyedia_RekodBaru/span_tarikhSemasa")): Text of object 'Object Repository/Perolehan/002 Penyedia_RekodBaru/span_tarikhSemasa' is: '12/03/2019'

2019-03-12 09:51:00 - [MESSAGE][PASSED] - Text of object 'Object Repository/Perolehan/002 Penyedia_RekodBaru/span_tarikhSemasa' is: '12/03/2019'

2019-03-12 09:51:00 - [TEST_STEP][PASSED] - verifyMatch(formattedDate, TarikhSemasa, false): Actual text '12/03/2019' and expected text '12/03/2019' are matched 

2019-03-12 09:51:00 - [MESSAGE][PASSED] - Actual text '12/03/2019' and expected text '12/03/2019' are matched 

2019-03-12 09:51:00 - [TEST_STEP][PASSED] - verifyElementVisible(findTestObject("Perolehan/002 Penyedia_RekodBaru/label_Jenis Urusniaga")): Object 'Object Repository/Perolehan/002 Penyedia_RekodBaru/label_Jenis Urusniaga' is visible

2019-03-12 09:51:00 - [MESSAGE][PASSED] - Object 'Object Repository/Perolehan/002 Penyedia_RekodBaru/label_Jenis Urusniaga' is visible

2019-03-12 09:51:00 - [TEST_STEP][PASSED] - click(findTestObject("Perolehan/002 Penyedia_RekodBaru/a_Jenis Urusniaga _textbox-ico")): Object: 'Object Repository/Perolehan/002 Penyedia_RekodBaru/a_Jenis Urusniaga _textbox-ico' is clicked on

2019-03-12 09:51:00 - [MESSAGE][PASSED] - Object: 'Object Repository/Perolehan/002 Penyedia_RekodBaru/a_Jenis Urusniaga _textbox-ico' is clicked on

2019-03-12 09:51:00 - [TEST_STEP][PASSED] - delay(2): Delayed 2 second(s)

2019-03-12 09:51:02 - [MESSAGE][PASSED] - Delayed 2 second(s)

2019-03-12 09:51:02 - [TEST_STEP][PASSED] - click(findTestObject("Perolehan/002 Penyedia_RekodBaru/div_Pesanan_Tempatan_Auto")): Object: 'Object Repository/Perolehan/002 Penyedia_RekodBaru/div_Pesanan_Tempatan_Auto' is clicked on

2019-03-12 09:51:02 - [MESSAGE][PASSED] - Object: 'Object Repository/Perolehan/002 Penyedia_RekodBaru/div_Pesanan_Tempatan_Auto' is clicked on

2019-03-12 09:51:02 - [TEST_STEP][PASSED] - verifyElementPresent(findTestObject("Perolehan/002 Penyedia_RekodBaru/label_No. Dokumen"), 0): Object 'Object Repository/Perolehan/002 Penyedia_RekodBaru/label_No. Dokumen' is present

2019-03-12 09:51:02 - [MESSAGE][WARNING] - Timeout '0' is invalid. Using default page load timeout: '180'

2019-03-12 09:51:02 - [MESSAGE][PASSED] - Object 'Object Repository/Perolehan/002 Penyedia_RekodBaru/label_No. Dokumen' is present

2019-03-12 09:51:02 - [TEST_STEP][PASSED] - verifyElementPresent(findTestObject("Perolehan/002 Penyedia_RekodBaru/label_Tarikh Dokumen"), 0): Object 'Object Repository/Perolehan/002 Penyedia_RekodBaru/label_Tarikh Dokumen' is present

2019-03-12 09:51:02 - [MESSAGE][WARNING] - Timeout '0' is invalid. Using default page load timeout: '180'

2019-03-12 09:51:02 - [MESSAGE][PASSED] - Object 'Object Repository/Perolehan/002 Penyedia_RekodBaru/label_Tarikh Dokumen' is present

2019-03-12 09:51:02 - [TEST_STEP][PASSED] - verifyElementPresent(findTestObject("Perolehan/002 Penyedia_RekodBaru/label_Pembekal"), 0): Object 'Object Repository/Perolehan/002 Penyedia_RekodBaru/label_Pembekal' is present

2019-03-12 09:51:02 - [MESSAGE][WARNING] - Timeout '0' is invalid. Using default page load timeout: '180'

2019-03-12 09:51:02 - [MESSAGE][PASSED] - Object 'Object Repository/Perolehan/002 Penyedia_RekodBaru/label_Pembekal' is present

2019-03-12 09:51:02 - [TEST_STEP][PASSED] - verifyElementPresent(findTestObject("Perolehan/002 Penyedia_RekodBaru/label_Cawangan Pembekal"), 0): Object 'Object Repository/Perolehan/002 Penyedia_RekodBaru/label_Cawangan Pembekal' is present

2019-03-12 09:51:02 - [MESSAGE][WARNING] - Timeout '0' is invalid. Using default page load timeout: '180'

2019-03-12 09:51:02 - [MESSAGE][PASSED] - Object 'Object Repository/Perolehan/002 Penyedia_RekodBaru/label_Cawangan Pembekal' is present

2019-03-12 09:51:02 - [TEST_STEP][PASSED] - verifyElementPresent(findTestObject("Perolehan/002 Penyedia_RekodBaru/label_Sila Bekalkan Sebelum at"), 0): Object 'Object Repository/Perolehan/002 Penyedia_RekodBaru/label_Sila Bekalkan Sebelum at' is present

2019-03-12 09:51:02 - [MESSAGE][WARNING] - Timeout '0' is invalid. Using default page load timeout: '180'

2019-03-12 09:51:02 - [MESSAGE][PASSED] - Object 'Object Repository/Perolehan/002 Penyedia_RekodBaru/label_Sila Bekalkan Sebelum at' is present

2019-03-12 09:51:02 - [TEST_STEP][PASSED] - click(findTestObject("Perolehan/002 Penyedia_RekodBaru/a_Pembekal _textbox-icon combo")): Object: 'Object Repository/Perolehan/002 Penyedia_RekodBaru/a_Pembekal _textbox-icon combo' is clicked on

2019-03-12 09:51:03 - [MESSAGE][PASSED] - Object: 'Object Repository/Perolehan/002 Penyedia_RekodBaru/a_Pembekal _textbox-icon combo' is clicked on

2019-03-12 09:51:03 - [TEST_STEP][PASSED] - delay(3): Delayed 3 second(s)

2019-03-12 09:51:06 - [MESSAGE][PASSED] - Delayed 3 second(s)

2019-03-12 09:51:06 - [TEST_STEP][PASSED] - setText(findTestObject("Perolehan/002 Penyedia_RekodBaru/input_name_Nama Pembekal"), "JAMAL CHEF CATERING"): Text 'JAMAL CHEF CATERING' is set on object 'Object Repository/Perolehan/002 Penyedia_RekodBaru/input_name_Nama Pembekal'

2019-03-12 09:51:06 - [MESSAGE][PASSED] - Text 'JAMAL CHEF CATERING' is set on object 'Object Repository/Perolehan/002 Penyedia_RekodBaru/input_name_Nama Pembekal'

2019-03-12 09:51:06 - [TEST_STEP][PASSED] - delay(3): Delayed 3 second(s)

2019-03-12 09:51:09 - [MESSAGE][PASSED] - Delayed 3 second(s)

2019-03-12 09:51:09 - [TEST_STEP][PASSED] - click(findTestObject("Perolehan/002 Penyedia_RekodBaru/select_Pembekal Jamal")): Object: 'Object Repository/Perolehan/002 Penyedia_RekodBaru/select_Pembekal Jamal' is clicked on

2019-03-12 09:51:09 - [MESSAGE][PASSED] - Object: 'Object Repository/Perolehan/002 Penyedia_RekodBaru/select_Pembekal Jamal' is clicked on

2019-03-12 09:51:09 - [TEST_STEP][PASSED] - delay(3): Delayed 3 second(s)

2019-03-12 09:51:12 - [MESSAGE][PASSED] - Delayed 3 second(s)

2019-03-12 09:51:12 - [TEST_STEP][PASSED] - getText(findTestObject("Perolehan/002 Penyedia_RekodBaru/input_No.Akaun Pembekal _textb"), STOP_ON_FAILURE): Text of object 'Object Repository/Perolehan/002 Penyedia_RekodBaru/input_No.Akaun Pembekal _textb' is: ''

2019-03-12 09:51:12 - [MESSAGE][PASSED] - Text of object 'Object Repository/Perolehan/002 Penyedia_RekodBaru/input_No.Akaun Pembekal _textb' is: ''

2019-03-12 09:51:12 - [TEST_STEP][PASSED] - getText(findTestObject("Perolehan/002 Penyedia_RekodBaru/input_Cawangan Pembekal _textb"), STOP_ON_FAILURE): Text of object 'Object Repository/Perolehan/002 Penyedia_RekodBaru/input_Cawangan Pembekal _textb' is: ''

2019-03-12 09:51:12 - [MESSAGE][PASSED] - Text of object 'Object Repository/Perolehan/002 Penyedia_RekodBaru/input_Cawangan Pembekal _textb' is: ''

2019-03-12 09:51:12 - [TEST_STEP][PASSED] - click(findTestObject("Perolehan/002 Penyedia_RekodBaru/Date_Picker_Bekal_Kerja")): Object: 'Object Repository/Perolehan/002 Penyedia_RekodBaru/Date_Picker_Bekal_Kerja' is clicked on

2019-03-12 09:51:12 - [MESSAGE][PASSED] - Object: 'Object Repository/Perolehan/002 Penyedia_RekodBaru/Date_Picker_Bekal_Kerja' is clicked on

2019-03-12 09:51:12 - [TEST_STEP][PASSED] - delay(1): Delayed 1 second(s)

2019-03-12 09:51:13 - [MESSAGE][PASSED] - Delayed 1 second(s)

2019-03-12 09:51:13 - [TEST_STEP][PASSED] - click(findTestObject("Perolehan/002 Penyedia_RekodBaru/Date_Picker_Bekal_Kerja_Next_Month")): Object: 'Object Repository/Perolehan/002 Penyedia_RekodBaru/Date_Picker_Bekal_Kerja_Next_Month' is clicked on

2019-03-12 09:51:14 - [MESSAGE][PASSED] - Object: 'Object Repository/Perolehan/002 Penyedia_RekodBaru/Date_Picker_Bekal_Kerja_Next_Month' is clicked on

2019-03-12 09:51:14 - [TEST_STEP][PASSED] - delay(1): Delayed 1 second(s)

2019-03-12 09:51:15 - [MESSAGE][PASSED] - Delayed 1 second(s)

2019-03-12 09:51:15 - [TEST_STEP][PASSED] - click(findTestObject("Perolehan/002 Penyedia_RekodBaru/Date_Picker_Bekal_Kerja_Date")): Object: 'Object Repository/Perolehan/002 Penyedia_RekodBaru/Date_Picker_Bekal_Kerja_Date' is clicked on

2019-03-12 09:51:15 - [MESSAGE][PASSED] - Object: 'Object Repository/Perolehan/002 Penyedia_RekodBaru/Date_Picker_Bekal_Kerja_Date' is clicked on

2019-03-12 09:51:15 - [TEST_STEP][PASSED] - setText(findTestObject("Perolehan/002 Penyedia_RekodBaru/Text_box_Perihal"), "This is a test for PT - Cek automation scripts - Julia " + mydate): Text 'This is a test for PT - Cek automation scripts - Julia Tue Mar 12 09:51:00 SGT 2019' is set on object 'Object Repository/Perolehan/002 Penyedia_RekodBaru/Text_box_Perihal'

2019-03-12 09:51:15 - [MESSAGE][PASSED] - Text 'This is a test for PT - Cek automation scripts - Julia Tue Mar 12 09:51:00 SGT 2019' is set on object 'Object Repository/Perolehan/002 Penyedia_RekodBaru/Text_box_Perihal'

2019-03-12 09:51:15 - [TEST_STEP][PASSED] - delay(3): Delayed 3 second(s)

2019-03-12 09:51:18 - [MESSAGE][PASSED] - Delayed 3 second(s)

2019-03-12 09:51:18 - [TEST_STEP][PASSED] - click(findTestObject("Perolehan/002 Penyedia_RekodBaru/button_TambahCajLine")): Object: 'Object Repository/Perolehan/002 Penyedia_RekodBaru/button_TambahCajLine' is clicked on

2019-03-12 09:51:18 - [MESSAGE][PASSED] - Object: 'Object Repository/Perolehan/002 Penyedia_RekodBaru/button_TambahCajLine' is clicked on

2019-03-12 09:51:18 - [TEST_STEP][PASSED] - delay(3): Delayed 3 second(s)

2019-03-12 09:51:21 - [MESSAGE][PASSED] - Delayed 3 second(s)

2019-03-12 09:51:21 - [TEST_STEP][PASSED] - click(findTestObject("Perolehan/002 Penyedia_RekodBaru/Drop_down_Vot_Dana")): Object: 'Object Repository/Perolehan/002 Penyedia_RekodBaru/Drop_down_Vot_Dana' is clicked on

2019-03-12 09:51:21 - [MESSAGE][PASSED] - Object: 'Object Repository/Perolehan/002 Penyedia_RekodBaru/Drop_down_Vot_Dana' is clicked on

2019-03-12 09:51:21 - [TEST_STEP][PASSED] - delay(8): Delayed 8 second(s)

2019-03-12 09:51:29 - [MESSAGE][PASSED] - Delayed 8 second(s)

2019-03-12 09:51:29 - [TEST_STEP][PASSED] - waitForElementVisible(findTestObject("Perolehan/002 Penyedia_RekodBaru/Input_Vot_Dana"), 60): Object 'Object Repository/Perolehan/002 Penyedia_RekodBaru/Input_Vot_Dana' is visible

2019-03-12 09:51:29 - [MESSAGE][PASSED] - Object 'Object Repository/Perolehan/002 Penyedia_RekodBaru/Input_Vot_Dana' is visible

2019-03-12 09:51:29 - [TEST_STEP][PASSED] - setText(findTestObject("Perolehan/002 Penyedia_RekodBaru/Input_Vot_Dana"), "B31"): Text 'B31' is set on object 'Object Repository/Perolehan/002 Penyedia_RekodBaru/Input_Vot_Dana'

2019-03-12 09:51:29 - [MESSAGE][PASSED] - Text 'B31' is set on object 'Object Repository/Perolehan/002 Penyedia_RekodBaru/Input_Vot_Dana'

2019-03-12 09:51:29 - [TEST_STEP][PASSED] - waitForElementVisible(findTestObject("Perolehan/002 Penyedia_RekodBaru/Select_Vot_Dana_B31"), 60): Object 'Object Repository/Perolehan/002 Penyedia_RekodBaru/Select_Vot_Dana_B31' is visible

2019-03-12 09:51:29 - [MESSAGE][PASSED] - Object 'Object Repository/Perolehan/002 Penyedia_RekodBaru/Select_Vot_Dana_B31' is visible

2019-03-12 09:51:29 - [TEST_STEP][PASSED] - click(findTestObject("Perolehan/002 Penyedia_RekodBaru/Select_Vot_Dana_B31")): Object: 'Object Repository/Perolehan/002 Penyedia_RekodBaru/Select_Vot_Dana_B31' is clicked on

2019-03-12 09:51:29 - [MESSAGE][PASSED] - Object: 'Object Repository/Perolehan/002 Penyedia_RekodBaru/Select_Vot_Dana_B31' is clicked on

2019-03-12 09:51:30 - [TEST_STEP][PASSED] - delay(3): Delayed 3 second(s)

2019-03-12 09:51:33 - [MESSAGE][PASSED] - Delayed 3 second(s)

2019-03-12 09:51:33 - [TEST_STEP][PASSED] - click(findTestObject("Perolehan/002 Penyedia_RekodBaru/Drop_down_Program_Aktiviti")): Object: 'Object Repository/Perolehan/002 Penyedia_RekodBaru/Drop_down_Program_Aktiviti' is clicked on

2019-03-12 09:51:33 - [MESSAGE][PASSED] - Object: 'Object Repository/Perolehan/002 Penyedia_RekodBaru/Drop_down_Program_Aktiviti' is clicked on

2019-03-12 09:51:33 - [TEST_STEP][PASSED] - delay(3): Delayed 3 second(s)

2019-03-12 09:51:36 - [MESSAGE][PASSED] - Delayed 3 second(s)

2019-03-12 09:51:36 - [TEST_STEP][PASSED] - click(findTestObject("Perolehan/002 Penyedia_RekodBaru/Select_Program_160080")): Object: 'Object Repository/Perolehan/002 Penyedia_RekodBaru/Select_Program_160080' is clicked on

2019-03-12 09:51:36 - [MESSAGE][PASSED] - Object: 'Object Repository/Perolehan/002 Penyedia_RekodBaru/Select_Program_160080' is clicked on

2019-03-12 09:51:36 - [TEST_STEP][PASSED] - delay(3): Delayed 3 second(s)

2019-03-12 09:51:39 - [MESSAGE][PASSED] - Delayed 3 second(s)

2019-03-12 09:51:39 - [TEST_STEP][PASSED] - click(findTestObject("Perolehan/002 Penyedia_RekodBaru/Drop_down_Kod_Akaun")): Object: 'Object Repository/Perolehan/002 Penyedia_RekodBaru/Drop_down_Kod_Akaun' is clicked on

2019-03-12 09:51:39 - [MESSAGE][PASSED] - Object: 'Object Repository/Perolehan/002 Penyedia_RekodBaru/Drop_down_Kod_Akaun' is clicked on

2019-03-12 09:51:39 - [TEST_STEP][PASSED] - delay(3): Delayed 3 second(s)

2019-03-12 09:51:42 - [MESSAGE][PASSED] - Delayed 3 second(s)

2019-03-12 09:51:42 - [TEST_STEP][PASSED] - setText(findTestObject("Perolehan/002 Penyedia_RekodBaru/input_kod_akaun"), "B0229401"): Text 'B0229401' is set on object 'Object Repository/Perolehan/002 Penyedia_RekodBaru/input_kod_akaun'

2019-03-12 09:51:42 - [MESSAGE][PASSED] - Text 'B0229401' is set on object 'Object Repository/Perolehan/002 Penyedia_RekodBaru/input_kod_akaun'

2019-03-12 09:51:42 - [TEST_STEP][PASSED] - delay(3): Delayed 3 second(s)

2019-03-12 09:51:45 - [MESSAGE][PASSED] - Delayed 3 second(s)

2019-03-12 09:51:45 - [TEST_STEP][PASSED] - click(findTestObject("Perolehan/002 Penyedia_RekodBaru/Select_Kod_Akaun_B0229401")): Object: 'Object Repository/Perolehan/002 Penyedia_RekodBaru/Select_Kod_Akaun_B0229401' is clicked on

2019-03-12 09:51:45 - [MESSAGE][PASSED] - Object: 'Object Repository/Perolehan/002 Penyedia_RekodBaru/Select_Kod_Akaun_B0229401' is clicked on

2019-03-12 09:51:45 - [TEST_STEP][PASSED] - delay(3): Delayed 3 second(s)

2019-03-12 09:51:48 - [MESSAGE][PASSED] - Delayed 3 second(s)

2019-03-12 09:51:48 - [TEST_STEP][PASSED] - click(findTestObject("Perolehan/002 Penyedia_RekodBaru/Drop_down_Kod_Barang")): Object: 'Object Repository/Perolehan/002 Penyedia_RekodBaru/Drop_down_Kod_Barang' is clicked on

2019-03-12 09:51:48 - [MESSAGE][PASSED] - Object: 'Object Repository/Perolehan/002 Penyedia_RekodBaru/Drop_down_Kod_Barang' is clicked on

2019-03-12 09:51:48 - [TEST_STEP][PASSED] - delay(8): Delayed 8 second(s)

2019-03-12 09:51:56 - [MESSAGE][PASSED] - Delayed 8 second(s)

2019-03-12 09:51:56 - [TEST_STEP][PASSED] - click(findTestObject("Perolehan/002 Penyedia_RekodBaru/SelectKod_Barang_2940100000000000000")): Object: 'Object Repository/Perolehan/002 Penyedia_RekodBaru/SelectKod_Barang_2940100000000000000' is clicked on

2019-03-12 09:51:56 - [MESSAGE][PASSED] - Object: 'Object Repository/Perolehan/002 Penyedia_RekodBaru/SelectKod_Barang_2940100000000000000' is clicked on

2019-03-12 09:51:56 - [TEST_STEP][PASSED] - click(findTestObject("Perolehan/002 Penyedia_RekodBaru/Drop_down_Kategori_Pesanan_Tempatan")): Object: 'Object Repository/Perolehan/002 Penyedia_RekodBaru/Drop_down_Kategori_Pesanan_Tempatan' is clicked on

2019-03-12 09:51:57 - [MESSAGE][PASSED] - Object: 'Object Repository/Perolehan/002 Penyedia_RekodBaru/Drop_down_Kategori_Pesanan_Tempatan' is clicked on

2019-03-12 09:51:57 - [TEST_STEP][PASSED] - click(findTestObject("Perolehan/002 Penyedia_RekodBaru/Select_Kategori_Pesanan_PERKHIDMATAN")): Object: 'Object Repository/Perolehan/002 Penyedia_RekodBaru/Select_Kategori_Pesanan_PERKHIDMATAN' is clicked on

2019-03-12 09:51:57 - [MESSAGE][PASSED] - Object: 'Object Repository/Perolehan/002 Penyedia_RekodBaru/Select_Kategori_Pesanan_PERKHIDMATAN' is clicked on

2019-03-12 09:51:57 - [TEST_STEP][PASSED] - setText(findTestObject("Perolehan/002 Penyedia_RekodBaru/input_kuantiti"), "3"): Text '3' is set on object 'Object Repository/Perolehan/002 Penyedia_RekodBaru/input_kuantiti'

2019-03-12 09:51:57 - [MESSAGE][PASSED] - Text '3' is set on object 'Object Repository/Perolehan/002 Penyedia_RekodBaru/input_kuantiti'

2019-03-12 09:51:57 - [TEST_STEP][PASSED] - click(findTestObject("Perolehan/002 Penyedia_RekodBaru/Drop_down_Unit_Ukuran")): Object: 'Object Repository/Perolehan/002 Penyedia_RekodBaru/Drop_down_Unit_Ukuran' is clicked on

2019-03-12 09:51:57 - [MESSAGE][PASSED] - Object: 'Object Repository/Perolehan/002 Penyedia_RekodBaru/Drop_down_Unit_Ukuran' is clicked on

2019-03-12 09:51:57 - [TEST_STEP][PASSED] - delay(3): Delayed 3 second(s)

2019-03-12 09:52:00 - [MESSAGE][PASSED] - Delayed 3 second(s)

2019-03-12 09:52:00 - [TEST_STEP][PASSED] - click(findTestObject("Perolehan/002 Penyedia_RekodBaru/select_unit_ukuran_buah")): Object: 'Object Repository/Perolehan/002 Penyedia_RekodBaru/select_unit_ukuran_buah' is clicked on

2019-03-12 09:52:00 - [MESSAGE][PASSED] - Object: 'Object Repository/Perolehan/002 Penyedia_RekodBaru/select_unit_ukuran_buah' is clicked on

2019-03-12 09:52:00 - [TEST_STEP][PASSED] - setText(findTestObject("Perolehan/002 Penyedia_RekodBaru/input_harga_seunit"), "1.77"): Text '1.77' is set on object 'Object Repository/Perolehan/002 Penyedia_RekodBaru/input_harga_seunit'

2019-03-12 09:52:00 - [MESSAGE][PASSED] - Text '1.77' is set on object 'Object Repository/Perolehan/002 Penyedia_RekodBaru/input_harga_seunit'

2019-03-12 09:52:00 - [TEST_STEP][PASSED] - click(findTestObject("Perolehan/002 Penyedia_RekodBaru/button_simpan_caj_line")): Object: 'Object Repository/Perolehan/002 Penyedia_RekodBaru/button_simpan_caj_line' is clicked on

2019-03-12 09:52:00 - [MESSAGE][PASSED] - Object: 'Object Repository/Perolehan/002 Penyedia_RekodBaru/button_simpan_caj_line' is clicked on

2019-03-12 09:52:00 - [TEST_STEP][PASSED] - delay(3): Delayed 3 second(s)

2019-03-12 09:52:03 - [MESSAGE][PASSED] - Delayed 3 second(s)

2019-03-12 09:52:03 - [TEST_STEP][PASSED] - waitForElementClickable(findTestObject("Perolehan/002 Penyedia_RekodBaru/button_OK_Peruntukan_cukup"), 3): Web element with id: 'Object Repository/Perolehan/002 Penyedia_RekodBaru/button_OK_Peruntukan_cukup' located by 'By.xpath: //span[@class = 'l-btn-text' and (text() = 'Ok' or . = 'Ok')]' not found

2019-03-12 09:52:07 - [MESSAGE][INFO] - Unable to find the element located by 'By.xpath: //span[@class = 'l-btn-text' and (text() = 'Ok' or . = 'Ok')]'. Please recheck the objects properties to make sure the desired element is located. 

2019-03-12 09:52:07 - [MESSAGE][WARNING] - Web element with id: 'Object Repository/Perolehan/002 Penyedia_RekodBaru/button_OK_Peruntukan_cukup' located by 'By.xpath: //span[@class = 'l-btn-text' and (text() = 'Ok' or . = 'Ok')]' not found

2019-03-12 09:52:07 - [TEST_STEP][PASSED] - click(findTestObject("Perolehan/002 Penyedia_RekodBaru/button_OK_Peruntukan_cukup")): Object: 'Object Repository/Perolehan/002 Penyedia_RekodBaru/button_OK_Peruntukan_cukup' is clicked on

2019-03-12 09:52:16 - [MESSAGE][PASSED] - Object: 'Object Repository/Perolehan/002 Penyedia_RekodBaru/button_OK_Peruntukan_cukup' is clicked on

2019-03-12 09:52:16 - [TEST_STEP][PASSED] - click(findTestObject("Perolehan/002 Penyedia_RekodBaru/button_Simpan_Rekod")): Object: 'Object Repository/Perolehan/002 Penyedia_RekodBaru/button_Simpan_Rekod' is clicked on

2019-03-12 09:52:16 - [MESSAGE][PASSED] - Object: 'Object Repository/Perolehan/002 Penyedia_RekodBaru/button_Simpan_Rekod' is clicked on

2019-03-12 09:52:16 - [TEST_STEP][PASSED] - delay(3): Delayed 3 second(s)

2019-03-12 09:52:19 - [MESSAGE][PASSED] - Delayed 3 second(s)

2019-03-12 09:52:19 - [TEST_STEP][PASSED] - waitForElementClickable(findTestObject("Perolehan/002 Penyedia_RekodBaru/button_OK_Rekod_Berjaya_disimpan"), 60): Object 'Object Repository/Perolehan/002 Penyedia_RekodBaru/button_OK_Rekod_Berjaya_disimpan' is clickable

2019-03-12 09:53:07 - [MESSAGE][PASSED] - Object 'Object Repository/Perolehan/002 Penyedia_RekodBaru/button_OK_Rekod_Berjaya_disimpan' is clickable

2019-03-12 09:53:07 - [TEST_STEP][PASSED] - click(findTestObject("Perolehan/002 Penyedia_RekodBaru/button_OK_Rekod_Berjaya_disimpan")): Object: 'Object Repository/Perolehan/002 Penyedia_RekodBaru/button_OK_Rekod_Berjaya_disimpan' is clicked on

2019-03-12 09:53:07 - [MESSAGE][PASSED] - Object: 'Object Repository/Perolehan/002 Penyedia_RekodBaru/button_OK_Rekod_Berjaya_disimpan' is clicked on

2019-03-12 09:53:07 - [TEST_STEP][PASSED] - delay(3): Delayed 3 second(s)

2019-03-12 09:53:10 - [MESSAGE][PASSED] - Delayed 3 second(s)

2019-03-12 09:53:10 - [TEST_STEP][PASSED] - JumlahPesananTempatan = getText(findTestObject("Perolehan/002 Penyedia_RekodBaru/Jumlah_pesanan_tempatan")): Text of object 'Object Repository/Perolehan/002 Penyedia_RekodBaru/Jumlah_pesanan_tempatan' is: '5.31'

2019-03-12 09:53:10 - [MESSAGE][PASSED] - Text of object 'Object Repository/Perolehan/002 Penyedia_RekodBaru/Jumlah_pesanan_tempatan' is: '5.31'

2019-03-12 09:53:10 - [TEST_STEP][PASSED] - println(JumlahPesananTempatan): null

2019-03-12 09:53:10 - [TEST_STEP][PASSED] - click(findTestObject("Perolehan/002 Penyedia_RekodBaru/Tab_Penghantaran_Barang")): Object: 'Object Repository/Perolehan/002 Penyedia_RekodBaru/Tab_Penghantaran_Barang' is clicked on

2019-03-12 09:53:11 - [MESSAGE][PASSED] - Object: 'Object Repository/Perolehan/002 Penyedia_RekodBaru/Tab_Penghantaran_Barang' is clicked on

2019-03-12 09:53:11 - [TEST_STEP][PASSED] - click(findTestObject("Perolehan/002 Penyedia_RekodBaru/button_tambah_master_barang")): Object: 'Object Repository/Perolehan/002 Penyedia_RekodBaru/button_tambah_master_barang' is clicked on

2019-03-12 09:53:11 - [MESSAGE][PASSED] - Object: 'Object Repository/Perolehan/002 Penyedia_RekodBaru/button_tambah_master_barang' is clicked on

2019-03-12 09:53:11 - [TEST_STEP][PASSED] - setText(findTestObject("Perolehan/002 Penyedia_RekodBaru/input_untuk_perhatian"), "Yang Berkenaan"): Text 'Yang Berkenaan' is set on object 'Object Repository/Perolehan/002 Penyedia_RekodBaru/input_untuk_perhatian'

2019-03-12 09:53:11 - [MESSAGE][PASSED] - Text 'Yang Berkenaan' is set on object 'Object Repository/Perolehan/002 Penyedia_RekodBaru/input_untuk_perhatian'

2019-03-12 09:53:11 - [TEST_STEP][PASSED] - click(findTestObject("Perolehan/002 Penyedia_RekodBaru/Drop_down_bekal_kepada_Jabatan")): Object: 'Object Repository/Perolehan/002 Penyedia_RekodBaru/Drop_down_bekal_kepada_Jabatan' is clicked on

2019-03-12 09:53:11 - [MESSAGE][PASSED] - Object: 'Object Repository/Perolehan/002 Penyedia_RekodBaru/Drop_down_bekal_kepada_Jabatan' is clicked on

2019-03-12 09:53:11 - [TEST_STEP][PASSED] - setText(findTestObject("Perolehan/002 Penyedia_RekodBaru/input_bekal_kepada_jabatan"), "004000"): Text '004000' is set on object 'Object Repository/Perolehan/002 Penyedia_RekodBaru/input_bekal_kepada_jabatan'

2019-03-12 09:53:12 - [MESSAGE][PASSED] - Text '004000' is set on object 'Object Repository/Perolehan/002 Penyedia_RekodBaru/input_bekal_kepada_jabatan'

2019-03-12 09:53:12 - [TEST_STEP][PASSED] - delay(3): Delayed 3 second(s)

2019-03-12 09:53:15 - [MESSAGE][PASSED] - Delayed 3 second(s)

2019-03-12 09:53:15 - [TEST_STEP][PASSED] - click(findTestObject("Perolehan/002 Penyedia_RekodBaru/select_jabatan_004000")): Object: 'Object Repository/Perolehan/002 Penyedia_RekodBaru/select_jabatan_004000' is clicked on

2019-03-12 09:53:15 - [MESSAGE][PASSED] - Object: 'Object Repository/Perolehan/002 Penyedia_RekodBaru/select_jabatan_004000' is clicked on

2019-03-12 09:53:15 - [TEST_STEP][PASSED] - delay(3): Delayed 3 second(s)

2019-03-12 09:53:18 - [MESSAGE][PASSED] - Delayed 3 second(s)

2019-03-12 09:53:18 - [TEST_STEP][PASSED] - click(findTestObject("Perolehan/002 Penyedia_RekodBaru/Drop_down_master_PTJ")): Object: 'Object Repository/Perolehan/002 Penyedia_RekodBaru/Drop_down_master_PTJ' is clicked on

2019-03-12 09:53:18 - [MESSAGE][PASSED] - Object: 'Object Repository/Perolehan/002 Penyedia_RekodBaru/Drop_down_master_PTJ' is clicked on

2019-03-12 09:53:18 - [TEST_STEP][PASSED] - delay(3): Delayed 3 second(s)

2019-03-12 09:53:21 - [MESSAGE][PASSED] - Delayed 3 second(s)

2019-03-12 09:53:21 - [TEST_STEP][PASSED] - waitForElementVisible(findTestObject("Perolehan/002 Penyedia_RekodBaru/select_master_PTJ"), 60): Object 'Object Repository/Perolehan/002 Penyedia_RekodBaru/select_master_PTJ' is visible

2019-03-12 09:53:21 - [MESSAGE][PASSED] - Object 'Object Repository/Perolehan/002 Penyedia_RekodBaru/select_master_PTJ' is visible

2019-03-12 09:53:21 - [TEST_STEP][PASSED] - click(findTestObject("Perolehan/002 Penyedia_RekodBaru/select_master_PTJ")): Object: 'Object Repository/Perolehan/002 Penyedia_RekodBaru/select_master_PTJ' is clicked on

2019-03-12 09:53:21 - [MESSAGE][PASSED] - Object: 'Object Repository/Perolehan/002 Penyedia_RekodBaru/select_master_PTJ' is clicked on

2019-03-12 09:53:21 - [TEST_STEP][PASSED] - delay(3): Delayed 3 second(s)

2019-03-12 09:53:24 - [MESSAGE][PASSED] - Delayed 3 second(s)

2019-03-12 09:53:24 - [TEST_STEP][PASSED] - check(findTestObject("Perolehan/002 Penyedia_RekodBaru/checkbox_alamat_utama")): Object 'Object Repository/Perolehan/002 Penyedia_RekodBaru/checkbox_alamat_utama' is checked

2019-03-12 09:53:24 - [MESSAGE][PASSED] - Object 'Object Repository/Perolehan/002 Penyedia_RekodBaru/checkbox_alamat_utama' is checked

2019-03-12 09:53:24 - [TEST_STEP][PASSED] - click(findTestObject("Perolehan/002 Penyedia_RekodBaru/button_tambah_senarai_barang")): Object: 'Object Repository/Perolehan/002 Penyedia_RekodBaru/button_tambah_senarai_barang' is clicked on

2019-03-12 09:53:24 - [MESSAGE][PASSED] - Object: 'Object Repository/Perolehan/002 Penyedia_RekodBaru/button_tambah_senarai_barang' is clicked on

2019-03-12 09:53:24 - [TEST_STEP][PASSED] - delay(3): Delayed 3 second(s)

2019-03-12 09:53:27 - [MESSAGE][PASSED] - Delayed 3 second(s)

2019-03-12 09:53:27 - [TEST_STEP][PASSED] - click(findTestObject("Perolehan/002 Penyedia_RekodBaru/Drop_down_senarai_barang")): Object: 'Object Repository/Perolehan/002 Penyedia_RekodBaru/Drop_down_senarai_barang' is clicked on

2019-03-12 09:53:27 - [MESSAGE][PASSED] - Object: 'Object Repository/Perolehan/002 Penyedia_RekodBaru/Drop_down_senarai_barang' is clicked on

2019-03-12 09:53:27 - [TEST_STEP][PASSED] - delay(3): Delayed 3 second(s)

2019-03-12 09:53:30 - [MESSAGE][PASSED] - Delayed 3 second(s)

2019-03-12 09:53:30 - [TEST_STEP][PASSED] - click(findTestObject("Perolehan/002 Penyedia_RekodBaru/Drop_down_Barang_1")): Object: 'Object Repository/Perolehan/002 Penyedia_RekodBaru/Drop_down_Barang_1' is clicked on

2019-03-12 09:53:30 - [MESSAGE][PASSED] - Object: 'Object Repository/Perolehan/002 Penyedia_RekodBaru/Drop_down_Barang_1' is clicked on

2019-03-12 09:53:30 - [TEST_STEP][PASSED] - setText(findTestObject("Perolehan/002 Penyedia_RekodBaru/input_Kuantiti_senarai_barang"), "3"): Text '3' is set on object 'Object Repository/Perolehan/002 Penyedia_RekodBaru/input_Kuantiti_senarai_barang'

2019-03-12 09:53:30 - [MESSAGE][PASSED] - Text '3' is set on object 'Object Repository/Perolehan/002 Penyedia_RekodBaru/input_Kuantiti_senarai_barang'

2019-03-12 09:53:30 - [TEST_STEP][PASSED] - click(findTestObject("Perolehan/002 Penyedia_RekodBaru/button_save_senarai_barang")): Object: 'Object Repository/Perolehan/002 Penyedia_RekodBaru/button_save_senarai_barang' is clicked on

2019-03-12 09:53:31 - [MESSAGE][PASSED] - Object: 'Object Repository/Perolehan/002 Penyedia_RekodBaru/button_save_senarai_barang' is clicked on

2019-03-12 09:53:31 - [TEST_STEP][PASSED] - click(findTestObject("Perolehan/002 Penyedia_RekodBaru/button_simpan_maklumat_bekalan")): Object: 'Object Repository/Perolehan/002 Penyedia_RekodBaru/button_simpan_maklumat_bekalan' is clicked on

2019-03-12 09:53:31 - [MESSAGE][PASSED] - Object: 'Object Repository/Perolehan/002 Penyedia_RekodBaru/button_simpan_maklumat_bekalan' is clicked on

2019-03-12 09:53:31 - [TEST_STEP][PASSED] - click(findTestObject("Perolehan/002 Penyedia_RekodBaru/Tab_Pesanan_Tempatan")): Object: 'Object Repository/Perolehan/002 Penyedia_RekodBaru/Tab_Pesanan_Tempatan' is clicked on

2019-03-12 09:53:31 - [MESSAGE][PASSED] - Object: 'Object Repository/Perolehan/002 Penyedia_RekodBaru/Tab_Pesanan_Tempatan' is clicked on

2019-03-12 09:53:31 - [TEST_STEP][PASSED] - click(findTestObject("Perolehan/002 Penyedia_RekodBaru/button_Simpan_Rekod")): Object: 'Object Repository/Perolehan/002 Penyedia_RekodBaru/button_Simpan_Rekod' is clicked on

2019-03-12 09:53:31 - [MESSAGE][PASSED] - Object: 'Object Repository/Perolehan/002 Penyedia_RekodBaru/button_Simpan_Rekod' is clicked on

2019-03-12 09:53:31 - [TEST_STEP][PASSED] - delay(3): Delayed 3 second(s)

2019-03-12 09:53:34 - [MESSAGE][PASSED] - Delayed 3 second(s)

2019-03-12 09:53:34 - [TEST_STEP][PASSED] - waitForElementClickable(findTestObject("Perolehan/002 Penyedia_RekodBaru/button_OK_Rekod_Berjaya_disimpan"), 60): Object 'Object Repository/Perolehan/002 Penyedia_RekodBaru/button_OK_Rekod_Berjaya_disimpan' is clickable

2019-03-12 09:54:15 - [MESSAGE][PASSED] - Object 'Object Repository/Perolehan/002 Penyedia_RekodBaru/button_OK_Rekod_Berjaya_disimpan' is clickable

2019-03-12 09:54:15 - [TEST_STEP][PASSED] - takeScreenshot(): Taking screenshot successfully

2019-03-12 09:54:15 - [MESSAGE][PASSED] - Taking screenshot successfully
[[ATTACHMENT|C:\\Users\\Consultant_MSPHitect\\Katalon Studio\\TrainingonKatalon\\Reports\\Perolehan\\02 Pesanan Tempatan Cara Bayaran CEK Dengan Pemfaktoran\\20190312_094949\\1552355655603.png]]

2019-03-12 09:54:15 - [TEST_STEP][PASSED] - click(findTestObject("Perolehan/002 Penyedia_RekodBaru/button_OK_Rekod_Berjaya_disimpan")): Object: 'Object Repository/Perolehan/002 Penyedia_RekodBaru/button_OK_Rekod_Berjaya_disimpan' is clicked on

2019-03-12 09:54:15 - [MESSAGE][PASSED] - Object: 'Object Repository/Perolehan/002 Penyedia_RekodBaru/button_OK_Rekod_Berjaya_disimpan' is clicked on]]></system-out>
         <system-err><![CDATA[]]></system-err>
      </testcase>
      <testcase name="Test Cases/Perolehan/002 Rekod Baru oleh Penyedia/002 Senarai Semak" classname="Test Cases/Perolehan/002 Rekod Baru oleh Penyedia/002 Senarai Semak" status="PASSED">
         <system-out><![CDATA[2019-03-12 09:54:15 - [TEST_CASE][PASSED] - Test Cases/Perolehan/002 Rekod Baru oleh Penyedia/002 Senarai Semak: Test Cases/Perolehan/002 Rekod Baru oleh Penyedia/002 Senarai Semak

2019-03-12 09:54:16 - [TEST_STEP][PASSED] - delay(3): Delayed 3 second(s)

2019-03-12 09:54:19 - [MESSAGE][PASSED] - Delayed 3 second(s)

2019-03-12 09:54:19 - [TEST_STEP][PASSED] - click(findTestObject("Perolehan/002 Penyedia_RekodBaru/0021 Senarai Semak/button_Senarai Semak")): Object: 'Object Repository/Perolehan/002 Penyedia_RekodBaru/0021 Senarai Semak/button_Senarai Semak' is clicked on

2019-03-12 09:54:19 - [MESSAGE][PASSED] - Object: 'Object Repository/Perolehan/002 Penyedia_RekodBaru/0021 Senarai Semak/button_Senarai Semak' is clicked on

2019-03-12 09:54:19 - [TEST_STEP][PASSED] - delay(3): Delayed 3 second(s)

2019-03-12 09:54:22 - [MESSAGE][PASSED] - Delayed 3 second(s)

2019-03-12 09:54:22 - [TEST_STEP][PASSED] - check(findTestObject("Perolehan/002 Penyedia_RekodBaru/0021 Senarai Semak/Senarai_semak_IC")): Object 'Object Repository/Perolehan/002 Penyedia_RekodBaru/0021 Senarai Semak/Senarai_semak_IC' is checked

2019-03-12 09:54:22 - [MESSAGE][PASSED] - Object 'Object Repository/Perolehan/002 Penyedia_RekodBaru/0021 Senarai Semak/Senarai_semak_IC' is checked

2019-03-12 09:54:22 - [TEST_STEP][PASSED] - check(findTestObject("Perolehan/002 Penyedia_RekodBaru/0021 Senarai Semak/Senarai_semak_Pesanan_Tempatan")): Object 'Object Repository/Perolehan/002 Penyedia_RekodBaru/0021 Senarai Semak/Senarai_semak_Pesanan_Tempatan' is checked

2019-03-12 09:54:22 - [MESSAGE][PASSED] - Object 'Object Repository/Perolehan/002 Penyedia_RekodBaru/0021 Senarai Semak/Senarai_semak_Pesanan_Tempatan' is checked

2019-03-12 09:54:22 - [TEST_STEP][PASSED] - check(findTestObject("Perolehan/002 Penyedia_RekodBaru/0021 Senarai Semak/Senarai_semak_Perihal_Perolehan")): Object 'Object Repository/Perolehan/002 Penyedia_RekodBaru/0021 Senarai Semak/Senarai_semak_Perihal_Perolehan' is checked

2019-03-12 09:54:22 - [MESSAGE][PASSED] - Object 'Object Repository/Perolehan/002 Penyedia_RekodBaru/0021 Senarai Semak/Senarai_semak_Perihal_Perolehan' is checked

2019-03-12 09:54:22 - [TEST_STEP][PASSED] - click(findTestObject("Perolehan/002 Penyedia_RekodBaru/0021 Senarai Semak/button_simpan_senarai_semak")): Object: 'Object Repository/Perolehan/002 Penyedia_RekodBaru/0021 Senarai Semak/button_simpan_senarai_semak' is clicked on

2019-03-12 09:54:22 - [MESSAGE][PASSED] - Object: 'Object Repository/Perolehan/002 Penyedia_RekodBaru/0021 Senarai Semak/button_simpan_senarai_semak' is clicked on

2019-03-12 09:54:22 - [TEST_STEP][PASSED] - waitForElementClickable(findTestObject("Perolehan/002 Penyedia_RekodBaru/0021 Senarai Semak/button_OK_Senarai_Semak_berjaya_disimpan"), 60): Object 'Object Repository/Perolehan/002 Penyedia_RekodBaru/0021 Senarai Semak/button_OK_Senarai_Semak_berjaya_disimpan' is clickable

2019-03-12 09:54:30 - [MESSAGE][PASSED] - Object 'Object Repository/Perolehan/002 Penyedia_RekodBaru/0021 Senarai Semak/button_OK_Senarai_Semak_berjaya_disimpan' is clickable

2019-03-12 09:54:30 - [TEST_STEP][PASSED] - click(findTestObject("Perolehan/002 Penyedia_RekodBaru/0021 Senarai Semak/button_OK_Senarai_Semak_berjaya_disimpan")): Object: 'Object Repository/Perolehan/002 Penyedia_RekodBaru/0021 Senarai Semak/button_OK_Senarai_Semak_berjaya_disimpan' is clicked on

2019-03-12 09:54:30 - [MESSAGE][PASSED] - Object: 'Object Repository/Perolehan/002 Penyedia_RekodBaru/0021 Senarai Semak/button_OK_Senarai_Semak_berjaya_disimpan' is clicked on

2019-03-12 09:54:30 - [TEST_STEP][PASSED] - click(findTestObject("Perolehan/002 Penyedia_RekodBaru/0021 Senarai Semak/Senarai_semak_close_X")): Object: 'Object Repository/Perolehan/002 Penyedia_RekodBaru/0021 Senarai Semak/Senarai_semak_close_X' is clicked on

2019-03-12 09:54:31 - [MESSAGE][PASSED] - Object: 'Object Repository/Perolehan/002 Penyedia_RekodBaru/0021 Senarai Semak/Senarai_semak_close_X' is clicked on

2019-03-12 09:54:31 - [TEST_STEP][PASSED] - click(findTestObject("Perolehan/002 Penyedia_RekodBaru/button_Simpan_Rekod")): Object: 'Object Repository/Perolehan/002 Penyedia_RekodBaru/button_Simpan_Rekod' is clicked on

2019-03-12 09:54:31 - [MESSAGE][PASSED] - Object: 'Object Repository/Perolehan/002 Penyedia_RekodBaru/button_Simpan_Rekod' is clicked on

2019-03-12 09:54:31 - [TEST_STEP][PASSED] - delay(3): Delayed 3 second(s)

2019-03-12 09:54:34 - [MESSAGE][PASSED] - Delayed 3 second(s)

2019-03-12 09:54:34 - [TEST_STEP][PASSED] - waitForElementClickable(findTestObject("Perolehan/002 Penyedia_RekodBaru/button_OK_Rekod_Berjaya_disimpan"), 60): Object 'Object Repository/Perolehan/002 Penyedia_RekodBaru/button_OK_Rekod_Berjaya_disimpan' is clickable

2019-03-12 09:54:36 - [MESSAGE][PASSED] - Object 'Object Repository/Perolehan/002 Penyedia_RekodBaru/button_OK_Rekod_Berjaya_disimpan' is clickable

2019-03-12 09:54:36 - [TEST_STEP][PASSED] - click(findTestObject("Perolehan/002 Penyedia_RekodBaru/button_OK_Rekod_Berjaya_disimpan")): Object: 'Object Repository/Perolehan/002 Penyedia_RekodBaru/button_OK_Rekod_Berjaya_disimpan' is clicked on

2019-03-12 09:54:36 - [MESSAGE][PASSED] - Object: 'Object Repository/Perolehan/002 Penyedia_RekodBaru/button_OK_Rekod_Berjaya_disimpan' is clicked on]]></system-out>
         <system-err><![CDATA[]]></system-err>
      </testcase>
      <testcase name="Test Cases/Perolehan/002 Rekod Baru oleh Penyedia/003 Sah Simpan" classname="Test Cases/Perolehan/002 Rekod Baru oleh Penyedia/003 Sah Simpan" status="PASSED">
         <system-out><![CDATA[2019-03-12 09:54:36 - [TEST_CASE][PASSED] - Test Cases/Perolehan/002 Rekod Baru oleh Penyedia/003 Sah Simpan: Test Cases/Perolehan/002 Rekod Baru oleh Penyedia/003 Sah Simpan

2019-03-12 09:54:36 - [TEST_STEP][PASSED] - delay(5): Delayed 5 second(s)

2019-03-12 09:54:41 - [MESSAGE][PASSED] - Delayed 5 second(s)

2019-03-12 09:54:41 - [TEST_STEP][PASSED] - Total = getText(findTestObject("Perolehan/002 Penyedia_RekodBaru/0022 Sah_Simpan/TotalAmaunPT")): Text of object 'Object Repository/Perolehan/002 Penyedia_RekodBaru/0022 Sah_Simpan/TotalAmaunPT' is: '5.31'

2019-03-12 09:54:41 - [MESSAGE][PASSED] - Text of object 'Object Repository/Perolehan/002 Penyedia_RekodBaru/0022 Sah_Simpan/TotalAmaunPT' is: '5.31'

2019-03-12 09:54:41 - [TEST_STEP][PASSED] - println(Total): null

2019-03-12 09:54:41 - [TEST_STEP][PASSED] - TotalAmaunPT = Total: null

2019-03-12 09:54:41 - [TEST_STEP][PASSED] - delay(3): Delayed 3 second(s)

2019-03-12 09:54:44 - [MESSAGE][PASSED] - Delayed 3 second(s)

2019-03-12 09:54:44 - [TEST_STEP][PASSED] - click(findTestObject("Perolehan/002 Penyedia_RekodBaru/0022 Sah_Simpan/button_Sah Simpan")): Object: 'Object Repository/Perolehan/002 Penyedia_RekodBaru/0022 Sah_Simpan/button_Sah Simpan' is clicked on

2019-03-12 09:54:44 - [MESSAGE][PASSED] - Object: 'Object Repository/Perolehan/002 Penyedia_RekodBaru/0022 Sah_Simpan/button_Sah Simpan' is clicked on

2019-03-12 09:54:44 - [TEST_STEP][PASSED] - click(findTestObject("Perolehan/002 Penyedia_RekodBaru/0022 Sah_Simpan/button_Ya_Sah_Simpan")): Object: 'Object Repository/Perolehan/002 Penyedia_RekodBaru/0022 Sah_Simpan/button_Ya_Sah_Simpan' is clicked on

2019-03-12 09:54:45 - [MESSAGE][PASSED] - Object: 'Object Repository/Perolehan/002 Penyedia_RekodBaru/0022 Sah_Simpan/button_Ya_Sah_Simpan' is clicked on

2019-03-12 09:54:45 - [TEST_STEP][PASSED] - delay(3): Delayed 3 second(s)

2019-03-12 09:54:48 - [MESSAGE][PASSED] - Delayed 3 second(s)

2019-03-12 09:54:48 - [TEST_STEP][PASSED] - waitForElementClickable(findTestObject("Perolehan/002 Penyedia_RekodBaru/0022 Sah_Simpan/button_OK_Sah_Simpan"), 60): Object 'Object Repository/Perolehan/002 Penyedia_RekodBaru/0022 Sah_Simpan/button_OK_Sah_Simpan' is clickable

2019-03-12 09:54:48 - [MESSAGE][PASSED] - Object 'Object Repository/Perolehan/002 Penyedia_RekodBaru/0022 Sah_Simpan/button_OK_Sah_Simpan' is clickable

2019-03-12 09:54:48 - [TEST_STEP][PASSED] - takeScreenshot(): Taking screenshot successfully

2019-03-12 09:54:48 - [MESSAGE][PASSED] - Taking screenshot successfully
[[ATTACHMENT|C:\\Users\\Consultant_MSPHitect\\Katalon Studio\\TrainingonKatalon\\Reports\\Perolehan\\02 Pesanan Tempatan Cara Bayaran CEK Dengan Pemfaktoran\\20190312_094949\\1552355688357.png]]

2019-03-12 09:54:48 - [TEST_STEP][PASSED] - PTRekodberjayaID = getText(findTestObject("Perolehan/002 Penyedia_RekodBaru/0022 Sah_Simpan/RekodBerjayadiSahSimpan")): Text of object 'Object Repository/Perolehan/002 Penyedia_RekodBaru/0022 Sah_Simpan/RekodBerjayadiSahSimpan' is: 'Rekod Telah Berjaya Di Sah Simpan. [ NO REKOD :19DAPT030100189 ]
Ok'

2019-03-12 09:54:48 - [MESSAGE][PASSED] - Text of object 'Object Repository/Perolehan/002 Penyedia_RekodBaru/0022 Sah_Simpan/RekodBerjayadiSahSimpan' is: 'Rekod Telah Berjaya Di Sah Simpan. [ NO REKOD :19DAPT030100189 ]
Ok'

2019-03-12 09:54:48 - [TEST_STEP][PASSED] - println(PTRekodberjayaID): null

2019-03-12 09:54:48 - [TEST_STEP][PASSED] - PTRekodID = PTRekodberjayaID[(47..61)]: null

2019-03-12 09:54:48 - [TEST_STEP][PASSED] - println(PTRekodID): null

2019-03-12 09:54:48 - [TEST_STEP][PASSED] - PesananTempatanRekodID = PTRekodID: null

2019-03-12 09:54:48 - [TEST_STEP][PASSED] - delay(3): Delayed 3 second(s)

2019-03-12 09:54:51 - [MESSAGE][PASSED] - Delayed 3 second(s)

2019-03-12 09:54:51 - [TEST_STEP][PASSED] - click(findTestObject("Perolehan/002 Penyedia_RekodBaru/0022 Sah_Simpan/button_OK_Sah_Simpan")): Object: 'Object Repository/Perolehan/002 Penyedia_RekodBaru/0022 Sah_Simpan/button_OK_Sah_Simpan' is clicked on

2019-03-12 09:54:51 - [MESSAGE][PASSED] - Object: 'Object Repository/Perolehan/002 Penyedia_RekodBaru/0022 Sah_Simpan/button_OK_Sah_Simpan' is clicked on

2019-03-12 09:54:51 - [TEST_STEP][PASSED] - closeBrowser(): Browser is closed

2019-03-12 09:54:52 - [MESSAGE][PASSED] - Browser is closed]]></system-out>
         <system-err><![CDATA[]]></system-err>
      </testcase>
      <testcase name="Test Cases/Perolehan/003 Pengesahan Pesanan Tempatan/Pengesahan" classname="Test Cases/Perolehan/003 Pengesahan Pesanan Tempatan/Pengesahan" status="PASSED">
         <system-out><![CDATA[2019-03-12 09:54:52 - [TEST_CASE][PASSED] - Test Cases/Perolehan/003 Pengesahan Pesanan Tempatan/Pengesahan: Test Cases/Perolehan/003 Pengesahan Pesanan Tempatan/Pengesahan

2019-03-12 09:54:52 - [TEST_STEP][PASSED] - reusablefunctions.reusablefunctions.openbrowser(): reusablefunctions.reusablefunctions.openbrowser is PASSED

2019-03-12 09:54:52 - [MESSAGE][INFO] - Starting 'Chrome' driver

2019-03-12 09:54:55 - [MESSAGE][PASSED] - Browser is opened with url: 'https://175.143.52.101:7011/1SPEKSv2/'

2019-03-12 09:54:55 - [MESSAGE][PASSED] - reusablefunctions.reusablefunctions.openbrowser is PASSED

2019-03-12 09:54:55 - [TEST_STEP][PASSED] - reusablefunctions.reusablefunctions.Login(findTestData("ispekstestdata").getValue(1, 2), findTestData("ispekstestdata").getValue(2, 2)): reusablefunctions.reusablefunctions.Login is PASSED

2019-03-12 09:54:55 - [MESSAGE][PASSED] - Text '601101955194' is set on object 'Object Repository/Login/input_NoKadPengenalan'

2019-03-12 09:54:55 - [MESSAGE][PASSED] - Text ****** has been set on object 'Object Repository/Login/input_Password'

2019-03-12 09:54:58 - [MESSAGE][PASSED] - Object: 'Object Repository/Login/input_ButtonLogMasuk' is clicked on

2019-03-12 09:55:08 - [MESSAGE][PASSED] - Delayed 10 second(s)

2019-03-12 09:55:08 - [MESSAGE][PASSED] - reusablefunctions.reusablefunctions.Login is PASSED

2019-03-12 09:55:08 - [TEST_STEP][PASSED] - reusablefunctions.reusablefunctions.PerananPengesahBN(): reusablefunctions.reusablefunctions.PerananPengesahBN is PASSED

2019-03-12 09:55:08 - [MESSAGE][PASSED] - Object: 'Object Repository/Perolehan/TukarPeranan/IconTukarPeranan' is clicked on

2019-03-12 09:55:08 - [MESSAGE][PASSED] - Object: 'Object Repository/Perolehan/TukarPeranan/input_TukarPengesahBN' is clicked on

2019-03-12 09:55:08 - [MESSAGE][PASSED] - Object: 'Object Repository/Perolehan/TukarPeranan/button_Ya' is clicked on

2019-03-12 09:55:28 - [MESSAGE][PASSED] - Delayed 20 second(s)

2019-03-12 09:55:31 - [MESSAGE][PASSED] - Text 'Peranan : [Pengesah] Peringkat : [BN]' is present on page 

2019-03-12 09:55:31 - [MESSAGE][PASSED] - reusablefunctions.reusablefunctions.PerananPengesahBN is PASSED

2019-03-12 09:55:31 - [TEST_STEP][PASSED] - doubleClick(findTestObject("Perolehan/003 Pengesah/Dashboard_To_Sah")): Object: 'Object Repository/Perolehan/003 Pengesah/Dashboard_To_Sah' is double clicked on

2019-03-12 09:55:31 - [MESSAGE][PASSED] - Object: 'Object Repository/Perolehan/003 Pengesah/Dashboard_To_Sah' is double clicked on

2019-03-12 09:55:31 - [TEST_STEP][PASSED] - delay(3): Delayed 3 second(s)

2019-03-12 09:55:34 - [MESSAGE][PASSED] - Delayed 3 second(s)

2019-03-12 09:55:34 - [TEST_STEP][PASSED] - setText(findTestObject("Perolehan/003 Pengesah/input_No_Rekod"), PesananTempatanRekodID): Text '19DAPT030100189' is set on object 'Object Repository/Perolehan/003 Pengesah/input_No_Rekod'

2019-03-12 09:55:34 - [MESSAGE][PASSED] - Text '19DAPT030100189' is set on object 'Object Repository/Perolehan/003 Pengesah/input_No_Rekod'

2019-03-12 09:55:34 - [TEST_STEP][PASSED] - doubleClick(findTestObject("Perolehan/003 Pengesah/Senarai_Tugas_Item_No_1", ["text":PesananTempatanRekodID])): Object: 'Object Repository/Perolehan/003 Pengesah/Senarai_Tugas_Item_No_1' is double clicked on

2019-03-12 09:55:34 - [MESSAGE][PASSED] - Object: 'Object Repository/Perolehan/003 Pengesah/Senarai_Tugas_Item_No_1' is double clicked on

2019-03-12 09:55:34 - [TEST_STEP][PASSED] - delay(3): Delayed 3 second(s)

2019-03-12 09:55:37 - [MESSAGE][PASSED] - Delayed 3 second(s)

2019-03-12 09:55:37 - [TEST_STEP][PASSED] - mydate = new java.util.Date(): null

2019-03-12 09:55:37 - [TEST_STEP][PASSED] - formattedDate = mydate.format("dd/MM/yyyy"): null

2019-03-12 09:55:37 - [TEST_STEP][PASSED] - formattedYear = mydate.format("yyyy"): null

2019-03-12 09:55:37 - [TEST_STEP][PASSED] - println(formattedDate): null

2019-03-12 09:55:37 - [TEST_STEP][PASSED] - println(formattedYear): null

2019-03-12 09:55:37 - [TEST_STEP][PASSED] - TahunKewangan = getText(findTestObject("Perolehan/003 Pengesah/Label_tahun_kewangan")): Text of object 'Object Repository/Perolehan/003 Pengesah/Label_tahun_kewangan' is: '2019'

2019-03-12 09:55:38 - [MESSAGE][PASSED] - Text of object 'Object Repository/Perolehan/003 Pengesah/Label_tahun_kewangan' is: '2019'

2019-03-12 09:55:38 - [TEST_STEP][PASSED] - verifyMatch(TahunKewangan, formattedYear, false): Actual text '2019' and expected text '2019' are matched 

2019-03-12 09:55:38 - [MESSAGE][PASSED] - Actual text '2019' and expected text '2019' are matched 

2019-03-12 09:55:38 - [TEST_STEP][PASSED] - TarikhSemasa = getText(findTestObject("Perolehan/003 Pengesah/Label_Tarikh_semasa")): Text of object 'Object Repository/Perolehan/003 Pengesah/Label_Tarikh_semasa' is: '12/03/2019'

2019-03-12 09:55:38 - [MESSAGE][PASSED] - Text of object 'Object Repository/Perolehan/003 Pengesah/Label_Tarikh_semasa' is: '12/03/2019'

2019-03-12 09:55:38 - [TEST_STEP][PASSED] - verifyMatch(TarikhSemasa, formattedDate, false): Actual text '12/03/2019' and expected text '12/03/2019' are matched 

2019-03-12 09:55:38 - [MESSAGE][PASSED] - Actual text '12/03/2019' and expected text '12/03/2019' are matched 

2019-03-12 09:55:38 - [TEST_STEP][PASSED] - delay(3): Delayed 3 second(s)

2019-03-12 09:55:41 - [MESSAGE][PASSED] - Delayed 3 second(s)

2019-03-12 09:55:41 - [TEST_STEP][PASSED] - jumlah = getText(findTestObject("Perolehan/003 Pengesah/label_Jumlah_pesanan_tempatan")): Text of object 'Object Repository/Perolehan/003 Pengesah/label_Jumlah_pesanan_tempatan' is: '5.31'

2019-03-12 09:55:41 - [MESSAGE][PASSED] - Text of object 'Object Repository/Perolehan/003 Pengesah/label_Jumlah_pesanan_tempatan' is: '5.31'

2019-03-12 09:55:41 - [TEST_STEP][PASSED] - println(jumlah): null

2019-03-12 09:55:41 - [TEST_STEP][PASSED] - verifyMatch(jumlah, TotalAmaunPT, false): Actual text '5.31' and expected text '5.31' are matched 

2019-03-12 09:55:41 - [MESSAGE][PASSED] - Actual text '5.31' and expected text '5.31' are matched 

2019-03-12 09:55:41 - [TEST_STEP][PASSED] - click(findTestObject("Perolehan/003 Pengesah/button_sah")): Object: 'Object Repository/Perolehan/003 Pengesah/button_sah' is clicked on

2019-03-12 09:55:41 - [MESSAGE][PASSED] - Object: 'Object Repository/Perolehan/003 Pengesah/button_sah' is clicked on

2019-03-12 09:55:41 - [TEST_STEP][PASSED] - delay(3): Delayed 3 second(s)

2019-03-12 09:55:44 - [MESSAGE][PASSED] - Delayed 3 second(s)

2019-03-12 09:55:44 - [TEST_STEP][PASSED] - click(findTestObject("Perolehan/003 Pengesah/Button_ya_sahkan")): Object: 'Object Repository/Perolehan/003 Pengesah/Button_ya_sahkan' is clicked on

2019-03-12 09:55:44 - [MESSAGE][PASSED] - Object: 'Object Repository/Perolehan/003 Pengesah/Button_ya_sahkan' is clicked on

2019-03-12 09:55:44 - [TEST_STEP][PASSED] - delay(5): Delayed 5 second(s)

2019-03-12 09:55:49 - [MESSAGE][PASSED] - Delayed 5 second(s)

2019-03-12 09:55:49 - [TEST_STEP][PASSED] - waitForElementClickable(findTestObject("Perolehan/003 Pengesah/button_OK_berjaya_disah"), 60): Object 'Object Repository/Perolehan/003 Pengesah/button_OK_berjaya_disah' is clickable

2019-03-12 09:55:51 - [MESSAGE][PASSED] - Object 'Object Repository/Perolehan/003 Pengesah/button_OK_berjaya_disah' is clickable

2019-03-12 09:55:51 - [TEST_STEP][PASSED] - delay(3): Delayed 3 second(s)

2019-03-12 09:55:54 - [MESSAGE][PASSED] - Delayed 3 second(s)

2019-03-12 09:55:54 - [TEST_STEP][PASSED] - click(findTestObject("Perolehan/003 Pengesah/button_OK_berjaya_disah")): Object: 'Object Repository/Perolehan/003 Pengesah/button_OK_berjaya_disah' is clicked on

2019-03-12 09:55:54 - [MESSAGE][PASSED] - Object: 'Object Repository/Perolehan/003 Pengesah/button_OK_berjaya_disah' is clicked on

2019-03-12 09:55:54 - [TEST_STEP][PASSED] - closeBrowser(): Browser is closed

2019-03-12 09:55:55 - [MESSAGE][PASSED] - Browser is closed]]></system-out>
         <system-err><![CDATA[]]></system-err>
      </testcase>
      <testcase name="Test Cases/Perolehan/004 Pelulus Pesanan Tempatan/Pelulus" classname="Test Cases/Perolehan/004 Pelulus Pesanan Tempatan/Pelulus" status="PASSED">
         <system-out><![CDATA[2019-03-12 09:55:55 - [TEST_CASE][PASSED] - Test Cases/Perolehan/004 Pelulus Pesanan Tempatan/Pelulus: Test Cases/Perolehan/004 Pelulus Pesanan Tempatan/Pelulus

2019-03-12 09:55:55 - [TEST_STEP][PASSED] - reusablefunctions.reusablefunctions.openbrowser(): reusablefunctions.reusablefunctions.openbrowser is PASSED

2019-03-12 09:55:55 - [MESSAGE][INFO] - Starting 'Chrome' driver

2019-03-12 09:55:58 - [MESSAGE][PASSED] - Browser is opened with url: 'https://175.143.52.101:7011/1SPEKSv2/'

2019-03-12 09:55:58 - [MESSAGE][PASSED] - reusablefunctions.reusablefunctions.openbrowser is PASSED

2019-03-12 09:55:58 - [TEST_STEP][PASSED] - reusablefunctions.reusablefunctions.Login(findTestData("ispekstestdata").getValue(1, 2), findTestData("ispekstestdata").getValue(2, 2)): reusablefunctions.reusablefunctions.Login is PASSED

2019-03-12 09:55:58 - [MESSAGE][PASSED] - Text '601101955194' is set on object 'Object Repository/Login/input_NoKadPengenalan'

2019-03-12 09:55:58 - [MESSAGE][PASSED] - Text ****** has been set on object 'Object Repository/Login/input_Password'

2019-03-12 09:56:04 - [MESSAGE][PASSED] - Object: 'Object Repository/Login/input_ButtonLogMasuk' is clicked on

2019-03-12 09:56:14 - [MESSAGE][PASSED] - Delayed 10 second(s)

2019-03-12 09:56:14 - [MESSAGE][PASSED] - reusablefunctions.reusablefunctions.Login is PASSED

2019-03-12 09:56:14 - [TEST_STEP][PASSED] - reusablefunctions.reusablefunctions.PerananPelulusPTJ(): reusablefunctions.reusablefunctions.PerananPelulusPTJ is PASSED

2019-03-12 09:56:14 - [MESSAGE][PASSED] - Object: 'Object Repository/Perolehan/TukarPeranan/IconTukarPeranan' is clicked on

2019-03-12 09:56:14 - [MESSAGE][PASSED] - Object: 'Object Repository/Perolehan/TukarPeranan/input_TukarPelulusPTJ' is clicked on

2019-03-12 09:56:14 - [MESSAGE][PASSED] - Object: 'Object Repository/Perolehan/TukarPeranan/button_Ya' is clicked on

2019-03-12 09:56:34 - [MESSAGE][PASSED] - Delayed 20 second(s)

2019-03-12 09:56:36 - [MESSAGE][PASSED] - Text 'Peranan : [Pelulus] Peringkat : [PTJ]' is present on page 

2019-03-12 09:56:36 - [MESSAGE][PASSED] - reusablefunctions.reusablefunctions.PerananPelulusPTJ is PASSED

2019-03-12 09:56:36 - [TEST_STEP][PASSED] - doubleClick(findTestObject("Perolehan/004 Pelulus/Dashboard_To_Lulus")): Object: 'Object Repository/Perolehan/004 Pelulus/Dashboard_To_Lulus' is double clicked on

2019-03-12 09:56:37 - [MESSAGE][PASSED] - Object: 'Object Repository/Perolehan/004 Pelulus/Dashboard_To_Lulus' is double clicked on

2019-03-12 09:56:37 - [TEST_STEP][PASSED] - delay(3): Delayed 3 second(s)

2019-03-12 09:56:40 - [MESSAGE][PASSED] - Delayed 3 second(s)

2019-03-12 09:56:40 - [TEST_STEP][PASSED] - setText(findTestObject("Perolehan/004 Pelulus/input_No_Rekod"), PesananTempatanRekodID): Text '19DAPT030100189' is set on object 'Object Repository/Perolehan/004 Pelulus/input_No_Rekod'

2019-03-12 09:56:40 - [MESSAGE][PASSED] - Text '19DAPT030100189' is set on object 'Object Repository/Perolehan/004 Pelulus/input_No_Rekod'

2019-03-12 09:56:40 - [TEST_STEP][PASSED] - doubleClick(findTestObject("Perolehan/004 Pelulus/Senarai_Tugas_Item_No_1", ["text":PesananTempatanRekodID])): Object: 'Object Repository/Perolehan/004 Pelulus/Senarai_Tugas_Item_No_1' is double clicked on

2019-03-12 09:56:40 - [MESSAGE][PASSED] - Object: 'Object Repository/Perolehan/004 Pelulus/Senarai_Tugas_Item_No_1' is double clicked on

2019-03-12 09:56:40 - [TEST_STEP][PASSED] - delay(3): Delayed 3 second(s)

2019-03-12 09:56:43 - [MESSAGE][PASSED] - Delayed 3 second(s)

2019-03-12 09:56:43 - [TEST_STEP][PASSED] - mydate = new java.util.Date(): null

2019-03-12 09:56:43 - [TEST_STEP][PASSED] - formattedDate = mydate.format("dd/MM/yyyy"): null

2019-03-12 09:56:43 - [TEST_STEP][PASSED] - formattedYear = mydate.format("yyyy"): null

2019-03-12 09:56:43 - [TEST_STEP][PASSED] - println(formattedDate): null

2019-03-12 09:56:43 - [TEST_STEP][PASSED] - println(formattedYear): null

2019-03-12 09:56:43 - [TEST_STEP][PASSED] - TahunKewangan = getText(findTestObject("Perolehan/003 Pengesah/Label_tahun_kewangan")): Text of object 'Object Repository/Perolehan/003 Pengesah/Label_tahun_kewangan' is: '2019'

2019-03-12 09:56:43 - [MESSAGE][PASSED] - Text of object 'Object Repository/Perolehan/003 Pengesah/Label_tahun_kewangan' is: '2019'

2019-03-12 09:56:43 - [TEST_STEP][PASSED] - verifyMatch(TahunKewangan, formattedYear, false): Actual text '2019' and expected text '2019' are matched 

2019-03-12 09:56:43 - [MESSAGE][PASSED] - Actual text '2019' and expected text '2019' are matched 

2019-03-12 09:56:43 - [TEST_STEP][PASSED] - TarikhSemasa = getText(findTestObject("Perolehan/003 Pengesah/Label_Tarikh_semasa")): Text of object 'Object Repository/Perolehan/003 Pengesah/Label_Tarikh_semasa' is: '12/03/2019'

2019-03-12 09:56:43 - [MESSAGE][PASSED] - Text of object 'Object Repository/Perolehan/003 Pengesah/Label_Tarikh_semasa' is: '12/03/2019'

2019-03-12 09:56:43 - [TEST_STEP][PASSED] - verifyMatch(TarikhSemasa, formattedDate, false): Actual text '12/03/2019' and expected text '12/03/2019' are matched 

2019-03-12 09:56:43 - [MESSAGE][PASSED] - Actual text '12/03/2019' and expected text '12/03/2019' are matched 

2019-03-12 09:56:43 - [TEST_STEP][PASSED] - delay(20): Delayed 20 second(s)

2019-03-12 09:57:03 - [MESSAGE][PASSED] - Delayed 20 second(s)

2019-03-12 09:57:03 - [TEST_STEP][PASSED] - jumlah = getText(findTestObject("Perolehan/003 Pengesah/label_Jumlah_pesanan_tempatan")): Text of object 'Object Repository/Perolehan/003 Pengesah/label_Jumlah_pesanan_tempatan' is: '5.31'

2019-03-12 09:57:03 - [MESSAGE][PASSED] - Text of object 'Object Repository/Perolehan/003 Pengesah/label_Jumlah_pesanan_tempatan' is: '5.31'

2019-03-12 09:57:03 - [TEST_STEP][PASSED] - delay(3): Delayed 3 second(s)

2019-03-12 09:57:06 - [MESSAGE][PASSED] - Delayed 3 second(s)

2019-03-12 09:57:06 - [TEST_STEP][PASSED] - println(jumlah): null

2019-03-12 09:57:06 - [TEST_STEP][PASSED] - verifyMatch(jumlah, TotalAmaunPT, false): Actual text '5.31' and expected text '5.31' are matched 

2019-03-12 09:57:06 - [MESSAGE][PASSED] - Actual text '5.31' and expected text '5.31' are matched 

2019-03-12 09:57:06 - [TEST_STEP][PASSED] - click(findTestObject("Perolehan/004 Pelulus/button_Lulus")): Object: 'Object Repository/Perolehan/004 Pelulus/button_Lulus' is clicked on

2019-03-12 09:57:06 - [MESSAGE][PASSED] - Object: 'Object Repository/Perolehan/004 Pelulus/button_Lulus' is clicked on

2019-03-12 09:57:06 - [TEST_STEP][PASSED] - click(findTestObject("Perolehan/004 Pelulus/button_ya_luluskan")): Object: 'Object Repository/Perolehan/004 Pelulus/button_ya_luluskan' is clicked on

2019-03-12 09:57:07 - [MESSAGE][PASSED] - Object: 'Object Repository/Perolehan/004 Pelulus/button_ya_luluskan' is clicked on

2019-03-12 09:57:07 - [TEST_STEP][PASSED] - delay(8): Delayed 8 second(s)

2019-03-12 09:57:15 - [MESSAGE][PASSED] - Delayed 8 second(s)

2019-03-12 09:57:15 - [TEST_STEP][PASSED] - waitForElementClickable(findTestObject("Perolehan/004 Pelulus/button_OK_Berjaya_lulus"), 180): Object 'Object Repository/Perolehan/004 Pelulus/button_OK_Berjaya_lulus' is clickable

2019-03-12 09:57:15 - [MESSAGE][PASSED] - Object 'Object Repository/Perolehan/004 Pelulus/button_OK_Berjaya_lulus' is clickable

2019-03-12 09:57:15 - [TEST_STEP][PASSED] - RekodBerjayaLulus = getText(findTestObject("Perolehan/004 Pelulus/RekodBerjayaLulus")): Text of object 'Object Repository/Perolehan/004 Pelulus/RekodBerjayaLulus' is: 'Rekod Telah Berjaya Diluluskan. [ NO DOKUMEN :19DAPT0300137 ]
Ok'

2019-03-12 09:57:15 - [MESSAGE][PASSED] - Text of object 'Object Repository/Perolehan/004 Pelulus/RekodBerjayaLulus' is: 'Rekod Telah Berjaya Diluluskan. [ NO DOKUMEN :19DAPT0300137 ]
Ok'

2019-03-12 09:57:15 - [TEST_STEP][PASSED] - println(RekodBerjayaLulus): null

2019-03-12 09:57:15 - [TEST_STEP][PASSED] - PTDokumenID = RekodBerjayaLulus[(46..58)]: null

2019-03-12 09:57:15 - [TEST_STEP][PASSED] - println(PTDokumenID): null

2019-03-12 09:57:15 - [TEST_STEP][PASSED] - PesananTempatanDokumenID = PTDokumenID: null

2019-03-12 09:57:15 - [TEST_STEP][PASSED] - delay(3): Delayed 3 second(s)

2019-03-12 09:57:18 - [MESSAGE][PASSED] - Delayed 3 second(s)

2019-03-12 09:57:18 - [TEST_STEP][PASSED] - click(findTestObject("Perolehan/004 Pelulus/button_OK_Berjaya_lulus")): Object: 'Object Repository/Perolehan/004 Pelulus/button_OK_Berjaya_lulus' is clicked on

2019-03-12 09:57:18 - [MESSAGE][PASSED] - Object: 'Object Repository/Perolehan/004 Pelulus/button_OK_Berjaya_lulus' is clicked on

2019-03-12 09:57:18 - [TEST_STEP][PASSED] - closeBrowser(): Browser is closed

2019-03-12 09:57:19 - [MESSAGE][PASSED] - Browser is closed]]></system-out>
         <system-err><![CDATA[]]></system-err>
      </testcase>
      <testcase name="Test Cases/Perolehan/005 Terimaan Barang Perkhidmatan/002 Proses Kemasukan Terimaan Barang - CEK" classname="Test Cases/Perolehan/005 Terimaan Barang Perkhidmatan/002 Proses Kemasukan Terimaan Barang - CEK" status="FAILED">
         <failure type="FAILED" message="Test Cases/Perolehan/005 Terimaan Barang Perkhidmatan/002 Proses Kemasukan Terimaan Barang - CEK FAILED.
Reason:
com.kms.katalon.core.exception.StepFailedException: Unable to click on object 'Object Repository/Perolehan/005 Kemasukan Terimaan/button_OK_Rekod_disimpan'
	at com.kms.katalon.core.keyword.internal.KeywordMain.stepFailed(KeywordMain.groovy:48)
	at com.kms.katalon.core.webui.keyword.internal.WebUIKeywordMain.stepFailed(WebUIKeywordMain.groovy:65)
	at com.kms.katalon.core.webui.keyword.internal.WebUIKeywordMain.runKeyword(WebUIKeywordMain.groovy:27)
	at com.kms.katalon.core.webui.keyword.builtin.ClickKeyword.click(ClickKeyword.groovy:86)
	at com.kms.katalon.core.webui.keyword.builtin.ClickKeyword.execute(ClickKeyword.groovy:67)
	at com.kms.katalon.core.keyword.internal.KeywordExecutor.executeKeywordForPlatform(KeywordExecutor.groovy:56)
	at com.kms.katalon.core.webui.keyword.WebUiBuiltInKeywords.click(WebUiBuiltInKeywords.groovy:616)
	at com.kms.katalon.core.webui.keyword.WebUiBuiltInKeywords$click$2.call(Unknown Source)
	at 002 Proses Kemasukan Terimaan Barang - CEK.run(002 Proses Kemasukan Terimaan Barang - CEK:137)
	at com.kms.katalon.core.main.ScriptEngine.run(ScriptEngine.java:194)
	at com.kms.katalon.core.main.ScriptEngine.runScriptAsRawText(ScriptEngine.java:119)
	at com.kms.katalon.core.main.TestCaseExecutor.runScript(TestCaseExecutor.java:331)
	at com.kms.katalon.core.main.TestCaseExecutor.doExecute(TestCaseExecutor.java:322)
	at com.kms.katalon.core.main.TestCaseExecutor.processExecutionPhase(TestCaseExecutor.java:301)
	at com.kms.katalon.core.main.TestCaseExecutor.accessMainPhase(TestCaseExecutor.java:293)
	at com.kms.katalon.core.main.TestCaseExecutor.execute(TestCaseExecutor.java:227)
	at com.kms.katalon.core.main.TestSuiteExecutor.accessTestCaseMainPhase(TestSuiteExecutor.java:129)
	at com.kms.katalon.core.main.TestSuiteExecutor.accessTestSuiteMainPhase(TestSuiteExecutor.java:112)
	at com.kms.katalon.core.main.TestSuiteExecutor.execute(TestSuiteExecutor.java:81)
	at com.kms.katalon.core.main.TestCaseMain.startTestSuite(TestCaseMain.java:157)
	at com.kms.katalon.core.main.TestCaseMain$startTestSuite$0.call(Unknown Source)
	at TempTestSuite1552355389149.run(TempTestSuite1552355389149.groovy:35)
"/>
         <system-out><![CDATA[2019-03-12 09:57:19 - [TEST_CASE][FAILED] - Test Cases/Perolehan/005 Terimaan Barang Perkhidmatan/002 Proses Kemasukan Terimaan Barang - CEK: Test Cases/Perolehan/005 Terimaan Barang Perkhidmatan/002 Proses Kemasukan Terimaan Barang - CEK FAILED.
Reason:
com.kms.katalon.core.exception.StepFailedException: Unable to click on object 'Object Repository/Perolehan/005 Kemasukan Terimaan/button_OK_Rekod_disimpan'
	at com.kms.katalon.core.keyword.internal.KeywordMain.stepFailed(KeywordMain.groovy:48)
	at com.kms.katalon.core.webui.keyword.internal.WebUIKeywordMain.stepFailed(WebUIKeywordMain.groovy:65)
	at com.kms.katalon.core.webui.keyword.internal.WebUIKeywordMain.runKeyword(WebUIKeywordMain.groovy:27)
	at com.kms.katalon.core.webui.keyword.builtin.ClickKeyword.click(ClickKeyword.groovy:86)
	at com.kms.katalon.core.webui.keyword.builtin.ClickKeyword.execute(ClickKeyword.groovy:67)
	at com.kms.katalon.core.keyword.internal.KeywordExecutor.executeKeywordForPlatform(KeywordExecutor.groovy:56)
	at com.kms.katalon.core.webui.keyword.WebUiBuiltInKeywords.click(WebUiBuiltInKeywords.groovy:616)
	at com.kms.katalon.core.webui.keyword.WebUiBuiltInKeywords$click$2.call(Unknown Source)
	at 002 Proses Kemasukan Terimaan Barang - CEK.run(002 Proses Kemasukan Terimaan Barang - CEK:137)
	at com.kms.katalon.core.main.ScriptEngine.run(ScriptEngine.java:194)
	at com.kms.katalon.core.main.ScriptEngine.runScriptAsRawText(ScriptEngine.java:119)
	at com.kms.katalon.core.main.TestCaseExecutor.runScript(TestCaseExecutor.java:331)
	at com.kms.katalon.core.main.TestCaseExecutor.doExecute(TestCaseExecutor.java:322)
	at com.kms.katalon.core.main.TestCaseExecutor.processExecutionPhase(TestCaseExecutor.java:301)
	at com.kms.katalon.core.main.TestCaseExecutor.accessMainPhase(TestCaseExecutor.java:293)
	at com.kms.katalon.core.main.TestCaseExecutor.execute(TestCaseExecutor.java:227)
	at com.kms.katalon.core.main.TestSuiteExecutor.accessTestCaseMainPhase(TestSuiteExecutor.java:129)
	at com.kms.katalon.core.main.TestSuiteExecutor.accessTestSuiteMainPhase(TestSuiteExecutor.java:112)
	at com.kms.katalon.core.main.TestSuiteExecutor.execute(TestSuiteExecutor.java:81)
	at com.kms.katalon.core.main.TestCaseMain.startTestSuite(TestCaseMain.java:157)
	at com.kms.katalon.core.main.TestCaseMain$startTestSuite$0.call(Unknown Source)
	at TempTestSuite1552355389149.run(TempTestSuite1552355389149.groovy:35)


2019-03-12 09:57:19 - [TEST_STEP][PASSED] - reusablefunctions.reusablefunctions.openbrowser(): reusablefunctions.reusablefunctions.openbrowser is PASSED

2019-03-12 09:57:19 - [MESSAGE][INFO] - Starting 'Chrome' driver

2019-03-12 09:57:22 - [MESSAGE][PASSED] - Browser is opened with url: 'https://175.143.52.101:7011/1SPEKSv2/'

2019-03-12 09:57:22 - [MESSAGE][PASSED] - reusablefunctions.reusablefunctions.openbrowser is PASSED

2019-03-12 09:57:22 - [TEST_STEP][PASSED] - reusablefunctions.reusablefunctions.Login(findTestData("ispekstestdata").getValue(1, 2), findTestData("ispekstestdata").getValue(2, 2)): reusablefunctions.reusablefunctions.Login is PASSED

2019-03-12 09:57:22 - [MESSAGE][PASSED] - Text '601101955194' is set on object 'Object Repository/Login/input_NoKadPengenalan'

2019-03-12 09:57:22 - [MESSAGE][PASSED] - Text ****** has been set on object 'Object Repository/Login/input_Password'

2019-03-12 09:57:23 - [MESSAGE][PASSED] - Object: 'Object Repository/Login/input_ButtonLogMasuk' is clicked on

2019-03-12 09:57:33 - [MESSAGE][PASSED] - Delayed 10 second(s)

2019-03-12 09:57:33 - [MESSAGE][PASSED] - reusablefunctions.reusablefunctions.Login is PASSED

2019-03-12 09:57:33 - [TEST_STEP][PASSED] - reusablefunctions.reusablefunctions.PerananPenyediaPTJ(): reusablefunctions.reusablefunctions.PerananPenyediaPTJ is PASSED

2019-03-12 09:57:34 - [MESSAGE][PASSED] - Object: 'Object Repository/Perolehan/TukarPeranan/IconTukarPeranan' is clicked on

2019-03-12 09:57:34 - [MESSAGE][PASSED] - Object: 'Object Repository/Perolehan/TukarPeranan/input_TukarPenyediaPTJ' is clicked on

2019-03-12 09:57:35 - [MESSAGE][PASSED] - Object: 'Object Repository/Perolehan/TukarPeranan/button_Ya' is clicked on

2019-03-12 09:58:05 - [MESSAGE][PASSED] - Delayed 30 second(s)

2019-03-12 09:58:07 - [MESSAGE][PASSED] - Text 'Peranan : [Penyedia] Peringkat : [PTJ]' is present on page 

2019-03-12 09:58:07 - [MESSAGE][PASSED] - reusablefunctions.reusablefunctions.PerananPenyediaPTJ is PASSED

2019-03-12 09:58:07 - [TEST_STEP][PASSED] - click(findTestObject("Perolehan/001 Left_Menu_Selection/a_ExpandMenuonLeft")): Object: 'Object Repository/Perolehan/001 Left_Menu_Selection/a_ExpandMenuonLeft' is clicked on

2019-03-12 09:58:08 - [MESSAGE][PASSED] - Object: 'Object Repository/Perolehan/001 Left_Menu_Selection/a_ExpandMenuonLeft' is clicked on

2019-03-12 09:58:08 - [TEST_STEP][PASSED] - delay(3, STOP_ON_FAILURE): Delayed 3 second(s)

2019-03-12 09:58:11 - [MESSAGE][PASSED] - Delayed 3 second(s)

2019-03-12 09:58:11 - [TEST_STEP][PASSED] - click(findTestObject("Perolehan/001 Left_Menu_Selection/div_ClickonPerolehan")): Object: 'Object Repository/Perolehan/001 Left_Menu_Selection/div_ClickonPerolehan' is clicked on

2019-03-12 09:58:11 - [MESSAGE][PASSED] - Object: 'Object Repository/Perolehan/001 Left_Menu_Selection/div_ClickonPerolehan' is clicked on

2019-03-12 09:58:11 - [TEST_STEP][PASSED] - delay(3, STOP_ON_FAILURE): Delayed 3 second(s)

2019-03-12 09:58:14 - [MESSAGE][PASSED] - Delayed 3 second(s)

2019-03-12 09:58:14 - [TEST_STEP][PASSED] - click(findTestObject("Perolehan/001 Left_Menu_Selection/div_Kemasukan_Terimaan_Barang")): Object: 'Object Repository/Perolehan/001 Left_Menu_Selection/div_Kemasukan_Terimaan_Barang' is clicked on

2019-03-12 09:58:14 - [MESSAGE][PASSED] - Object: 'Object Repository/Perolehan/001 Left_Menu_Selection/div_Kemasukan_Terimaan_Barang' is clicked on

2019-03-12 09:58:14 - [TEST_STEP][PASSED] - assert true: null

2019-03-12 09:58:14 - [TEST_STEP][PASSED] - delay(3): Delayed 3 second(s)

2019-03-12 09:58:17 - [MESSAGE][PASSED] - Delayed 3 second(s)

2019-03-12 09:58:17 - [TEST_STEP][PASSED] - click(findTestObject("Perolehan/005 Kemasukan Terimaan/button_REKOD BARU")): Object: 'Object Repository/Perolehan/005 Kemasukan Terimaan/button_REKOD BARU' is clicked on

2019-03-12 09:58:17 - [MESSAGE][PASSED] - Object: 'Object Repository/Perolehan/005 Kemasukan Terimaan/button_REKOD BARU' is clicked on

2019-03-12 09:58:17 - [TEST_STEP][PASSED] - delay(3): Delayed 3 second(s)

2019-03-12 09:58:20 - [MESSAGE][PASSED] - Delayed 3 second(s)

2019-03-12 09:58:20 - [TEST_STEP][PASSED] - click(findTestObject("Perolehan/005 Kemasukan Terimaan/Drop_down_No_Dokumen")): Object: 'Object Repository/Perolehan/005 Kemasukan Terimaan/Drop_down_No_Dokumen' is clicked on

2019-03-12 09:58:20 - [MESSAGE][PASSED] - Object: 'Object Repository/Perolehan/005 Kemasukan Terimaan/Drop_down_No_Dokumen' is clicked on

2019-03-12 09:58:20 - [TEST_STEP][PASSED] - delay(3): Delayed 3 second(s)

2019-03-12 09:58:23 - [MESSAGE][PASSED] - Delayed 3 second(s)

2019-03-12 09:58:23 - [TEST_STEP][PASSED] - setText(findTestObject("Perolehan/005 Kemasukan Terimaan/input_No_Dokumen_value"), PesananTempatanDokumenID): Text '19DAPT0300137' is set on object 'Object Repository/Perolehan/005 Kemasukan Terimaan/input_No_Dokumen_value'

2019-03-12 09:58:23 - [MESSAGE][PASSED] - Text '19DAPT0300137' is set on object 'Object Repository/Perolehan/005 Kemasukan Terimaan/input_No_Dokumen_value'

2019-03-12 09:58:23 - [TEST_STEP][PASSED] - delay(5): Delayed 5 second(s)

2019-03-12 09:58:28 - [MESSAGE][PASSED] - Delayed 5 second(s)

2019-03-12 09:58:28 - [TEST_STEP][PASSED] - click(findTestObject("Perolehan/005 Kemasukan Terimaan/select_No_Dokumen")): Object: 'Object Repository/Perolehan/005 Kemasukan Terimaan/select_No_Dokumen' is clicked on

2019-03-12 09:58:28 - [MESSAGE][PASSED] - Object: 'Object Repository/Perolehan/005 Kemasukan Terimaan/select_No_Dokumen' is clicked on

2019-03-12 09:58:28 - [TEST_STEP][PASSED] - delay(3): Delayed 3 second(s)

2019-03-12 09:58:31 - [MESSAGE][PASSED] - Delayed 3 second(s)

2019-03-12 09:58:31 - [TEST_STEP][PASSED] - click(findTestObject("Perolehan/005 Kemasukan Terimaan/button_Cari")): Object: 'Object Repository/Perolehan/005 Kemasukan Terimaan/button_Cari' is clicked on

2019-03-12 09:58:32 - [MESSAGE][PASSED] - Object: 'Object Repository/Perolehan/005 Kemasukan Terimaan/button_Cari' is clicked on

2019-03-12 09:58:32 - [TEST_STEP][PASSED] - delay(3): Delayed 3 second(s)

2019-03-12 09:58:35 - [MESSAGE][PASSED] - Delayed 3 second(s)

2019-03-12 09:58:35 - [TEST_STEP][PASSED] - click(findTestObject("Perolehan/005 Kemasukan Terimaan/OK_Rekod_Wujud")): Object: 'Object Repository/Perolehan/005 Kemasukan Terimaan/OK_Rekod_Wujud' is clicked on

2019-03-12 09:58:35 - [MESSAGE][PASSED] - Object: 'Object Repository/Perolehan/005 Kemasukan Terimaan/OK_Rekod_Wujud' is clicked on

2019-03-12 09:58:35 - [TEST_STEP][PASSED] - delay(3): Delayed 3 second(s)

2019-03-12 09:58:38 - [MESSAGE][PASSED] - Delayed 3 second(s)

2019-03-12 09:58:38 - [TEST_STEP][PASSED] - click(findTestObject("Perolehan/005 Kemasukan Terimaan/Drop_down_Jenis_Terimaan")): Object: 'Object Repository/Perolehan/005 Kemasukan Terimaan/Drop_down_Jenis_Terimaan' is clicked on

2019-03-12 09:58:38 - [MESSAGE][PASSED] - Object: 'Object Repository/Perolehan/005 Kemasukan Terimaan/Drop_down_Jenis_Terimaan' is clicked on

2019-03-12 09:58:38 - [TEST_STEP][PASSED] - click(findTestObject("Perolehan/005 Kemasukan Terimaan/select_TERIMAAN_BARANG_PENUH")): Object: 'Object Repository/Perolehan/005 Kemasukan Terimaan/select_TERIMAAN_BARANG_PENUH' is clicked on

2019-03-12 09:58:38 - [MESSAGE][PASSED] - Object: 'Object Repository/Perolehan/005 Kemasukan Terimaan/select_TERIMAAN_BARANG_PENUH' is clicked on

2019-03-12 09:58:38 - [TEST_STEP][PASSED] - setText(findTestObject("Perolehan/005 Kemasukan Terimaan/input_No_nota_penghantaran"), "Test Nota No 123"): Text 'Test Nota No 123' is set on object 'Object Repository/Perolehan/005 Kemasukan Terimaan/input_No_nota_penghantaran'

2019-03-12 09:58:38 - [MESSAGE][PASSED] - Text 'Test Nota No 123' is set on object 'Object Repository/Perolehan/005 Kemasukan Terimaan/input_No_nota_penghantaran'

2019-03-12 09:58:38 - [TEST_STEP][PASSED] - click(findTestObject("Perolehan/005 Kemasukan Terimaan/Date_Picker_Tarikh_Terimaan")): Object: 'Object Repository/Perolehan/005 Kemasukan Terimaan/Date_Picker_Tarikh_Terimaan' is clicked on

2019-03-12 09:58:38 - [MESSAGE][PASSED] - Object: 'Object Repository/Perolehan/005 Kemasukan Terimaan/Date_Picker_Tarikh_Terimaan' is clicked on

2019-03-12 09:58:38 - [TEST_STEP][PASSED] - click(findTestObject("Perolehan/005 Kemasukan Terimaan/Select_Today")): Object: 'Object Repository/Perolehan/005 Kemasukan Terimaan/Select_Today' is clicked on

2019-03-12 09:58:38 - [MESSAGE][PASSED] - Object: 'Object Repository/Perolehan/005 Kemasukan Terimaan/Select_Today' is clicked on

2019-03-12 09:58:38 - [TEST_STEP][PASSED] - delay(3): Delayed 3 second(s)

2019-03-12 09:58:41 - [MESSAGE][PASSED] - Delayed 3 second(s)

2019-03-12 09:58:41 - [TEST_STEP][PASSED] - doubleClick(findTestObject("Perolehan/005 Kemasukan Terimaan/Perihal_Barang - CEK")): Object: 'Object Repository/Perolehan/005 Kemasukan Terimaan/Perihal_Barang - CEK' is double clicked on

2019-03-12 09:58:41 - [MESSAGE][PASSED] - Object: 'Object Repository/Perolehan/005 Kemasukan Terimaan/Perihal_Barang - CEK' is double clicked on

2019-03-12 09:58:41 - [TEST_STEP][PASSED] - for (def index : (1..3)): Object: 'Object Repository/Perolehan/005 Kemasukan Terimaan/Spinner_up_Dihantar' is clicked on

2019-03-12 09:58:41 - [TEST_STEP][PASSED] - click(findTestObject("Perolehan/005 Kemasukan Terimaan/Spinner_up_Dihantar")): Object: 'Object Repository/Perolehan/005 Kemasukan Terimaan/Spinner_up_Dihantar' is clicked on

2019-03-12 09:58:41 - [MESSAGE][PASSED] - Object: 'Object Repository/Perolehan/005 Kemasukan Terimaan/Spinner_up_Dihantar' is clicked on

2019-03-12 09:58:41 - [TEST_STEP][PASSED] - click(findTestObject("Perolehan/005 Kemasukan Terimaan/Spinner_up_Dihantar")): Object: 'Object Repository/Perolehan/005 Kemasukan Terimaan/Spinner_up_Dihantar' is clicked on

2019-03-12 09:58:41 - [MESSAGE][PASSED] - Object: 'Object Repository/Perolehan/005 Kemasukan Terimaan/Spinner_up_Dihantar' is clicked on

2019-03-12 09:58:41 - [TEST_STEP][PASSED] - click(findTestObject("Perolehan/005 Kemasukan Terimaan/Spinner_up_Dihantar")): Object: 'Object Repository/Perolehan/005 Kemasukan Terimaan/Spinner_up_Dihantar' is clicked on

2019-03-12 09:58:41 - [MESSAGE][PASSED] - Object: 'Object Repository/Perolehan/005 Kemasukan Terimaan/Spinner_up_Dihantar' is clicked on

2019-03-12 09:58:41 - [TEST_STEP][PASSED] - for (def index : (1..3)): Object: 'Object Repository/Perolehan/005 Kemasukan Terimaan/Spinner_up_Diterima' is clicked on

2019-03-12 09:58:41 - [TEST_STEP][PASSED] - click(findTestObject("Perolehan/005 Kemasukan Terimaan/Spinner_up_Diterima")): Object: 'Object Repository/Perolehan/005 Kemasukan Terimaan/Spinner_up_Diterima' is clicked on

2019-03-12 09:58:41 - [MESSAGE][PASSED] - Object: 'Object Repository/Perolehan/005 Kemasukan Terimaan/Spinner_up_Diterima' is clicked on

2019-03-12 09:58:41 - [TEST_STEP][PASSED] - click(findTestObject("Perolehan/005 Kemasukan Terimaan/Spinner_up_Diterima")): Object: 'Object Repository/Perolehan/005 Kemasukan Terimaan/Spinner_up_Diterima' is clicked on

2019-03-12 09:58:42 - [MESSAGE][PASSED] - Object: 'Object Repository/Perolehan/005 Kemasukan Terimaan/Spinner_up_Diterima' is clicked on

2019-03-12 09:58:42 - [TEST_STEP][PASSED] - click(findTestObject("Perolehan/005 Kemasukan Terimaan/Spinner_up_Diterima")): Object: 'Object Repository/Perolehan/005 Kemasukan Terimaan/Spinner_up_Diterima' is clicked on

2019-03-12 09:58:42 - [MESSAGE][PASSED] - Object: 'Object Repository/Perolehan/005 Kemasukan Terimaan/Spinner_up_Diterima' is clicked on

2019-03-12 09:58:42 - [TEST_STEP][PASSED] - click(findTestObject("Perolehan/005 Kemasukan Terimaan/button_Simpan")): Object: 'Object Repository/Perolehan/005 Kemasukan Terimaan/button_Simpan' is clicked on

2019-03-12 09:58:42 - [MESSAGE][PASSED] - Object: 'Object Repository/Perolehan/005 Kemasukan Terimaan/button_Simpan' is clicked on

2019-03-12 09:58:42 - [TEST_STEP][PASSED] - delay(3): Delayed 3 second(s)

2019-03-12 09:58:45 - [MESSAGE][PASSED] - Delayed 3 second(s)

2019-03-12 09:58:45 - [TEST_STEP][PASSED] - waitForElementClickable(findTestObject("Perolehan/005 Kemasukan Terimaan/button_OK_Rekod_disimpan"), 60): Object 'Object Repository/Perolehan/005 Kemasukan Terimaan/button_OK_Rekod_disimpan' is clickable

2019-03-12 09:59:07 - [MESSAGE][PASSED] - Object 'Object Repository/Perolehan/005 Kemasukan Terimaan/button_OK_Rekod_disimpan' is clickable

2019-03-12 09:59:07 - [TEST_STEP][PASSED] - click(findTestObject("Perolehan/005 Kemasukan Terimaan/button_OK_Rekod_disimpan")): Object: 'Object Repository/Perolehan/005 Kemasukan Terimaan/button_OK_Rekod_disimpan' is clicked on

2019-03-12 09:59:07 - [MESSAGE][PASSED] - Object: 'Object Repository/Perolehan/005 Kemasukan Terimaan/button_OK_Rekod_disimpan' is clicked on

2019-03-12 09:59:07 - [TEST_STEP][PASSED] - click(findTestObject("Perolehan/005 Kemasukan Terimaan/button_Sah_Simpan")): Object: 'Object Repository/Perolehan/005 Kemasukan Terimaan/button_Sah_Simpan' is clicked on

2019-03-12 09:59:07 - [MESSAGE][PASSED] - Object: 'Object Repository/Perolehan/005 Kemasukan Terimaan/button_Sah_Simpan' is clicked on

2019-03-12 09:59:07 - [TEST_STEP][PASSED] - click(findTestObject("Perolehan/005 Kemasukan Terimaan/button_Ya_Sah_Simpan")): Object: 'Object Repository/Perolehan/005 Kemasukan Terimaan/button_Ya_Sah_Simpan' is clicked on

2019-03-12 09:59:07 - [MESSAGE][PASSED] - Object: 'Object Repository/Perolehan/005 Kemasukan Terimaan/button_Ya_Sah_Simpan' is clicked on

2019-03-12 09:59:07 - [TEST_STEP][PASSED] - delay(3): Delayed 3 second(s)

2019-03-12 09:59:10 - [MESSAGE][PASSED] - Delayed 3 second(s)

2019-03-12 09:59:10 - [TEST_STEP][PASSED] - waitForElementClickable(findTestObject("Perolehan/005 Kemasukan Terimaan/button_OK_Rekod_disimpan"), 60): Object 'Object Repository/Perolehan/005 Kemasukan Terimaan/button_OK_Rekod_disimpan' is clickable

2019-03-12 09:59:15 - [MESSAGE][PASSED] - Object 'Object Repository/Perolehan/005 Kemasukan Terimaan/button_OK_Rekod_disimpan' is clickable

2019-03-12 09:59:15 - [TEST_STEP][PASSED] - takeScreenshot(): Taking screenshot successfully

2019-03-12 09:59:16 - [MESSAGE][PASSED] - Taking screenshot successfully
[[ATTACHMENT|C:\\Users\\Consultant_MSPHitect\\Katalon Studio\\TrainingonKatalon\\Reports\\Perolehan\\02 Pesanan Tempatan Cara Bayaran CEK Dengan Pemfaktoran\\20190312_094949\\1552355955918.png]]

2019-03-12 09:59:16 - [TEST_STEP][FAILED] - click(findTestObject("Perolehan/005 Kemasukan Terimaan/button_OK_Rekod_disimpan")): click(findTestObject("Perolehan/005 Kemasukan Terimaan/button_OK_Rekod_disimpan")) FAILED.
Reason:
com.kms.katalon.core.exception.StepFailedException: Unable to click on object 'Object Repository/Perolehan/005 Kemasukan Terimaan/button_OK_Rekod_disimpan'
	at com.kms.katalon.core.keyword.internal.KeywordMain.stepFailed(KeywordMain.groovy:48)
	at com.kms.katalon.core.webui.keyword.internal.WebUIKeywordMain.stepFailed(WebUIKeywordMain.groovy:65)
	at com.kms.katalon.core.webui.keyword.internal.WebUIKeywordMain.runKeyword(WebUIKeywordMain.groovy:27)
	at com.kms.katalon.core.webui.keyword.builtin.ClickKeyword.click(ClickKeyword.groovy:86)
	at com.kms.katalon.core.webui.keyword.builtin.ClickKeyword.execute(ClickKeyword.groovy:67)
	at com.kms.katalon.core.keyword.internal.KeywordExecutor.executeKeywordForPlatform(KeywordExecutor.groovy:56)
	at com.kms.katalon.core.webui.keyword.WebUiBuiltInKeywords.click(WebUiBuiltInKeywords.groovy:616)
	at com.kms.katalon.core.webui.keyword.WebUiBuiltInKeywords$click$2.call(Unknown Source)
	at 002 Proses Kemasukan Terimaan Barang - CEK.run(002 Proses Kemasukan Terimaan Barang - CEK:137)
	at com.kms.katalon.core.main.ScriptEngine.run(ScriptEngine.java:194)
	at com.kms.katalon.core.main.ScriptEngine.runScriptAsRawText(ScriptEngine.java:119)
	at com.kms.katalon.core.main.TestCaseExecutor.runScript(TestCaseExecutor.java:331)
	at com.kms.katalon.core.main.TestCaseExecutor.doExecute(TestCaseExecutor.java:322)
	at com.kms.katalon.core.main.TestCaseExecutor.processExecutionPhase(TestCaseExecutor.java:301)
	at com.kms.katalon.core.main.TestCaseExecutor.accessMainPhase(TestCaseExecutor.java:293)
	at com.kms.katalon.core.main.TestCaseExecutor.execute(TestCaseExecutor.java:227)
	at com.kms.katalon.core.main.TestSuiteExecutor.accessTestCaseMainPhase(TestSuiteExecutor.java:129)
	at com.kms.katalon.core.main.TestSuiteExecutor.accessTestSuiteMainPhase(TestSuiteExecutor.java:112)
	at com.kms.katalon.core.main.TestSuiteExecutor.execute(TestSuiteExecutor.java:81)
	at com.kms.katalon.core.main.TestCaseMain.startTestSuite(TestCaseMain.java:157)
	at com.kms.katalon.core.main.TestCaseMain$startTestSuite$0.call(Unknown Source)
	at TempTestSuite1552355389149.run(TempTestSuite1552355389149.groovy:35)


2019-03-12 09:59:16 - [MESSAGE][FAILED] - Unable to click on object 'Object Repository/Perolehan/005 Kemasukan Terimaan/button_OK_Rekod_disimpan'
[[ATTACHMENT|C:\\Users\\Consultant_MSPHitect\\Katalon Studio\\TrainingonKatalon\\Reports\\Perolehan\\02 Pesanan Tempatan Cara Bayaran CEK Dengan Pemfaktoran\\20190312_094949\\1552355956207.png]]

2019-03-12 09:59:16 - [MESSAGE][FAILED] - click(findTestObject("Perolehan/005 Kemasukan Terimaan/button_OK_Rekod_disimpan")) FAILED.
Reason:
com.kms.katalon.core.exception.StepFailedException: Unable to click on object 'Object Repository/Perolehan/005 Kemasukan Terimaan/button_OK_Rekod_disimpan'
	at com.kms.katalon.core.keyword.internal.KeywordMain.stepFailed(KeywordMain.groovy:48)
	at com.kms.katalon.core.webui.keyword.internal.WebUIKeywordMain.stepFailed(WebUIKeywordMain.groovy:65)
	at com.kms.katalon.core.webui.keyword.internal.WebUIKeywordMain.runKeyword(WebUIKeywordMain.groovy:27)
	at com.kms.katalon.core.webui.keyword.builtin.ClickKeyword.click(ClickKeyword.groovy:86)
	at com.kms.katalon.core.webui.keyword.builtin.ClickKeyword.execute(ClickKeyword.groovy:67)
	at com.kms.katalon.core.keyword.internal.KeywordExecutor.executeKeywordForPlatform(KeywordExecutor.groovy:56)
	at com.kms.katalon.core.webui.keyword.WebUiBuiltInKeywords.click(WebUiBuiltInKeywords.groovy:616)
	at com.kms.katalon.core.webui.keyword.WebUiBuiltInKeywords$click$2.call(Unknown Source)
	at 002 Proses Kemasukan Terimaan Barang - CEK.run(002 Proses Kemasukan Terimaan Barang - CEK:137)
	at com.kms.katalon.core.main.ScriptEngine.run(ScriptEngine.java:194)
	at com.kms.katalon.core.main.ScriptEngine.runScriptAsRawText(ScriptEngine.java:119)
	at com.kms.katalon.core.main.TestCaseExecutor.runScript(TestCaseExecutor.java:331)
	at com.kms.katalon.core.main.TestCaseExecutor.doExecute(TestCaseExecutor.java:322)
	at com.kms.katalon.core.main.TestCaseExecutor.processExecutionPhase(TestCaseExecutor.java:301)
	at com.kms.katalon.core.main.TestCaseExecutor.accessMainPhase(TestCaseExecutor.java:293)
	at com.kms.katalon.core.main.TestCaseExecutor.execute(TestCaseExecutor.java:227)
	at com.kms.katalon.core.main.TestSuiteExecutor.accessTestCaseMainPhase(TestSuiteExecutor.java:129)
	at com.kms.katalon.core.main.TestSuiteExecutor.accessTestSuiteMainPhase(TestSuiteExecutor.java:112)
	at com.kms.katalon.core.main.TestSuiteExecutor.execute(TestSuiteExecutor.java:81)
	at com.kms.katalon.core.main.TestCaseMain.startTestSuite(TestCaseMain.java:157)
	at com.kms.katalon.core.main.TestCaseMain$startTestSuite$0.call(Unknown Source)
	at TempTestSuite1552355389149.run(TempTestSuite1552355389149.groovy:35)]]></system-out>
         <system-err><![CDATA[2019-03-12 09:57:19 - [TEST_CASE][FAILED] - Test Cases/Perolehan/005 Terimaan Barang Perkhidmatan/002 Proses Kemasukan Terimaan Barang - CEK: Test Cases/Perolehan/005 Terimaan Barang Perkhidmatan/002 Proses Kemasukan Terimaan Barang - CEK FAILED.
Reason:
com.kms.katalon.core.exception.StepFailedException: Unable to click on object 'Object Repository/Perolehan/005 Kemasukan Terimaan/button_OK_Rekod_disimpan'
	at com.kms.katalon.core.keyword.internal.KeywordMain.stepFailed(KeywordMain.groovy:48)
	at com.kms.katalon.core.webui.keyword.internal.WebUIKeywordMain.stepFailed(WebUIKeywordMain.groovy:65)
	at com.kms.katalon.core.webui.keyword.internal.WebUIKeywordMain.runKeyword(WebUIKeywordMain.groovy:27)
	at com.kms.katalon.core.webui.keyword.builtin.ClickKeyword.click(ClickKeyword.groovy:86)
	at com.kms.katalon.core.webui.keyword.builtin.ClickKeyword.execute(ClickKeyword.groovy:67)
	at com.kms.katalon.core.keyword.internal.KeywordExecutor.executeKeywordForPlatform(KeywordExecutor.groovy:56)
	at com.kms.katalon.core.webui.keyword.WebUiBuiltInKeywords.click(WebUiBuiltInKeywords.groovy:616)
	at com.kms.katalon.core.webui.keyword.WebUiBuiltInKeywords$click$2.call(Unknown Source)
	at 002 Proses Kemasukan Terimaan Barang - CEK.run(002 Proses Kemasukan Terimaan Barang - CEK:137)
	at com.kms.katalon.core.main.ScriptEngine.run(ScriptEngine.java:194)
	at com.kms.katalon.core.main.ScriptEngine.runScriptAsRawText(ScriptEngine.java:119)
	at com.kms.katalon.core.main.TestCaseExecutor.runScript(TestCaseExecutor.java:331)
	at com.kms.katalon.core.main.TestCaseExecutor.doExecute(TestCaseExecutor.java:322)
	at com.kms.katalon.core.main.TestCaseExecutor.processExecutionPhase(TestCaseExecutor.java:301)
	at com.kms.katalon.core.main.TestCaseExecutor.accessMainPhase(TestCaseExecutor.java:293)
	at com.kms.katalon.core.main.TestCaseExecutor.execute(TestCaseExecutor.java:227)
	at com.kms.katalon.core.main.TestSuiteExecutor.accessTestCaseMainPhase(TestSuiteExecutor.java:129)
	at com.kms.katalon.core.main.TestSuiteExecutor.accessTestSuiteMainPhase(TestSuiteExecutor.java:112)
	at com.kms.katalon.core.main.TestSuiteExecutor.execute(TestSuiteExecutor.java:81)
	at com.kms.katalon.core.main.TestCaseMain.startTestSuite(TestCaseMain.java:157)
	at com.kms.katalon.core.main.TestCaseMain$startTestSuite$0.call(Unknown Source)
	at TempTestSuite1552355389149.run(TempTestSuite1552355389149.groovy:35)]]></system-err>
      </testcase>
      <testcase name="Test Cases/Perolehan/006 Arahan Bayaran/002 Arahan Bayaran - CEK" classname="Test Cases/Perolehan/006 Arahan Bayaran/002 Arahan Bayaran - CEK" status="PASSED">
         <system-out><![CDATA[2019-03-12 09:59:16 - [TEST_CASE][PASSED] - Test Cases/Perolehan/006 Arahan Bayaran/002 Arahan Bayaran - CEK: Test Cases/Perolehan/006 Arahan Bayaran/002 Arahan Bayaran - CEK

2019-03-12 09:59:16 - [TEST_STEP][PASSED] - reusablefunctions.reusablefunctions.openbrowser(): reusablefunctions.reusablefunctions.openbrowser is PASSED

2019-03-12 09:59:16 - [MESSAGE][WARNING] - A browser is already opened. Closing browser and opening a new one

2019-03-12 09:59:17 - [MESSAGE][INFO] - Starting 'Chrome' driver

2019-03-12 09:59:20 - [MESSAGE][PASSED] - Browser is opened with url: 'https://175.143.52.101:7011/1SPEKSv2/'

2019-03-12 09:59:20 - [MESSAGE][PASSED] - reusablefunctions.reusablefunctions.openbrowser is PASSED

2019-03-12 09:59:20 - [TEST_STEP][PASSED] - reusablefunctions.reusablefunctions.Login(findTestData("ispekstestdata").getValue(1, 2), findTestData("ispekstestdata").getValue(2, 2)): reusablefunctions.reusablefunctions.Login is PASSED

2019-03-12 09:59:20 - [MESSAGE][PASSED] - Text '601101955194' is set on object 'Object Repository/Login/input_NoKadPengenalan'

2019-03-12 09:59:20 - [MESSAGE][PASSED] - Text ****** has been set on object 'Object Repository/Login/input_Password'

2019-03-12 09:59:22 - [MESSAGE][PASSED] - Object: 'Object Repository/Login/input_ButtonLogMasuk' is clicked on

2019-03-12 09:59:32 - [MESSAGE][PASSED] - Delayed 10 second(s)

2019-03-12 09:59:32 - [MESSAGE][PASSED] - reusablefunctions.reusablefunctions.Login is PASSED

2019-03-12 09:59:32 - [TEST_STEP][PASSED] - delay(3): Delayed 3 second(s)

2019-03-12 09:59:35 - [MESSAGE][PASSED] - Delayed 3 second(s)

2019-03-12 09:59:35 - [TEST_STEP][PASSED] - reusablefunctions.reusablefunctions.PerananPenyediaPTJ(): reusablefunctions.reusablefunctions.PerananPenyediaPTJ is PASSED

2019-03-12 09:59:35 - [MESSAGE][PASSED] - Object: 'Object Repository/Perolehan/TukarPeranan/IconTukarPeranan' is clicked on

2019-03-12 09:59:35 - [MESSAGE][PASSED] - Object: 'Object Repository/Perolehan/TukarPeranan/input_TukarPenyediaPTJ' is clicked on

2019-03-12 09:59:35 - [MESSAGE][PASSED] - Object: 'Object Repository/Perolehan/TukarPeranan/button_Ya' is clicked on

2019-03-12 10:00:05 - [MESSAGE][PASSED] - Delayed 30 second(s)

2019-03-12 10:00:08 - [MESSAGE][PASSED] - Text 'Peranan : [Penyedia] Peringkat : [PTJ]' is present on page 

2019-03-12 10:00:08 - [MESSAGE][PASSED] - reusablefunctions.reusablefunctions.PerananPenyediaPTJ is PASSED

2019-03-12 10:00:08 - [TEST_STEP][PASSED] - click(findTestObject("Perolehan/001 Left_Menu_Selection/a_ExpandMenuonLeft")): Object: 'Object Repository/Perolehan/001 Left_Menu_Selection/a_ExpandMenuonLeft' is clicked on

2019-03-12 10:00:08 - [MESSAGE][PASSED] - Object: 'Object Repository/Perolehan/001 Left_Menu_Selection/a_ExpandMenuonLeft' is clicked on

2019-03-12 10:00:08 - [TEST_STEP][PASSED] - delay(3, STOP_ON_FAILURE): Delayed 3 second(s)

2019-03-12 10:00:11 - [MESSAGE][PASSED] - Delayed 3 second(s)

2019-03-12 10:00:11 - [TEST_STEP][PASSED] - click(findTestObject("Perolehan/001 Left_Menu_Selection/div_PanelTitlePerolehan")): Object: 'Object Repository/Perolehan/001 Left_Menu_Selection/div_PanelTitlePerolehan' is clicked on

2019-03-12 10:00:11 - [MESSAGE][PASSED] - Object: 'Object Repository/Perolehan/001 Left_Menu_Selection/div_PanelTitlePerolehan' is clicked on

2019-03-12 10:00:11 - [TEST_STEP][PASSED] - delay(3, STOP_ON_FAILURE): Delayed 3 second(s)

2019-03-12 10:00:14 - [MESSAGE][PASSED] - Delayed 3 second(s)

2019-03-12 10:00:14 - [TEST_STEP][PASSED] - click(findTestObject("Perolehan/001 Left_Menu_Selection/div_Menu_ArahanBayaran")): Object: 'Object Repository/Perolehan/001 Left_Menu_Selection/div_Menu_ArahanBayaran' is clicked on

2019-03-12 10:00:14 - [MESSAGE][PASSED] - Object: 'Object Repository/Perolehan/001 Left_Menu_Selection/div_Menu_ArahanBayaran' is clicked on

2019-03-12 10:00:14 - [TEST_STEP][PASSED] - assert true: null

2019-03-12 10:00:14 - [TEST_STEP][PASSED] - delay(3): Delayed 3 second(s)

2019-03-12 10:00:17 - [MESSAGE][PASSED] - Delayed 3 second(s)

2019-03-12 10:00:17 - [TEST_STEP][PASSED] - click(findTestObject("Perolehan/006 Arahan Bayaran/button_REKOD_BARU")): Object: 'Object Repository/Perolehan/006 Arahan Bayaran/button_REKOD_BARU' is clicked on

2019-03-12 10:00:17 - [MESSAGE][PASSED] - Object: 'Object Repository/Perolehan/006 Arahan Bayaran/button_REKOD_BARU' is clicked on

2019-03-12 10:00:17 - [TEST_STEP][PASSED] - delay(3): Delayed 3 second(s)

2019-03-12 10:00:20 - [MESSAGE][PASSED] - Delayed 3 second(s)

2019-03-12 10:00:20 - [TEST_STEP][PASSED] - click(findTestObject("Perolehan/006 Arahan Bayaran/Drop_Down_Jenis_Baucar_Bayaran"), STOP_ON_FAILURE): Object: 'Object Repository/Perolehan/006 Arahan Bayaran/Drop_Down_Jenis_Baucar_Bayaran' is clicked on

2019-03-12 10:00:21 - [MESSAGE][PASSED] - Object: 'Object Repository/Perolehan/006 Arahan Bayaran/Drop_Down_Jenis_Baucar_Bayaran' is clicked on

2019-03-12 10:00:21 - [TEST_STEP][PASSED] - delay(3): Delayed 3 second(s)

2019-03-12 10:00:24 - [MESSAGE][PASSED] - Delayed 3 second(s)

2019-03-12 10:00:24 - [TEST_STEP][PASSED] - click(findTestObject("Perolehan/006 Arahan Bayaran/Select_Kod_Jenis_Baucar_Bayaran")): Object: 'Object Repository/Perolehan/006 Arahan Bayaran/Select_Kod_Jenis_Baucar_Bayaran' is clicked on

2019-03-12 10:00:24 - [MESSAGE][PASSED] - Object: 'Object Repository/Perolehan/006 Arahan Bayaran/Select_Kod_Jenis_Baucar_Bayaran' is clicked on

2019-03-12 10:00:24 - [TEST_STEP][PASSED] - delay(3): Delayed 3 second(s)

2019-03-12 10:00:27 - [MESSAGE][PASSED] - Delayed 3 second(s)

2019-03-12 10:00:27 - [TEST_STEP][PASSED] - click(findTestObject("Perolehan/006 Arahan Bayaran/Drop_Down_Nama_Pembekal")): Object: 'Object Repository/Perolehan/006 Arahan Bayaran/Drop_Down_Nama_Pembekal' is clicked on

2019-03-12 10:00:27 - [MESSAGE][PASSED] - Object: 'Object Repository/Perolehan/006 Arahan Bayaran/Drop_Down_Nama_Pembekal' is clicked on

2019-03-12 10:00:27 - [TEST_STEP][PASSED] - delay(3): Delayed 3 second(s)

2019-03-12 10:00:30 - [MESSAGE][PASSED] - Delayed 3 second(s)

2019-03-12 10:00:30 - [TEST_STEP][PASSED] - setText(findTestObject("Perolehan/006 Arahan Bayaran/input_name_nama_pembekal"), "JAMAL CHEF CATERING"): Text 'JAMAL CHEF CATERING' is set on object 'Object Repository/Perolehan/006 Arahan Bayaran/input_name_nama_pembekal'

2019-03-12 10:00:30 - [MESSAGE][PASSED] - Text 'JAMAL CHEF CATERING' is set on object 'Object Repository/Perolehan/006 Arahan Bayaran/input_name_nama_pembekal'

2019-03-12 10:00:30 - [TEST_STEP][PASSED] - delay(3): Delayed 3 second(s)

2019-03-12 10:00:33 - [MESSAGE][PASSED] - Delayed 3 second(s)

2019-03-12 10:00:33 - [TEST_STEP][PASSED] - click(findTestObject("Perolehan/006 Arahan Bayaran/select_Pembekal Jamal")): Object: 'Object Repository/Perolehan/006 Arahan Bayaran/select_Pembekal Jamal' is clicked on

2019-03-12 10:00:35 - [MESSAGE][PASSED] - Object: 'Object Repository/Perolehan/006 Arahan Bayaran/select_Pembekal Jamal' is clicked on

2019-03-12 10:00:35 - [TEST_STEP][PASSED] - delay(5): Delayed 5 second(s)

2019-03-12 10:00:40 - [MESSAGE][PASSED] - Delayed 5 second(s)

2019-03-12 10:00:40 - [TEST_STEP][PASSED] - click(findTestObject("Perolehan/006 Arahan Bayaran/Drop_Down_Cara_Bayaran")): Object: 'Object Repository/Perolehan/006 Arahan Bayaran/Drop_Down_Cara_Bayaran' is clicked on

2019-03-12 10:00:40 - [MESSAGE][PASSED] - Object: 'Object Repository/Perolehan/006 Arahan Bayaran/Drop_Down_Cara_Bayaran' is clicked on

2019-03-12 10:00:40 - [TEST_STEP][PASSED] - click(findTestObject("Perolehan/006 Arahan Bayaran/Select_Cara_Bayaran - CEK")): Object: 'Object Repository/Perolehan/006 Arahan Bayaran/Select_Cara_Bayaran - CEK' is clicked on

2019-03-12 10:00:40 - [MESSAGE][PASSED] - Object: 'Object Repository/Perolehan/006 Arahan Bayaran/Select_Cara_Bayaran - CEK' is clicked on

2019-03-12 10:00:40 - [TEST_STEP][PASSED] - click(findTestObject("Perolehan/006 Arahan Bayaran/Drop_Down_Dengan_Pemfaktoran")): Object: 'Object Repository/Perolehan/006 Arahan Bayaran/Drop_Down_Dengan_Pemfaktoran' is clicked on

2019-03-12 10:00:40 - [MESSAGE][PASSED] - Object: 'Object Repository/Perolehan/006 Arahan Bayaran/Drop_Down_Dengan_Pemfaktoran' is clicked on

2019-03-12 10:00:40 - [TEST_STEP][PASSED] - click(findTestObject("Perolehan/006 Arahan Bayaran/Select_Ya_Dengan_Pemfaktoran")): Object: 'Object Repository/Perolehan/006 Arahan Bayaran/Select_Ya_Dengan_Pemfaktoran' is clicked on

2019-03-12 10:00:40 - [MESSAGE][PASSED] - Object: 'Object Repository/Perolehan/006 Arahan Bayaran/Select_Ya_Dengan_Pemfaktoran' is clicked on

2019-03-12 10:00:40 - [TEST_STEP][PASSED] - delay(3): Delayed 3 second(s)

2019-03-12 10:00:43 - [MESSAGE][PASSED] - Delayed 3 second(s)

2019-03-12 10:00:43 - [TEST_STEP][PASSED] - mydate = new java.util.Date(): null

2019-03-12 10:00:43 - [TEST_STEP][PASSED] - setText(findTestObject("Perolehan/006 Arahan Bayaran/input_Perihal"), "This is a test for Pesanan Tempatan Cara Bayaran CEK " + mydate): Text 'This is a test for Pesanan Tempatan Cara Bayaran CEK Tue Mar 12 10:00:43 SGT 2019' is set on object 'Object Repository/Perolehan/006 Arahan Bayaran/input_Perihal'

2019-03-12 10:00:44 - [MESSAGE][PASSED] - Text 'This is a test for Pesanan Tempatan Cara Bayaran CEK Tue Mar 12 10:00:43 SGT 2019' is set on object 'Object Repository/Perolehan/006 Arahan Bayaran/input_Perihal'

2019-03-12 10:00:44 - [TEST_STEP][PASSED] - delay(3): Delayed 3 second(s)

2019-03-12 10:00:47 - [MESSAGE][PASSED] - Delayed 3 second(s)

2019-03-12 10:00:47 - [TEST_STEP][PASSED] - doubleClick(findTestObject("Perolehan/006 Arahan Bayaran/Maklumat_Terimaan_Barang_line_1")): Object: 'Object Repository/Perolehan/006 Arahan Bayaran/Maklumat_Terimaan_Barang_line_1' is double clicked on

2019-03-12 10:00:47 - [MESSAGE][PASSED] - Object: 'Object Repository/Perolehan/006 Arahan Bayaran/Maklumat_Terimaan_Barang_line_1' is double clicked on

2019-03-12 10:00:47 - [TEST_STEP][PASSED] - delay(3): Delayed 3 second(s)

2019-03-12 10:00:50 - [MESSAGE][PASSED] - Delayed 3 second(s)

2019-03-12 10:00:50 - [TEST_STEP][PASSED] - RN = Math.random() * 10000: null

2019-03-12 10:00:51 - [TEST_STEP][PASSED] - println(RN): null

2019-03-12 10:00:51 - [TEST_STEP][PASSED] - setText(findTestObject("Perolehan/006 Arahan Bayaran/input_No_Invois"), "INV0" + RN): Text 'INV04463' is set on object 'Object Repository/Perolehan/006 Arahan Bayaran/input_No_Invois'

2019-03-12 10:00:51 - [MESSAGE][PASSED] - Text 'INV04463' is set on object 'Object Repository/Perolehan/006 Arahan Bayaran/input_No_Invois'

2019-03-12 10:00:51 - [TEST_STEP][PASSED] - setText(findTestObject("Perolehan/006 Arahan Bayaran/input_Amaun_Invois_RM"), TotalAmaunPT): Text '5.31' is set on object 'Object Repository/Perolehan/006 Arahan Bayaran/input_Amaun_Invois_RM'

2019-03-12 10:00:51 - [MESSAGE][PASSED] - Text '5.31' is set on object 'Object Repository/Perolehan/006 Arahan Bayaran/input_Amaun_Invois_RM'

2019-03-12 10:00:51 - [TEST_STEP][PASSED] - click(findTestObject("Perolehan/006 Arahan Bayaran/a_Tarikh_Invois"), STOP_ON_FAILURE): Object: 'Object Repository/Perolehan/006 Arahan Bayaran/a_Tarikh_Invois' is clicked on

2019-03-12 10:00:51 - [MESSAGE][PASSED] - Object: 'Object Repository/Perolehan/006 Arahan Bayaran/a_Tarikh_Invois' is clicked on

2019-03-12 10:00:51 - [TEST_STEP][PASSED] - delay(2): Delayed 2 second(s)

2019-03-12 10:00:53 - [MESSAGE][PASSED] - Delayed 2 second(s)

2019-03-12 10:00:53 - [TEST_STEP][PASSED] - click(findTestObject("Perolehan/006 Arahan Bayaran/a_Today_Tarikh_Invois"), STOP_ON_FAILURE): Object: 'Object Repository/Perolehan/006 Arahan Bayaran/a_Today_Tarikh_Invois' is clicked on

2019-03-12 10:00:53 - [MESSAGE][PASSED] - Object: 'Object Repository/Perolehan/006 Arahan Bayaran/a_Today_Tarikh_Invois' is clicked on

2019-03-12 10:00:53 - [TEST_STEP][PASSED] - click(findTestObject("Perolehan/006 Arahan Bayaran/a_Tarikh Terima Oleh Kewangan"), STOP_ON_FAILURE): Object: 'Object Repository/Perolehan/006 Arahan Bayaran/a_Tarikh Terima Oleh Kewangan' is clicked on

2019-03-12 10:00:54 - [MESSAGE][PASSED] - Object: 'Object Repository/Perolehan/006 Arahan Bayaran/a_Tarikh Terima Oleh Kewangan' is clicked on

2019-03-12 10:00:54 - [TEST_STEP][PASSED] - delay(2): Delayed 2 second(s)

2019-03-12 10:00:56 - [MESSAGE][PASSED] - Delayed 2 second(s)

2019-03-12 10:00:56 - [TEST_STEP][PASSED] - click(findTestObject("Perolehan/006 Arahan Bayaran/a_Today_Tarikh_Terima_Oleh_Kewangan"), STOP_ON_FAILURE): Object: 'Object Repository/Perolehan/006 Arahan Bayaran/a_Today_Tarikh_Terima_Oleh_Kewangan' is clicked on

2019-03-12 10:00:56 - [MESSAGE][PASSED] - Object: 'Object Repository/Perolehan/006 Arahan Bayaran/a_Today_Tarikh_Terima_Oleh_Kewangan' is clicked on

2019-03-12 10:00:56 - [TEST_STEP][PASSED] - click(findTestObject("Perolehan/006 Arahan Bayaran/button_Save_Maklumat_Terima_Barang")): Object: 'Object Repository/Perolehan/006 Arahan Bayaran/button_Save_Maklumat_Terima_Barang' is clicked on

2019-03-12 10:00:56 - [MESSAGE][PASSED] - Object: 'Object Repository/Perolehan/006 Arahan Bayaran/button_Save_Maklumat_Terima_Barang' is clicked on

2019-03-12 10:00:56 - [TEST_STEP][PASSED] - delay(3): Delayed 3 second(s)

2019-03-12 10:00:59 - [MESSAGE][PASSED] - Delayed 3 second(s)

2019-03-12 10:00:59 - [TEST_STEP][PASSED] - click(findTestObject("Perolehan/006 Arahan Bayaran/button_Tambah_Maklumat_Penerima")): Object: 'Object Repository/Perolehan/006 Arahan Bayaran/button_Tambah_Maklumat_Penerima' is clicked on

2019-03-12 10:00:59 - [MESSAGE][PASSED] - Object: 'Object Repository/Perolehan/006 Arahan Bayaran/button_Tambah_Maklumat_Penerima' is clicked on

2019-03-12 10:00:59 - [TEST_STEP][PASSED] - click(findTestObject("Perolehan/006 Arahan Bayaran/Drop_Down_Penerima_No_Daftar")): Object: 'Object Repository/Perolehan/006 Arahan Bayaran/Drop_Down_Penerima_No_Daftar' is clicked on

2019-03-12 10:00:59 - [MESSAGE][PASSED] - Object: 'Object Repository/Perolehan/006 Arahan Bayaran/Drop_Down_Penerima_No_Daftar' is clicked on

2019-03-12 10:00:59 - [TEST_STEP][PASSED] - delay(3): Delayed 3 second(s)

2019-03-12 10:01:02 - [MESSAGE][PASSED] - Delayed 3 second(s)

2019-03-12 10:01:02 - [TEST_STEP][PASSED] - setText(findTestObject("Perolehan/006 Arahan Bayaran/input_name_kod Pembekal"), "K0806SS29058"): Text 'K0806SS29058' is set on object 'Object Repository/Perolehan/006 Arahan Bayaran/input_name_kod Pembekal'

2019-03-12 10:01:03 - [MESSAGE][PASSED] - Text 'K0806SS29058' is set on object 'Object Repository/Perolehan/006 Arahan Bayaran/input_name_kod Pembekal'

2019-03-12 10:01:03 - [TEST_STEP][PASSED] - delay(3): Delayed 3 second(s)

2019-03-12 10:01:06 - [MESSAGE][PASSED] - Delayed 3 second(s)

2019-03-12 10:01:06 - [TEST_STEP][PASSED] - click(findTestObject("Perolehan/006 Arahan Bayaran/select_Maklumat_Penerima_Armada")): Object: 'Object Repository/Perolehan/006 Arahan Bayaran/select_Maklumat_Penerima_Armada' is clicked on

2019-03-12 10:01:06 - [MESSAGE][PASSED] - Object: 'Object Repository/Perolehan/006 Arahan Bayaran/select_Maklumat_Penerima_Armada' is clicked on

2019-03-12 10:01:06 - [TEST_STEP][PASSED] - delay(5): Delayed 5 second(s)

2019-03-12 10:01:11 - [MESSAGE][PASSED] - Delayed 5 second(s)

2019-03-12 10:01:11 - [TEST_STEP][PASSED] - setText(findTestObject("Perolehan/006 Arahan Bayaran/input_Penerima_Amaun"), TotalAmaunPT): Text '5.31' is set on object 'Object Repository/Perolehan/006 Arahan Bayaran/input_Penerima_Amaun'

2019-03-12 10:01:11 - [MESSAGE][PASSED] - Text '5.31' is set on object 'Object Repository/Perolehan/006 Arahan Bayaran/input_Penerima_Amaun'

2019-03-12 10:01:11 - [TEST_STEP][PASSED] - click(findTestObject("Perolehan/006 Arahan Bayaran/button_Save_Maklumat_Penerima")): Object: 'Object Repository/Perolehan/006 Arahan Bayaran/button_Save_Maklumat_Penerima' is clicked on

2019-03-12 10:01:11 - [MESSAGE][PASSED] - Object: 'Object Repository/Perolehan/006 Arahan Bayaran/button_Save_Maklumat_Penerima' is clicked on

2019-03-12 10:01:11 - [TEST_STEP][PASSED] - delay(3): Delayed 3 second(s)

2019-03-12 10:01:14 - [MESSAGE][PASSED] - Delayed 3 second(s)

2019-03-12 10:01:14 - [TEST_STEP][PASSED] - click(findTestObject("Perolehan/006 Arahan Bayaran/button_Simpan"), STOP_ON_FAILURE): Object: 'Object Repository/Perolehan/006 Arahan Bayaran/button_Simpan' is clicked on

2019-03-12 10:01:14 - [MESSAGE][PASSED] - Object: 'Object Repository/Perolehan/006 Arahan Bayaran/button_Simpan' is clicked on

2019-03-12 10:01:14 - [TEST_STEP][PASSED] - click(findTestObject("Perolehan/006 Arahan Bayaran/button_Ya_Simpan")): Object: 'Object Repository/Perolehan/006 Arahan Bayaran/button_Ya_Simpan' is clicked on

2019-03-12 10:01:14 - [MESSAGE][PASSED] - Object: 'Object Repository/Perolehan/006 Arahan Bayaran/button_Ya_Simpan' is clicked on

2019-03-12 10:01:14 - [TEST_STEP][PASSED] - delay(3): Delayed 3 second(s)

2019-03-12 10:01:17 - [MESSAGE][PASSED] - Delayed 3 second(s)

2019-03-12 10:01:17 - [TEST_STEP][PASSED] - click(findTestObject("Perolehan/006 Arahan Bayaran/button_OK_Rekod_telah_simpan")): Object: 'Object Repository/Perolehan/006 Arahan Bayaran/button_OK_Rekod_telah_simpan' is clicked on

2019-03-12 10:01:17 - [MESSAGE][PASSED] - Object: 'Object Repository/Perolehan/006 Arahan Bayaran/button_OK_Rekod_telah_simpan' is clicked on

2019-03-12 10:01:17 - [TEST_STEP][PASSED] - click(findTestObject("Perolehan/006 Arahan Bayaran/button_Senarai_Semak")): Object: 'Object Repository/Perolehan/006 Arahan Bayaran/button_Senarai_Semak' is clicked on

2019-03-12 10:01:17 - [MESSAGE][PASSED] - Object: 'Object Repository/Perolehan/006 Arahan Bayaran/button_Senarai_Semak' is clicked on

2019-03-12 10:01:17 - [TEST_STEP][PASSED] - check(findTestObject("Perolehan/006 Arahan Bayaran/Senarai_Semak_check_no_1")): Object 'Object Repository/Perolehan/006 Arahan Bayaran/Senarai_Semak_check_no_1' is checked

2019-03-12 10:01:18 - [MESSAGE][PASSED] - Object 'Object Repository/Perolehan/006 Arahan Bayaran/Senarai_Semak_check_no_1' is checked

2019-03-12 10:01:18 - [TEST_STEP][PASSED] - click(findTestObject("Perolehan/006 Arahan Bayaran/button_senarai_Semak_simpan")): Object: 'Object Repository/Perolehan/006 Arahan Bayaran/button_senarai_Semak_simpan' is clicked on

2019-03-12 10:01:18 - [MESSAGE][PASSED] - Object: 'Object Repository/Perolehan/006 Arahan Bayaran/button_senarai_Semak_simpan' is clicked on

2019-03-12 10:01:18 - [TEST_STEP][PASSED] - delay(3): Delayed 3 second(s)

2019-03-12 10:01:21 - [MESSAGE][PASSED] - Delayed 3 second(s)

2019-03-12 10:01:21 - [TEST_STEP][PASSED] - click(findTestObject("Perolehan/006 Arahan Bayaran/button_OK_Rekod_telah_simpan")): Object: 'Object Repository/Perolehan/006 Arahan Bayaran/button_OK_Rekod_telah_simpan' is clicked on

2019-03-12 10:01:21 - [MESSAGE][PASSED] - Object: 'Object Repository/Perolehan/006 Arahan Bayaran/button_OK_Rekod_telah_simpan' is clicked on

2019-03-12 10:01:21 - [TEST_STEP][PASSED] - click(findTestObject("Perolehan/006 Arahan Bayaran/Senarai_Semak_X_close")): Object: 'Object Repository/Perolehan/006 Arahan Bayaran/Senarai_Semak_X_close' is clicked on

2019-03-12 10:01:21 - [MESSAGE][PASSED] - Object: 'Object Repository/Perolehan/006 Arahan Bayaran/Senarai_Semak_X_close' is clicked on

2019-03-12 10:01:21 - [TEST_STEP][PASSED] - click(findTestObject("Perolehan/006 Arahan Bayaran/button_Sah_Simpan")): Object: 'Object Repository/Perolehan/006 Arahan Bayaran/button_Sah_Simpan' is clicked on

2019-03-12 10:01:21 - [MESSAGE][PASSED] - Object: 'Object Repository/Perolehan/006 Arahan Bayaran/button_Sah_Simpan' is clicked on

2019-03-12 10:01:21 - [TEST_STEP][PASSED] - click(findTestObject("Perolehan/006 Arahan Bayaran/button_Ya_Simpan")): Object: 'Object Repository/Perolehan/006 Arahan Bayaran/button_Ya_Simpan' is clicked on

2019-03-12 10:01:21 - [MESSAGE][PASSED] - Object: 'Object Repository/Perolehan/006 Arahan Bayaran/button_Ya_Simpan' is clicked on

2019-03-12 10:01:21 - [TEST_STEP][PASSED] - delay(3): Delayed 3 second(s)

2019-03-12 10:01:24 - [MESSAGE][PASSED] - Delayed 3 second(s)

2019-03-12 10:01:24 - [TEST_STEP][PASSED] - takeScreenshot(): Taking screenshot successfully

2019-03-12 10:01:25 - [MESSAGE][PASSED] - Taking screenshot successfully
[[ATTACHMENT|C:\\Users\\Consultant_MSPHitect\\Katalon Studio\\TrainingonKatalon\\Reports\\Perolehan\\02 Pesanan Tempatan Cara Bayaran CEK Dengan Pemfaktoran\\20190312_094949\\1552356084793.png]]

2019-03-12 10:01:25 - [TEST_STEP][PASSED] - attribute = getText(findTestObject("Perolehan/006 Arahan Bayaran/Get_Arahan_Bayaran_RekodID")): Text of object 'Object Repository/Perolehan/006 Arahan Bayaran/Get_Arahan_Bayaran_RekodID' is: 'Rekod Telah Berjaya Disah Simpan. [ NO REKOD :19DAAB030100096 ]
Ok'

2019-03-12 10:01:25 - [MESSAGE][PASSED] - Text of object 'Object Repository/Perolehan/006 Arahan Bayaran/Get_Arahan_Bayaran_RekodID' is: 'Rekod Telah Berjaya Disah Simpan. [ NO REKOD :19DAAB030100096 ]
Ok'

2019-03-12 10:01:25 - [TEST_STEP][PASSED] - println(attribute): null

2019-03-12 10:01:25 - [TEST_STEP][PASSED] - ArahanBayaranID = attribute[(46..60)]: null

2019-03-12 10:01:25 - [TEST_STEP][PASSED] - println(ArahanBayaranID): null

2019-03-12 10:01:25 - [TEST_STEP][PASSED] - ArahanBayaranRekodID = ArahanBayaranID: null

2019-03-12 10:01:25 - [TEST_STEP][PASSED] - delay(3): Delayed 3 second(s)

2019-03-12 10:01:28 - [MESSAGE][PASSED] - Delayed 3 second(s)

2019-03-12 10:01:28 - [TEST_STEP][PASSED] - click(findTestObject("Perolehan/006 Arahan Bayaran/button_OK_Rekod_telah_simpan")): Object: 'Object Repository/Perolehan/006 Arahan Bayaran/button_OK_Rekod_telah_simpan' is clicked on

2019-03-12 10:01:28 - [MESSAGE][PASSED] - Object: 'Object Repository/Perolehan/006 Arahan Bayaran/button_OK_Rekod_telah_simpan' is clicked on

2019-03-12 10:01:28 - [TEST_STEP][PASSED] - closeBrowser(): Browser is closed

2019-03-12 10:01:28 - [MESSAGE][PASSED] - Browser is closed]]></system-out>
         <system-err><![CDATA[]]></system-err>
      </testcase>
      <testcase name="Test Cases/Perolehan/006 Arahan Bayaran/002 Penyemak" classname="Test Cases/Perolehan/006 Arahan Bayaran/002 Penyemak" status="FAILED">
         <failure type="FAILED" message="Test Cases/Perolehan/006 Arahan Bayaran/002 Penyemak FAILED.
Reason:
com.kms.katalon.core.exception.StepFailedException: Unable to click on object 'Object Repository/Perolehan/006 Arahan Bayaran/003 Penyemak/button_OK_berjaya_disemak'
	at com.kms.katalon.core.keyword.internal.KeywordMain.stepFailed(KeywordMain.groovy:48)
	at com.kms.katalon.core.webui.keyword.internal.WebUIKeywordMain.stepFailed(WebUIKeywordMain.groovy:65)
	at com.kms.katalon.core.webui.keyword.internal.WebUIKeywordMain.runKeyword(WebUIKeywordMain.groovy:27)
	at com.kms.katalon.core.webui.keyword.builtin.ClickKeyword.click(ClickKeyword.groovy:86)
	at com.kms.katalon.core.webui.keyword.builtin.ClickKeyword.execute(ClickKeyword.groovy:67)
	at com.kms.katalon.core.keyword.internal.KeywordExecutor.executeKeywordForPlatform(KeywordExecutor.groovy:56)
	at com.kms.katalon.core.webui.keyword.WebUiBuiltInKeywords.click(WebUiBuiltInKeywords.groovy:616)
	at com.kms.katalon.core.webui.keyword.WebUiBuiltInKeywords$click$2.call(Unknown Source)
	at 002 Penyemak.run(002 Penyemak:56)
	at com.kms.katalon.core.main.ScriptEngine.run(ScriptEngine.java:194)
	at com.kms.katalon.core.main.ScriptEngine.runScriptAsRawText(ScriptEngine.java:119)
	at com.kms.katalon.core.main.TestCaseExecutor.runScript(TestCaseExecutor.java:331)
	at com.kms.katalon.core.main.TestCaseExecutor.doExecute(TestCaseExecutor.java:322)
	at com.kms.katalon.core.main.TestCaseExecutor.processExecutionPhase(TestCaseExecutor.java:301)
	at com.kms.katalon.core.main.TestCaseExecutor.accessMainPhase(TestCaseExecutor.java:293)
	at com.kms.katalon.core.main.TestCaseExecutor.execute(TestCaseExecutor.java:227)
	at com.kms.katalon.core.main.TestSuiteExecutor.accessTestCaseMainPhase(TestSuiteExecutor.java:129)
	at com.kms.katalon.core.main.TestSuiteExecutor.accessTestSuiteMainPhase(TestSuiteExecutor.java:112)
	at com.kms.katalon.core.main.TestSuiteExecutor.execute(TestSuiteExecutor.java:81)
	at com.kms.katalon.core.main.TestCaseMain.startTestSuite(TestCaseMain.java:157)
	at com.kms.katalon.core.main.TestCaseMain$startTestSuite$0.call(Unknown Source)
	at TempTestSuite1552355389149.run(TempTestSuite1552355389149.groovy:35)
"/>
         <system-out><![CDATA[2019-03-12 10:01:28 - [TEST_CASE][FAILED] - Test Cases/Perolehan/006 Arahan Bayaran/002 Penyemak: Test Cases/Perolehan/006 Arahan Bayaran/002 Penyemak FAILED.
Reason:
com.kms.katalon.core.exception.StepFailedException: Unable to click on object 'Object Repository/Perolehan/006 Arahan Bayaran/003 Penyemak/button_OK_berjaya_disemak'
	at com.kms.katalon.core.keyword.internal.KeywordMain.stepFailed(KeywordMain.groovy:48)
	at com.kms.katalon.core.webui.keyword.internal.WebUIKeywordMain.stepFailed(WebUIKeywordMain.groovy:65)
	at com.kms.katalon.core.webui.keyword.internal.WebUIKeywordMain.runKeyword(WebUIKeywordMain.groovy:27)
	at com.kms.katalon.core.webui.keyword.builtin.ClickKeyword.click(ClickKeyword.groovy:86)
	at com.kms.katalon.core.webui.keyword.builtin.ClickKeyword.execute(ClickKeyword.groovy:67)
	at com.kms.katalon.core.keyword.internal.KeywordExecutor.executeKeywordForPlatform(KeywordExecutor.groovy:56)
	at com.kms.katalon.core.webui.keyword.WebUiBuiltInKeywords.click(WebUiBuiltInKeywords.groovy:616)
	at com.kms.katalon.core.webui.keyword.WebUiBuiltInKeywords$click$2.call(Unknown Source)
	at 002 Penyemak.run(002 Penyemak:56)
	at com.kms.katalon.core.main.ScriptEngine.run(ScriptEngine.java:194)
	at com.kms.katalon.core.main.ScriptEngine.runScriptAsRawText(ScriptEngine.java:119)
	at com.kms.katalon.core.main.TestCaseExecutor.runScript(TestCaseExecutor.java:331)
	at com.kms.katalon.core.main.TestCaseExecutor.doExecute(TestCaseExecutor.java:322)
	at com.kms.katalon.core.main.TestCaseExecutor.processExecutionPhase(TestCaseExecutor.java:301)
	at com.kms.katalon.core.main.TestCaseExecutor.accessMainPhase(TestCaseExecutor.java:293)
	at com.kms.katalon.core.main.TestCaseExecutor.execute(TestCaseExecutor.java:227)
	at com.kms.katalon.core.main.TestSuiteExecutor.accessTestCaseMainPhase(TestSuiteExecutor.java:129)
	at com.kms.katalon.core.main.TestSuiteExecutor.accessTestSuiteMainPhase(TestSuiteExecutor.java:112)
	at com.kms.katalon.core.main.TestSuiteExecutor.execute(TestSuiteExecutor.java:81)
	at com.kms.katalon.core.main.TestCaseMain.startTestSuite(TestCaseMain.java:157)
	at com.kms.katalon.core.main.TestCaseMain$startTestSuite$0.call(Unknown Source)
	at TempTestSuite1552355389149.run(TempTestSuite1552355389149.groovy:35)


2019-03-12 10:01:28 - [TEST_STEP][PASSED] - reusablefunctions.reusablefunctions.openbrowser(): reusablefunctions.reusablefunctions.openbrowser is PASSED

2019-03-12 10:01:28 - [MESSAGE][INFO] - Starting 'Chrome' driver

2019-03-12 10:01:31 - [MESSAGE][PASSED] - Browser is opened with url: 'https://175.143.52.101:7011/1SPEKSv2/'

2019-03-12 10:01:31 - [MESSAGE][PASSED] - reusablefunctions.reusablefunctions.openbrowser is PASSED

2019-03-12 10:01:31 - [TEST_STEP][PASSED] - reusablefunctions.reusablefunctions.Login(findTestData("ispekstestdata").getValue(1, 2), findTestData("ispekstestdata").getValue(2, 2)): reusablefunctions.reusablefunctions.Login is PASSED

2019-03-12 10:01:32 - [MESSAGE][PASSED] - Text '601101955194' is set on object 'Object Repository/Login/input_NoKadPengenalan'

2019-03-12 10:01:32 - [MESSAGE][PASSED] - Text ****** has been set on object 'Object Repository/Login/input_Password'

2019-03-12 10:01:33 - [MESSAGE][PASSED] - Object: 'Object Repository/Login/input_ButtonLogMasuk' is clicked on

2019-03-12 10:01:43 - [MESSAGE][PASSED] - Delayed 10 second(s)

2019-03-12 10:01:43 - [MESSAGE][PASSED] - reusablefunctions.reusablefunctions.Login is PASSED

2019-03-12 10:01:43 - [TEST_STEP][PASSED] - reusablefunctions.reusablefunctions.PerananPenyemakPTJ(): reusablefunctions.reusablefunctions.PerananPenyemakPTJ is PASSED

2019-03-12 10:01:43 - [MESSAGE][PASSED] - Object: 'Object Repository/Perolehan/TukarPeranan/IconTukarPeranan' is clicked on

2019-03-12 10:01:43 - [MESSAGE][PASSED] - Object: 'Object Repository/Perolehan/TukarPeranan/input_TukarPenyemakPTJ' is clicked on

2019-03-12 10:01:44 - [MESSAGE][PASSED] - Object: 'Object Repository/Perolehan/TukarPeranan/button_Ya' is clicked on

2019-03-12 10:02:04 - [MESSAGE][PASSED] - Delayed 20 second(s)

2019-03-12 10:02:07 - [MESSAGE][PASSED] - Text 'Peranan : [Penyemak] Peringkat : [PTJ]' is present on page 

2019-03-12 10:02:07 - [MESSAGE][PASSED] - reusablefunctions.reusablefunctions.PerananPenyemakPTJ is PASSED

2019-03-12 10:02:07 - [TEST_STEP][PASSED] - doubleClick(findTestObject("Perolehan/006 Arahan Bayaran/003 Penyemak/Dashboard_Senarai_Semak")): Object: 'Object Repository/Perolehan/006 Arahan Bayaran/003 Penyemak/Dashboard_Senarai_Semak' is double clicked on

2019-03-12 10:02:07 - [MESSAGE][PASSED] - Object: 'Object Repository/Perolehan/006 Arahan Bayaran/003 Penyemak/Dashboard_Senarai_Semak' is double clicked on

2019-03-12 10:02:07 - [TEST_STEP][PASSED] - delay(3): Delayed 3 second(s)

2019-03-12 10:02:10 - [MESSAGE][PASSED] - Delayed 3 second(s)

2019-03-12 10:02:10 - [TEST_STEP][PASSED] - setText(findTestObject("Perolehan/006 Arahan Bayaran/003 Penyemak/input_TABLE_NAME_noRekod"), ArahanBayaranRekodID): Text '19DAAB030100096' is set on object 'Object Repository/Perolehan/006 Arahan Bayaran/003 Penyemak/input_TABLE_NAME_noRekod'

2019-03-12 10:02:11 - [MESSAGE][PASSED] - Text '19DAAB030100096' is set on object 'Object Repository/Perolehan/006 Arahan Bayaran/003 Penyemak/input_TABLE_NAME_noRekod'

2019-03-12 10:02:11 - [TEST_STEP][PASSED] - delay(3): Delayed 3 second(s)

2019-03-12 10:02:14 - [MESSAGE][PASSED] - Delayed 3 second(s)

2019-03-12 10:02:14 - [TEST_STEP][PASSED] - doubleClick(findTestObject("Perolehan/006 Arahan Bayaran/003 Penyemak/select_noRekod", ["text":ArahanBayaranRekodID])): Object: 'Object Repository/Perolehan/006 Arahan Bayaran/003 Penyemak/select_noRekod' is double clicked on

2019-03-12 10:02:14 - [MESSAGE][PASSED] - Object: 'Object Repository/Perolehan/006 Arahan Bayaran/003 Penyemak/select_noRekod' is double clicked on

2019-03-12 10:02:14 - [TEST_STEP][PASSED] - delay(3): Delayed 3 second(s)

2019-03-12 10:02:17 - [MESSAGE][PASSED] - Delayed 3 second(s)

2019-03-12 10:02:17 - [TEST_STEP][PASSED] - click(findTestObject("Perolehan/006 Arahan Bayaran/003 Penyemak/button_Senarai_Semak")): Object: 'Object Repository/Perolehan/006 Arahan Bayaran/003 Penyemak/button_Senarai_Semak' is clicked on

2019-03-12 10:02:17 - [MESSAGE][PASSED] - Object: 'Object Repository/Perolehan/006 Arahan Bayaran/003 Penyemak/button_Senarai_Semak' is clicked on

2019-03-12 10:02:17 - [TEST_STEP][PASSED] - delay(3): Delayed 3 second(s)

2019-03-12 10:02:20 - [MESSAGE][PASSED] - Delayed 3 second(s)

2019-03-12 10:02:20 - [TEST_STEP][PASSED] - verifyElementChecked(findTestObject("Perolehan/006 Arahan Bayaran/003 Penyemak/Check_Senarai_Semak_Item"), 3): Object 'Object Repository/Perolehan/006 Arahan Bayaran/003 Penyemak/Check_Senarai_Semak_Item' is checked

2019-03-12 10:02:20 - [MESSAGE][PASSED] - Object 'Object Repository/Perolehan/006 Arahan Bayaran/003 Penyemak/Check_Senarai_Semak_Item' is checked

2019-03-12 10:02:20 - [TEST_STEP][PASSED] - click(findTestObject("Perolehan/006 Arahan Bayaran/003 Penyemak/button_X_Close_Senarai_Semak")): Object: 'Object Repository/Perolehan/006 Arahan Bayaran/003 Penyemak/button_X_Close_Senarai_Semak' is clicked on

2019-03-12 10:02:21 - [MESSAGE][PASSED] - Object: 'Object Repository/Perolehan/006 Arahan Bayaran/003 Penyemak/button_X_Close_Senarai_Semak' is clicked on

2019-03-12 10:02:21 - [TEST_STEP][PASSED] - click(findTestObject("Perolehan/006 Arahan Bayaran/003 Penyemak/button_Semak")): Object: 'Object Repository/Perolehan/006 Arahan Bayaran/003 Penyemak/button_Semak' is clicked on

2019-03-12 10:02:21 - [MESSAGE][PASSED] - Object: 'Object Repository/Perolehan/006 Arahan Bayaran/003 Penyemak/button_Semak' is clicked on

2019-03-12 10:02:21 - [TEST_STEP][PASSED] - click(findTestObject("Perolehan/006 Arahan Bayaran/003 Penyemak/button_Ya_Semak")): Object: 'Object Repository/Perolehan/006 Arahan Bayaran/003 Penyemak/button_Ya_Semak' is clicked on

2019-03-12 10:02:21 - [MESSAGE][PASSED] - Object: 'Object Repository/Perolehan/006 Arahan Bayaran/003 Penyemak/button_Ya_Semak' is clicked on

2019-03-12 10:02:21 - [TEST_STEP][PASSED] - delay(3): Delayed 3 second(s)

2019-03-12 10:02:24 - [MESSAGE][PASSED] - Delayed 3 second(s)

2019-03-12 10:02:24 - [TEST_STEP][PASSED] - takeScreenshot(): Taking screenshot successfully

2019-03-12 10:02:24 - [MESSAGE][PASSED] - Taking screenshot successfully
[[ATTACHMENT|C:\\Users\\Consultant_MSPHitect\\Katalon Studio\\TrainingonKatalon\\Reports\\Perolehan\\02 Pesanan Tempatan Cara Bayaran CEK Dengan Pemfaktoran\\20190312_094949\\1552356144159.png]]

2019-03-12 10:02:24 - [TEST_STEP][PASSED] - delay(3): Delayed 3 second(s)

2019-03-12 10:02:27 - [MESSAGE][PASSED] - Delayed 3 second(s)

2019-03-12 10:02:27 - [TEST_STEP][FAILED] - click(findTestObject("Perolehan/006 Arahan Bayaran/003 Penyemak/button_OK_berjaya_disemak")): click(findTestObject("Perolehan/006 Arahan Bayaran/003 Penyemak/button_OK_berjaya_disemak")) FAILED.
Reason:
com.kms.katalon.core.exception.StepFailedException: Unable to click on object 'Object Repository/Perolehan/006 Arahan Bayaran/003 Penyemak/button_OK_berjaya_disemak'
	at com.kms.katalon.core.keyword.internal.KeywordMain.stepFailed(KeywordMain.groovy:48)
	at com.kms.katalon.core.webui.keyword.internal.WebUIKeywordMain.stepFailed(WebUIKeywordMain.groovy:65)
	at com.kms.katalon.core.webui.keyword.internal.WebUIKeywordMain.runKeyword(WebUIKeywordMain.groovy:27)
	at com.kms.katalon.core.webui.keyword.builtin.ClickKeyword.click(ClickKeyword.groovy:86)
	at com.kms.katalon.core.webui.keyword.builtin.ClickKeyword.execute(ClickKeyword.groovy:67)
	at com.kms.katalon.core.keyword.internal.KeywordExecutor.executeKeywordForPlatform(KeywordExecutor.groovy:56)
	at com.kms.katalon.core.webui.keyword.WebUiBuiltInKeywords.click(WebUiBuiltInKeywords.groovy:616)
	at com.kms.katalon.core.webui.keyword.WebUiBuiltInKeywords$click$2.call(Unknown Source)
	at 002 Penyemak.run(002 Penyemak:56)
	at com.kms.katalon.core.main.ScriptEngine.run(ScriptEngine.java:194)
	at com.kms.katalon.core.main.ScriptEngine.runScriptAsRawText(ScriptEngine.java:119)
	at com.kms.katalon.core.main.TestCaseExecutor.runScript(TestCaseExecutor.java:331)
	at com.kms.katalon.core.main.TestCaseExecutor.doExecute(TestCaseExecutor.java:322)
	at com.kms.katalon.core.main.TestCaseExecutor.processExecutionPhase(TestCaseExecutor.java:301)
	at com.kms.katalon.core.main.TestCaseExecutor.accessMainPhase(TestCaseExecutor.java:293)
	at com.kms.katalon.core.main.TestCaseExecutor.execute(TestCaseExecutor.java:227)
	at com.kms.katalon.core.main.TestSuiteExecutor.accessTestCaseMainPhase(TestSuiteExecutor.java:129)
	at com.kms.katalon.core.main.TestSuiteExecutor.accessTestSuiteMainPhase(TestSuiteExecutor.java:112)
	at com.kms.katalon.core.main.TestSuiteExecutor.execute(TestSuiteExecutor.java:81)
	at com.kms.katalon.core.main.TestCaseMain.startTestSuite(TestCaseMain.java:157)
	at com.kms.katalon.core.main.TestCaseMain$startTestSuite$0.call(Unknown Source)
	at TempTestSuite1552355389149.run(TempTestSuite1552355389149.groovy:35)


2019-03-12 10:02:29 - [MESSAGE][FAILED] - Unable to click on object 'Object Repository/Perolehan/006 Arahan Bayaran/003 Penyemak/button_OK_berjaya_disemak'
[[ATTACHMENT|C:\\Users\\Consultant_MSPHitect\\Katalon Studio\\TrainingonKatalon\\Reports\\Perolehan\\02 Pesanan Tempatan Cara Bayaran CEK Dengan Pemfaktoran\\20190312_094949\\1552356148484.png]]

2019-03-12 10:02:29 - [MESSAGE][FAILED] - click(findTestObject("Perolehan/006 Arahan Bayaran/003 Penyemak/button_OK_berjaya_disemak")) FAILED.
Reason:
com.kms.katalon.core.exception.StepFailedException: Unable to click on object 'Object Repository/Perolehan/006 Arahan Bayaran/003 Penyemak/button_OK_berjaya_disemak'
	at com.kms.katalon.core.keyword.internal.KeywordMain.stepFailed(KeywordMain.groovy:48)
	at com.kms.katalon.core.webui.keyword.internal.WebUIKeywordMain.stepFailed(WebUIKeywordMain.groovy:65)
	at com.kms.katalon.core.webui.keyword.internal.WebUIKeywordMain.runKeyword(WebUIKeywordMain.groovy:27)
	at com.kms.katalon.core.webui.keyword.builtin.ClickKeyword.click(ClickKeyword.groovy:86)
	at com.kms.katalon.core.webui.keyword.builtin.ClickKeyword.execute(ClickKeyword.groovy:67)
	at com.kms.katalon.core.keyword.internal.KeywordExecutor.executeKeywordForPlatform(KeywordExecutor.groovy:56)
	at com.kms.katalon.core.webui.keyword.WebUiBuiltInKeywords.click(WebUiBuiltInKeywords.groovy:616)
	at com.kms.katalon.core.webui.keyword.WebUiBuiltInKeywords$click$2.call(Unknown Source)
	at 002 Penyemak.run(002 Penyemak:56)
	at com.kms.katalon.core.main.ScriptEngine.run(ScriptEngine.java:194)
	at com.kms.katalon.core.main.ScriptEngine.runScriptAsRawText(ScriptEngine.java:119)
	at com.kms.katalon.core.main.TestCaseExecutor.runScript(TestCaseExecutor.java:331)
	at com.kms.katalon.core.main.TestCaseExecutor.doExecute(TestCaseExecutor.java:322)
	at com.kms.katalon.core.main.TestCaseExecutor.processExecutionPhase(TestCaseExecutor.java:301)
	at com.kms.katalon.core.main.TestCaseExecutor.accessMainPhase(TestCaseExecutor.java:293)
	at com.kms.katalon.core.main.TestCaseExecutor.execute(TestCaseExecutor.java:227)
	at com.kms.katalon.core.main.TestSuiteExecutor.accessTestCaseMainPhase(TestSuiteExecutor.java:129)
	at com.kms.katalon.core.main.TestSuiteExecutor.accessTestSuiteMainPhase(TestSuiteExecutor.java:112)
	at com.kms.katalon.core.main.TestSuiteExecutor.execute(TestSuiteExecutor.java:81)
	at com.kms.katalon.core.main.TestCaseMain.startTestSuite(TestCaseMain.java:157)
	at com.kms.katalon.core.main.TestCaseMain$startTestSuite$0.call(Unknown Source)
	at TempTestSuite1552355389149.run(TempTestSuite1552355389149.groovy:35)]]></system-out>
         <system-err><![CDATA[2019-03-12 10:01:28 - [TEST_CASE][FAILED] - Test Cases/Perolehan/006 Arahan Bayaran/002 Penyemak: Test Cases/Perolehan/006 Arahan Bayaran/002 Penyemak FAILED.
Reason:
com.kms.katalon.core.exception.StepFailedException: Unable to click on object 'Object Repository/Perolehan/006 Arahan Bayaran/003 Penyemak/button_OK_berjaya_disemak'
	at com.kms.katalon.core.keyword.internal.KeywordMain.stepFailed(KeywordMain.groovy:48)
	at com.kms.katalon.core.webui.keyword.internal.WebUIKeywordMain.stepFailed(WebUIKeywordMain.groovy:65)
	at com.kms.katalon.core.webui.keyword.internal.WebUIKeywordMain.runKeyword(WebUIKeywordMain.groovy:27)
	at com.kms.katalon.core.webui.keyword.builtin.ClickKeyword.click(ClickKeyword.groovy:86)
	at com.kms.katalon.core.webui.keyword.builtin.ClickKeyword.execute(ClickKeyword.groovy:67)
	at com.kms.katalon.core.keyword.internal.KeywordExecutor.executeKeywordForPlatform(KeywordExecutor.groovy:56)
	at com.kms.katalon.core.webui.keyword.WebUiBuiltInKeywords.click(WebUiBuiltInKeywords.groovy:616)
	at com.kms.katalon.core.webui.keyword.WebUiBuiltInKeywords$click$2.call(Unknown Source)
	at 002 Penyemak.run(002 Penyemak:56)
	at com.kms.katalon.core.main.ScriptEngine.run(ScriptEngine.java:194)
	at com.kms.katalon.core.main.ScriptEngine.runScriptAsRawText(ScriptEngine.java:119)
	at com.kms.katalon.core.main.TestCaseExecutor.runScript(TestCaseExecutor.java:331)
	at com.kms.katalon.core.main.TestCaseExecutor.doExecute(TestCaseExecutor.java:322)
	at com.kms.katalon.core.main.TestCaseExecutor.processExecutionPhase(TestCaseExecutor.java:301)
	at com.kms.katalon.core.main.TestCaseExecutor.accessMainPhase(TestCaseExecutor.java:293)
	at com.kms.katalon.core.main.TestCaseExecutor.execute(TestCaseExecutor.java:227)
	at com.kms.katalon.core.main.TestSuiteExecutor.accessTestCaseMainPhase(TestSuiteExecutor.java:129)
	at com.kms.katalon.core.main.TestSuiteExecutor.accessTestSuiteMainPhase(TestSuiteExecutor.java:112)
	at com.kms.katalon.core.main.TestSuiteExecutor.execute(TestSuiteExecutor.java:81)
	at com.kms.katalon.core.main.TestCaseMain.startTestSuite(TestCaseMain.java:157)
	at com.kms.katalon.core.main.TestCaseMain$startTestSuite$0.call(Unknown Source)
	at TempTestSuite1552355389149.run(TempTestSuite1552355389149.groovy:35)]]></system-err>
      </testcase>
      <testcase name="Test Cases/Perolehan/007 Proses Baucar Bayaran/002 Pelulus Proses Baucar Bayaran - CEK" classname="Test Cases/Perolehan/007 Proses Baucar Bayaran/002 Pelulus Proses Baucar Bayaran - CEK" status="PASSED">
         <system-out><![CDATA[2019-03-12 10:02:29 - [TEST_CASE][PASSED] - Test Cases/Perolehan/007 Proses Baucar Bayaran/002 Pelulus Proses Baucar Bayaran - CEK: Test Cases/Perolehan/007 Proses Baucar Bayaran/002 Pelulus Proses Baucar Bayaran - CEK

2019-03-12 10:02:29 - [TEST_STEP][PASSED] - reusablefunctions.reusablefunctions.openbrowser(): reusablefunctions.reusablefunctions.openbrowser is PASSED

2019-03-12 10:02:29 - [MESSAGE][WARNING] - A browser is already opened. Closing browser and opening a new one

2019-03-12 10:02:29 - [MESSAGE][INFO] - Starting 'Chrome' driver

2019-03-12 10:02:32 - [MESSAGE][PASSED] - Browser is opened with url: 'https://175.143.52.101:7011/1SPEKSv2/'

2019-03-12 10:02:32 - [MESSAGE][PASSED] - reusablefunctions.reusablefunctions.openbrowser is PASSED

2019-03-12 10:02:32 - [TEST_STEP][PASSED] - reusablefunctions.reusablefunctions.Login(findTestData("ispekstestdata").getValue(1, 2), findTestData("ispekstestdata").getValue(2, 2)): reusablefunctions.reusablefunctions.Login is PASSED

2019-03-12 10:02:32 - [MESSAGE][PASSED] - Text '601101955194' is set on object 'Object Repository/Login/input_NoKadPengenalan'

2019-03-12 10:02:32 - [MESSAGE][PASSED] - Text ****** has been set on object 'Object Repository/Login/input_Password'

2019-03-12 10:02:36 - [MESSAGE][PASSED] - Object: 'Object Repository/Login/input_ButtonLogMasuk' is clicked on

2019-03-12 10:02:46 - [MESSAGE][PASSED] - Delayed 10 second(s)

2019-03-12 10:02:46 - [MESSAGE][PASSED] - reusablefunctions.reusablefunctions.Login is PASSED

2019-03-12 10:02:46 - [TEST_STEP][PASSED] - reusablefunctions.reusablefunctions.PerananPelulusPTJ(): reusablefunctions.reusablefunctions.PerananPelulusPTJ is PASSED

2019-03-12 10:02:46 - [MESSAGE][PASSED] - Object: 'Object Repository/Perolehan/TukarPeranan/IconTukarPeranan' is clicked on

2019-03-12 10:02:46 - [MESSAGE][PASSED] - Object: 'Object Repository/Perolehan/TukarPeranan/input_TukarPelulusPTJ' is clicked on

2019-03-12 10:02:46 - [MESSAGE][PASSED] - Object: 'Object Repository/Perolehan/TukarPeranan/button_Ya' is clicked on

2019-03-12 10:03:06 - [MESSAGE][PASSED] - Delayed 20 second(s)

2019-03-12 10:03:09 - [MESSAGE][PASSED] - Text 'Peranan : [Pelulus] Peringkat : [PTJ]' is present on page 

2019-03-12 10:03:09 - [MESSAGE][PASSED] - reusablefunctions.reusablefunctions.PerananPelulusPTJ is PASSED

2019-03-12 10:03:09 - [TEST_STEP][PASSED] - click(findTestObject("Perolehan/007 Proses Baucar Bayaran/Menu_Sisi")): Object: 'Object Repository/Perolehan/007 Proses Baucar Bayaran/Menu_Sisi' is clicked on

2019-03-12 10:03:09 - [MESSAGE][PASSED] - Object: 'Object Repository/Perolehan/007 Proses Baucar Bayaran/Menu_Sisi' is clicked on

2019-03-12 10:03:09 - [TEST_STEP][PASSED] - delay(3): Delayed 3 second(s)

2019-03-12 10:03:12 - [MESSAGE][PASSED] - Delayed 3 second(s)

2019-03-12 10:03:12 - [TEST_STEP][PASSED] - click(findTestObject("Object Repository/Perolehan/007 Proses Baucar Bayaran/Menu_Akaun Belum Bayar")): Object: 'Object Repository/Perolehan/007 Proses Baucar Bayaran/Menu_Akaun Belum Bayar' is clicked on

2019-03-12 10:03:12 - [MESSAGE][PASSED] - Object: 'Object Repository/Perolehan/007 Proses Baucar Bayaran/Menu_Akaun Belum Bayar' is clicked on

2019-03-12 10:03:12 - [TEST_STEP][PASSED] - delay(3): Delayed 3 second(s)

2019-03-12 10:03:15 - [MESSAGE][PASSED] - Delayed 3 second(s)

2019-03-12 10:03:15 - [TEST_STEP][PASSED] - click(findTestObject("Perolehan/007 Proses Baucar Bayaran/Menu_Expand_Baucar_Bayaran")): Object: 'Object Repository/Perolehan/007 Proses Baucar Bayaran/Menu_Expand_Baucar_Bayaran' is clicked on

2019-03-12 10:03:15 - [MESSAGE][PASSED] - Object: 'Object Repository/Perolehan/007 Proses Baucar Bayaran/Menu_Expand_Baucar_Bayaran' is clicked on

2019-03-12 10:03:15 - [TEST_STEP][PASSED] - delay(3): Delayed 3 second(s)

2019-03-12 10:03:18 - [MESSAGE][PASSED] - Delayed 3 second(s)

2019-03-12 10:03:18 - [TEST_STEP][PASSED] - click(findTestObject("Perolehan/007 Proses Baucar Bayaran/Menu_Integrasi_Dalaman")): Object: 'Object Repository/Perolehan/007 Proses Baucar Bayaran/Menu_Integrasi_Dalaman' is clicked on

2019-03-12 10:03:18 - [MESSAGE][PASSED] - Object: 'Object Repository/Perolehan/007 Proses Baucar Bayaran/Menu_Integrasi_Dalaman' is clicked on

2019-03-12 10:03:18 - [TEST_STEP][PASSED] - delay(3): Delayed 3 second(s)

2019-03-12 10:03:21 - [MESSAGE][PASSED] - Delayed 3 second(s)

2019-03-12 10:03:21 - [TEST_STEP][PASSED] - setText(findTestObject("Perolehan/007 Proses Baucar Bayaran/input_No_Rekod"), ArahanBayaranRekodID): Text '19DAAB030100096' is set on object 'Object Repository/Perolehan/007 Proses Baucar Bayaran/input_No_Rekod'

2019-03-12 10:03:22 - [MESSAGE][PASSED] - Text '19DAAB030100096' is set on object 'Object Repository/Perolehan/007 Proses Baucar Bayaran/input_No_Rekod'

2019-03-12 10:03:22 - [TEST_STEP][PASSED] - delay(3): Delayed 3 second(s)

2019-03-12 10:03:25 - [MESSAGE][PASSED] - Delayed 3 second(s)

2019-03-12 10:03:25 - [TEST_STEP][PASSED] - doubleClick(findTestObject("Perolehan/007 Proses Baucar Bayaran/select_No_Rekod", ["text":ArahanBayaranRekodID])): Object: 'Object Repository/Perolehan/007 Proses Baucar Bayaran/select_No_Rekod' is double clicked on

2019-03-12 10:03:25 - [MESSAGE][PASSED] - Object: 'Object Repository/Perolehan/007 Proses Baucar Bayaran/select_No_Rekod' is double clicked on

2019-03-12 10:03:25 - [TEST_STEP][PASSED] - delay(3): Delayed 3 second(s)

2019-03-12 10:03:28 - [MESSAGE][PASSED] - Delayed 3 second(s)

2019-03-12 10:03:28 - [TEST_STEP][PASSED] - namapenerima = getText(findTestObject("Perolehan/007 Proses Baucar Bayaran/Nama_Penerima")): Text of object 'Object Repository/Perolehan/007 Proses Baucar Bayaran/Nama_Penerima' is: 'KEDAI BUKU ARMADA'

2019-03-12 10:03:28 - [MESSAGE][PASSED] - Text of object 'Object Repository/Perolehan/007 Proses Baucar Bayaran/Nama_Penerima' is: 'KEDAI BUKU ARMADA'

2019-03-12 10:03:28 - [TEST_STEP][PASSED] - delay(3): Delayed 3 second(s)

2019-03-12 10:03:31 - [MESSAGE][PASSED] - Delayed 3 second(s)

2019-03-12 10:03:31 - [TEST_STEP][PASSED] - verifyMatch(namapenerima, "KEDAI BUKU ARMADA", false): Actual text 'KEDAI BUKU ARMADA' and expected text 'KEDAI BUKU ARMADA' are matched 

2019-03-12 10:03:31 - [MESSAGE][PASSED] - Actual text 'KEDAI BUKU ARMADA' and expected text 'KEDAI BUKU ARMADA' are matched 

2019-03-12 10:03:31 - [TEST_STEP][PASSED] - jumlahkeseluruhan = getText(findTestObject("Perolehan/007 Proses Baucar Bayaran/jumlah_amaun")): Text of object 'Object Repository/Perolehan/007 Proses Baucar Bayaran/jumlah_amaun' is: '5.30'

2019-03-12 10:03:31 - [MESSAGE][PASSED] - Text of object 'Object Repository/Perolehan/007 Proses Baucar Bayaran/jumlah_amaun' is: '5.30'

2019-03-12 10:03:31 - [TEST_STEP][PASSED] - delay(3): Delayed 3 second(s)

2019-03-12 10:03:34 - [MESSAGE][PASSED] - Delayed 3 second(s)

2019-03-12 10:03:34 - [TEST_STEP][PASSED] - verifyMatch(jumlahkeseluruhan, "5.30", false): Actual text '5.30' and expected text '5.30' are matched 

2019-03-12 10:03:34 - [MESSAGE][PASSED] - Actual text '5.30' and expected text '5.30' are matched 

2019-03-12 10:03:34 - [TEST_STEP][PASSED] - click(findTestObject("Perolehan/007 Proses Baucar Bayaran/button_Lulus")): Object: 'Object Repository/Perolehan/007 Proses Baucar Bayaran/button_Lulus' is clicked on

2019-03-12 10:03:34 - [MESSAGE][PASSED] - Object: 'Object Repository/Perolehan/007 Proses Baucar Bayaran/button_Lulus' is clicked on

2019-03-12 10:03:34 - [TEST_STEP][PASSED] - delay(3): Delayed 3 second(s)

2019-03-12 10:03:37 - [MESSAGE][PASSED] - Delayed 3 second(s)

2019-03-12 10:03:37 - [TEST_STEP][PASSED] - click(findTestObject("Perolehan/007 Proses Baucar Bayaran/button_Ya_Lulus")): Object: 'Object Repository/Perolehan/007 Proses Baucar Bayaran/button_Ya_Lulus' is clicked on

2019-03-12 10:03:37 - [MESSAGE][PASSED] - Object: 'Object Repository/Perolehan/007 Proses Baucar Bayaran/button_Ya_Lulus' is clicked on

2019-03-12 10:03:37 - [TEST_STEP][PASSED] - delay(3): Delayed 3 second(s)

2019-03-12 10:03:40 - [MESSAGE][PASSED] - Delayed 3 second(s)

2019-03-12 10:03:40 - [TEST_STEP][PASSED] - No_Baucar = getText(findTestObject("Perolehan/007 Proses Baucar Bayaran/div_Rekod Berjaya Diluluskan")): Text of object 'Object Repository/Perolehan/007 Proses Baucar Bayaran/div_Rekod Berjaya Diluluskan' is: 'Rekod Berjaya Diluluskan.
No. Baucar : 19DABB0400110
Adakah Anda Ingin Mencetak Rekod Ini?
YaTidak'

2019-03-12 10:03:40 - [MESSAGE][PASSED] - Text of object 'Object Repository/Perolehan/007 Proses Baucar Bayaran/div_Rekod Berjaya Diluluskan' is: 'Rekod Berjaya Diluluskan.
No. Baucar : 19DABB0400110
Adakah Anda Ingin Mencetak Rekod Ini?
YaTidak'

2019-03-12 10:03:40 - [TEST_STEP][PASSED] - println(No_Baucar): null

2019-03-12 10:03:40 - [TEST_STEP][PASSED] - Baucar_id = No_Baucar[(39..51)]: null

2019-03-12 10:03:40 - [TEST_STEP][PASSED] - println(Baucar_id): null

2019-03-12 10:03:40 - [TEST_STEP][PASSED] - Nombor_Baucar = Baucar_id: null

2019-03-12 10:03:40 - [TEST_STEP][PASSED] - delay(3): Delayed 3 second(s)

2019-03-12 10:03:43 - [MESSAGE][PASSED] - Delayed 3 second(s)

2019-03-12 10:03:43 - [TEST_STEP][PASSED] - click(findTestObject("Perolehan/007 Proses Baucar Bayaran/button_Ya_Cetak")): Object: 'Object Repository/Perolehan/007 Proses Baucar Bayaran/button_Ya_Cetak' is clicked on

2019-03-12 10:04:04 - [MESSAGE][PASSED] - Object: 'Object Repository/Perolehan/007 Proses Baucar Bayaran/button_Ya_Cetak' is clicked on

2019-03-12 10:04:04 - [TEST_STEP][PASSED] - switchToWindowIndex(1): Switched to window with index: '1'

2019-03-12 10:04:04 - [MESSAGE][PASSED] - Switched to window with index: '1'

2019-03-12 10:04:04 - [TEST_STEP][PASSED] - delay(3): Delayed 3 second(s)

2019-03-12 10:04:07 - [MESSAGE][PASSED] - Delayed 3 second(s)

2019-03-12 10:04:07 - [TEST_STEP][PASSED] - waitForPageLoad(180): Wait for page load successfully

2019-03-12 10:04:08 - [MESSAGE][PASSED] - Wait for page load successfully

2019-03-12 10:04:08 - [TEST_STEP][PASSED] - takeScreenshot(): Taking screenshot successfully

2019-03-12 10:04:08 - [MESSAGE][PASSED] - Taking screenshot successfully
[[ATTACHMENT|C:\\Users\\Consultant_MSPHitect\\Katalon Studio\\TrainingonKatalon\\Reports\\Perolehan\\02 Pesanan Tempatan Cara Bayaran CEK Dengan Pemfaktoran\\20190312_094949\\1552356248381.png]]

2019-03-12 10:04:08 - [TEST_STEP][PASSED] - switchToWindowIndex(0): Switched to window with index: '0'

2019-03-12 10:04:08 - [MESSAGE][PASSED] - Switched to window with index: '0'

2019-03-12 10:04:08 - [TEST_STEP][PASSED] - delay(3): Delayed 3 second(s)

2019-03-12 10:04:11 - [MESSAGE][PASSED] - Delayed 3 second(s)

2019-03-12 10:04:11 - [TEST_STEP][PASSED] - closeBrowser(): Browser is closed

2019-03-12 10:04:12 - [MESSAGE][PASSED] - Browser is closed]]></system-out>
         <system-err><![CDATA[]]></system-err>
      </testcase>
      <testcase name="Test Cases/Perolehan/008 Posting Bayaran/002 Posting Bayaran - CEK" classname="Test Cases/Perolehan/008 Posting Bayaran/002 Posting Bayaran - CEK" status="PASSED">
         <system-out><![CDATA[2019-03-12 10:04:12 - [TEST_CASE][PASSED] - Test Cases/Perolehan/008 Posting Bayaran/002 Posting Bayaran - CEK: Test Cases/Perolehan/008 Posting Bayaran/002 Posting Bayaran - CEK

2019-03-12 10:04:12 - [TEST_STEP][PASSED] - reusablefunctions.reusablefunctions.openbrowser(): reusablefunctions.reusablefunctions.openbrowser is PASSED

2019-03-12 10:04:12 - [MESSAGE][INFO] - Starting 'Chrome' driver

2019-03-12 10:04:15 - [MESSAGE][PASSED] - Browser is opened with url: 'https://175.143.52.101:7011/1SPEKSv2/'

2019-03-12 10:04:15 - [MESSAGE][PASSED] - reusablefunctions.reusablefunctions.openbrowser is PASSED

2019-03-12 10:04:15 - [TEST_STEP][PASSED] - reusablefunctions.reusablefunctions.Login(findTestData("ispekstestdata").getValue(1, 2), findTestData("ispekstestdata").getValue(2, 2)): reusablefunctions.reusablefunctions.Login is PASSED

2019-03-12 10:04:15 - [MESSAGE][PASSED] - Text '601101955194' is set on object 'Object Repository/Login/input_NoKadPengenalan'

2019-03-12 10:04:15 - [MESSAGE][PASSED] - Text ****** has been set on object 'Object Repository/Login/input_Password'

2019-03-12 10:04:18 - [MESSAGE][PASSED] - Object: 'Object Repository/Login/input_ButtonLogMasuk' is clicked on

2019-03-12 10:04:28 - [MESSAGE][PASSED] - Delayed 10 second(s)

2019-03-12 10:04:28 - [MESSAGE][PASSED] - reusablefunctions.reusablefunctions.Login is PASSED

2019-03-12 10:04:28 - [TEST_STEP][PASSED] - reusablefunctions.reusablefunctions.PerananPelulusBN(): reusablefunctions.reusablefunctions.PerananPelulusBN is PASSED

2019-03-12 10:04:28 - [MESSAGE][PASSED] - Object: 'Object Repository/Perolehan/TukarPeranan/IconTukarPeranan' is clicked on

2019-03-12 10:04:28 - [MESSAGE][PASSED] - Object: 'Object Repository/Perolehan/TukarPeranan/input_TukarPelulusBN' is clicked on

2019-03-12 10:04:28 - [MESSAGE][PASSED] - Object: 'Object Repository/Perolehan/TukarPeranan/button_Ya' is clicked on

2019-03-12 10:04:48 - [MESSAGE][PASSED] - Delayed 20 second(s)

2019-03-12 10:04:51 - [MESSAGE][PASSED] - Text 'Peranan : [Pelulus] Peringkat : [BN]' is present on page 

2019-03-12 10:04:51 - [MESSAGE][PASSED] - reusablefunctions.reusablefunctions.PerananPelulusBN is PASSED

2019-03-12 10:04:51 - [TEST_STEP][PASSED] - click(findTestObject("Perolehan/001 Left_Menu_Selection/a_ExpandMenuonLeft")): Object: 'Object Repository/Perolehan/001 Left_Menu_Selection/a_ExpandMenuonLeft' is clicked on

2019-03-12 10:04:51 - [MESSAGE][PASSED] - Object: 'Object Repository/Perolehan/001 Left_Menu_Selection/a_ExpandMenuonLeft' is clicked on

2019-03-12 10:04:51 - [TEST_STEP][PASSED] - delay(3): Delayed 3 second(s)

2019-03-12 10:04:54 - [MESSAGE][PASSED] - Delayed 3 second(s)

2019-03-12 10:04:54 - [TEST_STEP][PASSED] - click(findTestObject("Perolehan/001 Left_Menu_Selection/div_PanelTitlePengurusanTunai")): Object: 'Object Repository/Perolehan/001 Left_Menu_Selection/div_PanelTitlePengurusanTunai' is clicked on

2019-03-12 10:04:55 - [MESSAGE][PASSED] - Object: 'Object Repository/Perolehan/001 Left_Menu_Selection/div_PanelTitlePengurusanTunai' is clicked on

2019-03-12 10:04:55 - [TEST_STEP][PASSED] - delay(3): Delayed 3 second(s)

2019-03-12 10:04:58 - [MESSAGE][PASSED] - Delayed 3 second(s)

2019-03-12 10:04:58 - [TEST_STEP][PASSED] - click(findTestObject("Perolehan/001 Left_Menu_Selection/div_PostBayaran")): Object: 'Object Repository/Perolehan/001 Left_Menu_Selection/div_PostBayaran' is clicked on

2019-03-12 10:04:58 - [MESSAGE][PASSED] - Object: 'Object Repository/Perolehan/001 Left_Menu_Selection/div_PostBayaran' is clicked on

2019-03-12 10:04:58 - [TEST_STEP][PASSED] - delay(3): Delayed 3 second(s)

2019-03-12 10:05:01 - [MESSAGE][PASSED] - Delayed 3 second(s)

2019-03-12 10:05:01 - [TEST_STEP][PASSED] - click(findTestObject("Perolehan/008 Post Bayaran/Drop_Down_Cara_Bayaran")): Object: 'Object Repository/Perolehan/008 Post Bayaran/Drop_Down_Cara_Bayaran' is clicked on

2019-03-12 10:05:01 - [MESSAGE][PASSED] - Object: 'Object Repository/Perolehan/008 Post Bayaran/Drop_Down_Cara_Bayaran' is clicked on

2019-03-12 10:05:01 - [TEST_STEP][PASSED] - click(findTestObject("Perolehan/008 Post Bayaran/Select_Cara_Bayaran_CEK")): Object: 'Object Repository/Perolehan/008 Post Bayaran/Select_Cara_Bayaran_CEK' is clicked on

2019-03-12 10:05:01 - [MESSAGE][PASSED] - Object: 'Object Repository/Perolehan/008 Post Bayaran/Select_Cara_Bayaran_CEK' is clicked on

2019-03-12 10:05:01 - [TEST_STEP][PASSED] - delay(3): Delayed 3 second(s)

2019-03-12 10:05:04 - [MESSAGE][PASSED] - Delayed 3 second(s)

2019-03-12 10:05:04 - [TEST_STEP][PASSED] - click(findTestObject("Perolehan/008 Post Bayaran/Drop_down_No_Baucar")): Object: 'Object Repository/Perolehan/008 Post Bayaran/Drop_down_No_Baucar' is clicked on

2019-03-12 10:05:04 - [MESSAGE][PASSED] - Object: 'Object Repository/Perolehan/008 Post Bayaran/Drop_down_No_Baucar' is clicked on

2019-03-12 10:05:04 - [TEST_STEP][PASSED] - delay(3): Delayed 3 second(s)

2019-03-12 10:05:07 - [MESSAGE][PASSED] - Delayed 3 second(s)

2019-03-12 10:05:07 - [TEST_STEP][PASSED] - setText(findTestObject("Perolehan/008 Post Bayaran/input_No. Baucar_noBaucar"), Nombor_Baucar): Text '19DABB0400110' is set on object 'Object Repository/Perolehan/008 Post Bayaran/input_No. Baucar_noBaucar'

2019-03-12 10:05:07 - [MESSAGE][PASSED] - Text '19DABB0400110' is set on object 'Object Repository/Perolehan/008 Post Bayaran/input_No. Baucar_noBaucar'

2019-03-12 10:05:07 - [TEST_STEP][PASSED] - delay(3): Delayed 3 second(s)

2019-03-12 10:05:10 - [MESSAGE][PASSED] - Delayed 3 second(s)

2019-03-12 10:05:10 - [TEST_STEP][PASSED] - click(findTestObject("Perolehan/008 Post Bayaran/select_No_Baucar", ["text":Nombor_Baucar])): Object: 'Object Repository/Perolehan/008 Post Bayaran/select_No_Baucar' is clicked on

2019-03-12 10:05:10 - [MESSAGE][PASSED] - Object: 'Object Repository/Perolehan/008 Post Bayaran/select_No_Baucar' is clicked on

2019-03-12 10:05:10 - [TEST_STEP][PASSED] - delay(3): Delayed 3 second(s)

2019-03-12 10:05:13 - [MESSAGE][PASSED] - Delayed 3 second(s)

2019-03-12 10:05:13 - [TEST_STEP][PASSED] - click(findTestObject("Perolehan/008 Post Bayaran/button_Cari")): Object: 'Object Repository/Perolehan/008 Post Bayaran/button_Cari' is clicked on

2019-03-12 10:05:13 - [MESSAGE][PASSED] - Object: 'Object Repository/Perolehan/008 Post Bayaran/button_Cari' is clicked on

2019-03-12 10:05:13 - [TEST_STEP][PASSED] - delay(23): Delayed 23 second(s)

2019-03-12 10:05:36 - [MESSAGE][PASSED] - Delayed 23 second(s)

2019-03-12 10:05:36 - [TEST_STEP][PASSED] - check(findTestObject("Perolehan/008 Post Bayaran/checkbox_proses")): Object 'Object Repository/Perolehan/008 Post Bayaran/checkbox_proses' is checked

2019-03-12 10:05:37 - [MESSAGE][PASSED] - Object 'Object Repository/Perolehan/008 Post Bayaran/checkbox_proses' is checked

2019-03-12 10:05:37 - [TEST_STEP][PASSED] - click(findTestObject("Perolehan/008 Post Bayaran/button_proses")): Object: 'Object Repository/Perolehan/008 Post Bayaran/button_proses' is clicked on

2019-03-12 10:05:37 - [MESSAGE][PASSED] - Object: 'Object Repository/Perolehan/008 Post Bayaran/button_proses' is clicked on

2019-03-12 10:05:37 - [TEST_STEP][PASSED] - delay(3): Delayed 3 second(s)

2019-03-12 10:05:40 - [MESSAGE][PASSED] - Delayed 3 second(s)

2019-03-12 10:05:40 - [TEST_STEP][PASSED] - click(findTestObject("Perolehan/008 Post Bayaran/button_Ya_Proses")): Object: 'Object Repository/Perolehan/008 Post Bayaran/button_Ya_Proses' is clicked on

2019-03-12 10:05:40 - [MESSAGE][PASSED] - Object: 'Object Repository/Perolehan/008 Post Bayaran/button_Ya_Proses' is clicked on

2019-03-12 10:05:40 - [TEST_STEP][PASSED] - delay(10): Delayed 10 second(s)

2019-03-12 10:05:50 - [MESSAGE][PASSED] - Delayed 10 second(s)

2019-03-12 10:05:50 - [TEST_STEP][PASSED] - waitForElementPresent(findTestObject("Perolehan/008 Post Bayaran/button_OK"), 180): Object 'Object Repository/Perolehan/008 Post Bayaran/button_OK' is present

2019-03-12 10:05:50 - [MESSAGE][PASSED] - Object 'Object Repository/Perolehan/008 Post Bayaran/button_OK' is present

2019-03-12 10:05:50 - [TEST_STEP][PASSED] - verifyTextPresent("Proses Posting Berjaya.", false): Text 'Proses Posting Berjaya.' is present on page 

2019-03-12 10:05:51 - [MESSAGE][PASSED] - Text 'Proses Posting Berjaya.' is present on page 

2019-03-12 10:05:51 - [TEST_STEP][PASSED] - takeScreenshot(): Taking screenshot successfully

2019-03-12 10:05:51 - [MESSAGE][PASSED] - Taking screenshot successfully
[[ATTACHMENT|C:\\Users\\Consultant_MSPHitect\\Katalon Studio\\TrainingonKatalon\\Reports\\Perolehan\\02 Pesanan Tempatan Cara Bayaran CEK Dengan Pemfaktoran\\20190312_094949\\1552356351251.png]]

2019-03-12 10:05:51 - [TEST_STEP][PASSED] - click(findTestObject("Perolehan/008 Post Bayaran/button_OK")): Object: 'Object Repository/Perolehan/008 Post Bayaran/button_OK' is clicked on

2019-03-12 10:05:51 - [MESSAGE][PASSED] - Object: 'Object Repository/Perolehan/008 Post Bayaran/button_OK' is clicked on

2019-03-12 10:05:51 - [TEST_STEP][PASSED] - delay(3): Delayed 3 second(s)

2019-03-12 10:05:54 - [MESSAGE][PASSED] - Delayed 3 second(s)

2019-03-12 10:05:54 - [TEST_STEP][PASSED] - closeBrowser(): Browser is closed

2019-03-12 10:05:55 - [MESSAGE][PASSED] - Browser is closed]]></system-out>
         <system-err><![CDATA[]]></system-err>
      </testcase>
      <testcase name="Test Cases/Perolehan/009 Penyedia Cetak Baucar Bayaran/001 Penyedia Cetak Baucar Bayaran" classname="Test Cases/Perolehan/009 Penyedia Cetak Baucar Bayaran/001 Penyedia Cetak Baucar Bayaran" status="PASSED">
         <system-out><![CDATA[2019-03-12 10:05:55 - [TEST_CASE][PASSED] - Test Cases/Perolehan/009 Penyedia Cetak Baucar Bayaran/001 Penyedia Cetak Baucar Bayaran: Test Cases/Perolehan/009 Penyedia Cetak Baucar Bayaran/001 Penyedia Cetak Baucar Bayaran

2019-03-12 10:05:55 - [TEST_STEP][PASSED] - reusablefunctions.reusablefunctions.openbrowser(): reusablefunctions.reusablefunctions.openbrowser is PASSED

2019-03-12 10:05:55 - [MESSAGE][INFO] - Starting 'Chrome' driver

2019-03-12 10:05:58 - [MESSAGE][PASSED] - Browser is opened with url: 'https://175.143.52.101:7011/1SPEKSv2/'

2019-03-12 10:05:58 - [MESSAGE][PASSED] - reusablefunctions.reusablefunctions.openbrowser is PASSED

2019-03-12 10:05:58 - [TEST_STEP][PASSED] - reusablefunctions.reusablefunctions.Login(findTestData("ispekstestdata").getValue(1, 2), findTestData("ispekstestdata").getValue(2, 2)): reusablefunctions.reusablefunctions.Login is PASSED

2019-03-12 10:05:58 - [MESSAGE][PASSED] - Text '601101955194' is set on object 'Object Repository/Login/input_NoKadPengenalan'

2019-03-12 10:05:58 - [MESSAGE][PASSED] - Text ****** has been set on object 'Object Repository/Login/input_Password'

2019-03-12 10:06:04 - [MESSAGE][PASSED] - Object: 'Object Repository/Login/input_ButtonLogMasuk' is clicked on

2019-03-12 10:06:14 - [MESSAGE][PASSED] - Delayed 10 second(s)

2019-03-12 10:06:14 - [MESSAGE][PASSED] - reusablefunctions.reusablefunctions.Login is PASSED

2019-03-12 10:06:14 - [TEST_STEP][PASSED] - reusablefunctions.reusablefunctions.PerananPenyediaPTJ(): reusablefunctions.reusablefunctions.PerananPenyediaPTJ is PASSED

2019-03-12 10:06:14 - [MESSAGE][PASSED] - Object: 'Object Repository/Perolehan/TukarPeranan/IconTukarPeranan' is clicked on

2019-03-12 10:06:14 - [MESSAGE][PASSED] - Object: 'Object Repository/Perolehan/TukarPeranan/input_TukarPenyediaPTJ' is clicked on

2019-03-12 10:06:14 - [MESSAGE][PASSED] - Object: 'Object Repository/Perolehan/TukarPeranan/button_Ya' is clicked on

2019-03-12 10:06:44 - [MESSAGE][PASSED] - Delayed 30 second(s)

2019-03-12 10:06:47 - [MESSAGE][PASSED] - Text 'Peranan : [Penyedia] Peringkat : [PTJ]' is present on page 

2019-03-12 10:06:47 - [MESSAGE][PASSED] - reusablefunctions.reusablefunctions.PerananPenyediaPTJ is PASSED

2019-03-12 10:06:47 - [TEST_STEP][PASSED] - click(findTestObject("Perolehan/001 Left_Menu_Selection/a_ExpandMenuonLeft")): Object: 'Object Repository/Perolehan/001 Left_Menu_Selection/a_ExpandMenuonLeft' is clicked on

2019-03-12 10:06:47 - [MESSAGE][PASSED] - Object: 'Object Repository/Perolehan/001 Left_Menu_Selection/a_ExpandMenuonLeft' is clicked on

2019-03-12 10:06:47 - [TEST_STEP][PASSED] - delay(3): Delayed 3 second(s)

2019-03-12 10:06:50 - [MESSAGE][PASSED] - Delayed 3 second(s)

2019-03-12 10:06:50 - [TEST_STEP][PASSED] - click(findTestObject("Perolehan/001 Left_Menu_Selection/Menu_Akaun Belum Bayar")): Object: 'Object Repository/Perolehan/001 Left_Menu_Selection/Menu_Akaun Belum Bayar' is clicked on

2019-03-12 10:06:50 - [MESSAGE][PASSED] - Object: 'Object Repository/Perolehan/001 Left_Menu_Selection/Menu_Akaun Belum Bayar' is clicked on

2019-03-12 10:06:50 - [TEST_STEP][PASSED] - delay(3): Delayed 3 second(s)

2019-03-12 10:06:53 - [MESSAGE][PASSED] - Delayed 3 second(s)

2019-03-12 10:06:53 - [TEST_STEP][PASSED] - click(findTestObject("Perolehan/001 Left_Menu_Selection/div_Carian_Akaun_Belum_Bayar")): Object: 'Object Repository/Perolehan/001 Left_Menu_Selection/div_Carian_Akaun_Belum_Bayar' is clicked on

2019-03-12 10:06:53 - [MESSAGE][PASSED] - Object: 'Object Repository/Perolehan/001 Left_Menu_Selection/div_Carian_Akaun_Belum_Bayar' is clicked on

2019-03-12 10:06:53 - [TEST_STEP][PASSED] - delay(3): Delayed 3 second(s)

2019-03-12 10:06:56 - [MESSAGE][PASSED] - Delayed 3 second(s)

2019-03-12 10:06:56 - [TEST_STEP][PASSED] - click(findTestObject("Perolehan/009 Penyedia Cetak Baucar Bayaran/Drop_down_Jenis_Carian")): Object: 'Object Repository/Perolehan/009 Penyedia Cetak Baucar Bayaran/Drop_down_Jenis_Carian' is clicked on

2019-03-12 10:07:01 - [MESSAGE][PASSED] - Object: 'Object Repository/Perolehan/009 Penyedia Cetak Baucar Bayaran/Drop_down_Jenis_Carian' is clicked on

2019-03-12 10:07:01 - [TEST_STEP][PASSED] - click(findTestObject("Perolehan/009 Penyedia Cetak Baucar Bayaran/Select_No_Baucar")): Object: 'Object Repository/Perolehan/009 Penyedia Cetak Baucar Bayaran/Select_No_Baucar' is clicked on

2019-03-12 10:07:01 - [MESSAGE][PASSED] - Object: 'Object Repository/Perolehan/009 Penyedia Cetak Baucar Bayaran/Select_No_Baucar' is clicked on

2019-03-12 10:07:01 - [TEST_STEP][PASSED] - setText(findTestObject("Perolehan/009 Penyedia Cetak Baucar Bayaran/Input_No_Baucar"), Nombor_Baucar): Text '19DABB0400110' is set on object 'Object Repository/Perolehan/009 Penyedia Cetak Baucar Bayaran/Input_No_Baucar'

2019-03-12 10:07:01 - [MESSAGE][PASSED] - Text '19DABB0400110' is set on object 'Object Repository/Perolehan/009 Penyedia Cetak Baucar Bayaran/Input_No_Baucar'

2019-03-12 10:07:01 - [TEST_STEP][PASSED] - click(findTestObject("Perolehan/009 Penyedia Cetak Baucar Bayaran/button_Cari")): Object: 'Object Repository/Perolehan/009 Penyedia Cetak Baucar Bayaran/button_Cari' is clicked on

2019-03-12 10:07:01 - [MESSAGE][PASSED] - Object: 'Object Repository/Perolehan/009 Penyedia Cetak Baucar Bayaran/button_Cari' is clicked on

2019-03-12 10:07:01 - [TEST_STEP][PASSED] - delay(15): Delayed 15 second(s)

2019-03-12 10:07:16 - [MESSAGE][PASSED] - Delayed 15 second(s)

2019-03-12 10:07:16 - [TEST_STEP][PASSED] - click(findTestObject("Perolehan/009 Penyedia Cetak Baucar Bayaran/button_Cetak")): Object: 'Object Repository/Perolehan/009 Penyedia Cetak Baucar Bayaran/button_Cetak' is clicked on

2019-03-12 10:07:17 - [MESSAGE][PASSED] - Object: 'Object Repository/Perolehan/009 Penyedia Cetak Baucar Bayaran/button_Cetak' is clicked on

2019-03-12 10:07:17 - [TEST_STEP][PASSED] - delay(10): Delayed 10 second(s)

2019-03-12 10:07:27 - [MESSAGE][PASSED] - Delayed 10 second(s)

2019-03-12 10:07:27 - [TEST_STEP][PASSED] - switchToWindowIndex(1): Switched to window with index: '1'

2019-03-12 10:07:27 - [MESSAGE][PASSED] - Switched to window with index: '1'

2019-03-12 10:07:27 - [TEST_STEP][PASSED] - delay(3): Delayed 3 second(s)

2019-03-12 10:07:30 - [MESSAGE][PASSED] - Delayed 3 second(s)

2019-03-12 10:07:30 - [TEST_STEP][PASSED] - waitForPageLoad(180): Wait for page load successfully

2019-03-12 10:07:31 - [MESSAGE][PASSED] - Wait for page load successfully

2019-03-12 10:07:31 - [TEST_STEP][PASSED] - takeScreenshot(): Taking screenshot successfully

2019-03-12 10:07:31 - [MESSAGE][PASSED] - Taking screenshot successfully
[[ATTACHMENT|C:\\Users\\Consultant_MSPHitect\\Katalon Studio\\TrainingonKatalon\\Reports\\Perolehan\\02 Pesanan Tempatan Cara Bayaran CEK Dengan Pemfaktoran\\20190312_094949\\1552356451208.png]]

2019-03-12 10:07:31 - [TEST_STEP][PASSED] - switchToWindowIndex(0): Switched to window with index: '0'

2019-03-12 10:07:31 - [MESSAGE][PASSED] - Switched to window with index: '0'

2019-03-12 10:07:31 - [TEST_STEP][PASSED] - delay(3): Delayed 3 second(s)

2019-03-12 10:07:34 - [MESSAGE][PASSED] - Delayed 3 second(s)

2019-03-12 10:07:34 - [TEST_STEP][PASSED] - closeBrowser(): Browser is closed

2019-03-12 10:07:35 - [MESSAGE][PASSED] - Browser is closed]]></system-out>
         <system-err><![CDATA[]]></system-err>
      </testcase>
      <system-out><![CDATA[2019-03-12 09:49:57 - [TEST_SUITE][FAILED] - 02 Pesanan Tempatan Cara Bayaran CEK Dengan Pemfaktoran: Test Cases/Perolehan/005 Terimaan Barang Perkhidmatan/002 Proses Kemasukan Terimaan Barang - CEK FAILED.
Reason:
com.kms.katalon.core.exception.StepFailedException: Unable to click on object 'Object Repository/Perolehan/005 Kemasukan Terimaan/button_OK_Rekod_disimpan'
	at com.kms.katalon.core.keyword.internal.KeywordMain.stepFailed(KeywordMain.groovy:48)
	at com.kms.katalon.core.webui.keyword.internal.WebUIKeywordMain.stepFailed(WebUIKeywordMain.groovy:65)
	at com.kms.katalon.core.webui.keyword.internal.WebUIKeywordMain.runKeyword(WebUIKeywordMain.groovy:27)
	at com.kms.katalon.core.webui.keyword.builtin.ClickKeyword.click(ClickKeyword.groovy:86)
	at com.kms.katalon.core.webui.keyword.builtin.ClickKeyword.execute(ClickKeyword.groovy:67)
	at com.kms.katalon.core.keyword.internal.KeywordExecutor.executeKeywordForPlatform(KeywordExecutor.groovy:56)
	at com.kms.katalon.core.webui.keyword.WebUiBuiltInKeywords.click(WebUiBuiltInKeywords.groovy:616)
	at com.kms.katalon.core.webui.keyword.WebUiBuiltInKeywords$click$2.call(Unknown Source)
	at 002 Proses Kemasukan Terimaan Barang - CEK.run(002 Proses Kemasukan Terimaan Barang - CEK:137)
	at com.kms.katalon.core.main.ScriptEngine.run(ScriptEngine.java:194)
	at com.kms.katalon.core.main.ScriptEngine.runScriptAsRawText(ScriptEngine.java:119)
	at com.kms.katalon.core.main.TestCaseExecutor.runScript(TestCaseExecutor.java:331)
	at com.kms.katalon.core.main.TestCaseExecutor.doExecute(TestCaseExecutor.java:322)
	at com.kms.katalon.core.main.TestCaseExecutor.processExecutionPhase(TestCaseExecutor.java:301)
	at com.kms.katalon.core.main.TestCaseExecutor.accessMainPhase(TestCaseExecutor.java:293)
	at com.kms.katalon.core.main.TestCaseExecutor.execute(TestCaseExecutor.java:227)
	at com.kms.katalon.core.main.TestSuiteExecutor.accessTestCaseMainPhase(TestSuiteExecutor.java:129)
	at com.kms.katalon.core.main.TestSuiteExecutor.accessTestSuiteMainPhase(TestSuiteExecutor.java:112)
	at com.kms.katalon.core.main.TestSuiteExecutor.execute(TestSuiteExecutor.java:81)
	at com.kms.katalon.core.main.TestCaseMain.startTestSuite(TestCaseMain.java:157)
	at com.kms.katalon.core.main.TestCaseMain$startTestSuite$0.call(Unknown Source)
	at TempTestSuite1552355389149.run(TempTestSuite1552355389149.groovy:35)]]></system-out>
      <system-err><![CDATA[2019-03-12 09:49:57 - [TEST_SUITE][FAILED] - 02 Pesanan Tempatan Cara Bayaran CEK Dengan Pemfaktoran: Test Cases/Perolehan/005 Terimaan Barang Perkhidmatan/002 Proses Kemasukan Terimaan Barang - CEK FAILED.
Reason:
com.kms.katalon.core.exception.StepFailedException: Unable to click on object 'Object Repository/Perolehan/005 Kemasukan Terimaan/button_OK_Rekod_disimpan'
	at com.kms.katalon.core.keyword.internal.KeywordMain.stepFailed(KeywordMain.groovy:48)
	at com.kms.katalon.core.webui.keyword.internal.WebUIKeywordMain.stepFailed(WebUIKeywordMain.groovy:65)
	at com.kms.katalon.core.webui.keyword.internal.WebUIKeywordMain.runKeyword(WebUIKeywordMain.groovy:27)
	at com.kms.katalon.core.webui.keyword.builtin.ClickKeyword.click(ClickKeyword.groovy:86)
	at com.kms.katalon.core.webui.keyword.builtin.ClickKeyword.execute(ClickKeyword.groovy:67)
	at com.kms.katalon.core.keyword.internal.KeywordExecutor.executeKeywordForPlatform(KeywordExecutor.groovy:56)
	at com.kms.katalon.core.webui.keyword.WebUiBuiltInKeywords.click(WebUiBuiltInKeywords.groovy:616)
	at com.kms.katalon.core.webui.keyword.WebUiBuiltInKeywords$click$2.call(Unknown Source)
	at 002 Proses Kemasukan Terimaan Barang - CEK.run(002 Proses Kemasukan Terimaan Barang - CEK:137)
	at com.kms.katalon.core.main.ScriptEngine.run(ScriptEngine.java:194)
	at com.kms.katalon.core.main.ScriptEngine.runScriptAsRawText(ScriptEngine.java:119)
	at com.kms.katalon.core.main.TestCaseExecutor.runScript(TestCaseExecutor.java:331)
	at com.kms.katalon.core.main.TestCaseExecutor.doExecute(TestCaseExecutor.java:322)
	at com.kms.katalon.core.main.TestCaseExecutor.processExecutionPhase(TestCaseExecutor.java:301)
	at com.kms.katalon.core.main.TestCaseExecutor.accessMainPhase(TestCaseExecutor.java:293)
	at com.kms.katalon.core.main.TestCaseExecutor.execute(TestCaseExecutor.java:227)
	at com.kms.katalon.core.main.TestSuiteExecutor.accessTestCaseMainPhase(TestSuiteExecutor.java:129)
	at com.kms.katalon.core.main.TestSuiteExecutor.accessTestSuiteMainPhase(TestSuiteExecutor.java:112)
	at com.kms.katalon.core.main.TestSuiteExecutor.execute(TestSuiteExecutor.java:81)
	at com.kms.katalon.core.main.TestCaseMain.startTestSuite(TestCaseMain.java:157)
	at com.kms.katalon.core.main.TestCaseMain$startTestSuite$0.call(Unknown Source)
	at TempTestSuite1552355389149.run(TempTestSuite1552355389149.groovy:35)]]></system-err>
   </testsuite>
</testsuites>
